<?xml version="1.0" encoding="UTF-8"?>
<testsuites name="S1-S4" time="3060.408" tests="23" failures="0" errors="0">
   <testsuite name="S1-S4" tests="23" failures="0" errors="0" time="3060.408" skipped="0" timestamp="2022-03-30 15:01:18" hostname="savir - savirarohwina" id="Test Suites/TS_4Scenario/S1-S4">
      <properties>
         <property name="deviceName" value=""/>
         <property name="devicePlatform" value=""/>
         <property name="logFolder" value="D:\\PROJECT\\BCA\\BCAF_MEAPP_i3\\BCAF_MEAPP_i3\\Reports\\20220330_150108\\TS_4Scenario\\S1-S4\\20220330_150108"/>
         <property name="logFiles" value="D:\\PROJECT\\BCA\\BCAF_MEAPP_i3\\BCAF_MEAPP_i3\\Reports\\20220330_150108\\TS_4Scenario\\S1-S4\\20220330_150108\\execution0.log"/>
         <property name="attachments" value="D:\PROJECT\BCA\BCAF_MEAPP_i3\BCAF_MEAPP_i3\Screenshoot\Sprint4\Web\keyes\keyes-scenario-1-aplikasi-baru-login.png, D:\PROJECT\BCA\BCAF_MEAPP_i3\BCAF_MEAPP_i3\Screenshoot\Sprint4\Web\keyes\keyes-scenario-1-memilih-button-transaksi-dan-aplikasi-baru.png, D:\PROJECT\BCA\BCAF_MEAPP_i3\BCAF_MEAPP_i3\Screenshoot\Sprint4\Web\keyes\keyes-scenario-1-input-badan-usaha.png, D:\PROJECT\BCA\BCAF_MEAPP_i3\BCAF_MEAPP_i3\Screenshoot\Sprint4\Web\keyes\keyes-scenario-1-page-sebelum-input-capture.png, D:\PROJECT\BCA\BCAF_MEAPP_i3\BCAF_MEAPP_i3\Screenshoot\Sprint4\Web\keyes\keyes-scenario-1-Capture-npwp-siup-tdp.png, D:\PROJECT\BCA\BCAF_MEAPP_i3\BCAF_MEAPP_i3\Screenshoot\Sprint4\Web\keyes\keyes-scenario-1-Memilih-Radio-Button-Perubahan-Data.png, D:\PROJECT\BCA\BCAF_MEAPP_i3\BCAF_MEAPP_i3\Screenshoot\Sprint4\Web\keyes\keyes-scenario-1-Masuk-aplikasi-matching.png, D:\PROJECT\BCA\BCAF_MEAPP_i3\BCAF_MEAPP_i3\Screenshoot\Sprint4\Web\keyes\keyes-scenario-1-Berhasil-dilakukan-inisiasi-konsumen-baru.png, D:\PROJECT\BCA\BCAF_MEAPP_i3\BCAF_MEAPP_i3\Screenshoot\Sprint4\Web\keyes\keyes-scenario-1-masuk-submenu-surat-keterangan-domisili.png, D:\PROJECT\BCA\BCAF_MEAPP_i3\BCAF_MEAPP_i3\Screenshoot\Sprint4\Web\keyes\keyes-scenario-1-capture-surat-keterangan-domisili-berhasil.png, D:\PROJECT\BCA\BCAF_MEAPP_i3\BCAF_MEAPP_i3\Screenshoot\Sprint4\Web\keyes\keyes-scenario-1-Masuk-submenu-FAP.png, D:\PROJECT\BCA\BCAF_MEAPP_i3\BCAF_MEAPP_i3\Screenshoot\Sprint4\Web\keyes\keyes-scenario-1-Input-data-FAP.png, D:\PROJECT\BCA\BCAF_MEAPP_i3\BCAF_MEAPP_i3\Screenshoot\Sprint4\Web\keyes\keyes-scenario-1-Input-data-alamat-pengirim-surat.png, D:\PROJECT\BCA\BCAF_MEAPP_i3\BCAF_MEAPP_i3\Screenshoot\Sprint4\Web\keyes\keyes-scenario-1-Input-data-pengurus.png, D:\PROJECT\BCA\BCAF_MEAPP_i3\BCAF_MEAPP_i3\Screenshoot\Sprint4\Web\keyes\keyes-scenario-1-Masuk-submenu-data-pengurus-1.png, D:\PROJECT\BCA\BCAF_MEAPP_i3\BCAF_MEAPP_i3\Screenshoot\Sprint4\Web\keyes\keyes-scenario-1-Berhasil-input-otomatis-data-pengurus-berdasarkan-data-capture-ktp-pengurus-yang-di-capture.png, D:\PROJECT\BCA\BCAF_MEAPP_i3\BCAF_MEAPP_i3\Screenshoot\Sprint4\Web\keyes\keyes-scenario-1-Berhasil-input-otomatis-data-pengurus-1.png, D:\PROJECT\BCA\BCAF_MEAPP_i3\BCAF_MEAPP_i3\Screenshoot\Sprint4\Web\keyes\keyes-scenario-1-Masuk-Submenu-pemegang-saham-1.png, D:\PROJECT\BCA\BCAF_MEAPP_i3\BCAF_MEAPP_i3\Screenshoot\Sprint4\Web\keyes\keyes-scenario-1-Memilih-radio-button-pemegang-saham.png, D:\PROJECT\BCA\BCAF_MEAPP_i3\BCAF_MEAPP_i3\Screenshoot\Sprint4\Web\keyes\keyes-scenario-1-Masuk-Submenu-pemegang-saham-1.png, D:\PROJECT\BCA\BCAF_MEAPP_i3\BCAF_MEAPP_i3\Screenshoot\Sprint4\Web\keyes\keyes-scenario-1-Berhasil-pemegang-saham-1.png, D:\PROJECT\BCA\BCAF_MEAPP_i3\BCAF_MEAPP_i3\Screenshoot\Sprint4\Web\keyes\keyes-scenario-1-Masuk-Submenu-financial.png, D:\PROJECT\BCA\BCAF_MEAPP_i3\BCAF_MEAPP_i3\Screenshoot\Sprint4\Web\keyes\keyes-scenario-1-berhasil-input-capture-laporan-keuangan.png, D:\PROJECT\BCA\BCAF_MEAPP_i3\BCAF_MEAPP_i3\Screenshoot\Sprint4\Web\keyes\keyes-scenario-1-behasil-input-capture-laporan-bukti-kepemilikan.png, D:\PROJECT\BCA\BCAF_MEAPP_i3\BCAF_MEAPP_i3\Screenshoot\Sprint4\Web\keyes\keyes-scenario-1-berhasil-input-branch-dan-account-10digit-pada-submenu-financial.png, D:\PROJECT\BCA\BCAF_MEAPP_i3\BCAF_MEAPP_i3\Screenshoot\Sprint4\Web\keyes\keyes-scenario-1-berhasil-input-contact-person.png, D:\PROJECT\BCA\BCAF_MEAPP_i3\BCAF_MEAPP_i3\Screenshoot\Sprint4\Web\keyes\keyes-scenario-1-Masuk-menu-other-document.png, D:\PROJECT\BCA\BCAF_MEAPP_i3\BCAF_MEAPP_i3\Screenshoot\Sprint4\Web\keyes\keyes-scenario-1-masuk-menu-collateral-dan-loan.png, D:\PROJECT\BCA\BCAF_MEAPP_i3\BCAF_MEAPP_i3\Screenshoot\Sprint4\Web\keyes\keyes-scenario-1-input-jenis-pengajuan.png, D:\PROJECT\BCA\BCAF_MEAPP_i3\BCAF_MEAPP_i3\Screenshoot\Sprint4\Web\keyes\keyes-scenario-1-input-tujuan-pengajuan.png, D:\PROJECT\BCA\BCAF_MEAPP_i3\BCAF_MEAPP_i3\Screenshoot\Sprint4\Web\keyes\keyes-scenario-1-input-payment.png, D:\PROJECT\BCA\BCAF_MEAPP_i3\BCAF_MEAPP_i3\Screenshoot\Sprint4\Web\keyes\keyes-scenario-1-input-data-autodebit.png, D:\PROJECT\BCA\BCAF_MEAPP_i3\BCAF_MEAPP_i3\Screenshoot\Sprint4\Web\keyes\keyes-scenario-1-masuk-submenu-input-mutasi-rekening.png, D:\PROJECT\BCA\BCAF_MEAPP_i3\BCAF_MEAPP_i3\Screenshoot\Sprint4\Web\keyes\keyes-scenario-1-sebelum-input-data-mutasi-rekening.png, D:\PROJECT\BCA\BCAF_MEAPP_i3\BCAF_MEAPP_i3\Screenshoot\Sprint4\Web\keyes\keyes-scenario-1-input-data-mutasi-rekening.png, D:\PROJECT\BCA\BCAF_MEAPP_i3\BCAF_MEAPP_i3\Screenshoot\Sprint4\Web\keyes\keyes-scenario-1-berhasil-mengisi-data-information.png, D:\PROJECT\BCA\BCAF_MEAPP_i3\BCAF_MEAPP_i3\Screenshoot\Sprint4\Web\keyes\keyes-scenario-1-masuk-halaman-collateral-loan-vehicle.png, D:\PROJECT\BCA\BCAF_MEAPP_i3\BCAF_MEAPP_i3\Screenshoot\Sprint4\Web\keyes\keyes-scenario-1-masuk-halaman-collateral-loan-vehicle.png, D:\PROJECT\BCA\BCAF_MEAPP_i3\BCAF_MEAPP_i3\Screenshoot\Sprint4\Web\keyes\keyes-scenario-1-halaman-input-data-vehicle.png, D:\PROJECT\BCA\BCAF_MEAPP_i3\BCAF_MEAPP_i3\Screenshoot\Sprint4\Web\keyes\keyes-scenario-1-berhasil-input-data-vehicle.png, D:\PROJECT\BCA\BCAF_MEAPP_i3\BCAF_MEAPP_i3\Screenshoot\Sprint4\Web\keyes\keyes-scenario-1-halaman-input-loan-data.png, D:\PROJECT\BCA\BCAF_MEAPP_i3\BCAF_MEAPP_i3\Screenshoot\Sprint4\Web\keyes\keyes-scenario-1-berhasil-input-data-loan.png, D:\PROJECT\BCA\BCAF_MEAPP_i3\BCAF_MEAPP_i3\Screenshoot\Sprint4\Web\keyes\keyes-scenario-1-halaman-input-insurance.png, D:\PROJECT\BCA\BCAF_MEAPP_i3\BCAF_MEAPP_i3\Screenshoot\Sprint4\Web\keyes\keyes-scenario-1-halaman-input-life-insurance.png, D:\PROJECT\BCA\BCAF_MEAPP_i3\BCAF_MEAPP_i3\Screenshoot\Sprint4\Web\keyes\keyes-scenario-1-berhasil-input-data-insurance.png, D:\PROJECT\BCA\BCAF_MEAPP_i3\BCAF_MEAPP_i3\Screenshoot\Sprint4\Web\keyes\keyes-scenario-1-submenu-notes.png, D:\PROJECT\BCA\BCAF_MEAPP_i3\BCAF_MEAPP_i3\Screenshoot\Sprint4\Web\keyes\keyes-scenario-1-submenu-notes.png, D:\PROJECT\BCA\BCAF_MEAPP_i3\BCAF_MEAPP_i3\Screenshoot\Sprint4\Web\keyes\keyes-scenario-1-pop-up-add-kendaraan.png, D:\PROJECT\BCA\BCAF_MEAPP_i3\BCAF_MEAPP_i3\Screenshoot\Sprint4\Web\keyes\keyes-scenario-1-berhasil-add-kendaraan.png, D:\PROJECT\BCA\BCAF_MEAPP_i3\BCAF_MEAPP_i3\Screenshoot\Sprint4\Web\keyes\keyes-scenario-1-pop-up-summary-total.png, D:\PROJECT\BCA\BCAF_MEAPP_i3\BCAF_MEAPP_i3\Screenshoot\Sprint4\Web\keyes\keyes-scenario-1-masuk-menu-penyimpangan.png, D:\PROJECT\BCA\BCAF_MEAPP_i3\BCAF_MEAPP_i3\Screenshoot\Sprint4\Web\keyes\keyes-scenario-1-input-penyimpangan.png, D:\PROJECT\BCA\BCAF_MEAPP_i3\BCAF_MEAPP_i3\Screenshoot\Sprint4\Web\keyes\keyes-scenario-1-input-penyimpangan-selesai.png, D:\PROJECT\BCA\BCAF_MEAPP_i3\BCAF_MEAPP_i3\Screenshoot\Sprint4\Web\keyes\keyes-scenario-1-berhasil-proceed.png, D:\PROJECT\BCA\BCAF_MEAPP_i3\BCAF_MEAPP_i3\Screenshoot\Sprint4\Web\keyes\keyes-scenario-2-aplikasi-baru-login.png, D:\PROJECT\BCA\BCAF_MEAPP_i3\BCAF_MEAPP_i3\Screenshoot\Sprint4\Web\keyes\keyes-scenario-2-memilih-button-transaksi-dan-aplikasi-baru.png, D:\PROJECT\BCA\BCAF_MEAPP_i3\BCAF_MEAPP_i3\Screenshoot\Sprint4\Web\keyes\keyes-scenario-2-input-badan-usaha.png, D:\PROJECT\BCA\BCAF_MEAPP_i3\BCAF_MEAPP_i3\Screenshoot\Sprint4\Web\keyes\keyes-scenario-2-page-sebelum-input-capture.png, D:\PROJECT\BCA\BCAF_MEAPP_i3\BCAF_MEAPP_i3\Screenshoot\Sprint4\Web\keyes\keyes-scenario-2-Capture-npwp-siup-tdp.png, D:\PROJECT\BCA\BCAF_MEAPP_i3\BCAF_MEAPP_i3\Screenshoot\Sprint4\Web\keyes\keyes-scenario-2-Memilih-Radio-Button-Perubahan-Data.png, D:\PROJECT\BCA\BCAF_MEAPP_i3\BCAF_MEAPP_i3\Screenshoot\Sprint4\Web\keyes\keyes-scenario-2-Masuk-aplikasi-matching.png, D:\PROJECT\BCA\BCAF_MEAPP_i3\BCAF_MEAPP_i3\Screenshoot\Sprint4\Web\keyes\keyes-scenario-2-Berhasil-dilakukan-inisiasi-konsumen-baru.png, D:\PROJECT\BCA\BCAF_MEAPP_i3\BCAF_MEAPP_i3\Screenshoot\Sprint4\Web\keyes\keyes-scenario-2-masuk-submenu-surat-keterangan-domisili.png, D:\PROJECT\BCA\BCAF_MEAPP_i3\BCAF_MEAPP_i3\Screenshoot\Sprint4\Web\keyes\keyes-scenario-2-capture-surat-keterangan-domisili-berhasil.png, D:\PROJECT\BCA\BCAF_MEAPP_i3\BCAF_MEAPP_i3\Screenshoot\Sprint4\Web\keyes\keyes-scenario-2-Masuk-submenu-FAP.png, D:\PROJECT\BCA\BCAF_MEAPP_i3\BCAF_MEAPP_i3\Screenshoot\Sprint4\Web\keyes\keyes-scenario-2-Input-data-FAP.png, D:\\PROJECT\\BCA\\BCAF_MEAPP_i3\\BCAF_MEAPP_i3\\Reports\\20220330_150108\\TS_4Scenario\\S1-S4\\20220330_150108\\1648628239701.png, D:\PROJECT\BCA\BCAF_MEAPP_i3\BCAF_MEAPP_i3\Screenshoot\Sprint4\Web\keyes\keyes-scenario-2-Input-data-alamat-pengirim-surat.png, D:\PROJECT\BCA\BCAF_MEAPP_i3\BCAF_MEAPP_i3\Screenshoot\Sprint4\Web\keyes\keyes-scenario-2-Input-data-pengurus.png, D:\PROJECT\BCA\BCAF_MEAPP_i3\BCAF_MEAPP_i3\Screenshoot\Sprint4\Web\keyes\keyes-scenario-2-Masuk-submenu-data-pengurus-1.png, D:\PROJECT\BCA\BCAF_MEAPP_i3\BCAF_MEAPP_i3\Screenshoot\Sprint4\Web\keyes\keyes-scenario-2-Berhasil-input-otomatis-data-pengurus-berdasarkan-data-capture-ktp-pengurus-yang-di-capture.png, D:\PROJECT\BCA\BCAF_MEAPP_i3\BCAF_MEAPP_i3\Screenshoot\Sprint4\Web\keyes\keyes-scenario-2-Berhasil-input-otomatis-data-pengurus-1.png, D:\PROJECT\BCA\BCAF_MEAPP_i3\BCAF_MEAPP_i3\Screenshoot\Sprint4\Web\keyes\keyes-scenario-2-Masuk-Submenu-pemegang-saham-1.png, D:\PROJECT\BCA\BCAF_MEAPP_i3\BCAF_MEAPP_i3\Screenshoot\Sprint4\Web\keyes\keyes-scenario-2-Memilih-radio-button-pemegang-saham.png, D:\PROJECT\BCA\BCAF_MEAPP_i3\BCAF_MEAPP_i3\Screenshoot\Sprint4\Web\keyes\keyes-scenario-2-Masuk-Submenu-pemegang-saham-1.png, D:\PROJECT\BCA\BCAF_MEAPP_i3\BCAF_MEAPP_i3\Screenshoot\Sprint4\Web\keyes\keyes-scenario-2-Berhasil-pemegang-saham-1.png, D:\PROJECT\BCA\BCAF_MEAPP_i3\BCAF_MEAPP_i3\Screenshoot\Sprint4\Web\keyes\keyes-scenario-2-Masuk-Submenu-financial.png, D:\PROJECT\BCA\BCAF_MEAPP_i3\BCAF_MEAPP_i3\Screenshoot\Sprint4\Web\keyes\keyes-scenario-2-berhasil-input-capture-laporan-keuangan.png, D:\PROJECT\BCA\BCAF_MEAPP_i3\BCAF_MEAPP_i3\Screenshoot\Sprint4\Web\keyes\keyes-scenario-2-behasil-input-capture-laporan-bukti-kepemilikan.png, D:\PROJECT\BCA\BCAF_MEAPP_i3\BCAF_MEAPP_i3\Screenshoot\Sprint4\Web\keyes\keyes-scenario-2-berhasil-input-branch-dan-account-10digit-pada-submenu-financial.png, D:\PROJECT\BCA\BCAF_MEAPP_i3\BCAF_MEAPP_i3\Screenshoot\Sprint4\Web\keyes\keyes-scenario-2-berhasil-input-contact-person.png, D:\PROJECT\BCA\BCAF_MEAPP_i3\BCAF_MEAPP_i3\Screenshoot\Sprint4\Web\keyes\keyes-scenario-2-Masuk-menu-other-document.png, D:\PROJECT\BCA\BCAF_MEAPP_i3\BCAF_MEAPP_i3\Screenshoot\Sprint4\Web\keyes\keyes-scenario-2-masuk-menu-collateral-dan-loan.png, D:\PROJECT\BCA\BCAF_MEAPP_i3\BCAF_MEAPP_i3\Screenshoot\Sprint4\Web\keyes\keyes-scenario-2-input-jenis-pengajuan.png, D:\PROJECT\BCA\BCAF_MEAPP_i3\BCAF_MEAPP_i3\Screenshoot\Sprint4\Web\keyes\keyes-scenario-2-input-tujuan-pengajuan.png, D:\PROJECT\BCA\BCAF_MEAPP_i3\BCAF_MEAPP_i3\Screenshoot\Sprint4\Web\keyes\keyes-scenario-2-input-payment.png, D:\PROJECT\BCA\BCAF_MEAPP_i3\BCAF_MEAPP_i3\Screenshoot\Sprint4\Web\keyes\keyes-scenario-2-input-data-autodebit.png, D:\PROJECT\BCA\BCAF_MEAPP_i3\BCAF_MEAPP_i3\Screenshoot\Sprint4\Web\keyes\keyes-scenario-2-masuk-submenu-input-mutasi-rekening.png, D:\PROJECT\BCA\BCAF_MEAPP_i3\BCAF_MEAPP_i3\Screenshoot\Sprint4\Web\keyes\keyes-scenario-2-sebelum-input-data-mutasi-rekening.png, D:\PROJECT\BCA\BCAF_MEAPP_i3\BCAF_MEAPP_i3\Screenshoot\Sprint4\Web\keyes\keyes-scenario-2-input-data-mutasi-rekening.png, D:\PROJECT\BCA\BCAF_MEAPP_i3\BCAF_MEAPP_i3\Screenshoot\Sprint4\Web\keyes\keyes-scenario-2-berhasil-mengisi-data-information.png, D:\PROJECT\BCA\BCAF_MEAPP_i3\BCAF_MEAPP_i3\Screenshoot\Sprint4\Web\keyes\keyes-scenario-2-masuk-halaman-collateral-loan-vehicle.png, D:\PROJECT\BCA\BCAF_MEAPP_i3\BCAF_MEAPP_i3\Screenshoot\Sprint4\Web\keyes\keyes-scenario-2-masuk-halaman-collateral-loan-vehicle.png, D:\PROJECT\BCA\BCAF_MEAPP_i3\BCAF_MEAPP_i3\Screenshoot\Sprint4\Web\keyes\keyes-scenario-2-halaman-input-data-vehicle.png, D:\PROJECT\BCA\BCAF_MEAPP_i3\BCAF_MEAPP_i3\Screenshoot\Sprint4\Web\keyes\keyes-scenario-2-berhasil-input-data-vehicle.png, D:\PROJECT\BCA\BCAF_MEAPP_i3\BCAF_MEAPP_i3\Screenshoot\Sprint4\Web\keyes\keyes-scenario-2-halaman-input-loan-data.png, D:\PROJECT\BCA\BCAF_MEAPP_i3\BCAF_MEAPP_i3\Screenshoot\Sprint4\Web\keyes\keyes-scenario-2-berhasil-input-data-loan.png, D:\PROJECT\BCA\BCAF_MEAPP_i3\BCAF_MEAPP_i3\Screenshoot\Sprint4\Web\keyes\keyes-scenario-2-halaman-input-insurance.png, D:\PROJECT\BCA\BCAF_MEAPP_i3\BCAF_MEAPP_i3\Screenshoot\Sprint4\Web\keyes\keyes-scenario-2-halaman-input-life-insurance.png, D:\PROJECT\BCA\BCAF_MEAPP_i3\BCAF_MEAPP_i3\Screenshoot\Sprint4\Web\keyes\keyes-scenario-2-berhasil-input-data-insurance.png, D:\PROJECT\BCA\BCAF_MEAPP_i3\BCAF_MEAPP_i3\Screenshoot\Sprint4\Web\keyes\keyes-scenario-2-submenu-notes.png, D:\PROJECT\BCA\BCAF_MEAPP_i3\BCAF_MEAPP_i3\Screenshoot\Sprint4\Web\keyes\keyes-scenario-2-submenu-notes.png, D:\PROJECT\BCA\BCAF_MEAPP_i3\BCAF_MEAPP_i3\Screenshoot\Sprint4\Web\keyes\keyes-scenario-2-pop-up-add-kendaraan.png, D:\PROJECT\BCA\BCAF_MEAPP_i3\BCAF_MEAPP_i3\Screenshoot\Sprint4\Web\keyes\keyes-scenario-2-berhasil-add-kendaraan.png, D:\PROJECT\BCA\BCAF_MEAPP_i3\BCAF_MEAPP_i3\Screenshoot\Sprint4\Web\keyes\keyes-scenario-2-pop-up-summary-total.png, D:\PROJECT\BCA\BCAF_MEAPP_i3\BCAF_MEAPP_i3\Screenshoot\Sprint4\Web\keyes\keyes-scenario-2-masuk-menu-penyimpangan.png, D:\PROJECT\BCA\BCAF_MEAPP_i3\BCAF_MEAPP_i3\Screenshoot\Sprint4\Web\keyes\keyes-scenario-2-input-penyimpangan.png, D:\PROJECT\BCA\BCAF_MEAPP_i3\BCAF_MEAPP_i3\Screenshoot\Sprint4\Web\keyes\keyes-scenario-2-input-penyimpangan-selesai.png, D:\PROJECT\BCA\BCAF_MEAPP_i3\BCAF_MEAPP_i3\Screenshoot\Sprint4\Web\keyes\keyes-scenario-2-berhasil-proceed.png, D:\PROJECT\BCA\BCAF_MEAPP_i3\BCAF_MEAPP_i3\Screenshoot\Sprint4\Web\keyes\keyes-scenario-2-menu-inquiry-status.png, D:\PROJECT\BCA\BCAF_MEAPP_i3\BCAF_MEAPP_i3\Screenshoot\Sprint4\Web\keyes\keyes-scenario-2-input-search-inquiry-status-data-pengajuan-1.png, D:\PROJECT\BCA\BCAF_MEAPP_i3\BCAF_MEAPP_i3\Screenshoot\Sprint4\Web\keyes\keyes-scenario-2-input-search-inquiry-status-data-pengajuan-2.png, D:\PROJECT\BCA\BCAF_MEAPP_i3\BCAF_MEAPP_i3\Screenshoot\Sprint4\Web\keyes\keyes-scenario-3-aplikasi-baru-login.png, D:\PROJECT\BCA\BCAF_MEAPP_i3\BCAF_MEAPP_i3\Screenshoot\Sprint4\Web\keyes\keyes-scenario-3-memilih-button-transaksi-dan-aplikasi-baru.png, D:\PROJECT\BCA\BCAF_MEAPP_i3\BCAF_MEAPP_i3\Screenshoot\Sprint4\Web\keyes\keyes-scenario-3-input-badan-usaha.png, D:\PROJECT\BCA\BCAF_MEAPP_i3\BCAF_MEAPP_i3\Screenshoot\Sprint4\Web\keyes\keyes-scenario-3-page-sebelum-input-capture.png, D:\PROJECT\BCA\BCAF_MEAPP_i3\BCAF_MEAPP_i3\Screenshoot\Sprint4\Web\keyes\keyes-scenario-3-Capture-npwp-siup-tdp.png, D:\PROJECT\BCA\BCAF_MEAPP_i3\BCAF_MEAPP_i3\Screenshoot\Sprint4\Web\keyes\keyes-scenario-3-Memilih-Radio-Button-Perubahan-Data.png, D:\PROJECT\BCA\BCAF_MEAPP_i3\BCAF_MEAPP_i3\Screenshoot\Sprint4\Web\keyes\keyes-scenario-3-Masuk-aplikasi-matching.png, D:\PROJECT\BCA\BCAF_MEAPP_i3\BCAF_MEAPP_i3\Screenshoot\Sprint4\Web\keyes\keyes-scenario-3-Berhasil-dilakukan-inisiasi-konsumen-baru.png, D:\PROJECT\BCA\BCAF_MEAPP_i3\BCAF_MEAPP_i3\Screenshoot\Sprint4\Web\keyes\keyes-scenario-3-masuk-submenu-surat-keterangan-domisili.png, D:\PROJECT\BCA\BCAF_MEAPP_i3\BCAF_MEAPP_i3\Screenshoot\Sprint4\Web\keyes\keyes-scenario-3-capture-surat-keterangan-domisili-berhasil.png, D:\PROJECT\BCA\BCAF_MEAPP_i3\BCAF_MEAPP_i3\Screenshoot\Sprint4\Web\keyes\keyes-scenario-3-Masuk-submenu-FAP.png, D:\PROJECT\BCA\BCAF_MEAPP_i3\BCAF_MEAPP_i3\Screenshoot\Sprint4\Web\keyes\keyes-scenario-3-Input-data-FAP.png, D:\\PROJECT\\BCA\\BCAF_MEAPP_i3\\BCAF_MEAPP_i3\\Reports\\20220330_150108\\TS_4Scenario\\S1-S4\\20220330_150108\\1648628965282.png, D:\PROJECT\BCA\BCAF_MEAPP_i3\BCAF_MEAPP_i3\Screenshoot\Sprint4\Web\keyes\keyes-scenario-3-Input-data-alamat-pengirim-surat.png, D:\PROJECT\BCA\BCAF_MEAPP_i3\BCAF_MEAPP_i3\Screenshoot\Sprint4\Web\keyes\keyes-scenario-3-Input-data-pengurus.png, D:\PROJECT\BCA\BCAF_MEAPP_i3\BCAF_MEAPP_i3\Screenshoot\Sprint4\Web\keyes\keyes-scenario-3-Masuk-submenu-data-pengurus-1.png, D:\PROJECT\BCA\BCAF_MEAPP_i3\BCAF_MEAPP_i3\Screenshoot\Sprint4\Web\keyes\keyes-scenario-3-Berhasil-input-otomatis-data-pengurus-berdasarkan-data-capture-ktp-pengurus-yang-di-capture.png, D:\PROJECT\BCA\BCAF_MEAPP_i3\BCAF_MEAPP_i3\Screenshoot\Sprint4\Web\keyes\keyes-scenario-3-Berhasil-input-otomatis-data-pengurus-1.png, D:\PROJECT\BCA\BCAF_MEAPP_i3\BCAF_MEAPP_i3\Screenshoot\Sprint4\Web\keyes\keyes-scenario-3-Masuk-Submenu-pemegang-saham-1.png, D:\PROJECT\BCA\BCAF_MEAPP_i3\BCAF_MEAPP_i3\Screenshoot\Sprint4\Web\keyes\keyes-scenario-3-Memilih-radio-button-pemegang-saham.png, D:\PROJECT\BCA\BCAF_MEAPP_i3\BCAF_MEAPP_i3\Screenshoot\Sprint4\Web\keyes\keyes-scenario-3-Masuk-Submenu-pemegang-saham-1.png, D:\PROJECT\BCA\BCAF_MEAPP_i3\BCAF_MEAPP_i3\Screenshoot\Sprint4\Web\keyes\keyes-scenario-3-Berhasil-pemegang-saham-1.png, D:\PROJECT\BCA\BCAF_MEAPP_i3\BCAF_MEAPP_i3\Screenshoot\Sprint4\Web\keyes\keyes-scenario-3-Masuk-Submenu-financial.png, D:\PROJECT\BCA\BCAF_MEAPP_i3\BCAF_MEAPP_i3\Screenshoot\Sprint4\Web\keyes\keyes-scenario-3-berhasil-input-capture-laporan-keuangan.png, D:\PROJECT\BCA\BCAF_MEAPP_i3\BCAF_MEAPP_i3\Screenshoot\Sprint4\Web\keyes\keyes-scenario-3-behasil-input-capture-laporan-bukti-kepemilikan.png, D:\PROJECT\BCA\BCAF_MEAPP_i3\BCAF_MEAPP_i3\Screenshoot\Sprint4\Web\keyes\keyes-scenario-3-berhasil-input-branch-dan-account-10digit-pada-submenu-financial.png, D:\PROJECT\BCA\BCAF_MEAPP_i3\BCAF_MEAPP_i3\Screenshoot\Sprint4\Web\keyes\keyes-scenario-3-berhasil-input-contact-person.png, D:\PROJECT\BCA\BCAF_MEAPP_i3\BCAF_MEAPP_i3\Screenshoot\Sprint4\Web\keyes\keyes-scenario-3-Masuk-menu-other-document.png, D:\PROJECT\BCA\BCAF_MEAPP_i3\BCAF_MEAPP_i3\Screenshoot\Sprint4\Web\keyes\keyes-scenario-3-masuk-menu-collateral-dan-loan.png, D:\PROJECT\BCA\BCAF_MEAPP_i3\BCAF_MEAPP_i3\Screenshoot\Sprint4\Web\keyes\keyes-scenario-3-input-jenis-pengajuan.png, D:\PROJECT\BCA\BCAF_MEAPP_i3\BCAF_MEAPP_i3\Screenshoot\Sprint4\Web\keyes\keyes-scenario-3-input-tujuan-pengajuan.png, D:\PROJECT\BCA\BCAF_MEAPP_i3\BCAF_MEAPP_i3\Screenshoot\Sprint4\Web\keyes\keyes-scenario-3-input-payment.png, D:\PROJECT\BCA\BCAF_MEAPP_i3\BCAF_MEAPP_i3\Screenshoot\Sprint4\Web\keyes\keyes-scenario-3-input-data-autodebit.png, D:\PROJECT\BCA\BCAF_MEAPP_i3\BCAF_MEAPP_i3\Screenshoot\Sprint4\Web\keyes\keyes-scenario-3-masuk-submenu-input-mutasi-rekening.png, D:\PROJECT\BCA\BCAF_MEAPP_i3\BCAF_MEAPP_i3\Screenshoot\Sprint4\Web\keyes\keyes-scenario-3-sebelum-input-data-mutasi-rekening.png, D:\PROJECT\BCA\BCAF_MEAPP_i3\BCAF_MEAPP_i3\Screenshoot\Sprint4\Web\keyes\keyes-scenario-3-input-data-mutasi-rekening.png, D:\PROJECT\BCA\BCAF_MEAPP_i3\BCAF_MEAPP_i3\Screenshoot\Sprint4\Web\keyes\keyes-scenario-3-berhasil-mengisi-data-information.png, D:\PROJECT\BCA\BCAF_MEAPP_i3\BCAF_MEAPP_i3\Screenshoot\Sprint4\Web\keyes\keyes-scenario-3-masuk-halaman-collateral-loan-vehicle.png, D:\PROJECT\BCA\BCAF_MEAPP_i3\BCAF_MEAPP_i3\Screenshoot\Sprint4\Web\keyes\keyes-scenario-3-masuk-halaman-collateral-loan-vehicle.png, D:\PROJECT\BCA\BCAF_MEAPP_i3\BCAF_MEAPP_i3\Screenshoot\Sprint4\Web\keyes\keyes-scenario-3-halaman-input-data-vehicle.png, D:\PROJECT\BCA\BCAF_MEAPP_i3\BCAF_MEAPP_i3\Screenshoot\Sprint4\Web\keyes\keyes-scenario-3-berhasil-input-data-vehicle.png, D:\PROJECT\BCA\BCAF_MEAPP_i3\BCAF_MEAPP_i3\Screenshoot\Sprint4\Web\keyes\keyes-scenario-3-halaman-input-loan-data.png, D:\PROJECT\BCA\BCAF_MEAPP_i3\BCAF_MEAPP_i3\Screenshoot\Sprint4\Web\keyes\keyes-scenario-3-berhasil-input-data-loan.png, D:\PROJECT\BCA\BCAF_MEAPP_i3\BCAF_MEAPP_i3\Screenshoot\Sprint4\Web\keyes\keyes-scenario-3-halaman-input-insurance.png, D:\PROJECT\BCA\BCAF_MEAPP_i3\BCAF_MEAPP_i3\Screenshoot\Sprint4\Web\keyes\keyes-scenario-3-halaman-input-life-insurance.png, D:\PROJECT\BCA\BCAF_MEAPP_i3\BCAF_MEAPP_i3\Screenshoot\Sprint4\Web\keyes\keyes-scenario-3-berhasil-input-data-insurance.png, D:\PROJECT\BCA\BCAF_MEAPP_i3\BCAF_MEAPP_i3\Screenshoot\Sprint4\Web\keyes\keyes-scenario-3-submenu-notes.png, D:\PROJECT\BCA\BCAF_MEAPP_i3\BCAF_MEAPP_i3\Screenshoot\Sprint4\Web\keyes\keyes-scenario-3-submenu-notes.png, D:\PROJECT\BCA\BCAF_MEAPP_i3\BCAF_MEAPP_i3\Screenshoot\Sprint4\Web\keyes\keyes-scenario-3-pop-up-add-kendaraan.png, D:\PROJECT\BCA\BCAF_MEAPP_i3\BCAF_MEAPP_i3\Screenshoot\Sprint4\Web\keyes\keyes-scenario-3-berhasil-add-kendaraan.png, D:\PROJECT\BCA\BCAF_MEAPP_i3\BCAF_MEAPP_i3\Screenshoot\Sprint4\Web\keyes\keyes-scenario-3-pop-up-summary-total.png, D:\PROJECT\BCA\BCAF_MEAPP_i3\BCAF_MEAPP_i3\Screenshoot\Sprint4\Web\keyes\keyes-scenario-3-masuk-menu-penyimpangan.png, D:\PROJECT\BCA\BCAF_MEAPP_i3\BCAF_MEAPP_i3\Screenshoot\Sprint4\Web\keyes\keyes-scenario-3-input-penyimpangan.png, D:\PROJECT\BCA\BCAF_MEAPP_i3\BCAF_MEAPP_i3\Screenshoot\Sprint4\Web\keyes\keyes-scenario-3-input-penyimpangan-selesai.png, D:\PROJECT\BCA\BCAF_MEAPP_i3\BCAF_MEAPP_i3\Screenshoot\Sprint4\Web\keyes\keyes-scenario-3-berhasil-proceed.png, D:\PROJECT\BCA\BCAF_MEAPP_i3\BCAF_MEAPP_i3\Screenshoot\Sprint4\Web\keyes\keyes-scenario-3-menu-inquiry-status.png, D:\PROJECT\BCA\BCAF_MEAPP_i3\BCAF_MEAPP_i3\Screenshoot\Sprint4\Web\keyes\keyes-scenario-3-input-search-inquiry-status-data-pengajuan-1.png, D:\PROJECT\BCA\BCAF_MEAPP_i3\BCAF_MEAPP_i3\Screenshoot\Sprint4\Web\keyes\keyes-scenario-3-input-search-inquiry-status-data-pengajuan-2.png, D:\PROJECT\BCA\BCAF_MEAPP_i3\BCAF_MEAPP_i3\Screenshoot\Sprint4\Web\keyes\keyes-scenario-3-input-search-inquiry-status-data-pengajuan-3.png, D:\PROJECT\BCA\BCAF_MEAPP_i3\BCAF_MEAPP_i3\Screenshoot\Sprint4\Web\keyes\keyes-scenario-3-input-search-inquiry-status-data-pengajuan-1.png, D:\PROJECT\BCA\BCAF_MEAPP_i3\BCAF_MEAPP_i3\Screenshoot\Sprint4\Web\keyes\keyes-scenario-3-menu-resume-internal-pengajuan-1.png, D:\PROJECT\BCA\BCAF_MEAPP_i3\BCAF_MEAPP_i3\Screenshoot\Sprint4\Web\keyes\keyes-scenario-3-menu-anggaran-dasar-dan-perubahan-pengajuan-1.png, D:\PROJECT\BCA\BCAF_MEAPP_i3\BCAF_MEAPP_i3\Screenshoot\Sprint4\Web\keyes\keyes-scenario-3-menu-pengurus-pengajuan-1.png, D:\PROJECT\BCA\BCAF_MEAPP_i3\BCAF_MEAPP_i3\Screenshoot\Sprint4\Web\keyes\keyes-scenario-3-menu-data-pendukung-pengajuan-1.png, D:\PROJECT\BCA\BCAF_MEAPP_i3\BCAF_MEAPP_i3\Screenshoot\Sprint4\Web\keyes\keyes-scenario-3-input-search-inquiry-status-data-pengajuan-2.png, D:\PROJECT\BCA\BCAF_MEAPP_i3\BCAF_MEAPP_i3\Screenshoot\Sprint4\Web\keyes\keyes-scenario-3-menu-resume-internal-pengajuan-2.png, D:\PROJECT\BCA\BCAF_MEAPP_i3\BCAF_MEAPP_i3\Screenshoot\Sprint4\Web\keyes\keyes-scenario-3-menu-anggaran-dasar-dan-perubahan-pengajuan-2.png, D:\PROJECT\BCA\BCAF_MEAPP_i3\BCAF_MEAPP_i3\Screenshoot\Sprint4\Web\keyes\keyes-scenario-3-menu-pengurus-pengajuan-2.png, D:\PROJECT\BCA\BCAF_MEAPP_i3\BCAF_MEAPP_i3\Screenshoot\Sprint4\Web\keyes\keyes-scenario-3-menu-data-pendukung-pengajuan-2.png, D:\PROJECT\BCA\BCAF_MEAPP_i3\BCAF_MEAPP_i3\Screenshoot\Sprint4\Web\keyes\keyes-scenario-3-input-search-inquiry-status-data-pengajuan-3.png, D:\PROJECT\BCA\BCAF_MEAPP_i3\BCAF_MEAPP_i3\Screenshoot\Sprint4\Web\keyes\keyes-scenario-3-menu-resume-internal-pengajuan-3.png, D:\PROJECT\BCA\BCAF_MEAPP_i3\BCAF_MEAPP_i3\Screenshoot\Sprint4\Web\keyes\keyes-scenario-3-menu-anggaran-dasar-dan-perubahan-pengajuan-3.png, D:\PROJECT\BCA\BCAF_MEAPP_i3\BCAF_MEAPP_i3\Screenshoot\Sprint4\Web\keyes\keyes-scenario-3-menu-pengurus-pengajuan-3.png, D:\PROJECT\BCA\BCAF_MEAPP_i3\BCAF_MEAPP_i3\Screenshoot\Sprint4\Web\keyes\keyes-scenario-3-menu-data-pendukung-pengajuan-3.png, D:\PROJECT\BCA\BCAF_MEAPP_i3\BCAF_MEAPP_i3\Screenshoot\Sprint4\Web\keyes\keyes-scenario-4-aplikasi-baru-login.png, D:\PROJECT\BCA\BCAF_MEAPP_i3\BCAF_MEAPP_i3\Screenshoot\Sprint4\Web\keyes\keyes-scenario-4-memilih-button-transaksi-dan-aplikasi-baru.png, D:\PROJECT\BCA\BCAF_MEAPP_i3\BCAF_MEAPP_i3\Screenshoot\Sprint4\Web\keyes\keyes-scenario-4-input-badan-usaha.png, D:\PROJECT\BCA\BCAF_MEAPP_i3\BCAF_MEAPP_i3\Screenshoot\Sprint4\Web\keyes\keyes-scenario-4-page-sebelum-input-capture.png, D:\PROJECT\BCA\BCAF_MEAPP_i3\BCAF_MEAPP_i3\Screenshoot\Sprint4\Web\keyes\keyes-scenario-4-Capture-npwp-siup-tdp.png, D:\PROJECT\BCA\BCAF_MEAPP_i3\BCAF_MEAPP_i3\Screenshoot\Sprint4\Web\keyes\keyes-scenario-4-Memilih-Radio-Button-Perubahan-Data.png, D:\PROJECT\BCA\BCAF_MEAPP_i3\BCAF_MEAPP_i3\Screenshoot\Sprint4\Web\keyes\keyes-scenario-4-Masuk-aplikasi-matching.png, D:\PROJECT\BCA\BCAF_MEAPP_i3\BCAF_MEAPP_i3\Screenshoot\Sprint4\Web\keyes\keyes-scenario-4-Berhasil-dilakukan-inisiasi-konsumen-baru.png, D:\PROJECT\BCA\BCAF_MEAPP_i3\BCAF_MEAPP_i3\Screenshoot\Sprint4\Web\keyes\keyes-scenario-4-masuk-submenu-surat-keterangan-domisili.png, D:\PROJECT\BCA\BCAF_MEAPP_i3\BCAF_MEAPP_i3\Screenshoot\Sprint4\Web\keyes\keyes-scenario-4-capture-surat-keterangan-domisili-berhasil.png, D:\PROJECT\BCA\BCAF_MEAPP_i3\BCAF_MEAPP_i3\Screenshoot\Sprint4\Web\keyes\keyes-scenario-4-Masuk-submenu-FAP.png, D:\PROJECT\BCA\BCAF_MEAPP_i3\BCAF_MEAPP_i3\Screenshoot\Sprint4\Web\keyes\keyes-scenario-4-Input-data-FAP.png, D:\\PROJECT\\BCA\\BCAF_MEAPP_i3\\BCAF_MEAPP_i3\\Reports\\20220330_150108\\TS_4Scenario\\S1-S4\\20220330_150108\\1648629865022.png, D:\PROJECT\BCA\BCAF_MEAPP_i3\BCAF_MEAPP_i3\Screenshoot\Sprint4\Web\keyes\keyes-scenario-4-Input-data-alamat-pengirim-surat.png, D:\PROJECT\BCA\BCAF_MEAPP_i3\BCAF_MEAPP_i3\Screenshoot\Sprint4\Web\keyes\keyes-scenario-4-Input-data-pengurus.png, D:\PROJECT\BCA\BCAF_MEAPP_i3\BCAF_MEAPP_i3\Screenshoot\Sprint4\Web\keyes\keyes-scenario-4-Masuk-submenu-data-pengurus-1.png, D:\PROJECT\BCA\BCAF_MEAPP_i3\BCAF_MEAPP_i3\Screenshoot\Sprint4\Web\keyes\keyes-scenario-4-Berhasil-input-otomatis-data-pengurus-berdasarkan-data-capture-ktp-pengurus-yang-di-capture.png, D:\PROJECT\BCA\BCAF_MEAPP_i3\BCAF_MEAPP_i3\Screenshoot\Sprint4\Web\keyes\keyes-scenario-4-Berhasil-input-otomatis-data-pengurus-1.png, D:\PROJECT\BCA\BCAF_MEAPP_i3\BCAF_MEAPP_i3\Screenshoot\Sprint4\Web\keyes\keyes-scenario-4-Masuk-Submenu-pemegang-saham-1.png, D:\PROJECT\BCA\BCAF_MEAPP_i3\BCAF_MEAPP_i3\Screenshoot\Sprint4\Web\keyes\keyes-scenario-4-Memilih-radio-button-pemegang-saham.png, D:\PROJECT\BCA\BCAF_MEAPP_i3\BCAF_MEAPP_i3\Screenshoot\Sprint4\Web\keyes\keyes-scenario-4-Masuk-Submenu-pemegang-saham-1.png, D:\PROJECT\BCA\BCAF_MEAPP_i3\BCAF_MEAPP_i3\Screenshoot\Sprint4\Web\keyes\keyes-scenario-4-Berhasil-pemegang-saham-1.png, D:\PROJECT\BCA\BCAF_MEAPP_i3\BCAF_MEAPP_i3\Screenshoot\Sprint4\Web\keyes\keyes-scenario-4-Masuk-Submenu-financial.png, D:\PROJECT\BCA\BCAF_MEAPP_i3\BCAF_MEAPP_i3\Screenshoot\Sprint4\Web\keyes\keyes-scenario-4-berhasil-input-capture-laporan-keuangan.png, D:\PROJECT\BCA\BCAF_MEAPP_i3\BCAF_MEAPP_i3\Screenshoot\Sprint4\Web\keyes\keyes-scenario-4-behasil-input-capture-laporan-bukti-kepemilikan.png, D:\PROJECT\BCA\BCAF_MEAPP_i3\BCAF_MEAPP_i3\Screenshoot\Sprint4\Web\keyes\keyes-scenario-4-berhasil-input-branch-dan-account-10digit-pada-submenu-financial.png, D:\PROJECT\BCA\BCAF_MEAPP_i3\BCAF_MEAPP_i3\Screenshoot\Sprint4\Web\keyes\keyes-scenario-4-berhasil-input-contact-person.png, D:\PROJECT\BCA\BCAF_MEAPP_i3\BCAF_MEAPP_i3\Screenshoot\Sprint4\Web\keyes\keyes-scenario-4-Masuk-menu-other-document.png, D:\PROJECT\BCA\BCAF_MEAPP_i3\BCAF_MEAPP_i3\Screenshoot\Sprint4\Web\keyes\keyes-scenario-4-masuk-menu-collateral-dan-loan.png, D:\PROJECT\BCA\BCAF_MEAPP_i3\BCAF_MEAPP_i3\Screenshoot\Sprint4\Web\keyes\keyes-scenario-4-input-jenis-pengajuan.png, D:\PROJECT\BCA\BCAF_MEAPP_i3\BCAF_MEAPP_i3\Screenshoot\Sprint4\Web\keyes\keyes-scenario-4-input-tujuan-pengajuan.png, D:\PROJECT\BCA\BCAF_MEAPP_i3\BCAF_MEAPP_i3\Screenshoot\Sprint4\Web\keyes\keyes-scenario-4-input-payment.png, D:\PROJECT\BCA\BCAF_MEAPP_i3\BCAF_MEAPP_i3\Screenshoot\Sprint4\Web\keyes\keyes-scenario-4-input-data-autodebit.png, D:\PROJECT\BCA\BCAF_MEAPP_i3\BCAF_MEAPP_i3\Screenshoot\Sprint4\Web\keyes\keyes-scenario-4-masuk-submenu-input-mutasi-rekening.png, D:\PROJECT\BCA\BCAF_MEAPP_i3\BCAF_MEAPP_i3\Screenshoot\Sprint4\Web\keyes\keyes-scenario-4-sebelum-input-data-mutasi-rekening.png, D:\PROJECT\BCA\BCAF_MEAPP_i3\BCAF_MEAPP_i3\Screenshoot\Sprint4\Web\keyes\keyes-scenario-4-input-data-mutasi-rekening.png, D:\PROJECT\BCA\BCAF_MEAPP_i3\BCAF_MEAPP_i3\Screenshoot\Sprint4\Web\keyes\keyes-scenario-4-berhasil-mengisi-data-information.png, D:\PROJECT\BCA\BCAF_MEAPP_i3\BCAF_MEAPP_i3\Screenshoot\Sprint4\Web\keyes\keyes-scenario-4-masuk-halaman-collateral-loan-vehicle.png, D:\PROJECT\BCA\BCAF_MEAPP_i3\BCAF_MEAPP_i3\Screenshoot\Sprint4\Web\keyes\keyes-scenario-4-masuk-halaman-collateral-loan-vehicle.png, D:\PROJECT\BCA\BCAF_MEAPP_i3\BCAF_MEAPP_i3\Screenshoot\Sprint4\Web\keyes\keyes-scenario-4-halaman-input-data-vehicle.png, D:\PROJECT\BCA\BCAF_MEAPP_i3\BCAF_MEAPP_i3\Screenshoot\Sprint4\Web\keyes\keyes-scenario-4-berhasil-input-data-vehicle.png, D:\PROJECT\BCA\BCAF_MEAPP_i3\BCAF_MEAPP_i3\Screenshoot\Sprint4\Web\keyes\keyes-scenario-4-halaman-input-loan-data.png, D:\PROJECT\BCA\BCAF_MEAPP_i3\BCAF_MEAPP_i3\Screenshoot\Sprint4\Web\keyes\keyes-scenario-4-berhasil-input-data-loan.png, D:\PROJECT\BCA\BCAF_MEAPP_i3\BCAF_MEAPP_i3\Screenshoot\Sprint4\Web\keyes\keyes-scenario-4-halaman-input-insurance.png, D:\PROJECT\BCA\BCAF_MEAPP_i3\BCAF_MEAPP_i3\Screenshoot\Sprint4\Web\keyes\keyes-scenario-4-halaman-input-life-insurance.png, D:\PROJECT\BCA\BCAF_MEAPP_i3\BCAF_MEAPP_i3\Screenshoot\Sprint4\Web\keyes\keyes-scenario-4-berhasil-input-data-insurance.png, D:\PROJECT\BCA\BCAF_MEAPP_i3\BCAF_MEAPP_i3\Screenshoot\Sprint4\Web\keyes\keyes-scenario-4-submenu-notes.png, D:\PROJECT\BCA\BCAF_MEAPP_i3\BCAF_MEAPP_i3\Screenshoot\Sprint4\Web\keyes\keyes-scenario-4-submenu-notes.png, D:\PROJECT\BCA\BCAF_MEAPP_i3\BCAF_MEAPP_i3\Screenshoot\Sprint4\Web\keyes\keyes-scenario-4-pop-up-add-kendaraan.png, D:\PROJECT\BCA\BCAF_MEAPP_i3\BCAF_MEAPP_i3\Screenshoot\Sprint4\Web\keyes\keyes-scenario-4-berhasil-add-kendaraan.png, D:\PROJECT\BCA\BCAF_MEAPP_i3\BCAF_MEAPP_i3\Screenshoot\Sprint4\Web\keyes\keyes-scenario-4-pop-up-summary-total.png, D:\PROJECT\BCA\BCAF_MEAPP_i3\BCAF_MEAPP_i3\Screenshoot\Sprint4\Web\keyes\keyes-scenario-4-masuk-menu-penyimpangan.png, D:\PROJECT\BCA\BCAF_MEAPP_i3\BCAF_MEAPP_i3\Screenshoot\Sprint4\Web\keyes\keyes-scenario-4-input-penyimpangan.png, D:\PROJECT\BCA\BCAF_MEAPP_i3\BCAF_MEAPP_i3\Screenshoot\Sprint4\Web\keyes\keyes-scenario-4-input-penyimpangan-selesai.png, D:\PROJECT\BCA\BCAF_MEAPP_i3\BCAF_MEAPP_i3\Screenshoot\Sprint4\Web\keyes\keyes-scenario-4-berhasil-proceed.png, D:\PROJECT\BCA\BCAF_MEAPP_i3\BCAF_MEAPP_i3\Screenshoot\Sprint4\Web\keyes\keyes-scenario-4-menu-inquiry-status.png, D:\PROJECT\BCA\BCAF_MEAPP_i3\BCAF_MEAPP_i3\Screenshoot\Sprint4\Web\keyes\keyes-scenario-4-input-search-inquiry-status-data-pengajuan-4.png"/>
         <property name="hostName" value="savir - savirarohwina"/>
         <property name="os" value="Windows 10 64bit"/>
         <property name="katalonVersion" value="8.2.5.208"/>
         <property name="browser" value="Chrome 99.0.4844.84"/>
         <property name="hostAddress" value="192.168.1.88"/>
         <property name="sessionId" value="265cd38c9badc0c105e59d0446ed467c"/>
         <property name="seleniumVersion" value="3.141.59"/>
         <property name="proxyInformation" value="ProxyInformation { proxyOption=NO_PROXY, proxyServerType=HTTP, username=, password=********, proxyServerAddress=, proxyServerPort=0, executionList=&quot;&quot;, isApplyToDesiredCapabilities=true }"/>
         <property name="platform" value="Windows 10"/>
      </properties>
      <testcase name="Test Cases/Sprint 4/Skenario 1/01-01-Transaction-AppBaru-InisiasiKonsumenBaru" time="102.191" classname="Test Cases/Sprint 4/Skenario 1/01-01-Transaction-AppBaru-InisiasiKonsumenBaru" status="PASSED">
         <system-out><![CDATA[2022-03-30 15:01:18 - [TEST_CASE][PASSED] - Test Cases/Sprint 4/Skenario 1/01-01-Transaction-AppBaru-InisiasiKonsumenBaru: Test Cases/Sprint 4/Skenario 1/01-01-Transaction-AppBaru-InisiasiKonsumenBaru

2022-03-30 15:01:19 - [TEST_STEP][PASSED] - robot = new java.awt.Robot(): null

2022-03-30 15:01:19 - [TEST_STEP][PASSED] - userDir = getProjectDir(): null

2022-03-30 15:01:19 - [TEST_STEP][PASSED] - openBrowser(""): Browser is opened with url: ''

2022-03-30 15:01:19 - [MESSAGE][INFO] - Starting 'Chrome' driver

2022-03-30 15:01:19 - [MESSAGE][INFO] - Action delay is set to 0 milliseconds

2022-03-30 15:01:21 - [MESSAGE][PASSED] - Browser is opened with url: ''

2022-03-30 15:01:21 - [TEST_STEP][PASSED] - driver = getWebDriver(): null

2022-03-30 15:01:21 - [TEST_STEP][PASSED] - navigateToUrl(ME_url): Navigate to 'https://mecorporate.idofocus.co.id:25443/login' successfully

2022-03-30 15:01:23 - [MESSAGE][PASSED] - Navigate to 'https://mecorporate.idofocus.co.id:25443/login' successfully

2022-03-30 15:01:23 - [TEST_STEP][PASSED] - maximizeWindow(): Current window maximized

2022-03-30 15:01:23 - [MESSAGE][PASSED] - Current window maximized

2022-03-30 15:01:23 - [TEST_STEP][PASSED] - delay(5): Delayed 5 second(s)

2022-03-30 15:01:28 - [MESSAGE][PASSED] - Delayed 5 second(s)

2022-03-30 15:01:28 - [TEST_STEP][PASSED] - setText(findTestObject("MEApp_AppBaru_InisiasiKonsumen/input_User ID_login"), CMO): Text '20190364' is set on object 'Object Repository/MEApp_AppBaru_InisiasiKonsumen/input_User ID_login'

2022-03-30 15:01:29 - [MESSAGE][PASSED] - Text '20190364' is set on object 'Object Repository/MEApp_AppBaru_InisiasiKonsumen/input_User ID_login'

2022-03-30 15:01:29 - [TEST_STEP][PASSED] - setText(findTestObject("MEApp_AppBaru_InisiasiKonsumen/input_User Password_login"), password): Text 'Mobile123+' is set on object 'Object Repository/MEApp_AppBaru_InisiasiKonsumen/input_User Password_login'

2022-03-30 15:01:29 - [MESSAGE][PASSED] - Text 'Mobile123+' is set on object 'Object Repository/MEApp_AppBaru_InisiasiKonsumen/input_User Password_login'

2022-03-30 15:01:29 - [TEST_STEP][PASSED] - takeFullPageScreenshotAsCheckpoint(userDir + sprint4WebScreenshootPath + "scenario-1-aplikasi-baru-login.png"): Taking screenshot successfully

2022-03-30 15:01:30 - [MESSAGE][INFO] - 0 hidden object(s)

2022-03-30 15:01:30 - [MESSAGE][PASSED] - Taking screenshot successfully
[[ATTACHMENT|D:\PROJECT\BCA\BCAF_MEAPP_i3\BCAF_MEAPP_i3\Screenshoot\Sprint4\Web\keyes\keyes-scenario-1-aplikasi-baru-login.png]]

2022-03-30 15:01:30 - [TEST_STEP][PASSED] - markPassed("Scenario 1 - Memastikan login berhasil"): Scenario 1 - Memastikan login berhasil

2022-03-30 15:01:30 - [MESSAGE][PASSED] - Scenario 1 - Memastikan login berhasil

2022-03-30 15:01:30 - [TEST_STEP][PASSED] - click(findTestObject("MEApp_AppBaru_InisiasiKonsumen/button_Login")): Object: 'Object Repository/MEApp_AppBaru_InisiasiKonsumen/button_Login' is clicked on

2022-03-30 15:01:31 - [MESSAGE][PASSED] - Object: 'Object Repository/MEApp_AppBaru_InisiasiKonsumen/button_Login' is clicked on

2022-03-30 15:01:31 - [TEST_STEP][PASSED] - delay(2): Delayed 2 second(s)

2022-03-30 15:01:33 - [MESSAGE][PASSED] - Delayed 2 second(s)

2022-03-30 15:01:33 - [TEST_STEP][PASSED] - verifyElementPresent(findTestObject("MEApp_AppBaru_InisiasiKonsumen/span_Transaksi"), 0): Object 'Object Repository/MEApp_AppBaru_InisiasiKonsumen/span_Transaksi' is present

2022-03-30 15:01:33 - [MESSAGE][WARNING] - Timeout '0' is invalid. Using default page load timeout: '30'

2022-03-30 15:01:33 - [MESSAGE][PASSED] - Object 'Object Repository/MEApp_AppBaru_InisiasiKonsumen/span_Transaksi' is present

2022-03-30 15:01:33 - [TEST_STEP][PASSED] - click(findTestObject("MEApp_AppBaru_InisiasiKonsumen/span_Transaksi")): Object: 'Object Repository/MEApp_AppBaru_InisiasiKonsumen/span_Transaksi' is clicked on

2022-03-30 15:01:33 - [MESSAGE][PASSED] - Object: 'Object Repository/MEApp_AppBaru_InisiasiKonsumen/span_Transaksi' is clicked on

2022-03-30 15:01:33 - [TEST_STEP][PASSED] - delay(1): Delayed 1 second(s)

2022-03-30 15:01:34 - [MESSAGE][PASSED] - Delayed 1 second(s)

2022-03-30 15:01:34 - [TEST_STEP][PASSED] - click(findTestObject("MEApp_AppBaru_InisiasiKonsumen/span_Aplikasi Baru")): Object: 'Object Repository/MEApp_AppBaru_InisiasiKonsumen/span_Aplikasi Baru' is clicked on

2022-03-30 15:01:35 - [MESSAGE][PASSED] - Object: 'Object Repository/MEApp_AppBaru_InisiasiKonsumen/span_Aplikasi Baru' is clicked on

2022-03-30 15:01:35 - [TEST_STEP][PASSED] - delay(1): Delayed 1 second(s)

2022-03-30 15:01:36 - [MESSAGE][PASSED] - Delayed 1 second(s)

2022-03-30 15:01:36 - [TEST_STEP][PASSED] - takeFullPageScreenshotAsCheckpoint(userDir + sprint4WebScreenshootPath + "scenario-1-memilih-button-transaksi-dan-aplikasi-baru.png"): Taking screenshot successfully

2022-03-30 15:01:36 - [MESSAGE][INFO] - 0 hidden object(s)

2022-03-30 15:01:37 - [MESSAGE][PASSED] - Taking screenshot successfully
[[ATTACHMENT|D:\PROJECT\BCA\BCAF_MEAPP_i3\BCAF_MEAPP_i3\Screenshoot\Sprint4\Web\keyes\keyes-scenario-1-memilih-button-transaksi-dan-aplikasi-baru.png]]

2022-03-30 15:01:37 - [TEST_STEP][PASSED] - markPassed("Scenario 1 - Memilih button transaksi dan aplikasi baru"): Scenario 1 - Memilih button transaksi dan aplikasi baru

2022-03-30 15:01:37 - [MESSAGE][PASSED] - Scenario 1 - Memilih button transaksi dan aplikasi baru

2022-03-30 15:01:37 - [TEST_STEP][PASSED] - click(findTestObject("MEApp_AppBaru_InisiasiKonsumen/input_perorangan_radios-apptype")): Object: 'Object Repository/MEApp_AppBaru_InisiasiKonsumen/input_perorangan_radios-apptype' is clicked on

2022-03-30 15:01:37 - [MESSAGE][PASSED] - Object: 'Object Repository/MEApp_AppBaru_InisiasiKonsumen/input_perorangan_radios-apptype' is clicked on

2022-03-30 15:01:37 - [TEST_STEP][PASSED] - delay(1): Delayed 1 second(s)

2022-03-30 15:01:38 - [MESSAGE][PASSED] - Delayed 1 second(s)

2022-03-30 15:01:38 - [TEST_STEP][PASSED] - click(findTestObject("MEApp_AppBaru_InisiasiKonsumen/input_korporasi_radios-apptype")): Object: 'Object Repository/MEApp_AppBaru_InisiasiKonsumen/input_korporasi_radios-apptype' is clicked on

2022-03-30 15:01:38 - [MESSAGE][PASSED] - Object: 'Object Repository/MEApp_AppBaru_InisiasiKonsumen/input_korporasi_radios-apptype' is clicked on

2022-03-30 15:01:38 - [TEST_STEP][PASSED] - delay(1): Delayed 1 second(s)

2022-03-30 15:01:39 - [MESSAGE][PASSED] - Delayed 1 second(s)

2022-03-30 15:01:39 - [TEST_STEP][PASSED] - click(findTestObject("MEApp_AppBaru_InisiasiKonsumen/input-badanusaha")): Object: 'Object Repository/MEApp_AppBaru_InisiasiKonsumen/input-badanusaha' is clicked on

2022-03-30 15:01:40 - [MESSAGE][PASSED] - Object: 'Object Repository/MEApp_AppBaru_InisiasiKonsumen/input-badanusaha' is clicked on

2022-03-30 15:01:40 - [TEST_STEP][PASSED] - delay(1): Delayed 1 second(s)

2022-03-30 15:01:41 - [MESSAGE][PASSED] - Delayed 1 second(s)

2022-03-30 15:01:41 - [TEST_STEP][PASSED] - setText(findTestObject("MEApp_AppBaru_InisiasiKonsumen/input-badanusaha"), "Perseroan Terbatas ( PT. , NV. , LTD. )"): Text 'Perseroan Terbatas ( PT. , NV. , LTD. )' is set on object 'Object Repository/MEApp_AppBaru_InisiasiKonsumen/input-badanusaha'

2022-03-30 15:01:41 - [MESSAGE][PASSED] - Text 'Perseroan Terbatas ( PT. , NV. , LTD. )' is set on object 'Object Repository/MEApp_AppBaru_InisiasiKonsumen/input-badanusaha'

2022-03-30 15:01:41 - [TEST_STEP][PASSED] - delay(1): Delayed 1 second(s)

2022-03-30 15:01:42 - [MESSAGE][PASSED] - Delayed 1 second(s)

2022-03-30 15:01:42 - [TEST_STEP][PASSED] - takeFullPageScreenshotAsCheckpoint(userDir + sprint4WebScreenshootPath + "scenario-1-input-badan-usaha.png"): Taking screenshot successfully

2022-03-30 15:01:43 - [MESSAGE][INFO] - 0 hidden object(s)

2022-03-30 15:01:43 - [MESSAGE][PASSED] - Taking screenshot successfully
[[ATTACHMENT|D:\PROJECT\BCA\BCAF_MEAPP_i3\BCAF_MEAPP_i3\Screenshoot\Sprint4\Web\keyes\keyes-scenario-1-input-badan-usaha.png]]

2022-03-30 15:01:43 - [TEST_STEP][PASSED] - markPassed("Scenario 1 - Input badan usaha"): Scenario 1 - Input badan usaha

2022-03-30 15:01:43 - [MESSAGE][PASSED] - Scenario 1 - Input badan usaha

2022-03-30 15:01:43 - [TEST_STEP][PASSED] - delay(2): Delayed 2 second(s)

2022-03-30 15:01:45 - [MESSAGE][PASSED] - Delayed 2 second(s)

2022-03-30 15:01:45 - [TEST_STEP][PASSED] - click(findTestObject("MEApp_AppBaru_InisiasiKonsumen/span_Perseroan Terbatas ( PT. , NV. , LTD. )")): Object: 'Object Repository/MEApp_AppBaru_InisiasiKonsumen/span_Perseroan Terbatas ( PT. , NV. , LTD. )' is clicked on

2022-03-30 15:01:46 - [MESSAGE][PASSED] - Object: 'Object Repository/MEApp_AppBaru_InisiasiKonsumen/span_Perseroan Terbatas ( PT. , NV. , LTD. )' is clicked on

2022-03-30 15:01:46 - [TEST_STEP][PASSED] - delay(2): Delayed 2 second(s)

2022-03-30 15:01:48 - [MESSAGE][PASSED] - Delayed 2 second(s)

2022-03-30 15:01:48 - [TEST_STEP][PASSED] - takeFullPageScreenshotAsCheckpoint(userDir + sprint4WebScreenshootPath + "scenario-1-page-sebelum-input-capture.png"): Taking screenshot successfully

2022-03-30 15:01:48 - [MESSAGE][INFO] - 0 hidden object(s)

2022-03-30 15:01:48 - [MESSAGE][PASSED] - Taking screenshot successfully
[[ATTACHMENT|D:\PROJECT\BCA\BCAF_MEAPP_i3\BCAF_MEAPP_i3\Screenshoot\Sprint4\Web\keyes\keyes-scenario-1-page-sebelum-input-capture.png]]

2022-03-30 15:01:48 - [TEST_STEP][PASSED] - markPassed("Scenario 1 - Sebelum input capture npwp + SIUP + TDP"): Scenario 1 - Sebelum input capture npwp + SIUP + TDP

2022-03-30 15:01:48 - [MESSAGE][PASSED] - Scenario 1 - Sebelum input capture npwp + SIUP + TDP

2022-03-30 15:01:48 - [TEST_STEP][PASSED] - delay(2): Delayed 2 second(s)

2022-03-30 15:01:50 - [MESSAGE][PASSED] - Delayed 2 second(s)

2022-03-30 15:01:50 - [TEST_STEP][PASSED] - click(findTestObject("MEApp_AppBaru_InisiasiKonsumen/button_Capture_npwp")): Object: 'Object Repository/MEApp_AppBaru_InisiasiKonsumen/button_Capture_npwp' is clicked on

2022-03-30 15:01:51 - [MESSAGE][PASSED] - Object: 'Object Repository/MEApp_AppBaru_InisiasiKonsumen/button_Capture_npwp' is clicked on

2022-03-30 15:01:51 - [TEST_STEP][PASSED] - delay(2): Delayed 2 second(s)

2022-03-30 15:01:53 - [MESSAGE][PASSED] - Delayed 2 second(s)

2022-03-30 15:01:53 - [TEST_STEP][PASSED] - uploadFile(findTestObject("MEApp_AppBaru_InisiasiKonsumen/Capture_"), userDir + pathfinder_npwp): File 'D:/PROJECT/BCA/BCAF_MEAPP_i3/BCAF_MEAPP_i3/Assets/npwp-dummy.jpg' sent to object: 'Object Repository/MEApp_AppBaru_InisiasiKonsumen/Capture_'

2022-03-30 15:01:53 - [MESSAGE][PASSED] - File 'D:/PROJECT/BCA/BCAF_MEAPP_i3/BCAF_MEAPP_i3/Assets/npwp-dummy.jpg' sent to object: 'Object Repository/MEApp_AppBaru_InisiasiKonsumen/Capture_'

2022-03-30 15:01:53 - [TEST_STEP][PASSED] - waitForElementPresent(findTestObject("MEApp_AppBaru_InisiasiKonsumen/button_NPWP"), 0): Object 'Object Repository/MEApp_AppBaru_InisiasiKonsumen/button_NPWP' is present

2022-03-30 15:01:53 - [MESSAGE][WARNING] - Timeout '0' is invalid. Using default page load timeout: '30'

2022-03-30 15:02:08 - [MESSAGE][PASSED] - Object 'Object Repository/MEApp_AppBaru_InisiasiKonsumen/button_NPWP' is present

2022-03-30 15:02:08 - [TEST_STEP][PASSED] - setText(findTestObject("MEApp_AppBaru_InisiasiKonsumen/input_NPWP No fix"), NPWP_tidakBerlaku): Text '018368167428000' is set on object 'Object Repository/MEApp_AppBaru_InisiasiKonsumen/input_NPWP No fix'

2022-03-30 15:02:09 - [MESSAGE][PASSED] - Text '018368167428000' is set on object 'Object Repository/MEApp_AppBaru_InisiasiKonsumen/input_NPWP No fix'

2022-03-30 15:02:09 - [TEST_STEP][PASSED] - delay(1): Delayed 1 second(s)

2022-03-30 15:02:10 - [MESSAGE][PASSED] - Delayed 1 second(s)

2022-03-30 15:02:10 - [TEST_STEP][PASSED] - setText(findTestObject("MEApp_AppBaru_InisiasiKonsumen/input_Name fix"), CN_tidakBerlaku): Text 'NIGUUNUNANETI  AASA DS' is set on object 'Object Repository/MEApp_AppBaru_InisiasiKonsumen/input_Name fix'

2022-03-30 15:02:10 - [MESSAGE][PASSED] - Text 'NIGUUNUNANETI  AASA DS' is set on object 'Object Repository/MEApp_AppBaru_InisiasiKonsumen/input_Name fix'

2022-03-30 15:02:10 - [TEST_STEP][PASSED] - click(findTestObject("MEApp_AppBaru_InisiasiKonsumen/button_Capture_siupfix")): Object: 'Object Repository/MEApp_AppBaru_InisiasiKonsumen/button_Capture_siupfix' is clicked on

2022-03-30 15:02:11 - [MESSAGE][PASSED] - Object: 'Object Repository/MEApp_AppBaru_InisiasiKonsumen/button_Capture_siupfix' is clicked on

2022-03-30 15:02:11 - [TEST_STEP][PASSED] - delay(2): Delayed 2 second(s)

2022-03-30 15:02:13 - [MESSAGE][PASSED] - Delayed 2 second(s)

2022-03-30 15:02:13 - [TEST_STEP][PASSED] - uploadFile(findTestObject("MEApp_AppBaru_InisiasiKonsumen/Capture_"), userDir + pathfinder_siup): File 'D:/PROJECT/BCA/BCAF_MEAPP_i3/BCAF_MEAPP_i3/Assets/siup-dummy.jpg' sent to object: 'Object Repository/MEApp_AppBaru_InisiasiKonsumen/Capture_'

2022-03-30 15:02:13 - [MESSAGE][PASSED] - File 'D:/PROJECT/BCA/BCAF_MEAPP_i3/BCAF_MEAPP_i3/Assets/siup-dummy.jpg' sent to object: 'Object Repository/MEApp_AppBaru_InisiasiKonsumen/Capture_'

2022-03-30 15:02:13 - [TEST_STEP][PASSED] - delay(2): Delayed 2 second(s)

2022-03-30 15:02:15 - [MESSAGE][PASSED] - Delayed 2 second(s)

2022-03-30 15:02:15 - [TEST_STEP][PASSED] - click(findTestObject("MEApp_AppBaru_InisiasiKonsumen/button_Capture_TDP")): Object: 'Object Repository/MEApp_AppBaru_InisiasiKonsumen/button_Capture_TDP' is clicked on

2022-03-30 15:02:15 - [MESSAGE][PASSED] - Object: 'Object Repository/MEApp_AppBaru_InisiasiKonsumen/button_Capture_TDP' is clicked on

2022-03-30 15:02:15 - [TEST_STEP][PASSED] - delay(2): Delayed 2 second(s)

2022-03-30 15:02:17 - [MESSAGE][PASSED] - Delayed 2 second(s)

2022-03-30 15:02:17 - [TEST_STEP][PASSED] - uploadFile(findTestObject("MEApp_AppBaru_InisiasiKonsumen/Capture_"), userDir + pathfinder_tdp): File 'D:/PROJECT/BCA/BCAF_MEAPP_i3/BCAF_MEAPP_i3/Assets/tdp-dummy.jpg' sent to object: 'Object Repository/MEApp_AppBaru_InisiasiKonsumen/Capture_'

2022-03-30 15:02:18 - [MESSAGE][PASSED] - File 'D:/PROJECT/BCA/BCAF_MEAPP_i3/BCAF_MEAPP_i3/Assets/tdp-dummy.jpg' sent to object: 'Object Repository/MEApp_AppBaru_InisiasiKonsumen/Capture_'

2022-03-30 15:02:18 - [TEST_STEP][PASSED] - delay(2): Delayed 2 second(s)

2022-03-30 15:02:20 - [MESSAGE][PASSED] - Delayed 2 second(s)

2022-03-30 15:02:20 - [TEST_STEP][PASSED] - takeFullPageScreenshotAsCheckpoint(userDir + sprint4WebScreenshootPath + "scenario-1-Capture-npwp-siup-tdp.png"): Taking screenshot successfully

2022-03-30 15:02:21 - [MESSAGE][INFO] - 0 hidden object(s)

2022-03-30 15:02:21 - [MESSAGE][PASSED] - Taking screenshot successfully
[[ATTACHMENT|D:\PROJECT\BCA\BCAF_MEAPP_i3\BCAF_MEAPP_i3\Screenshoot\Sprint4\Web\keyes\keyes-scenario-1-Capture-npwp-siup-tdp.png]]

2022-03-30 15:02:21 - [TEST_STEP][PASSED] - markPassed("Scenario 1 - Capture NPWP + SIUP + TDP"): Scenario 1 - Capture NPWP + SIUP + TDP

2022-03-30 15:02:21 - [MESSAGE][PASSED] - Scenario 1 - Capture NPWP + SIUP + TDP

2022-03-30 15:02:21 - [TEST_STEP][PASSED] - delay(2): Delayed 2 second(s)

2022-03-30 15:02:23 - [MESSAGE][PASSED] - Delayed 2 second(s)

2022-03-30 15:02:23 - [TEST_STEP][PASSED] - click(findTestObject("MEApp_AppBaru_InisiasiKonsumen/input_Ada Perubahan Data Tidak")): Object: 'Object Repository/MEApp_AppBaru_InisiasiKonsumen/input_Ada Perubahan Data Tidak' is clicked on

2022-03-30 15:02:23 - [MESSAGE][PASSED] - Object: 'Object Repository/MEApp_AppBaru_InisiasiKonsumen/input_Ada Perubahan Data Tidak' is clicked on

2022-03-30 15:02:23 - [TEST_STEP][PASSED] - delay(1): Delayed 1 second(s)

2022-03-30 15:02:24 - [MESSAGE][PASSED] - Delayed 1 second(s)

2022-03-30 15:02:24 - [TEST_STEP][PASSED] - click(findTestObject("MEApp_AppBaru_InisiasiKonsumen/input_Ada Perubahan Data YA")): Object: 'Object Repository/MEApp_AppBaru_InisiasiKonsumen/input_Ada Perubahan Data YA' is clicked on

2022-03-30 15:02:25 - [MESSAGE][PASSED] - Object: 'Object Repository/MEApp_AppBaru_InisiasiKonsumen/input_Ada Perubahan Data YA' is clicked on

2022-03-30 15:02:25 - [TEST_STEP][PASSED] - delay(1): Delayed 1 second(s)

2022-03-30 15:02:26 - [MESSAGE][PASSED] - Delayed 1 second(s)

2022-03-30 15:02:26 - [TEST_STEP][PASSED] - takeFullPageScreenshotAsCheckpoint(userDir + sprint4WebScreenshootPath + "scenario-1-Memilih-Radio-Button-Perubahan-Data.png"): Taking screenshot successfully

2022-03-30 15:02:27 - [MESSAGE][INFO] - 0 hidden object(s)

2022-03-30 15:02:27 - [MESSAGE][PASSED] - Taking screenshot successfully
[[ATTACHMENT|D:\PROJECT\BCA\BCAF_MEAPP_i3\BCAF_MEAPP_i3\Screenshoot\Sprint4\Web\keyes\keyes-scenario-1-Memilih-Radio-Button-Perubahan-Data.png]]

2022-03-30 15:02:27 - [TEST_STEP][PASSED] - markPassed("Scenario 1 - Memilih Radio Button Perubahan Data"): Scenario 1 - Memilih Radio Button Perubahan Data

2022-03-30 15:02:27 - [MESSAGE][PASSED] - Scenario 1 - Memilih Radio Button Perubahan Data

2022-03-30 15:02:27 - [TEST_STEP][PASSED] - delay(2): Delayed 2 second(s)

2022-03-30 15:02:29 - [MESSAGE][PASSED] - Delayed 2 second(s)

2022-03-30 15:02:29 - [TEST_STEP][PASSED] - click(findTestObject("MEApp_AppBaru_InisiasiKonsumen/button_Prosesfix")): Object: 'Object Repository/MEApp_AppBaru_InisiasiKonsumen/button_Prosesfix' is clicked on

2022-03-30 15:02:29 - [MESSAGE][PASSED] - Object: 'Object Repository/MEApp_AppBaru_InisiasiKonsumen/button_Prosesfix' is clicked on

2022-03-30 15:02:29 - [TEST_STEP][PASSED] - delay(2): Delayed 2 second(s)

2022-03-30 15:02:31 - [MESSAGE][PASSED] - Delayed 2 second(s)

2022-03-30 15:02:31 - [TEST_STEP][PASSED] - waitForElementPresent(findTestObject("MEApp_AppBaru_InisiasiKonsumen/AplikasiBaruMatching"), 300): Object 'Object Repository/MEApp_AppBaru_InisiasiKonsumen/AplikasiBaruMatching' is present

2022-03-30 15:02:49 - [MESSAGE][PASSED] - Object 'Object Repository/MEApp_AppBaru_InisiasiKonsumen/AplikasiBaruMatching' is present

2022-03-30 15:02:49 - [TEST_STEP][PASSED] - takeFullPageScreenshotAsCheckpoint(userDir + sprint4WebScreenshootPath + "scenario-1-Masuk-aplikasi-matching.png"): Taking screenshot successfully

2022-03-30 15:02:49 - [MESSAGE][INFO] - 0 hidden object(s)

2022-03-30 15:02:50 - [MESSAGE][PASSED] - Taking screenshot successfully
[[ATTACHMENT|D:\PROJECT\BCA\BCAF_MEAPP_i3\BCAF_MEAPP_i3\Screenshoot\Sprint4\Web\keyes\keyes-scenario-1-Masuk-aplikasi-matching.png]]

2022-03-30 15:02:50 - [TEST_STEP][PASSED] - markPassed("Scenario 1 - Masuk aplikasi matching"): Scenario 1 - Masuk aplikasi matching

2022-03-30 15:02:50 - [MESSAGE][PASSED] - Scenario 1 - Masuk aplikasi matching

2022-03-30 15:02:50 - [TEST_STEP][PASSED] - delay(2): Delayed 2 second(s)

2022-03-30 15:02:52 - [MESSAGE][PASSED] - Delayed 2 second(s)

2022-03-30 15:02:52 - [TEST_STEP][PASSED] - click(findTestObject("MEApp_AppBaru_InisiasiKonsumen/a_Ok")): Object: 'Object Repository/MEApp_AppBaru_InisiasiKonsumen/a_Ok' is clicked on

2022-03-30 15:02:52 - [MESSAGE][PASSED] - Object: 'Object Repository/MEApp_AppBaru_InisiasiKonsumen/a_Ok' is clicked on

2022-03-30 15:02:52 - [TEST_STEP][PASSED] - delay(1): Delayed 1 second(s)

2022-03-30 15:02:53 - [MESSAGE][PASSED] - Delayed 1 second(s)

2022-03-30 15:02:53 - [TEST_STEP][PASSED] - click(findTestObject("MEApp_AppBaru_InisiasiKonsumen/button_Ya")): Object: 'Object Repository/MEApp_AppBaru_InisiasiKonsumen/button_Ya' is clicked on

2022-03-30 15:02:54 - [MESSAGE][PASSED] - Object: 'Object Repository/MEApp_AppBaru_InisiasiKonsumen/button_Ya' is clicked on

2022-03-30 15:02:54 - [TEST_STEP][PASSED] - delay(3): Delayed 3 second(s)

2022-03-30 15:02:57 - [MESSAGE][PASSED] - Delayed 3 second(s)

2022-03-30 15:02:57 - [TEST_STEP][PASSED] - takeFullPageScreenshotAsCheckpoint(userDir + sprint4WebScreenshootPath + "scenario-1-Berhasil-dilakukan-inisiasi-konsumen-baru.png"): Taking screenshot successfully

2022-03-30 15:02:58 - [MESSAGE][INFO] - 0 hidden object(s)

2022-03-30 15:02:58 - [MESSAGE][PASSED] - Taking screenshot successfully
[[ATTACHMENT|D:\PROJECT\BCA\BCAF_MEAPP_i3\BCAF_MEAPP_i3\Screenshoot\Sprint4\Web\keyes\keyes-scenario-1-Berhasil-dilakukan-inisiasi-konsumen-baru.png]]

2022-03-30 15:02:58 - [TEST_STEP][PASSED] - markPassed("Scenario 1 - Berhasil dilakukan inisiasi konsumen baru"): Scenario 1 - Berhasil dilakukan inisiasi konsumen baru

2022-03-30 15:02:58 - [MESSAGE][PASSED] - Scenario 1 - Berhasil dilakukan inisiasi konsumen baru

2022-03-30 15:02:58 - [TEST_STEP][PASSED] - delay(2): Delayed 2 second(s)

2022-03-30 15:03:00 - [MESSAGE][PASSED] - Delayed 2 second(s)]]></system-out>
         <system-err><![CDATA[]]></system-err>
      </testcase>
      <testcase name="Test Cases/Sprint 4/Skenario 1/01-02-Transaction-AppPending-InputCorporate" time="281.992" classname="Test Cases/Sprint 4/Skenario 1/01-02-Transaction-AppPending-InputCorporate" status="PASSED">
         <system-out><![CDATA[2022-03-30 15:03:00 - [TEST_CASE][PASSED] - Test Cases/Sprint 4/Skenario 1/01-02-Transaction-AppPending-InputCorporate: Test Cases/Sprint 4/Skenario 1/01-02-Transaction-AppPending-InputCorporate

2022-03-30 15:03:01 - [TEST_STEP][PASSED] - userDir = getProjectDir(): null

2022-03-30 15:03:01 - [TEST_STEP][PASSED] - setText(findTestObject("Object Repository/Input_Corporate/Input_Konsumen/input_SID Name_form-control ng-untouched ng-pristine ng-invalid"), konsumen_SID, OPTIONAL): Text '223213445' is set on object 'Object Repository/Input_Corporate/Input_Konsumen/input_SID Name_form-control ng-untouched ng-pristine ng-invalid'

2022-03-30 15:04:01 - [MESSAGE][PASSED] - Text '223213445' is set on object 'Object Repository/Input_Corporate/Input_Konsumen/input_SID Name_form-control ng-untouched ng-pristine ng-invalid'

2022-03-30 15:04:01 - [TEST_STEP][PASSED] - delay(1): Delayed 1 second(s)

2022-03-30 15:04:02 - [MESSAGE][PASSED] - Delayed 1 second(s)

2022-03-30 15:04:02 - [TEST_STEP][PASSED] - scrollToElement(findTestObject("Object Repository/Input_Corporate/Input_Konsumen/i_Fax 2_ri-arrow-right-line"), 60, OPTIONAL): Scroll to object 'Object Repository/Input_Corporate/Input_Konsumen/i_Fax 2_ri-arrow-right-line' successfully

2022-03-30 15:04:22 - [MESSAGE][PASSED] - Scroll to object 'Object Repository/Input_Corporate/Input_Konsumen/i_Fax 2_ri-arrow-right-line' successfully

2022-03-30 15:04:22 - [TEST_STEP][PASSED] - delay(1): Delayed 1 second(s)

2022-03-30 15:04:23 - [MESSAGE][PASSED] - Delayed 1 second(s)

2022-03-30 15:04:23 - [TEST_STEP][PASSED] - click(findTestObject("Object Repository/Input_Corporate/Input_Konsumen/button_Surat Keterangan Domisili"), OPTIONAL): Object: 'Object Repository/Input_Corporate/Input_Konsumen/button_Surat Keterangan Domisili' is clicked on

2022-03-30 15:04:23 - [MESSAGE][PASSED] - Object: 'Object Repository/Input_Corporate/Input_Konsumen/button_Surat Keterangan Domisili' is clicked on

2022-03-30 15:04:23 - [TEST_STEP][PASSED] - delay(1): Delayed 1 second(s)

2022-03-30 15:04:24 - [MESSAGE][PASSED] - Delayed 1 second(s)

2022-03-30 15:04:24 - [TEST_STEP][PASSED] - takeFullPageScreenshotAsCheckpoint(userDir + sprint4WebScreenshootPath + "scenario-1-masuk-submenu-surat-keterangan-domisili.png"): Taking screenshot successfully

2022-03-30 15:04:25 - [MESSAGE][INFO] - 0 hidden object(s)

2022-03-30 15:04:26 - [MESSAGE][PASSED] - Taking screenshot successfully
[[ATTACHMENT|D:\PROJECT\BCA\BCAF_MEAPP_i3\BCAF_MEAPP_i3\Screenshoot\Sprint4\Web\keyes\keyes-scenario-1-masuk-submenu-surat-keterangan-domisili.png]]

2022-03-30 15:04:26 - [TEST_STEP][PASSED] - markPassed("scenario 1 - Masuk submenu surat keterangan domisili"): scenario 1 - Masuk submenu surat keterangan domisili

2022-03-30 15:04:26 - [MESSAGE][PASSED] - scenario 1 - Masuk submenu surat keterangan domisili

2022-03-30 15:04:26 - [TEST_STEP][PASSED] - delay(1): Delayed 1 second(s)

2022-03-30 15:04:27 - [MESSAGE][PASSED] - Delayed 1 second(s)

2022-03-30 15:04:27 - [TEST_STEP][PASSED] - click(findTestObject("Object Repository/Input_Corporate/Input_Konsumen/button_Capture_Domisili"), OPTIONAL): Object: 'Object Repository/Input_Corporate/Input_Konsumen/button_Capture_Domisili' is clicked on

2022-03-30 15:04:27 - [MESSAGE][PASSED] - Object: 'Object Repository/Input_Corporate/Input_Konsumen/button_Capture_Domisili' is clicked on

2022-03-30 15:04:27 - [TEST_STEP][PASSED] - delay(1): Delayed 1 second(s)

2022-03-30 15:04:28 - [MESSAGE][PASSED] - Delayed 1 second(s)

2022-03-30 15:04:28 - [TEST_STEP][PASSED] - uploadFile(findTestObject("Input_Corporate/Capture_"), userDir + cobaKTP, OPTIONAL): File 'D:/PROJECT/BCA/BCAF_MEAPP_i3/BCAF_MEAPP_i3/Assets/ktp_dummy.png' sent to object: 'Object Repository/Input_Corporate/Capture_'

2022-03-30 15:04:28 - [MESSAGE][PASSED] - File 'D:/PROJECT/BCA/BCAF_MEAPP_i3/BCAF_MEAPP_i3/Assets/ktp_dummy.png' sent to object: 'Object Repository/Input_Corporate/Capture_'

2022-03-30 15:04:28 - [TEST_STEP][PASSED] - delay(1): Delayed 1 second(s)

2022-03-30 15:04:29 - [MESSAGE][PASSED] - Delayed 1 second(s)

2022-03-30 15:04:29 - [TEST_STEP][PASSED] - takeFullPageScreenshotAsCheckpoint(userDir + sprint4WebScreenshootPath + "scenario-1-capture-surat-keterangan-domisili-berhasil.png"): Taking screenshot successfully

2022-03-30 15:04:30 - [MESSAGE][INFO] - 0 hidden object(s)

2022-03-30 15:04:31 - [MESSAGE][PASSED] - Taking screenshot successfully
[[ATTACHMENT|D:\PROJECT\BCA\BCAF_MEAPP_i3\BCAF_MEAPP_i3\Screenshoot\Sprint4\Web\keyes\keyes-scenario-1-capture-surat-keterangan-domisili-berhasil.png]]

2022-03-30 15:04:31 - [TEST_STEP][PASSED] - markPassed("scenario 1 - Capture surat keterangan domisili berhasil"): scenario 1 - Capture surat keterangan domisili berhasil

2022-03-30 15:04:31 - [MESSAGE][PASSED] - scenario 1 - Capture surat keterangan domisili berhasil

2022-03-30 15:04:31 - [TEST_STEP][PASSED] - delay(1): Delayed 1 second(s)

2022-03-30 15:04:32 - [MESSAGE][PASSED] - Delayed 1 second(s)

2022-03-30 15:04:32 - [TEST_STEP][PASSED] - click(findTestObject("Object Repository/Input_Corporate/Input_Konsumen/button_FAP"), OPTIONAL): Object: 'Object Repository/Input_Corporate/Input_Konsumen/button_FAP' is clicked on

2022-03-30 15:04:32 - [MESSAGE][PASSED] - Object: 'Object Repository/Input_Corporate/Input_Konsumen/button_FAP' is clicked on

2022-03-30 15:04:32 - [TEST_STEP][PASSED] - delay(1): Delayed 1 second(s)

2022-03-30 15:04:33 - [MESSAGE][PASSED] - Delayed 1 second(s)

2022-03-30 15:04:33 - [TEST_STEP][PASSED] - takeFullPageScreenshotAsCheckpoint(userDir + sprint4WebScreenshootPath + "scenario-1-Masuk-submenu-FAP.png"): Taking screenshot successfully

2022-03-30 15:04:34 - [MESSAGE][INFO] - 0 hidden object(s)

2022-03-30 15:04:35 - [MESSAGE][PASSED] - Taking screenshot successfully
[[ATTACHMENT|D:\PROJECT\BCA\BCAF_MEAPP_i3\BCAF_MEAPP_i3\Screenshoot\Sprint4\Web\keyes\keyes-scenario-1-Masuk-submenu-FAP.png]]

2022-03-30 15:04:35 - [TEST_STEP][PASSED] - markPassed("scenario 1 - Masuk submenu FAP"): scenario 1 - Masuk submenu FAP

2022-03-30 15:04:35 - [MESSAGE][PASSED] - scenario 1 - Masuk submenu FAP

2022-03-30 15:04:35 - [TEST_STEP][PASSED] - delay(1): Delayed 1 second(s)

2022-03-30 15:04:36 - [MESSAGE][PASSED] - Delayed 1 second(s)

2022-03-30 15:04:36 - [TEST_STEP][PASSED] - click(findTestObject("Object Repository/Input_Corporate/Input_Konsumen/a_Add Capture_FAP"), OPTIONAL): Object: 'Object Repository/Input_Corporate/Input_Konsumen/a_Add Capture_FAP' is clicked on

2022-03-30 15:04:37 - [MESSAGE][PASSED] - Object: 'Object Repository/Input_Corporate/Input_Konsumen/a_Add Capture_FAP' is clicked on

2022-03-30 15:04:37 - [TEST_STEP][PASSED] - delay(1): Delayed 1 second(s)

2022-03-30 15:04:38 - [MESSAGE][PASSED] - Delayed 1 second(s)

2022-03-30 15:04:38 - [TEST_STEP][PASSED] - uploadFile(findTestObject("Input_Corporate/Capture_"), userDir + cobaKTP, OPTIONAL): File 'D:/PROJECT/BCA/BCAF_MEAPP_i3/BCAF_MEAPP_i3/Assets/ktp_dummy.png' sent to object: 'Object Repository/Input_Corporate/Capture_'

2022-03-30 15:04:38 - [MESSAGE][PASSED] - File 'D:/PROJECT/BCA/BCAF_MEAPP_i3/BCAF_MEAPP_i3/Assets/ktp_dummy.png' sent to object: 'Object Repository/Input_Corporate/Capture_'

2022-03-30 15:04:38 - [TEST_STEP][PASSED] - delay(1): Delayed 1 second(s)

2022-03-30 15:04:39 - [MESSAGE][PASSED] - Delayed 1 second(s)

2022-03-30 15:04:39 - [TEST_STEP][PASSED] - setText(findTestObject("Object Repository/Input_Corporate/Input_Konsumen/input_Jenis Usaha_form-control ng-untouched ng-pristine ng-invalid"), konsumen_jenisUsaha, OPTIONAL): Text 'Kontruksi' is set on object 'Object Repository/Input_Corporate/Input_Konsumen/input_Jenis Usaha_form-control ng-untouched ng-pristine ng-invalid'

2022-03-30 15:04:40 - [MESSAGE][PASSED] - Text 'Kontruksi' is set on object 'Object Repository/Input_Corporate/Input_Konsumen/input_Jenis Usaha_form-control ng-untouched ng-pristine ng-invalid'

2022-03-30 15:04:40 - [TEST_STEP][PASSED] - delay(1): Delayed 1 second(s)

2022-03-30 15:04:41 - [MESSAGE][PASSED] - Delayed 1 second(s)

2022-03-30 15:04:41 - [TEST_STEP][PASSED] - setText(findTestObject("Object Repository/Input_Corporate/Input_Konsumen/input_Economy Code_form-control bcaf-autocomplete ng-untouched ng-pristine ng-invalid"), konsumen_economyCode, OPTIONAL): Text '010103' is set on object 'Object Repository/Input_Corporate/Input_Konsumen/input_Economy Code_form-control bcaf-autocomplete ng-untouched ng-pristine ng-invalid'

2022-03-30 15:04:41 - [MESSAGE][PASSED] - Text '010103' is set on object 'Object Repository/Input_Corporate/Input_Konsumen/input_Economy Code_form-control bcaf-autocomplete ng-untouched ng-pristine ng-invalid'

2022-03-30 15:04:41 - [TEST_STEP][PASSED] - delay(1): Delayed 1 second(s)

2022-03-30 15:04:42 - [MESSAGE][PASSED] - Delayed 1 second(s)

2022-03-30 15:04:42 - [TEST_STEP][PASSED] - waitForElementPresent(findTestObject("Object Repository/Input_Corporate/Input_Konsumen/li_010103 Pertanian  Kehutanan-Pertanian  Pupuk-Importir"), 100, OPTIONAL): Object 'Object Repository/Input_Corporate/Input_Konsumen/li_010103 Pertanian  Kehutanan-Pertanian  Pupuk-Importir' is present

2022-03-30 15:04:43 - [MESSAGE][PASSED] - Object 'Object Repository/Input_Corporate/Input_Konsumen/li_010103 Pertanian  Kehutanan-Pertanian  Pupuk-Importir' is present

2022-03-30 15:04:43 - [TEST_STEP][PASSED] - delay(1): Delayed 1 second(s)

2022-03-30 15:04:44 - [MESSAGE][PASSED] - Delayed 1 second(s)

2022-03-30 15:04:44 - [TEST_STEP][PASSED] - click(findTestObject("Object Repository/Input_Corporate/Input_Konsumen/li_010103 Pertanian  Kehutanan-Pertanian  Pupuk-Importir"), OPTIONAL): Object: 'Object Repository/Input_Corporate/Input_Konsumen/li_010103 Pertanian  Kehutanan-Pertanian  Pupuk-Importir' is clicked on

2022-03-30 15:04:44 - [MESSAGE][PASSED] - Object: 'Object Repository/Input_Corporate/Input_Konsumen/li_010103 Pertanian  Kehutanan-Pertanian  Pupuk-Importir' is clicked on

2022-03-30 15:04:44 - [TEST_STEP][PASSED] - delay(1): Delayed 1 second(s)

2022-03-30 15:04:45 - [MESSAGE][PASSED] - Delayed 1 second(s)

2022-03-30 15:04:45 - [TEST_STEP][PASSED] - setText(findTestObject("Object Repository/Input_Corporate/Input_Konsumen/input_Kode Lokasi Proyek_form"), konsumen_kodeLokasi, OPTIONAL): Text '1213' is set on object 'Object Repository/Input_Corporate/Input_Konsumen/input_Kode Lokasi Proyek_form'

2022-03-30 15:04:46 - [MESSAGE][PASSED] - Text '1213' is set on object 'Object Repository/Input_Corporate/Input_Konsumen/input_Kode Lokasi Proyek_form'

2022-03-30 15:04:46 - [TEST_STEP][PASSED] - delay(1): Delayed 1 second(s)

2022-03-30 15:04:47 - [MESSAGE][PASSED] - Delayed 1 second(s)

2022-03-30 15:04:47 - [TEST_STEP][PASSED] - waitForElementPresent(findTestObject("Object Repository/Input_Corporate/Input_Konsumen/li_1213 - MALANG,KAB"), 100, OPTIONAL): Object 'Object Repository/Input_Corporate/Input_Konsumen/li_1213 - MALANG,KAB' is present

2022-03-30 15:04:47 - [MESSAGE][PASSED] - Object 'Object Repository/Input_Corporate/Input_Konsumen/li_1213 - MALANG,KAB' is present

2022-03-30 15:04:47 - [TEST_STEP][PASSED] - delay(1): Delayed 1 second(s)

2022-03-30 15:04:48 - [MESSAGE][PASSED] - Delayed 1 second(s)

2022-03-30 15:04:48 - [TEST_STEP][PASSED] - click(findTestObject("Object Repository/Input_Corporate/Input_Konsumen/li_1213 - MALANG,KAB"), OPTIONAL): Object: 'Object Repository/Input_Corporate/Input_Konsumen/li_1213 - MALANG,KAB' is clicked on

2022-03-30 15:04:49 - [MESSAGE][PASSED] - Object: 'Object Repository/Input_Corporate/Input_Konsumen/li_1213 - MALANG,KAB' is clicked on

2022-03-30 15:04:49 - [TEST_STEP][PASSED] - delay(1): Delayed 1 second(s)

2022-03-30 15:04:50 - [MESSAGE][PASSED] - Delayed 1 second(s)

2022-03-30 15:04:50 - [TEST_STEP][PASSED] - setText(findTestObject("Object Repository/Input_Corporate/Input_Konsumen/input_Berdiri Sejak Tahun_form-control ng-untouched ng-pristine ng-invalid"), konsumen_tahunBerdiri, OPTIONAL): Text '1995' is set on object 'Object Repository/Input_Corporate/Input_Konsumen/input_Berdiri Sejak Tahun_form-control ng-untouched ng-pristine ng-invalid'

2022-03-30 15:04:50 - [MESSAGE][PASSED] - Text '1995' is set on object 'Object Repository/Input_Corporate/Input_Konsumen/input_Berdiri Sejak Tahun_form-control ng-untouched ng-pristine ng-invalid'

2022-03-30 15:04:50 - [TEST_STEP][PASSED] - delay(1): Delayed 1 second(s)

2022-03-30 15:04:51 - [MESSAGE][PASSED] - Delayed 1 second(s)

2022-03-30 15:04:51 - [TEST_STEP][PASSED] - setText(findTestObject("Object Repository/Input_Corporate/Input_Konsumen/input_Omzet Usaha per Tahun_form-control text-right ng-untouched ng-pristine ng-invalid"), konsumen_omzetUsaha, OPTIONAL): Text '10000000000' is set on object 'Object Repository/Input_Corporate/Input_Konsumen/input_Omzet Usaha per Tahun_form-control text-right ng-untouched ng-pristine ng-invalid'

2022-03-30 15:04:52 - [MESSAGE][PASSED] - Text '10000000000' is set on object 'Object Repository/Input_Corporate/Input_Konsumen/input_Omzet Usaha per Tahun_form-control text-right ng-untouched ng-pristine ng-invalid'

2022-03-30 15:04:52 - [TEST_STEP][PASSED] - delay(1): Delayed 1 second(s)

2022-03-30 15:04:53 - [MESSAGE][PASSED] - Delayed 1 second(s)

2022-03-30 15:04:53 - [TEST_STEP][PASSED] - setText(findTestObject("Object Repository/Input_Corporate/Input_Konsumen/input_No. Rekening BCA_form-control ng-untouched ng-pristine ng-valid"), konsumen_noRekBCA, OPTIONAL): Text '413514512' is set on object 'Object Repository/Input_Corporate/Input_Konsumen/input_No. Rekening BCA_form-control ng-untouched ng-pristine ng-valid'

2022-03-30 15:04:54 - [MESSAGE][PASSED] - Text '413514512' is set on object 'Object Repository/Input_Corporate/Input_Konsumen/input_No. Rekening BCA_form-control ng-untouched ng-pristine ng-valid'

2022-03-30 15:04:54 - [TEST_STEP][PASSED] - delay(1): Delayed 1 second(s)

2022-03-30 15:04:55 - [MESSAGE][PASSED] - Delayed 1 second(s)

2022-03-30 15:04:55 - [TEST_STEP][PASSED] - setText(findTestObject("Object Repository/Input_Corporate/Input_Konsumen/input_Alamat Perusahaan_form-control ng-untouched ng-pristine ng-invalid"), konsumen_alamatPT, OPTIONAL): Text 'Jakarta, No. 45' is set on object 'Object Repository/Input_Corporate/Input_Konsumen/input_Alamat Perusahaan_form-control ng-untouched ng-pristine ng-invalid'

2022-03-30 15:04:56 - [MESSAGE][PASSED] - Text 'Jakarta, No. 45' is set on object 'Object Repository/Input_Corporate/Input_Konsumen/input_Alamat Perusahaan_form-control ng-untouched ng-pristine ng-invalid'

2022-03-30 15:04:56 - [TEST_STEP][PASSED] - delay(1): Delayed 1 second(s)

2022-03-30 15:04:57 - [MESSAGE][PASSED] - Delayed 1 second(s)

2022-03-30 15:04:57 - [TEST_STEP][PASSED] - setText(findTestObject("Object Repository/Input_Corporate/Input_Konsumen/input_Provinsi_form-control bcaf-autocomplete ng-untouched ng-pristine ng-invalid"), konsumen_provinsi, OPTIONAL): Text 'JAWA TIMUR' is set on object 'Object Repository/Input_Corporate/Input_Konsumen/input_Provinsi_form-control bcaf-autocomplete ng-untouched ng-pristine ng-invalid'

2022-03-30 15:04:58 - [MESSAGE][PASSED] - Text 'JAWA TIMUR' is set on object 'Object Repository/Input_Corporate/Input_Konsumen/input_Provinsi_form-control bcaf-autocomplete ng-untouched ng-pristine ng-invalid'

2022-03-30 15:04:58 - [TEST_STEP][PASSED] - delay(1): Delayed 1 second(s)

2022-03-30 15:04:59 - [MESSAGE][PASSED] - Delayed 1 second(s)

2022-03-30 15:04:59 - [TEST_STEP][PASSED] - waitForElementPresent(findTestObject("Object Repository/Input_Corporate/Input_Konsumen/li_JAWA TIMUR"), 100, OPTIONAL): Object 'Object Repository/Input_Corporate/Input_Konsumen/li_JAWA TIMUR' is present

2022-03-30 15:04:59 - [MESSAGE][PASSED] - Object 'Object Repository/Input_Corporate/Input_Konsumen/li_JAWA TIMUR' is present

2022-03-30 15:04:59 - [TEST_STEP][PASSED] - delay(1): Delayed 1 second(s)

2022-03-30 15:05:00 - [MESSAGE][PASSED] - Delayed 1 second(s)

2022-03-30 15:05:00 - [TEST_STEP][PASSED] - click(findTestObject("Object Repository/Input_Corporate/Input_Konsumen/li_JAWA TIMUR"), OPTIONAL): Object: 'Object Repository/Input_Corporate/Input_Konsumen/li_JAWA TIMUR' is clicked on

2022-03-30 15:05:00 - [MESSAGE][PASSED] - Object: 'Object Repository/Input_Corporate/Input_Konsumen/li_JAWA TIMUR' is clicked on

2022-03-30 15:05:00 - [TEST_STEP][PASSED] - delay(1): Delayed 1 second(s)

2022-03-30 15:05:01 - [MESSAGE][PASSED] - Delayed 1 second(s)

2022-03-30 15:05:01 - [TEST_STEP][PASSED] - setText(findTestObject("Object Repository/Input_Corporate/Input_Konsumen/input_KabKota_form-control bcaf-autocomplete ng-untouched ng-pristine ng-invalid"), konsumen_kabKota, OPTIONAL): Text 'Malang' is set on object 'Object Repository/Input_Corporate/Input_Konsumen/input_KabKota_form-control bcaf-autocomplete ng-untouched ng-pristine ng-invalid'

2022-03-30 15:05:02 - [MESSAGE][PASSED] - Text 'Malang' is set on object 'Object Repository/Input_Corporate/Input_Konsumen/input_KabKota_form-control bcaf-autocomplete ng-untouched ng-pristine ng-invalid'

2022-03-30 15:05:02 - [TEST_STEP][PASSED] - delay(1): Delayed 1 second(s)

2022-03-30 15:05:03 - [MESSAGE][PASSED] - Delayed 1 second(s)

2022-03-30 15:05:03 - [TEST_STEP][PASSED] - waitForElementPresent(findTestObject("Object Repository/Input_Corporate/Input_Konsumen/li_MALANG"), 100, OPTIONAL): Object 'Object Repository/Input_Corporate/Input_Konsumen/li_MALANG' is present

2022-03-30 15:05:04 - [MESSAGE][PASSED] - Object 'Object Repository/Input_Corporate/Input_Konsumen/li_MALANG' is present

2022-03-30 15:05:04 - [TEST_STEP][PASSED] - delay(1): Delayed 1 second(s)

2022-03-30 15:05:05 - [MESSAGE][PASSED] - Delayed 1 second(s)

2022-03-30 15:05:05 - [TEST_STEP][PASSED] - click(findTestObject("Object Repository/Input_Corporate/Input_Konsumen/li_MALANG"), OPTIONAL): Object: 'Object Repository/Input_Corporate/Input_Konsumen/li_MALANG' is clicked on

2022-03-30 15:05:05 - [MESSAGE][PASSED] - Object: 'Object Repository/Input_Corporate/Input_Konsumen/li_MALANG' is clicked on

2022-03-30 15:05:05 - [TEST_STEP][PASSED] - delay(1): Delayed 1 second(s)

2022-03-30 15:05:06 - [MESSAGE][PASSED] - Delayed 1 second(s)

2022-03-30 15:05:06 - [TEST_STEP][PASSED] - setText(findTestObject("Object Repository/Input_Corporate/Input_Konsumen/input_Kecamatan_form-control bcaf-autocomplete ng-untouched ng-pristine ng-invalid"), konsumen_kecamantan, OPTIONAL): Text 'lowokwaru' is set on object 'Object Repository/Input_Corporate/Input_Konsumen/input_Kecamatan_form-control bcaf-autocomplete ng-untouched ng-pristine ng-invalid'

2022-03-30 15:05:07 - [MESSAGE][PASSED] - Text 'lowokwaru' is set on object 'Object Repository/Input_Corporate/Input_Konsumen/input_Kecamatan_form-control bcaf-autocomplete ng-untouched ng-pristine ng-invalid'

2022-03-30 15:05:07 - [TEST_STEP][PASSED] - delay(1): Delayed 1 second(s)

2022-03-30 15:05:08 - [MESSAGE][PASSED] - Delayed 1 second(s)

2022-03-30 15:05:08 - [TEST_STEP][PASSED] - waitForElementPresent(findTestObject("Object Repository/Input_Corporate/Input_Konsumen/li_LOWOKWARU"), 0, OPTIONAL): Object 'Object Repository/Input_Corporate/Input_Konsumen/li_LOWOKWARU' is present

2022-03-30 15:05:08 - [MESSAGE][WARNING] - Timeout '0' is invalid. Using default page load timeout: '30'

2022-03-30 15:05:08 - [MESSAGE][PASSED] - Object 'Object Repository/Input_Corporate/Input_Konsumen/li_LOWOKWARU' is present

2022-03-30 15:05:08 - [TEST_STEP][PASSED] - delay(1): Delayed 1 second(s)

2022-03-30 15:05:09 - [MESSAGE][PASSED] - Delayed 1 second(s)

2022-03-30 15:05:09 - [TEST_STEP][PASSED] - click(findTestObject("Object Repository/Input_Corporate/Input_Konsumen/li_LOWOKWARU"), OPTIONAL): Object: 'Object Repository/Input_Corporate/Input_Konsumen/li_LOWOKWARU' is clicked on

2022-03-30 15:05:10 - [MESSAGE][PASSED] - Object: 'Object Repository/Input_Corporate/Input_Konsumen/li_LOWOKWARU' is clicked on

2022-03-30 15:05:10 - [TEST_STEP][PASSED] - delay(1): Delayed 1 second(s)

2022-03-30 15:05:11 - [MESSAGE][PASSED] - Delayed 1 second(s)

2022-03-30 15:05:11 - [TEST_STEP][PASSED] - setText(findTestObject("Object Repository/Input_Corporate/Input_Konsumen/input_Kelurahan_form-control bcaf-autocomplete ng-untouched ng-pristine ng-invalid"), konsumen_kelurahan, OPTIONAL): Text 'ketawanggede' is set on object 'Object Repository/Input_Corporate/Input_Konsumen/input_Kelurahan_form-control bcaf-autocomplete ng-untouched ng-pristine ng-invalid'

2022-03-30 15:05:11 - [MESSAGE][PASSED] - Text 'ketawanggede' is set on object 'Object Repository/Input_Corporate/Input_Konsumen/input_Kelurahan_form-control bcaf-autocomplete ng-untouched ng-pristine ng-invalid'

2022-03-30 15:05:11 - [TEST_STEP][PASSED] - delay(1): Delayed 1 second(s)

2022-03-30 15:05:12 - [MESSAGE][PASSED] - Delayed 1 second(s)

2022-03-30 15:05:12 - [TEST_STEP][PASSED] - waitForElementPresent(findTestObject("Object Repository/Input_Corporate/Input_Konsumen/li_KETAWANGGEDE"), 100, OPTIONAL): Object 'Object Repository/Input_Corporate/Input_Konsumen/li_KETAWANGGEDE' is present

2022-03-30 15:05:13 - [MESSAGE][PASSED] - Object 'Object Repository/Input_Corporate/Input_Konsumen/li_KETAWANGGEDE' is present

2022-03-30 15:05:13 - [TEST_STEP][PASSED] - delay(1): Delayed 1 second(s)

2022-03-30 15:05:14 - [MESSAGE][PASSED] - Delayed 1 second(s)

2022-03-30 15:05:14 - [TEST_STEP][PASSED] - click(findTestObject("Object Repository/Input_Corporate/Input_Konsumen/li_KETAWANGGEDE"), OPTIONAL): Object: 'Object Repository/Input_Corporate/Input_Konsumen/li_KETAWANGGEDE' is clicked on

2022-03-30 15:05:14 - [MESSAGE][PASSED] - Object: 'Object Repository/Input_Corporate/Input_Konsumen/li_KETAWANGGEDE' is clicked on

2022-03-30 15:05:14 - [TEST_STEP][PASSED] - delay(1): Delayed 1 second(s)

2022-03-30 15:05:15 - [MESSAGE][PASSED] - Delayed 1 second(s)

2022-03-30 15:05:15 - [TEST_STEP][PASSED] - setText(findTestObject("Object Repository/Input_Corporate/Input_Konsumen/input_Kode Pos_form-control bcaf-autocomplete ng-untouched ng-pristine ng-invalid"), konsumen_kodePos, OPTIONAL): Text '65145' is set on object 'Object Repository/Input_Corporate/Input_Konsumen/input_Kode Pos_form-control bcaf-autocomplete ng-untouched ng-pristine ng-invalid'

2022-03-30 15:05:16 - [MESSAGE][PASSED] - Text '65145' is set on object 'Object Repository/Input_Corporate/Input_Konsumen/input_Kode Pos_form-control bcaf-autocomplete ng-untouched ng-pristine ng-invalid'

2022-03-30 15:05:16 - [TEST_STEP][PASSED] - delay(1): Delayed 1 second(s)

2022-03-30 15:05:17 - [MESSAGE][PASSED] - Delayed 1 second(s)

2022-03-30 15:05:17 - [TEST_STEP][PASSED] - waitForElementPresent(findTestObject("Object Repository/Input_Corporate/Input_Konsumen/li_65145"), 100, OPTIONAL): Object 'Object Repository/Input_Corporate/Input_Konsumen/li_65145' is present

2022-03-30 15:05:17 - [MESSAGE][PASSED] - Object 'Object Repository/Input_Corporate/Input_Konsumen/li_65145' is present

2022-03-30 15:05:17 - [TEST_STEP][PASSED] - delay(1): Delayed 1 second(s)

2022-03-30 15:05:18 - [MESSAGE][PASSED] - Delayed 1 second(s)

2022-03-30 15:05:18 - [TEST_STEP][PASSED] - click(findTestObject("Object Repository/Input_Corporate/Input_Konsumen/li_65145"), OPTIONAL): Object: 'Object Repository/Input_Corporate/Input_Konsumen/li_65145' is clicked on

2022-03-30 15:05:19 - [MESSAGE][PASSED] - Object: 'Object Repository/Input_Corporate/Input_Konsumen/li_65145' is clicked on

2022-03-30 15:05:19 - [TEST_STEP][PASSED] - delay(1): Delayed 1 second(s)

2022-03-30 15:05:20 - [MESSAGE][PASSED] - Delayed 1 second(s)

2022-03-30 15:05:20 - [TEST_STEP][PASSED] - takeFullPageScreenshotAsCheckpoint(userDir + sprint4WebScreenshootPath + "scenario-1-Input-data-FAP.png"): Taking screenshot successfully

2022-03-30 15:05:21 - [MESSAGE][INFO] - 0 hidden object(s)

2022-03-30 15:05:22 - [MESSAGE][PASSED] - Taking screenshot successfully
[[ATTACHMENT|D:\PROJECT\BCA\BCAF_MEAPP_i3\BCAF_MEAPP_i3\Screenshoot\Sprint4\Web\keyes\keyes-scenario-1-Input-data-FAP.png]]

2022-03-30 15:05:22 - [TEST_STEP][PASSED] - markPassed("scenario 1 - Input data FAP"): scenario 1 - Input data FAP

2022-03-30 15:05:22 - [MESSAGE][PASSED] - scenario 1 - Input data FAP

2022-03-30 15:05:22 - [TEST_STEP][PASSED] - delay(1): Delayed 1 second(s)

2022-03-30 15:05:23 - [MESSAGE][PASSED] - Delayed 1 second(s)

2022-03-30 15:05:23 - [TEST_STEP][PASSED] - scrollToElement(findTestObject("Object Repository/Input_Corporate/Input_Konsumen/i_Fax 2_ri-arrow-right-line"), 60, OPTIONAL): Scroll to object 'Object Repository/Input_Corporate/Input_Konsumen/i_Fax 2_ri-arrow-right-line' successfully

2022-03-30 15:05:23 - [MESSAGE][PASSED] - Scroll to object 'Object Repository/Input_Corporate/Input_Konsumen/i_Fax 2_ri-arrow-right-line' successfully

2022-03-30 15:05:23 - [TEST_STEP][PASSED] - click(findTestObject("Object Repository/Input_Corporate/Input_Konsumen/input_Alamat Pengiriman Surat  Alamat Perusahaan_isAlamatPengirimanSurat"), OPTIONAL): Object: 'Object Repository/Input_Corporate/Input_Konsumen/input_Alamat Pengiriman Surat  Alamat Perusahaan_isAlamatPengirimanSurat' is clicked on

2022-03-30 15:05:47 - [MESSAGE][PASSED] - Object: 'Object Repository/Input_Corporate/Input_Konsumen/input_Alamat Pengiriman Surat  Alamat Perusahaan_isAlamatPengirimanSurat' is clicked on

2022-03-30 15:05:47 - [TEST_STEP][PASSED] - delay(1): Delayed 1 second(s)

2022-03-30 15:05:48 - [MESSAGE][PASSED] - Delayed 1 second(s)

2022-03-30 15:05:48 - [TEST_STEP][PASSED] - setText(findTestObject("Object Repository/Input_Corporate/Input_Konsumen/input_Email_form-control ng-untouched ng-pristine ng-valid"), konsumen_email, OPTIONAL): Text 'contoh@gmail.com' is set on object 'Object Repository/Input_Corporate/Input_Konsumen/input_Email_form-control ng-untouched ng-pristine ng-valid'

2022-03-30 15:05:49 - [MESSAGE][PASSED] - Text 'contoh@gmail.com' is set on object 'Object Repository/Input_Corporate/Input_Konsumen/input_Email_form-control ng-untouched ng-pristine ng-valid'

2022-03-30 15:05:49 - [TEST_STEP][PASSED] - delay(1): Delayed 1 second(s)

2022-03-30 15:05:50 - [MESSAGE][PASSED] - Delayed 1 second(s)

2022-03-30 15:05:50 - [TEST_STEP][PASSED] - setText(findTestObject("Object Repository/Input_Corporate/Input_Konsumen/input_Telepon 1_form-control ng-untouched ng-pristine ng-valid"), konsumen_telepon1, OPTIONAL): Text '089773662555' is set on object 'Object Repository/Input_Corporate/Input_Konsumen/input_Telepon 1_form-control ng-untouched ng-pristine ng-valid'

2022-03-30 15:05:51 - [MESSAGE][PASSED] - Text '089773662555' is set on object 'Object Repository/Input_Corporate/Input_Konsumen/input_Telepon 1_form-control ng-untouched ng-pristine ng-valid'

2022-03-30 15:05:51 - [TEST_STEP][PASSED] - delay(1): Delayed 1 second(s)

2022-03-30 15:05:52 - [MESSAGE][PASSED] - Delayed 1 second(s)

2022-03-30 15:05:52 - [TEST_STEP][PASSED] - takeFullPageScreenshotAsCheckpoint(userDir + sprint4WebScreenshootPath + "scenario-1-Input-data-alamat-pengirim-surat.png"): Taking screenshot successfully

2022-03-30 15:05:53 - [MESSAGE][INFO] - 0 hidden object(s)

2022-03-30 15:05:54 - [MESSAGE][PASSED] - Taking screenshot successfully
[[ATTACHMENT|D:\PROJECT\BCA\BCAF_MEAPP_i3\BCAF_MEAPP_i3\Screenshoot\Sprint4\Web\keyes\keyes-scenario-1-Input-data-alamat-pengirim-surat.png]]

2022-03-30 15:05:54 - [TEST_STEP][PASSED] - markPassed("scenario 1 - Input data alamat pengirim surat"): scenario 1 - Input data alamat pengirim surat

2022-03-30 15:05:54 - [MESSAGE][PASSED] - scenario 1 - Input data alamat pengirim surat

2022-03-30 15:05:54 - [TEST_STEP][PASSED] - scrollToPosition(0, 0, OPTIONAL): Browser is scrolled to position x = 0, y = 0

2022-03-30 15:05:54 - [MESSAGE][PASSED] - Browser is scrolled to position x = 0, y = 0

2022-03-30 15:05:54 - [TEST_STEP][PASSED] - delay(2): Delayed 2 second(s)

2022-03-30 15:05:56 - [MESSAGE][PASSED] - Delayed 2 second(s)

2022-03-30 15:05:56 - [TEST_STEP][PASSED] - delay(1): Delayed 1 second(s)

2022-03-30 15:05:57 - [MESSAGE][PASSED] - Delayed 1 second(s)

2022-03-30 15:05:57 - [TEST_STEP][PASSED] - click(findTestObject("Input_Corporate/Pengurus/1_a_Pengurus"), OPTIONAL): Object: 'Object Repository/Input_Corporate/Pengurus/1_a_Pengurus' is clicked on

2022-03-30 15:05:57 - [MESSAGE][PASSED] - Object: 'Object Repository/Input_Corporate/Pengurus/1_a_Pengurus' is clicked on

2022-03-30 15:05:57 - [TEST_STEP][PASSED] - delay(1): Delayed 1 second(s)

2022-03-30 15:05:58 - [MESSAGE][PASSED] - Delayed 1 second(s)

2022-03-30 15:05:58 - [TEST_STEP][PASSED] - takeFullPageScreenshotAsCheckpoint(userDir + sprint4WebScreenshootPath + "scenario-1-Input-data-pengurus.png"): Taking screenshot successfully

2022-03-30 15:05:59 - [MESSAGE][INFO] - 0 hidden object(s)

2022-03-30 15:05:59 - [MESSAGE][PASSED] - Taking screenshot successfully
[[ATTACHMENT|D:\PROJECT\BCA\BCAF_MEAPP_i3\BCAF_MEAPP_i3\Screenshoot\Sprint4\Web\keyes\keyes-scenario-1-Input-data-pengurus.png]]

2022-03-30 15:05:59 - [TEST_STEP][PASSED] - markPassed("scenario 1 - Input data pengurus"): scenario 1 - Input data pengurus

2022-03-30 15:05:59 - [MESSAGE][PASSED] - scenario 1 - Input data pengurus

2022-03-30 15:05:59 - [TEST_STEP][PASSED] - delay(1): Delayed 1 second(s)

2022-03-30 15:06:00 - [MESSAGE][PASSED] - Delayed 1 second(s)

2022-03-30 15:06:00 - [TEST_STEP][PASSED] - click(findTestObject("Input_Corporate/Pengurus/2_i_Add_ri-file-add-line ( Add_Pengurus )"), OPTIONAL): Object: 'Object Repository/Input_Corporate/Pengurus/2_i_Add_ri-file-add-line ( Add_Pengurus )' is clicked on

2022-03-30 15:06:00 - [MESSAGE][PASSED] - Object: 'Object Repository/Input_Corporate/Pengurus/2_i_Add_ri-file-add-line ( Add_Pengurus )' is clicked on

2022-03-30 15:06:00 - [TEST_STEP][PASSED] - delay(1): Delayed 1 second(s)

2022-03-30 15:06:01 - [MESSAGE][PASSED] - Delayed 1 second(s)

2022-03-30 15:06:01 - [TEST_STEP][PASSED] - click(findTestObject("Input_Corporate/Pengurus/3_button_Pengurus 1"), OPTIONAL): Object: 'Object Repository/Input_Corporate/Pengurus/3_button_Pengurus 1' is clicked on

2022-03-30 15:06:02 - [MESSAGE][PASSED] - Object: 'Object Repository/Input_Corporate/Pengurus/3_button_Pengurus 1' is clicked on

2022-03-30 15:06:02 - [TEST_STEP][PASSED] - delay(1): Delayed 1 second(s)

2022-03-30 15:06:03 - [MESSAGE][PASSED] - Delayed 1 second(s)

2022-03-30 15:06:03 - [TEST_STEP][PASSED] - takeFullPageScreenshotAsCheckpoint(userDir + sprint4WebScreenshootPath + "scenario-1-Masuk-submenu-data-pengurus-1.png"): Taking screenshot successfully

2022-03-30 15:06:04 - [MESSAGE][INFO] - 0 hidden object(s)

2022-03-30 15:06:04 - [MESSAGE][PASSED] - Taking screenshot successfully
[[ATTACHMENT|D:\PROJECT\BCA\BCAF_MEAPP_i3\BCAF_MEAPP_i3\Screenshoot\Sprint4\Web\keyes\keyes-scenario-1-Masuk-submenu-data-pengurus-1.png]]

2022-03-30 15:06:04 - [TEST_STEP][PASSED] - markPassed("scenario 1 - Masuk submenu data pengurus 1"): scenario 1 - Masuk submenu data pengurus 1

2022-03-30 15:06:04 - [MESSAGE][PASSED] - scenario 1 - Masuk submenu data pengurus 1

2022-03-30 15:06:04 - [TEST_STEP][PASSED] - delay(1): Delayed 1 second(s)

2022-03-30 15:06:05 - [MESSAGE][PASSED] - Delayed 1 second(s)

2022-03-30 15:06:05 - [TEST_STEP][PASSED] - click(findTestObject("Input_Corporate/Pengurus/4_a_Capture File"), OPTIONAL): Object: 'Object Repository/Input_Corporate/Pengurus/4_a_Capture File' is clicked on

2022-03-30 15:06:05 - [MESSAGE][PASSED] - Object: 'Object Repository/Input_Corporate/Pengurus/4_a_Capture File' is clicked on

2022-03-30 15:06:05 - [TEST_STEP][PASSED] - delay(1): Delayed 1 second(s)

2022-03-30 15:06:06 - [MESSAGE][PASSED] - Delayed 1 second(s)

2022-03-30 15:06:06 - [TEST_STEP][PASSED] - uploadFile(findTestObject("Input_Corporate/Capture_"), userDir + cobaKTP, OPTIONAL): File 'D:/PROJECT/BCA/BCAF_MEAPP_i3/BCAF_MEAPP_i3/Assets/ktp_dummy.png' sent to object: 'Object Repository/Input_Corporate/Capture_'

2022-03-30 15:06:07 - [MESSAGE][PASSED] - File 'D:/PROJECT/BCA/BCAF_MEAPP_i3/BCAF_MEAPP_i3/Assets/ktp_dummy.png' sent to object: 'Object Repository/Input_Corporate/Capture_'

2022-03-30 15:06:07 - [TEST_STEP][PASSED] - delay(1): Delayed 1 second(s)

2022-03-30 15:06:08 - [MESSAGE][PASSED] - Delayed 1 second(s)

2022-03-30 15:06:08 - [TEST_STEP][PASSED] - waitForElementClickable(findTestObject("Input_Corporate/Pengurus/5_input_Name_form-control ng-untouched ng-pristine ng-invalid"), 300): Object 'Object Repository/Input_Corporate/Pengurus/5_input_Name_form-control ng-untouched ng-pristine ng-invalid' is clickable

2022-03-30 15:06:18 - [MESSAGE][PASSED] - Object 'Object Repository/Input_Corporate/Pengurus/5_input_Name_form-control ng-untouched ng-pristine ng-invalid' is clickable

2022-03-30 15:06:18 - [TEST_STEP][PASSED] - delay(1): Delayed 1 second(s)

2022-03-30 15:06:19 - [MESSAGE][PASSED] - Delayed 1 second(s)

2022-03-30 15:06:19 - [TEST_STEP][PASSED] - takeFullPageScreenshotAsCheckpoint(userDir + sprint4WebScreenshootPath + "scenario-1-Berhasil-input-otomatis-data-pengurus-berdasarkan-data-capture-ktp-pengurus-yang-di-capture.png"): Taking screenshot successfully

2022-03-30 15:06:20 - [MESSAGE][INFO] - 0 hidden object(s)

2022-03-30 15:06:21 - [MESSAGE][PASSED] - Taking screenshot successfully
[[ATTACHMENT|D:\PROJECT\BCA\BCAF_MEAPP_i3\BCAF_MEAPP_i3\Screenshoot\Sprint4\Web\keyes\keyes-scenario-1-Berhasil-input-otomatis-data-pengurus-berdasarkan-data-capture-ktp-pengurus-yang-di-capture.png]]

2022-03-30 15:06:21 - [TEST_STEP][PASSED] - markPassed("scenario 1 - Berhasil input otomatis data pengurus berdasarkan data capture ktp pengurus yang di capture "): scenario 1 - Berhasil input otomatis data pengurus berdasarkan data capture ktp pengurus yang di capture 

2022-03-30 15:06:21 - [MESSAGE][PASSED] - scenario 1 - Berhasil input otomatis data pengurus berdasarkan data capture ktp pengurus yang di capture 

2022-03-30 15:06:21 - [TEST_STEP][PASSED] - delay(1): Delayed 1 second(s)

2022-03-30 15:06:22 - [MESSAGE][PASSED] - Delayed 1 second(s)

2022-03-30 15:06:22 - [TEST_STEP][PASSED] - setText(findTestObject("Input_Corporate/Pengurus/8_input_SID Pengurus_form-control ng-pristine ng-invalid is-invalid ng-touched"), pengurus_SID, OPTIONAL): Text '3345434656' is set on object 'Object Repository/Input_Corporate/Pengurus/8_input_SID Pengurus_form-control ng-pristine ng-invalid is-invalid ng-touched'

2022-03-30 15:06:22 - [MESSAGE][PASSED] - Text '3345434656' is set on object 'Object Repository/Input_Corporate/Pengurus/8_input_SID Pengurus_form-control ng-pristine ng-invalid is-invalid ng-touched'

2022-03-30 15:06:22 - [TEST_STEP][PASSED] - delay(1): Delayed 1 second(s)

2022-03-30 15:06:23 - [MESSAGE][PASSED] - Delayed 1 second(s)

2022-03-30 15:06:23 - [TEST_STEP][PASSED] - scrollToElement(findTestObject("Input_Corporate/Pengurus/2_i_Add_ri-file-add-line ( Add_Pengurus )"), 30, OPTIONAL): Scroll to object 'Object Repository/Input_Corporate/Pengurus/2_i_Add_ri-file-add-line ( Add_Pengurus )' successfully

2022-03-30 15:06:24 - [MESSAGE][PASSED] - Scroll to object 'Object Repository/Input_Corporate/Pengurus/2_i_Add_ri-file-add-line ( Add_Pengurus )' successfully

2022-03-30 15:06:24 - [TEST_STEP][PASSED] - delay(1): Delayed 1 second(s)

2022-03-30 15:06:25 - [MESSAGE][PASSED] - Delayed 1 second(s)

2022-03-30 15:06:25 - [TEST_STEP][PASSED] - setText(findTestObject("Input_Corporate/Pengurus/15_input_Kode Pos_form-control bcaf-autocomplete ng-pristine ng-invalid ng-touched"), pengurus_kodePos, OPTIONAL): Text '56643' is set on object 'Object Repository/Input_Corporate/Pengurus/15_input_Kode Pos_form-control bcaf-autocomplete ng-pristine ng-invalid ng-touched'

2022-03-30 15:06:25 - [MESSAGE][PASSED] - Text '56643' is set on object 'Object Repository/Input_Corporate/Pengurus/15_input_Kode Pos_form-control bcaf-autocomplete ng-pristine ng-invalid ng-touched'

2022-03-30 15:06:25 - [TEST_STEP][PASSED] - delay(1): Delayed 1 second(s)

2022-03-30 15:06:26 - [MESSAGE][PASSED] - Delayed 1 second(s)

2022-03-30 15:06:26 - [TEST_STEP][PASSED] - click(findTestObject("Input_Corporate/Pengurus/13_div_Pilih Role"), OPTIONAL): Object: 'Object Repository/Input_Corporate/Pengurus/13_div_Pilih Role' is clicked on

2022-03-30 15:06:27 - [MESSAGE][PASSED] - Object: 'Object Repository/Input_Corporate/Pengurus/13_div_Pilih Role' is clicked on

2022-03-30 15:06:27 - [TEST_STEP][PASSED] - delay(1): Delayed 1 second(s)

2022-03-30 15:06:28 - [MESSAGE][PASSED] - Delayed 1 second(s)

2022-03-30 15:06:28 - [TEST_STEP][PASSED] - setText(findTestObject("Input_Corporate/Pengurus/13_div_Pilih Role"), pengurus_role, OPTIONAL): Text 'not set' is set on object 'Object Repository/Input_Corporate/Pengurus/13_div_Pilih Role'

2022-03-30 15:06:29 - [MESSAGE][PASSED] - Text 'not set' is set on object 'Object Repository/Input_Corporate/Pengurus/13_div_Pilih Role'

2022-03-30 15:06:29 - [TEST_STEP][PASSED] - delay(1): Delayed 1 second(s)

2022-03-30 15:06:30 - [MESSAGE][PASSED] - Delayed 1 second(s)

2022-03-30 15:06:30 - [TEST_STEP][PASSED] - click(findTestObject("Input_Corporate/Pengurus/14_div_Not Set"), OPTIONAL): Object: 'Object Repository/Input_Corporate/Pengurus/14_div_Not Set' is clicked on

2022-03-30 15:06:30 - [MESSAGE][PASSED] - Object: 'Object Repository/Input_Corporate/Pengurus/14_div_Not Set' is clicked on

2022-03-30 15:06:30 - [TEST_STEP][PASSED] - delay(1): Delayed 1 second(s)

2022-03-30 15:06:31 - [MESSAGE][PASSED] - Delayed 1 second(s)

2022-03-30 15:06:31 - [TEST_STEP][PASSED] - click(findTestObject("Input_Corporate/Pengurus/21_div_Pilih Jabatan"), OPTIONAL): Object: 'Object Repository/Input_Corporate/Pengurus/21_div_Pilih Jabatan' is clicked on

2022-03-30 15:06:32 - [MESSAGE][PASSED] - Object: 'Object Repository/Input_Corporate/Pengurus/21_div_Pilih Jabatan' is clicked on

2022-03-30 15:06:32 - [TEST_STEP][PASSED] - delay(1): Delayed 1 second(s)

2022-03-30 15:06:33 - [MESSAGE][PASSED] - Delayed 1 second(s)

2022-03-30 15:06:33 - [TEST_STEP][PASSED] - setText(findTestObject("Object Repository/Input_Corporate/Pengurus/21_div_Pilih Jabatan"), pengurus_jabatan, OPTIONAL): Text 'komisaris utama' is set on object 'Object Repository/Input_Corporate/Pengurus/21_div_Pilih Jabatan'

2022-03-30 15:06:33 - [MESSAGE][PASSED] - Text 'komisaris utama' is set on object 'Object Repository/Input_Corporate/Pengurus/21_div_Pilih Jabatan'

2022-03-30 15:06:33 - [TEST_STEP][PASSED] - delay(1): Delayed 1 second(s)

2022-03-30 15:06:34 - [MESSAGE][PASSED] - Delayed 1 second(s)

2022-03-30 15:06:34 - [TEST_STEP][PASSED] - click(findTestObject("Input_Corporate/Pengurus/22_span_Komisaris Utama"), OPTIONAL): Object: 'Object Repository/Input_Corporate/Pengurus/22_span_Komisaris Utama' is clicked on

2022-03-30 15:06:35 - [MESSAGE][PASSED] - Object: 'Object Repository/Input_Corporate/Pengurus/22_span_Komisaris Utama' is clicked on

2022-03-30 15:06:35 - [TEST_STEP][PASSED] - takeFullPageScreenshotAsCheckpoint(userDir + sprint4WebScreenshootPath + "scenario-1-Berhasil-input-otomatis-data-pengurus-1.png"): Taking screenshot successfully

2022-03-30 15:06:36 - [MESSAGE][INFO] - 0 hidden object(s)

2022-03-30 15:06:36 - [MESSAGE][PASSED] - Taking screenshot successfully
[[ATTACHMENT|D:\PROJECT\BCA\BCAF_MEAPP_i3\BCAF_MEAPP_i3\Screenshoot\Sprint4\Web\keyes\keyes-scenario-1-Berhasil-input-otomatis-data-pengurus-1.png]]

2022-03-30 15:06:36 - [TEST_STEP][PASSED] - markPassed("scenario 1 - Berhasil input data pengurus 1"): scenario 1 - Berhasil input data pengurus 1

2022-03-30 15:06:36 - [MESSAGE][PASSED] - scenario 1 - Berhasil input data pengurus 1

2022-03-30 15:06:36 - [TEST_STEP][PASSED] - delay(1): Delayed 1 second(s)

2022-03-30 15:06:37 - [MESSAGE][PASSED] - Delayed 1 second(s)

2022-03-30 15:06:37 - [TEST_STEP][PASSED] - delay(1): Delayed 1 second(s)

2022-03-30 15:06:38 - [MESSAGE][PASSED] - Delayed 1 second(s)

2022-03-30 15:06:38 - [TEST_STEP][PASSED] - scrollToPosition(0, 133, OPTIONAL): Browser is scrolled to position x = 0, y = 133

2022-03-30 15:06:38 - [MESSAGE][PASSED] - Browser is scrolled to position x = 0, y = 133

2022-03-30 15:06:38 - [TEST_STEP][PASSED] - delay(1): Delayed 1 second(s)

2022-03-30 15:06:39 - [MESSAGE][PASSED] - Delayed 1 second(s)

2022-03-30 15:06:39 - [TEST_STEP][PASSED] - click(findTestObject("Input_Corporate/Pemegang_saham/1_a_Pemegang Saham"), OPTIONAL): Object: 'Object Repository/Input_Corporate/Pemegang_saham/1_a_Pemegang Saham' is clicked on

2022-03-30 15:06:40 - [MESSAGE][PASSED] - Object: 'Object Repository/Input_Corporate/Pemegang_saham/1_a_Pemegang Saham' is clicked on

2022-03-30 15:06:40 - [TEST_STEP][PASSED] - delay(1): Delayed 1 second(s)

2022-03-30 15:06:41 - [MESSAGE][PASSED] - Delayed 1 second(s)

2022-03-30 15:06:41 - [TEST_STEP][PASSED] - takeFullPageScreenshotAsCheckpoint(userDir + sprint4WebScreenshootPath + "scenario-1-Masuk-Submenu-pemegang-saham-1.png"): Taking screenshot successfully

2022-03-30 15:06:41 - [MESSAGE][INFO] - 0 hidden object(s)

2022-03-30 15:06:42 - [MESSAGE][PASSED] - Taking screenshot successfully
[[ATTACHMENT|D:\PROJECT\BCA\BCAF_MEAPP_i3\BCAF_MEAPP_i3\Screenshoot\Sprint4\Web\keyes\keyes-scenario-1-Masuk-Submenu-pemegang-saham-1.png]]

2022-03-30 15:06:42 - [TEST_STEP][PASSED] - markPassed("scenario 1 - Berhasil masuk menu pemegang saham "): scenario 1 - Berhasil masuk menu pemegang saham 

2022-03-30 15:06:42 - [MESSAGE][PASSED] - scenario 1 - Berhasil masuk menu pemegang saham 

2022-03-30 15:06:42 - [TEST_STEP][PASSED] - delay(1): Delayed 1 second(s)

2022-03-30 15:06:43 - [MESSAGE][PASSED] - Delayed 1 second(s)

2022-03-30 15:06:43 - [TEST_STEP][PASSED] - click(findTestObject("Input_Corporate/Pemegang_saham/2_a_Add"), OPTIONAL): Object: 'Object Repository/Input_Corporate/Pemegang_saham/2_a_Add' is clicked on

2022-03-30 15:06:43 - [MESSAGE][PASSED] - Object: 'Object Repository/Input_Corporate/Pemegang_saham/2_a_Add' is clicked on

2022-03-30 15:06:43 - [TEST_STEP][PASSED] - delay(1): Delayed 1 second(s)

2022-03-30 15:06:44 - [MESSAGE][PASSED] - Delayed 1 second(s)

2022-03-30 15:06:44 - [TEST_STEP][PASSED] - click(findTestObject("Input_Corporate/Pemegang_saham/input_Perorangan_radios"), OPTIONAL): Object: 'Object Repository/Input_Corporate/Pemegang_saham/input_Perorangan_radios' is clicked on

2022-03-30 15:06:45 - [MESSAGE][PASSED] - Object: 'Object Repository/Input_Corporate/Pemegang_saham/input_Perorangan_radios' is clicked on

2022-03-30 15:06:45 - [TEST_STEP][PASSED] - click(findTestObject("Input_Corporate/Pemegang_saham/input_Jenis Pemegang Saham_radios"), OPTIONAL): Object: 'Object Repository/Input_Corporate/Pemegang_saham/input_Jenis Pemegang Saham_radios' is clicked on

2022-03-30 15:06:45 - [MESSAGE][PASSED] - Object: 'Object Repository/Input_Corporate/Pemegang_saham/input_Jenis Pemegang Saham_radios' is clicked on

2022-03-30 15:06:45 - [TEST_STEP][PASSED] - delay(1): Delayed 1 second(s)

2022-03-30 15:06:46 - [MESSAGE][PASSED] - Delayed 1 second(s)

2022-03-30 15:06:46 - [TEST_STEP][PASSED] - takeFullPageScreenshotAsCheckpoint(userDir + sprint4WebScreenshootPath + "scenario-1-Memilih-radio-button-pemegang-saham.png"): Taking screenshot successfully

2022-03-30 15:06:47 - [MESSAGE][INFO] - 0 hidden object(s)

2022-03-30 15:06:47 - [MESSAGE][PASSED] - Taking screenshot successfully
[[ATTACHMENT|D:\PROJECT\BCA\BCAF_MEAPP_i3\BCAF_MEAPP_i3\Screenshoot\Sprint4\Web\keyes\keyes-scenario-1-Memilih-radio-button-pemegang-saham.png]]

2022-03-30 15:06:47 - [TEST_STEP][PASSED] - markPassed("scenario 1 - Memilih radio button pemegang saham"): scenario 1 - Memilih radio button pemegang saham

2022-03-30 15:06:47 - [MESSAGE][PASSED] - scenario 1 - Memilih radio button pemegang saham

2022-03-30 15:06:47 - [TEST_STEP][PASSED] - delay(1): Delayed 1 second(s)

2022-03-30 15:06:48 - [MESSAGE][PASSED] - Delayed 1 second(s)

2022-03-30 15:06:48 - [TEST_STEP][PASSED] - click(findTestObject("Input_Corporate/Pemegang_saham/4_button_OK"), OPTIONAL): Object: 'Object Repository/Input_Corporate/Pemegang_saham/4_button_OK' is clicked on

2022-03-30 15:06:48 - [MESSAGE][PASSED] - Object: 'Object Repository/Input_Corporate/Pemegang_saham/4_button_OK' is clicked on

2022-03-30 15:06:48 - [TEST_STEP][PASSED] - delay(1): Delayed 1 second(s)

2022-03-30 15:06:49 - [MESSAGE][PASSED] - Delayed 1 second(s)

2022-03-30 15:06:49 - [TEST_STEP][PASSED] - click(findTestObject("Input_Corporate/Pemegang_saham/5_button_Pemegang Saham 1"), OPTIONAL): Object: 'Object Repository/Input_Corporate/Pemegang_saham/5_button_Pemegang Saham 1' is clicked on

2022-03-30 15:06:50 - [MESSAGE][PASSED] - Object: 'Object Repository/Input_Corporate/Pemegang_saham/5_button_Pemegang Saham 1' is clicked on

2022-03-30 15:06:50 - [TEST_STEP][PASSED] - delay(1): Delayed 1 second(s)

2022-03-30 15:06:51 - [MESSAGE][PASSED] - Delayed 1 second(s)

2022-03-30 15:06:51 - [TEST_STEP][PASSED] - takeFullPageScreenshotAsCheckpoint(userDir + sprint4WebScreenshootPath + "scenario-1-Masuk-Submenu-pemegang-saham-1.png"): Taking screenshot successfully

2022-03-30 15:06:52 - [MESSAGE][INFO] - 0 hidden object(s)

2022-03-30 15:06:52 - [MESSAGE][PASSED] - Taking screenshot successfully
[[ATTACHMENT|D:\PROJECT\BCA\BCAF_MEAPP_i3\BCAF_MEAPP_i3\Screenshoot\Sprint4\Web\keyes\keyes-scenario-1-Masuk-Submenu-pemegang-saham-1.png]]

2022-03-30 15:06:52 - [TEST_STEP][PASSED] - markPassed("scenario 1 - Masuk submenu pemegang saham 1"): scenario 1 - Masuk submenu pemegang saham 1

2022-03-30 15:06:52 - [MESSAGE][PASSED] - scenario 1 - Masuk submenu pemegang saham 1

2022-03-30 15:06:52 - [TEST_STEP][PASSED] - delay(1): Delayed 1 second(s)

2022-03-30 15:06:53 - [MESSAGE][PASSED] - Delayed 1 second(s)

2022-03-30 15:06:53 - [TEST_STEP][PASSED] - click(findTestObject("Input_Corporate/Pemegang_saham/6_a_Capture File"), OPTIONAL): Object: 'Object Repository/Input_Corporate/Pemegang_saham/6_a_Capture File' is clicked on

2022-03-30 15:06:53 - [MESSAGE][PASSED] - Object: 'Object Repository/Input_Corporate/Pemegang_saham/6_a_Capture File' is clicked on

2022-03-30 15:06:53 - [TEST_STEP][PASSED] - delay(1): Delayed 1 second(s)

2022-03-30 15:06:54 - [MESSAGE][PASSED] - Delayed 1 second(s)

2022-03-30 15:06:54 - [TEST_STEP][PASSED] - uploadFile(findTestObject("Input_Corporate/Capture_"), userDir + cobaKTP, OPTIONAL): File 'D:/PROJECT/BCA/BCAF_MEAPP_i3/BCAF_MEAPP_i3/Assets/ktp_dummy.png' sent to object: 'Object Repository/Input_Corporate/Capture_'

2022-03-30 15:06:55 - [MESSAGE][PASSED] - File 'D:/PROJECT/BCA/BCAF_MEAPP_i3/BCAF_MEAPP_i3/Assets/ktp_dummy.png' sent to object: 'Object Repository/Input_Corporate/Capture_'

2022-03-30 15:06:55 - [TEST_STEP][PASSED] - delay(1): Delayed 1 second(s)

2022-03-30 15:06:56 - [MESSAGE][PASSED] - Delayed 1 second(s)

2022-03-30 15:06:56 - [TEST_STEP][PASSED] - scrollToPosition(0, 200, OPTIONAL): Browser is scrolled to position x = 0, y = 200

2022-03-30 15:06:56 - [MESSAGE][PASSED] - Browser is scrolled to position x = 0, y = 200

2022-03-30 15:06:56 - [TEST_STEP][PASSED] - delay(1): Delayed 1 second(s)

2022-03-30 15:06:57 - [MESSAGE][PASSED] - Delayed 1 second(s)

2022-03-30 15:06:57 - [TEST_STEP][PASSED] - setText(findTestObject("Object Repository/Input_Corporate/Pemegang_saham/input_Kode Pos_2"), pemegangShm_kodePos): Text '12345' is set on object 'Object Repository/Input_Corporate/Pemegang_saham/input_Kode Pos_2'

2022-03-30 15:07:06 - [MESSAGE][PASSED] - Text '12345' is set on object 'Object Repository/Input_Corporate/Pemegang_saham/input_Kode Pos_2'

2022-03-30 15:07:06 - [TEST_STEP][PASSED] - delay(1): Delayed 1 second(s)

2022-03-30 15:07:07 - [MESSAGE][PASSED] - Delayed 1 second(s)

2022-03-30 15:07:07 - [TEST_STEP][PASSED] - scrollToPosition(0, 133, OPTIONAL): Browser is scrolled to position x = 0, y = 133

2022-03-30 15:07:07 - [MESSAGE][PASSED] - Browser is scrolled to position x = 0, y = 133

2022-03-30 15:07:07 - [TEST_STEP][PASSED] - click(findTestObject("Input_Corporate/Penjamin/1_a_Penjamin"), OPTIONAL): Object: 'Object Repository/Input_Corporate/Penjamin/1_a_Penjamin' is clicked on

2022-03-30 15:07:07 - [MESSAGE][PASSED] - Object: 'Object Repository/Input_Corporate/Penjamin/1_a_Penjamin' is clicked on

2022-03-30 15:07:07 - [TEST_STEP][PASSED] - delay(1): Delayed 1 second(s)

2022-03-30 15:07:08 - [MESSAGE][PASSED] - Delayed 1 second(s)

2022-03-30 15:07:08 - [TEST_STEP][PASSED] - click(findTestObject("Input_Corporate/Penjamin/2_input_Ya_guarantor_Tidak"), OPTIONAL): Object: 'Object Repository/Input_Corporate/Penjamin/2_input_Ya_guarantor_Tidak' is clicked on

2022-03-30 15:07:09 - [MESSAGE][PASSED] - Object: 'Object Repository/Input_Corporate/Penjamin/2_input_Ya_guarantor_Tidak' is clicked on

2022-03-30 15:07:09 - [TEST_STEP][PASSED] - delay(1): Delayed 1 second(s)

2022-03-30 15:07:10 - [MESSAGE][PASSED] - Delayed 1 second(s)

2022-03-30 15:07:10 - [TEST_STEP][PASSED] - takeFullPageScreenshotAsCheckpoint(userDir + sprint4WebScreenshootPath + "scenario-1-Berhasil-pemegang-saham-1.png"): Taking screenshot successfully

2022-03-30 15:07:11 - [MESSAGE][INFO] - 0 hidden object(s)

2022-03-30 15:07:11 - [MESSAGE][PASSED] - Taking screenshot successfully
[[ATTACHMENT|D:\PROJECT\BCA\BCAF_MEAPP_i3\BCAF_MEAPP_i3\Screenshoot\Sprint4\Web\keyes\keyes-scenario-1-Berhasil-pemegang-saham-1.png]]

2022-03-30 15:07:11 - [TEST_STEP][PASSED] - markPassed("scenario 1 - Berhasil input pemegang saham 1"): scenario 1 - Berhasil input pemegang saham 1

2022-03-30 15:07:11 - [MESSAGE][PASSED] - scenario 1 - Berhasil input pemegang saham 1

2022-03-30 15:07:11 - [TEST_STEP][PASSED] - delay(1): Delayed 1 second(s)

2022-03-30 15:07:12 - [MESSAGE][PASSED] - Delayed 1 second(s)

2022-03-30 15:07:12 - [TEST_STEP][PASSED] - click(findTestObject("Input_Corporate/Financial/li_Financial"), OPTIONAL): Object: 'Object Repository/Input_Corporate/Financial/li_Financial' is clicked on

2022-03-30 15:07:12 - [MESSAGE][PASSED] - Object: 'Object Repository/Input_Corporate/Financial/li_Financial' is clicked on

2022-03-30 15:07:12 - [TEST_STEP][PASSED] - delay(1): Delayed 1 second(s)

2022-03-30 15:07:13 - [MESSAGE][PASSED] - Delayed 1 second(s)

2022-03-30 15:07:13 - [TEST_STEP][PASSED] - takeFullPageScreenshotAsCheckpoint(userDir + sprint4WebScreenshootPath + "scenario-1-Masuk-Submenu-financial.png"): Taking screenshot successfully

2022-03-30 15:07:14 - [MESSAGE][INFO] - 0 hidden object(s)

2022-03-30 15:07:14 - [MESSAGE][PASSED] - Taking screenshot successfully
[[ATTACHMENT|D:\PROJECT\BCA\BCAF_MEAPP_i3\BCAF_MEAPP_i3\Screenshoot\Sprint4\Web\keyes\keyes-scenario-1-Masuk-Submenu-financial.png]]

2022-03-30 15:07:14 - [TEST_STEP][PASSED] - markPassed("scenario 1 - Masuk submenu financial"): scenario 1 - Masuk submenu financial

2022-03-30 15:07:14 - [MESSAGE][PASSED] - scenario 1 - Masuk submenu financial

2022-03-30 15:07:14 - [TEST_STEP][PASSED] - delay(1): Delayed 1 second(s)

2022-03-30 15:07:15 - [MESSAGE][PASSED] - Delayed 1 second(s)

2022-03-30 15:07:15 - [TEST_STEP][PASSED] - click(findTestObject("Input_Corporate/Financial/button_Laporan Keuangan"), OPTIONAL): Object: 'Object Repository/Input_Corporate/Financial/button_Laporan Keuangan' is clicked on

2022-03-30 15:07:16 - [MESSAGE][PASSED] - Object: 'Object Repository/Input_Corporate/Financial/button_Laporan Keuangan' is clicked on

2022-03-30 15:07:16 - [TEST_STEP][PASSED] - delay(1): Delayed 1 second(s)

2022-03-30 15:07:17 - [MESSAGE][PASSED] - Delayed 1 second(s)

2022-03-30 15:07:17 - [TEST_STEP][PASSED] - click(findTestObject("Input_Corporate/Financial/a_Capture File"), OPTIONAL): Object: 'Object Repository/Input_Corporate/Financial/a_Capture File' is clicked on

2022-03-30 15:07:17 - [MESSAGE][PASSED] - Object: 'Object Repository/Input_Corporate/Financial/a_Capture File' is clicked on

2022-03-30 15:07:17 - [TEST_STEP][PASSED] - delay(1): Delayed 1 second(s)

2022-03-30 15:07:18 - [MESSAGE][PASSED] - Delayed 1 second(s)

2022-03-30 15:07:18 - [TEST_STEP][PASSED] - uploadFile(findTestObject("Input_Corporate/Capture_"), userDir + cobaKTP, OPTIONAL): File 'D:/PROJECT/BCA/BCAF_MEAPP_i3/BCAF_MEAPP_i3/Assets/ktp_dummy.png' sent to object: 'Object Repository/Input_Corporate/Capture_'

2022-03-30 15:07:18 - [MESSAGE][PASSED] - File 'D:/PROJECT/BCA/BCAF_MEAPP_i3/BCAF_MEAPP_i3/Assets/ktp_dummy.png' sent to object: 'Object Repository/Input_Corporate/Capture_'

2022-03-30 15:07:18 - [TEST_STEP][PASSED] - delay(1): Delayed 1 second(s)

2022-03-30 15:07:19 - [MESSAGE][PASSED] - Delayed 1 second(s)

2022-03-30 15:07:19 - [TEST_STEP][PASSED] - takeFullPageScreenshotAsCheckpoint(userDir + sprint4WebScreenshootPath + "scenario-1-berhasil-input-capture-laporan-keuangan.png"): Taking screenshot successfully

2022-03-30 15:07:20 - [MESSAGE][INFO] - 0 hidden object(s)

2022-03-30 15:07:21 - [MESSAGE][PASSED] - Taking screenshot successfully
[[ATTACHMENT|D:\PROJECT\BCA\BCAF_MEAPP_i3\BCAF_MEAPP_i3\Screenshoot\Sprint4\Web\keyes\keyes-scenario-1-berhasil-input-capture-laporan-keuangan.png]]

2022-03-30 15:07:21 - [TEST_STEP][PASSED] - markPassed("scenario 1 - berhasil input capture laporan keuangan"): scenario 1 - berhasil input capture laporan keuangan

2022-03-30 15:07:21 - [MESSAGE][PASSED] - scenario 1 - berhasil input capture laporan keuangan

2022-03-30 15:07:21 - [TEST_STEP][PASSED] - delay(1): Delayed 1 second(s)

2022-03-30 15:07:22 - [MESSAGE][PASSED] - Delayed 1 second(s)

2022-03-30 15:07:22 - [TEST_STEP][PASSED] - click(findTestObject("Input_Corporate/Financial/button_Bukti Kepemilikan Rekening"), OPTIONAL): Object: 'Object Repository/Input_Corporate/Financial/button_Bukti Kepemilikan Rekening' is clicked on

2022-03-30 15:07:22 - [MESSAGE][PASSED] - Object: 'Object Repository/Input_Corporate/Financial/button_Bukti Kepemilikan Rekening' is clicked on

2022-03-30 15:07:22 - [TEST_STEP][PASSED] - delay(1): Delayed 1 second(s)

2022-03-30 15:07:23 - [MESSAGE][PASSED] - Delayed 1 second(s)

2022-03-30 15:07:23 - [TEST_STEP][PASSED] - click(findTestObject("Input_Corporate/Financial/a_Capture File"), OPTIONAL): Object: 'Object Repository/Input_Corporate/Financial/a_Capture File' is clicked on

2022-03-30 15:07:23 - [MESSAGE][PASSED] - Object: 'Object Repository/Input_Corporate/Financial/a_Capture File' is clicked on

2022-03-30 15:07:23 - [TEST_STEP][PASSED] - delay(1): Delayed 1 second(s)

2022-03-30 15:07:24 - [MESSAGE][PASSED] - Delayed 1 second(s)

2022-03-30 15:07:24 - [TEST_STEP][PASSED] - uploadFile(findTestObject("Input_Corporate/Capture_"), userDir + cobaKTP, OPTIONAL): File 'D:/PROJECT/BCA/BCAF_MEAPP_i3/BCAF_MEAPP_i3/Assets/ktp_dummy.png' sent to object: 'Object Repository/Input_Corporate/Capture_'

2022-03-30 15:07:25 - [MESSAGE][PASSED] - File 'D:/PROJECT/BCA/BCAF_MEAPP_i3/BCAF_MEAPP_i3/Assets/ktp_dummy.png' sent to object: 'Object Repository/Input_Corporate/Capture_'

2022-03-30 15:07:25 - [TEST_STEP][PASSED] - delay(1): Delayed 1 second(s)

2022-03-30 15:07:26 - [MESSAGE][PASSED] - Delayed 1 second(s)

2022-03-30 15:07:26 - [TEST_STEP][PASSED] - takeFullPageScreenshotAsCheckpoint(userDir + sprint4WebScreenshootPath + "scenario-1-behasil-input-capture-laporan-bukti-kepemilikan.png"): Taking screenshot successfully

2022-03-30 15:07:27 - [MESSAGE][INFO] - 0 hidden object(s)

2022-03-30 15:07:27 - [MESSAGE][PASSED] - Taking screenshot successfully
[[ATTACHMENT|D:\PROJECT\BCA\BCAF_MEAPP_i3\BCAF_MEAPP_i3\Screenshoot\Sprint4\Web\keyes\keyes-scenario-1-behasil-input-capture-laporan-bukti-kepemilikan.png]]

2022-03-30 15:07:27 - [TEST_STEP][PASSED] - markPassed("scenario 1 - berhasil input capture laporan bukti kepemilikan"): scenario 1 - berhasil input capture laporan bukti kepemilikan

2022-03-30 15:07:27 - [MESSAGE][PASSED] - scenario 1 - berhasil input capture laporan bukti kepemilikan

2022-03-30 15:07:27 - [TEST_STEP][PASSED] - delay(1): Delayed 1 second(s)

2022-03-30 15:07:28 - [MESSAGE][PASSED] - Delayed 1 second(s)

2022-03-30 15:07:28 - [TEST_STEP][PASSED] - setText(findTestObject("Input_Corporate/Financial/input_BCA Branch_form-control ng-untouched ng-pristine ng-valid"), financial_BCABranch, OPTIONAL): Text 'BCA' is set on object 'Object Repository/Input_Corporate/Financial/input_BCA Branch_form-control ng-untouched ng-pristine ng-valid'

2022-03-30 15:07:29 - [MESSAGE][PASSED] - Text 'BCA' is set on object 'Object Repository/Input_Corporate/Financial/input_BCA Branch_form-control ng-untouched ng-pristine ng-valid'

2022-03-30 15:07:29 - [TEST_STEP][PASSED] - delay(1): Delayed 1 second(s)

2022-03-30 15:07:30 - [MESSAGE][PASSED] - Delayed 1 second(s)

2022-03-30 15:07:30 - [TEST_STEP][PASSED] - setText(findTestObject("Input_Corporate/Financial/input_Account No. 10 Digit_form-control ng-untouched ng-pristine ng-valid"), financial_rekNum, OPTIONAL): Text '2343235657' is set on object 'Object Repository/Input_Corporate/Financial/input_Account No. 10 Digit_form-control ng-untouched ng-pristine ng-valid'

2022-03-30 15:07:31 - [MESSAGE][PASSED] - Text '2343235657' is set on object 'Object Repository/Input_Corporate/Financial/input_Account No. 10 Digit_form-control ng-untouched ng-pristine ng-valid'

2022-03-30 15:07:31 - [TEST_STEP][PASSED] - delay(1): Delayed 1 second(s)

2022-03-30 15:07:32 - [MESSAGE][PASSED] - Delayed 1 second(s)

2022-03-30 15:07:32 - [TEST_STEP][PASSED] - takeFullPageScreenshotAsCheckpoint(userDir + sprint4WebScreenshootPath + "scenario-1-berhasil-input-branch-dan-account-10digit-pada-submenu-financial.png"): Taking screenshot successfully

2022-03-30 15:07:33 - [MESSAGE][INFO] - 0 hidden object(s)

2022-03-30 15:07:33 - [MESSAGE][PASSED] - Taking screenshot successfully
[[ATTACHMENT|D:\PROJECT\BCA\BCAF_MEAPP_i3\BCAF_MEAPP_i3\Screenshoot\Sprint4\Web\keyes\keyes-scenario-1-berhasil-input-branch-dan-account-10digit-pada-submenu-financial.png]]

2022-03-30 15:07:33 - [TEST_STEP][PASSED] - markPassed("scenario 1 - berhasil input branch dan account 10 digit pada submenu financial"): scenario 1 - berhasil input branch dan account 10 digit pada submenu financial

2022-03-30 15:07:33 - [MESSAGE][PASSED] - scenario 1 - berhasil input branch dan account 10 digit pada submenu financial

2022-03-30 15:07:33 - [TEST_STEP][PASSED] - delay(1): Delayed 1 second(s)

2022-03-30 15:07:34 - [MESSAGE][PASSED] - Delayed 1 second(s)

2022-03-30 15:07:34 - [TEST_STEP][PASSED] - click(findTestObject("Input_Corporate/Contact_Person/a_Contact Person"), OPTIONAL): Object: 'Object Repository/Input_Corporate/Contact_Person/a_Contact Person' is clicked on

2022-03-30 15:07:35 - [MESSAGE][PASSED] - Object: 'Object Repository/Input_Corporate/Contact_Person/a_Contact Person' is clicked on

2022-03-30 15:07:35 - [TEST_STEP][PASSED] - delay(1): Delayed 1 second(s)

2022-03-30 15:07:36 - [MESSAGE][PASSED] - Delayed 1 second(s)

2022-03-30 15:07:36 - [TEST_STEP][PASSED] - click(findTestObject("Input_Corporate/Contact_Person/input_Yes_inline-radios_No"), OPTIONAL): Object: 'Object Repository/Input_Corporate/Contact_Person/input_Yes_inline-radios_No' is clicked on

2022-03-30 15:07:36 - [MESSAGE][PASSED] - Object: 'Object Repository/Input_Corporate/Contact_Person/input_Yes_inline-radios_No' is clicked on

2022-03-30 15:07:36 - [TEST_STEP][PASSED] - delay(1): Delayed 1 second(s)

2022-03-30 15:07:37 - [MESSAGE][PASSED] - Delayed 1 second(s)

2022-03-30 15:07:37 - [TEST_STEP][PASSED] - takeFullPageScreenshotAsCheckpoint(userDir + sprint4WebScreenshootPath + "scenario-1-berhasil-input-contact-person.png"): Taking screenshot successfully

2022-03-30 15:07:38 - [MESSAGE][INFO] - 0 hidden object(s)

2022-03-30 15:07:38 - [MESSAGE][PASSED] - Taking screenshot successfully
[[ATTACHMENT|D:\PROJECT\BCA\BCAF_MEAPP_i3\BCAF_MEAPP_i3\Screenshoot\Sprint4\Web\keyes\keyes-scenario-1-berhasil-input-contact-person.png]]

2022-03-30 15:07:38 - [TEST_STEP][PASSED] - markPassed("scenario 1 - berhasil input contact person"): scenario 1 - berhasil input contact person

2022-03-30 15:07:38 - [MESSAGE][PASSED] - scenario 1 - berhasil input contact person

2022-03-30 15:07:38 - [TEST_STEP][PASSED] - delay(1): Delayed 1 second(s)

2022-03-30 15:07:39 - [MESSAGE][PASSED] - Delayed 1 second(s)

2022-03-30 15:07:39 - [TEST_STEP][PASSED] - click(findTestObject("Input_Corporate/Other_Document/a_Other Document"), OPTIONAL): Object: 'Object Repository/Input_Corporate/Other_Document/a_Other Document' is clicked on

2022-03-30 15:07:39 - [MESSAGE][PASSED] - Object: 'Object Repository/Input_Corporate/Other_Document/a_Other Document' is clicked on

2022-03-30 15:07:39 - [TEST_STEP][PASSED] - delay(1): Delayed 1 second(s)

2022-03-30 15:07:40 - [MESSAGE][PASSED] - Delayed 1 second(s)

2022-03-30 15:07:40 - [TEST_STEP][PASSED] - takeFullPageScreenshotAsCheckpoint(userDir + sprint4WebScreenshootPath + "scenario-1-Masuk-menu-other-document.png"): Taking screenshot successfully

2022-03-30 15:07:41 - [MESSAGE][INFO] - 0 hidden object(s)

2022-03-30 15:07:41 - [MESSAGE][PASSED] - Taking screenshot successfully
[[ATTACHMENT|D:\PROJECT\BCA\BCAF_MEAPP_i3\BCAF_MEAPP_i3\Screenshoot\Sprint4\Web\keyes\keyes-scenario-1-Masuk-menu-other-document.png]]

2022-03-30 15:07:41 - [TEST_STEP][PASSED] - markPassed("scenario 1 - Masuk menu other document"): scenario 1 - Masuk menu other document

2022-03-30 15:07:41 - [MESSAGE][PASSED] - scenario 1 - Masuk menu other document

2022-03-30 15:07:41 - [TEST_STEP][PASSED] - delay(1): Delayed 1 second(s)

2022-03-30 15:07:42 - [MESSAGE][PASSED] - Delayed 1 second(s)]]></system-out>
         <system-err><![CDATA[]]></system-err>
      </testcase>
      <testcase name="Test Cases/Sprint 4/Skenario 1/01-03-01-Transaction-AppPending-InputData-Information" time="67.424" classname="Test Cases/Sprint 4/Skenario 1/01-03-01-Transaction-AppPending-InputData-Information" status="PASSED">
         <system-out><![CDATA[2022-03-30 15:07:42 - [TEST_CASE][PASSED] - Test Cases/Sprint 4/Skenario 1/01-03-01-Transaction-AppPending-InputData-Information: Test Cases/Sprint 4/Skenario 1/01-03-01-Transaction-AppPending-InputData-Information

2022-03-30 15:07:43 - [TEST_STEP][PASSED] - userDir = getProjectDir(): null

2022-03-30 15:07:43 - [TEST_STEP][PASSED] - delay(1): Delayed 1 second(s)

2022-03-30 15:07:44 - [MESSAGE][PASSED] - Delayed 1 second(s)

2022-03-30 15:07:44 - [TEST_STEP][PASSED] - click(findTestObject("ME_AppPending/span_Collateral dan Loan")): Object: 'Object Repository/ME_AppPending/span_Collateral dan Loan' is clicked on

2022-03-30 15:07:44 - [MESSAGE][PASSED] - Object: 'Object Repository/ME_AppPending/span_Collateral dan Loan' is clicked on

2022-03-30 15:07:44 - [TEST_STEP][PASSED] - delay(1): Delayed 1 second(s)

2022-03-30 15:07:45 - [MESSAGE][PASSED] - Delayed 1 second(s)

2022-03-30 15:07:45 - [TEST_STEP][PASSED] - takeFullPageScreenshotAsCheckpoint(userDir + sprint4WebScreenshootPath + "scenario-1-masuk-menu-collateral-dan-loan.png"): Taking screenshot successfully

2022-03-30 15:07:46 - [MESSAGE][INFO] - 0 hidden object(s)

2022-03-30 15:07:46 - [MESSAGE][PASSED] - Taking screenshot successfully
[[ATTACHMENT|D:\PROJECT\BCA\BCAF_MEAPP_i3\BCAF_MEAPP_i3\Screenshoot\Sprint4\Web\keyes\keyes-scenario-1-masuk-menu-collateral-dan-loan.png]]

2022-03-30 15:07:46 - [TEST_STEP][PASSED] - markPassed("scenario 1 - Masuk menu collateral dan loan"): scenario 1 - Masuk menu collateral dan loan

2022-03-30 15:07:46 - [MESSAGE][PASSED] - scenario 1 - Masuk menu collateral dan loan

2022-03-30 15:07:46 - [TEST_STEP][PASSED] - delay(1): Delayed 1 second(s)

2022-03-30 15:07:47 - [MESSAGE][PASSED] - Delayed 1 second(s)

2022-03-30 15:07:47 - [TEST_STEP][PASSED] - click(findTestObject("ME_CollateralandLoan_information/li_Information")): Object: 'Object Repository/ME_CollateralandLoan_information/li_Information' is clicked on

2022-03-30 15:07:47 - [MESSAGE][PASSED] - Object: 'Object Repository/ME_CollateralandLoan_information/li_Information' is clicked on

2022-03-30 15:07:47 - [TEST_STEP][PASSED] - delay(1): Delayed 1 second(s)

2022-03-30 15:07:48 - [MESSAGE][PASSED] - Delayed 1 second(s)

2022-03-30 15:07:48 - [TEST_STEP][PASSED] - click(findTestObject("ME_CollateralandLoan_information/input_jenispengajuan1"), OPTIONAL): Object: 'Object Repository/ME_CollateralandLoan_information/input_jenispengajuan1' is clicked on

2022-03-30 15:07:49 - [MESSAGE][PASSED] - Object: 'Object Repository/ME_CollateralandLoan_information/input_jenispengajuan1' is clicked on

2022-03-30 15:07:49 - [TEST_STEP][PASSED] - delay(1): Delayed 1 second(s)

2022-03-30 15:07:50 - [MESSAGE][PASSED] - Delayed 1 second(s)

2022-03-30 15:07:50 - [TEST_STEP][PASSED] - setText(findTestObject("ME_CollateralandLoan_information/input_jenispengajuan1"), information_jenisPengajuan, OPTIONAL): Text 'mobil bekas' is set on object 'Object Repository/ME_CollateralandLoan_information/input_jenispengajuan1'

2022-03-30 15:07:51 - [MESSAGE][PASSED] - Text 'mobil bekas' is set on object 'Object Repository/ME_CollateralandLoan_information/input_jenispengajuan1'

2022-03-30 15:07:51 - [TEST_STEP][PASSED] - delay(1): Delayed 1 second(s)

2022-03-30 15:07:52 - [MESSAGE][PASSED] - Delayed 1 second(s)

2022-03-30 15:07:52 - [TEST_STEP][PASSED] - takeFullPageScreenshotAsCheckpoint(userDir + sprint4WebScreenshootPath + "scenario-1-input-jenis-pengajuan.png"): Taking screenshot successfully

2022-03-30 15:07:53 - [MESSAGE][INFO] - 0 hidden object(s)

2022-03-30 15:07:53 - [MESSAGE][PASSED] - Taking screenshot successfully
[[ATTACHMENT|D:\PROJECT\BCA\BCAF_MEAPP_i3\BCAF_MEAPP_i3\Screenshoot\Sprint4\Web\keyes\keyes-scenario-1-input-jenis-pengajuan.png]]

2022-03-30 15:07:53 - [TEST_STEP][PASSED] - markPassed("scenario 1 - Input Jenis Pengajuan"): scenario 1 - Input Jenis Pengajuan

2022-03-30 15:07:53 - [MESSAGE][PASSED] - scenario 1 - Input Jenis Pengajuan

2022-03-30 15:07:53 - [TEST_STEP][PASSED] - delay(1): Delayed 1 second(s)

2022-03-30 15:07:54 - [MESSAGE][PASSED] - Delayed 1 second(s)

2022-03-30 15:07:54 - [TEST_STEP][PASSED] - click(findTestObject("ME_CollateralandLoan_information/div_Mobil Bekas")): Object: 'Object Repository/ME_CollateralandLoan_information/div_Mobil Bekas' is clicked on

2022-03-30 15:07:54 - [MESSAGE][PASSED] - Object: 'Object Repository/ME_CollateralandLoan_information/div_Mobil Bekas' is clicked on

2022-03-30 15:07:54 - [TEST_STEP][PASSED] - delay(1): Delayed 1 second(s)

2022-03-30 15:07:55 - [MESSAGE][PASSED] - Delayed 1 second(s)

2022-03-30 15:07:55 - [TEST_STEP][PASSED] - click(findTestObject("ME_CollateralandLoan_information/input_tujuankredit"), OPTIONAL): Object: 'Object Repository/ME_CollateralandLoan_information/input_tujuankredit' is clicked on

2022-03-30 15:07:56 - [MESSAGE][PASSED] - Object: 'Object Repository/ME_CollateralandLoan_information/input_tujuankredit' is clicked on

2022-03-30 15:07:56 - [TEST_STEP][PASSED] - delay(1): Delayed 1 second(s)

2022-03-30 15:07:57 - [MESSAGE][PASSED] - Delayed 1 second(s)

2022-03-30 15:07:57 - [TEST_STEP][PASSED] - setText(findTestObject("ME_CollateralandLoan_information/input_tujuankredit"), information_tujuanKredit, OPTIONAL): Text 'pembelian aset' is set on object 'Object Repository/ME_CollateralandLoan_information/input_tujuankredit'

2022-03-30 15:07:58 - [MESSAGE][PASSED] - Text 'pembelian aset' is set on object 'Object Repository/ME_CollateralandLoan_information/input_tujuankredit'

2022-03-30 15:07:58 - [TEST_STEP][PASSED] - delay(1): Delayed 1 second(s)

2022-03-30 15:07:59 - [MESSAGE][PASSED] - Delayed 1 second(s)

2022-03-30 15:07:59 - [TEST_STEP][PASSED] - takeFullPageScreenshotAsCheckpoint(userDir + sprint4WebScreenshootPath + "scenario-1-input-tujuan-pengajuan.png"): Taking screenshot successfully

2022-03-30 15:07:59 - [MESSAGE][INFO] - 0 hidden object(s)

2022-03-30 15:08:00 - [MESSAGE][PASSED] - Taking screenshot successfully
[[ATTACHMENT|D:\PROJECT\BCA\BCAF_MEAPP_i3\BCAF_MEAPP_i3\Screenshoot\Sprint4\Web\keyes\keyes-scenario-1-input-tujuan-pengajuan.png]]

2022-03-30 15:08:00 - [TEST_STEP][PASSED] - markPassed("scenario 1 - Input Tujuan Pengajuan"): scenario 1 - Input Tujuan Pengajuan

2022-03-30 15:08:00 - [MESSAGE][PASSED] - scenario 1 - Input Tujuan Pengajuan

2022-03-30 15:08:00 - [TEST_STEP][PASSED] - delay(1): Delayed 1 second(s)

2022-03-30 15:08:01 - [MESSAGE][PASSED] - Delayed 1 second(s)

2022-03-30 15:08:01 - [TEST_STEP][PASSED] - click(findTestObject("ME_CollateralandLoan_information/div_Pembelian Aset")): Object: 'Object Repository/ME_CollateralandLoan_information/div_Pembelian Aset' is clicked on

2022-03-30 15:08:01 - [MESSAGE][PASSED] - Object: 'Object Repository/ME_CollateralandLoan_information/div_Pembelian Aset' is clicked on

2022-03-30 15:08:01 - [TEST_STEP][PASSED] - delay(1): Delayed 1 second(s)

2022-03-30 15:08:02 - [MESSAGE][PASSED] - Delayed 1 second(s)

2022-03-30 15:08:02 - [TEST_STEP][PASSED] - click(findTestObject("ME_CollateralandLoan_information/button_Payment")): Object: 'Object Repository/ME_CollateralandLoan_information/button_Payment' is clicked on

2022-03-30 15:08:03 - [MESSAGE][PASSED] - Object: 'Object Repository/ME_CollateralandLoan_information/button_Payment' is clicked on

2022-03-30 15:08:03 - [TEST_STEP][PASSED] - delay(1): Delayed 1 second(s)

2022-03-30 15:08:04 - [MESSAGE][PASSED] - Delayed 1 second(s)

2022-03-30 15:08:04 - [TEST_STEP][PASSED] - click(findTestObject("ME_CollateralandLoan_information/input_autodebet")): Object: 'Object Repository/ME_CollateralandLoan_information/input_autodebet' is clicked on

2022-03-30 15:08:04 - [MESSAGE][PASSED] - Object: 'Object Repository/ME_CollateralandLoan_information/input_autodebet' is clicked on

2022-03-30 15:08:04 - [TEST_STEP][PASSED] - delay(1): Delayed 1 second(s)

2022-03-30 15:08:05 - [MESSAGE][PASSED] - Delayed 1 second(s)

2022-03-30 15:08:05 - [TEST_STEP][PASSED] - takeFullPageScreenshotAsCheckpoint(userDir + sprint4WebScreenshootPath + "scenario-1-input-payment.png"): Taking screenshot successfully

2022-03-30 15:08:06 - [MESSAGE][INFO] - 0 hidden object(s)

2022-03-30 15:08:06 - [MESSAGE][PASSED] - Taking screenshot successfully
[[ATTACHMENT|D:\PROJECT\BCA\BCAF_MEAPP_i3\BCAF_MEAPP_i3\Screenshoot\Sprint4\Web\keyes\keyes-scenario-1-input-payment.png]]

2022-03-30 15:08:06 - [TEST_STEP][PASSED] - markPassed("scenario 1 - Input Payment"): scenario 1 - Input Payment

2022-03-30 15:08:06 - [MESSAGE][PASSED] - scenario 1 - Input Payment

2022-03-30 15:08:06 - [TEST_STEP][PASSED] - delay(1): Delayed 1 second(s)

2022-03-30 15:08:07 - [MESSAGE][PASSED] - Delayed 1 second(s)

2022-03-30 15:08:07 - [TEST_STEP][PASSED] - click(findTestObject("ME_CollateralandLoan_information/div_Auto Debet")): Object: 'Object Repository/ME_CollateralandLoan_information/div_Auto Debet' is clicked on

2022-03-30 15:08:08 - [MESSAGE][PASSED] - Object: 'Object Repository/ME_CollateralandLoan_information/div_Auto Debet' is clicked on

2022-03-30 15:08:08 - [TEST_STEP][PASSED] - delay(1): Delayed 1 second(s)

2022-03-30 15:08:09 - [MESSAGE][PASSED] - Delayed 1 second(s)

2022-03-30 15:08:09 - [TEST_STEP][PASSED] - setText(findTestObject("ME_CollateralandLoan_information/input_Account No. 10 Digit_text-input-account-no"), information_accountNum): Text '11111111111' is set on object 'Object Repository/ME_CollateralandLoan_information/input_Account No. 10 Digit_text-input-account-no'

2022-03-30 15:08:10 - [MESSAGE][PASSED] - Text '11111111111' is set on object 'Object Repository/ME_CollateralandLoan_information/input_Account No. 10 Digit_text-input-account-no'

2022-03-30 15:08:10 - [TEST_STEP][PASSED] - delay(1): Delayed 1 second(s)

2022-03-30 15:08:11 - [MESSAGE][PASSED] - Delayed 1 second(s)

2022-03-30 15:08:11 - [TEST_STEP][PASSED] - click(findTestObject("ME_CollateralandLoan_information/input_Account No. 10 Digit_inline-checkbox-autodebetNoRek"), OPTIONAL): Object: 'Object Repository/ME_CollateralandLoan_information/input_Account No. 10 Digit_inline-checkbox-autodebetNoRek' is clicked on

2022-03-30 15:08:11 - [MESSAGE][PASSED] - Object: 'Object Repository/ME_CollateralandLoan_information/input_Account No. 10 Digit_inline-checkbox-autodebetNoRek' is clicked on

2022-03-30 15:08:11 - [TEST_STEP][PASSED] - click(findTestObject("ME_CollateralandLoan_information/Capture_rekeningautodebet")): Object: 'Object Repository/ME_CollateralandLoan_information/Capture_rekeningautodebet' is clicked on

2022-03-30 15:08:12 - [MESSAGE][PASSED] - Object: 'Object Repository/ME_CollateralandLoan_information/Capture_rekeningautodebet' is clicked on

2022-03-30 15:08:12 - [TEST_STEP][PASSED] - delay(1): Delayed 1 second(s)

2022-03-30 15:08:13 - [MESSAGE][PASSED] - Delayed 1 second(s)

2022-03-30 15:08:13 - [TEST_STEP][PASSED] - uploadFile(findTestObject("MEApp_AppBaru_InisiasiKonsumen/Capture_"), userDir + pathfinder_npwp): File 'D:/PROJECT/BCA/BCAF_MEAPP_i3/BCAF_MEAPP_i3/Assets/npwp-dummy.jpg' sent to object: 'Object Repository/MEApp_AppBaru_InisiasiKonsumen/Capture_'

2022-03-30 15:08:13 - [MESSAGE][PASSED] - File 'D:/PROJECT/BCA/BCAF_MEAPP_i3/BCAF_MEAPP_i3/Assets/npwp-dummy.jpg' sent to object: 'Object Repository/MEApp_AppBaru_InisiasiKonsumen/Capture_'

2022-03-30 15:08:13 - [TEST_STEP][PASSED] - setText(findTestObject("ME_CollateralandLoan_information/input_Account No. 10 Digit_noRekening"), information_accountNum2): Text '11111111111' is set on object 'Object Repository/ME_CollateralandLoan_information/input_Account No. 10 Digit_noRekening'

2022-03-30 15:08:15 - [MESSAGE][PASSED] - Text '11111111111' is set on object 'Object Repository/ME_CollateralandLoan_information/input_Account No. 10 Digit_noRekening'

2022-03-30 15:08:15 - [TEST_STEP][PASSED] - delay(1): Delayed 1 second(s)

2022-03-30 15:08:16 - [MESSAGE][PASSED] - Delayed 1 second(s)

2022-03-30 15:08:16 - [TEST_STEP][PASSED] - setText(findTestObject("ME_CollateralandLoan_information/input_Cabang BCA_cabangBca"), information_cabang): Text 'jakarta selatan' is set on object 'Object Repository/ME_CollateralandLoan_information/input_Cabang BCA_cabangBca'

2022-03-30 15:08:17 - [MESSAGE][PASSED] - Text 'jakarta selatan' is set on object 'Object Repository/ME_CollateralandLoan_information/input_Cabang BCA_cabangBca'

2022-03-30 15:08:17 - [TEST_STEP][PASSED] - delay(1): Delayed 1 second(s)

2022-03-30 15:08:18 - [MESSAGE][PASSED] - Delayed 1 second(s)

2022-03-30 15:08:18 - [TEST_STEP][PASSED] - setText(findTestObject("ME_CollateralandLoan_information/input_Nama Pemilik Rekening_form-control ng-untouched ng-pristine ng-invalid"), information_namaPemilikRek): Text 'afgan' is set on object 'Object Repository/ME_CollateralandLoan_information/input_Nama Pemilik Rekening_form-control ng-untouched ng-pristine ng-invalid'

2022-03-30 15:08:18 - [MESSAGE][PASSED] - Text 'afgan' is set on object 'Object Repository/ME_CollateralandLoan_information/input_Nama Pemilik Rekening_form-control ng-untouched ng-pristine ng-invalid'

2022-03-30 15:08:18 - [TEST_STEP][PASSED] - delay(1): Delayed 1 second(s)

2022-03-30 15:08:19 - [MESSAGE][PASSED] - Delayed 1 second(s)

2022-03-30 15:08:19 - [TEST_STEP][PASSED] - setText(findTestObject("ME_CollateralandLoan_information/input_No KTP_form-control ng-untouched ng-pristine ng-invalid"), information_noKTP): Text '22222222222222' is set on object 'Object Repository/ME_CollateralandLoan_information/input_No KTP_form-control ng-untouched ng-pristine ng-invalid'

2022-03-30 15:08:20 - [MESSAGE][PASSED] - Text '22222222222222' is set on object 'Object Repository/ME_CollateralandLoan_information/input_No KTP_form-control ng-untouched ng-pristine ng-invalid'

2022-03-30 15:08:20 - [TEST_STEP][PASSED] - delay(1): Delayed 1 second(s)

2022-03-30 15:08:21 - [MESSAGE][PASSED] - Delayed 1 second(s)

2022-03-30 15:08:21 - [TEST_STEP][PASSED] - takeFullPageScreenshotAsCheckpoint(userDir + sprint4WebScreenshootPath + "scenario-1-input-data-autodebit.png"): Taking screenshot successfully

2022-03-30 15:08:22 - [MESSAGE][INFO] - 0 hidden object(s)

2022-03-30 15:08:23 - [MESSAGE][PASSED] - Taking screenshot successfully
[[ATTACHMENT|D:\PROJECT\BCA\BCAF_MEAPP_i3\BCAF_MEAPP_i3\Screenshoot\Sprint4\Web\keyes\keyes-scenario-1-input-data-autodebit.png]]

2022-03-30 15:08:23 - [TEST_STEP][PASSED] - markPassed("scenario 1 - Input data autodebit"): scenario 1 - Input data autodebit

2022-03-30 15:08:23 - [MESSAGE][PASSED] - scenario 1 - Input data autodebit

2022-03-30 15:08:23 - [TEST_STEP][PASSED] - delay(1): Delayed 1 second(s)

2022-03-30 15:08:24 - [MESSAGE][PASSED] - Delayed 1 second(s)

2022-03-30 15:08:24 - [TEST_STEP][PASSED] - click(findTestObject("ME_CollateralandLoan_information/button_Mutasi Rekening")): Object: 'Object Repository/ME_CollateralandLoan_information/button_Mutasi Rekening' is clicked on

2022-03-30 15:08:24 - [MESSAGE][PASSED] - Object: 'Object Repository/ME_CollateralandLoan_information/button_Mutasi Rekening' is clicked on

2022-03-30 15:08:24 - [TEST_STEP][PASSED] - delay(1): Delayed 1 second(s)

2022-03-30 15:08:25 - [MESSAGE][PASSED] - Delayed 1 second(s)

2022-03-30 15:08:25 - [TEST_STEP][PASSED] - takeFullPageScreenshotAsCheckpoint(userDir + sprint4WebScreenshootPath + "scenario-1-masuk-submenu-input-mutasi-rekening.png"): Taking screenshot successfully

2022-03-30 15:08:26 - [MESSAGE][INFO] - 0 hidden object(s)

2022-03-30 15:08:26 - [MESSAGE][PASSED] - Taking screenshot successfully
[[ATTACHMENT|D:\PROJECT\BCA\BCAF_MEAPP_i3\BCAF_MEAPP_i3\Screenshoot\Sprint4\Web\keyes\keyes-scenario-1-masuk-submenu-input-mutasi-rekening.png]]

2022-03-30 15:08:26 - [TEST_STEP][PASSED] - markPassed("scenario 1 - Masuk submenu input mutasi rekening"): scenario 1 - Masuk submenu input mutasi rekening

2022-03-30 15:08:26 - [MESSAGE][PASSED] - scenario 1 - Masuk submenu input mutasi rekening

2022-03-30 15:08:26 - [TEST_STEP][PASSED] - delay(1): Delayed 1 second(s)

2022-03-30 15:08:27 - [MESSAGE][PASSED] - Delayed 1 second(s)

2022-03-30 15:08:27 - [TEST_STEP][PASSED] - click(findTestObject("ME_CollateralandLoan_information/button_Add Mutasi Rekening")): Object: 'Object Repository/ME_CollateralandLoan_information/button_Add Mutasi Rekening' is clicked on

2022-03-30 15:08:28 - [MESSAGE][PASSED] - Object: 'Object Repository/ME_CollateralandLoan_information/button_Add Mutasi Rekening' is clicked on

2022-03-30 15:08:28 - [TEST_STEP][PASSED] - delay(1): Delayed 1 second(s)

2022-03-30 15:08:29 - [MESSAGE][PASSED] - Delayed 1 second(s)

2022-03-30 15:08:29 - [TEST_STEP][PASSED] - takeFullPageScreenshotAsCheckpoint(userDir + sprint4WebScreenshootPath + "scenario-1-sebelum-input-data-mutasi-rekening.png"): Taking screenshot successfully

2022-03-30 15:08:30 - [MESSAGE][INFO] - 0 hidden object(s)

2022-03-30 15:08:30 - [MESSAGE][PASSED] - Taking screenshot successfully
[[ATTACHMENT|D:\PROJECT\BCA\BCAF_MEAPP_i3\BCAF_MEAPP_i3\Screenshoot\Sprint4\Web\keyes\keyes-scenario-1-sebelum-input-data-mutasi-rekening.png]]

2022-03-30 15:08:30 - [TEST_STEP][PASSED] - markPassed("scenario 1 - sebelum input data mutasi rekening"): scenario 1 - sebelum input data mutasi rekening

2022-03-30 15:08:30 - [MESSAGE][PASSED] - scenario 1 - sebelum input data mutasi rekening

2022-03-30 15:08:30 - [TEST_STEP][PASSED] - delay(1): Delayed 1 second(s)

2022-03-30 15:08:31 - [MESSAGE][PASSED] - Delayed 1 second(s)

2022-03-30 15:08:31 - [TEST_STEP][PASSED] - click(findTestObject("ME_CollateralandLoan_information/a_Capture File_mutasirek")): Object: 'Object Repository/ME_CollateralandLoan_information/a_Capture File_mutasirek' is clicked on

2022-03-30 15:08:31 - [MESSAGE][PASSED] - Object: 'Object Repository/ME_CollateralandLoan_information/a_Capture File_mutasirek' is clicked on

2022-03-30 15:08:31 - [TEST_STEP][PASSED] - delay(1): Delayed 1 second(s)

2022-03-30 15:08:32 - [MESSAGE][PASSED] - Delayed 1 second(s)

2022-03-30 15:08:32 - [TEST_STEP][PASSED] - uploadFile(findTestObject("MEApp_AppBaru_InisiasiKonsumen/Capture_"), userDir + pathfinder_npwp): File 'D:/PROJECT/BCA/BCAF_MEAPP_i3/BCAF_MEAPP_i3/Assets/npwp-dummy.jpg' sent to object: 'Object Repository/MEApp_AppBaru_InisiasiKonsumen/Capture_'

2022-03-30 15:08:33 - [MESSAGE][PASSED] - File 'D:/PROJECT/BCA/BCAF_MEAPP_i3/BCAF_MEAPP_i3/Assets/npwp-dummy.jpg' sent to object: 'Object Repository/MEApp_AppBaru_InisiasiKonsumen/Capture_'

2022-03-30 15:08:33 - [TEST_STEP][PASSED] - delay(1): Delayed 1 second(s)

2022-03-30 15:08:34 - [MESSAGE][PASSED] - Delayed 1 second(s)

2022-03-30 15:08:34 - [TEST_STEP][PASSED] - setText(findTestObject("ME_CollateralandLoan_information/input_Mutasi Debit_form-control text-right ng-untouched ng-pristine ng-valid"), information_mutasiDebit): Text '10000000' is set on object 'Object Repository/ME_CollateralandLoan_information/input_Mutasi Debit_form-control text-right ng-untouched ng-pristine ng-valid'

2022-03-30 15:08:35 - [MESSAGE][PASSED] - Text '10000000' is set on object 'Object Repository/ME_CollateralandLoan_information/input_Mutasi Debit_form-control text-right ng-untouched ng-pristine ng-valid'

2022-03-30 15:08:35 - [TEST_STEP][PASSED] - delay(1): Delayed 1 second(s)

2022-03-30 15:08:36 - [MESSAGE][PASSED] - Delayed 1 second(s)

2022-03-30 15:08:36 - [TEST_STEP][PASSED] - setText(findTestObject("ME_CollateralandLoan_information/input_Mutasi Kredit_form-control text-right ng-untouched ng-pristine ng-valid"), information_mutasiKredit): Text '10000000' is set on object 'Object Repository/ME_CollateralandLoan_information/input_Mutasi Kredit_form-control text-right ng-untouched ng-pristine ng-valid'

2022-03-30 15:08:36 - [MESSAGE][PASSED] - Text '10000000' is set on object 'Object Repository/ME_CollateralandLoan_information/input_Mutasi Kredit_form-control text-right ng-untouched ng-pristine ng-valid'

2022-03-30 15:08:36 - [TEST_STEP][PASSED] - delay(1): Delayed 1 second(s)

2022-03-30 15:08:37 - [MESSAGE][PASSED] - Delayed 1 second(s)

2022-03-30 15:08:37 - [TEST_STEP][PASSED] - setText(findTestObject("ME_CollateralandLoan_information/input_Mutasi Saldo_form-control text-right ng-untouched ng-pristine ng-valid"), information_mutasiSaldo): Text '10000000' is set on object 'Object Repository/ME_CollateralandLoan_information/input_Mutasi Saldo_form-control text-right ng-untouched ng-pristine ng-valid'

2022-03-30 15:08:38 - [MESSAGE][PASSED] - Text '10000000' is set on object 'Object Repository/ME_CollateralandLoan_information/input_Mutasi Saldo_form-control text-right ng-untouched ng-pristine ng-valid'

2022-03-30 15:08:38 - [TEST_STEP][PASSED] - delay(1): Delayed 1 second(s)

2022-03-30 15:08:39 - [MESSAGE][PASSED] - Delayed 1 second(s)

2022-03-30 15:08:39 - [TEST_STEP][PASSED] - takeFullPageScreenshotAsCheckpoint(userDir + sprint4WebScreenshootPath + "scenario-1-input-data-mutasi-rekening.png"): Taking screenshot successfully

2022-03-30 15:08:40 - [MESSAGE][INFO] - 0 hidden object(s)

2022-03-30 15:08:40 - [MESSAGE][PASSED] - Taking screenshot successfully
[[ATTACHMENT|D:\PROJECT\BCA\BCAF_MEAPP_i3\BCAF_MEAPP_i3\Screenshoot\Sprint4\Web\keyes\keyes-scenario-1-input-data-mutasi-rekening.png]]

2022-03-30 15:08:40 - [TEST_STEP][PASSED] - markPassed("scenario 1 - input data mutasi rekening"): scenario 1 - input data mutasi rekening

2022-03-30 15:08:40 - [MESSAGE][PASSED] - scenario 1 - input data mutasi rekening

2022-03-30 15:08:40 - [TEST_STEP][PASSED] - delay(1): Delayed 1 second(s)

2022-03-30 15:08:41 - [MESSAGE][PASSED] - Delayed 1 second(s)

2022-03-30 15:08:41 - [TEST_STEP][PASSED] - click(findTestObject("ME_CollateralandLoan_information/button_Add"), OPTIONAL): Object: 'Object Repository/ME_CollateralandLoan_information/button_Add' is clicked on

2022-03-30 15:08:42 - [MESSAGE][PASSED] - Object: 'Object Repository/ME_CollateralandLoan_information/button_Add' is clicked on

2022-03-30 15:08:42 - [TEST_STEP][PASSED] - delay(1): Delayed 1 second(s)

2022-03-30 15:08:43 - [MESSAGE][PASSED] - Delayed 1 second(s)

2022-03-30 15:08:43 - [TEST_STEP][PASSED] - click(findTestObject("ME_CollateralandLoan_information/button_View Detail_btn btn-edit ng-star-inserted"), OPTIONAL): Object: 'Object Repository/ME_CollateralandLoan_information/button_View Detail_btn btn-edit ng-star-inserted' is clicked on

2022-03-30 15:08:43 - [MESSAGE][PASSED] - Object: 'Object Repository/ME_CollateralandLoan_information/button_View Detail_btn btn-edit ng-star-inserted' is clicked on

2022-03-30 15:08:43 - [TEST_STEP][PASSED] - delay(1): Delayed 1 second(s)

2022-03-30 15:08:44 - [MESSAGE][PASSED] - Delayed 1 second(s)

2022-03-30 15:08:44 - [TEST_STEP][PASSED] - click(findTestObject("ME_CollateralandLoan_information/button_Save"), OPTIONAL): Object: 'Object Repository/ME_CollateralandLoan_information/button_Save' is clicked on

2022-03-30 15:08:45 - [MESSAGE][PASSED] - Object: 'Object Repository/ME_CollateralandLoan_information/button_Save' is clicked on

2022-03-30 15:08:45 - [TEST_STEP][PASSED] - delay(1): Delayed 1 second(s)

2022-03-30 15:08:46 - [MESSAGE][PASSED] - Delayed 1 second(s)

2022-03-30 15:08:46 - [TEST_STEP][PASSED] - click(findTestObject("ME_CollateralandLoan_information/a_View Detail_mutasirekening"), OPTIONAL): Object: 'Object Repository/ME_CollateralandLoan_information/a_View Detail_mutasirekening' is clicked on

2022-03-30 15:08:46 - [MESSAGE][PASSED] - Object: 'Object Repository/ME_CollateralandLoan_information/a_View Detail_mutasirekening' is clicked on

2022-03-30 15:08:46 - [TEST_STEP][PASSED] - delay(1): Delayed 1 second(s)

2022-03-30 15:08:47 - [MESSAGE][PASSED] - Delayed 1 second(s)

2022-03-30 15:08:47 - [TEST_STEP][PASSED] - takeFullPageScreenshotAsCheckpoint(userDir + sprint4WebScreenshootPath + "scenario-1-berhasil-mengisi-data-information.png"): Taking screenshot successfully

2022-03-30 15:08:48 - [MESSAGE][INFO] - 0 hidden object(s)

2022-03-30 15:08:49 - [MESSAGE][PASSED] - Taking screenshot successfully
[[ATTACHMENT|D:\PROJECT\BCA\BCAF_MEAPP_i3\BCAF_MEAPP_i3\Screenshoot\Sprint4\Web\keyes\keyes-scenario-1-berhasil-mengisi-data-information.png]]

2022-03-30 15:08:49 - [TEST_STEP][PASSED] - markPassed("scenario 1 - Berhasil mengisi data information"): scenario 1 - Berhasil mengisi data information

2022-03-30 15:08:49 - [MESSAGE][PASSED] - scenario 1 - Berhasil mengisi data information

2022-03-30 15:08:49 - [TEST_STEP][PASSED] - delay(1): Delayed 1 second(s)

2022-03-30 15:08:50 - [MESSAGE][PASSED] - Delayed 1 second(s)]]></system-out>
         <system-err><![CDATA[]]></system-err>
      </testcase>
      <testcase name="Test Cases/Sprint 4/Skenario 1/01-03-02-Transaction-AppPending-InputData-Vehicle" time="242.237" classname="Test Cases/Sprint 4/Skenario 1/01-03-02-Transaction-AppPending-InputData-Vehicle" status="PASSED">
         <system-out><![CDATA[2022-03-30 15:08:50 - [TEST_CASE][PASSED] - Test Cases/Sprint 4/Skenario 1/01-03-02-Transaction-AppPending-InputData-Vehicle: Test Cases/Sprint 4/Skenario 1/01-03-02-Transaction-AppPending-InputData-Vehicle

2022-03-30 15:08:50 - [TEST_STEP][PASSED] - userDir = getProjectDir(): null

2022-03-30 15:08:50 - [TEST_STEP][PASSED] - delay(1): Delayed 1 second(s)

2022-03-30 15:08:51 - [MESSAGE][PASSED] - Delayed 1 second(s)

2022-03-30 15:08:51 - [TEST_STEP][PASSED] - scrollToPosition(0, 130): Browser is scrolled to position x = 0, y = 130

2022-03-30 15:08:51 - [MESSAGE][PASSED] - Browser is scrolled to position x = 0, y = 130

2022-03-30 15:08:51 - [TEST_STEP][PASSED] - takeFullPageScreenshotAsCheckpoint(userDir + sprint4WebScreenshootPath + "scenario-1-masuk-halaman-collateral-loan-vehicle.png"): Taking screenshot successfully

2022-03-30 15:08:52 - [MESSAGE][INFO] - 0 hidden object(s)

2022-03-30 15:08:53 - [MESSAGE][PASSED] - Taking screenshot successfully
[[ATTACHMENT|D:\PROJECT\BCA\BCAF_MEAPP_i3\BCAF_MEAPP_i3\Screenshoot\Sprint4\Web\keyes\keyes-scenario-1-masuk-halaman-collateral-loan-vehicle.png]]

2022-03-30 15:08:53 - [TEST_STEP][PASSED] - markPassed("scenario 1 - Masuk halaman collateral loan vehicle"): scenario 1 - Masuk halaman collateral loan vehicle

2022-03-30 15:08:53 - [MESSAGE][PASSED] - scenario 1 - Masuk halaman collateral loan vehicle

2022-03-30 15:08:53 - [TEST_STEP][PASSED] - delay(1): Delayed 1 second(s)

2022-03-30 15:08:54 - [MESSAGE][PASSED] - Delayed 1 second(s)

2022-03-30 15:08:54 - [TEST_STEP][PASSED] - click(findTestObject("ME_CollateralAndLoan_Vehicle/li_Vehicle")): Object: 'Object Repository/ME_CollateralAndLoan_Vehicle/li_Vehicle' is clicked on

2022-03-30 15:08:54 - [MESSAGE][PASSED] - Object: 'Object Repository/ME_CollateralAndLoan_Vehicle/li_Vehicle' is clicked on

2022-03-30 15:08:54 - [TEST_STEP][PASSED] - delay(1): Delayed 1 second(s)

2022-03-30 15:08:55 - [MESSAGE][PASSED] - Delayed 1 second(s)

2022-03-30 15:08:55 - [TEST_STEP][PASSED] - waitForElementPresent(findTestObject("ME_CollateralAndLoan_Vehicle/input_dealername_ketiga"), 0): Object 'Object Repository/ME_CollateralAndLoan_Vehicle/input_dealername_ketiga' is present

2022-03-30 15:08:55 - [MESSAGE][WARNING] - Timeout '0' is invalid. Using default page load timeout: '30'

2022-03-30 15:08:55 - [MESSAGE][PASSED] - Object 'Object Repository/ME_CollateralAndLoan_Vehicle/input_dealername_ketiga' is present

2022-03-30 15:08:55 - [TEST_STEP][PASSED] - click(findTestObject("ME_CollateralAndLoan_Vehicle/input_dealername_ketiga"), OPTIONAL): Object: 'Object Repository/ME_CollateralAndLoan_Vehicle/input_dealername_ketiga' is clicked on

2022-03-30 15:08:56 - [MESSAGE][PASSED] - Object: 'Object Repository/ME_CollateralAndLoan_Vehicle/input_dealername_ketiga' is clicked on

2022-03-30 15:08:56 - [TEST_STEP][PASSED] - delay(1): Delayed 1 second(s)

2022-03-30 15:08:57 - [MESSAGE][PASSED] - Delayed 1 second(s)

2022-03-30 15:08:57 - [TEST_STEP][PASSED] - setText(findTestObject("ME_CollateralAndLoan_Vehicle/input_dealername_ketiga"), vehicle_dealerName, OPTIONAL): Text 'Akita Prima Mobilindo, PT' is set on object 'Object Repository/ME_CollateralAndLoan_Vehicle/input_dealername_ketiga'

2022-03-30 15:08:58 - [MESSAGE][PASSED] - Text 'Akita Prima Mobilindo, PT' is set on object 'Object Repository/ME_CollateralAndLoan_Vehicle/input_dealername_ketiga'

2022-03-30 15:08:58 - [TEST_STEP][PASSED] - delay(1): Delayed 1 second(s)

2022-03-30 15:08:59 - [MESSAGE][PASSED] - Delayed 1 second(s)

2022-03-30 15:08:59 - [TEST_STEP][PASSED] - click(findTestObject("ME_CollateralAndLoan_Vehicle/span_Akita Prima Mobilindo, PT")): Object: 'Object Repository/ME_CollateralAndLoan_Vehicle/span_Akita Prima Mobilindo, PT' is clicked on

2022-03-30 15:08:59 - [MESSAGE][PASSED] - Object: 'Object Repository/ME_CollateralAndLoan_Vehicle/span_Akita Prima Mobilindo, PT' is clicked on

2022-03-30 15:08:59 - [TEST_STEP][PASSED] - delay(1): Delayed 1 second(s)

2022-03-30 15:09:00 - [MESSAGE][PASSED] - Delayed 1 second(s)

2022-03-30 15:09:00 - [TEST_STEP][PASSED] - waitForElementPresent(findTestObject("ME_CollateralAndLoan_Vehicle/input_branch_ketiga"), 0): Object 'Object Repository/ME_CollateralAndLoan_Vehicle/input_branch_ketiga' is present

2022-03-30 15:09:00 - [MESSAGE][WARNING] - Timeout '0' is invalid. Using default page load timeout: '30'

2022-03-30 15:09:01 - [MESSAGE][PASSED] - Object 'Object Repository/ME_CollateralAndLoan_Vehicle/input_branch_ketiga' is present

2022-03-30 15:09:01 - [TEST_STEP][PASSED] - click(findTestObject("ME_CollateralAndLoan_Vehicle/input_branch_ketiga")): Object: 'Object Repository/ME_CollateralAndLoan_Vehicle/input_branch_ketiga' is clicked on

2022-03-30 15:09:01 - [MESSAGE][PASSED] - Object: 'Object Repository/ME_CollateralAndLoan_Vehicle/input_branch_ketiga' is clicked on

2022-03-30 15:09:01 - [TEST_STEP][PASSED] - delay(1): Delayed 1 second(s)

2022-03-30 15:09:02 - [MESSAGE][PASSED] - Delayed 1 second(s)

2022-03-30 15:09:02 - [TEST_STEP][PASSED] - setText(findTestObject("ME_CollateralAndLoan_Vehicle/input_branch_ketiga"), vehicle_branch): Text 'Akita Prima Mobilindo - Pondok Cabe' is set on object 'Object Repository/ME_CollateralAndLoan_Vehicle/input_branch_ketiga'

2022-03-30 15:09:04 - [MESSAGE][PASSED] - Text 'Akita Prima Mobilindo - Pondok Cabe' is set on object 'Object Repository/ME_CollateralAndLoan_Vehicle/input_branch_ketiga'

2022-03-30 15:09:04 - [TEST_STEP][PASSED] - delay(1): Delayed 1 second(s)

2022-03-30 15:09:05 - [MESSAGE][PASSED] - Delayed 1 second(s)

2022-03-30 15:09:05 - [TEST_STEP][PASSED] - waitForElementPresent(findTestObject("ME_CollateralAndLoan_Vehicle/span_A1617 - Akita Prima Mobilindo - Pondok Cabe"), 0): Object 'Object Repository/ME_CollateralAndLoan_Vehicle/span_A1617 - Akita Prima Mobilindo - Pondok Cabe' is present

2022-03-30 15:09:05 - [MESSAGE][WARNING] - Timeout '0' is invalid. Using default page load timeout: '30'

2022-03-30 15:09:05 - [MESSAGE][PASSED] - Object 'Object Repository/ME_CollateralAndLoan_Vehicle/span_A1617 - Akita Prima Mobilindo - Pondok Cabe' is present

2022-03-30 15:09:05 - [TEST_STEP][PASSED] - click(findTestObject("ME_CollateralAndLoan_Vehicle/span_A1617 - Akita Prima Mobilindo - Pondok Cabe")): Object: 'Object Repository/ME_CollateralAndLoan_Vehicle/span_A1617 - Akita Prima Mobilindo - Pondok Cabe' is clicked on

2022-03-30 15:09:05 - [MESSAGE][PASSED] - Object: 'Object Repository/ME_CollateralAndLoan_Vehicle/span_A1617 - Akita Prima Mobilindo - Pondok Cabe' is clicked on

2022-03-30 15:09:05 - [TEST_STEP][PASSED] - delay(1): Delayed 1 second(s)

2022-03-30 15:09:06 - [MESSAGE][PASSED] - Delayed 1 second(s)

2022-03-30 15:09:06 - [TEST_STEP][PASSED] - verifyElementPresent(findTestObject("ME_CollateralAndLoan_Vehicle/input_Address_address"), 0): Object 'Object Repository/ME_CollateralAndLoan_Vehicle/input_Address_address' is present

2022-03-30 15:09:06 - [MESSAGE][WARNING] - Timeout '0' is invalid. Using default page load timeout: '30'

2022-03-30 15:09:07 - [MESSAGE][PASSED] - Object 'Object Repository/ME_CollateralAndLoan_Vehicle/input_Address_address' is present

2022-03-30 15:09:07 - [TEST_STEP][PASSED] - delay(1): Delayed 1 second(s)

2022-03-30 15:09:08 - [MESSAGE][PASSED] - Delayed 1 second(s)

2022-03-30 15:09:08 - [TEST_STEP][PASSED] - verifyElementPresent(findTestObject("ME_CollateralAndLoan_Vehicle/input_City_city"), 0): Object 'Object Repository/ME_CollateralAndLoan_Vehicle/input_City_city' is present

2022-03-30 15:09:08 - [MESSAGE][WARNING] - Timeout '0' is invalid. Using default page load timeout: '30'

2022-03-30 15:09:08 - [MESSAGE][PASSED] - Object 'Object Repository/ME_CollateralAndLoan_Vehicle/input_City_city' is present

2022-03-30 15:09:08 - [TEST_STEP][PASSED] - delay(1): Delayed 1 second(s)

2022-03-30 15:09:09 - [MESSAGE][PASSED] - Delayed 1 second(s)

2022-03-30 15:09:09 - [TEST_STEP][PASSED] - verifyElementPresent(findTestObject("ME_CollateralAndLoan_Vehicle/input_Telephone_phone"), 0): Object 'Object Repository/ME_CollateralAndLoan_Vehicle/input_Telephone_phone' is present

2022-03-30 15:09:09 - [MESSAGE][WARNING] - Timeout '0' is invalid. Using default page load timeout: '30'

2022-03-30 15:09:09 - [MESSAGE][PASSED] - Object 'Object Repository/ME_CollateralAndLoan_Vehicle/input_Telephone_phone' is present

2022-03-30 15:09:09 - [TEST_STEP][PASSED] - delay(1): Delayed 1 second(s)

2022-03-30 15:09:10 - [MESSAGE][PASSED] - Delayed 1 second(s)

2022-03-30 15:09:10 - [TEST_STEP][PASSED] - verifyElementPresent(findTestObject("ME_CollateralAndLoan_Vehicle/input_Authorize Dealer_authorizedDealer"), 0): Object 'Object Repository/ME_CollateralAndLoan_Vehicle/input_Authorize Dealer_authorizedDealer' is present

2022-03-30 15:09:10 - [MESSAGE][WARNING] - Timeout '0' is invalid. Using default page load timeout: '30'

2022-03-30 15:09:11 - [MESSAGE][PASSED] - Object 'Object Repository/ME_CollateralAndLoan_Vehicle/input_Authorize Dealer_authorizedDealer' is present

2022-03-30 15:09:11 - [TEST_STEP][PASSED] - delay(1): Delayed 1 second(s)

2022-03-30 15:09:12 - [MESSAGE][PASSED] - Delayed 1 second(s)

2022-03-30 15:09:12 - [TEST_STEP][PASSED] - verifyElementPresent(findTestObject("ME_CollateralAndLoan_Vehicle/input_Fax_fax"), 0): Object 'Object Repository/ME_CollateralAndLoan_Vehicle/input_Fax_fax' is present

2022-03-30 15:09:12 - [MESSAGE][WARNING] - Timeout '0' is invalid. Using default page load timeout: '30'

2022-03-30 15:09:12 - [MESSAGE][PASSED] - Object 'Object Repository/ME_CollateralAndLoan_Vehicle/input_Fax_fax' is present

2022-03-30 15:09:12 - [TEST_STEP][PASSED] - delay(1): Delayed 1 second(s)

2022-03-30 15:09:13 - [MESSAGE][PASSED] - Delayed 1 second(s)

2022-03-30 15:09:13 - [TEST_STEP][PASSED] - verifyElementPresent(findTestObject("ME_CollateralAndLoan_Vehicle/td_1-nomorrekening"), 0): Object 'Object Repository/ME_CollateralAndLoan_Vehicle/td_1-nomorrekening' is present

2022-03-30 15:09:13 - [MESSAGE][WARNING] - Timeout '0' is invalid. Using default page load timeout: '30'

2022-03-30 15:09:13 - [MESSAGE][PASSED] - Object 'Object Repository/ME_CollateralAndLoan_Vehicle/td_1-nomorrekening' is present

2022-03-30 15:09:13 - [TEST_STEP][PASSED] - takeFullPageScreenshotAsCheckpoint(userDir + sprint4WebScreenshootPath + "scenario-1-masuk-halaman-collateral-loan-vehicle.png"): Taking screenshot successfully

2022-03-30 15:09:14 - [MESSAGE][INFO] - 0 hidden object(s)

2022-03-30 15:09:15 - [MESSAGE][PASSED] - Taking screenshot successfully
[[ATTACHMENT|D:\PROJECT\BCA\BCAF_MEAPP_i3\BCAF_MEAPP_i3\Screenshoot\Sprint4\Web\keyes\keyes-scenario-1-masuk-halaman-collateral-loan-vehicle.png]]

2022-03-30 15:09:15 - [TEST_STEP][PASSED] - markPassed("scenario 1 - Masuk halaman collateral loan vehicle"): scenario 1 - Masuk halaman collateral loan vehicle

2022-03-30 15:09:15 - [MESSAGE][PASSED] - scenario 1 - Masuk halaman collateral loan vehicle

2022-03-30 15:09:15 - [TEST_STEP][PASSED] - delay(1): Delayed 1 second(s)

2022-03-30 15:09:16 - [MESSAGE][PASSED] - Delayed 1 second(s)

2022-03-30 15:09:16 - [TEST_STEP][PASSED] - delay(1): Delayed 1 second(s)

2022-03-30 15:09:17 - [MESSAGE][PASSED] - Delayed 1 second(s)

2022-03-30 15:09:17 - [TEST_STEP][PASSED] - delay(1): Delayed 1 second(s)

2022-03-30 15:09:18 - [MESSAGE][PASSED] - Delayed 1 second(s)

2022-03-30 15:09:18 - [TEST_STEP][PASSED] - click(findTestObject("ME_CollateralAndLoan_Vehicle/button_Data Vehicle")): Object: 'Object Repository/ME_CollateralAndLoan_Vehicle/button_Data Vehicle' is clicked on

2022-03-30 15:09:18 - [MESSAGE][PASSED] - Object: 'Object Repository/ME_CollateralAndLoan_Vehicle/button_Data Vehicle' is clicked on

2022-03-30 15:09:18 - [TEST_STEP][PASSED] - delay(1): Delayed 1 second(s)

2022-03-30 15:09:19 - [MESSAGE][PASSED] - Delayed 1 second(s)

2022-03-30 15:09:19 - [TEST_STEP][PASSED] - takeFullPageScreenshotAsCheckpoint(userDir + sprint4WebScreenshootPath + "scenario-1-halaman-input-data-vehicle.png"): Taking screenshot successfully

2022-03-30 15:09:20 - [MESSAGE][INFO] - 0 hidden object(s)

2022-03-30 15:09:21 - [MESSAGE][PASSED] - Taking screenshot successfully
[[ATTACHMENT|D:\PROJECT\BCA\BCAF_MEAPP_i3\BCAF_MEAPP_i3\Screenshoot\Sprint4\Web\keyes\keyes-scenario-1-halaman-input-data-vehicle.png]]

2022-03-30 15:09:21 - [TEST_STEP][PASSED] - markPassed("scenario 1 - halaman input data vehicle"): scenario 1 - halaman input data vehicle

2022-03-30 15:09:21 - [MESSAGE][PASSED] - scenario 1 - halaman input data vehicle

2022-03-30 15:09:21 - [TEST_STEP][PASSED] - delay(2): Delayed 2 second(s)

2022-03-30 15:09:23 - [MESSAGE][PASSED] - Delayed 2 second(s)

2022-03-30 15:09:23 - [TEST_STEP][PASSED] - scrollToElement(findTestObject("ME_CollateralAndLoan_Vehicle/button_Data Vehicle"), 0, STOP_ON_FAILURE): Scroll to object 'Object Repository/ME_CollateralAndLoan_Vehicle/button_Data Vehicle' successfully

2022-03-30 15:09:23 - [MESSAGE][WARNING] - Timeout '0' is invalid. Using default page load timeout: '30'

2022-03-30 15:09:23 - [MESSAGE][PASSED] - Scroll to object 'Object Repository/ME_CollateralAndLoan_Vehicle/button_Data Vehicle' successfully

2022-03-30 15:09:23 - [TEST_STEP][PASSED] - click(findTestObject("ME_CollateralAndLoan_Vehicle/input_used_carCondition-radio")): Object: 'Object Repository/ME_CollateralAndLoan_Vehicle/input_used_carCondition-radio' is clicked on

2022-03-30 15:09:24 - [MESSAGE][PASSED] - Object: 'Object Repository/ME_CollateralAndLoan_Vehicle/input_used_carCondition-radio' is clicked on

2022-03-30 15:09:24 - [TEST_STEP][PASSED] - delay(1): Delayed 1 second(s)

2022-03-30 15:09:25 - [MESSAGE][PASSED] - Delayed 1 second(s)

2022-03-30 15:09:25 - [TEST_STEP][PASSED] - click(findTestObject("Object Repository/ME_CollateralAndLoan_Vehicle/div_Pilih Product Code"), OPTIONAL): Object: 'Object Repository/ME_CollateralAndLoan_Vehicle/div_Pilih Product Code' is clicked on

2022-03-30 15:09:25 - [MESSAGE][PASSED] - Object: 'Object Repository/ME_CollateralAndLoan_Vehicle/div_Pilih Product Code' is clicked on

2022-03-30 15:09:25 - [TEST_STEP][PASSED] - delay(1): Delayed 1 second(s)

2022-03-30 15:09:26 - [MESSAGE][PASSED] - Delayed 1 second(s)

2022-03-30 15:09:26 - [TEST_STEP][PASSED] - setText(findTestObject("ME_CollateralAndLoan_Vehicle/input_productcode2"), vehicle_productCode): Text 'leasing' is set on object 'Object Repository/ME_CollateralAndLoan_Vehicle/input_productcode2'

2022-03-30 15:09:27 - [MESSAGE][PASSED] - Text 'leasing' is set on object 'Object Repository/ME_CollateralAndLoan_Vehicle/input_productcode2'

2022-03-30 15:09:27 - [TEST_STEP][PASSED] - delay(1): Delayed 1 second(s)

2022-03-30 15:09:28 - [MESSAGE][PASSED] - Delayed 1 second(s)

2022-03-30 15:09:28 - [TEST_STEP][PASSED] - click(findTestObject("ME_CollateralAndLoan_Vehicle/span_Leasing")): Object: 'Object Repository/ME_CollateralAndLoan_Vehicle/span_Leasing' is clicked on

2022-03-30 15:09:28 - [MESSAGE][PASSED] - Object: 'Object Repository/ME_CollateralAndLoan_Vehicle/span_Leasing' is clicked on

2022-03-30 15:09:28 - [TEST_STEP][PASSED] - delay(1): Delayed 1 second(s)

2022-03-30 15:09:29 - [MESSAGE][PASSED] - Delayed 1 second(s)

2022-03-30 15:09:29 - [TEST_STEP][PASSED] - click(findTestObject("vehiclekedua/input_brand_kedua")): Object: 'Object Repository/vehiclekedua/input_brand_kedua' is clicked on

2022-03-30 15:09:30 - [MESSAGE][PASSED] - Object: 'Object Repository/vehiclekedua/input_brand_kedua' is clicked on

2022-03-30 15:09:30 - [TEST_STEP][PASSED] - delay(1): Delayed 1 second(s)

2022-03-30 15:09:31 - [MESSAGE][PASSED] - Delayed 1 second(s)

2022-03-30 15:09:31 - [TEST_STEP][PASSED] - setText(findTestObject("vehiclekedua/input_brand_kedua"), vehicle_brand): Text 'toyota' is set on object 'Object Repository/vehiclekedua/input_brand_kedua'

2022-03-30 15:09:32 - [MESSAGE][PASSED] - Text 'toyota' is set on object 'Object Repository/vehiclekedua/input_brand_kedua'

2022-03-30 15:09:32 - [TEST_STEP][PASSED] - delay(1): Delayed 1 second(s)

2022-03-30 15:09:33 - [MESSAGE][PASSED] - Delayed 1 second(s)

2022-03-30 15:09:33 - [TEST_STEP][PASSED] - click(findTestObject("ME_CollateralAndLoan_Vehicle/div_TOYOTA_brand")): Object: 'Object Repository/ME_CollateralAndLoan_Vehicle/div_TOYOTA_brand' is clicked on

2022-03-30 15:09:33 - [MESSAGE][PASSED] - Object: 'Object Repository/ME_CollateralAndLoan_Vehicle/div_TOYOTA_brand' is clicked on

2022-03-30 15:09:33 - [TEST_STEP][PASSED] - delay(1): Delayed 1 second(s)

2022-03-30 15:09:34 - [MESSAGE][PASSED] - Delayed 1 second(s)

2022-03-30 15:09:34 - [TEST_STEP][PASSED] - click(findTestObject("vehiclekedua/input_model_kedua"), OPTIONAL): Object: 'Object Repository/vehiclekedua/input_model_kedua' is clicked on

2022-03-30 15:09:35 - [MESSAGE][PASSED] - Object: 'Object Repository/vehiclekedua/input_model_kedua' is clicked on

2022-03-30 15:09:35 - [TEST_STEP][PASSED] - delay(1): Delayed 1 second(s)

2022-03-30 15:09:36 - [MESSAGE][PASSED] - Delayed 1 second(s)

2022-03-30 15:09:36 - [TEST_STEP][PASSED] - setText(findTestObject("vehiclekedua/input_model_kedua"), vehicle_model, OPTIONAL): Text 'ALL NEW HILUX' is set on object 'Object Repository/vehiclekedua/input_model_kedua'

2022-03-30 15:09:37 - [MESSAGE][PASSED] - Text 'ALL NEW HILUX' is set on object 'Object Repository/vehiclekedua/input_model_kedua'

2022-03-30 15:09:37 - [TEST_STEP][PASSED] - delay(1): Delayed 1 second(s)

2022-03-30 15:09:38 - [MESSAGE][PASSED] - Delayed 1 second(s)

2022-03-30 15:09:38 - [TEST_STEP][PASSED] - click(findTestObject("ME_CollateralAndLoan_Vehicle/div_ALL NEW HILUX_model_datavehicle"), OPTIONAL): Object: 'Object Repository/ME_CollateralAndLoan_Vehicle/div_ALL NEW HILUX_model_datavehicle' is clicked on

2022-03-30 15:09:38 - [MESSAGE][PASSED] - Object: 'Object Repository/ME_CollateralAndLoan_Vehicle/div_ALL NEW HILUX_model_datavehicle' is clicked on

2022-03-30 15:09:38 - [TEST_STEP][PASSED] - delay(1): Delayed 1 second(s)

2022-03-30 15:09:39 - [MESSAGE][PASSED] - Delayed 1 second(s)

2022-03-30 15:09:39 - [TEST_STEP][PASSED] - waitForElementPresent(findTestObject("ME_CollateralAndLoan_Vehicle/input_typekendaraan"), 0): Object 'Object Repository/ME_CollateralAndLoan_Vehicle/input_typekendaraan' is present

2022-03-30 15:09:39 - [MESSAGE][WARNING] - Timeout '0' is invalid. Using default page load timeout: '30'

2022-03-30 15:09:40 - [MESSAGE][PASSED] - Object 'Object Repository/ME_CollateralAndLoan_Vehicle/input_typekendaraan' is present

2022-03-30 15:09:40 - [TEST_STEP][PASSED] - click(findTestObject("ME_CollateralAndLoan_Vehicle/input_typekendaraan"), OPTIONAL): Object: 'Object Repository/ME_CollateralAndLoan_Vehicle/input_typekendaraan' is clicked on

2022-03-30 15:09:40 - [MESSAGE][PASSED] - Object: 'Object Repository/ME_CollateralAndLoan_Vehicle/input_typekendaraan' is clicked on

2022-03-30 15:09:40 - [TEST_STEP][PASSED] - delay(1): Delayed 1 second(s)

2022-03-30 15:09:41 - [MESSAGE][PASSED] - Delayed 1 second(s)

2022-03-30 15:09:41 - [TEST_STEP][PASSED] - setText(findTestObject("ME_CollateralAndLoan_Vehicle/input_typekendaraan"), vehicle_tipeKendaraan, OPTIONAL): Text 'ALL NEW HI LUX DOUBLE CABIN 2.4 G (4X4) M/T DIESEL 2017' is set on object 'Object Repository/ME_CollateralAndLoan_Vehicle/input_typekendaraan'

2022-03-30 15:09:43 - [MESSAGE][PASSED] - Text 'ALL NEW HI LUX DOUBLE CABIN 2.4 G (4X4) M/T DIESEL 2017' is set on object 'Object Repository/ME_CollateralAndLoan_Vehicle/input_typekendaraan'

2022-03-30 15:09:43 - [TEST_STEP][PASSED] - delay(1): Delayed 1 second(s)

2022-03-30 15:09:44 - [MESSAGE][PASSED] - Delayed 1 second(s)

2022-03-30 15:09:44 - [TEST_STEP][PASSED] - waitForElementPresent(findTestObject("ME_CollateralAndLoan_Vehicle/div_ALL NEW HI LUX DOUBLE CABIN 2.4 G (4X4) MT DIESEL 2017_type_datavehicle"), 0): Object 'Object Repository/ME_CollateralAndLoan_Vehicle/div_ALL NEW HI LUX DOUBLE CABIN 2.4 G (4X4) MT DIESEL 2017_type_datavehicle' is present

2022-03-30 15:09:44 - [MESSAGE][WARNING] - Timeout '0' is invalid. Using default page load timeout: '30'

2022-03-30 15:09:44 - [MESSAGE][PASSED] - Object 'Object Repository/ME_CollateralAndLoan_Vehicle/div_ALL NEW HI LUX DOUBLE CABIN 2.4 G (4X4) MT DIESEL 2017_type_datavehicle' is present

2022-03-30 15:09:44 - [TEST_STEP][PASSED] - click(findTestObject("ME_CollateralAndLoan_Vehicle/div_ALL NEW HI LUX DOUBLE CABIN 2.4 G (4X4) MT DIESEL 2017_type_datavehicle"), OPTIONAL): Object: 'Object Repository/ME_CollateralAndLoan_Vehicle/div_ALL NEW HI LUX DOUBLE CABIN 2.4 G (4X4) MT DIESEL 2017_type_datavehicle' is clicked on

2022-03-30 15:09:45 - [MESSAGE][PASSED] - Object: 'Object Repository/ME_CollateralAndLoan_Vehicle/div_ALL NEW HI LUX DOUBLE CABIN 2.4 G (4X4) MT DIESEL 2017_type_datavehicle' is clicked on

2022-03-30 15:09:45 - [TEST_STEP][PASSED] - delay(1): Delayed 1 second(s)

2022-03-30 15:09:46 - [MESSAGE][PASSED] - Delayed 1 second(s)

2022-03-30 15:09:46 - [TEST_STEP][PASSED] - click(findTestObject("vehiclekedua/input_packet_kedua"), OPTIONAL): Object: 'Object Repository/vehiclekedua/input_packet_kedua' is clicked on

2022-03-30 15:09:46 - [MESSAGE][PASSED] - Object: 'Object Repository/vehiclekedua/input_packet_kedua' is clicked on

2022-03-30 15:09:46 - [TEST_STEP][PASSED] - delay(1): Delayed 1 second(s)

2022-03-30 15:09:47 - [MESSAGE][PASSED] - Delayed 1 second(s)

2022-03-30 15:09:47 - [TEST_STEP][PASSED] - setText(findTestObject("vehiclekedua/input_packet_kedua"), vehicle_packet, OPTIONAL): Text 'BCAI - IIMS - SUBS OTR ADDB' is set on object 'Object Repository/vehiclekedua/input_packet_kedua'

2022-03-30 15:10:15 - [MESSAGE][PASSED] - Text 'BCAI - IIMS - SUBS OTR ADDB' is set on object 'Object Repository/vehiclekedua/input_packet_kedua'

2022-03-30 15:10:15 - [TEST_STEP][PASSED] - delay(1): Delayed 1 second(s)

2022-03-30 15:10:16 - [MESSAGE][PASSED] - Delayed 1 second(s)

2022-03-30 15:10:16 - [TEST_STEP][PASSED] - waitForElementPresent(findTestObject("ME_CollateralAndLoan_Vehicle/div_BCAI - IIMS - SUBS OTR ADDB"), 300): Object 'Object Repository/ME_CollateralAndLoan_Vehicle/div_BCAI - IIMS - SUBS OTR ADDB' is present

2022-03-30 15:10:17 - [MESSAGE][PASSED] - Object 'Object Repository/ME_CollateralAndLoan_Vehicle/div_BCAI - IIMS - SUBS OTR ADDB' is present

2022-03-30 15:10:17 - [TEST_STEP][PASSED] - delay(1): Delayed 1 second(s)

2022-03-30 15:10:18 - [MESSAGE][PASSED] - Delayed 1 second(s)

2022-03-30 15:10:18 - [TEST_STEP][PASSED] - click(findTestObject("ME_CollateralAndLoan_Vehicle/div_BCAI - IIMS - SUBS OTR ADDB")): Object: 'Object Repository/ME_CollateralAndLoan_Vehicle/div_BCAI - IIMS - SUBS OTR ADDB' is clicked on

2022-03-30 15:10:18 - [MESSAGE][PASSED] - Object: 'Object Repository/ME_CollateralAndLoan_Vehicle/div_BCAI - IIMS - SUBS OTR ADDB' is clicked on

2022-03-30 15:10:18 - [TEST_STEP][PASSED] - delay(1): Delayed 1 second(s)

2022-03-30 15:10:19 - [MESSAGE][PASSED] - Delayed 1 second(s)

2022-03-30 15:10:19 - [TEST_STEP][PASSED] - setText(findTestObject("ME_CollateralAndLoan_Vehicle/input_Keterangan Type Kendaraan_keteranganType"), vehicle_ketTypeKendaraan): Text 'bekas' is set on object 'Object Repository/ME_CollateralAndLoan_Vehicle/input_Keterangan Type Kendaraan_keteranganType'

2022-03-30 15:10:20 - [MESSAGE][PASSED] - Text 'bekas' is set on object 'Object Repository/ME_CollateralAndLoan_Vehicle/input_Keterangan Type Kendaraan_keteranganType'

2022-03-30 15:10:20 - [TEST_STEP][PASSED] - delay(1): Delayed 1 second(s)

2022-03-30 15:10:21 - [MESSAGE][PASSED] - Delayed 1 second(s)

2022-03-30 15:10:21 - [TEST_STEP][PASSED] - setText(findTestObject("ME_CollateralAndLoan_Vehicle/input_Year_year (1)"), vehicle_year): Text '2020' is set on object 'Object Repository/ME_CollateralAndLoan_Vehicle/input_Year_year (1)'

2022-03-30 15:10:22 - [MESSAGE][PASSED] - Text '2020' is set on object 'Object Repository/ME_CollateralAndLoan_Vehicle/input_Year_year (1)'

2022-03-30 15:10:22 - [TEST_STEP][PASSED] - delay(1): Delayed 1 second(s)

2022-03-30 15:10:23 - [MESSAGE][PASSED] - Delayed 1 second(s)

2022-03-30 15:10:23 - [TEST_STEP][PASSED] - click(findTestObject("ME_CollateralAndLoan_Vehicle/a_Capture File_bpkb")): Object: 'Object Repository/ME_CollateralAndLoan_Vehicle/a_Capture File_bpkb' is clicked on

2022-03-30 15:10:23 - [MESSAGE][PASSED] - Object: 'Object Repository/ME_CollateralAndLoan_Vehicle/a_Capture File_bpkb' is clicked on

2022-03-30 15:10:23 - [TEST_STEP][PASSED] - delay(1): Delayed 1 second(s)

2022-03-30 15:10:24 - [MESSAGE][PASSED] - Delayed 1 second(s)

2022-03-30 15:10:24 - [TEST_STEP][PASSED] - uploadFile(findTestObject("MEApp_AppBaru_InisiasiKonsumen/Capture_"), userDir + pathfinder_npwp): File 'D:/PROJECT/BCA/BCAF_MEAPP_i3/BCAF_MEAPP_i3/Assets/npwp-dummy.jpg' sent to object: 'Object Repository/MEApp_AppBaru_InisiasiKonsumen/Capture_'

2022-03-30 15:10:25 - [MESSAGE][PASSED] - File 'D:/PROJECT/BCA/BCAF_MEAPP_i3/BCAF_MEAPP_i3/Assets/npwp-dummy.jpg' sent to object: 'Object Repository/MEApp_AppBaru_InisiasiKonsumen/Capture_'

2022-03-30 15:10:25 - [TEST_STEP][PASSED] - delay(1): Delayed 1 second(s)

2022-03-30 15:10:26 - [MESSAGE][PASSED] - Delayed 1 second(s)

2022-03-30 15:10:26 - [TEST_STEP][PASSED] - click(findTestObject("ME_CollateralAndLoan_Vehicle/a_Capture Files_stnk_datavehicle")): Object: 'Object Repository/ME_CollateralAndLoan_Vehicle/a_Capture Files_stnk_datavehicle' is clicked on

2022-03-30 15:10:26 - [MESSAGE][PASSED] - Object: 'Object Repository/ME_CollateralAndLoan_Vehicle/a_Capture Files_stnk_datavehicle' is clicked on

2022-03-30 15:10:26 - [TEST_STEP][PASSED] - delay(1): Delayed 1 second(s)

2022-03-30 15:10:27 - [MESSAGE][PASSED] - Delayed 1 second(s)

2022-03-30 15:10:27 - [TEST_STEP][PASSED] - uploadFile(findTestObject("MEApp_AppBaru_InisiasiKonsumen/Capture_"), userDir + pathfinder_npwp): File 'D:/PROJECT/BCA/BCAF_MEAPP_i3/BCAF_MEAPP_i3/Assets/npwp-dummy.jpg' sent to object: 'Object Repository/MEApp_AppBaru_InisiasiKonsumen/Capture_'

2022-03-30 15:10:27 - [MESSAGE][PASSED] - File 'D:/PROJECT/BCA/BCAF_MEAPP_i3/BCAF_MEAPP_i3/Assets/npwp-dummy.jpg' sent to object: 'Object Repository/MEApp_AppBaru_InisiasiKonsumen/Capture_'

2022-03-30 15:10:27 - [TEST_STEP][PASSED] - delay(1): Delayed 1 second(s)

2022-03-30 15:10:28 - [MESSAGE][PASSED] - Delayed 1 second(s)

2022-03-30 15:10:28 - [TEST_STEP][PASSED] - setText(findTestObject("ME_CollateralAndLoan_Vehicle/input_Color_text-input (1)"), vehicle_color): Text 'hitam' is set on object 'Object Repository/ME_CollateralAndLoan_Vehicle/input_Color_text-input (1)'

2022-03-30 15:10:29 - [MESSAGE][PASSED] - Text 'hitam' is set on object 'Object Repository/ME_CollateralAndLoan_Vehicle/input_Color_text-input (1)'

2022-03-30 15:10:29 - [TEST_STEP][PASSED] - delay(1): Delayed 1 second(s)

2022-03-30 15:10:30 - [MESSAGE][PASSED] - Delayed 1 second(s)

2022-03-30 15:10:30 - [TEST_STEP][PASSED] - setText(findTestObject("ME_CollateralAndLoan_Vehicle/input_BPKB No_text-input"), vehicle_bpkbNum): Text '1111111111' is set on object 'Object Repository/ME_CollateralAndLoan_Vehicle/input_BPKB No_text-input'

2022-03-30 15:10:31 - [MESSAGE][PASSED] - Text '1111111111' is set on object 'Object Repository/ME_CollateralAndLoan_Vehicle/input_BPKB No_text-input'

2022-03-30 15:10:31 - [TEST_STEP][PASSED] - delay(1): Delayed 1 second(s)

2022-03-30 15:10:32 - [MESSAGE][PASSED] - Delayed 1 second(s)

2022-03-30 15:10:32 - [TEST_STEP][PASSED] - setText(findTestObject("ME_CollateralAndLoan_Vehicle/input_Engine No_text-input"), vehicle_engineNum): Text '1111111111' is set on object 'Object Repository/ME_CollateralAndLoan_Vehicle/input_Engine No_text-input'

2022-03-30 15:10:33 - [MESSAGE][PASSED] - Text '1111111111' is set on object 'Object Repository/ME_CollateralAndLoan_Vehicle/input_Engine No_text-input'

2022-03-30 15:10:33 - [TEST_STEP][PASSED] - delay(1): Delayed 1 second(s)

2022-03-30 15:10:34 - [MESSAGE][PASSED] - Delayed 1 second(s)

2022-03-30 15:10:34 - [TEST_STEP][PASSED] - setText(findTestObject("ME_CollateralAndLoan_Vehicle/input_Police No_text-input"), vehicle_policeNum): Text 'B1234AB' is set on object 'Object Repository/ME_CollateralAndLoan_Vehicle/input_Police No_text-input'

2022-03-30 15:10:34 - [MESSAGE][PASSED] - Text 'B1234AB' is set on object 'Object Repository/ME_CollateralAndLoan_Vehicle/input_Police No_text-input'

2022-03-30 15:10:34 - [TEST_STEP][PASSED] - delay(1): Delayed 1 second(s)

2022-03-30 15:10:35 - [MESSAGE][PASSED] - Delayed 1 second(s)

2022-03-30 15:10:35 - [TEST_STEP][PASSED] - setText(findTestObject("ME_CollateralAndLoan_Vehicle/input_Body No_text-input"), vehicle_bodyNum): Text '1111111111' is set on object 'Object Repository/ME_CollateralAndLoan_Vehicle/input_Body No_text-input'

2022-03-30 15:10:36 - [MESSAGE][PASSED] - Text '1111111111' is set on object 'Object Repository/ME_CollateralAndLoan_Vehicle/input_Body No_text-input'

2022-03-30 15:10:36 - [TEST_STEP][PASSED] - delay(1): Delayed 1 second(s)

2022-03-30 15:10:37 - [MESSAGE][PASSED] - Delayed 1 second(s)

2022-03-30 15:10:37 - [TEST_STEP][PASSED] - click(findTestObject("vehiclekedua/input_purpose_kedua"), OPTIONAL): Object: 'Object Repository/vehiclekedua/input_purpose_kedua' is clicked on

2022-03-30 15:10:38 - [MESSAGE][PASSED] - Object: 'Object Repository/vehiclekedua/input_purpose_kedua' is clicked on

2022-03-30 15:10:38 - [TEST_STEP][PASSED] - delay(1): Delayed 1 second(s)

2022-03-30 15:10:39 - [MESSAGE][PASSED] - Delayed 1 second(s)

2022-03-30 15:10:39 - [TEST_STEP][PASSED] - setText(findTestObject("vehiclekedua/input_purpose_kedua"), vehicle_purpose, OPTIONAL): Text 'operasional' is set on object 'Object Repository/vehiclekedua/input_purpose_kedua'

2022-03-30 15:10:40 - [MESSAGE][PASSED] - Text 'operasional' is set on object 'Object Repository/vehiclekedua/input_purpose_kedua'

2022-03-30 15:10:40 - [TEST_STEP][PASSED] - delay(1): Delayed 1 second(s)

2022-03-30 15:10:41 - [MESSAGE][PASSED] - Delayed 1 second(s)

2022-03-30 15:10:41 - [TEST_STEP][PASSED] - click(findTestObject("ME_CollateralAndLoan_Vehicle/div_Operasional"), OPTIONAL): Object: 'Object Repository/ME_CollateralAndLoan_Vehicle/div_Operasional' is clicked on

2022-03-30 15:10:41 - [MESSAGE][PASSED] - Object: 'Object Repository/ME_CollateralAndLoan_Vehicle/div_Operasional' is clicked on

2022-03-30 15:10:41 - [TEST_STEP][PASSED] - delay(1): Delayed 1 second(s)

2022-03-30 15:10:42 - [MESSAGE][PASSED] - Delayed 1 second(s)

2022-03-30 15:10:42 - [TEST_STEP][PASSED] - setText(findTestObject("ME_CollateralAndLoan_Vehicle/input_BPKB Owner_text-input"), vehicle_bpkbowner): Text 'sendiri' is set on object 'Object Repository/ME_CollateralAndLoan_Vehicle/input_BPKB Owner_text-input'

2022-03-30 15:10:43 - [MESSAGE][PASSED] - Text 'sendiri' is set on object 'Object Repository/ME_CollateralAndLoan_Vehicle/input_BPKB Owner_text-input'

2022-03-30 15:10:43 - [TEST_STEP][PASSED] - delay(1): Delayed 1 second(s)

2022-03-30 15:10:44 - [MESSAGE][PASSED] - Delayed 1 second(s)

2022-03-30 15:10:44 - [TEST_STEP][PASSED] - click(findTestObject("vehiclekedua/input_hubungan_bpkbownerdgdebitur_kedua"), OPTIONAL): Object: 'Object Repository/vehiclekedua/input_hubungan_bpkbownerdgdebitur_kedua' is clicked on

2022-03-30 15:10:44 - [MESSAGE][PASSED] - Object: 'Object Repository/vehiclekedua/input_hubungan_bpkbownerdgdebitur_kedua' is clicked on

2022-03-30 15:10:44 - [TEST_STEP][PASSED] - delay(1): Delayed 1 second(s)

2022-03-30 15:10:45 - [MESSAGE][PASSED] - Delayed 1 second(s)

2022-03-30 15:10:45 - [TEST_STEP][PASSED] - setText(findTestObject("vehiclekedua/input_hubungan_bpkbownerdgdebitur_kedua"), vehicle_hubunganBpkb, OPTIONAL): Text 'pasangan' is set on object 'Object Repository/vehiclekedua/input_hubungan_bpkbownerdgdebitur_kedua'

2022-03-30 15:10:46 - [MESSAGE][PASSED] - Text 'pasangan' is set on object 'Object Repository/vehiclekedua/input_hubungan_bpkbownerdgdebitur_kedua'

2022-03-30 15:10:46 - [TEST_STEP][PASSED] - delay(1): Delayed 1 second(s)

2022-03-30 15:10:47 - [MESSAGE][PASSED] - Delayed 1 second(s)

2022-03-30 15:10:47 - [TEST_STEP][PASSED] - click(findTestObject("ME_CollateralAndLoan_Vehicle/div_pasangan"), OPTIONAL): Object: 'Object Repository/ME_CollateralAndLoan_Vehicle/div_pasangan' is clicked on

2022-03-30 15:10:48 - [MESSAGE][PASSED] - Object: 'Object Repository/ME_CollateralAndLoan_Vehicle/div_pasangan' is clicked on

2022-03-30 15:10:48 - [TEST_STEP][PASSED] - delay(1): Delayed 1 second(s)

2022-03-30 15:10:49 - [MESSAGE][PASSED] - Delayed 1 second(s)

2022-03-30 15:10:49 - [TEST_STEP][PASSED] - click(findTestObject("ME_CollateralAndLoan_Vehicle/input_Tujuan Penggunaan Kendaraan_nonproduktif"), OPTIONAL): Object: 'Object Repository/ME_CollateralAndLoan_Vehicle/input_Tujuan Penggunaan Kendaraan_nonproduktif' is clicked on

2022-03-30 15:10:49 - [MESSAGE][PASSED] - Object: 'Object Repository/ME_CollateralAndLoan_Vehicle/input_Tujuan Penggunaan Kendaraan_nonproduktif' is clicked on

2022-03-30 15:10:49 - [TEST_STEP][PASSED] - delay(1): Delayed 1 second(s)

2022-03-30 15:10:50 - [MESSAGE][PASSED] - Delayed 1 second(s)

2022-03-30 15:10:50 - [TEST_STEP][PASSED] - click(findTestObject("ME_CollateralAndLoan_Vehicle/input_Tujuan Penggunaan Kendaraan_produktif"), OPTIONAL): Object: 'Object Repository/ME_CollateralAndLoan_Vehicle/input_Tujuan Penggunaan Kendaraan_produktif' is clicked on

2022-03-30 15:10:51 - [MESSAGE][PASSED] - Object: 'Object Repository/ME_CollateralAndLoan_Vehicle/input_Tujuan Penggunaan Kendaraan_produktif' is clicked on

2022-03-30 15:10:51 - [TEST_STEP][PASSED] - delay(1): Delayed 1 second(s)

2022-03-30 15:10:52 - [MESSAGE][PASSED] - Delayed 1 second(s)

2022-03-30 15:10:52 - [TEST_STEP][PASSED] - takeFullPageScreenshotAsCheckpoint(userDir + sprint4WebScreenshootPath + "scenario-1-berhasil-input-data-vehicle.png"): Taking screenshot successfully

2022-03-30 15:10:53 - [MESSAGE][INFO] - 0 hidden object(s)

2022-03-30 15:10:54 - [MESSAGE][PASSED] - Taking screenshot successfully
[[ATTACHMENT|D:\PROJECT\BCA\BCAF_MEAPP_i3\BCAF_MEAPP_i3\Screenshoot\Sprint4\Web\keyes\keyes-scenario-1-berhasil-input-data-vehicle.png]]

2022-03-30 15:10:54 - [TEST_STEP][PASSED] - markPassed("scenario 1 - berhasil input data vehicle"): scenario 1 - berhasil input data vehicle

2022-03-30 15:10:54 - [MESSAGE][PASSED] - scenario 1 - berhasil input data vehicle

2022-03-30 15:10:54 - [TEST_STEP][PASSED] - delay(1): Delayed 1 second(s)

2022-03-30 15:10:55 - [MESSAGE][PASSED] - Delayed 1 second(s)

2022-03-30 15:10:55 - [TEST_STEP][PASSED] - delay(1): Delayed 1 second(s)

2022-03-30 15:10:56 - [MESSAGE][PASSED] - Delayed 1 second(s)

2022-03-30 15:10:56 - [TEST_STEP][PASSED] - click(findTestObject("ME_CollateralAndLoan_Vehicle/button_Loan Data"), OPTIONAL): Object: 'Object Repository/ME_CollateralAndLoan_Vehicle/button_Loan Data' is clicked on

2022-03-30 15:10:56 - [MESSAGE][PASSED] - Object: 'Object Repository/ME_CollateralAndLoan_Vehicle/button_Loan Data' is clicked on

2022-03-30 15:10:56 - [TEST_STEP][PASSED] - delay(1): Delayed 1 second(s)

2022-03-30 15:10:57 - [MESSAGE][PASSED] - Delayed 1 second(s)

2022-03-30 15:10:57 - [TEST_STEP][PASSED] - takeFullPageScreenshotAsCheckpoint(userDir + sprint4WebScreenshootPath + "scenario-1-halaman-input-loan-data.png"): Taking screenshot successfully

2022-03-30 15:10:59 - [MESSAGE][INFO] - 0 hidden object(s)

2022-03-30 15:11:00 - [MESSAGE][PASSED] - Taking screenshot successfully
[[ATTACHMENT|D:\PROJECT\BCA\BCAF_MEAPP_i3\BCAF_MEAPP_i3\Screenshoot\Sprint4\Web\keyes\keyes-scenario-1-halaman-input-loan-data.png]]

2022-03-30 15:11:00 - [TEST_STEP][PASSED] - markPassed("scenario 1 - halaman input loan data"): scenario 1 - halaman input loan data

2022-03-30 15:11:00 - [MESSAGE][PASSED] - scenario 1 - halaman input loan data

2022-03-30 15:11:00 - [TEST_STEP][PASSED] - delay(1): Delayed 1 second(s)

2022-03-30 15:11:01 - [MESSAGE][PASSED] - Delayed 1 second(s)

2022-03-30 15:11:01 - [TEST_STEP][PASSED] - scrollToElement(findTestObject("ME_CollateralAndLoan_Vehicle/button_Loan Data"), 0): Scroll to object 'Object Repository/ME_CollateralAndLoan_Vehicle/button_Loan Data' successfully

2022-03-30 15:11:01 - [MESSAGE][WARNING] - Timeout '0' is invalid. Using default page load timeout: '30'

2022-03-30 15:11:01 - [MESSAGE][PASSED] - Scroll to object 'Object Repository/ME_CollateralAndLoan_Vehicle/button_Loan Data' successfully

2022-03-30 15:11:01 - [TEST_STEP][PASSED] - delay(1): Delayed 1 second(s)

2022-03-30 15:11:02 - [MESSAGE][PASSED] - Delayed 1 second(s)

2022-03-30 15:11:02 - [TEST_STEP][PASSED] - setText(findTestObject("ME_CollateralAndLoan_Vehicle/input_On The Road Price_otr"), vehicle_onTheroadPrice): Text '150000000' is set on object 'Object Repository/ME_CollateralAndLoan_Vehicle/input_On The Road Price_otr'

2022-03-30 15:11:03 - [MESSAGE][PASSED] - Text '150000000' is set on object 'Object Repository/ME_CollateralAndLoan_Vehicle/input_On The Road Price_otr'

2022-03-30 15:11:03 - [TEST_STEP][PASSED] - delay(1): Delayed 1 second(s)

2022-03-30 15:11:04 - [MESSAGE][PASSED] - Delayed 1 second(s)

2022-03-30 15:11:04 - [TEST_STEP][PASSED] - setText(findTestObject("ME_CollateralAndLoan_Vehicle/input_Down Payment_dpNominal"), vehicle_downPayment): Text '0' is set on object 'Object Repository/ME_CollateralAndLoan_Vehicle/input_Down Payment_dpNominal'

2022-03-30 15:11:05 - [MESSAGE][PASSED] - Text '0' is set on object 'Object Repository/ME_CollateralAndLoan_Vehicle/input_Down Payment_dpNominal'

2022-03-30 15:11:05 - [TEST_STEP][PASSED] - delay(1): Delayed 1 second(s)

2022-03-30 15:11:06 - [MESSAGE][PASSED] - Delayed 1 second(s)

2022-03-30 15:11:06 - [TEST_STEP][PASSED] - setText(findTestObject("ME_CollateralAndLoan_Vehicle/input_DP_dpPercent"), vehicle_dpPercent): Text '30' is set on object 'Object Repository/ME_CollateralAndLoan_Vehicle/input_DP_dpPercent'

2022-03-30 15:11:07 - [MESSAGE][PASSED] - Text '30' is set on object 'Object Repository/ME_CollateralAndLoan_Vehicle/input_DP_dpPercent'

2022-03-30 15:11:07 - [TEST_STEP][PASSED] - delay(1): Delayed 1 second(s)

2022-03-30 15:11:08 - [MESSAGE][PASSED] - Delayed 1 second(s)

2022-03-30 15:11:08 - [TEST_STEP][PASSED] - setText(findTestObject("ME_CollateralAndLoan_Vehicle/input_Tenor (bulan)_tenor1"), vehicle_tenorBulan): Text '48' is set on object 'Object Repository/ME_CollateralAndLoan_Vehicle/input_Tenor (bulan)_tenor1'

2022-03-30 15:11:08 - [MESSAGE][PASSED] - Text '48' is set on object 'Object Repository/ME_CollateralAndLoan_Vehicle/input_Tenor (bulan)_tenor1'

2022-03-30 15:11:08 - [TEST_STEP][PASSED] - delay(1): Delayed 1 second(s)

2022-03-30 15:11:09 - [MESSAGE][PASSED] - Delayed 1 second(s)

2022-03-30 15:11:09 - [TEST_STEP][PASSED] - click(findTestObject("ME_CollateralAndLoan_Vehicle/input_Loan Type_inadvance"), OPTIONAL): Object: 'Object Repository/ME_CollateralAndLoan_Vehicle/input_Loan Type_inadvance' is clicked on

2022-03-30 15:11:10 - [MESSAGE][PASSED] - Object: 'Object Repository/ME_CollateralAndLoan_Vehicle/input_Loan Type_inadvance' is clicked on

2022-03-30 15:11:10 - [TEST_STEP][PASSED] - delay(1): Delayed 1 second(s)

2022-03-30 15:11:11 - [MESSAGE][PASSED] - Delayed 1 second(s)

2022-03-30 15:11:11 - [TEST_STEP][PASSED] - setText(findTestObject("ME_CollateralAndLoan_Vehicle/input_Flat Rate_flatRate"), vehicle_flatRate1): Text '7' is set on object 'Object Repository/ME_CollateralAndLoan_Vehicle/input_Flat Rate_flatRate'

2022-03-30 15:11:11 - [MESSAGE][PASSED] - Text '7' is set on object 'Object Repository/ME_CollateralAndLoan_Vehicle/input_Flat Rate_flatRate'

2022-03-30 15:11:11 - [TEST_STEP][PASSED] - delay(1): Delayed 1 second(s)

2022-03-30 15:11:12 - [MESSAGE][PASSED] - Delayed 1 second(s)

2022-03-30 15:11:12 - [TEST_STEP][PASSED] - setText(findTestObject("ME_CollateralAndLoan_Vehicle/input_Flat Rate 2_flatRate2"), vehicle_flatRate2): Text '7' is set on object 'Object Repository/ME_CollateralAndLoan_Vehicle/input_Flat Rate 2_flatRate2'

2022-03-30 15:11:13 - [MESSAGE][PASSED] - Text '7' is set on object 'Object Repository/ME_CollateralAndLoan_Vehicle/input_Flat Rate 2_flatRate2'

2022-03-30 15:11:13 - [TEST_STEP][PASSED] - delay(1): Delayed 1 second(s)

2022-03-30 15:11:14 - [MESSAGE][PASSED] - Delayed 1 second(s)

2022-03-30 15:11:14 - [TEST_STEP][PASSED] - click(findTestObject("ME_CollateralAndLoan_Vehicle/input_Effective Rate_effectiveRate"), OPTIONAL): Object: 'Object Repository/ME_CollateralAndLoan_Vehicle/input_Effective Rate_effectiveRate' is clicked on

2022-03-30 15:11:15 - [MESSAGE][PASSED] - Object: 'Object Repository/ME_CollateralAndLoan_Vehicle/input_Effective Rate_effectiveRate' is clicked on

2022-03-30 15:11:15 - [TEST_STEP][PASSED] - delay(1): Delayed 1 second(s)

2022-03-30 15:11:16 - [MESSAGE][PASSED] - Delayed 1 second(s)

2022-03-30 15:11:16 - [TEST_STEP][PASSED] - click(findTestObject("ME_CollateralAndLoan_Vehicle/input_Effective Rate 2_effectiveRate2"), OPTIONAL): Object: 'Object Repository/ME_CollateralAndLoan_Vehicle/input_Effective Rate 2_effectiveRate2' is clicked on

2022-03-30 15:11:16 - [MESSAGE][PASSED] - Object: 'Object Repository/ME_CollateralAndLoan_Vehicle/input_Effective Rate 2_effectiveRate2' is clicked on

2022-03-30 15:11:16 - [TEST_STEP][PASSED] - delay(1): Delayed 1 second(s)

2022-03-30 15:11:17 - [MESSAGE][PASSED] - Delayed 1 second(s)

2022-03-30 15:11:17 - [TEST_STEP][PASSED] - setText(findTestObject("ME_CollateralAndLoan_Vehicle/input_Provisional Percent_provisionPercent"), vehicle_provPercent): Text '2' is set on object 'Object Repository/ME_CollateralAndLoan_Vehicle/input_Provisional Percent_provisionPercent'

2022-03-30 15:11:18 - [MESSAGE][PASSED] - Text '2' is set on object 'Object Repository/ME_CollateralAndLoan_Vehicle/input_Provisional Percent_provisionPercent'

2022-03-30 15:11:18 - [TEST_STEP][PASSED] - delay(1): Delayed 1 second(s)

2022-03-30 15:11:19 - [MESSAGE][PASSED] - Delayed 1 second(s)

2022-03-30 15:11:19 - [TEST_STEP][PASSED] - click(findTestObject("ME_CollateralAndLoan_Vehicle/input_Provisional Payment_prepaid"), OPTIONAL): Object: 'Object Repository/ME_CollateralAndLoan_Vehicle/input_Provisional Payment_prepaid' is clicked on

2022-03-30 15:11:19 - [MESSAGE][PASSED] - Object: 'Object Repository/ME_CollateralAndLoan_Vehicle/input_Provisional Payment_prepaid' is clicked on

2022-03-30 15:11:19 - [TEST_STEP][PASSED] - delay(1): Delayed 1 second(s)

2022-03-30 15:11:20 - [MESSAGE][PASSED] - Delayed 1 second(s)

2022-03-30 15:11:20 - [TEST_STEP][PASSED] - setText(findTestObject("ME_CollateralAndLoan_Vehicle/input_Adm Fee_admFee"), vehicle_admFee): Text '2000000' is set on object 'Object Repository/ME_CollateralAndLoan_Vehicle/input_Adm Fee_admFee'

2022-03-30 15:11:21 - [MESSAGE][PASSED] - Text '2000000' is set on object 'Object Repository/ME_CollateralAndLoan_Vehicle/input_Adm Fee_admFee'

2022-03-30 15:11:21 - [TEST_STEP][PASSED] - delay(1): Delayed 1 second(s)

2022-03-30 15:11:22 - [MESSAGE][PASSED] - Delayed 1 second(s)

2022-03-30 15:11:22 - [TEST_STEP][PASSED] - click(findTestObject("ME_CollateralAndLoan_Vehicle/input_Adm Fee Payment_onloan"), OPTIONAL): Object: 'Object Repository/ME_CollateralAndLoan_Vehicle/input_Adm Fee Payment_onloan' is clicked on

2022-03-30 15:11:23 - [MESSAGE][PASSED] - Object: 'Object Repository/ME_CollateralAndLoan_Vehicle/input_Adm Fee Payment_onloan' is clicked on

2022-03-30 15:11:23 - [TEST_STEP][PASSED] - delay(1): Delayed 1 second(s)

2022-03-30 15:11:24 - [MESSAGE][PASSED] - Delayed 1 second(s)

2022-03-30 15:11:24 - [TEST_STEP][PASSED] - click(findTestObject("ME_CollateralAndLoan_Vehicle/input_Adm Fee Payment_prepaid"), OPTIONAL): Object: 'Object Repository/ME_CollateralAndLoan_Vehicle/input_Adm Fee Payment_prepaid' is clicked on

2022-03-30 15:11:24 - [MESSAGE][PASSED] - Object: 'Object Repository/ME_CollateralAndLoan_Vehicle/input_Adm Fee Payment_prepaid' is clicked on

2022-03-30 15:11:24 - [TEST_STEP][PASSED] - delay(1): Delayed 1 second(s)

2022-03-30 15:11:25 - [MESSAGE][PASSED] - Delayed 1 second(s)

2022-03-30 15:11:25 - [TEST_STEP][PASSED] - click(findTestObject("ME_CollateralAndLoan_Vehicle/input_gabung_jenisUnit20"), OPTIONAL): Object: 'Object Repository/ME_CollateralAndLoan_Vehicle/input_gabung_jenisUnit20' is clicked on

2022-03-30 15:11:26 - [MESSAGE][PASSED] - Object: 'Object Repository/ME_CollateralAndLoan_Vehicle/input_gabung_jenisUnit20' is clicked on

2022-03-30 15:11:26 - [TEST_STEP][PASSED] - takeFullPageScreenshotAsCheckpoint(userDir + sprint4WebScreenshootPath + "scenario-1-berhasil-input-data-loan.png"): Taking screenshot successfully

2022-03-30 15:11:27 - [MESSAGE][INFO] - 0 hidden object(s)

2022-03-30 15:11:28 - [MESSAGE][PASSED] - Taking screenshot successfully
[[ATTACHMENT|D:\PROJECT\BCA\BCAF_MEAPP_i3\BCAF_MEAPP_i3\Screenshoot\Sprint4\Web\keyes\keyes-scenario-1-berhasil-input-data-loan.png]]

2022-03-30 15:11:28 - [TEST_STEP][PASSED] - markPassed("scenario 1 - berhasil input data loan"): scenario 1 - berhasil input data loan

2022-03-30 15:11:28 - [MESSAGE][PASSED] - scenario 1 - berhasil input data loan

2022-03-30 15:11:28 - [TEST_STEP][PASSED] - delay(1): Delayed 1 second(s)

2022-03-30 15:11:29 - [MESSAGE][PASSED] - Delayed 1 second(s)

2022-03-30 15:11:29 - [TEST_STEP][PASSED] - delay(1): Delayed 1 second(s)

2022-03-30 15:11:30 - [MESSAGE][PASSED] - Delayed 1 second(s)

2022-03-30 15:11:30 - [TEST_STEP][PASSED] - click(findTestObject("ME_CollateralAndLoan_Vehicle/button_Insurance"), OPTIONAL): Object: 'Object Repository/ME_CollateralAndLoan_Vehicle/button_Insurance' is clicked on

2022-03-30 15:11:31 - [MESSAGE][PASSED] - Object: 'Object Repository/ME_CollateralAndLoan_Vehicle/button_Insurance' is clicked on

2022-03-30 15:11:31 - [TEST_STEP][PASSED] - delay(1): Delayed 1 second(s)

2022-03-30 15:11:32 - [MESSAGE][PASSED] - Delayed 1 second(s)

2022-03-30 15:11:32 - [TEST_STEP][PASSED] - click(findTestObject("ME_CollateralAndLoan_Vehicle/input_Insurance_inline-checkbox1"), OPTIONAL): Object: 'Object Repository/ME_CollateralAndLoan_Vehicle/input_Insurance_inline-checkbox1' is clicked on

2022-03-30 15:11:32 - [MESSAGE][PASSED] - Object: 'Object Repository/ME_CollateralAndLoan_Vehicle/input_Insurance_inline-checkbox1' is clicked on

2022-03-30 15:11:32 - [TEST_STEP][PASSED] - delay(1): Delayed 1 second(s)

2022-03-30 15:11:33 - [MESSAGE][PASSED] - Delayed 1 second(s)

2022-03-30 15:11:33 - [TEST_STEP][PASSED] - takeFullPageScreenshotAsCheckpoint(userDir + sprint4WebScreenshootPath + "scenario-1-halaman-input-insurance.png"): Taking screenshot successfully

2022-03-30 15:11:34 - [MESSAGE][INFO] - 0 hidden object(s)

2022-03-30 15:11:35 - [MESSAGE][PASSED] - Taking screenshot successfully
[[ATTACHMENT|D:\PROJECT\BCA\BCAF_MEAPP_i3\BCAF_MEAPP_i3\Screenshoot\Sprint4\Web\keyes\keyes-scenario-1-halaman-input-insurance.png]]

2022-03-30 15:11:35 - [TEST_STEP][PASSED] - markPassed("scenario 1 - halaman input insurance"): scenario 1 - halaman input insurance

2022-03-30 15:11:35 - [MESSAGE][PASSED] - scenario 1 - halaman input insurance

2022-03-30 15:11:35 - [TEST_STEP][PASSED] - delay(1): Delayed 1 second(s)

2022-03-30 15:11:36 - [MESSAGE][PASSED] - Delayed 1 second(s)

2022-03-30 15:11:36 - [TEST_STEP][PASSED] - setText(findTestObject("vehiclekedua/input_carinsurance_kedua"), vehicle_carInsurance): Text 'NO INSURANCE' is set on object 'Object Repository/vehiclekedua/input_carinsurance_kedua'

2022-03-30 15:11:37 - [MESSAGE][PASSED] - Text 'NO INSURANCE' is set on object 'Object Repository/vehiclekedua/input_carinsurance_kedua'

2022-03-30 15:11:37 - [TEST_STEP][PASSED] - delay(1): Delayed 1 second(s)

2022-03-30 15:11:38 - [MESSAGE][PASSED] - Delayed 1 second(s)

2022-03-30 15:11:38 - [TEST_STEP][PASSED] - click(findTestObject("vehiclekedua/div_NO INSURANCE_kedua"), OPTIONAL): Object: 'Object Repository/vehiclekedua/div_NO INSURANCE_kedua' is clicked on

2022-03-30 15:11:39 - [MESSAGE][PASSED] - Object: 'Object Repository/vehiclekedua/div_NO INSURANCE_kedua' is clicked on

2022-03-30 15:11:39 - [TEST_STEP][PASSED] - delay(1): Delayed 1 second(s)

2022-03-30 15:11:40 - [MESSAGE][PASSED] - Delayed 1 second(s)

2022-03-30 15:11:40 - [TEST_STEP][PASSED] - click(findTestObject("vehiclekedua/input_carinsurancebranch_kedua"), OPTIONAL): Object: 'Object Repository/vehiclekedua/input_carinsurancebranch_kedua' is clicked on

2022-03-30 15:11:40 - [MESSAGE][PASSED] - Object: 'Object Repository/vehiclekedua/input_carinsurancebranch_kedua' is clicked on

2022-03-30 15:11:40 - [TEST_STEP][PASSED] - delay(1): Delayed 1 second(s)

2022-03-30 15:11:41 - [MESSAGE][PASSED] - Delayed 1 second(s)

2022-03-30 15:11:41 - [TEST_STEP][PASSED] - setText(findTestObject("vehiclekedua/input_carinsurancebranch_kedua"), vehicle_carInsuranceBranch, OPTIONAL): Text 'NO INSURANCE' is set on object 'Object Repository/vehiclekedua/input_carinsurancebranch_kedua'

2022-03-30 15:11:42 - [MESSAGE][PASSED] - Text 'NO INSURANCE' is set on object 'Object Repository/vehiclekedua/input_carinsurancebranch_kedua'

2022-03-30 15:11:42 - [TEST_STEP][PASSED] - delay(1): Delayed 1 second(s)

2022-03-30 15:11:43 - [MESSAGE][PASSED] - Delayed 1 second(s)

2022-03-30 15:11:43 - [TEST_STEP][PASSED] - click(findTestObject("ME_CollateralAndLoan_Vehicle/div_NO INSURANCE_branch"), OPTIONAL): Object: 'Object Repository/ME_CollateralAndLoan_Vehicle/div_NO INSURANCE_branch' is clicked on

2022-03-30 15:11:44 - [MESSAGE][PASSED] - Object: 'Object Repository/ME_CollateralAndLoan_Vehicle/div_NO INSURANCE_branch' is clicked on

2022-03-30 15:11:44 - [TEST_STEP][PASSED] - delay(1): Delayed 1 second(s)

2022-03-30 15:11:45 - [MESSAGE][PASSED] - Delayed 1 second(s)

2022-03-30 15:11:45 - [TEST_STEP][PASSED] - click(findTestObject("vehiclekedua/input_carinsurancetype_kedua")): Object: 'Object Repository/vehiclekedua/input_carinsurancetype_kedua' is clicked on

2022-03-30 15:11:45 - [MESSAGE][PASSED] - Object: 'Object Repository/vehiclekedua/input_carinsurancetype_kedua' is clicked on

2022-03-30 15:11:45 - [TEST_STEP][PASSED] - delay(1): Delayed 1 second(s)

2022-03-30 15:11:46 - [MESSAGE][PASSED] - Delayed 1 second(s)

2022-03-30 15:11:46 - [TEST_STEP][PASSED] - setText(findTestObject("vehiclekedua/input_carinsurancetype_kedua"), vehicle_carInsuransetype): Text 'all risk' is set on object 'Object Repository/vehiclekedua/input_carinsurancetype_kedua'

2022-03-30 15:11:47 - [MESSAGE][PASSED] - Text 'all risk' is set on object 'Object Repository/vehiclekedua/input_carinsurancetype_kedua'

2022-03-30 15:11:47 - [TEST_STEP][PASSED] - delay(1): Delayed 1 second(s)

2022-03-30 15:11:48 - [MESSAGE][PASSED] - Delayed 1 second(s)

2022-03-30 15:11:48 - [TEST_STEP][PASSED] - click(findTestObject("vehiclekedua/div_All Risk_kedua")): Object: 'Object Repository/vehiclekedua/div_All Risk_kedua' is clicked on

2022-03-30 15:11:48 - [MESSAGE][PASSED] - Object: 'Object Repository/vehiclekedua/div_All Risk_kedua' is clicked on

2022-03-30 15:11:48 - [TEST_STEP][PASSED] - delay(1): Delayed 1 second(s)

2022-03-30 15:11:49 - [MESSAGE][PASSED] - Delayed 1 second(s)

2022-03-30 15:11:49 - [TEST_STEP][PASSED] - click(findTestObject("ME_CollateralAndLoan_Vehicle/input_RSCC_carInsuranceRscc0")): Object: 'Object Repository/ME_CollateralAndLoan_Vehicle/input_RSCC_carInsuranceRscc0' is clicked on

2022-03-30 15:11:50 - [MESSAGE][PASSED] - Object: 'Object Repository/ME_CollateralAndLoan_Vehicle/input_RSCC_carInsuranceRscc0' is clicked on

2022-03-30 15:11:50 - [TEST_STEP][PASSED] - delay(1): Delayed 1 second(s)

2022-03-30 15:11:51 - [MESSAGE][PASSED] - Delayed 1 second(s)

2022-03-30 15:11:51 - [TEST_STEP][PASSED] - click(findTestObject("ME_CollateralAndLoan_Vehicle/input_RSMB_carInsuranceRsmb0")): Object: 'Object Repository/ME_CollateralAndLoan_Vehicle/input_RSMB_carInsuranceRsmb0' is clicked on

2022-03-30 15:11:51 - [MESSAGE][PASSED] - Object: 'Object Repository/ME_CollateralAndLoan_Vehicle/input_RSMB_carInsuranceRsmb0' is clicked on

2022-03-30 15:11:51 - [TEST_STEP][PASSED] - delay(1): Delayed 1 second(s)

2022-03-30 15:11:52 - [MESSAGE][PASSED] - Delayed 1 second(s)

2022-03-30 15:11:52 - [TEST_STEP][PASSED] - click(findTestObject("ME_CollateralAndLoan_Vehicle/input_Insurance Payment_prepaid")): Object: 'Object Repository/ME_CollateralAndLoan_Vehicle/input_Insurance Payment_prepaid' is clicked on

2022-03-30 15:11:53 - [MESSAGE][PASSED] - Object: 'Object Repository/ME_CollateralAndLoan_Vehicle/input_Insurance Payment_prepaid' is clicked on

2022-03-30 15:11:53 - [TEST_STEP][PASSED] - delay(1): Delayed 1 second(s)

2022-03-30 15:11:54 - [MESSAGE][PASSED] - Delayed 1 second(s)

2022-03-30 15:11:54 - [TEST_STEP][PASSED] - click(findTestObject("ME_CollateralAndLoan_Vehicle/input_Machine Warranty_lifeInsurance")): Object: 'Object Repository/ME_CollateralAndLoan_Vehicle/input_Machine Warranty_lifeInsurance' is clicked on

2022-03-30 15:11:54 - [MESSAGE][PASSED] - Object: 'Object Repository/ME_CollateralAndLoan_Vehicle/input_Machine Warranty_lifeInsurance' is clicked on

2022-03-30 15:11:54 - [TEST_STEP][PASSED] - delay(1): Delayed 1 second(s)

2022-03-30 15:11:55 - [MESSAGE][PASSED] - Delayed 1 second(s)

2022-03-30 15:11:55 - [TEST_STEP][PASSED] - takeFullPageScreenshotAsCheckpoint(userDir + sprint4WebScreenshootPath + "scenario-1-halaman-input-life-insurance.png"): Taking screenshot successfully

2022-03-30 15:11:57 - [MESSAGE][INFO] - 0 hidden object(s)

2022-03-30 15:11:58 - [MESSAGE][PASSED] - Taking screenshot successfully
[[ATTACHMENT|D:\PROJECT\BCA\BCAF_MEAPP_i3\BCAF_MEAPP_i3\Screenshoot\Sprint4\Web\keyes\keyes-scenario-1-halaman-input-life-insurance.png]]

2022-03-30 15:11:58 - [TEST_STEP][PASSED] - markPassed("scenario 1 - halaman input life insurance"): scenario 1 - halaman input life insurance

2022-03-30 15:11:58 - [MESSAGE][PASSED] - scenario 1 - halaman input life insurance

2022-03-30 15:11:58 - [TEST_STEP][PASSED] - delay(1): Delayed 1 second(s)

2022-03-30 15:11:59 - [MESSAGE][PASSED] - Delayed 1 second(s)

2022-03-30 15:11:59 - [TEST_STEP][PASSED] - scrollToElement(findTestObject("ME_CollateralAndLoan_Vehicle/a_Calculate All Unit (1)"), 0): Scroll to object 'Object Repository/ME_CollateralAndLoan_Vehicle/a_Calculate All Unit (1)' successfully

2022-03-30 15:11:59 - [MESSAGE][WARNING] - Timeout '0' is invalid. Using default page load timeout: '30'

2022-03-30 15:11:59 - [MESSAGE][PASSED] - Scroll to object 'Object Repository/ME_CollateralAndLoan_Vehicle/a_Calculate All Unit (1)' successfully

2022-03-30 15:11:59 - [TEST_STEP][PASSED] - delay(1): Delayed 1 second(s)

2022-03-30 15:12:00 - [MESSAGE][PASSED] - Delayed 1 second(s)

2022-03-30 15:12:00 - [TEST_STEP][PASSED] - click(findTestObject("vehiclekedua/input_lifeinsurancecorp_kedua"), OPTIONAL): Object: 'Object Repository/vehiclekedua/input_lifeinsurancecorp_kedua' is clicked on

2022-03-30 15:12:00 - [MESSAGE][PASSED] - Object: 'Object Repository/vehiclekedua/input_lifeinsurancecorp_kedua' is clicked on

2022-03-30 15:12:00 - [TEST_STEP][PASSED] - delay(1): Delayed 1 second(s)

2022-03-30 15:12:01 - [MESSAGE][PASSED] - Delayed 1 second(s)

2022-03-30 15:12:01 - [TEST_STEP][PASSED] - setText(findTestObject("vehiclekedua/input_lifeinsurancecorp_kedua"), vehilcle_lifeInsurancecorp, OPTIONAL): Text 'ASURANSI LAINNYA' is set on object 'Object Repository/vehiclekedua/input_lifeinsurancecorp_kedua'

2022-03-30 15:12:03 - [MESSAGE][PASSED] - Text 'ASURANSI LAINNYA' is set on object 'Object Repository/vehiclekedua/input_lifeinsurancecorp_kedua'

2022-03-30 15:12:03 - [TEST_STEP][PASSED] - delay(1): Delayed 1 second(s)

2022-03-30 15:12:04 - [MESSAGE][PASSED] - Delayed 1 second(s)

2022-03-30 15:12:04 - [TEST_STEP][PASSED] - click(findTestObject("vehiclekedua/div_ASURANSI LAINNYA_kedua"), OPTIONAL): Object: 'Object Repository/vehiclekedua/div_ASURANSI LAINNYA_kedua' is clicked on

2022-03-30 15:12:04 - [MESSAGE][PASSED] - Object: 'Object Repository/vehiclekedua/div_ASURANSI LAINNYA_kedua' is clicked on

2022-03-30 15:12:04 - [TEST_STEP][PASSED] - delay(1): Delayed 1 second(s)

2022-03-30 15:12:05 - [MESSAGE][PASSED] - Delayed 1 second(s)

2022-03-30 15:12:05 - [TEST_STEP][PASSED] - click(findTestObject("vehiclekedua/input_lifeinsurancebranch_kedua"), OPTIONAL): Object: 'Object Repository/vehiclekedua/input_lifeinsurancebranch_kedua' is clicked on

2022-03-30 15:12:05 - [MESSAGE][PASSED] - Object: 'Object Repository/vehiclekedua/input_lifeinsurancebranch_kedua' is clicked on

2022-03-30 15:12:05 - [TEST_STEP][PASSED] - delay(1): Delayed 1 second(s)

2022-03-30 15:12:07 - [MESSAGE][PASSED] - Delayed 1 second(s)

2022-03-30 15:12:07 - [TEST_STEP][PASSED] - setText(findTestObject("vehiclekedua/input_lifeinsurancebranch_kedua"), vehicle_lifeInsurancebranch, OPTIONAL): Text 'AS. LAINNYA' is set on object 'Object Repository/vehiclekedua/input_lifeinsurancebranch_kedua'

2022-03-30 15:12:07 - [MESSAGE][PASSED] - Text 'AS. LAINNYA' is set on object 'Object Repository/vehiclekedua/input_lifeinsurancebranch_kedua'

2022-03-30 15:12:07 - [TEST_STEP][PASSED] - delay(1): Delayed 1 second(s)

2022-03-30 15:12:08 - [MESSAGE][PASSED] - Delayed 1 second(s)

2022-03-30 15:12:08 - [TEST_STEP][PASSED] - click(findTestObject("ME_CollateralAndLoan_Vehicle/div_AS. LAINNYA_lifeinsurance"), OPTIONAL): Object: 'Object Repository/ME_CollateralAndLoan_Vehicle/div_AS. LAINNYA_lifeinsurance' is clicked on

2022-03-30 15:12:09 - [MESSAGE][PASSED] - Object: 'Object Repository/ME_CollateralAndLoan_Vehicle/div_AS. LAINNYA_lifeinsurance' is clicked on

2022-03-30 15:12:09 - [TEST_STEP][PASSED] - delay(1): Delayed 1 second(s)

2022-03-30 15:12:10 - [MESSAGE][PASSED] - Delayed 1 second(s)

2022-03-30 15:12:10 - [TEST_STEP][PASSED] - click(findTestObject("ME_CollateralAndLoan_Vehicle/input_Annual_lifeInsurancePayment"), OPTIONAL): Object: 'Object Repository/ME_CollateralAndLoan_Vehicle/input_Annual_lifeInsurancePayment' is clicked on

2022-03-30 15:12:10 - [MESSAGE][PASSED] - Object: 'Object Repository/ME_CollateralAndLoan_Vehicle/input_Annual_lifeInsurancePayment' is clicked on

2022-03-30 15:12:10 - [TEST_STEP][PASSED] - delay(1): Delayed 1 second(s)

2022-03-30 15:12:11 - [MESSAGE][PASSED] - Delayed 1 second(s)

2022-03-30 15:12:11 - [TEST_STEP][PASSED] - takeFullPageScreenshotAsCheckpoint(userDir + sprint4WebScreenshootPath + "scenario-1-berhasil-input-data-insurance.png"): Taking screenshot successfully

2022-03-30 15:12:13 - [MESSAGE][INFO] - 0 hidden object(s)

2022-03-30 15:12:14 - [MESSAGE][PASSED] - Taking screenshot successfully
[[ATTACHMENT|D:\PROJECT\BCA\BCAF_MEAPP_i3\BCAF_MEAPP_i3\Screenshoot\Sprint4\Web\keyes\keyes-scenario-1-berhasil-input-data-insurance.png]]

2022-03-30 15:12:14 - [TEST_STEP][PASSED] - markPassed("scenario 1 - berhasil input data insurance"): scenario 1 - berhasil input data insurance

2022-03-30 15:12:14 - [MESSAGE][PASSED] - scenario 1 - berhasil input data insurance

2022-03-30 15:12:14 - [TEST_STEP][PASSED] - delay(1): Delayed 1 second(s)

2022-03-30 15:12:15 - [MESSAGE][PASSED] - Delayed 1 second(s)

2022-03-30 15:12:15 - [TEST_STEP][PASSED] - click(findTestObject("ME_CollateralAndLoan_Vehicle/button_Note"), OPTIONAL): Object: 'Object Repository/ME_CollateralAndLoan_Vehicle/button_Note' is clicked on

2022-03-30 15:12:15 - [MESSAGE][PASSED] - Object: 'Object Repository/ME_CollateralAndLoan_Vehicle/button_Note' is clicked on

2022-03-30 15:12:15 - [TEST_STEP][PASSED] - delay(1): Delayed 1 second(s)

2022-03-30 15:12:16 - [MESSAGE][PASSED] - Delayed 1 second(s)

2022-03-30 15:12:16 - [TEST_STEP][PASSED] - takeFullPageScreenshotAsCheckpoint(userDir + sprint4WebScreenshootPath + "scenario-1-submenu-notes.png"): Taking screenshot successfully

2022-03-30 15:12:17 - [MESSAGE][INFO] - 0 hidden object(s)

2022-03-30 15:12:18 - [MESSAGE][PASSED] - Taking screenshot successfully
[[ATTACHMENT|D:\PROJECT\BCA\BCAF_MEAPP_i3\BCAF_MEAPP_i3\Screenshoot\Sprint4\Web\keyes\keyes-scenario-1-submenu-notes.png]]

2022-03-30 15:12:18 - [TEST_STEP][PASSED] - markPassed("scenario 1 - submenu notes"): scenario 1 - submenu notes

2022-03-30 15:12:18 - [MESSAGE][PASSED] - scenario 1 - submenu notes

2022-03-30 15:12:18 - [TEST_STEP][PASSED] - delay(1): Delayed 1 second(s)

2022-03-30 15:12:19 - [MESSAGE][PASSED] - Delayed 1 second(s)

2022-03-30 15:12:19 - [TEST_STEP][PASSED] - setText(findTestObject("ME_CollateralAndLoan_Vehicle/textarea_Note CMO_noteCMO"), vehicle_noteCMO): Text 'pengajuan 1' is set on object 'Object Repository/ME_CollateralAndLoan_Vehicle/textarea_Note CMO_noteCMO'

2022-03-30 15:12:20 - [MESSAGE][PASSED] - Text 'pengajuan 1' is set on object 'Object Repository/ME_CollateralAndLoan_Vehicle/textarea_Note CMO_noteCMO'

2022-03-30 15:12:20 - [TEST_STEP][PASSED] - delay(1): Delayed 1 second(s)

2022-03-30 15:12:21 - [MESSAGE][PASSED] - Delayed 1 second(s)

2022-03-30 15:12:21 - [TEST_STEP][PASSED] - takeFullPageScreenshotAsCheckpoint(userDir + sprint4WebScreenshootPath + "scenario-1-submenu-notes.png"): Taking screenshot successfully

2022-03-30 15:12:22 - [MESSAGE][INFO] - 0 hidden object(s)

2022-03-30 15:12:23 - [MESSAGE][PASSED] - Taking screenshot successfully
[[ATTACHMENT|D:\PROJECT\BCA\BCAF_MEAPP_i3\BCAF_MEAPP_i3\Screenshoot\Sprint4\Web\keyes\keyes-scenario-1-submenu-notes.png]]

2022-03-30 15:12:23 - [TEST_STEP][PASSED] - markPassed("scenario 1 - berhasil input  notes CMO"): scenario 1 - berhasil input  notes CMO

2022-03-30 15:12:23 - [MESSAGE][PASSED] - scenario 1 - berhasil input  notes CMO

2022-03-30 15:12:23 - [TEST_STEP][PASSED] - delay(1): Delayed 1 second(s)

2022-03-30 15:12:24 - [MESSAGE][PASSED] - Delayed 1 second(s)

2022-03-30 15:12:24 - [TEST_STEP][PASSED] - click(findTestObject("vehiclekedua/a_Add Unit Kendaraan_kedua")): Object: 'Object Repository/vehiclekedua/a_Add Unit Kendaraan_kedua' is clicked on

2022-03-30 15:12:24 - [MESSAGE][PASSED] - Object: 'Object Repository/vehiclekedua/a_Add Unit Kendaraan_kedua' is clicked on

2022-03-30 15:12:24 - [TEST_STEP][PASSED] - delay(1): Delayed 1 second(s)

2022-03-30 15:12:25 - [MESSAGE][PASSED] - Delayed 1 second(s)

2022-03-30 15:12:25 - [TEST_STEP][PASSED] - takeFullPageScreenshotAsCheckpoint(userDir + sprint4WebScreenshootPath + "scenario-1-pop-up-add-kendaraan.png"): Taking screenshot successfully

2022-03-30 15:12:26 - [MESSAGE][INFO] - 0 hidden object(s)

2022-03-30 15:12:27 - [MESSAGE][PASSED] - Taking screenshot successfully
[[ATTACHMENT|D:\PROJECT\BCA\BCAF_MEAPP_i3\BCAF_MEAPP_i3\Screenshoot\Sprint4\Web\keyes\keyes-scenario-1-pop-up-add-kendaraan.png]]

2022-03-30 15:12:27 - [TEST_STEP][PASSED] - markPassed("scenario 1 - Popup add unit kendaraan"): scenario 1 - Popup add unit kendaraan

2022-03-30 15:12:27 - [MESSAGE][PASSED] - scenario 1 - Popup add unit kendaraan

2022-03-30 15:12:27 - [TEST_STEP][PASSED] - delay(1): Delayed 1 second(s)

2022-03-30 15:12:28 - [MESSAGE][PASSED] - Delayed 1 second(s)

2022-03-30 15:12:28 - [TEST_STEP][PASSED] - setText(findTestObject("vehiclekedua/input_Jumlah unit_kedua"), vehicle_jumlahUnit): Text '2' is set on object 'Object Repository/vehiclekedua/input_Jumlah unit_kedua'

2022-03-30 15:12:29 - [MESSAGE][PASSED] - Text '2' is set on object 'Object Repository/vehiclekedua/input_Jumlah unit_kedua'

2022-03-30 15:12:29 - [TEST_STEP][PASSED] - delay(1): Delayed 1 second(s)

2022-03-30 15:12:30 - [MESSAGE][PASSED] - Delayed 1 second(s)

2022-03-30 15:12:30 - [TEST_STEP][PASSED] - click(findTestObject("ME_CollateralAndLoan_Vehicle/input_ya_copy_addunit")): Object: 'Object Repository/ME_CollateralAndLoan_Vehicle/input_ya_copy_addunit' is clicked on

2022-03-30 15:12:30 - [MESSAGE][PASSED] - Object: 'Object Repository/ME_CollateralAndLoan_Vehicle/input_ya_copy_addunit' is clicked on

2022-03-30 15:12:30 - [TEST_STEP][PASSED] - delay(1): Delayed 1 second(s)

2022-03-30 15:12:31 - [MESSAGE][PASSED] - Delayed 1 second(s)

2022-03-30 15:12:31 - [TEST_STEP][PASSED] - click(findTestObject("ME_CollateralAndLoan_Vehicle/span_Pilih Unit")): Object: 'Object Repository/ME_CollateralAndLoan_Vehicle/span_Pilih Unit' is clicked on

2022-03-30 15:12:32 - [MESSAGE][PASSED] - Object: 'Object Repository/ME_CollateralAndLoan_Vehicle/span_Pilih Unit' is clicked on

2022-03-30 15:12:32 - [TEST_STEP][PASSED] - delay(1): Delayed 1 second(s)

2022-03-30 15:12:33 - [MESSAGE][PASSED] - Delayed 1 second(s)

2022-03-30 15:12:33 - [TEST_STEP][PASSED] - setText(findTestObject("vehiclekedua/input_Add_select2-search__field-UNIT_yangakandicopy_kedua"), vehicle_searchUnit): Text 'Unit 1' is set on object 'Object Repository/vehiclekedua/input_Add_select2-search__field-UNIT_yangakandicopy_kedua'

2022-03-30 15:12:33 - [MESSAGE][PASSED] - Text 'Unit 1' is set on object 'Object Repository/vehiclekedua/input_Add_select2-search__field-UNIT_yangakandicopy_kedua'

2022-03-30 15:12:33 - [TEST_STEP][PASSED] - delay(1): Delayed 1 second(s)

2022-03-30 15:12:34 - [MESSAGE][PASSED] - Delayed 1 second(s)

2022-03-30 15:12:34 - [TEST_STEP][PASSED] - sendKeys(findTestObject("vehiclekedua/input_Add_select2-search__field-UNIT_yangakandicopy_kedua"), Keys.chord(ENTER)): Keys 'ENTER + ' sent to object: 'Object Repository/vehiclekedua/input_Add_select2-search__field-UNIT_yangakandicopy_kedua'

2022-03-30 15:12:35 - [MESSAGE][PASSED] - Keys 'ENTER + ' sent to object: 'Object Repository/vehiclekedua/input_Add_select2-search__field-UNIT_yangakandicopy_kedua'

2022-03-30 15:12:35 - [TEST_STEP][PASSED] - delay(1): Delayed 1 second(s)

2022-03-30 15:12:36 - [MESSAGE][PASSED] - Delayed 1 second(s)

2022-03-30 15:12:36 - [TEST_STEP][PASSED] - takeFullPageScreenshotAsCheckpoint(userDir + sprint4WebScreenshootPath + "scenario-1-berhasil-add-kendaraan.png"): Taking screenshot successfully

2022-03-30 15:12:37 - [MESSAGE][INFO] - 0 hidden object(s)

2022-03-30 15:12:37 - [MESSAGE][PASSED] - Taking screenshot successfully
[[ATTACHMENT|D:\PROJECT\BCA\BCAF_MEAPP_i3\BCAF_MEAPP_i3\Screenshoot\Sprint4\Web\keyes\keyes-scenario-1-berhasil-add-kendaraan.png]]

2022-03-30 15:12:37 - [TEST_STEP][PASSED] - markPassed("scenario 1 - berhasil add unit kendaraan"): scenario 1 - berhasil add unit kendaraan

2022-03-30 15:12:37 - [MESSAGE][PASSED] - scenario 1 - berhasil add unit kendaraan

2022-03-30 15:12:37 - [TEST_STEP][PASSED] - delay(1): Delayed 1 second(s)

2022-03-30 15:12:38 - [MESSAGE][PASSED] - Delayed 1 second(s)

2022-03-30 15:12:38 - [TEST_STEP][PASSED] - click(findTestObject("ME_CollateralAndLoan_Vehicle/button_Add_unit")): Object: 'Object Repository/ME_CollateralAndLoan_Vehicle/button_Add_unit' is clicked on

2022-03-30 15:12:39 - [MESSAGE][PASSED] - Object: 'Object Repository/ME_CollateralAndLoan_Vehicle/button_Add_unit' is clicked on

2022-03-30 15:12:39 - [TEST_STEP][PASSED] - delay(1): Delayed 1 second(s)

2022-03-30 15:12:40 - [MESSAGE][PASSED] - Delayed 1 second(s)

2022-03-30 15:12:40 - [TEST_STEP][PASSED] - click(findTestObject("ME_CollateralAndLoan_Vehicle/a_Calculate All Unit")): Object: 'Object Repository/ME_CollateralAndLoan_Vehicle/a_Calculate All Unit' is clicked on

2022-03-30 15:12:42 - [MESSAGE][PASSED] - Object: 'Object Repository/ME_CollateralAndLoan_Vehicle/a_Calculate All Unit' is clicked on

2022-03-30 15:12:42 - [TEST_STEP][PASSED] - delay(1): Delayed 1 second(s)

2022-03-30 15:12:43 - [MESSAGE][PASSED] - Delayed 1 second(s)

2022-03-30 15:12:43 - [TEST_STEP][PASSED] - verifyElementPresent(findTestObject("ME_CollateralAndLoan_Vehicle/label_Summary Total"), 0): Object 'Object Repository/ME_CollateralAndLoan_Vehicle/label_Summary Total' is present

2022-03-30 15:12:43 - [MESSAGE][WARNING] - Timeout '0' is invalid. Using default page load timeout: '30'

2022-03-30 15:12:46 - [MESSAGE][PASSED] - Object 'Object Repository/ME_CollateralAndLoan_Vehicle/label_Summary Total' is present

2022-03-30 15:12:46 - [TEST_STEP][PASSED] - delay(1): Delayed 1 second(s)

2022-03-30 15:12:47 - [MESSAGE][PASSED] - Delayed 1 second(s)

2022-03-30 15:12:47 - [TEST_STEP][PASSED] - takeFullPageScreenshotAsCheckpoint(userDir + sprint4WebScreenshootPath + "scenario-1-pop-up-summary-total.png"): Taking screenshot successfully

2022-03-30 15:12:48 - [MESSAGE][INFO] - 0 hidden object(s)

2022-03-30 15:12:49 - [MESSAGE][PASSED] - Taking screenshot successfully
[[ATTACHMENT|D:\PROJECT\BCA\BCAF_MEAPP_i3\BCAF_MEAPP_i3\Screenshoot\Sprint4\Web\keyes\keyes-scenario-1-pop-up-summary-total.png]]

2022-03-30 15:12:49 - [TEST_STEP][PASSED] - markPassed("scenario 1 - Popup summary total"): scenario 1 - Popup summary total

2022-03-30 15:12:49 - [MESSAGE][PASSED] - scenario 1 - Popup summary total

2022-03-30 15:12:49 - [TEST_STEP][PASSED] - delay(1): Delayed 1 second(s)

2022-03-30 15:12:50 - [MESSAGE][PASSED] - Delayed 1 second(s)

2022-03-30 15:12:50 - [TEST_STEP][PASSED] - verifyElementPresent(findTestObject("ME_CollateralAndLoan_Vehicle/div_Calculating Summary_mx-0 proceed-state state-1_success"), 0): Object 'Object Repository/ME_CollateralAndLoan_Vehicle/div_Calculating Summary_mx-0 proceed-state state-1_success' is present

2022-03-30 15:12:50 - [MESSAGE][WARNING] - Timeout '0' is invalid. Using default page load timeout: '30'

2022-03-30 15:12:50 - [MESSAGE][PASSED] - Object 'Object Repository/ME_CollateralAndLoan_Vehicle/div_Calculating Summary_mx-0 proceed-state state-1_success' is present

2022-03-30 15:12:50 - [TEST_STEP][PASSED] - delay(1): Delayed 1 second(s)

2022-03-30 15:12:51 - [MESSAGE][PASSED] - Delayed 1 second(s)

2022-03-30 15:12:51 - [TEST_STEP][PASSED] - click(findTestObject("ME_CollateralAndLoan_Vehicle/a_Close_calculate")): Object: 'Object Repository/ME_CollateralAndLoan_Vehicle/a_Close_calculate' is clicked on

2022-03-30 15:12:52 - [MESSAGE][PASSED] - Object: 'Object Repository/ME_CollateralAndLoan_Vehicle/a_Close_calculate' is clicked on]]></system-out>
         <system-err><![CDATA[]]></system-err>
      </testcase>
      <testcase name="Test Cases/Sprint 4/Skenario 1/01-04-Transaction-InputPenyimpangan-ProcessBM" time="29.321" classname="Test Cases/Sprint 4/Skenario 1/01-04-Transaction-InputPenyimpangan-ProcessBM" status="PASSED">
         <system-out><![CDATA[2022-03-30 15:12:52 - [TEST_CASE][PASSED] - Test Cases/Sprint 4/Skenario 1/01-04-Transaction-InputPenyimpangan-ProcessBM: Test Cases/Sprint 4/Skenario 1/01-04-Transaction-InputPenyimpangan-ProcessBM

2022-03-30 15:12:52 - [TEST_STEP][PASSED] - userDir = getProjectDir(): null

2022-03-30 15:12:52 - [TEST_STEP][PASSED] - scrollToPosition(0, 0): Browser is scrolled to position x = 0, y = 0

2022-03-30 15:12:52 - [MESSAGE][PASSED] - Browser is scrolled to position x = 0, y = 0

2022-03-30 15:12:52 - [TEST_STEP][PASSED] - click(findTestObject("Object Repository/Penyimpangan/span_Penyimpangan"), OPTIONAL): Object: 'Object Repository/Penyimpangan/span_Penyimpangan' is clicked on

2022-03-30 15:12:53 - [MESSAGE][PASSED] - Object: 'Object Repository/Penyimpangan/span_Penyimpangan' is clicked on

2022-03-30 15:12:53 - [TEST_STEP][PASSED] - delay(1): Delayed 1 second(s)

2022-03-30 15:12:54 - [MESSAGE][PASSED] - Delayed 1 second(s)

2022-03-30 15:12:54 - [TEST_STEP][PASSED] - takeFullPageScreenshotAsCheckpoint(userDir + sprint4WebScreenshootPath + "scenario-1-masuk-menu-penyimpangan.png"): Taking screenshot successfully

2022-03-30 15:12:55 - [MESSAGE][INFO] - 0 hidden object(s)

2022-03-30 15:12:56 - [MESSAGE][PASSED] - Taking screenshot successfully
[[ATTACHMENT|D:\PROJECT\BCA\BCAF_MEAPP_i3\BCAF_MEAPP_i3\Screenshoot\Sprint4\Web\keyes\keyes-scenario-1-masuk-menu-penyimpangan.png]]

2022-03-30 15:12:56 - [TEST_STEP][PASSED] - markPassed("scenario 1 - Masuk menu penyimpangan"): scenario 1 - Masuk menu penyimpangan

2022-03-30 15:12:56 - [MESSAGE][PASSED] - scenario 1 - Masuk menu penyimpangan

2022-03-30 15:12:56 - [TEST_STEP][PASSED] - delay(1): Delayed 1 second(s)

2022-03-30 15:12:57 - [MESSAGE][PASSED] - Delayed 1 second(s)

2022-03-30 15:12:57 - [TEST_STEP][PASSED] - setText(findTestObject("Object Repository/Penyimpangan/input_keyword"), processBM_keyword, OPTIONAL): Text 'BM - (Tidak berlaku lagi) Bukti rumah berupa AJB / PBB / PPJB / HGB / Perjanjian Kredit KPR yang menunjukkan alamat sesuai dengan tempat tinggal konsumen (dapat atas nama pemohon / pasangan / anak / orang tua / mertua) (CS)' is set on object 'Object Repository/Penyimpangan/input_keyword'

2022-03-30 15:13:04 - [MESSAGE][PASSED] - Text 'BM - (Tidak berlaku lagi) Bukti rumah berupa AJB / PBB / PPJB / HGB / Perjanjian Kredit KPR yang menunjukkan alamat sesuai dengan tempat tinggal konsumen (dapat atas nama pemohon / pasangan / anak / orang tua / mertua) (CS)' is set on object 'Object Repository/Penyimpangan/input_keyword'

2022-03-30 15:13:04 - [TEST_STEP][PASSED] - takeFullPageScreenshotAsCheckpoint(userDir + sprint4WebScreenshootPath + "scenario-1-input-penyimpangan.png"): Taking screenshot successfully

2022-03-30 15:13:06 - [MESSAGE][INFO] - 0 hidden object(s)

2022-03-30 15:13:06 - [MESSAGE][PASSED] - Taking screenshot successfully
[[ATTACHMENT|D:\PROJECT\BCA\BCAF_MEAPP_i3\BCAF_MEAPP_i3\Screenshoot\Sprint4\Web\keyes\keyes-scenario-1-input-penyimpangan.png]]

2022-03-30 15:13:06 - [TEST_STEP][PASSED] - markPassed("scenario 1 - Input penyimpangan"): scenario 1 - Input penyimpangan

2022-03-30 15:13:06 - [MESSAGE][PASSED] - scenario 1 - Input penyimpangan

2022-03-30 15:13:06 - [TEST_STEP][PASSED] - delay(1): Delayed 1 second(s)

2022-03-30 15:13:07 - [MESSAGE][PASSED] - Delayed 1 second(s)

2022-03-30 15:13:07 - [TEST_STEP][PASSED] - click(findTestObject("Object Repository/Penyimpangan/span_BM 1"), OPTIONAL): Object: 'Object Repository/Penyimpangan/span_BM 1' is clicked on

2022-03-30 15:13:07 - [MESSAGE][PASSED] - Object: 'Object Repository/Penyimpangan/span_BM 1' is clicked on

2022-03-30 15:13:07 - [TEST_STEP][PASSED] - delay(1): Delayed 1 second(s)

2022-03-30 15:13:08 - [MESSAGE][PASSED] - Delayed 1 second(s)

2022-03-30 15:13:08 - [TEST_STEP][PASSED] - scrollToElement(findTestObject("Object Repository/Penyimpangan/textarea_Catatan_note"), 0, OPTIONAL): Scroll to object 'Object Repository/Penyimpangan/textarea_Catatan_note' successfully

2022-03-30 15:13:09 - [MESSAGE][WARNING] - Timeout '0' is invalid. Using default page load timeout: '30'

2022-03-30 15:13:09 - [MESSAGE][PASSED] - Scroll to object 'Object Repository/Penyimpangan/textarea_Catatan_note' successfully

2022-03-30 15:13:09 - [TEST_STEP][PASSED] - delay(1): Delayed 1 second(s)

2022-03-30 15:13:10 - [MESSAGE][PASSED] - Delayed 1 second(s)

2022-03-30 15:13:10 - [TEST_STEP][PASSED] - setText(findTestObject("Object Repository/Penyimpangan/textarea_Catatan_note"), processBM_catatanNote, OPTIONAL): Text 'Pengajuan 1' is set on object 'Object Repository/Penyimpangan/textarea_Catatan_note'

2022-03-30 15:13:11 - [MESSAGE][PASSED] - Text 'Pengajuan 1' is set on object 'Object Repository/Penyimpangan/textarea_Catatan_note'

2022-03-30 15:13:11 - [TEST_STEP][PASSED] - delay(1): Delayed 1 second(s)

2022-03-30 15:13:12 - [MESSAGE][PASSED] - Delayed 1 second(s)

2022-03-30 15:13:12 - [TEST_STEP][PASSED] - takeFullPageScreenshotAsCheckpoint(userDir + sprint4WebScreenshootPath + "scenario-1-input-penyimpangan-selesai.png"): Taking screenshot successfully

2022-03-30 15:13:13 - [MESSAGE][INFO] - 0 hidden object(s)

2022-03-30 15:13:13 - [MESSAGE][PASSED] - Taking screenshot successfully
[[ATTACHMENT|D:\PROJECT\BCA\BCAF_MEAPP_i3\BCAF_MEAPP_i3\Screenshoot\Sprint4\Web\keyes\keyes-scenario-1-input-penyimpangan-selesai.png]]

2022-03-30 15:13:13 - [TEST_STEP][PASSED] - markPassed("scenario 1 - Input penyimpangan selesai"): scenario 1 - Input penyimpangan selesai

2022-03-30 15:13:13 - [MESSAGE][PASSED] - scenario 1 - Input penyimpangan selesai

2022-03-30 15:13:13 - [TEST_STEP][PASSED] - delay(1): Delayed 1 second(s)

2022-03-30 15:13:14 - [MESSAGE][PASSED] - Delayed 1 second(s)

2022-03-30 15:13:14 - [TEST_STEP][PASSED] - click(findTestObject("Object Repository/Penyimpangan/span_Proceed"), OPTIONAL): Object: 'Object Repository/Penyimpangan/span_Proceed' is clicked on

2022-03-30 15:13:15 - [MESSAGE][PASSED] - Object: 'Object Repository/Penyimpangan/span_Proceed' is clicked on

2022-03-30 15:13:15 - [TEST_STEP][PASSED] - takeFullPageScreenshotAsCheckpoint(userDir + sprint4WebScreenshootPath + "scenario-1-berhasil-proceed.png"): Taking screenshot successfully

2022-03-30 15:13:15 - [MESSAGE][INFO] - 0 hidden object(s)

2022-03-30 15:13:16 - [MESSAGE][PASSED] - Taking screenshot successfully
[[ATTACHMENT|D:\PROJECT\BCA\BCAF_MEAPP_i3\BCAF_MEAPP_i3\Screenshoot\Sprint4\Web\keyes\keyes-scenario-1-berhasil-proceed.png]]

2022-03-30 15:13:16 - [TEST_STEP][PASSED] - markPassed("scenario 1 - berhasil proceed"): scenario 1 - berhasil proceed

2022-03-30 15:13:16 - [MESSAGE][PASSED] - scenario 1 - berhasil proceed

2022-03-30 15:13:16 - [TEST_STEP][PASSED] - delay(5): Delayed 5 second(s)

2022-03-30 15:13:21 - [MESSAGE][PASSED] - Delayed 5 second(s)

2022-03-30 15:13:21 - [TEST_STEP][PASSED] - getSearch1 = getText(findTestObject("Penyimpangan/SetSearch")): Text of object 'Object Repository/Penyimpangan/SetSearch' is: '4003907'

2022-03-30 15:13:21 - [MESSAGE][PASSED] - Text of object 'Object Repository/Penyimpangan/SetSearch' is: '4003907'

2022-03-30 15:13:21 - [TEST_STEP][PASSED] - println(getSearch1): null

2022-03-30 15:13:21 - [TEST_STEP][PASSED] - Search1 = getSearch1: null]]></system-out>
         <system-err><![CDATA[]]></system-err>
      </testcase>
      <testcase name="Test Cases/Sprint 4/Skenario 2/02-01-Transaction-AppBaru-InisiasiKonsumenBaru" time="85.055" classname="Test Cases/Sprint 4/Skenario 2/02-01-Transaction-AppBaru-InisiasiKonsumenBaru" status="PASSED">
         <system-out><![CDATA[2022-03-30 15:13:21 - [TEST_CASE][PASSED] - Test Cases/Sprint 4/Skenario 2/02-01-Transaction-AppBaru-InisiasiKonsumenBaru: Test Cases/Sprint 4/Skenario 2/02-01-Transaction-AppBaru-InisiasiKonsumenBaru

2022-03-30 15:13:22 - [TEST_STEP][PASSED] - robot = new java.awt.Robot(): null

2022-03-30 15:13:22 - [TEST_STEP][PASSED] - userDir = getProjectDir(): null

2022-03-30 15:13:22 - [TEST_STEP][PASSED] - openBrowser(""): Browser is opened with url: ''

2022-03-30 15:13:22 - [MESSAGE][WARNING] - A browser is already opened. Closing browser and opening a new one

2022-03-30 15:13:22 - [MESSAGE][INFO] - Starting 'Chrome' driver

2022-03-30 15:13:22 - [MESSAGE][INFO] - Action delay is set to 0 milliseconds

2022-03-30 15:13:23 - [MESSAGE][PASSED] - Browser is opened with url: ''

2022-03-30 15:13:23 - [TEST_STEP][PASSED] - driver = getWebDriver(): null

2022-03-30 15:13:23 - [TEST_STEP][PASSED] - navigateToUrl(ME_url): Navigate to 'https://mecorporate.idofocus.co.id:25443/login' successfully

2022-03-30 15:13:24 - [MESSAGE][PASSED] - Navigate to 'https://mecorporate.idofocus.co.id:25443/login' successfully

2022-03-30 15:13:24 - [TEST_STEP][PASSED] - maximizeWindow(): Current window maximized

2022-03-30 15:13:24 - [MESSAGE][PASSED] - Current window maximized

2022-03-30 15:13:24 - [TEST_STEP][PASSED] - delay(5): Delayed 5 second(s)

2022-03-30 15:13:29 - [MESSAGE][PASSED] - Delayed 5 second(s)

2022-03-30 15:13:29 - [TEST_STEP][PASSED] - setText(findTestObject("MEApp_AppBaru_InisiasiKonsumen/input_User ID_login"), CMO): Text '20190364' is set on object 'Object Repository/MEApp_AppBaru_InisiasiKonsumen/input_User ID_login'

2022-03-30 15:13:30 - [MESSAGE][PASSED] - Text '20190364' is set on object 'Object Repository/MEApp_AppBaru_InisiasiKonsumen/input_User ID_login'

2022-03-30 15:13:30 - [TEST_STEP][PASSED] - setText(findTestObject("MEApp_AppBaru_InisiasiKonsumen/input_User Password_login"), password): Text 'Mobile123+' is set on object 'Object Repository/MEApp_AppBaru_InisiasiKonsumen/input_User Password_login'

2022-03-30 15:13:31 - [MESSAGE][PASSED] - Text 'Mobile123+' is set on object 'Object Repository/MEApp_AppBaru_InisiasiKonsumen/input_User Password_login'

2022-03-30 15:13:31 - [TEST_STEP][PASSED] - takeFullPageScreenshotAsCheckpoint(userDir + sprint4WebScreenshootPath + "scenario-2-aplikasi-baru-login.png"): Taking screenshot successfully

2022-03-30 15:13:31 - [MESSAGE][INFO] - 0 hidden object(s)

2022-03-30 15:13:32 - [MESSAGE][PASSED] - Taking screenshot successfully
[[ATTACHMENT|D:\PROJECT\BCA\BCAF_MEAPP_i3\BCAF_MEAPP_i3\Screenshoot\Sprint4\Web\keyes\keyes-scenario-2-aplikasi-baru-login.png]]

2022-03-30 15:13:32 - [TEST_STEP][PASSED] - markPassed("scenario 2 - Memastikan login berhasil"): scenario 2 - Memastikan login berhasil

2022-03-30 15:13:32 - [MESSAGE][PASSED] - scenario 2 - Memastikan login berhasil

2022-03-30 15:13:32 - [TEST_STEP][PASSED] - click(findTestObject("MEApp_AppBaru_InisiasiKonsumen/button_Login")): Object: 'Object Repository/MEApp_AppBaru_InisiasiKonsumen/button_Login' is clicked on

2022-03-30 15:13:32 - [MESSAGE][PASSED] - Object: 'Object Repository/MEApp_AppBaru_InisiasiKonsumen/button_Login' is clicked on

2022-03-30 15:13:32 - [TEST_STEP][PASSED] - delay(2): Delayed 2 second(s)

2022-03-30 15:13:34 - [MESSAGE][PASSED] - Delayed 2 second(s)

2022-03-30 15:13:34 - [TEST_STEP][PASSED] - verifyElementPresent(findTestObject("MEApp_AppBaru_InisiasiKonsumen/span_Transaksi"), 0): Object 'Object Repository/MEApp_AppBaru_InisiasiKonsumen/span_Transaksi' is present

2022-03-30 15:13:34 - [MESSAGE][WARNING] - Timeout '0' is invalid. Using default page load timeout: '30'

2022-03-30 15:13:34 - [MESSAGE][PASSED] - Object 'Object Repository/MEApp_AppBaru_InisiasiKonsumen/span_Transaksi' is present

2022-03-30 15:13:34 - [TEST_STEP][PASSED] - click(findTestObject("MEApp_AppBaru_InisiasiKonsumen/span_Transaksi")): Object: 'Object Repository/MEApp_AppBaru_InisiasiKonsumen/span_Transaksi' is clicked on

2022-03-30 15:13:35 - [MESSAGE][PASSED] - Object: 'Object Repository/MEApp_AppBaru_InisiasiKonsumen/span_Transaksi' is clicked on

2022-03-30 15:13:35 - [TEST_STEP][PASSED] - delay(1): Delayed 1 second(s)

2022-03-30 15:13:36 - [MESSAGE][PASSED] - Delayed 1 second(s)

2022-03-30 15:13:36 - [TEST_STEP][PASSED] - click(findTestObject("MEApp_AppBaru_InisiasiKonsumen/span_Aplikasi Baru")): Object: 'Object Repository/MEApp_AppBaru_InisiasiKonsumen/span_Aplikasi Baru' is clicked on

2022-03-30 15:13:36 - [MESSAGE][PASSED] - Object: 'Object Repository/MEApp_AppBaru_InisiasiKonsumen/span_Aplikasi Baru' is clicked on

2022-03-30 15:13:36 - [TEST_STEP][PASSED] - delay(1): Delayed 1 second(s)

2022-03-30 15:13:37 - [MESSAGE][PASSED] - Delayed 1 second(s)

2022-03-30 15:13:37 - [TEST_STEP][PASSED] - takeFullPageScreenshotAsCheckpoint(userDir + sprint4WebScreenshootPath + "scenario-2-memilih-button-transaksi-dan-aplikasi-baru.png"): Taking screenshot successfully

2022-03-30 15:13:37 - [MESSAGE][INFO] - 0 hidden object(s)

2022-03-30 15:13:38 - [MESSAGE][PASSED] - Taking screenshot successfully
[[ATTACHMENT|D:\PROJECT\BCA\BCAF_MEAPP_i3\BCAF_MEAPP_i3\Screenshoot\Sprint4\Web\keyes\keyes-scenario-2-memilih-button-transaksi-dan-aplikasi-baru.png]]

2022-03-30 15:13:38 - [TEST_STEP][PASSED] - markPassed("scenario 2 - Memilih button transaksi dan aplikasi baru"): scenario 2 - Memilih button transaksi dan aplikasi baru

2022-03-30 15:13:38 - [MESSAGE][PASSED] - scenario 2 - Memilih button transaksi dan aplikasi baru

2022-03-30 15:13:38 - [TEST_STEP][PASSED] - click(findTestObject("MEApp_AppBaru_InisiasiKonsumen/input_perorangan_radios-apptype")): Object: 'Object Repository/MEApp_AppBaru_InisiasiKonsumen/input_perorangan_radios-apptype' is clicked on

2022-03-30 15:13:38 - [MESSAGE][PASSED] - Object: 'Object Repository/MEApp_AppBaru_InisiasiKonsumen/input_perorangan_radios-apptype' is clicked on

2022-03-30 15:13:38 - [TEST_STEP][PASSED] - delay(1): Delayed 1 second(s)

2022-03-30 15:13:39 - [MESSAGE][PASSED] - Delayed 1 second(s)

2022-03-30 15:13:39 - [TEST_STEP][PASSED] - click(findTestObject("MEApp_AppBaru_InisiasiKonsumen/input_korporasi_radios-apptype")): Object: 'Object Repository/MEApp_AppBaru_InisiasiKonsumen/input_korporasi_radios-apptype' is clicked on

2022-03-30 15:13:39 - [MESSAGE][PASSED] - Object: 'Object Repository/MEApp_AppBaru_InisiasiKonsumen/input_korporasi_radios-apptype' is clicked on

2022-03-30 15:13:39 - [TEST_STEP][PASSED] - delay(1): Delayed 1 second(s)

2022-03-30 15:13:40 - [MESSAGE][PASSED] - Delayed 1 second(s)

2022-03-30 15:13:40 - [TEST_STEP][PASSED] - click(findTestObject("MEApp_AppBaru_InisiasiKonsumen/input-badanusaha")): Object: 'Object Repository/MEApp_AppBaru_InisiasiKonsumen/input-badanusaha' is clicked on

2022-03-30 15:13:41 - [MESSAGE][PASSED] - Object: 'Object Repository/MEApp_AppBaru_InisiasiKonsumen/input-badanusaha' is clicked on

2022-03-30 15:13:41 - [TEST_STEP][PASSED] - delay(1): Delayed 1 second(s)

2022-03-30 15:13:42 - [MESSAGE][PASSED] - Delayed 1 second(s)

2022-03-30 15:13:42 - [TEST_STEP][PASSED] - setText(findTestObject("MEApp_AppBaru_InisiasiKonsumen/input-badanusaha"), "Perseroan Terbatas ( PT. , NV. , LTD. )"): Text 'Perseroan Terbatas ( PT. , NV. , LTD. )' is set on object 'Object Repository/MEApp_AppBaru_InisiasiKonsumen/input-badanusaha'

2022-03-30 15:13:42 - [MESSAGE][PASSED] - Text 'Perseroan Terbatas ( PT. , NV. , LTD. )' is set on object 'Object Repository/MEApp_AppBaru_InisiasiKonsumen/input-badanusaha'

2022-03-30 15:13:42 - [TEST_STEP][PASSED] - delay(1): Delayed 1 second(s)

2022-03-30 15:13:43 - [MESSAGE][PASSED] - Delayed 1 second(s)

2022-03-30 15:13:43 - [TEST_STEP][PASSED] - takeFullPageScreenshotAsCheckpoint(userDir + sprint4WebScreenshootPath + "scenario-2-input-badan-usaha.png"): Taking screenshot successfully

2022-03-30 15:13:44 - [MESSAGE][INFO] - 0 hidden object(s)

2022-03-30 15:13:44 - [MESSAGE][PASSED] - Taking screenshot successfully
[[ATTACHMENT|D:\PROJECT\BCA\BCAF_MEAPP_i3\BCAF_MEAPP_i3\Screenshoot\Sprint4\Web\keyes\keyes-scenario-2-input-badan-usaha.png]]

2022-03-30 15:13:44 - [TEST_STEP][PASSED] - markPassed("scenario 2 - Input badan usaha"): scenario 2 - Input badan usaha

2022-03-30 15:13:44 - [MESSAGE][PASSED] - scenario 2 - Input badan usaha

2022-03-30 15:13:44 - [TEST_STEP][PASSED] - delay(2): Delayed 2 second(s)

2022-03-30 15:13:46 - [MESSAGE][PASSED] - Delayed 2 second(s)

2022-03-30 15:13:46 - [TEST_STEP][PASSED] - click(findTestObject("MEApp_AppBaru_InisiasiKonsumen/span_Perseroan Terbatas ( PT. , NV. , LTD. )")): Object: 'Object Repository/MEApp_AppBaru_InisiasiKonsumen/span_Perseroan Terbatas ( PT. , NV. , LTD. )' is clicked on

2022-03-30 15:13:46 - [MESSAGE][PASSED] - Object: 'Object Repository/MEApp_AppBaru_InisiasiKonsumen/span_Perseroan Terbatas ( PT. , NV. , LTD. )' is clicked on

2022-03-30 15:13:46 - [TEST_STEP][PASSED] - delay(2): Delayed 2 second(s)

2022-03-30 15:13:48 - [MESSAGE][PASSED] - Delayed 2 second(s)

2022-03-30 15:13:48 - [TEST_STEP][PASSED] - takeFullPageScreenshotAsCheckpoint(userDir + sprint4WebScreenshootPath + "scenario-2-page-sebelum-input-capture.png"): Taking screenshot successfully

2022-03-30 15:13:49 - [MESSAGE][INFO] - 0 hidden object(s)

2022-03-30 15:13:49 - [MESSAGE][PASSED] - Taking screenshot successfully
[[ATTACHMENT|D:\PROJECT\BCA\BCAF_MEAPP_i3\BCAF_MEAPP_i3\Screenshoot\Sprint4\Web\keyes\keyes-scenario-2-page-sebelum-input-capture.png]]

2022-03-30 15:13:49 - [TEST_STEP][PASSED] - markPassed("scenario 2 - Sebelum input capture npwp + SIUP + TDP"): scenario 2 - Sebelum input capture npwp + SIUP + TDP

2022-03-30 15:13:49 - [MESSAGE][PASSED] - scenario 2 - Sebelum input capture npwp + SIUP + TDP

2022-03-30 15:13:49 - [TEST_STEP][PASSED] - delay(2): Delayed 2 second(s)

2022-03-30 15:13:51 - [MESSAGE][PASSED] - Delayed 2 second(s)

2022-03-30 15:13:51 - [TEST_STEP][PASSED] - click(findTestObject("MEApp_AppBaru_InisiasiKonsumen/button_Capture_npwp")): Object: 'Object Repository/MEApp_AppBaru_InisiasiKonsumen/button_Capture_npwp' is clicked on

2022-03-30 15:13:52 - [MESSAGE][PASSED] - Object: 'Object Repository/MEApp_AppBaru_InisiasiKonsumen/button_Capture_npwp' is clicked on

2022-03-30 15:13:52 - [TEST_STEP][PASSED] - delay(2): Delayed 2 second(s)

2022-03-30 15:13:54 - [MESSAGE][PASSED] - Delayed 2 second(s)

2022-03-30 15:13:54 - [TEST_STEP][PASSED] - uploadFile(findTestObject("MEApp_AppBaru_InisiasiKonsumen/Capture_"), userDir + pathfinder_npwp): File 'D:/PROJECT/BCA/BCAF_MEAPP_i3/BCAF_MEAPP_i3/Assets/npwp-dummy.jpg' sent to object: 'Object Repository/MEApp_AppBaru_InisiasiKonsumen/Capture_'

2022-03-30 15:13:54 - [MESSAGE][PASSED] - File 'D:/PROJECT/BCA/BCAF_MEAPP_i3/BCAF_MEAPP_i3/Assets/npwp-dummy.jpg' sent to object: 'Object Repository/MEApp_AppBaru_InisiasiKonsumen/Capture_'

2022-03-30 15:13:54 - [TEST_STEP][PASSED] - waitForElementPresent(findTestObject("MEApp_AppBaru_InisiasiKonsumen/button_NPWP"), 0): Object 'Object Repository/MEApp_AppBaru_InisiasiKonsumen/button_NPWP' is present

2022-03-30 15:13:54 - [MESSAGE][WARNING] - Timeout '0' is invalid. Using default page load timeout: '30'

2022-03-30 15:13:57 - [MESSAGE][PASSED] - Object 'Object Repository/MEApp_AppBaru_InisiasiKonsumen/button_NPWP' is present

2022-03-30 15:13:57 - [TEST_STEP][PASSED] - setText(findTestObject("MEApp_AppBaru_InisiasiKonsumen/input_NPWP No fix"), NPWP_tidakBerlaku): Text '018368167428000' is set on object 'Object Repository/MEApp_AppBaru_InisiasiKonsumen/input_NPWP No fix'

2022-03-30 15:13:57 - [MESSAGE][PASSED] - Text '018368167428000' is set on object 'Object Repository/MEApp_AppBaru_InisiasiKonsumen/input_NPWP No fix'

2022-03-30 15:13:57 - [TEST_STEP][PASSED] - delay(1): Delayed 1 second(s)

2022-03-30 15:13:58 - [MESSAGE][PASSED] - Delayed 1 second(s)

2022-03-30 15:13:58 - [TEST_STEP][PASSED] - setText(findTestObject("MEApp_AppBaru_InisiasiKonsumen/input_Name fix"), CN_tidakBerlaku): Text 'NIGUUNUNANETI  AASA DS' is set on object 'Object Repository/MEApp_AppBaru_InisiasiKonsumen/input_Name fix'

2022-03-30 15:13:59 - [MESSAGE][PASSED] - Text 'NIGUUNUNANETI  AASA DS' is set on object 'Object Repository/MEApp_AppBaru_InisiasiKonsumen/input_Name fix'

2022-03-30 15:13:59 - [TEST_STEP][PASSED] - click(findTestObject("MEApp_AppBaru_InisiasiKonsumen/button_Capture_siupfix")): Object: 'Object Repository/MEApp_AppBaru_InisiasiKonsumen/button_Capture_siupfix' is clicked on

2022-03-30 15:13:59 - [MESSAGE][PASSED] - Object: 'Object Repository/MEApp_AppBaru_InisiasiKonsumen/button_Capture_siupfix' is clicked on

2022-03-30 15:13:59 - [TEST_STEP][PASSED] - delay(2): Delayed 2 second(s)

2022-03-30 15:14:01 - [MESSAGE][PASSED] - Delayed 2 second(s)

2022-03-30 15:14:01 - [TEST_STEP][PASSED] - uploadFile(findTestObject("MEApp_AppBaru_InisiasiKonsumen/Capture_"), userDir + pathfinder_siup): File 'D:/PROJECT/BCA/BCAF_MEAPP_i3/BCAF_MEAPP_i3/Assets/siup-dummy.jpg' sent to object: 'Object Repository/MEApp_AppBaru_InisiasiKonsumen/Capture_'

2022-03-30 15:14:02 - [MESSAGE][PASSED] - File 'D:/PROJECT/BCA/BCAF_MEAPP_i3/BCAF_MEAPP_i3/Assets/siup-dummy.jpg' sent to object: 'Object Repository/MEApp_AppBaru_InisiasiKonsumen/Capture_'

2022-03-30 15:14:02 - [TEST_STEP][PASSED] - delay(2): Delayed 2 second(s)

2022-03-30 15:14:04 - [MESSAGE][PASSED] - Delayed 2 second(s)

2022-03-30 15:14:04 - [TEST_STEP][PASSED] - click(findTestObject("MEApp_AppBaru_InisiasiKonsumen/button_Capture_TDP")): Object: 'Object Repository/MEApp_AppBaru_InisiasiKonsumen/button_Capture_TDP' is clicked on

2022-03-30 15:14:04 - [MESSAGE][PASSED] - Object: 'Object Repository/MEApp_AppBaru_InisiasiKonsumen/button_Capture_TDP' is clicked on

2022-03-30 15:14:04 - [TEST_STEP][PASSED] - delay(2): Delayed 2 second(s)

2022-03-30 15:14:06 - [MESSAGE][PASSED] - Delayed 2 second(s)

2022-03-30 15:14:06 - [TEST_STEP][PASSED] - uploadFile(findTestObject("MEApp_AppBaru_InisiasiKonsumen/Capture_"), userDir + pathfinder_tdp): File 'D:/PROJECT/BCA/BCAF_MEAPP_i3/BCAF_MEAPP_i3/Assets/tdp-dummy.jpg' sent to object: 'Object Repository/MEApp_AppBaru_InisiasiKonsumen/Capture_'

2022-03-30 15:14:06 - [MESSAGE][PASSED] - File 'D:/PROJECT/BCA/BCAF_MEAPP_i3/BCAF_MEAPP_i3/Assets/tdp-dummy.jpg' sent to object: 'Object Repository/MEApp_AppBaru_InisiasiKonsumen/Capture_'

2022-03-30 15:14:06 - [TEST_STEP][PASSED] - delay(2): Delayed 2 second(s)

2022-03-30 15:14:08 - [MESSAGE][PASSED] - Delayed 2 second(s)

2022-03-30 15:14:08 - [TEST_STEP][PASSED] - takeFullPageScreenshotAsCheckpoint(userDir + sprint4WebScreenshootPath + "scenario-2-Capture-npwp-siup-tdp.png"): Taking screenshot successfully

2022-03-30 15:14:09 - [MESSAGE][INFO] - 0 hidden object(s)

2022-03-30 15:14:09 - [MESSAGE][PASSED] - Taking screenshot successfully
[[ATTACHMENT|D:\PROJECT\BCA\BCAF_MEAPP_i3\BCAF_MEAPP_i3\Screenshoot\Sprint4\Web\keyes\keyes-scenario-2-Capture-npwp-siup-tdp.png]]

2022-03-30 15:14:09 - [TEST_STEP][PASSED] - markPassed("scenario 2 - Capture NPWP + SIUP + TDP"): scenario 2 - Capture NPWP + SIUP + TDP

2022-03-30 15:14:09 - [MESSAGE][PASSED] - scenario 2 - Capture NPWP + SIUP + TDP

2022-03-30 15:14:09 - [TEST_STEP][PASSED] - delay(2): Delayed 2 second(s)

2022-03-30 15:14:11 - [MESSAGE][PASSED] - Delayed 2 second(s)

2022-03-30 15:14:11 - [TEST_STEP][PASSED] - click(findTestObject("MEApp_AppBaru_InisiasiKonsumen/input_Ada Perubahan Data Tidak")): Object: 'Object Repository/MEApp_AppBaru_InisiasiKonsumen/input_Ada Perubahan Data Tidak' is clicked on

2022-03-30 15:14:12 - [MESSAGE][PASSED] - Object: 'Object Repository/MEApp_AppBaru_InisiasiKonsumen/input_Ada Perubahan Data Tidak' is clicked on

2022-03-30 15:14:12 - [TEST_STEP][PASSED] - delay(1): Delayed 1 second(s)

2022-03-30 15:14:13 - [MESSAGE][PASSED] - Delayed 1 second(s)

2022-03-30 15:14:13 - [TEST_STEP][PASSED] - click(findTestObject("MEApp_AppBaru_InisiasiKonsumen/input_Ada Perubahan Data YA")): Object: 'Object Repository/MEApp_AppBaru_InisiasiKonsumen/input_Ada Perubahan Data YA' is clicked on

2022-03-30 15:14:13 - [MESSAGE][PASSED] - Object: 'Object Repository/MEApp_AppBaru_InisiasiKonsumen/input_Ada Perubahan Data YA' is clicked on

2022-03-30 15:14:13 - [TEST_STEP][PASSED] - delay(1): Delayed 1 second(s)

2022-03-30 15:14:14 - [MESSAGE][PASSED] - Delayed 1 second(s)

2022-03-30 15:14:14 - [TEST_STEP][PASSED] - takeFullPageScreenshotAsCheckpoint(userDir + sprint4WebScreenshootPath + "scenario-2-Memilih-Radio-Button-Perubahan-Data.png"): Taking screenshot successfully

2022-03-30 15:14:15 - [MESSAGE][INFO] - 0 hidden object(s)

2022-03-30 15:14:15 - [MESSAGE][PASSED] - Taking screenshot successfully
[[ATTACHMENT|D:\PROJECT\BCA\BCAF_MEAPP_i3\BCAF_MEAPP_i3\Screenshoot\Sprint4\Web\keyes\keyes-scenario-2-Memilih-Radio-Button-Perubahan-Data.png]]

2022-03-30 15:14:15 - [TEST_STEP][PASSED] - markPassed("scenario 2 - Memilih Radio Button Perubahan Data"): scenario 2 - Memilih Radio Button Perubahan Data

2022-03-30 15:14:15 - [MESSAGE][PASSED] - scenario 2 - Memilih Radio Button Perubahan Data

2022-03-30 15:14:15 - [TEST_STEP][PASSED] - delay(2): Delayed 2 second(s)

2022-03-30 15:14:17 - [MESSAGE][PASSED] - Delayed 2 second(s)

2022-03-30 15:14:17 - [TEST_STEP][PASSED] - click(findTestObject("MEApp_AppBaru_InisiasiKonsumen/button_Prosesfix")): Object: 'Object Repository/MEApp_AppBaru_InisiasiKonsumen/button_Prosesfix' is clicked on

2022-03-30 15:14:18 - [MESSAGE][PASSED] - Object: 'Object Repository/MEApp_AppBaru_InisiasiKonsumen/button_Prosesfix' is clicked on

2022-03-30 15:14:18 - [TEST_STEP][PASSED] - delay(2): Delayed 2 second(s)

2022-03-30 15:14:20 - [MESSAGE][PASSED] - Delayed 2 second(s)

2022-03-30 15:14:20 - [TEST_STEP][PASSED] - waitForElementPresent(findTestObject("MEApp_AppBaru_InisiasiKonsumen/AplikasiBaruMatching"), 300): Object 'Object Repository/MEApp_AppBaru_InisiasiKonsumen/AplikasiBaruMatching' is present

2022-03-30 15:14:35 - [MESSAGE][PASSED] - Object 'Object Repository/MEApp_AppBaru_InisiasiKonsumen/AplikasiBaruMatching' is present

2022-03-30 15:14:35 - [TEST_STEP][PASSED] - takeFullPageScreenshotAsCheckpoint(userDir + sprint4WebScreenshootPath + "scenario-2-Masuk-aplikasi-matching.png"): Taking screenshot successfully

2022-03-30 15:14:36 - [MESSAGE][INFO] - 0 hidden object(s)

2022-03-30 15:14:36 - [MESSAGE][PASSED] - Taking screenshot successfully
[[ATTACHMENT|D:\PROJECT\BCA\BCAF_MEAPP_i3\BCAF_MEAPP_i3\Screenshoot\Sprint4\Web\keyes\keyes-scenario-2-Masuk-aplikasi-matching.png]]

2022-03-30 15:14:36 - [TEST_STEP][PASSED] - markPassed("scenario 2 - Masuk aplikasi matching"): scenario 2 - Masuk aplikasi matching

2022-03-30 15:14:36 - [MESSAGE][PASSED] - scenario 2 - Masuk aplikasi matching

2022-03-30 15:14:36 - [TEST_STEP][PASSED] - delay(2): Delayed 2 second(s)

2022-03-30 15:14:38 - [MESSAGE][PASSED] - Delayed 2 second(s)

2022-03-30 15:14:38 - [TEST_STEP][PASSED] - click(findTestObject("MEApp_AppBaru_InisiasiKonsumen/a_Ok")): Object: 'Object Repository/MEApp_AppBaru_InisiasiKonsumen/a_Ok' is clicked on

2022-03-30 15:14:39 - [MESSAGE][PASSED] - Object: 'Object Repository/MEApp_AppBaru_InisiasiKonsumen/a_Ok' is clicked on

2022-03-30 15:14:39 - [TEST_STEP][PASSED] - delay(1): Delayed 1 second(s)

2022-03-30 15:14:40 - [MESSAGE][PASSED] - Delayed 1 second(s)

2022-03-30 15:14:40 - [TEST_STEP][PASSED] - click(findTestObject("MEApp_AppBaru_InisiasiKonsumen/button_Ya")): Object: 'Object Repository/MEApp_AppBaru_InisiasiKonsumen/button_Ya' is clicked on

2022-03-30 15:14:40 - [MESSAGE][PASSED] - Object: 'Object Repository/MEApp_AppBaru_InisiasiKonsumen/button_Ya' is clicked on

2022-03-30 15:14:40 - [TEST_STEP][PASSED] - delay(3): Delayed 3 second(s)

2022-03-30 15:14:43 - [MESSAGE][PASSED] - Delayed 3 second(s)

2022-03-30 15:14:43 - [TEST_STEP][PASSED] - takeFullPageScreenshotAsCheckpoint(userDir + sprint4WebScreenshootPath + "scenario-2-Berhasil-dilakukan-inisiasi-konsumen-baru.png"): Taking screenshot successfully

2022-03-30 15:14:44 - [MESSAGE][INFO] - 0 hidden object(s)

2022-03-30 15:14:44 - [MESSAGE][PASSED] - Taking screenshot successfully
[[ATTACHMENT|D:\PROJECT\BCA\BCAF_MEAPP_i3\BCAF_MEAPP_i3\Screenshoot\Sprint4\Web\keyes\keyes-scenario-2-Berhasil-dilakukan-inisiasi-konsumen-baru.png]]

2022-03-30 15:14:44 - [TEST_STEP][PASSED] - markPassed("scenario 2 - Berhasil dilakukan inisiasi konsumen baru"): scenario 2 - Berhasil dilakukan inisiasi konsumen baru

2022-03-30 15:14:44 - [MESSAGE][PASSED] - scenario 2 - Berhasil dilakukan inisiasi konsumen baru

2022-03-30 15:14:44 - [TEST_STEP][PASSED] - delay(2): Delayed 2 second(s)

2022-03-30 15:14:46 - [MESSAGE][PASSED] - Delayed 2 second(s)]]></system-out>
         <system-err><![CDATA[]]></system-err>
      </testcase>
      <testcase name="Test Cases/Sprint 4/Skenario 2/02-02-Transaction-AppPending-InputCorporate" time="267.108" classname="Test Cases/Sprint 4/Skenario 2/02-02-Transaction-AppPending-InputCorporate" status="PASSED">
         <system-out><![CDATA[2022-03-30 15:14:46 - [TEST_CASE][PASSED] - Test Cases/Sprint 4/Skenario 2/02-02-Transaction-AppPending-InputCorporate: Test Cases/Sprint 4/Skenario 2/02-02-Transaction-AppPending-InputCorporate

2022-03-30 15:14:47 - [TEST_STEP][PASSED] - userDir = getProjectDir(): null

2022-03-30 15:14:47 - [TEST_STEP][PASSED] - setText(findTestObject("Object Repository/Input_Corporate/Input_Konsumen/input_SID Name_form-control ng-untouched ng-pristine ng-invalid"), konsumen_SID, OPTIONAL): Text '223213445' is set on object 'Object Repository/Input_Corporate/Input_Konsumen/input_SID Name_form-control ng-untouched ng-pristine ng-invalid'

2022-03-30 15:15:44 - [MESSAGE][PASSED] - Text '223213445' is set on object 'Object Repository/Input_Corporate/Input_Konsumen/input_SID Name_form-control ng-untouched ng-pristine ng-invalid'

2022-03-30 15:15:44 - [TEST_STEP][PASSED] - delay(1): Delayed 1 second(s)

2022-03-30 15:15:45 - [MESSAGE][PASSED] - Delayed 1 second(s)

2022-03-30 15:15:45 - [TEST_STEP][PASSED] - scrollToElement(findTestObject("Object Repository/Input_Corporate/Input_Konsumen/i_Fax 2_ri-arrow-right-line"), 60, OPTIONAL): Scroll to object 'Object Repository/Input_Corporate/Input_Konsumen/i_Fax 2_ri-arrow-right-line' successfully

2022-03-30 15:15:45 - [MESSAGE][PASSED] - Scroll to object 'Object Repository/Input_Corporate/Input_Konsumen/i_Fax 2_ri-arrow-right-line' successfully

2022-03-30 15:15:45 - [TEST_STEP][PASSED] - delay(1): Delayed 1 second(s)

2022-03-30 15:15:47 - [MESSAGE][PASSED] - Delayed 1 second(s)

2022-03-30 15:15:47 - [TEST_STEP][PASSED] - click(findTestObject("Object Repository/Input_Corporate/Input_Konsumen/button_Surat Keterangan Domisili"), OPTIONAL): Object: 'Object Repository/Input_Corporate/Input_Konsumen/button_Surat Keterangan Domisili' is clicked on

2022-03-30 15:15:47 - [MESSAGE][PASSED] - Object: 'Object Repository/Input_Corporate/Input_Konsumen/button_Surat Keterangan Domisili' is clicked on

2022-03-30 15:15:47 - [TEST_STEP][PASSED] - delay(1): Delayed 1 second(s)

2022-03-30 15:15:48 - [MESSAGE][PASSED] - Delayed 1 second(s)

2022-03-30 15:15:48 - [TEST_STEP][PASSED] - takeFullPageScreenshotAsCheckpoint(userDir + sprint4WebScreenshootPath + "scenario-2-masuk-submenu-surat-keterangan-domisili.png"): Taking screenshot successfully

2022-03-30 15:15:49 - [MESSAGE][INFO] - 0 hidden object(s)

2022-03-30 15:15:49 - [MESSAGE][PASSED] - Taking screenshot successfully
[[ATTACHMENT|D:\PROJECT\BCA\BCAF_MEAPP_i3\BCAF_MEAPP_i3\Screenshoot\Sprint4\Web\keyes\keyes-scenario-2-masuk-submenu-surat-keterangan-domisili.png]]

2022-03-30 15:15:49 - [TEST_STEP][PASSED] - markPassed("scenario 2 - Masuk submenu surat keterangan domisili"): scenario 2 - Masuk submenu surat keterangan domisili

2022-03-30 15:15:49 - [MESSAGE][PASSED] - scenario 2 - Masuk submenu surat keterangan domisili

2022-03-30 15:15:49 - [TEST_STEP][PASSED] - delay(1): Delayed 1 second(s)

2022-03-30 15:15:50 - [MESSAGE][PASSED] - Delayed 1 second(s)

2022-03-30 15:15:50 - [TEST_STEP][PASSED] - click(findTestObject("Object Repository/Input_Corporate/Input_Konsumen/button_Capture_Domisili"), OPTIONAL): Object: 'Object Repository/Input_Corporate/Input_Konsumen/button_Capture_Domisili' is clicked on

2022-03-30 15:15:50 - [MESSAGE][PASSED] - Object: 'Object Repository/Input_Corporate/Input_Konsumen/button_Capture_Domisili' is clicked on

2022-03-30 15:15:50 - [TEST_STEP][PASSED] - delay(1): Delayed 1 second(s)

2022-03-30 15:15:51 - [MESSAGE][PASSED] - Delayed 1 second(s)

2022-03-30 15:15:51 - [TEST_STEP][PASSED] - uploadFile(findTestObject("Input_Corporate/Capture_"), userDir + cobaKTP, OPTIONAL): File 'D:/PROJECT/BCA/BCAF_MEAPP_i3/BCAF_MEAPP_i3/Assets/ktp_dummy.png' sent to object: 'Object Repository/Input_Corporate/Capture_'

2022-03-30 15:15:52 - [MESSAGE][PASSED] - File 'D:/PROJECT/BCA/BCAF_MEAPP_i3/BCAF_MEAPP_i3/Assets/ktp_dummy.png' sent to object: 'Object Repository/Input_Corporate/Capture_'

2022-03-30 15:15:52 - [TEST_STEP][PASSED] - delay(1): Delayed 1 second(s)

2022-03-30 15:15:53 - [MESSAGE][PASSED] - Delayed 1 second(s)

2022-03-30 15:15:53 - [TEST_STEP][PASSED] - takeFullPageScreenshotAsCheckpoint(userDir + sprint4WebScreenshootPath + "scenario-2-capture-surat-keterangan-domisili-berhasil.png"): Taking screenshot successfully

2022-03-30 15:15:54 - [MESSAGE][INFO] - 0 hidden object(s)

2022-03-30 15:15:54 - [MESSAGE][PASSED] - Taking screenshot successfully
[[ATTACHMENT|D:\PROJECT\BCA\BCAF_MEAPP_i3\BCAF_MEAPP_i3\Screenshoot\Sprint4\Web\keyes\keyes-scenario-2-capture-surat-keterangan-domisili-berhasil.png]]

2022-03-30 15:15:54 - [TEST_STEP][PASSED] - markPassed("scenario 2 - Capture surat keterangan domisili berhasil"): scenario 2 - Capture surat keterangan domisili berhasil

2022-03-30 15:15:54 - [MESSAGE][PASSED] - scenario 2 - Capture surat keterangan domisili berhasil

2022-03-30 15:15:54 - [TEST_STEP][PASSED] - delay(1): Delayed 1 second(s)

2022-03-30 15:15:55 - [MESSAGE][PASSED] - Delayed 1 second(s)

2022-03-30 15:15:55 - [TEST_STEP][PASSED] - click(findTestObject("Object Repository/Input_Corporate/Input_Konsumen/button_FAP"), OPTIONAL): Object: 'Object Repository/Input_Corporate/Input_Konsumen/button_FAP' is clicked on

2022-03-30 15:15:55 - [MESSAGE][PASSED] - Object: 'Object Repository/Input_Corporate/Input_Konsumen/button_FAP' is clicked on

2022-03-30 15:15:55 - [TEST_STEP][PASSED] - delay(1): Delayed 1 second(s)

2022-03-30 15:15:56 - [MESSAGE][PASSED] - Delayed 1 second(s)

2022-03-30 15:15:56 - [TEST_STEP][PASSED] - takeFullPageScreenshotAsCheckpoint(userDir + sprint4WebScreenshootPath + "scenario-2-Masuk-submenu-FAP.png"): Taking screenshot successfully

2022-03-30 15:15:58 - [MESSAGE][INFO] - 0 hidden object(s)

2022-03-30 15:15:58 - [MESSAGE][PASSED] - Taking screenshot successfully
[[ATTACHMENT|D:\PROJECT\BCA\BCAF_MEAPP_i3\BCAF_MEAPP_i3\Screenshoot\Sprint4\Web\keyes\keyes-scenario-2-Masuk-submenu-FAP.png]]

2022-03-30 15:15:58 - [TEST_STEP][PASSED] - markPassed("scenario 2 - Masuk submenu FAP"): scenario 2 - Masuk submenu FAP

2022-03-30 15:15:58 - [MESSAGE][PASSED] - scenario 2 - Masuk submenu FAP

2022-03-30 15:15:58 - [TEST_STEP][PASSED] - delay(1): Delayed 1 second(s)

2022-03-30 15:15:59 - [MESSAGE][PASSED] - Delayed 1 second(s)

2022-03-30 15:15:59 - [TEST_STEP][PASSED] - click(findTestObject("Object Repository/Input_Corporate/Input_Konsumen/a_Add Capture_FAP"), OPTIONAL): Object: 'Object Repository/Input_Corporate/Input_Konsumen/a_Add Capture_FAP' is clicked on

2022-03-30 15:16:00 - [MESSAGE][PASSED] - Object: 'Object Repository/Input_Corporate/Input_Konsumen/a_Add Capture_FAP' is clicked on

2022-03-30 15:16:00 - [TEST_STEP][PASSED] - delay(1): Delayed 1 second(s)

2022-03-30 15:16:01 - [MESSAGE][PASSED] - Delayed 1 second(s)

2022-03-30 15:16:01 - [TEST_STEP][PASSED] - uploadFile(findTestObject("Input_Corporate/Capture_"), userDir + cobaKTP, OPTIONAL): File 'D:/PROJECT/BCA/BCAF_MEAPP_i3/BCAF_MEAPP_i3/Assets/ktp_dummy.png' sent to object: 'Object Repository/Input_Corporate/Capture_'

2022-03-30 15:16:01 - [MESSAGE][PASSED] - File 'D:/PROJECT/BCA/BCAF_MEAPP_i3/BCAF_MEAPP_i3/Assets/ktp_dummy.png' sent to object: 'Object Repository/Input_Corporate/Capture_'

2022-03-30 15:16:01 - [TEST_STEP][PASSED] - delay(1): Delayed 1 second(s)

2022-03-30 15:16:02 - [MESSAGE][PASSED] - Delayed 1 second(s)

2022-03-30 15:16:02 - [TEST_STEP][PASSED] - setText(findTestObject("Object Repository/Input_Corporate/Input_Konsumen/input_Jenis Usaha_form-control ng-untouched ng-pristine ng-invalid"), konsumen_jenisUsaha, OPTIONAL): Text 'Kontruksi' is set on object 'Object Repository/Input_Corporate/Input_Konsumen/input_Jenis Usaha_form-control ng-untouched ng-pristine ng-invalid'

2022-03-30 15:16:03 - [MESSAGE][PASSED] - Text 'Kontruksi' is set on object 'Object Repository/Input_Corporate/Input_Konsumen/input_Jenis Usaha_form-control ng-untouched ng-pristine ng-invalid'

2022-03-30 15:16:03 - [TEST_STEP][PASSED] - delay(1): Delayed 1 second(s)

2022-03-30 15:16:04 - [MESSAGE][PASSED] - Delayed 1 second(s)

2022-03-30 15:16:04 - [TEST_STEP][PASSED] - setText(findTestObject("Object Repository/Input_Corporate/Input_Konsumen/input_Economy Code_form-control bcaf-autocomplete ng-untouched ng-pristine ng-invalid"), konsumen_economyCode, OPTIONAL): Text '010103' is set on object 'Object Repository/Input_Corporate/Input_Konsumen/input_Economy Code_form-control bcaf-autocomplete ng-untouched ng-pristine ng-invalid'

2022-03-30 15:16:05 - [MESSAGE][PASSED] - Text '010103' is set on object 'Object Repository/Input_Corporate/Input_Konsumen/input_Economy Code_form-control bcaf-autocomplete ng-untouched ng-pristine ng-invalid'

2022-03-30 15:16:05 - [TEST_STEP][PASSED] - delay(1): Delayed 1 second(s)

2022-03-30 15:16:06 - [MESSAGE][PASSED] - Delayed 1 second(s)

2022-03-30 15:16:06 - [TEST_STEP][PASSED] - waitForElementPresent(findTestObject("Object Repository/Input_Corporate/Input_Konsumen/li_010103 Pertanian  Kehutanan-Pertanian  Pupuk-Importir"), 100, OPTIONAL): Object 'Object Repository/Input_Corporate/Input_Konsumen/li_010103 Pertanian  Kehutanan-Pertanian  Pupuk-Importir' is present

2022-03-30 15:16:06 - [MESSAGE][PASSED] - Object 'Object Repository/Input_Corporate/Input_Konsumen/li_010103 Pertanian  Kehutanan-Pertanian  Pupuk-Importir' is present

2022-03-30 15:16:06 - [TEST_STEP][PASSED] - delay(1): Delayed 1 second(s)

2022-03-30 15:16:07 - [MESSAGE][PASSED] - Delayed 1 second(s)

2022-03-30 15:16:07 - [TEST_STEP][PASSED] - click(findTestObject("Object Repository/Input_Corporate/Input_Konsumen/li_010103 Pertanian  Kehutanan-Pertanian  Pupuk-Importir"), OPTIONAL): Object: 'Object Repository/Input_Corporate/Input_Konsumen/li_010103 Pertanian  Kehutanan-Pertanian  Pupuk-Importir' is clicked on

2022-03-30 15:16:07 - [MESSAGE][PASSED] - Object: 'Object Repository/Input_Corporate/Input_Konsumen/li_010103 Pertanian  Kehutanan-Pertanian  Pupuk-Importir' is clicked on

2022-03-30 15:16:07 - [TEST_STEP][PASSED] - delay(1): Delayed 1 second(s)

2022-03-30 15:16:08 - [MESSAGE][PASSED] - Delayed 1 second(s)

2022-03-30 15:16:08 - [TEST_STEP][PASSED] - setText(findTestObject("Object Repository/Input_Corporate/Input_Konsumen/input_Kode Lokasi Proyek_form"), konsumen_kodeLokasi, OPTIONAL): Text '1213' is set on object 'Object Repository/Input_Corporate/Input_Konsumen/input_Kode Lokasi Proyek_form'

2022-03-30 15:16:09 - [MESSAGE][PASSED] - Text '1213' is set on object 'Object Repository/Input_Corporate/Input_Konsumen/input_Kode Lokasi Proyek_form'

2022-03-30 15:16:09 - [TEST_STEP][PASSED] - delay(1): Delayed 1 second(s)

2022-03-30 15:16:10 - [MESSAGE][PASSED] - Delayed 1 second(s)

2022-03-30 15:16:10 - [TEST_STEP][PASSED] - waitForElementPresent(findTestObject("Object Repository/Input_Corporate/Input_Konsumen/li_1213 - MALANG,KAB"), 100, OPTIONAL): Object 'Object Repository/Input_Corporate/Input_Konsumen/li_1213 - MALANG,KAB' is present

2022-03-30 15:16:10 - [MESSAGE][PASSED] - Object 'Object Repository/Input_Corporate/Input_Konsumen/li_1213 - MALANG,KAB' is present

2022-03-30 15:16:10 - [TEST_STEP][PASSED] - delay(1): Delayed 1 second(s)

2022-03-30 15:16:11 - [MESSAGE][PASSED] - Delayed 1 second(s)

2022-03-30 15:16:11 - [TEST_STEP][PASSED] - click(findTestObject("Object Repository/Input_Corporate/Input_Konsumen/li_1213 - MALANG,KAB"), OPTIONAL): Object: 'Object Repository/Input_Corporate/Input_Konsumen/li_1213 - MALANG,KAB' is clicked on

2022-03-30 15:16:12 - [MESSAGE][PASSED] - Object: 'Object Repository/Input_Corporate/Input_Konsumen/li_1213 - MALANG,KAB' is clicked on

2022-03-30 15:16:12 - [TEST_STEP][PASSED] - delay(1): Delayed 1 second(s)

2022-03-30 15:16:13 - [MESSAGE][PASSED] - Delayed 1 second(s)

2022-03-30 15:16:13 - [TEST_STEP][PASSED] - setText(findTestObject("Object Repository/Input_Corporate/Input_Konsumen/input_Berdiri Sejak Tahun_form-control ng-untouched ng-pristine ng-invalid"), konsumen_tahunBerdiri, OPTIONAL): Text '1995' is set on object 'Object Repository/Input_Corporate/Input_Konsumen/input_Berdiri Sejak Tahun_form-control ng-untouched ng-pristine ng-invalid'

2022-03-30 15:16:14 - [MESSAGE][PASSED] - Text '1995' is set on object 'Object Repository/Input_Corporate/Input_Konsumen/input_Berdiri Sejak Tahun_form-control ng-untouched ng-pristine ng-invalid'

2022-03-30 15:16:14 - [TEST_STEP][PASSED] - delay(1): Delayed 1 second(s)

2022-03-30 15:16:15 - [MESSAGE][PASSED] - Delayed 1 second(s)

2022-03-30 15:16:15 - [TEST_STEP][PASSED] - setText(findTestObject("Object Repository/Input_Corporate/Input_Konsumen/input_Omzet Usaha per Tahun_form-control text-right ng-untouched ng-pristine ng-invalid"), konsumen_omzetUsaha, OPTIONAL): Text '10000000000' is set on object 'Object Repository/Input_Corporate/Input_Konsumen/input_Omzet Usaha per Tahun_form-control text-right ng-untouched ng-pristine ng-invalid'

2022-03-30 15:16:15 - [MESSAGE][PASSED] - Text '10000000000' is set on object 'Object Repository/Input_Corporate/Input_Konsumen/input_Omzet Usaha per Tahun_form-control text-right ng-untouched ng-pristine ng-invalid'

2022-03-30 15:16:15 - [TEST_STEP][PASSED] - delay(1): Delayed 1 second(s)

2022-03-30 15:16:16 - [MESSAGE][PASSED] - Delayed 1 second(s)

2022-03-30 15:16:16 - [TEST_STEP][PASSED] - setText(findTestObject("Object Repository/Input_Corporate/Input_Konsumen/input_No. Rekening BCA_form-control ng-untouched ng-pristine ng-valid"), konsumen_noRekBCA, OPTIONAL): Text '413514512' is set on object 'Object Repository/Input_Corporate/Input_Konsumen/input_No. Rekening BCA_form-control ng-untouched ng-pristine ng-valid'

2022-03-30 15:16:17 - [MESSAGE][PASSED] - Text '413514512' is set on object 'Object Repository/Input_Corporate/Input_Konsumen/input_No. Rekening BCA_form-control ng-untouched ng-pristine ng-valid'

2022-03-30 15:16:17 - [TEST_STEP][PASSED] - delay(1): Delayed 1 second(s)

2022-03-30 15:16:18 - [MESSAGE][PASSED] - Delayed 1 second(s)

2022-03-30 15:16:18 - [TEST_STEP][PASSED] - setText(findTestObject("Object Repository/Input_Corporate/Input_Konsumen/input_Alamat Perusahaan_form-control ng-untouched ng-pristine ng-invalid"), konsumen_alamatPT, OPTIONAL): Text 'Jakarta, No. 45' is set on object 'Object Repository/Input_Corporate/Input_Konsumen/input_Alamat Perusahaan_form-control ng-untouched ng-pristine ng-invalid'

2022-03-30 15:16:19 - [MESSAGE][PASSED] - Text 'Jakarta, No. 45' is set on object 'Object Repository/Input_Corporate/Input_Konsumen/input_Alamat Perusahaan_form-control ng-untouched ng-pristine ng-invalid'

2022-03-30 15:16:19 - [TEST_STEP][PASSED] - delay(1): Delayed 1 second(s)

2022-03-30 15:16:20 - [MESSAGE][PASSED] - Delayed 1 second(s)

2022-03-30 15:16:20 - [TEST_STEP][PASSED] - setText(findTestObject("Object Repository/Input_Corporate/Input_Konsumen/input_Provinsi_form-control bcaf-autocomplete ng-untouched ng-pristine ng-invalid"), konsumen_provinsi, OPTIONAL): Text 'JAWA TIMUR' is set on object 'Object Repository/Input_Corporate/Input_Konsumen/input_Provinsi_form-control bcaf-autocomplete ng-untouched ng-pristine ng-invalid'

2022-03-30 15:16:21 - [MESSAGE][PASSED] - Text 'JAWA TIMUR' is set on object 'Object Repository/Input_Corporate/Input_Konsumen/input_Provinsi_form-control bcaf-autocomplete ng-untouched ng-pristine ng-invalid'

2022-03-30 15:16:21 - [TEST_STEP][PASSED] - delay(1): Delayed 1 second(s)

2022-03-30 15:16:22 - [MESSAGE][PASSED] - Delayed 1 second(s)

2022-03-30 15:16:22 - [TEST_STEP][PASSED] - waitForElementPresent(findTestObject("Object Repository/Input_Corporate/Input_Konsumen/li_JAWA TIMUR"), 100, OPTIONAL): Object 'Object Repository/Input_Corporate/Input_Konsumen/li_JAWA TIMUR' is present

2022-03-30 15:16:22 - [MESSAGE][PASSED] - Object 'Object Repository/Input_Corporate/Input_Konsumen/li_JAWA TIMUR' is present

2022-03-30 15:16:22 - [TEST_STEP][PASSED] - delay(1): Delayed 1 second(s)

2022-03-30 15:16:23 - [MESSAGE][PASSED] - Delayed 1 second(s)

2022-03-30 15:16:23 - [TEST_STEP][PASSED] - click(findTestObject("Object Repository/Input_Corporate/Input_Konsumen/li_JAWA TIMUR"), OPTIONAL): Object: 'Object Repository/Input_Corporate/Input_Konsumen/li_JAWA TIMUR' is clicked on

2022-03-30 15:16:24 - [MESSAGE][PASSED] - Object: 'Object Repository/Input_Corporate/Input_Konsumen/li_JAWA TIMUR' is clicked on

2022-03-30 15:16:24 - [TEST_STEP][PASSED] - delay(1): Delayed 1 second(s)

2022-03-30 15:16:25 - [MESSAGE][PASSED] - Delayed 1 second(s)

2022-03-30 15:16:25 - [TEST_STEP][PASSED] - setText(findTestObject("Object Repository/Input_Corporate/Input_Konsumen/input_KabKota_form-control bcaf-autocomplete ng-untouched ng-pristine ng-invalid"), konsumen_kabKota, OPTIONAL): Text 'Malang' is set on object 'Object Repository/Input_Corporate/Input_Konsumen/input_KabKota_form-control bcaf-autocomplete ng-untouched ng-pristine ng-invalid'

2022-03-30 15:16:26 - [MESSAGE][PASSED] - Text 'Malang' is set on object 'Object Repository/Input_Corporate/Input_Konsumen/input_KabKota_form-control bcaf-autocomplete ng-untouched ng-pristine ng-invalid'

2022-03-30 15:16:26 - [TEST_STEP][PASSED] - delay(1): Delayed 1 second(s)

2022-03-30 15:16:27 - [MESSAGE][PASSED] - Delayed 1 second(s)

2022-03-30 15:16:27 - [TEST_STEP][PASSED] - waitForElementPresent(findTestObject("Object Repository/Input_Corporate/Input_Konsumen/li_MALANG"), 100, OPTIONAL): Object 'Object Repository/Input_Corporate/Input_Konsumen/li_MALANG' is present

2022-03-30 15:16:27 - [MESSAGE][PASSED] - Object 'Object Repository/Input_Corporate/Input_Konsumen/li_MALANG' is present

2022-03-30 15:16:27 - [TEST_STEP][PASSED] - delay(1): Delayed 1 second(s)

2022-03-30 15:16:28 - [MESSAGE][PASSED] - Delayed 1 second(s)

2022-03-30 15:16:28 - [TEST_STEP][PASSED] - click(findTestObject("Object Repository/Input_Corporate/Input_Konsumen/li_MALANG"), OPTIONAL): Object: 'Object Repository/Input_Corporate/Input_Konsumen/li_MALANG' is clicked on

2022-03-30 15:16:28 - [MESSAGE][PASSED] - Object: 'Object Repository/Input_Corporate/Input_Konsumen/li_MALANG' is clicked on

2022-03-30 15:16:28 - [TEST_STEP][PASSED] - delay(1): Delayed 1 second(s)

2022-03-30 15:16:29 - [MESSAGE][PASSED] - Delayed 1 second(s)

2022-03-30 15:16:29 - [TEST_STEP][PASSED] - setText(findTestObject("Object Repository/Input_Corporate/Input_Konsumen/input_Kecamatan_form-control bcaf-autocomplete ng-untouched ng-pristine ng-invalid"), konsumen_kecamantan, OPTIONAL): Text 'lowokwaru' is set on object 'Object Repository/Input_Corporate/Input_Konsumen/input_Kecamatan_form-control bcaf-autocomplete ng-untouched ng-pristine ng-invalid'

2022-03-30 15:16:30 - [MESSAGE][PASSED] - Text 'lowokwaru' is set on object 'Object Repository/Input_Corporate/Input_Konsumen/input_Kecamatan_form-control bcaf-autocomplete ng-untouched ng-pristine ng-invalid'

2022-03-30 15:16:30 - [TEST_STEP][PASSED] - delay(1): Delayed 1 second(s)

2022-03-30 15:16:31 - [MESSAGE][PASSED] - Delayed 1 second(s)

2022-03-30 15:16:31 - [TEST_STEP][PASSED] - waitForElementPresent(findTestObject("Object Repository/Input_Corporate/Input_Konsumen/li_LOWOKWARU"), 0, OPTIONAL): Object 'Object Repository/Input_Corporate/Input_Konsumen/li_LOWOKWARU' is present

2022-03-30 15:16:31 - [MESSAGE][WARNING] - Timeout '0' is invalid. Using default page load timeout: '30'

2022-03-30 15:16:31 - [MESSAGE][PASSED] - Object 'Object Repository/Input_Corporate/Input_Konsumen/li_LOWOKWARU' is present

2022-03-30 15:16:31 - [TEST_STEP][PASSED] - delay(1): Delayed 1 second(s)

2022-03-30 15:16:32 - [MESSAGE][PASSED] - Delayed 1 second(s)

2022-03-30 15:16:32 - [TEST_STEP][PASSED] - click(findTestObject("Object Repository/Input_Corporate/Input_Konsumen/li_LOWOKWARU"), OPTIONAL): Object: 'Object Repository/Input_Corporate/Input_Konsumen/li_LOWOKWARU' is clicked on

2022-03-30 15:16:33 - [MESSAGE][PASSED] - Object: 'Object Repository/Input_Corporate/Input_Konsumen/li_LOWOKWARU' is clicked on

2022-03-30 15:16:33 - [TEST_STEP][PASSED] - delay(1): Delayed 1 second(s)

2022-03-30 15:16:34 - [MESSAGE][PASSED] - Delayed 1 second(s)

2022-03-30 15:16:34 - [TEST_STEP][PASSED] - setText(findTestObject("Object Repository/Input_Corporate/Input_Konsumen/input_Kelurahan_form-control bcaf-autocomplete ng-untouched ng-pristine ng-invalid"), konsumen_kelurahan, OPTIONAL): Text 'ketawanggede' is set on object 'Object Repository/Input_Corporate/Input_Konsumen/input_Kelurahan_form-control bcaf-autocomplete ng-untouched ng-pristine ng-invalid'

2022-03-30 15:16:35 - [MESSAGE][PASSED] - Text 'ketawanggede' is set on object 'Object Repository/Input_Corporate/Input_Konsumen/input_Kelurahan_form-control bcaf-autocomplete ng-untouched ng-pristine ng-invalid'

2022-03-30 15:16:35 - [TEST_STEP][PASSED] - delay(1): Delayed 1 second(s)

2022-03-30 15:16:36 - [MESSAGE][PASSED] - Delayed 1 second(s)

2022-03-30 15:16:36 - [TEST_STEP][PASSED] - waitForElementPresent(findTestObject("Object Repository/Input_Corporate/Input_Konsumen/li_KETAWANGGEDE"), 100, OPTIONAL): Object 'Object Repository/Input_Corporate/Input_Konsumen/li_KETAWANGGEDE' is present

2022-03-30 15:16:36 - [MESSAGE][PASSED] - Object 'Object Repository/Input_Corporate/Input_Konsumen/li_KETAWANGGEDE' is present

2022-03-30 15:16:36 - [TEST_STEP][PASSED] - delay(1): Delayed 1 second(s)

2022-03-30 15:16:37 - [MESSAGE][PASSED] - Delayed 1 second(s)

2022-03-30 15:16:37 - [TEST_STEP][PASSED] - click(findTestObject("Object Repository/Input_Corporate/Input_Konsumen/li_KETAWANGGEDE"), OPTIONAL): Object: 'Object Repository/Input_Corporate/Input_Konsumen/li_KETAWANGGEDE' is clicked on

2022-03-30 15:16:37 - [MESSAGE][PASSED] - Object: 'Object Repository/Input_Corporate/Input_Konsumen/li_KETAWANGGEDE' is clicked on

2022-03-30 15:16:37 - [TEST_STEP][PASSED] - delay(1): Delayed 1 second(s)

2022-03-30 15:16:38 - [MESSAGE][PASSED] - Delayed 1 second(s)

2022-03-30 15:16:38 - [TEST_STEP][PASSED] - setText(findTestObject("Object Repository/Input_Corporate/Input_Konsumen/input_Kode Pos_form-control bcaf-autocomplete ng-untouched ng-pristine ng-invalid"), konsumen_kodePos, OPTIONAL): Text '65145' is set on object 'Object Repository/Input_Corporate/Input_Konsumen/input_Kode Pos_form-control bcaf-autocomplete ng-untouched ng-pristine ng-invalid'

2022-03-30 15:16:39 - [MESSAGE][PASSED] - Text '65145' is set on object 'Object Repository/Input_Corporate/Input_Konsumen/input_Kode Pos_form-control bcaf-autocomplete ng-untouched ng-pristine ng-invalid'

2022-03-30 15:16:39 - [TEST_STEP][PASSED] - delay(1): Delayed 1 second(s)

2022-03-30 15:16:40 - [MESSAGE][PASSED] - Delayed 1 second(s)

2022-03-30 15:16:40 - [TEST_STEP][PASSED] - waitForElementPresent(findTestObject("Object Repository/Input_Corporate/Input_Konsumen/li_65145"), 100, OPTIONAL): Object 'Object Repository/Input_Corporate/Input_Konsumen/li_65145' is present

2022-03-30 15:16:40 - [MESSAGE][PASSED] - Object 'Object Repository/Input_Corporate/Input_Konsumen/li_65145' is present

2022-03-30 15:16:40 - [TEST_STEP][PASSED] - delay(1): Delayed 1 second(s)

2022-03-30 15:16:41 - [MESSAGE][PASSED] - Delayed 1 second(s)

2022-03-30 15:16:41 - [TEST_STEP][PASSED] - click(findTestObject("Object Repository/Input_Corporate/Input_Konsumen/li_65145"), OPTIONAL): Object: 'Object Repository/Input_Corporate/Input_Konsumen/li_65145' is clicked on

2022-03-30 15:16:42 - [MESSAGE][PASSED] - Object: 'Object Repository/Input_Corporate/Input_Konsumen/li_65145' is clicked on

2022-03-30 15:16:42 - [TEST_STEP][PASSED] - delay(1): Delayed 1 second(s)

2022-03-30 15:16:43 - [MESSAGE][PASSED] - Delayed 1 second(s)

2022-03-30 15:16:43 - [TEST_STEP][PASSED] - takeFullPageScreenshotAsCheckpoint(userDir + sprint4WebScreenshootPath + "scenario-2-Input-data-FAP.png"): Taking screenshot successfully

2022-03-30 15:16:44 - [MESSAGE][INFO] - 0 hidden object(s)

2022-03-30 15:16:45 - [MESSAGE][PASSED] - Taking screenshot successfully
[[ATTACHMENT|D:\PROJECT\BCA\BCAF_MEAPP_i3\BCAF_MEAPP_i3\Screenshoot\Sprint4\Web\keyes\keyes-scenario-2-Input-data-FAP.png]]

2022-03-30 15:16:45 - [TEST_STEP][PASSED] - markPassed("scenario 2 - Input data FAP"): scenario 2 - Input data FAP

2022-03-30 15:16:45 - [MESSAGE][PASSED] - scenario 2 - Input data FAP

2022-03-30 15:16:45 - [TEST_STEP][PASSED] - delay(1): Delayed 1 second(s)

2022-03-30 15:16:46 - [MESSAGE][PASSED] - Delayed 1 second(s)

2022-03-30 15:16:46 - [TEST_STEP][PASSED] - scrollToElement(findTestObject("Object Repository/Input_Corporate/Input_Konsumen/i_Fax 2_ri-arrow-right-line"), 60, OPTIONAL): Scroll to object 'Object Repository/Input_Corporate/Input_Konsumen/i_Fax 2_ri-arrow-right-line' successfully

2022-03-30 15:16:46 - [MESSAGE][PASSED] - Scroll to object 'Object Repository/Input_Corporate/Input_Konsumen/i_Fax 2_ri-arrow-right-line' successfully

2022-03-30 15:16:46 - [TEST_STEP][PASSED] - click(findTestObject("Object Repository/Input_Corporate/Input_Konsumen/input_Alamat Pengiriman Surat  Alamat Perusahaan_isAlamatPengirimanSurat"), OPTIONAL): Unable to click on object 'Object Repository/Input_Corporate/Input_Konsumen/input_Alamat Pengiriman Surat  Alamat Perusahaan_isAlamatPengirimanSurat' (Root cause: com.kms.katalon.core.exception.StepFailedException: Unable to click on object 'Object Repository/Input_Corporate/Input_Konsumen/input_Alamat Pengiriman Surat  Alamat Perusahaan_isAlamatPengirimanSurat'
	at com.kms.katalon.core.webui.keyword.internal.WebUIKeywordMain.stepFailed(WebUIKeywordMain.groovy:64)
	at com.kms.katalon.core.webui.keyword.internal.WebUIKeywordMain.runKeyword(WebUIKeywordMain.groovy:26)
	at com.kms.katalon.core.webui.keyword.builtin.ClickKeyword.click(ClickKeyword.groovy:74)
	at com.kms.katalon.core.webui.keyword.builtin.ClickKeyword.execute(ClickKeyword.groovy:40)
	at com.kms.katalon.core.keyword.internal.KeywordExecutor.executeKeywordForPlatform(KeywordExecutor.groovy:74)
	at com.kms.katalon.core.webui.keyword.WebUiBuiltInKeywords.click(WebUiBuiltInKeywords.groovy:608)
	at com.kms.katalon.core.webui.keyword.WebUiBuiltInKeywords$click$10.call(Unknown Source)
	at 02-02-Transaction-AppPending-InputCorporate.run(02-02-Transaction-AppPending-InputCorporate:294)
	at com.kms.katalon.core.main.ScriptEngine.run(ScriptEngine.java:194)
	at com.kms.katalon.core.main.ScriptEngine.runScriptAsRawText(ScriptEngine.java:119)
	at com.kms.katalon.core.main.TestCaseExecutor.runScript(TestCaseExecutor.java:442)
	at com.kms.katalon.core.main.TestCaseExecutor.doExecute(TestCaseExecutor.java:433)
	at com.kms.katalon.core.main.TestCaseExecutor.processExecutionPhase(TestCaseExecutor.java:412)
	at com.kms.katalon.core.main.TestCaseExecutor.accessMainPhase(TestCaseExecutor.java:404)
	at com.kms.katalon.core.main.TestCaseExecutor.execute(TestCaseExecutor.java:281)
	at com.kms.katalon.core.main.TestSuiteExecutor.accessTestCaseMainPhase(TestSuiteExecutor.java:202)
	at com.kms.katalon.core.main.TestSuiteExecutor.accessTestSuiteMainPhase(TestSuiteExecutor.java:164)
	at com.kms.katalon.core.main.TestSuiteExecutor.execute(TestSuiteExecutor.java:105)
	at com.kms.katalon.core.main.TestCaseMain.startTestSuite(TestCaseMain.java:185)
	at com.kms.katalon.core.main.TestCaseMain$startTestSuite$0.call(Unknown Source)
	at TempTestSuite1648627268077.run(TempTestSuite1648627268077.groovy:36)
Caused by: org.openqa.selenium.ElementClickInterceptedException: element click intercepted: Element <input _ngcontent-udw-c99="" formcontrolname="isAlamatPengirimanSurat" id="radio-perorangan" type="radio" value="ya" name="isAlamatPengirimanSurat" class="form-check-input ng-untouched ng-pristine ng-valid"> is not clickable at point (312, 6). Other element would receive the click: <header _ngcontent-udw-c84="" id="mainHeader" class="c-header c-header-light c-header-fixed">...</header>
  (Session info: chrome=99.0.4844.84)
Build info: version: '3.141.59', revision: 'e82be7d358', time: '2018-11-14T08:25:53'
System info: host: 'SAVIRAROHWINA', ip: '192.168.1.88', os.name: 'Windows 10', os.arch: 'amd64', os.version: '10.0', java.version: '1.8.0_282'
Driver info: com.kms.katalon.selenium.driver.CChromeDriver
Capabilities {acceptInsecureCerts: false, browserName: chrome, browserVersion: 99.0.4844.84, chrome: {chromedriverVersion: 98.0.4758.102 (273bf7ac8c90..., userDataDir: C:\Users\savir\AppData\Loca...}, goog:chromeOptions: {debuggerAddress: localhost:58725}, javascriptEnabled: true, networkConnectionEnabled: false, pageLoadStrategy: normal, platform: WINDOWS, platformName: WINDOWS, proxy: Proxy(), setWindowRect: true, strictFileInteractability: false, timeouts: {implicit: 0, pageLoad: 300000, script: 30000}, unhandledPromptBehavior: dismiss and notify, webauthn:extension:credBlob: true, webauthn:extension:largeBlob: true, webauthn:virtualAuthenticators: true}
Session ID: 6f883810970f7ed78c70d0a781aabf78
	at org.openqa.selenium.remote.http.W3CHttpResponseCodec.createException(W3CHttpResponseCodec.java:187)
	at org.openqa.selenium.remote.http.W3CHttpResponseCodec.decode(W3CHttpResponseCodec.java:122)
	at org.openqa.selenium.remote.http.W3CHttpResponseCodec.decode(W3CHttpResponseCodec.java:49)
	at org.openqa.selenium.remote.HttpCommandExecutor.execute(HttpCommandExecutor.java:158)
	at org.openqa.selenium.remote.service.DriverCommandExecutor.execute(DriverCommandExecutor.java:83)
	at org.openqa.selenium.remote.RemoteWebDriver.execute(RemoteWebDriver.java:552)
	at com.kms.katalon.selenium.driver.CChromeDriver.execute(CChromeDriver.java:19)
	at org.openqa.selenium.remote.RemoteWebElement.execute(RemoteWebElement.java:285)
	at org.openqa.selenium.remote.RemoteWebElement.click(RemoteWebElement.java:84)
	at org.openqa.selenium.support.events.EventFiringWebDriver$EventFiringWebElement.lambda$new$0(EventFiringWebDriver.java:404)
	at com.sun.proxy.$Proxy11.click(Unknown Source)
	at org.openqa.selenium.support.events.EventFiringWebDriver$EventFiringWebElement.click(EventFiringWebDriver.java:417)
	at org.openqa.selenium.WebElement$click.call(Unknown Source)
	at com.kms.katalon.core.webui.keyword.builtin.ClickKeyword.clickUntilSuccessWithTimeout(ClickKeyword.groovy:81)
	at com.kms.katalon.core.webui.keyword.builtin.ClickKeyword.clickUntilSuccessWithTimeout(ClickKeyword.groovy)
	at com.kms.katalon.core.webui.keyword.builtin.ClickKeyword$_click_closure1.doCall(ClickKeyword.groovy:67)
	at com.kms.katalon.core.webui.keyword.builtin.ClickKeyword$_click_closure1.call(ClickKeyword.groovy)
	at com.kms.katalon.core.webui.keyword.internal.WebUIKeywordMain.runKeyword(WebUIKeywordMain.groovy:20)
	at com.kms.katalon.core.webui.keyword.builtin.ClickKeyword.click(ClickKeyword.groovy:74)
	at com.kms.katalon.core.webui.keyword.builtin.ClickKeyword.execute(ClickKeyword.groovy:40)
	at com.kms.katalon.core.keyword.internal.KeywordExecutor.executeKeywordForPlatform(KeywordExecutor.groovy:74)
	at com.kms.katalon.core.webui.keyword.WebUiBuiltInKeywords.click(WebUiBuiltInKeywords.groovy:608)
	at com.kms.katalon.core.webui.keyword.WebUiBuiltInKeywords$click$10.call(Unknown Source)
	at Script1646993288966.run(Script1646993288966.groovy:294)
	... 13 more
)

2022-03-30 15:17:19 - [MESSAGE][WARNING] - Unable to click on object 'Object Repository/Input_Corporate/Input_Konsumen/input_Alamat Pengiriman Surat  Alamat Perusahaan_isAlamatPengirimanSurat' (Root cause: com.kms.katalon.core.exception.StepFailedException: Unable to click on object 'Object Repository/Input_Corporate/Input_Konsumen/input_Alamat Pengiriman Surat  Alamat Perusahaan_isAlamatPengirimanSurat'
	at com.kms.katalon.core.webui.keyword.internal.WebUIKeywordMain.stepFailed(WebUIKeywordMain.groovy:64)
	at com.kms.katalon.core.webui.keyword.internal.WebUIKeywordMain.runKeyword(WebUIKeywordMain.groovy:26)
	at com.kms.katalon.core.webui.keyword.builtin.ClickKeyword.click(ClickKeyword.groovy:74)
	at com.kms.katalon.core.webui.keyword.builtin.ClickKeyword.execute(ClickKeyword.groovy:40)
	at com.kms.katalon.core.keyword.internal.KeywordExecutor.executeKeywordForPlatform(KeywordExecutor.groovy:74)
	at com.kms.katalon.core.webui.keyword.WebUiBuiltInKeywords.click(WebUiBuiltInKeywords.groovy:608)
	at com.kms.katalon.core.webui.keyword.WebUiBuiltInKeywords$click$10.call(Unknown Source)
	at 02-02-Transaction-AppPending-InputCorporate.run(02-02-Transaction-AppPending-InputCorporate:294)
	at com.kms.katalon.core.main.ScriptEngine.run(ScriptEngine.java:194)
	at com.kms.katalon.core.main.ScriptEngine.runScriptAsRawText(ScriptEngine.java:119)
	at com.kms.katalon.core.main.TestCaseExecutor.runScript(TestCaseExecutor.java:442)
	at com.kms.katalon.core.main.TestCaseExecutor.doExecute(TestCaseExecutor.java:433)
	at com.kms.katalon.core.main.TestCaseExecutor.processExecutionPhase(TestCaseExecutor.java:412)
	at com.kms.katalon.core.main.TestCaseExecutor.accessMainPhase(TestCaseExecutor.java:404)
	at com.kms.katalon.core.main.TestCaseExecutor.execute(TestCaseExecutor.java:281)
	at com.kms.katalon.core.main.TestSuiteExecutor.accessTestCaseMainPhase(TestSuiteExecutor.java:202)
	at com.kms.katalon.core.main.TestSuiteExecutor.accessTestSuiteMainPhase(TestSuiteExecutor.java:164)
	at com.kms.katalon.core.main.TestSuiteExecutor.execute(TestSuiteExecutor.java:105)
	at com.kms.katalon.core.main.TestCaseMain.startTestSuite(TestCaseMain.java:185)
	at com.kms.katalon.core.main.TestCaseMain$startTestSuite$0.call(Unknown Source)
	at TempTestSuite1648627268077.run(TempTestSuite1648627268077.groovy:36)
Caused by: org.openqa.selenium.ElementClickInterceptedException: element click intercepted: Element <input _ngcontent-udw-c99="" formcontrolname="isAlamatPengirimanSurat" id="radio-perorangan" type="radio" value="ya" name="isAlamatPengirimanSurat" class="form-check-input ng-untouched ng-pristine ng-valid"> is not clickable at point (312, 6). Other element would receive the click: <header _ngcontent-udw-c84="" id="mainHeader" class="c-header c-header-light c-header-fixed">...</header>
  (Session info: chrome=99.0.4844.84)
Build info: version: '3.141.59', revision: 'e82be7d358', time: '2018-11-14T08:25:53'
System info: host: 'SAVIRAROHWINA', ip: '192.168.1.88', os.name: 'Windows 10', os.arch: 'amd64', os.version: '10.0', java.version: '1.8.0_282'
Driver info: com.kms.katalon.selenium.driver.CChromeDriver
Capabilities {acceptInsecureCerts: false, browserName: chrome, browserVersion: 99.0.4844.84, chrome: {chromedriverVersion: 98.0.4758.102 (273bf7ac8c90..., userDataDir: C:\Users\savir\AppData\Loca...}, goog:chromeOptions: {debuggerAddress: localhost:58725}, javascriptEnabled: true, networkConnectionEnabled: false, pageLoadStrategy: normal, platform: WINDOWS, platformName: WINDOWS, proxy: Proxy(), setWindowRect: true, strictFileInteractability: false, timeouts: {implicit: 0, pageLoad: 300000, script: 30000}, unhandledPromptBehavior: dismiss and notify, webauthn:extension:credBlob: true, webauthn:extension:largeBlob: true, webauthn:virtualAuthenticators: true}
Session ID: 6f883810970f7ed78c70d0a781aabf78
	at org.openqa.selenium.remote.http.W3CHttpResponseCodec.createException(W3CHttpResponseCodec.java:187)
	at org.openqa.selenium.remote.http.W3CHttpResponseCodec.decode(W3CHttpResponseCodec.java:122)
	at org.openqa.selenium.remote.http.W3CHttpResponseCodec.decode(W3CHttpResponseCodec.java:49)
	at org.openqa.selenium.remote.HttpCommandExecutor.execute(HttpCommandExecutor.java:158)
	at org.openqa.selenium.remote.service.DriverCommandExecutor.execute(DriverCommandExecutor.java:83)
	at org.openqa.selenium.remote.RemoteWebDriver.execute(RemoteWebDriver.java:552)
	at com.kms.katalon.selenium.driver.CChromeDriver.execute(CChromeDriver.java:19)
	at org.openqa.selenium.remote.RemoteWebElement.execute(RemoteWebElement.java:285)
	at org.openqa.selenium.remote.RemoteWebElement.click(RemoteWebElement.java:84)
	at org.openqa.selenium.support.events.EventFiringWebDriver$EventFiringWebElement.lambda$new$0(EventFiringWebDriver.java:404)
	at com.sun.proxy.$Proxy11.click(Unknown Source)
	at org.openqa.selenium.support.events.EventFiringWebDriver$EventFiringWebElement.click(EventFiringWebDriver.java:417)
	at org.openqa.selenium.WebElement$click.call(Unknown Source)
	at com.kms.katalon.core.webui.keyword.builtin.ClickKeyword.clickUntilSuccessWithTimeout(ClickKeyword.groovy:81)
	at com.kms.katalon.core.webui.keyword.builtin.ClickKeyword.clickUntilSuccessWithTimeout(ClickKeyword.groovy)
	at com.kms.katalon.core.webui.keyword.builtin.ClickKeyword$_click_closure1.doCall(ClickKeyword.groovy:67)
	at com.kms.katalon.core.webui.keyword.builtin.ClickKeyword$_click_closure1.call(ClickKeyword.groovy)
	at com.kms.katalon.core.webui.keyword.internal.WebUIKeywordMain.runKeyword(WebUIKeywordMain.groovy:20)
	at com.kms.katalon.core.webui.keyword.builtin.ClickKeyword.click(ClickKeyword.groovy:74)
	at com.kms.katalon.core.webui.keyword.builtin.ClickKeyword.execute(ClickKeyword.groovy:40)
	at com.kms.katalon.core.keyword.internal.KeywordExecutor.executeKeywordForPlatform(KeywordExecutor.groovy:74)
	at com.kms.katalon.core.webui.keyword.WebUiBuiltInKeywords.click(WebUiBuiltInKeywords.groovy:608)
	at com.kms.katalon.core.webui.keyword.WebUiBuiltInKeywords$click$10.call(Unknown Source)
	at Script1646993288966.run(Script1646993288966.groovy:294)
	... 13 more
)
[[ATTACHMENT|D:\\PROJECT\\BCA\\BCAF_MEAPP_i3\\BCAF_MEAPP_i3\\Reports\\20220330_150108\\TS_4Scenario\\S1-S4\\20220330_150108\\1648628239701.png]]

2022-03-30 15:17:19 - [TEST_STEP][PASSED] - delay(1): Delayed 1 second(s)

2022-03-30 15:17:20 - [MESSAGE][PASSED] - Delayed 1 second(s)

2022-03-30 15:17:20 - [TEST_STEP][PASSED] - setText(findTestObject("Object Repository/Input_Corporate/Input_Konsumen/input_Email_form-control ng-untouched ng-pristine ng-valid"), konsumen_email, OPTIONAL): Text 'contoh@gmail.com' is set on object 'Object Repository/Input_Corporate/Input_Konsumen/input_Email_form-control ng-untouched ng-pristine ng-valid'

2022-03-30 15:17:21 - [MESSAGE][PASSED] - Text 'contoh@gmail.com' is set on object 'Object Repository/Input_Corporate/Input_Konsumen/input_Email_form-control ng-untouched ng-pristine ng-valid'

2022-03-30 15:17:21 - [TEST_STEP][PASSED] - delay(1): Delayed 1 second(s)

2022-03-30 15:17:22 - [MESSAGE][PASSED] - Delayed 1 second(s)

2022-03-30 15:17:22 - [TEST_STEP][PASSED] - setText(findTestObject("Object Repository/Input_Corporate/Input_Konsumen/input_Telepon 1_form-control ng-untouched ng-pristine ng-valid"), konsumen_telepon1, OPTIONAL): Text '089773662555' is set on object 'Object Repository/Input_Corporate/Input_Konsumen/input_Telepon 1_form-control ng-untouched ng-pristine ng-valid'

2022-03-30 15:17:23 - [MESSAGE][PASSED] - Text '089773662555' is set on object 'Object Repository/Input_Corporate/Input_Konsumen/input_Telepon 1_form-control ng-untouched ng-pristine ng-valid'

2022-03-30 15:17:23 - [TEST_STEP][PASSED] - delay(1): Delayed 1 second(s)

2022-03-30 15:17:24 - [MESSAGE][PASSED] - Delayed 1 second(s)

2022-03-30 15:17:24 - [TEST_STEP][PASSED] - takeFullPageScreenshotAsCheckpoint(userDir + sprint4WebScreenshootPath + "scenario-2-Input-data-alamat-pengirim-surat.png"): Taking screenshot successfully

2022-03-30 15:17:26 - [MESSAGE][INFO] - 0 hidden object(s)

2022-03-30 15:17:26 - [MESSAGE][PASSED] - Taking screenshot successfully
[[ATTACHMENT|D:\PROJECT\BCA\BCAF_MEAPP_i3\BCAF_MEAPP_i3\Screenshoot\Sprint4\Web\keyes\keyes-scenario-2-Input-data-alamat-pengirim-surat.png]]

2022-03-30 15:17:26 - [TEST_STEP][PASSED] - markPassed("scenario 2 - Input data alamat pengirim surat"): scenario 2 - Input data alamat pengirim surat

2022-03-30 15:17:26 - [MESSAGE][PASSED] - scenario 2 - Input data alamat pengirim surat

2022-03-30 15:17:26 - [TEST_STEP][PASSED] - scrollToPosition(0, 0, OPTIONAL): Browser is scrolled to position x = 0, y = 0

2022-03-30 15:17:26 - [MESSAGE][PASSED] - Browser is scrolled to position x = 0, y = 0

2022-03-30 15:17:26 - [TEST_STEP][PASSED] - delay(2): Delayed 2 second(s)

2022-03-30 15:17:28 - [MESSAGE][PASSED] - Delayed 2 second(s)

2022-03-30 15:17:28 - [TEST_STEP][PASSED] - delay(1): Delayed 1 second(s)

2022-03-30 15:17:29 - [MESSAGE][PASSED] - Delayed 1 second(s)

2022-03-30 15:17:29 - [TEST_STEP][PASSED] - click(findTestObject("Input_Corporate/Pengurus/1_a_Pengurus"), OPTIONAL): Object: 'Object Repository/Input_Corporate/Pengurus/1_a_Pengurus' is clicked on

2022-03-30 15:17:30 - [MESSAGE][PASSED] - Object: 'Object Repository/Input_Corporate/Pengurus/1_a_Pengurus' is clicked on

2022-03-30 15:17:30 - [TEST_STEP][PASSED] - delay(1): Delayed 1 second(s)

2022-03-30 15:17:31 - [MESSAGE][PASSED] - Delayed 1 second(s)

2022-03-30 15:17:31 - [TEST_STEP][PASSED] - takeFullPageScreenshotAsCheckpoint(userDir + sprint4WebScreenshootPath + "scenario-2-Input-data-pengurus.png"): Taking screenshot successfully

2022-03-30 15:17:31 - [MESSAGE][INFO] - 0 hidden object(s)

2022-03-30 15:17:31 - [MESSAGE][PASSED] - Taking screenshot successfully
[[ATTACHMENT|D:\PROJECT\BCA\BCAF_MEAPP_i3\BCAF_MEAPP_i3\Screenshoot\Sprint4\Web\keyes\keyes-scenario-2-Input-data-pengurus.png]]

2022-03-30 15:17:31 - [TEST_STEP][PASSED] - markPassed("scenario 2 - Input data pengurus"): scenario 2 - Input data pengurus

2022-03-30 15:17:31 - [MESSAGE][PASSED] - scenario 2 - Input data pengurus

2022-03-30 15:17:31 - [TEST_STEP][PASSED] - delay(1): Delayed 1 second(s)

2022-03-30 15:17:32 - [MESSAGE][PASSED] - Delayed 1 second(s)

2022-03-30 15:17:32 - [TEST_STEP][PASSED] - click(findTestObject("Input_Corporate/Pengurus/2_i_Add_ri-file-add-line ( Add_Pengurus )"), OPTIONAL): Object: 'Object Repository/Input_Corporate/Pengurus/2_i_Add_ri-file-add-line ( Add_Pengurus )' is clicked on

2022-03-30 15:17:33 - [MESSAGE][PASSED] - Object: 'Object Repository/Input_Corporate/Pengurus/2_i_Add_ri-file-add-line ( Add_Pengurus )' is clicked on

2022-03-30 15:17:33 - [TEST_STEP][PASSED] - delay(1): Delayed 1 second(s)

2022-03-30 15:17:34 - [MESSAGE][PASSED] - Delayed 1 second(s)

2022-03-30 15:17:34 - [TEST_STEP][PASSED] - click(findTestObject("Input_Corporate/Pengurus/3_button_Pengurus 1"), OPTIONAL): Object: 'Object Repository/Input_Corporate/Pengurus/3_button_Pengurus 1' is clicked on

2022-03-30 15:17:34 - [MESSAGE][PASSED] - Object: 'Object Repository/Input_Corporate/Pengurus/3_button_Pengurus 1' is clicked on

2022-03-30 15:17:34 - [TEST_STEP][PASSED] - delay(1): Delayed 1 second(s)

2022-03-30 15:17:35 - [MESSAGE][PASSED] - Delayed 1 second(s)

2022-03-30 15:17:35 - [TEST_STEP][PASSED] - takeFullPageScreenshotAsCheckpoint(userDir + sprint4WebScreenshootPath + "scenario-2-Masuk-submenu-data-pengurus-1.png"): Taking screenshot successfully

2022-03-30 15:17:36 - [MESSAGE][INFO] - 0 hidden object(s)

2022-03-30 15:17:37 - [MESSAGE][PASSED] - Taking screenshot successfully
[[ATTACHMENT|D:\PROJECT\BCA\BCAF_MEAPP_i3\BCAF_MEAPP_i3\Screenshoot\Sprint4\Web\keyes\keyes-scenario-2-Masuk-submenu-data-pengurus-1.png]]

2022-03-30 15:17:37 - [TEST_STEP][PASSED] - markPassed("scenario 2 - Masuk submenu data pengurus 1"): scenario 2 - Masuk submenu data pengurus 1

2022-03-30 15:17:37 - [MESSAGE][PASSED] - scenario 2 - Masuk submenu data pengurus 1

2022-03-30 15:17:37 - [TEST_STEP][PASSED] - delay(1): Delayed 1 second(s)

2022-03-30 15:17:38 - [MESSAGE][PASSED] - Delayed 1 second(s)

2022-03-30 15:17:38 - [TEST_STEP][PASSED] - click(findTestObject("Input_Corporate/Pengurus/4_a_Capture File"), OPTIONAL): Object: 'Object Repository/Input_Corporate/Pengurus/4_a_Capture File' is clicked on

2022-03-30 15:17:38 - [MESSAGE][PASSED] - Object: 'Object Repository/Input_Corporate/Pengurus/4_a_Capture File' is clicked on

2022-03-30 15:17:38 - [TEST_STEP][PASSED] - delay(1): Delayed 1 second(s)

2022-03-30 15:17:39 - [MESSAGE][PASSED] - Delayed 1 second(s)

2022-03-30 15:17:39 - [TEST_STEP][PASSED] - uploadFile(findTestObject("Input_Corporate/Capture_"), userDir + cobaKTP, OPTIONAL): File 'D:/PROJECT/BCA/BCAF_MEAPP_i3/BCAF_MEAPP_i3/Assets/ktp_dummy.png' sent to object: 'Object Repository/Input_Corporate/Capture_'

2022-03-30 15:17:39 - [MESSAGE][PASSED] - File 'D:/PROJECT/BCA/BCAF_MEAPP_i3/BCAF_MEAPP_i3/Assets/ktp_dummy.png' sent to object: 'Object Repository/Input_Corporate/Capture_'

2022-03-30 15:17:39 - [TEST_STEP][PASSED] - delay(1): Delayed 1 second(s)

2022-03-30 15:17:40 - [MESSAGE][PASSED] - Delayed 1 second(s)

2022-03-30 15:17:40 - [TEST_STEP][PASSED] - waitForElementClickable(findTestObject("Input_Corporate/Pengurus/5_input_Name_form-control ng-untouched ng-pristine ng-invalid"), 300): Object 'Object Repository/Input_Corporate/Pengurus/5_input_Name_form-control ng-untouched ng-pristine ng-invalid' is clickable

2022-03-30 15:17:50 - [MESSAGE][PASSED] - Object 'Object Repository/Input_Corporate/Pengurus/5_input_Name_form-control ng-untouched ng-pristine ng-invalid' is clickable

2022-03-30 15:17:50 - [TEST_STEP][PASSED] - delay(1): Delayed 1 second(s)

2022-03-30 15:17:51 - [MESSAGE][PASSED] - Delayed 1 second(s)

2022-03-30 15:17:51 - [TEST_STEP][PASSED] - takeFullPageScreenshotAsCheckpoint(userDir + sprint4WebScreenshootPath + "scenario-2-Berhasil-input-otomatis-data-pengurus-berdasarkan-data-capture-ktp-pengurus-yang-di-capture.png"): Taking screenshot successfully

2022-03-30 15:17:52 - [MESSAGE][INFO] - 0 hidden object(s)

2022-03-30 15:17:53 - [MESSAGE][PASSED] - Taking screenshot successfully
[[ATTACHMENT|D:\PROJECT\BCA\BCAF_MEAPP_i3\BCAF_MEAPP_i3\Screenshoot\Sprint4\Web\keyes\keyes-scenario-2-Berhasil-input-otomatis-data-pengurus-berdasarkan-data-capture-ktp-pengurus-yang-di-capture.png]]

2022-03-30 15:17:53 - [TEST_STEP][PASSED] - markPassed("scenario 2 - Berhasil input otomatis data pengurus berdasarkan data capture ktp pengurus yang di capture "): scenario 2 - Berhasil input otomatis data pengurus berdasarkan data capture ktp pengurus yang di capture 

2022-03-30 15:17:53 - [MESSAGE][PASSED] - scenario 2 - Berhasil input otomatis data pengurus berdasarkan data capture ktp pengurus yang di capture 

2022-03-30 15:17:53 - [TEST_STEP][PASSED] - delay(1): Delayed 1 second(s)

2022-03-30 15:17:54 - [MESSAGE][PASSED] - Delayed 1 second(s)

2022-03-30 15:17:54 - [TEST_STEP][PASSED] - setText(findTestObject("Input_Corporate/Pengurus/8_input_SID Pengurus_form-control ng-pristine ng-invalid is-invalid ng-touched"), pengurus_SID, OPTIONAL): Text '3345434656' is set on object 'Object Repository/Input_Corporate/Pengurus/8_input_SID Pengurus_form-control ng-pristine ng-invalid is-invalid ng-touched'

2022-03-30 15:17:54 - [MESSAGE][PASSED] - Text '3345434656' is set on object 'Object Repository/Input_Corporate/Pengurus/8_input_SID Pengurus_form-control ng-pristine ng-invalid is-invalid ng-touched'

2022-03-30 15:17:54 - [TEST_STEP][PASSED] - delay(1): Delayed 1 second(s)

2022-03-30 15:17:55 - [MESSAGE][PASSED] - Delayed 1 second(s)

2022-03-30 15:17:55 - [TEST_STEP][PASSED] - scrollToElement(findTestObject("Input_Corporate/Pengurus/2_i_Add_ri-file-add-line ( Add_Pengurus )"), 30, OPTIONAL): Scroll to object 'Object Repository/Input_Corporate/Pengurus/2_i_Add_ri-file-add-line ( Add_Pengurus )' successfully

2022-03-30 15:17:56 - [MESSAGE][PASSED] - Scroll to object 'Object Repository/Input_Corporate/Pengurus/2_i_Add_ri-file-add-line ( Add_Pengurus )' successfully

2022-03-30 15:17:56 - [TEST_STEP][PASSED] - delay(1): Delayed 1 second(s)

2022-03-30 15:17:57 - [MESSAGE][PASSED] - Delayed 1 second(s)

2022-03-30 15:17:57 - [TEST_STEP][PASSED] - setText(findTestObject("Input_Corporate/Pengurus/15_input_Kode Pos_form-control bcaf-autocomplete ng-pristine ng-invalid ng-touched"), pengurus_kodePos, OPTIONAL): Text '56643' is set on object 'Object Repository/Input_Corporate/Pengurus/15_input_Kode Pos_form-control bcaf-autocomplete ng-pristine ng-invalid ng-touched'

2022-03-30 15:17:57 - [MESSAGE][PASSED] - Text '56643' is set on object 'Object Repository/Input_Corporate/Pengurus/15_input_Kode Pos_form-control bcaf-autocomplete ng-pristine ng-invalid ng-touched'

2022-03-30 15:17:57 - [TEST_STEP][PASSED] - delay(1): Delayed 1 second(s)

2022-03-30 15:17:58 - [MESSAGE][PASSED] - Delayed 1 second(s)

2022-03-30 15:17:58 - [TEST_STEP][PASSED] - click(findTestObject("Input_Corporate/Pengurus/13_div_Pilih Role"), OPTIONAL): Object: 'Object Repository/Input_Corporate/Pengurus/13_div_Pilih Role' is clicked on

2022-03-30 15:17:59 - [MESSAGE][PASSED] - Object: 'Object Repository/Input_Corporate/Pengurus/13_div_Pilih Role' is clicked on

2022-03-30 15:17:59 - [TEST_STEP][PASSED] - delay(1): Delayed 1 second(s)

2022-03-30 15:18:00 - [MESSAGE][PASSED] - Delayed 1 second(s)

2022-03-30 15:18:00 - [TEST_STEP][PASSED] - setText(findTestObject("Input_Corporate/Pengurus/13_div_Pilih Role"), pengurus_role, OPTIONAL): Text 'not set' is set on object 'Object Repository/Input_Corporate/Pengurus/13_div_Pilih Role'

2022-03-30 15:18:01 - [MESSAGE][PASSED] - Text 'not set' is set on object 'Object Repository/Input_Corporate/Pengurus/13_div_Pilih Role'

2022-03-30 15:18:01 - [TEST_STEP][PASSED] - delay(1): Delayed 1 second(s)

2022-03-30 15:18:02 - [MESSAGE][PASSED] - Delayed 1 second(s)

2022-03-30 15:18:02 - [TEST_STEP][PASSED] - click(findTestObject("Input_Corporate/Pengurus/14_div_Not Set"), OPTIONAL): Object: 'Object Repository/Input_Corporate/Pengurus/14_div_Not Set' is clicked on

2022-03-30 15:18:02 - [MESSAGE][PASSED] - Object: 'Object Repository/Input_Corporate/Pengurus/14_div_Not Set' is clicked on

2022-03-30 15:18:02 - [TEST_STEP][PASSED] - delay(1): Delayed 1 second(s)

2022-03-30 15:18:03 - [MESSAGE][PASSED] - Delayed 1 second(s)

2022-03-30 15:18:03 - [TEST_STEP][PASSED] - click(findTestObject("Input_Corporate/Pengurus/21_div_Pilih Jabatan"), OPTIONAL): Object: 'Object Repository/Input_Corporate/Pengurus/21_div_Pilih Jabatan' is clicked on

2022-03-30 15:18:03 - [MESSAGE][PASSED] - Object: 'Object Repository/Input_Corporate/Pengurus/21_div_Pilih Jabatan' is clicked on

2022-03-30 15:18:03 - [TEST_STEP][PASSED] - delay(1): Delayed 1 second(s)

2022-03-30 15:18:04 - [MESSAGE][PASSED] - Delayed 1 second(s)

2022-03-30 15:18:04 - [TEST_STEP][PASSED] - setText(findTestObject("Object Repository/Input_Corporate/Pengurus/21_div_Pilih Jabatan"), pengurus_jabatan, OPTIONAL): Text 'komisaris utama' is set on object 'Object Repository/Input_Corporate/Pengurus/21_div_Pilih Jabatan'

2022-03-30 15:18:05 - [MESSAGE][PASSED] - Text 'komisaris utama' is set on object 'Object Repository/Input_Corporate/Pengurus/21_div_Pilih Jabatan'

2022-03-30 15:18:05 - [TEST_STEP][PASSED] - delay(1): Delayed 1 second(s)

2022-03-30 15:18:06 - [MESSAGE][PASSED] - Delayed 1 second(s)

2022-03-30 15:18:06 - [TEST_STEP][PASSED] - click(findTestObject("Input_Corporate/Pengurus/22_span_Komisaris Utama"), OPTIONAL): Object: 'Object Repository/Input_Corporate/Pengurus/22_span_Komisaris Utama' is clicked on

2022-03-30 15:18:07 - [MESSAGE][PASSED] - Object: 'Object Repository/Input_Corporate/Pengurus/22_span_Komisaris Utama' is clicked on

2022-03-30 15:18:07 - [TEST_STEP][PASSED] - takeFullPageScreenshotAsCheckpoint(userDir + sprint4WebScreenshootPath + "scenario-2-Berhasil-input-otomatis-data-pengurus-1.png"): Taking screenshot successfully

2022-03-30 15:18:08 - [MESSAGE][INFO] - 0 hidden object(s)

2022-03-30 15:18:08 - [MESSAGE][PASSED] - Taking screenshot successfully
[[ATTACHMENT|D:\PROJECT\BCA\BCAF_MEAPP_i3\BCAF_MEAPP_i3\Screenshoot\Sprint4\Web\keyes\keyes-scenario-2-Berhasil-input-otomatis-data-pengurus-1.png]]

2022-03-30 15:18:08 - [TEST_STEP][PASSED] - markPassed("scenario 2 - Berhasil input data pengurus 1"): scenario 2 - Berhasil input data pengurus 1

2022-03-30 15:18:08 - [MESSAGE][PASSED] - scenario 2 - Berhasil input data pengurus 1

2022-03-30 15:18:08 - [TEST_STEP][PASSED] - delay(1): Delayed 1 second(s)

2022-03-30 15:18:09 - [MESSAGE][PASSED] - Delayed 1 second(s)

2022-03-30 15:18:09 - [TEST_STEP][PASSED] - delay(1): Delayed 1 second(s)

2022-03-30 15:18:10 - [MESSAGE][PASSED] - Delayed 1 second(s)

2022-03-30 15:18:10 - [TEST_STEP][PASSED] - scrollToPosition(0, 133, OPTIONAL): Browser is scrolled to position x = 0, y = 133

2022-03-30 15:18:10 - [MESSAGE][PASSED] - Browser is scrolled to position x = 0, y = 133

2022-03-30 15:18:10 - [TEST_STEP][PASSED] - delay(1): Delayed 1 second(s)

2022-03-30 15:18:11 - [MESSAGE][PASSED] - Delayed 1 second(s)

2022-03-30 15:18:11 - [TEST_STEP][PASSED] - click(findTestObject("Input_Corporate/Pemegang_saham/1_a_Pemegang Saham"), OPTIONAL): Object: 'Object Repository/Input_Corporate/Pemegang_saham/1_a_Pemegang Saham' is clicked on

2022-03-30 15:18:12 - [MESSAGE][PASSED] - Object: 'Object Repository/Input_Corporate/Pemegang_saham/1_a_Pemegang Saham' is clicked on

2022-03-30 15:18:12 - [TEST_STEP][PASSED] - delay(1): Delayed 1 second(s)

2022-03-30 15:18:13 - [MESSAGE][PASSED] - Delayed 1 second(s)

2022-03-30 15:18:13 - [TEST_STEP][PASSED] - takeFullPageScreenshotAsCheckpoint(userDir + sprint4WebScreenshootPath + "scenario-2-Masuk-Submenu-pemegang-saham-1.png"): Taking screenshot successfully

2022-03-30 15:18:13 - [MESSAGE][INFO] - 0 hidden object(s)

2022-03-30 15:18:13 - [MESSAGE][PASSED] - Taking screenshot successfully
[[ATTACHMENT|D:\PROJECT\BCA\BCAF_MEAPP_i3\BCAF_MEAPP_i3\Screenshoot\Sprint4\Web\keyes\keyes-scenario-2-Masuk-Submenu-pemegang-saham-1.png]]

2022-03-30 15:18:13 - [TEST_STEP][PASSED] - markPassed("scenario 2 - Berhasil masuk menu pemegang saham "): scenario 2 - Berhasil masuk menu pemegang saham 

2022-03-30 15:18:13 - [MESSAGE][PASSED] - scenario 2 - Berhasil masuk menu pemegang saham 

2022-03-30 15:18:13 - [TEST_STEP][PASSED] - delay(1): Delayed 1 second(s)

2022-03-30 15:18:14 - [MESSAGE][PASSED] - Delayed 1 second(s)

2022-03-30 15:18:14 - [TEST_STEP][PASSED] - click(findTestObject("Input_Corporate/Pemegang_saham/2_a_Add"), OPTIONAL): Object: 'Object Repository/Input_Corporate/Pemegang_saham/2_a_Add' is clicked on

2022-03-30 15:18:15 - [MESSAGE][PASSED] - Object: 'Object Repository/Input_Corporate/Pemegang_saham/2_a_Add' is clicked on

2022-03-30 15:18:15 - [TEST_STEP][PASSED] - delay(1): Delayed 1 second(s)

2022-03-30 15:18:16 - [MESSAGE][PASSED] - Delayed 1 second(s)

2022-03-30 15:18:16 - [TEST_STEP][PASSED] - click(findTestObject("Input_Corporate/Pemegang_saham/input_Perorangan_radios"), OPTIONAL): Object: 'Object Repository/Input_Corporate/Pemegang_saham/input_Perorangan_radios' is clicked on

2022-03-30 15:18:16 - [MESSAGE][PASSED] - Object: 'Object Repository/Input_Corporate/Pemegang_saham/input_Perorangan_radios' is clicked on

2022-03-30 15:18:16 - [TEST_STEP][PASSED] - click(findTestObject("Input_Corporate/Pemegang_saham/input_Jenis Pemegang Saham_radios"), OPTIONAL): Object: 'Object Repository/Input_Corporate/Pemegang_saham/input_Jenis Pemegang Saham_radios' is clicked on

2022-03-30 15:18:17 - [MESSAGE][PASSED] - Object: 'Object Repository/Input_Corporate/Pemegang_saham/input_Jenis Pemegang Saham_radios' is clicked on

2022-03-30 15:18:17 - [TEST_STEP][PASSED] - delay(1): Delayed 1 second(s)

2022-03-30 15:18:18 - [MESSAGE][PASSED] - Delayed 1 second(s)

2022-03-30 15:18:18 - [TEST_STEP][PASSED] - takeFullPageScreenshotAsCheckpoint(userDir + sprint4WebScreenshootPath + "scenario-2-Memilih-radio-button-pemegang-saham.png"): Taking screenshot successfully

2022-03-30 15:18:18 - [MESSAGE][INFO] - 0 hidden object(s)

2022-03-30 15:18:19 - [MESSAGE][PASSED] - Taking screenshot successfully
[[ATTACHMENT|D:\PROJECT\BCA\BCAF_MEAPP_i3\BCAF_MEAPP_i3\Screenshoot\Sprint4\Web\keyes\keyes-scenario-2-Memilih-radio-button-pemegang-saham.png]]

2022-03-30 15:18:19 - [TEST_STEP][PASSED] - markPassed("scenario 2 - Memilih radio button pemegang saham"): scenario 2 - Memilih radio button pemegang saham

2022-03-30 15:18:19 - [MESSAGE][PASSED] - scenario 2 - Memilih radio button pemegang saham

2022-03-30 15:18:19 - [TEST_STEP][PASSED] - delay(1): Delayed 1 second(s)

2022-03-30 15:18:20 - [MESSAGE][PASSED] - Delayed 1 second(s)

2022-03-30 15:18:20 - [TEST_STEP][PASSED] - click(findTestObject("Input_Corporate/Pemegang_saham/4_button_OK"), OPTIONAL): Object: 'Object Repository/Input_Corporate/Pemegang_saham/4_button_OK' is clicked on

2022-03-30 15:18:20 - [MESSAGE][PASSED] - Object: 'Object Repository/Input_Corporate/Pemegang_saham/4_button_OK' is clicked on

2022-03-30 15:18:20 - [TEST_STEP][PASSED] - delay(1): Delayed 1 second(s)

2022-03-30 15:18:21 - [MESSAGE][PASSED] - Delayed 1 second(s)

2022-03-30 15:18:21 - [TEST_STEP][PASSED] - click(findTestObject("Input_Corporate/Pemegang_saham/5_button_Pemegang Saham 1"), OPTIONAL): Object: 'Object Repository/Input_Corporate/Pemegang_saham/5_button_Pemegang Saham 1' is clicked on

2022-03-30 15:18:21 - [MESSAGE][PASSED] - Object: 'Object Repository/Input_Corporate/Pemegang_saham/5_button_Pemegang Saham 1' is clicked on

2022-03-30 15:18:21 - [TEST_STEP][PASSED] - delay(1): Delayed 1 second(s)

2022-03-30 15:18:22 - [MESSAGE][PASSED] - Delayed 1 second(s)

2022-03-30 15:18:22 - [TEST_STEP][PASSED] - takeFullPageScreenshotAsCheckpoint(userDir + sprint4WebScreenshootPath + "scenario-2-Masuk-Submenu-pemegang-saham-1.png"): Taking screenshot successfully

2022-03-30 15:18:23 - [MESSAGE][INFO] - 0 hidden object(s)

2022-03-30 15:18:24 - [MESSAGE][PASSED] - Taking screenshot successfully
[[ATTACHMENT|D:\PROJECT\BCA\BCAF_MEAPP_i3\BCAF_MEAPP_i3\Screenshoot\Sprint4\Web\keyes\keyes-scenario-2-Masuk-Submenu-pemegang-saham-1.png]]

2022-03-30 15:18:24 - [TEST_STEP][PASSED] - markPassed("scenario 2 - Masuk submenu pemegang saham 1"): scenario 2 - Masuk submenu pemegang saham 1

2022-03-30 15:18:24 - [MESSAGE][PASSED] - scenario 2 - Masuk submenu pemegang saham 1

2022-03-30 15:18:24 - [TEST_STEP][PASSED] - delay(1): Delayed 1 second(s)

2022-03-30 15:18:25 - [MESSAGE][PASSED] - Delayed 1 second(s)

2022-03-30 15:18:25 - [TEST_STEP][PASSED] - click(findTestObject("Input_Corporate/Pemegang_saham/6_a_Capture File"), OPTIONAL): Object: 'Object Repository/Input_Corporate/Pemegang_saham/6_a_Capture File' is clicked on

2022-03-30 15:18:25 - [MESSAGE][PASSED] - Object: 'Object Repository/Input_Corporate/Pemegang_saham/6_a_Capture File' is clicked on

2022-03-30 15:18:25 - [TEST_STEP][PASSED] - delay(1): Delayed 1 second(s)

2022-03-30 15:18:26 - [MESSAGE][PASSED] - Delayed 1 second(s)

2022-03-30 15:18:26 - [TEST_STEP][PASSED] - uploadFile(findTestObject("Input_Corporate/Capture_"), userDir + cobaKTP, OPTIONAL): File 'D:/PROJECT/BCA/BCAF_MEAPP_i3/BCAF_MEAPP_i3/Assets/ktp_dummy.png' sent to object: 'Object Repository/Input_Corporate/Capture_'

2022-03-30 15:18:26 - [MESSAGE][PASSED] - File 'D:/PROJECT/BCA/BCAF_MEAPP_i3/BCAF_MEAPP_i3/Assets/ktp_dummy.png' sent to object: 'Object Repository/Input_Corporate/Capture_'

2022-03-30 15:18:26 - [TEST_STEP][PASSED] - delay(1): Delayed 1 second(s)

2022-03-30 15:18:27 - [MESSAGE][PASSED] - Delayed 1 second(s)

2022-03-30 15:18:27 - [TEST_STEP][PASSED] - scrollToPosition(0, 200, OPTIONAL): Browser is scrolled to position x = 0, y = 200

2022-03-30 15:18:28 - [MESSAGE][PASSED] - Browser is scrolled to position x = 0, y = 200

2022-03-30 15:18:28 - [TEST_STEP][PASSED] - delay(1): Delayed 1 second(s)

2022-03-30 15:18:29 - [MESSAGE][PASSED] - Delayed 1 second(s)

2022-03-30 15:18:29 - [TEST_STEP][PASSED] - setText(findTestObject("Object Repository/Input_Corporate/Pemegang_saham/input_Kode Pos_2"), pemegangShm_kodePos): Text '12345' is set on object 'Object Repository/Input_Corporate/Pemegang_saham/input_Kode Pos_2'

2022-03-30 15:18:37 - [MESSAGE][PASSED] - Text '12345' is set on object 'Object Repository/Input_Corporate/Pemegang_saham/input_Kode Pos_2'

2022-03-30 15:18:37 - [TEST_STEP][PASSED] - delay(1): Delayed 1 second(s)

2022-03-30 15:18:39 - [MESSAGE][PASSED] - Delayed 1 second(s)

2022-03-30 15:18:39 - [TEST_STEP][PASSED] - scrollToPosition(0, 133, OPTIONAL): Browser is scrolled to position x = 0, y = 133

2022-03-30 15:18:39 - [MESSAGE][PASSED] - Browser is scrolled to position x = 0, y = 133

2022-03-30 15:18:39 - [TEST_STEP][PASSED] - click(findTestObject("Input_Corporate/Penjamin/1_a_Penjamin"), OPTIONAL): Object: 'Object Repository/Input_Corporate/Penjamin/1_a_Penjamin' is clicked on

2022-03-30 15:18:39 - [MESSAGE][PASSED] - Object: 'Object Repository/Input_Corporate/Penjamin/1_a_Penjamin' is clicked on

2022-03-30 15:18:39 - [TEST_STEP][PASSED] - delay(1): Delayed 1 second(s)

2022-03-30 15:18:40 - [MESSAGE][PASSED] - Delayed 1 second(s)

2022-03-30 15:18:40 - [TEST_STEP][PASSED] - click(findTestObject("Input_Corporate/Penjamin/2_input_Ya_guarantor_Tidak"), OPTIONAL): Object: 'Object Repository/Input_Corporate/Penjamin/2_input_Ya_guarantor_Tidak' is clicked on

2022-03-30 15:18:40 - [MESSAGE][PASSED] - Object: 'Object Repository/Input_Corporate/Penjamin/2_input_Ya_guarantor_Tidak' is clicked on

2022-03-30 15:18:40 - [TEST_STEP][PASSED] - delay(1): Delayed 1 second(s)

2022-03-30 15:18:42 - [MESSAGE][PASSED] - Delayed 1 second(s)

2022-03-30 15:18:42 - [TEST_STEP][PASSED] - takeFullPageScreenshotAsCheckpoint(userDir + sprint4WebScreenshootPath + "scenario-2-Berhasil-pemegang-saham-1.png"): Taking screenshot successfully

2022-03-30 15:18:42 - [MESSAGE][INFO] - 0 hidden object(s)

2022-03-30 15:18:42 - [MESSAGE][PASSED] - Taking screenshot successfully
[[ATTACHMENT|D:\PROJECT\BCA\BCAF_MEAPP_i3\BCAF_MEAPP_i3\Screenshoot\Sprint4\Web\keyes\keyes-scenario-2-Berhasil-pemegang-saham-1.png]]

2022-03-30 15:18:42 - [TEST_STEP][PASSED] - markPassed("scenario 2 - Berhasil input pemegang saham 1"): scenario 2 - Berhasil input pemegang saham 1

2022-03-30 15:18:42 - [MESSAGE][PASSED] - scenario 2 - Berhasil input pemegang saham 1

2022-03-30 15:18:42 - [TEST_STEP][PASSED] - delay(1): Delayed 1 second(s)

2022-03-30 15:18:43 - [MESSAGE][PASSED] - Delayed 1 second(s)

2022-03-30 15:18:43 - [TEST_STEP][PASSED] - click(findTestObject("Input_Corporate/Financial/li_Financial"), OPTIONAL): Object: 'Object Repository/Input_Corporate/Financial/li_Financial' is clicked on

2022-03-30 15:18:44 - [MESSAGE][PASSED] - Object: 'Object Repository/Input_Corporate/Financial/li_Financial' is clicked on

2022-03-30 15:18:44 - [TEST_STEP][PASSED] - delay(1): Delayed 1 second(s)

2022-03-30 15:18:45 - [MESSAGE][PASSED] - Delayed 1 second(s)

2022-03-30 15:18:45 - [TEST_STEP][PASSED] - takeFullPageScreenshotAsCheckpoint(userDir + sprint4WebScreenshootPath + "scenario-2-Masuk-Submenu-financial.png"): Taking screenshot successfully

2022-03-30 15:18:45 - [MESSAGE][INFO] - 0 hidden object(s)

2022-03-30 15:18:46 - [MESSAGE][PASSED] - Taking screenshot successfully
[[ATTACHMENT|D:\PROJECT\BCA\BCAF_MEAPP_i3\BCAF_MEAPP_i3\Screenshoot\Sprint4\Web\keyes\keyes-scenario-2-Masuk-Submenu-financial.png]]

2022-03-30 15:18:46 - [TEST_STEP][PASSED] - markPassed("scenario 2 - Masuk submenu financial"): scenario 2 - Masuk submenu financial

2022-03-30 15:18:46 - [MESSAGE][PASSED] - scenario 2 - Masuk submenu financial

2022-03-30 15:18:46 - [TEST_STEP][PASSED] - delay(1): Delayed 1 second(s)

2022-03-30 15:18:47 - [MESSAGE][PASSED] - Delayed 1 second(s)

2022-03-30 15:18:47 - [TEST_STEP][PASSED] - click(findTestObject("Input_Corporate/Financial/button_Laporan Keuangan"), OPTIONAL): Object: 'Object Repository/Input_Corporate/Financial/button_Laporan Keuangan' is clicked on

2022-03-30 15:18:47 - [MESSAGE][PASSED] - Object: 'Object Repository/Input_Corporate/Financial/button_Laporan Keuangan' is clicked on

2022-03-30 15:18:47 - [TEST_STEP][PASSED] - delay(1): Delayed 1 second(s)

2022-03-30 15:18:48 - [MESSAGE][PASSED] - Delayed 1 second(s)

2022-03-30 15:18:48 - [TEST_STEP][PASSED] - click(findTestObject("Input_Corporate/Financial/a_Capture File"), OPTIONAL): Object: 'Object Repository/Input_Corporate/Financial/a_Capture File' is clicked on

2022-03-30 15:18:49 - [MESSAGE][PASSED] - Object: 'Object Repository/Input_Corporate/Financial/a_Capture File' is clicked on

2022-03-30 15:18:49 - [TEST_STEP][PASSED] - delay(1): Delayed 1 second(s)

2022-03-30 15:18:50 - [MESSAGE][PASSED] - Delayed 1 second(s)

2022-03-30 15:18:50 - [TEST_STEP][PASSED] - uploadFile(findTestObject("Input_Corporate/Capture_"), userDir + cobaKTP, OPTIONAL): File 'D:/PROJECT/BCA/BCAF_MEAPP_i3/BCAF_MEAPP_i3/Assets/ktp_dummy.png' sent to object: 'Object Repository/Input_Corporate/Capture_'

2022-03-30 15:18:50 - [MESSAGE][PASSED] - File 'D:/PROJECT/BCA/BCAF_MEAPP_i3/BCAF_MEAPP_i3/Assets/ktp_dummy.png' sent to object: 'Object Repository/Input_Corporate/Capture_'

2022-03-30 15:18:50 - [TEST_STEP][PASSED] - delay(1): Delayed 1 second(s)

2022-03-30 15:18:51 - [MESSAGE][PASSED] - Delayed 1 second(s)

2022-03-30 15:18:51 - [TEST_STEP][PASSED] - takeFullPageScreenshotAsCheckpoint(userDir + sprint4WebScreenshootPath + "scenario-2-berhasil-input-capture-laporan-keuangan.png"): Taking screenshot successfully

2022-03-30 15:18:52 - [MESSAGE][INFO] - 0 hidden object(s)

2022-03-30 15:18:52 - [MESSAGE][PASSED] - Taking screenshot successfully
[[ATTACHMENT|D:\PROJECT\BCA\BCAF_MEAPP_i3\BCAF_MEAPP_i3\Screenshoot\Sprint4\Web\keyes\keyes-scenario-2-berhasil-input-capture-laporan-keuangan.png]]

2022-03-30 15:18:52 - [TEST_STEP][PASSED] - markPassed("scenario 2 - berhasil input capture laporan keuangan"): scenario 2 - berhasil input capture laporan keuangan

2022-03-30 15:18:52 - [MESSAGE][PASSED] - scenario 2 - berhasil input capture laporan keuangan

2022-03-30 15:18:52 - [TEST_STEP][PASSED] - delay(1): Delayed 1 second(s)

2022-03-30 15:18:53 - [MESSAGE][PASSED] - Delayed 1 second(s)

2022-03-30 15:18:53 - [TEST_STEP][PASSED] - click(findTestObject("Input_Corporate/Financial/button_Bukti Kepemilikan Rekening"), OPTIONAL): Object: 'Object Repository/Input_Corporate/Financial/button_Bukti Kepemilikan Rekening' is clicked on

2022-03-30 15:18:53 - [MESSAGE][PASSED] - Object: 'Object Repository/Input_Corporate/Financial/button_Bukti Kepemilikan Rekening' is clicked on

2022-03-30 15:18:53 - [TEST_STEP][PASSED] - delay(1): Delayed 1 second(s)

2022-03-30 15:18:54 - [MESSAGE][PASSED] - Delayed 1 second(s)

2022-03-30 15:18:54 - [TEST_STEP][PASSED] - click(findTestObject("Input_Corporate/Financial/a_Capture File"), OPTIONAL): Object: 'Object Repository/Input_Corporate/Financial/a_Capture File' is clicked on

2022-03-30 15:18:55 - [MESSAGE][PASSED] - Object: 'Object Repository/Input_Corporate/Financial/a_Capture File' is clicked on

2022-03-30 15:18:55 - [TEST_STEP][PASSED] - delay(1): Delayed 1 second(s)

2022-03-30 15:18:56 - [MESSAGE][PASSED] - Delayed 1 second(s)

2022-03-30 15:18:56 - [TEST_STEP][PASSED] - uploadFile(findTestObject("Input_Corporate/Capture_"), userDir + cobaKTP, OPTIONAL): File 'D:/PROJECT/BCA/BCAF_MEAPP_i3/BCAF_MEAPP_i3/Assets/ktp_dummy.png' sent to object: 'Object Repository/Input_Corporate/Capture_'

2022-03-30 15:18:56 - [MESSAGE][PASSED] - File 'D:/PROJECT/BCA/BCAF_MEAPP_i3/BCAF_MEAPP_i3/Assets/ktp_dummy.png' sent to object: 'Object Repository/Input_Corporate/Capture_'

2022-03-30 15:18:56 - [TEST_STEP][PASSED] - delay(1): Delayed 1 second(s)

2022-03-30 15:18:57 - [MESSAGE][PASSED] - Delayed 1 second(s)

2022-03-30 15:18:57 - [TEST_STEP][PASSED] - takeFullPageScreenshotAsCheckpoint(userDir + sprint4WebScreenshootPath + "scenario-2-behasil-input-capture-laporan-bukti-kepemilikan.png"): Taking screenshot successfully

2022-03-30 15:18:58 - [MESSAGE][INFO] - 0 hidden object(s)

2022-03-30 15:18:58 - [MESSAGE][PASSED] - Taking screenshot successfully
[[ATTACHMENT|D:\PROJECT\BCA\BCAF_MEAPP_i3\BCAF_MEAPP_i3\Screenshoot\Sprint4\Web\keyes\keyes-scenario-2-behasil-input-capture-laporan-bukti-kepemilikan.png]]

2022-03-30 15:18:58 - [TEST_STEP][PASSED] - markPassed("scenario 2 - berhasil input capture laporan bukti kepemilikan"): scenario 2 - berhasil input capture laporan bukti kepemilikan

2022-03-30 15:18:58 - [MESSAGE][PASSED] - scenario 2 - berhasil input capture laporan bukti kepemilikan

2022-03-30 15:18:58 - [TEST_STEP][PASSED] - delay(1): Delayed 1 second(s)

2022-03-30 15:18:59 - [MESSAGE][PASSED] - Delayed 1 second(s)

2022-03-30 15:18:59 - [TEST_STEP][PASSED] - setText(findTestObject("Input_Corporate/Financial/input_BCA Branch_form-control ng-untouched ng-pristine ng-valid"), financial_BCABranch, OPTIONAL): Text 'BCA' is set on object 'Object Repository/Input_Corporate/Financial/input_BCA Branch_form-control ng-untouched ng-pristine ng-valid'

2022-03-30 15:19:00 - [MESSAGE][PASSED] - Text 'BCA' is set on object 'Object Repository/Input_Corporate/Financial/input_BCA Branch_form-control ng-untouched ng-pristine ng-valid'

2022-03-30 15:19:00 - [TEST_STEP][PASSED] - delay(1): Delayed 1 second(s)

2022-03-30 15:19:01 - [MESSAGE][PASSED] - Delayed 1 second(s)

2022-03-30 15:19:01 - [TEST_STEP][PASSED] - setText(findTestObject("Input_Corporate/Financial/input_Account No. 10 Digit_form-control ng-untouched ng-pristine ng-valid"), financial_rekNum, OPTIONAL): Text '2343235657' is set on object 'Object Repository/Input_Corporate/Financial/input_Account No. 10 Digit_form-control ng-untouched ng-pristine ng-valid'

2022-03-30 15:19:02 - [MESSAGE][PASSED] - Text '2343235657' is set on object 'Object Repository/Input_Corporate/Financial/input_Account No. 10 Digit_form-control ng-untouched ng-pristine ng-valid'

2022-03-30 15:19:02 - [TEST_STEP][PASSED] - delay(1): Delayed 1 second(s)

2022-03-30 15:19:03 - [MESSAGE][PASSED] - Delayed 1 second(s)

2022-03-30 15:19:03 - [TEST_STEP][PASSED] - takeFullPageScreenshotAsCheckpoint(userDir + sprint4WebScreenshootPath + "scenario-2-berhasil-input-branch-dan-account-10digit-pada-submenu-financial.png"): Taking screenshot successfully

2022-03-30 15:19:04 - [MESSAGE][INFO] - 0 hidden object(s)

2022-03-30 15:19:04 - [MESSAGE][PASSED] - Taking screenshot successfully
[[ATTACHMENT|D:\PROJECT\BCA\BCAF_MEAPP_i3\BCAF_MEAPP_i3\Screenshoot\Sprint4\Web\keyes\keyes-scenario-2-berhasil-input-branch-dan-account-10digit-pada-submenu-financial.png]]

2022-03-30 15:19:04 - [TEST_STEP][PASSED] - markPassed("scenario 2 - berhasil input branch dan account 10 digit pada submenu financial"): scenario 2 - berhasil input branch dan account 10 digit pada submenu financial

2022-03-30 15:19:04 - [MESSAGE][PASSED] - scenario 2 - berhasil input branch dan account 10 digit pada submenu financial

2022-03-30 15:19:04 - [TEST_STEP][PASSED] - delay(1): Delayed 1 second(s)

2022-03-30 15:19:05 - [MESSAGE][PASSED] - Delayed 1 second(s)

2022-03-30 15:19:05 - [TEST_STEP][PASSED] - click(findTestObject("Input_Corporate/Contact_Person/a_Contact Person"), OPTIONAL): Object: 'Object Repository/Input_Corporate/Contact_Person/a_Contact Person' is clicked on

2022-03-30 15:19:06 - [MESSAGE][PASSED] - Object: 'Object Repository/Input_Corporate/Contact_Person/a_Contact Person' is clicked on

2022-03-30 15:19:06 - [TEST_STEP][PASSED] - delay(1): Delayed 1 second(s)

2022-03-30 15:19:07 - [MESSAGE][PASSED] - Delayed 1 second(s)

2022-03-30 15:19:07 - [TEST_STEP][PASSED] - click(findTestObject("Input_Corporate/Contact_Person/input_Yes_inline-radios_No"), OPTIONAL): Object: 'Object Repository/Input_Corporate/Contact_Person/input_Yes_inline-radios_No' is clicked on

2022-03-30 15:19:07 - [MESSAGE][PASSED] - Object: 'Object Repository/Input_Corporate/Contact_Person/input_Yes_inline-radios_No' is clicked on

2022-03-30 15:19:07 - [TEST_STEP][PASSED] - delay(1): Delayed 1 second(s)

2022-03-30 15:19:08 - [MESSAGE][PASSED] - Delayed 1 second(s)

2022-03-30 15:19:08 - [TEST_STEP][PASSED] - takeFullPageScreenshotAsCheckpoint(userDir + sprint4WebScreenshootPath + "scenario-2-berhasil-input-contact-person.png"): Taking screenshot successfully

2022-03-30 15:19:09 - [MESSAGE][INFO] - 0 hidden object(s)

2022-03-30 15:19:09 - [MESSAGE][PASSED] - Taking screenshot successfully
[[ATTACHMENT|D:\PROJECT\BCA\BCAF_MEAPP_i3\BCAF_MEAPP_i3\Screenshoot\Sprint4\Web\keyes\keyes-scenario-2-berhasil-input-contact-person.png]]

2022-03-30 15:19:09 - [TEST_STEP][PASSED] - markPassed("scenario 2 - berhasil input contact person"): scenario 2 - berhasil input contact person

2022-03-30 15:19:09 - [MESSAGE][PASSED] - scenario 2 - berhasil input contact person

2022-03-30 15:19:09 - [TEST_STEP][PASSED] - delay(1): Delayed 1 second(s)

2022-03-30 15:19:10 - [MESSAGE][PASSED] - Delayed 1 second(s)

2022-03-30 15:19:10 - [TEST_STEP][PASSED] - click(findTestObject("Input_Corporate/Other_Document/a_Other Document"), OPTIONAL): Object: 'Object Repository/Input_Corporate/Other_Document/a_Other Document' is clicked on

2022-03-30 15:19:11 - [MESSAGE][PASSED] - Object: 'Object Repository/Input_Corporate/Other_Document/a_Other Document' is clicked on

2022-03-30 15:19:11 - [TEST_STEP][PASSED] - delay(1): Delayed 1 second(s)

2022-03-30 15:19:12 - [MESSAGE][PASSED] - Delayed 1 second(s)

2022-03-30 15:19:12 - [TEST_STEP][PASSED] - takeFullPageScreenshotAsCheckpoint(userDir + sprint4WebScreenshootPath + "scenario-2-Masuk-menu-other-document.png"): Taking screenshot successfully

2022-03-30 15:19:12 - [MESSAGE][INFO] - 0 hidden object(s)

2022-03-30 15:19:12 - [MESSAGE][PASSED] - Taking screenshot successfully
[[ATTACHMENT|D:\PROJECT\BCA\BCAF_MEAPP_i3\BCAF_MEAPP_i3\Screenshoot\Sprint4\Web\keyes\keyes-scenario-2-Masuk-menu-other-document.png]]

2022-03-30 15:19:12 - [TEST_STEP][PASSED] - markPassed("scenario 2 - Masuk menu other document"): scenario 2 - Masuk menu other document

2022-03-30 15:19:12 - [MESSAGE][PASSED] - scenario 2 - Masuk menu other document

2022-03-30 15:19:12 - [TEST_STEP][PASSED] - delay(1): Delayed 1 second(s)

2022-03-30 15:19:13 - [MESSAGE][PASSED] - Delayed 1 second(s)]]></system-out>
         <system-err><![CDATA[]]></system-err>
      </testcase>
      <testcase name="Test Cases/Sprint 4/Skenario 2/02-03-01-Transaction-AppPending-InputData-Information" time="67.301" classname="Test Cases/Sprint 4/Skenario 2/02-03-01-Transaction-AppPending-InputData-Information" status="PASSED">
         <system-out><![CDATA[2022-03-30 15:19:13 - [TEST_CASE][PASSED] - Test Cases/Sprint 4/Skenario 2/02-03-01-Transaction-AppPending-InputData-Information: Test Cases/Sprint 4/Skenario 2/02-03-01-Transaction-AppPending-InputData-Information

2022-03-30 15:19:14 - [TEST_STEP][PASSED] - userDir = getProjectDir(): null

2022-03-30 15:19:14 - [TEST_STEP][PASSED] - delay(1): Delayed 1 second(s)

2022-03-30 15:19:15 - [MESSAGE][PASSED] - Delayed 1 second(s)

2022-03-30 15:19:15 - [TEST_STEP][PASSED] - click(findTestObject("ME_AppPending/span_Collateral dan Loan")): Object: 'Object Repository/ME_AppPending/span_Collateral dan Loan' is clicked on

2022-03-30 15:19:15 - [MESSAGE][PASSED] - Object: 'Object Repository/ME_AppPending/span_Collateral dan Loan' is clicked on

2022-03-30 15:19:15 - [TEST_STEP][PASSED] - delay(1): Delayed 1 second(s)

2022-03-30 15:19:16 - [MESSAGE][PASSED] - Delayed 1 second(s)

2022-03-30 15:19:16 - [TEST_STEP][PASSED] - takeFullPageScreenshotAsCheckpoint(userDir + sprint4WebScreenshootPath + "scenario-2-masuk-menu-collateral-dan-loan.png"): Taking screenshot successfully

2022-03-30 15:19:17 - [MESSAGE][INFO] - 0 hidden object(s)

2022-03-30 15:19:17 - [MESSAGE][PASSED] - Taking screenshot successfully
[[ATTACHMENT|D:\PROJECT\BCA\BCAF_MEAPP_i3\BCAF_MEAPP_i3\Screenshoot\Sprint4\Web\keyes\keyes-scenario-2-masuk-menu-collateral-dan-loan.png]]

2022-03-30 15:19:17 - [TEST_STEP][PASSED] - markPassed("scenario 2 - Masuk menu collateral dan loan"): scenario 2 - Masuk menu collateral dan loan

2022-03-30 15:19:17 - [MESSAGE][PASSED] - scenario 2 - Masuk menu collateral dan loan

2022-03-30 15:19:17 - [TEST_STEP][PASSED] - delay(1): Delayed 1 second(s)

2022-03-30 15:19:18 - [MESSAGE][PASSED] - Delayed 1 second(s)

2022-03-30 15:19:18 - [TEST_STEP][PASSED] - click(findTestObject("ME_CollateralandLoan_information/li_Information")): Object: 'Object Repository/ME_CollateralandLoan_information/li_Information' is clicked on

2022-03-30 15:19:19 - [MESSAGE][PASSED] - Object: 'Object Repository/ME_CollateralandLoan_information/li_Information' is clicked on

2022-03-30 15:19:19 - [TEST_STEP][PASSED] - delay(1): Delayed 1 second(s)

2022-03-30 15:19:20 - [MESSAGE][PASSED] - Delayed 1 second(s)

2022-03-30 15:19:20 - [TEST_STEP][PASSED] - click(findTestObject("ME_CollateralandLoan_information/input_jenispengajuan1"), OPTIONAL): Object: 'Object Repository/ME_CollateralandLoan_information/input_jenispengajuan1' is clicked on

2022-03-30 15:19:20 - [MESSAGE][PASSED] - Object: 'Object Repository/ME_CollateralandLoan_information/input_jenispengajuan1' is clicked on

2022-03-30 15:19:20 - [TEST_STEP][PASSED] - delay(1): Delayed 1 second(s)

2022-03-30 15:19:21 - [MESSAGE][PASSED] - Delayed 1 second(s)

2022-03-30 15:19:21 - [TEST_STEP][PASSED] - setText(findTestObject("ME_CollateralandLoan_information/input_jenispengajuan1"), information_jenisPengajuan, OPTIONAL): Text 'mobil bekas' is set on object 'Object Repository/ME_CollateralandLoan_information/input_jenispengajuan1'

2022-03-30 15:19:22 - [MESSAGE][PASSED] - Text 'mobil bekas' is set on object 'Object Repository/ME_CollateralandLoan_information/input_jenispengajuan1'

2022-03-30 15:19:22 - [TEST_STEP][PASSED] - delay(1): Delayed 1 second(s)

2022-03-30 15:19:23 - [MESSAGE][PASSED] - Delayed 1 second(s)

2022-03-30 15:19:23 - [TEST_STEP][PASSED] - takeFullPageScreenshotAsCheckpoint(userDir + sprint4WebScreenshootPath + "scenario-2-input-jenis-pengajuan.png"): Taking screenshot successfully

2022-03-30 15:19:24 - [MESSAGE][INFO] - 0 hidden object(s)

2022-03-30 15:19:24 - [MESSAGE][PASSED] - Taking screenshot successfully
[[ATTACHMENT|D:\PROJECT\BCA\BCAF_MEAPP_i3\BCAF_MEAPP_i3\Screenshoot\Sprint4\Web\keyes\keyes-scenario-2-input-jenis-pengajuan.png]]

2022-03-30 15:19:24 - [TEST_STEP][PASSED] - markPassed("scenario 2 - Input Jenis Pengajuan"): scenario 2 - Input Jenis Pengajuan

2022-03-30 15:19:24 - [MESSAGE][PASSED] - scenario 2 - Input Jenis Pengajuan

2022-03-30 15:19:24 - [TEST_STEP][PASSED] - delay(1): Delayed 1 second(s)

2022-03-30 15:19:25 - [MESSAGE][PASSED] - Delayed 1 second(s)

2022-03-30 15:19:25 - [TEST_STEP][PASSED] - click(findTestObject("ME_CollateralandLoan_information/div_Mobil Bekas")): Object: 'Object Repository/ME_CollateralandLoan_information/div_Mobil Bekas' is clicked on

2022-03-30 15:19:25 - [MESSAGE][PASSED] - Object: 'Object Repository/ME_CollateralandLoan_information/div_Mobil Bekas' is clicked on

2022-03-30 15:19:25 - [TEST_STEP][PASSED] - delay(1): Delayed 1 second(s)

2022-03-30 15:19:26 - [MESSAGE][PASSED] - Delayed 1 second(s)

2022-03-30 15:19:26 - [TEST_STEP][PASSED] - click(findTestObject("ME_CollateralandLoan_information/input_tujuankredit"), OPTIONAL): Object: 'Object Repository/ME_CollateralandLoan_information/input_tujuankredit' is clicked on

2022-03-30 15:19:27 - [MESSAGE][PASSED] - Object: 'Object Repository/ME_CollateralandLoan_information/input_tujuankredit' is clicked on

2022-03-30 15:19:27 - [TEST_STEP][PASSED] - delay(1): Delayed 1 second(s)

2022-03-30 15:19:28 - [MESSAGE][PASSED] - Delayed 1 second(s)

2022-03-30 15:19:28 - [TEST_STEP][PASSED] - setText(findTestObject("ME_CollateralandLoan_information/input_tujuankredit"), information_tujuanKredit, OPTIONAL): Text 'pembelian aset' is set on object 'Object Repository/ME_CollateralandLoan_information/input_tujuankredit'

2022-03-30 15:19:29 - [MESSAGE][PASSED] - Text 'pembelian aset' is set on object 'Object Repository/ME_CollateralandLoan_information/input_tujuankredit'

2022-03-30 15:19:29 - [TEST_STEP][PASSED] - delay(1): Delayed 1 second(s)

2022-03-30 15:19:30 - [MESSAGE][PASSED] - Delayed 1 second(s)

2022-03-30 15:19:30 - [TEST_STEP][PASSED] - takeFullPageScreenshotAsCheckpoint(userDir + sprint4WebScreenshootPath + "scenario-2-input-tujuan-pengajuan.png"): Taking screenshot successfully

2022-03-30 15:19:31 - [MESSAGE][INFO] - 0 hidden object(s)

2022-03-30 15:19:31 - [MESSAGE][PASSED] - Taking screenshot successfully
[[ATTACHMENT|D:\PROJECT\BCA\BCAF_MEAPP_i3\BCAF_MEAPP_i3\Screenshoot\Sprint4\Web\keyes\keyes-scenario-2-input-tujuan-pengajuan.png]]

2022-03-30 15:19:31 - [TEST_STEP][PASSED] - markPassed("scenario 2 - Input Tujuan Pengajuan"): scenario 2 - Input Tujuan Pengajuan

2022-03-30 15:19:31 - [MESSAGE][PASSED] - scenario 2 - Input Tujuan Pengajuan

2022-03-30 15:19:31 - [TEST_STEP][PASSED] - delay(1): Delayed 1 second(s)

2022-03-30 15:19:32 - [MESSAGE][PASSED] - Delayed 1 second(s)

2022-03-30 15:19:32 - [TEST_STEP][PASSED] - click(findTestObject("ME_CollateralandLoan_information/div_Pembelian Aset")): Object: 'Object Repository/ME_CollateralandLoan_information/div_Pembelian Aset' is clicked on

2022-03-30 15:19:32 - [MESSAGE][PASSED] - Object: 'Object Repository/ME_CollateralandLoan_information/div_Pembelian Aset' is clicked on

2022-03-30 15:19:32 - [TEST_STEP][PASSED] - delay(1): Delayed 1 second(s)

2022-03-30 15:19:33 - [MESSAGE][PASSED] - Delayed 1 second(s)

2022-03-30 15:19:33 - [TEST_STEP][PASSED] - click(findTestObject("ME_CollateralandLoan_information/button_Payment")): Object: 'Object Repository/ME_CollateralandLoan_information/button_Payment' is clicked on

2022-03-30 15:19:34 - [MESSAGE][PASSED] - Object: 'Object Repository/ME_CollateralandLoan_information/button_Payment' is clicked on

2022-03-30 15:19:34 - [TEST_STEP][PASSED] - delay(1): Delayed 1 second(s)

2022-03-30 15:19:35 - [MESSAGE][PASSED] - Delayed 1 second(s)

2022-03-30 15:19:35 - [TEST_STEP][PASSED] - click(findTestObject("ME_CollateralandLoan_information/input_autodebet")): Object: 'Object Repository/ME_CollateralandLoan_information/input_autodebet' is clicked on

2022-03-30 15:19:35 - [MESSAGE][PASSED] - Object: 'Object Repository/ME_CollateralandLoan_information/input_autodebet' is clicked on

2022-03-30 15:19:35 - [TEST_STEP][PASSED] - delay(1): Delayed 1 second(s)

2022-03-30 15:19:36 - [MESSAGE][PASSED] - Delayed 1 second(s)

2022-03-30 15:19:36 - [TEST_STEP][PASSED] - takeFullPageScreenshotAsCheckpoint(userDir + sprint4WebScreenshootPath + "scenario-2-input-payment.png"): Taking screenshot successfully

2022-03-30 15:19:37 - [MESSAGE][INFO] - 0 hidden object(s)

2022-03-30 15:19:38 - [MESSAGE][PASSED] - Taking screenshot successfully
[[ATTACHMENT|D:\PROJECT\BCA\BCAF_MEAPP_i3\BCAF_MEAPP_i3\Screenshoot\Sprint4\Web\keyes\keyes-scenario-2-input-payment.png]]

2022-03-30 15:19:38 - [TEST_STEP][PASSED] - markPassed("scenario 2 - Input Payment"): scenario 2 - Input Payment

2022-03-30 15:19:38 - [MESSAGE][PASSED] - scenario 2 - Input Payment

2022-03-30 15:19:38 - [TEST_STEP][PASSED] - delay(1): Delayed 1 second(s)

2022-03-30 15:19:39 - [MESSAGE][PASSED] - Delayed 1 second(s)

2022-03-30 15:19:39 - [TEST_STEP][PASSED] - click(findTestObject("ME_CollateralandLoan_information/div_Auto Debet")): Object: 'Object Repository/ME_CollateralandLoan_information/div_Auto Debet' is clicked on

2022-03-30 15:19:39 - [MESSAGE][PASSED] - Object: 'Object Repository/ME_CollateralandLoan_information/div_Auto Debet' is clicked on

2022-03-30 15:19:39 - [TEST_STEP][PASSED] - delay(1): Delayed 1 second(s)

2022-03-30 15:19:40 - [MESSAGE][PASSED] - Delayed 1 second(s)

2022-03-30 15:19:40 - [TEST_STEP][PASSED] - setText(findTestObject("ME_CollateralandLoan_information/input_Account No. 10 Digit_text-input-account-no"), information_accountNum): Text '11111111111' is set on object 'Object Repository/ME_CollateralandLoan_information/input_Account No. 10 Digit_text-input-account-no'

2022-03-30 15:19:41 - [MESSAGE][PASSED] - Text '11111111111' is set on object 'Object Repository/ME_CollateralandLoan_information/input_Account No. 10 Digit_text-input-account-no'

2022-03-30 15:19:41 - [TEST_STEP][PASSED] - delay(1): Delayed 1 second(s)

2022-03-30 15:19:42 - [MESSAGE][PASSED] - Delayed 1 second(s)

2022-03-30 15:19:42 - [TEST_STEP][PASSED] - click(findTestObject("ME_CollateralandLoan_information/input_Account No. 10 Digit_inline-checkbox-autodebetNoRek"), OPTIONAL): Object: 'Object Repository/ME_CollateralandLoan_information/input_Account No. 10 Digit_inline-checkbox-autodebetNoRek' is clicked on

2022-03-30 15:19:42 - [MESSAGE][PASSED] - Object: 'Object Repository/ME_CollateralandLoan_information/input_Account No. 10 Digit_inline-checkbox-autodebetNoRek' is clicked on

2022-03-30 15:19:42 - [TEST_STEP][PASSED] - click(findTestObject("ME_CollateralandLoan_information/Capture_rekeningautodebet")): Object: 'Object Repository/ME_CollateralandLoan_information/Capture_rekeningautodebet' is clicked on

2022-03-30 15:19:43 - [MESSAGE][PASSED] - Object: 'Object Repository/ME_CollateralandLoan_information/Capture_rekeningautodebet' is clicked on

2022-03-30 15:19:43 - [TEST_STEP][PASSED] - delay(1): Delayed 1 second(s)

2022-03-30 15:19:44 - [MESSAGE][PASSED] - Delayed 1 second(s)

2022-03-30 15:19:44 - [TEST_STEP][PASSED] - uploadFile(findTestObject("MEApp_AppBaru_InisiasiKonsumen/Capture_"), userDir + pathfinder_npwp): File 'D:/PROJECT/BCA/BCAF_MEAPP_i3/BCAF_MEAPP_i3/Assets/npwp-dummy.jpg' sent to object: 'Object Repository/MEApp_AppBaru_InisiasiKonsumen/Capture_'

2022-03-30 15:19:44 - [MESSAGE][PASSED] - File 'D:/PROJECT/BCA/BCAF_MEAPP_i3/BCAF_MEAPP_i3/Assets/npwp-dummy.jpg' sent to object: 'Object Repository/MEApp_AppBaru_InisiasiKonsumen/Capture_'

2022-03-30 15:19:44 - [TEST_STEP][PASSED] - setText(findTestObject("ME_CollateralandLoan_information/input_Account No. 10 Digit_noRekening"), information_accountNum2): Text '11111111111' is set on object 'Object Repository/ME_CollateralandLoan_information/input_Account No. 10 Digit_noRekening'

2022-03-30 15:19:46 - [MESSAGE][PASSED] - Text '11111111111' is set on object 'Object Repository/ME_CollateralandLoan_information/input_Account No. 10 Digit_noRekening'

2022-03-30 15:19:46 - [TEST_STEP][PASSED] - delay(1): Delayed 1 second(s)

2022-03-30 15:19:47 - [MESSAGE][PASSED] - Delayed 1 second(s)

2022-03-30 15:19:47 - [TEST_STEP][PASSED] - setText(findTestObject("ME_CollateralandLoan_information/input_Cabang BCA_cabangBca"), information_cabang): Text 'jakarta selatan' is set on object 'Object Repository/ME_CollateralandLoan_information/input_Cabang BCA_cabangBca'

2022-03-30 15:19:48 - [MESSAGE][PASSED] - Text 'jakarta selatan' is set on object 'Object Repository/ME_CollateralandLoan_information/input_Cabang BCA_cabangBca'

2022-03-30 15:19:48 - [TEST_STEP][PASSED] - delay(1): Delayed 1 second(s)

2022-03-30 15:19:49 - [MESSAGE][PASSED] - Delayed 1 second(s)

2022-03-30 15:19:49 - [TEST_STEP][PASSED] - setText(findTestObject("ME_CollateralandLoan_information/input_Nama Pemilik Rekening_form-control ng-untouched ng-pristine ng-invalid"), information_namaPemilikRek): Text 'afgan' is set on object 'Object Repository/ME_CollateralandLoan_information/input_Nama Pemilik Rekening_form-control ng-untouched ng-pristine ng-invalid'

2022-03-30 15:19:50 - [MESSAGE][PASSED] - Text 'afgan' is set on object 'Object Repository/ME_CollateralandLoan_information/input_Nama Pemilik Rekening_form-control ng-untouched ng-pristine ng-invalid'

2022-03-30 15:19:50 - [TEST_STEP][PASSED] - delay(1): Delayed 1 second(s)

2022-03-30 15:19:51 - [MESSAGE][PASSED] - Delayed 1 second(s)

2022-03-30 15:19:51 - [TEST_STEP][PASSED] - setText(findTestObject("ME_CollateralandLoan_information/input_No KTP_form-control ng-untouched ng-pristine ng-invalid"), information_noKTP): Text '22222222222222' is set on object 'Object Repository/ME_CollateralandLoan_information/input_No KTP_form-control ng-untouched ng-pristine ng-invalid'

2022-03-30 15:19:51 - [MESSAGE][PASSED] - Text '22222222222222' is set on object 'Object Repository/ME_CollateralandLoan_information/input_No KTP_form-control ng-untouched ng-pristine ng-invalid'

2022-03-30 15:19:51 - [TEST_STEP][PASSED] - delay(1): Delayed 1 second(s)

2022-03-30 15:19:52 - [MESSAGE][PASSED] - Delayed 1 second(s)

2022-03-30 15:19:52 - [TEST_STEP][PASSED] - takeFullPageScreenshotAsCheckpoint(userDir + sprint4WebScreenshootPath + "scenario-2-input-data-autodebit.png"): Taking screenshot successfully

2022-03-30 15:19:53 - [MESSAGE][INFO] - 0 hidden object(s)

2022-03-30 15:19:54 - [MESSAGE][PASSED] - Taking screenshot successfully
[[ATTACHMENT|D:\PROJECT\BCA\BCAF_MEAPP_i3\BCAF_MEAPP_i3\Screenshoot\Sprint4\Web\keyes\keyes-scenario-2-input-data-autodebit.png]]

2022-03-30 15:19:54 - [TEST_STEP][PASSED] - markPassed("scenario 2 - Input data autodebit"): scenario 2 - Input data autodebit

2022-03-30 15:19:54 - [MESSAGE][PASSED] - scenario 2 - Input data autodebit

2022-03-30 15:19:54 - [TEST_STEP][PASSED] - delay(1): Delayed 1 second(s)

2022-03-30 15:19:55 - [MESSAGE][PASSED] - Delayed 1 second(s)

2022-03-30 15:19:55 - [TEST_STEP][PASSED] - click(findTestObject("ME_CollateralandLoan_information/button_Mutasi Rekening")): Object: 'Object Repository/ME_CollateralandLoan_information/button_Mutasi Rekening' is clicked on

2022-03-30 15:19:55 - [MESSAGE][PASSED] - Object: 'Object Repository/ME_CollateralandLoan_information/button_Mutasi Rekening' is clicked on

2022-03-30 15:19:55 - [TEST_STEP][PASSED] - delay(1): Delayed 1 second(s)

2022-03-30 15:19:56 - [MESSAGE][PASSED] - Delayed 1 second(s)

2022-03-30 15:19:56 - [TEST_STEP][PASSED] - takeFullPageScreenshotAsCheckpoint(userDir + sprint4WebScreenshootPath + "scenario-2-masuk-submenu-input-mutasi-rekening.png"): Taking screenshot successfully

2022-03-30 15:19:57 - [MESSAGE][INFO] - 0 hidden object(s)

2022-03-30 15:19:57 - [MESSAGE][PASSED] - Taking screenshot successfully
[[ATTACHMENT|D:\PROJECT\BCA\BCAF_MEAPP_i3\BCAF_MEAPP_i3\Screenshoot\Sprint4\Web\keyes\keyes-scenario-2-masuk-submenu-input-mutasi-rekening.png]]

2022-03-30 15:19:57 - [TEST_STEP][PASSED] - markPassed("scenario 2 - Masuk submenu input mutasi rekening"): scenario 2 - Masuk submenu input mutasi rekening

2022-03-30 15:19:57 - [MESSAGE][PASSED] - scenario 2 - Masuk submenu input mutasi rekening

2022-03-30 15:19:57 - [TEST_STEP][PASSED] - delay(1): Delayed 1 second(s)

2022-03-30 15:19:58 - [MESSAGE][PASSED] - Delayed 1 second(s)

2022-03-30 15:19:58 - [TEST_STEP][PASSED] - click(findTestObject("ME_CollateralandLoan_information/button_Add Mutasi Rekening")): Object: 'Object Repository/ME_CollateralandLoan_information/button_Add Mutasi Rekening' is clicked on

2022-03-30 15:19:59 - [MESSAGE][PASSED] - Object: 'Object Repository/ME_CollateralandLoan_information/button_Add Mutasi Rekening' is clicked on

2022-03-30 15:19:59 - [TEST_STEP][PASSED] - delay(1): Delayed 1 second(s)

2022-03-30 15:20:00 - [MESSAGE][PASSED] - Delayed 1 second(s)

2022-03-30 15:20:00 - [TEST_STEP][PASSED] - takeFullPageScreenshotAsCheckpoint(userDir + sprint4WebScreenshootPath + "scenario-2-sebelum-input-data-mutasi-rekening.png"): Taking screenshot successfully

2022-03-30 15:20:01 - [MESSAGE][INFO] - 0 hidden object(s)

2022-03-30 15:20:01 - [MESSAGE][PASSED] - Taking screenshot successfully
[[ATTACHMENT|D:\PROJECT\BCA\BCAF_MEAPP_i3\BCAF_MEAPP_i3\Screenshoot\Sprint4\Web\keyes\keyes-scenario-2-sebelum-input-data-mutasi-rekening.png]]

2022-03-30 15:20:01 - [TEST_STEP][PASSED] - markPassed("scenario 2 - sebelum input data mutasi rekening"): scenario 2 - sebelum input data mutasi rekening

2022-03-30 15:20:01 - [MESSAGE][PASSED] - scenario 2 - sebelum input data mutasi rekening

2022-03-30 15:20:01 - [TEST_STEP][PASSED] - delay(1): Delayed 1 second(s)

2022-03-30 15:20:02 - [MESSAGE][PASSED] - Delayed 1 second(s)

2022-03-30 15:20:02 - [TEST_STEP][PASSED] - click(findTestObject("ME_CollateralandLoan_information/a_Capture File_mutasirek")): Object: 'Object Repository/ME_CollateralandLoan_information/a_Capture File_mutasirek' is clicked on

2022-03-30 15:20:03 - [MESSAGE][PASSED] - Object: 'Object Repository/ME_CollateralandLoan_information/a_Capture File_mutasirek' is clicked on

2022-03-30 15:20:03 - [TEST_STEP][PASSED] - delay(1): Delayed 1 second(s)

2022-03-30 15:20:04 - [MESSAGE][PASSED] - Delayed 1 second(s)

2022-03-30 15:20:04 - [TEST_STEP][PASSED] - uploadFile(findTestObject("MEApp_AppBaru_InisiasiKonsumen/Capture_"), userDir + pathfinder_npwp): File 'D:/PROJECT/BCA/BCAF_MEAPP_i3/BCAF_MEAPP_i3/Assets/npwp-dummy.jpg' sent to object: 'Object Repository/MEApp_AppBaru_InisiasiKonsumen/Capture_'

2022-03-30 15:20:04 - [MESSAGE][PASSED] - File 'D:/PROJECT/BCA/BCAF_MEAPP_i3/BCAF_MEAPP_i3/Assets/npwp-dummy.jpg' sent to object: 'Object Repository/MEApp_AppBaru_InisiasiKonsumen/Capture_'

2022-03-30 15:20:04 - [TEST_STEP][PASSED] - delay(1): Delayed 1 second(s)

2022-03-30 15:20:05 - [MESSAGE][PASSED] - Delayed 1 second(s)

2022-03-30 15:20:05 - [TEST_STEP][PASSED] - setText(findTestObject("ME_CollateralandLoan_information/input_Mutasi Debit_form-control text-right ng-untouched ng-pristine ng-valid"), information_mutasiDebit): Text '10000000' is set on object 'Object Repository/ME_CollateralandLoan_information/input_Mutasi Debit_form-control text-right ng-untouched ng-pristine ng-valid'

2022-03-30 15:20:06 - [MESSAGE][PASSED] - Text '10000000' is set on object 'Object Repository/ME_CollateralandLoan_information/input_Mutasi Debit_form-control text-right ng-untouched ng-pristine ng-valid'

2022-03-30 15:20:06 - [TEST_STEP][PASSED] - delay(1): Delayed 1 second(s)

2022-03-30 15:20:07 - [MESSAGE][PASSED] - Delayed 1 second(s)

2022-03-30 15:20:07 - [TEST_STEP][PASSED] - setText(findTestObject("ME_CollateralandLoan_information/input_Mutasi Kredit_form-control text-right ng-untouched ng-pristine ng-valid"), information_mutasiKredit): Text '10000000' is set on object 'Object Repository/ME_CollateralandLoan_information/input_Mutasi Kredit_form-control text-right ng-untouched ng-pristine ng-valid'

2022-03-30 15:20:08 - [MESSAGE][PASSED] - Text '10000000' is set on object 'Object Repository/ME_CollateralandLoan_information/input_Mutasi Kredit_form-control text-right ng-untouched ng-pristine ng-valid'

2022-03-30 15:20:08 - [TEST_STEP][PASSED] - delay(1): Delayed 1 second(s)

2022-03-30 15:20:09 - [MESSAGE][PASSED] - Delayed 1 second(s)

2022-03-30 15:20:09 - [TEST_STEP][PASSED] - setText(findTestObject("ME_CollateralandLoan_information/input_Mutasi Saldo_form-control text-right ng-untouched ng-pristine ng-valid"), information_mutasiSaldo): Text '10000000' is set on object 'Object Repository/ME_CollateralandLoan_information/input_Mutasi Saldo_form-control text-right ng-untouched ng-pristine ng-valid'

2022-03-30 15:20:09 - [MESSAGE][PASSED] - Text '10000000' is set on object 'Object Repository/ME_CollateralandLoan_information/input_Mutasi Saldo_form-control text-right ng-untouched ng-pristine ng-valid'

2022-03-30 15:20:09 - [TEST_STEP][PASSED] - delay(1): Delayed 1 second(s)

2022-03-30 15:20:10 - [MESSAGE][PASSED] - Delayed 1 second(s)

2022-03-30 15:20:10 - [TEST_STEP][PASSED] - takeFullPageScreenshotAsCheckpoint(userDir + sprint4WebScreenshootPath + "scenario-2-input-data-mutasi-rekening.png"): Taking screenshot successfully

2022-03-30 15:20:11 - [MESSAGE][INFO] - 0 hidden object(s)

2022-03-30 15:20:12 - [MESSAGE][PASSED] - Taking screenshot successfully
[[ATTACHMENT|D:\PROJECT\BCA\BCAF_MEAPP_i3\BCAF_MEAPP_i3\Screenshoot\Sprint4\Web\keyes\keyes-scenario-2-input-data-mutasi-rekening.png]]

2022-03-30 15:20:12 - [TEST_STEP][PASSED] - markPassed("scenario 2 - input data mutasi rekening"): scenario 2 - input data mutasi rekening

2022-03-30 15:20:12 - [MESSAGE][PASSED] - scenario 2 - input data mutasi rekening

2022-03-30 15:20:12 - [TEST_STEP][PASSED] - delay(1): Delayed 1 second(s)

2022-03-30 15:20:13 - [MESSAGE][PASSED] - Delayed 1 second(s)

2022-03-30 15:20:13 - [TEST_STEP][PASSED] - click(findTestObject("ME_CollateralandLoan_information/button_Add"), OPTIONAL): Object: 'Object Repository/ME_CollateralandLoan_information/button_Add' is clicked on

2022-03-30 15:20:13 - [MESSAGE][PASSED] - Object: 'Object Repository/ME_CollateralandLoan_information/button_Add' is clicked on

2022-03-30 15:20:13 - [TEST_STEP][PASSED] - delay(1): Delayed 1 second(s)

2022-03-30 15:20:14 - [MESSAGE][PASSED] - Delayed 1 second(s)

2022-03-30 15:20:14 - [TEST_STEP][PASSED] - click(findTestObject("ME_CollateralandLoan_information/button_View Detail_btn btn-edit ng-star-inserted"), OPTIONAL): Object: 'Object Repository/ME_CollateralandLoan_information/button_View Detail_btn btn-edit ng-star-inserted' is clicked on

2022-03-30 15:20:14 - [MESSAGE][PASSED] - Object: 'Object Repository/ME_CollateralandLoan_information/button_View Detail_btn btn-edit ng-star-inserted' is clicked on

2022-03-30 15:20:14 - [TEST_STEP][PASSED] - delay(1): Delayed 1 second(s)

2022-03-30 15:20:15 - [MESSAGE][PASSED] - Delayed 1 second(s)

2022-03-30 15:20:15 - [TEST_STEP][PASSED] - click(findTestObject("ME_CollateralandLoan_information/button_Save"), OPTIONAL): Object: 'Object Repository/ME_CollateralandLoan_information/button_Save' is clicked on

2022-03-30 15:20:16 - [MESSAGE][PASSED] - Object: 'Object Repository/ME_CollateralandLoan_information/button_Save' is clicked on

2022-03-30 15:20:16 - [TEST_STEP][PASSED] - delay(1): Delayed 1 second(s)

2022-03-30 15:20:17 - [MESSAGE][PASSED] - Delayed 1 second(s)

2022-03-30 15:20:17 - [TEST_STEP][PASSED] - click(findTestObject("ME_CollateralandLoan_information/a_View Detail_mutasirekening"), OPTIONAL): Object: 'Object Repository/ME_CollateralandLoan_information/a_View Detail_mutasirekening' is clicked on

2022-03-30 15:20:17 - [MESSAGE][PASSED] - Object: 'Object Repository/ME_CollateralandLoan_information/a_View Detail_mutasirekening' is clicked on

2022-03-30 15:20:17 - [TEST_STEP][PASSED] - delay(1): Delayed 1 second(s)

2022-03-30 15:20:18 - [MESSAGE][PASSED] - Delayed 1 second(s)

2022-03-30 15:20:18 - [TEST_STEP][PASSED] - takeFullPageScreenshotAsCheckpoint(userDir + sprint4WebScreenshootPath + "scenario-2-berhasil-mengisi-data-information.png"): Taking screenshot successfully

2022-03-30 15:20:19 - [MESSAGE][INFO] - 0 hidden object(s)

2022-03-30 15:20:20 - [MESSAGE][PASSED] - Taking screenshot successfully
[[ATTACHMENT|D:\PROJECT\BCA\BCAF_MEAPP_i3\BCAF_MEAPP_i3\Screenshoot\Sprint4\Web\keyes\keyes-scenario-2-berhasil-mengisi-data-information.png]]

2022-03-30 15:20:20 - [TEST_STEP][PASSED] - markPassed("scenario 2 - Berhasil mengisi data information"): scenario 2 - Berhasil mengisi data information

2022-03-30 15:20:20 - [MESSAGE][PASSED] - scenario 2 - Berhasil mengisi data information

2022-03-30 15:20:20 - [TEST_STEP][PASSED] - delay(1): Delayed 1 second(s)

2022-03-30 15:20:21 - [MESSAGE][PASSED] - Delayed 1 second(s)]]></system-out>
         <system-err><![CDATA[]]></system-err>
      </testcase>
      <testcase name="Test Cases/Sprint 4/Skenario 2/02-03-02-Transaction-AppPending-InputData-Vehicle" time="244.321" classname="Test Cases/Sprint 4/Skenario 2/02-03-02-Transaction-AppPending-InputData-Vehicle" status="PASSED">
         <system-out><![CDATA[2022-03-30 15:20:21 - [TEST_CASE][PASSED] - Test Cases/Sprint 4/Skenario 2/02-03-02-Transaction-AppPending-InputData-Vehicle: Test Cases/Sprint 4/Skenario 2/02-03-02-Transaction-AppPending-InputData-Vehicle

2022-03-30 15:20:21 - [TEST_STEP][PASSED] - userDir = getProjectDir(): null

2022-03-30 15:20:21 - [TEST_STEP][PASSED] - delay(1): Delayed 1 second(s)

2022-03-30 15:20:22 - [MESSAGE][PASSED] - Delayed 1 second(s)

2022-03-30 15:20:22 - [TEST_STEP][PASSED] - scrollToPosition(0, 130): Browser is scrolled to position x = 0, y = 130

2022-03-30 15:20:22 - [MESSAGE][PASSED] - Browser is scrolled to position x = 0, y = 130

2022-03-30 15:20:22 - [TEST_STEP][PASSED] - takeFullPageScreenshotAsCheckpoint(userDir + sprint4WebScreenshootPath + "scenario-2-masuk-halaman-collateral-loan-vehicle.png"): Taking screenshot successfully

2022-03-30 15:20:23 - [MESSAGE][INFO] - 0 hidden object(s)

2022-03-30 15:20:24 - [MESSAGE][PASSED] - Taking screenshot successfully
[[ATTACHMENT|D:\PROJECT\BCA\BCAF_MEAPP_i3\BCAF_MEAPP_i3\Screenshoot\Sprint4\Web\keyes\keyes-scenario-2-masuk-halaman-collateral-loan-vehicle.png]]

2022-03-30 15:20:24 - [TEST_STEP][PASSED] - markPassed("scenario 2 - Masuk halaman collateral loan vehicle"): scenario 2 - Masuk halaman collateral loan vehicle

2022-03-30 15:20:24 - [MESSAGE][PASSED] - scenario 2 - Masuk halaman collateral loan vehicle

2022-03-30 15:20:24 - [TEST_STEP][PASSED] - delay(1): Delayed 1 second(s)

2022-03-30 15:20:25 - [MESSAGE][PASSED] - Delayed 1 second(s)

2022-03-30 15:20:25 - [TEST_STEP][PASSED] - click(findTestObject("ME_CollateralAndLoan_Vehicle/li_Vehicle")): Object: 'Object Repository/ME_CollateralAndLoan_Vehicle/li_Vehicle' is clicked on

2022-03-30 15:20:25 - [MESSAGE][PASSED] - Object: 'Object Repository/ME_CollateralAndLoan_Vehicle/li_Vehicle' is clicked on

2022-03-30 15:20:25 - [TEST_STEP][PASSED] - delay(1): Delayed 1 second(s)

2022-03-30 15:20:26 - [MESSAGE][PASSED] - Delayed 1 second(s)

2022-03-30 15:20:26 - [TEST_STEP][PASSED] - waitForElementPresent(findTestObject("ME_CollateralAndLoan_Vehicle/input_dealername_ketiga"), 0): Object 'Object Repository/ME_CollateralAndLoan_Vehicle/input_dealername_ketiga' is present

2022-03-30 15:20:26 - [MESSAGE][WARNING] - Timeout '0' is invalid. Using default page load timeout: '30'

2022-03-30 15:20:26 - [MESSAGE][PASSED] - Object 'Object Repository/ME_CollateralAndLoan_Vehicle/input_dealername_ketiga' is present

2022-03-30 15:20:26 - [TEST_STEP][PASSED] - click(findTestObject("ME_CollateralAndLoan_Vehicle/input_dealername_ketiga"), OPTIONAL): Object: 'Object Repository/ME_CollateralAndLoan_Vehicle/input_dealername_ketiga' is clicked on

2022-03-30 15:20:27 - [MESSAGE][PASSED] - Object: 'Object Repository/ME_CollateralAndLoan_Vehicle/input_dealername_ketiga' is clicked on

2022-03-30 15:20:27 - [TEST_STEP][PASSED] - delay(1): Delayed 1 second(s)

2022-03-30 15:20:28 - [MESSAGE][PASSED] - Delayed 1 second(s)

2022-03-30 15:20:28 - [TEST_STEP][PASSED] - setText(findTestObject("ME_CollateralAndLoan_Vehicle/input_dealername_ketiga"), "Akita Prima Mobilindo, PT", OPTIONAL): Text 'Akita Prima Mobilindo, PT' is set on object 'Object Repository/ME_CollateralAndLoan_Vehicle/input_dealername_ketiga'

2022-03-30 15:20:29 - [MESSAGE][PASSED] - Text 'Akita Prima Mobilindo, PT' is set on object 'Object Repository/ME_CollateralAndLoan_Vehicle/input_dealername_ketiga'

2022-03-30 15:20:29 - [TEST_STEP][PASSED] - delay(1): Delayed 1 second(s)

2022-03-30 15:20:30 - [MESSAGE][PASSED] - Delayed 1 second(s)

2022-03-30 15:20:30 - [TEST_STEP][PASSED] - click(findTestObject("ME_CollateralAndLoan_Vehicle/span_Akita Prima Mobilindo, PT")): Object: 'Object Repository/ME_CollateralAndLoan_Vehicle/span_Akita Prima Mobilindo, PT' is clicked on

2022-03-30 15:20:31 - [MESSAGE][PASSED] - Object: 'Object Repository/ME_CollateralAndLoan_Vehicle/span_Akita Prima Mobilindo, PT' is clicked on

2022-03-30 15:20:31 - [TEST_STEP][PASSED] - delay(1): Delayed 1 second(s)

2022-03-30 15:20:32 - [MESSAGE][PASSED] - Delayed 1 second(s)

2022-03-30 15:20:32 - [TEST_STEP][PASSED] - waitForElementPresent(findTestObject("ME_CollateralAndLoan_Vehicle/input_branch_ketiga"), 0): Object 'Object Repository/ME_CollateralAndLoan_Vehicle/input_branch_ketiga' is present

2022-03-30 15:20:32 - [MESSAGE][WARNING] - Timeout '0' is invalid. Using default page load timeout: '30'

2022-03-30 15:20:32 - [MESSAGE][PASSED] - Object 'Object Repository/ME_CollateralAndLoan_Vehicle/input_branch_ketiga' is present

2022-03-30 15:20:32 - [TEST_STEP][PASSED] - click(findTestObject("ME_CollateralAndLoan_Vehicle/input_branch_ketiga")): Object: 'Object Repository/ME_CollateralAndLoan_Vehicle/input_branch_ketiga' is clicked on

2022-03-30 15:20:32 - [MESSAGE][PASSED] - Object: 'Object Repository/ME_CollateralAndLoan_Vehicle/input_branch_ketiga' is clicked on

2022-03-30 15:20:32 - [TEST_STEP][PASSED] - delay(1): Delayed 1 second(s)

2022-03-30 15:20:33 - [MESSAGE][PASSED] - Delayed 1 second(s)

2022-03-30 15:20:33 - [TEST_STEP][PASSED] - setText(findTestObject("ME_CollateralAndLoan_Vehicle/input_branch_ketiga"), "Akita Prima Mobilindo - Pondok Cabe"): Text 'Akita Prima Mobilindo - Pondok Cabe' is set on object 'Object Repository/ME_CollateralAndLoan_Vehicle/input_branch_ketiga'

2022-03-30 15:20:35 - [MESSAGE][PASSED] - Text 'Akita Prima Mobilindo - Pondok Cabe' is set on object 'Object Repository/ME_CollateralAndLoan_Vehicle/input_branch_ketiga'

2022-03-30 15:20:35 - [TEST_STEP][PASSED] - delay(1): Delayed 1 second(s)

2022-03-30 15:20:36 - [MESSAGE][PASSED] - Delayed 1 second(s)

2022-03-30 15:20:36 - [TEST_STEP][PASSED] - waitForElementPresent(findTestObject("ME_CollateralAndLoan_Vehicle/span_A1617 - Akita Prima Mobilindo - Pondok Cabe"), 0): Object 'Object Repository/ME_CollateralAndLoan_Vehicle/span_A1617 - Akita Prima Mobilindo - Pondok Cabe' is present

2022-03-30 15:20:36 - [MESSAGE][WARNING] - Timeout '0' is invalid. Using default page load timeout: '30'

2022-03-30 15:20:36 - [MESSAGE][PASSED] - Object 'Object Repository/ME_CollateralAndLoan_Vehicle/span_A1617 - Akita Prima Mobilindo - Pondok Cabe' is present

2022-03-30 15:20:36 - [TEST_STEP][PASSED] - click(findTestObject("ME_CollateralAndLoan_Vehicle/span_A1617 - Akita Prima Mobilindo - Pondok Cabe")): Object: 'Object Repository/ME_CollateralAndLoan_Vehicle/span_A1617 - Akita Prima Mobilindo - Pondok Cabe' is clicked on

2022-03-30 15:20:36 - [MESSAGE][PASSED] - Object: 'Object Repository/ME_CollateralAndLoan_Vehicle/span_A1617 - Akita Prima Mobilindo - Pondok Cabe' is clicked on

2022-03-30 15:20:36 - [TEST_STEP][PASSED] - delay(1): Delayed 1 second(s)

2022-03-30 15:20:37 - [MESSAGE][PASSED] - Delayed 1 second(s)

2022-03-30 15:20:37 - [TEST_STEP][PASSED] - verifyElementPresent(findTestObject("ME_CollateralAndLoan_Vehicle/input_Address_address"), 0): Object 'Object Repository/ME_CollateralAndLoan_Vehicle/input_Address_address' is present

2022-03-30 15:20:37 - [MESSAGE][WARNING] - Timeout '0' is invalid. Using default page load timeout: '30'

2022-03-30 15:20:38 - [MESSAGE][PASSED] - Object 'Object Repository/ME_CollateralAndLoan_Vehicle/input_Address_address' is present

2022-03-30 15:20:38 - [TEST_STEP][PASSED] - delay(1): Delayed 1 second(s)

2022-03-30 15:20:39 - [MESSAGE][PASSED] - Delayed 1 second(s)

2022-03-30 15:20:39 - [TEST_STEP][PASSED] - verifyElementPresent(findTestObject("ME_CollateralAndLoan_Vehicle/input_City_city"), 0): Object 'Object Repository/ME_CollateralAndLoan_Vehicle/input_City_city' is present

2022-03-30 15:20:39 - [MESSAGE][WARNING] - Timeout '0' is invalid. Using default page load timeout: '30'

2022-03-30 15:20:39 - [MESSAGE][PASSED] - Object 'Object Repository/ME_CollateralAndLoan_Vehicle/input_City_city' is present

2022-03-30 15:20:39 - [TEST_STEP][PASSED] - delay(1): Delayed 1 second(s)

2022-03-30 15:20:40 - [MESSAGE][PASSED] - Delayed 1 second(s)

2022-03-30 15:20:40 - [TEST_STEP][PASSED] - verifyElementPresent(findTestObject("ME_CollateralAndLoan_Vehicle/input_Telephone_phone"), 0): Object 'Object Repository/ME_CollateralAndLoan_Vehicle/input_Telephone_phone' is present

2022-03-30 15:20:40 - [MESSAGE][WARNING] - Timeout '0' is invalid. Using default page load timeout: '30'

2022-03-30 15:20:40 - [MESSAGE][PASSED] - Object 'Object Repository/ME_CollateralAndLoan_Vehicle/input_Telephone_phone' is present

2022-03-30 15:20:40 - [TEST_STEP][PASSED] - delay(1): Delayed 1 second(s)

2022-03-30 15:20:41 - [MESSAGE][PASSED] - Delayed 1 second(s)

2022-03-30 15:20:41 - [TEST_STEP][PASSED] - verifyElementPresent(findTestObject("ME_CollateralAndLoan_Vehicle/input_Authorize Dealer_authorizedDealer"), 0): Object 'Object Repository/ME_CollateralAndLoan_Vehicle/input_Authorize Dealer_authorizedDealer' is present

2022-03-30 15:20:41 - [MESSAGE][WARNING] - Timeout '0' is invalid. Using default page load timeout: '30'

2022-03-30 15:20:42 - [MESSAGE][PASSED] - Object 'Object Repository/ME_CollateralAndLoan_Vehicle/input_Authorize Dealer_authorizedDealer' is present

2022-03-30 15:20:42 - [TEST_STEP][PASSED] - delay(1): Delayed 1 second(s)

2022-03-30 15:20:43 - [MESSAGE][PASSED] - Delayed 1 second(s)

2022-03-30 15:20:43 - [TEST_STEP][PASSED] - verifyElementPresent(findTestObject("ME_CollateralAndLoan_Vehicle/input_Fax_fax"), 0): Object 'Object Repository/ME_CollateralAndLoan_Vehicle/input_Fax_fax' is present

2022-03-30 15:20:43 - [MESSAGE][WARNING] - Timeout '0' is invalid. Using default page load timeout: '30'

2022-03-30 15:20:43 - [MESSAGE][PASSED] - Object 'Object Repository/ME_CollateralAndLoan_Vehicle/input_Fax_fax' is present

2022-03-30 15:20:43 - [TEST_STEP][PASSED] - delay(1): Delayed 1 second(s)

2022-03-30 15:20:44 - [MESSAGE][PASSED] - Delayed 1 second(s)

2022-03-30 15:20:44 - [TEST_STEP][PASSED] - verifyElementPresent(findTestObject("ME_CollateralAndLoan_Vehicle/td_1-nomorrekening"), 0): Object 'Object Repository/ME_CollateralAndLoan_Vehicle/td_1-nomorrekening' is present

2022-03-30 15:20:44 - [MESSAGE][WARNING] - Timeout '0' is invalid. Using default page load timeout: '30'

2022-03-30 15:20:44 - [MESSAGE][PASSED] - Object 'Object Repository/ME_CollateralAndLoan_Vehicle/td_1-nomorrekening' is present

2022-03-30 15:20:44 - [TEST_STEP][PASSED] - takeFullPageScreenshotAsCheckpoint(userDir + sprint4WebScreenshootPath + "scenario-2-masuk-halaman-collateral-loan-vehicle.png"): Taking screenshot successfully

2022-03-30 15:20:45 - [MESSAGE][INFO] - 0 hidden object(s)

2022-03-30 15:20:46 - [MESSAGE][PASSED] - Taking screenshot successfully
[[ATTACHMENT|D:\PROJECT\BCA\BCAF_MEAPP_i3\BCAF_MEAPP_i3\Screenshoot\Sprint4\Web\keyes\keyes-scenario-2-masuk-halaman-collateral-loan-vehicle.png]]

2022-03-30 15:20:46 - [TEST_STEP][PASSED] - markPassed("scenario 2 - Masuk halaman collateral loan vehicle"): scenario 2 - Masuk halaman collateral loan vehicle

2022-03-30 15:20:46 - [MESSAGE][PASSED] - scenario 2 - Masuk halaman collateral loan vehicle

2022-03-30 15:20:46 - [TEST_STEP][PASSED] - delay(1): Delayed 1 second(s)

2022-03-30 15:20:47 - [MESSAGE][PASSED] - Delayed 1 second(s)

2022-03-30 15:20:47 - [TEST_STEP][PASSED] - delay(1): Delayed 1 second(s)

2022-03-30 15:20:48 - [MESSAGE][PASSED] - Delayed 1 second(s)

2022-03-30 15:20:48 - [TEST_STEP][PASSED] - delay(1): Delayed 1 second(s)

2022-03-30 15:20:49 - [MESSAGE][PASSED] - Delayed 1 second(s)

2022-03-30 15:20:49 - [TEST_STEP][PASSED] - click(findTestObject("ME_CollateralAndLoan_Vehicle/button_Data Vehicle")): Object: 'Object Repository/ME_CollateralAndLoan_Vehicle/button_Data Vehicle' is clicked on

2022-03-30 15:20:49 - [MESSAGE][PASSED] - Object: 'Object Repository/ME_CollateralAndLoan_Vehicle/button_Data Vehicle' is clicked on

2022-03-30 15:20:49 - [TEST_STEP][PASSED] - delay(1): Delayed 1 second(s)

2022-03-30 15:20:50 - [MESSAGE][PASSED] - Delayed 1 second(s)

2022-03-30 15:20:50 - [TEST_STEP][PASSED] - takeFullPageScreenshotAsCheckpoint(userDir + sprint4WebScreenshootPath + "scenario-2-halaman-input-data-vehicle.png"): Taking screenshot successfully

2022-03-30 15:20:51 - [MESSAGE][INFO] - 0 hidden object(s)

2022-03-30 15:20:52 - [MESSAGE][PASSED] - Taking screenshot successfully
[[ATTACHMENT|D:\PROJECT\BCA\BCAF_MEAPP_i3\BCAF_MEAPP_i3\Screenshoot\Sprint4\Web\keyes\keyes-scenario-2-halaman-input-data-vehicle.png]]

2022-03-30 15:20:52 - [TEST_STEP][PASSED] - markPassed("scenario 2 - halaman input data vehicle"): scenario 2 - halaman input data vehicle

2022-03-30 15:20:52 - [MESSAGE][PASSED] - scenario 2 - halaman input data vehicle

2022-03-30 15:20:52 - [TEST_STEP][PASSED] - delay(2): Delayed 2 second(s)

2022-03-30 15:20:54 - [MESSAGE][PASSED] - Delayed 2 second(s)

2022-03-30 15:20:54 - [TEST_STEP][PASSED] - scrollToElement(findTestObject("ME_CollateralAndLoan_Vehicle/button_Data Vehicle"), 0, STOP_ON_FAILURE): Scroll to object 'Object Repository/ME_CollateralAndLoan_Vehicle/button_Data Vehicle' successfully

2022-03-30 15:20:54 - [MESSAGE][WARNING] - Timeout '0' is invalid. Using default page load timeout: '30'

2022-03-30 15:20:54 - [MESSAGE][PASSED] - Scroll to object 'Object Repository/ME_CollateralAndLoan_Vehicle/button_Data Vehicle' successfully

2022-03-30 15:20:54 - [TEST_STEP][PASSED] - click(findTestObject("ME_CollateralAndLoan_Vehicle/input_used_carCondition-radio")): Object: 'Object Repository/ME_CollateralAndLoan_Vehicle/input_used_carCondition-radio' is clicked on

2022-03-30 15:20:55 - [MESSAGE][PASSED] - Object: 'Object Repository/ME_CollateralAndLoan_Vehicle/input_used_carCondition-radio' is clicked on

2022-03-30 15:20:55 - [TEST_STEP][PASSED] - delay(1): Delayed 1 second(s)

2022-03-30 15:20:56 - [MESSAGE][PASSED] - Delayed 1 second(s)

2022-03-30 15:20:56 - [TEST_STEP][PASSED] - click(findTestObject("Object Repository/ME_CollateralAndLoan_Vehicle/div_Pilih Product Code"), OPTIONAL): Object: 'Object Repository/ME_CollateralAndLoan_Vehicle/div_Pilih Product Code' is clicked on

2022-03-30 15:20:56 - [MESSAGE][PASSED] - Object: 'Object Repository/ME_CollateralAndLoan_Vehicle/div_Pilih Product Code' is clicked on

2022-03-30 15:20:56 - [TEST_STEP][PASSED] - delay(1): Delayed 1 second(s)

2022-03-30 15:20:57 - [MESSAGE][PASSED] - Delayed 1 second(s)

2022-03-30 15:20:57 - [TEST_STEP][PASSED] - setText(findTestObject("ME_CollateralAndLoan_Vehicle/input_productcode2"), "leasing"): Text 'leasing' is set on object 'Object Repository/ME_CollateralAndLoan_Vehicle/input_productcode2'

2022-03-30 15:20:58 - [MESSAGE][PASSED] - Text 'leasing' is set on object 'Object Repository/ME_CollateralAndLoan_Vehicle/input_productcode2'

2022-03-30 15:20:58 - [TEST_STEP][PASSED] - delay(1): Delayed 1 second(s)

2022-03-30 15:20:59 - [MESSAGE][PASSED] - Delayed 1 second(s)

2022-03-30 15:20:59 - [TEST_STEP][PASSED] - click(findTestObject("ME_CollateralAndLoan_Vehicle/span_Leasing")): Object: 'Object Repository/ME_CollateralAndLoan_Vehicle/span_Leasing' is clicked on

2022-03-30 15:20:59 - [MESSAGE][PASSED] - Object: 'Object Repository/ME_CollateralAndLoan_Vehicle/span_Leasing' is clicked on

2022-03-30 15:20:59 - [TEST_STEP][PASSED] - delay(1): Delayed 1 second(s)

2022-03-30 15:21:00 - [MESSAGE][PASSED] - Delayed 1 second(s)

2022-03-30 15:21:00 - [TEST_STEP][PASSED] - click(findTestObject("vehiclekedua/input_brand_kedua")): Object: 'Object Repository/vehiclekedua/input_brand_kedua' is clicked on

2022-03-30 15:21:01 - [MESSAGE][PASSED] - Object: 'Object Repository/vehiclekedua/input_brand_kedua' is clicked on

2022-03-30 15:21:01 - [TEST_STEP][PASSED] - delay(1): Delayed 1 second(s)

2022-03-30 15:21:02 - [MESSAGE][PASSED] - Delayed 1 second(s)

2022-03-30 15:21:02 - [TEST_STEP][PASSED] - setText(findTestObject("vehiclekedua/input_brand_kedua"), "toyota"): Text 'toyota' is set on object 'Object Repository/vehiclekedua/input_brand_kedua'

2022-03-30 15:21:03 - [MESSAGE][PASSED] - Text 'toyota' is set on object 'Object Repository/vehiclekedua/input_brand_kedua'

2022-03-30 15:21:03 - [TEST_STEP][PASSED] - delay(1): Delayed 1 second(s)

2022-03-30 15:21:04 - [MESSAGE][PASSED] - Delayed 1 second(s)

2022-03-30 15:21:04 - [TEST_STEP][PASSED] - click(findTestObject("ME_CollateralAndLoan_Vehicle/div_TOYOTA_brand")): Object: 'Object Repository/ME_CollateralAndLoan_Vehicle/div_TOYOTA_brand' is clicked on

2022-03-30 15:21:04 - [MESSAGE][PASSED] - Object: 'Object Repository/ME_CollateralAndLoan_Vehicle/div_TOYOTA_brand' is clicked on

2022-03-30 15:21:04 - [TEST_STEP][PASSED] - delay(1): Delayed 1 second(s)

2022-03-30 15:21:05 - [MESSAGE][PASSED] - Delayed 1 second(s)

2022-03-30 15:21:05 - [TEST_STEP][PASSED] - click(findTestObject("vehiclekedua/input_model_kedua"), OPTIONAL): Object: 'Object Repository/vehiclekedua/input_model_kedua' is clicked on

2022-03-30 15:21:06 - [MESSAGE][PASSED] - Object: 'Object Repository/vehiclekedua/input_model_kedua' is clicked on

2022-03-30 15:21:06 - [TEST_STEP][PASSED] - delay(1): Delayed 1 second(s)

2022-03-30 15:21:07 - [MESSAGE][PASSED] - Delayed 1 second(s)

2022-03-30 15:21:07 - [TEST_STEP][PASSED] - setText(findTestObject("vehiclekedua/input_model_kedua"), "ALL NEW HILUX", OPTIONAL): Text 'ALL NEW HILUX' is set on object 'Object Repository/vehiclekedua/input_model_kedua'

2022-03-30 15:21:08 - [MESSAGE][PASSED] - Text 'ALL NEW HILUX' is set on object 'Object Repository/vehiclekedua/input_model_kedua'

2022-03-30 15:21:08 - [TEST_STEP][PASSED] - delay(1): Delayed 1 second(s)

2022-03-30 15:21:09 - [MESSAGE][PASSED] - Delayed 1 second(s)

2022-03-30 15:21:09 - [TEST_STEP][PASSED] - click(findTestObject("ME_CollateralAndLoan_Vehicle/div_ALL NEW HILUX_model_datavehicle"), OPTIONAL): Object: 'Object Repository/ME_CollateralAndLoan_Vehicle/div_ALL NEW HILUX_model_datavehicle' is clicked on

2022-03-30 15:21:09 - [MESSAGE][PASSED] - Object: 'Object Repository/ME_CollateralAndLoan_Vehicle/div_ALL NEW HILUX_model_datavehicle' is clicked on

2022-03-30 15:21:09 - [TEST_STEP][PASSED] - delay(1): Delayed 1 second(s)

2022-03-30 15:21:10 - [MESSAGE][PASSED] - Delayed 1 second(s)

2022-03-30 15:21:10 - [TEST_STEP][PASSED] - waitForElementPresent(findTestObject("ME_CollateralAndLoan_Vehicle/input_typekendaraan"), 0): Object 'Object Repository/ME_CollateralAndLoan_Vehicle/input_typekendaraan' is present

2022-03-30 15:21:10 - [MESSAGE][WARNING] - Timeout '0' is invalid. Using default page load timeout: '30'

2022-03-30 15:21:10 - [MESSAGE][PASSED] - Object 'Object Repository/ME_CollateralAndLoan_Vehicle/input_typekendaraan' is present

2022-03-30 15:21:10 - [TEST_STEP][PASSED] - click(findTestObject("ME_CollateralAndLoan_Vehicle/input_typekendaraan"), OPTIONAL): Object: 'Object Repository/ME_CollateralAndLoan_Vehicle/input_typekendaraan' is clicked on

2022-03-30 15:21:11 - [MESSAGE][PASSED] - Object: 'Object Repository/ME_CollateralAndLoan_Vehicle/input_typekendaraan' is clicked on

2022-03-30 15:21:11 - [TEST_STEP][PASSED] - delay(1): Delayed 1 second(s)

2022-03-30 15:21:12 - [MESSAGE][PASSED] - Delayed 1 second(s)

2022-03-30 15:21:12 - [TEST_STEP][PASSED] - setText(findTestObject("ME_CollateralAndLoan_Vehicle/input_typekendaraan"), "ALL NEW HI LUX DOUBLE CABIN 2.4 G (4X4) M/T DIESEL 2017", OPTIONAL): Text 'ALL NEW HI LUX DOUBLE CABIN 2.4 G (4X4) M/T DIESEL 2017' is set on object 'Object Repository/ME_CollateralAndLoan_Vehicle/input_typekendaraan'

2022-03-30 15:21:14 - [MESSAGE][PASSED] - Text 'ALL NEW HI LUX DOUBLE CABIN 2.4 G (4X4) M/T DIESEL 2017' is set on object 'Object Repository/ME_CollateralAndLoan_Vehicle/input_typekendaraan'

2022-03-30 15:21:14 - [TEST_STEP][PASSED] - delay(1): Delayed 1 second(s)

2022-03-30 15:21:15 - [MESSAGE][PASSED] - Delayed 1 second(s)

2022-03-30 15:21:15 - [TEST_STEP][PASSED] - waitForElementPresent(findTestObject("ME_CollateralAndLoan_Vehicle/div_ALL NEW HI LUX DOUBLE CABIN 2.4 G (4X4) MT DIESEL 2017_type_datavehicle"), 0): Object 'Object Repository/ME_CollateralAndLoan_Vehicle/div_ALL NEW HI LUX DOUBLE CABIN 2.4 G (4X4) MT DIESEL 2017_type_datavehicle' is present

2022-03-30 15:21:15 - [MESSAGE][WARNING] - Timeout '0' is invalid. Using default page load timeout: '30'

2022-03-30 15:21:15 - [MESSAGE][PASSED] - Object 'Object Repository/ME_CollateralAndLoan_Vehicle/div_ALL NEW HI LUX DOUBLE CABIN 2.4 G (4X4) MT DIESEL 2017_type_datavehicle' is present

2022-03-30 15:21:15 - [TEST_STEP][PASSED] - click(findTestObject("ME_CollateralAndLoan_Vehicle/div_ALL NEW HI LUX DOUBLE CABIN 2.4 G (4X4) MT DIESEL 2017_type_datavehicle"), OPTIONAL): Object: 'Object Repository/ME_CollateralAndLoan_Vehicle/div_ALL NEW HI LUX DOUBLE CABIN 2.4 G (4X4) MT DIESEL 2017_type_datavehicle' is clicked on

2022-03-30 15:21:16 - [MESSAGE][PASSED] - Object: 'Object Repository/ME_CollateralAndLoan_Vehicle/div_ALL NEW HI LUX DOUBLE CABIN 2.4 G (4X4) MT DIESEL 2017_type_datavehicle' is clicked on

2022-03-30 15:21:16 - [TEST_STEP][PASSED] - delay(1): Delayed 1 second(s)

2022-03-30 15:21:17 - [MESSAGE][PASSED] - Delayed 1 second(s)

2022-03-30 15:21:17 - [TEST_STEP][PASSED] - click(findTestObject("vehiclekedua/input_packet_kedua"), OPTIONAL): Object: 'Object Repository/vehiclekedua/input_packet_kedua' is clicked on

2022-03-30 15:21:17 - [MESSAGE][PASSED] - Object: 'Object Repository/vehiclekedua/input_packet_kedua' is clicked on

2022-03-30 15:21:17 - [TEST_STEP][PASSED] - delay(1): Delayed 1 second(s)

2022-03-30 15:21:18 - [MESSAGE][PASSED] - Delayed 1 second(s)

2022-03-30 15:21:18 - [TEST_STEP][PASSED] - setText(findTestObject("vehiclekedua/input_packet_kedua"), "BCAI - IIMS - SUBS OTR ADDB", OPTIONAL): Text 'BCAI - IIMS - SUBS OTR ADDB' is set on object 'Object Repository/vehiclekedua/input_packet_kedua'

2022-03-30 15:21:47 - [MESSAGE][PASSED] - Text 'BCAI - IIMS - SUBS OTR ADDB' is set on object 'Object Repository/vehiclekedua/input_packet_kedua'

2022-03-30 15:21:47 - [TEST_STEP][PASSED] - delay(1): Delayed 1 second(s)

2022-03-30 15:21:48 - [MESSAGE][PASSED] - Delayed 1 second(s)

2022-03-30 15:21:48 - [TEST_STEP][PASSED] - waitForElementPresent(findTestObject("ME_CollateralAndLoan_Vehicle/div_BCAI - IIMS - SUBS OTR ADDB"), 300): Object 'Object Repository/ME_CollateralAndLoan_Vehicle/div_BCAI - IIMS - SUBS OTR ADDB' is present

2022-03-30 15:21:49 - [MESSAGE][PASSED] - Object 'Object Repository/ME_CollateralAndLoan_Vehicle/div_BCAI - IIMS - SUBS OTR ADDB' is present

2022-03-30 15:21:49 - [TEST_STEP][PASSED] - delay(1): Delayed 1 second(s)

2022-03-30 15:21:50 - [MESSAGE][PASSED] - Delayed 1 second(s)

2022-03-30 15:21:50 - [TEST_STEP][PASSED] - click(findTestObject("ME_CollateralAndLoan_Vehicle/div_BCAI - IIMS - SUBS OTR ADDB")): Object: 'Object Repository/ME_CollateralAndLoan_Vehicle/div_BCAI - IIMS - SUBS OTR ADDB' is clicked on

2022-03-30 15:21:51 - [MESSAGE][PASSED] - Object: 'Object Repository/ME_CollateralAndLoan_Vehicle/div_BCAI - IIMS - SUBS OTR ADDB' is clicked on

2022-03-30 15:21:51 - [TEST_STEP][PASSED] - delay(1): Delayed 1 second(s)

2022-03-30 15:21:52 - [MESSAGE][PASSED] - Delayed 1 second(s)

2022-03-30 15:21:52 - [TEST_STEP][PASSED] - setText(findTestObject("ME_CollateralAndLoan_Vehicle/input_Keterangan Type Kendaraan_keteranganType"), "bekas"): Text 'bekas' is set on object 'Object Repository/ME_CollateralAndLoan_Vehicle/input_Keterangan Type Kendaraan_keteranganType'

2022-03-30 15:21:53 - [MESSAGE][PASSED] - Text 'bekas' is set on object 'Object Repository/ME_CollateralAndLoan_Vehicle/input_Keterangan Type Kendaraan_keteranganType'

2022-03-30 15:21:53 - [TEST_STEP][PASSED] - delay(1): Delayed 1 second(s)

2022-03-30 15:21:54 - [MESSAGE][PASSED] - Delayed 1 second(s)

2022-03-30 15:21:54 - [TEST_STEP][PASSED] - setText(findTestObject("ME_CollateralAndLoan_Vehicle/input_Year_year (1)"), "2020"): Text '2020' is set on object 'Object Repository/ME_CollateralAndLoan_Vehicle/input_Year_year (1)'

2022-03-30 15:21:54 - [MESSAGE][PASSED] - Text '2020' is set on object 'Object Repository/ME_CollateralAndLoan_Vehicle/input_Year_year (1)'

2022-03-30 15:21:54 - [TEST_STEP][PASSED] - delay(1): Delayed 1 second(s)

2022-03-30 15:21:55 - [MESSAGE][PASSED] - Delayed 1 second(s)

2022-03-30 15:21:55 - [TEST_STEP][PASSED] - click(findTestObject("ME_CollateralAndLoan_Vehicle/a_Capture File_bpkb")): Object: 'Object Repository/ME_CollateralAndLoan_Vehicle/a_Capture File_bpkb' is clicked on

2022-03-30 15:21:56 - [MESSAGE][PASSED] - Object: 'Object Repository/ME_CollateralAndLoan_Vehicle/a_Capture File_bpkb' is clicked on

2022-03-30 15:21:56 - [TEST_STEP][PASSED] - delay(1): Delayed 1 second(s)

2022-03-30 15:21:57 - [MESSAGE][PASSED] - Delayed 1 second(s)

2022-03-30 15:21:57 - [TEST_STEP][PASSED] - uploadFile(findTestObject("MEApp_AppBaru_InisiasiKonsumen/Capture_"), userDir + pathfinder_npwp): File 'D:/PROJECT/BCA/BCAF_MEAPP_i3/BCAF_MEAPP_i3/Assets/npwp-dummy.jpg' sent to object: 'Object Repository/MEApp_AppBaru_InisiasiKonsumen/Capture_'

2022-03-30 15:21:57 - [MESSAGE][PASSED] - File 'D:/PROJECT/BCA/BCAF_MEAPP_i3/BCAF_MEAPP_i3/Assets/npwp-dummy.jpg' sent to object: 'Object Repository/MEApp_AppBaru_InisiasiKonsumen/Capture_'

2022-03-30 15:21:57 - [TEST_STEP][PASSED] - delay(1): Delayed 1 second(s)

2022-03-30 15:21:58 - [MESSAGE][PASSED] - Delayed 1 second(s)

2022-03-30 15:21:58 - [TEST_STEP][PASSED] - click(findTestObject("ME_CollateralAndLoan_Vehicle/a_Capture Files_stnk_datavehicle")): Object: 'Object Repository/ME_CollateralAndLoan_Vehicle/a_Capture Files_stnk_datavehicle' is clicked on

2022-03-30 15:21:59 - [MESSAGE][PASSED] - Object: 'Object Repository/ME_CollateralAndLoan_Vehicle/a_Capture Files_stnk_datavehicle' is clicked on

2022-03-30 15:21:59 - [TEST_STEP][PASSED] - delay(1): Delayed 1 second(s)

2022-03-30 15:22:00 - [MESSAGE][PASSED] - Delayed 1 second(s)

2022-03-30 15:22:00 - [TEST_STEP][PASSED] - uploadFile(findTestObject("MEApp_AppBaru_InisiasiKonsumen/Capture_"), userDir + pathfinder_npwp): File 'D:/PROJECT/BCA/BCAF_MEAPP_i3/BCAF_MEAPP_i3/Assets/npwp-dummy.jpg' sent to object: 'Object Repository/MEApp_AppBaru_InisiasiKonsumen/Capture_'

2022-03-30 15:22:00 - [MESSAGE][PASSED] - File 'D:/PROJECT/BCA/BCAF_MEAPP_i3/BCAF_MEAPP_i3/Assets/npwp-dummy.jpg' sent to object: 'Object Repository/MEApp_AppBaru_InisiasiKonsumen/Capture_'

2022-03-30 15:22:00 - [TEST_STEP][PASSED] - delay(1): Delayed 1 second(s)

2022-03-30 15:22:01 - [MESSAGE][PASSED] - Delayed 1 second(s)

2022-03-30 15:22:01 - [TEST_STEP][PASSED] - setText(findTestObject("ME_CollateralAndLoan_Vehicle/input_Color_text-input (1)"), "hitam"): Text 'hitam' is set on object 'Object Repository/ME_CollateralAndLoan_Vehicle/input_Color_text-input (1)'

2022-03-30 15:22:02 - [MESSAGE][PASSED] - Text 'hitam' is set on object 'Object Repository/ME_CollateralAndLoan_Vehicle/input_Color_text-input (1)'

2022-03-30 15:22:02 - [TEST_STEP][PASSED] - delay(1): Delayed 1 second(s)

2022-03-30 15:22:03 - [MESSAGE][PASSED] - Delayed 1 second(s)

2022-03-30 15:22:03 - [TEST_STEP][PASSED] - setText(findTestObject("ME_CollateralAndLoan_Vehicle/input_BPKB No_text-input"), "1111111111"): Text '1111111111' is set on object 'Object Repository/ME_CollateralAndLoan_Vehicle/input_BPKB No_text-input'

2022-03-30 15:22:04 - [MESSAGE][PASSED] - Text '1111111111' is set on object 'Object Repository/ME_CollateralAndLoan_Vehicle/input_BPKB No_text-input'

2022-03-30 15:22:04 - [TEST_STEP][PASSED] - delay(1): Delayed 1 second(s)

2022-03-30 15:22:05 - [MESSAGE][PASSED] - Delayed 1 second(s)

2022-03-30 15:22:05 - [TEST_STEP][PASSED] - setText(findTestObject("ME_CollateralAndLoan_Vehicle/input_Engine No_text-input"), "1111111111"): Text '1111111111' is set on object 'Object Repository/ME_CollateralAndLoan_Vehicle/input_Engine No_text-input'

2022-03-30 15:22:05 - [MESSAGE][PASSED] - Text '1111111111' is set on object 'Object Repository/ME_CollateralAndLoan_Vehicle/input_Engine No_text-input'

2022-03-30 15:22:05 - [TEST_STEP][PASSED] - delay(1): Delayed 1 second(s)

2022-03-30 15:22:06 - [MESSAGE][PASSED] - Delayed 1 second(s)

2022-03-30 15:22:06 - [TEST_STEP][PASSED] - setText(findTestObject("ME_CollateralAndLoan_Vehicle/input_Police No_text-input"), "B1234AB"): Text 'B1234AB' is set on object 'Object Repository/ME_CollateralAndLoan_Vehicle/input_Police No_text-input'

2022-03-30 15:22:07 - [MESSAGE][PASSED] - Text 'B1234AB' is set on object 'Object Repository/ME_CollateralAndLoan_Vehicle/input_Police No_text-input'

2022-03-30 15:22:07 - [TEST_STEP][PASSED] - delay(1): Delayed 1 second(s)

2022-03-30 15:22:08 - [MESSAGE][PASSED] - Delayed 1 second(s)

2022-03-30 15:22:08 - [TEST_STEP][PASSED] - setText(findTestObject("ME_CollateralAndLoan_Vehicle/input_Body No_text-input"), "1111111111"): Text '1111111111' is set on object 'Object Repository/ME_CollateralAndLoan_Vehicle/input_Body No_text-input'

2022-03-30 15:22:09 - [MESSAGE][PASSED] - Text '1111111111' is set on object 'Object Repository/ME_CollateralAndLoan_Vehicle/input_Body No_text-input'

2022-03-30 15:22:09 - [TEST_STEP][PASSED] - delay(1): Delayed 1 second(s)

2022-03-30 15:22:10 - [MESSAGE][PASSED] - Delayed 1 second(s)

2022-03-30 15:22:10 - [TEST_STEP][PASSED] - click(findTestObject("vehiclekedua/input_purpose_kedua"), OPTIONAL): Object: 'Object Repository/vehiclekedua/input_purpose_kedua' is clicked on

2022-03-30 15:22:11 - [MESSAGE][PASSED] - Object: 'Object Repository/vehiclekedua/input_purpose_kedua' is clicked on

2022-03-30 15:22:11 - [TEST_STEP][PASSED] - delay(1): Delayed 1 second(s)

2022-03-30 15:22:12 - [MESSAGE][PASSED] - Delayed 1 second(s)

2022-03-30 15:22:12 - [TEST_STEP][PASSED] - setText(findTestObject("vehiclekedua/input_purpose_kedua"), "operasional", OPTIONAL): Text 'operasional' is set on object 'Object Repository/vehiclekedua/input_purpose_kedua'

2022-03-30 15:22:12 - [MESSAGE][PASSED] - Text 'operasional' is set on object 'Object Repository/vehiclekedua/input_purpose_kedua'

2022-03-30 15:22:12 - [TEST_STEP][PASSED] - delay(1): Delayed 1 second(s)

2022-03-30 15:22:13 - [MESSAGE][PASSED] - Delayed 1 second(s)

2022-03-30 15:22:13 - [TEST_STEP][PASSED] - click(findTestObject("ME_CollateralAndLoan_Vehicle/div_Operasional"), OPTIONAL): Object: 'Object Repository/ME_CollateralAndLoan_Vehicle/div_Operasional' is clicked on

2022-03-30 15:22:14 - [MESSAGE][PASSED] - Object: 'Object Repository/ME_CollateralAndLoan_Vehicle/div_Operasional' is clicked on

2022-03-30 15:22:14 - [TEST_STEP][PASSED] - delay(1): Delayed 1 second(s)

2022-03-30 15:22:15 - [MESSAGE][PASSED] - Delayed 1 second(s)

2022-03-30 15:22:15 - [TEST_STEP][PASSED] - setText(findTestObject("ME_CollateralAndLoan_Vehicle/input_BPKB Owner_text-input"), "sendiri"): Text 'sendiri' is set on object 'Object Repository/ME_CollateralAndLoan_Vehicle/input_BPKB Owner_text-input'

2022-03-30 15:22:16 - [MESSAGE][PASSED] - Text 'sendiri' is set on object 'Object Repository/ME_CollateralAndLoan_Vehicle/input_BPKB Owner_text-input'

2022-03-30 15:22:16 - [TEST_STEP][PASSED] - delay(1): Delayed 1 second(s)

2022-03-30 15:22:17 - [MESSAGE][PASSED] - Delayed 1 second(s)

2022-03-30 15:22:17 - [TEST_STEP][PASSED] - click(findTestObject("vehiclekedua/input_hubungan_bpkbownerdgdebitur_kedua"), OPTIONAL): Object: 'Object Repository/vehiclekedua/input_hubungan_bpkbownerdgdebitur_kedua' is clicked on

2022-03-30 15:22:17 - [MESSAGE][PASSED] - Object: 'Object Repository/vehiclekedua/input_hubungan_bpkbownerdgdebitur_kedua' is clicked on

2022-03-30 15:22:17 - [TEST_STEP][PASSED] - delay(1): Delayed 1 second(s)

2022-03-30 15:22:18 - [MESSAGE][PASSED] - Delayed 1 second(s)

2022-03-30 15:22:18 - [TEST_STEP][PASSED] - setText(findTestObject("vehiclekedua/input_hubungan_bpkbownerdgdebitur_kedua"), "pasangan", OPTIONAL): Text 'pasangan' is set on object 'Object Repository/vehiclekedua/input_hubungan_bpkbownerdgdebitur_kedua'

2022-03-30 15:22:19 - [MESSAGE][PASSED] - Text 'pasangan' is set on object 'Object Repository/vehiclekedua/input_hubungan_bpkbownerdgdebitur_kedua'

2022-03-30 15:22:19 - [TEST_STEP][PASSED] - delay(1): Delayed 1 second(s)

2022-03-30 15:22:20 - [MESSAGE][PASSED] - Delayed 1 second(s)

2022-03-30 15:22:20 - [TEST_STEP][PASSED] - click(findTestObject("ME_CollateralAndLoan_Vehicle/div_pasangan"), OPTIONAL): Object: 'Object Repository/ME_CollateralAndLoan_Vehicle/div_pasangan' is clicked on

2022-03-30 15:22:20 - [MESSAGE][PASSED] - Object: 'Object Repository/ME_CollateralAndLoan_Vehicle/div_pasangan' is clicked on

2022-03-30 15:22:20 - [TEST_STEP][PASSED] - delay(1): Delayed 1 second(s)

2022-03-30 15:22:21 - [MESSAGE][PASSED] - Delayed 1 second(s)

2022-03-30 15:22:21 - [TEST_STEP][PASSED] - click(findTestObject("ME_CollateralAndLoan_Vehicle/input_Tujuan Penggunaan Kendaraan_nonproduktif"), OPTIONAL): Object: 'Object Repository/ME_CollateralAndLoan_Vehicle/input_Tujuan Penggunaan Kendaraan_nonproduktif' is clicked on

2022-03-30 15:22:22 - [MESSAGE][PASSED] - Object: 'Object Repository/ME_CollateralAndLoan_Vehicle/input_Tujuan Penggunaan Kendaraan_nonproduktif' is clicked on

2022-03-30 15:22:22 - [TEST_STEP][PASSED] - delay(1): Delayed 1 second(s)

2022-03-30 15:22:23 - [MESSAGE][PASSED] - Delayed 1 second(s)

2022-03-30 15:22:23 - [TEST_STEP][PASSED] - click(findTestObject("ME_CollateralAndLoan_Vehicle/input_Tujuan Penggunaan Kendaraan_produktif"), OPTIONAL): Object: 'Object Repository/ME_CollateralAndLoan_Vehicle/input_Tujuan Penggunaan Kendaraan_produktif' is clicked on

2022-03-30 15:22:23 - [MESSAGE][PASSED] - Object: 'Object Repository/ME_CollateralAndLoan_Vehicle/input_Tujuan Penggunaan Kendaraan_produktif' is clicked on

2022-03-30 15:22:23 - [TEST_STEP][PASSED] - delay(1): Delayed 1 second(s)

2022-03-30 15:22:24 - [MESSAGE][PASSED] - Delayed 1 second(s)

2022-03-30 15:22:24 - [TEST_STEP][PASSED] - takeFullPageScreenshotAsCheckpoint(userDir + sprint4WebScreenshootPath + "scenario-2-berhasil-input-data-vehicle.png"): Taking screenshot successfully

2022-03-30 15:22:26 - [MESSAGE][INFO] - 0 hidden object(s)

2022-03-30 15:22:27 - [MESSAGE][PASSED] - Taking screenshot successfully
[[ATTACHMENT|D:\PROJECT\BCA\BCAF_MEAPP_i3\BCAF_MEAPP_i3\Screenshoot\Sprint4\Web\keyes\keyes-scenario-2-berhasil-input-data-vehicle.png]]

2022-03-30 15:22:27 - [TEST_STEP][PASSED] - markPassed("scenario 2 - berhasil input data vehicle"): scenario 2 - berhasil input data vehicle

2022-03-30 15:22:27 - [MESSAGE][PASSED] - scenario 2 - berhasil input data vehicle

2022-03-30 15:22:27 - [TEST_STEP][PASSED] - delay(1): Delayed 1 second(s)

2022-03-30 15:22:28 - [MESSAGE][PASSED] - Delayed 1 second(s)

2022-03-30 15:22:28 - [TEST_STEP][PASSED] - delay(1): Delayed 1 second(s)

2022-03-30 15:22:29 - [MESSAGE][PASSED] - Delayed 1 second(s)

2022-03-30 15:22:29 - [TEST_STEP][PASSED] - click(findTestObject("ME_CollateralAndLoan_Vehicle/button_Loan Data"), OPTIONAL): Object: 'Object Repository/ME_CollateralAndLoan_Vehicle/button_Loan Data' is clicked on

2022-03-30 15:22:30 - [MESSAGE][PASSED] - Object: 'Object Repository/ME_CollateralAndLoan_Vehicle/button_Loan Data' is clicked on

2022-03-30 15:22:30 - [TEST_STEP][PASSED] - delay(1): Delayed 1 second(s)

2022-03-30 15:22:31 - [MESSAGE][PASSED] - Delayed 1 second(s)

2022-03-30 15:22:31 - [TEST_STEP][PASSED] - takeFullPageScreenshotAsCheckpoint(userDir + sprint4WebScreenshootPath + "scenario-2-halaman-input-loan-data.png"): Taking screenshot successfully

2022-03-30 15:22:32 - [MESSAGE][INFO] - 0 hidden object(s)

2022-03-30 15:22:33 - [MESSAGE][PASSED] - Taking screenshot successfully
[[ATTACHMENT|D:\PROJECT\BCA\BCAF_MEAPP_i3\BCAF_MEAPP_i3\Screenshoot\Sprint4\Web\keyes\keyes-scenario-2-halaman-input-loan-data.png]]

2022-03-30 15:22:33 - [TEST_STEP][PASSED] - markPassed("scenario 2 - halaman input loan data"): scenario 2 - halaman input loan data

2022-03-30 15:22:33 - [MESSAGE][PASSED] - scenario 2 - halaman input loan data

2022-03-30 15:22:33 - [TEST_STEP][PASSED] - delay(1): Delayed 1 second(s)

2022-03-30 15:22:34 - [MESSAGE][PASSED] - Delayed 1 second(s)

2022-03-30 15:22:34 - [TEST_STEP][PASSED] - scrollToElement(findTestObject("ME_CollateralAndLoan_Vehicle/button_Loan Data"), 0): Scroll to object 'Object Repository/ME_CollateralAndLoan_Vehicle/button_Loan Data' successfully

2022-03-30 15:22:34 - [MESSAGE][WARNING] - Timeout '0' is invalid. Using default page load timeout: '30'

2022-03-30 15:22:34 - [MESSAGE][PASSED] - Scroll to object 'Object Repository/ME_CollateralAndLoan_Vehicle/button_Loan Data' successfully

2022-03-30 15:22:34 - [TEST_STEP][PASSED] - delay(1): Delayed 1 second(s)

2022-03-30 15:22:35 - [MESSAGE][PASSED] - Delayed 1 second(s)

2022-03-30 15:22:35 - [TEST_STEP][PASSED] - setText(findTestObject("ME_CollateralAndLoan_Vehicle/input_On The Road Price_otr"), "150000000"): Text '150000000' is set on object 'Object Repository/ME_CollateralAndLoan_Vehicle/input_On The Road Price_otr'

2022-03-30 15:22:36 - [MESSAGE][PASSED] - Text '150000000' is set on object 'Object Repository/ME_CollateralAndLoan_Vehicle/input_On The Road Price_otr'

2022-03-30 15:22:36 - [TEST_STEP][PASSED] - delay(1): Delayed 1 second(s)

2022-03-30 15:22:37 - [MESSAGE][PASSED] - Delayed 1 second(s)

2022-03-30 15:22:37 - [TEST_STEP][PASSED] - setText(findTestObject("ME_CollateralAndLoan_Vehicle/input_Down Payment_dpNominal"), "0"): Text '0' is set on object 'Object Repository/ME_CollateralAndLoan_Vehicle/input_Down Payment_dpNominal'

2022-03-30 15:22:38 - [MESSAGE][PASSED] - Text '0' is set on object 'Object Repository/ME_CollateralAndLoan_Vehicle/input_Down Payment_dpNominal'

2022-03-30 15:22:38 - [TEST_STEP][PASSED] - delay(1): Delayed 1 second(s)

2022-03-30 15:22:39 - [MESSAGE][PASSED] - Delayed 1 second(s)

2022-03-30 15:22:39 - [TEST_STEP][PASSED] - setText(findTestObject("ME_CollateralAndLoan_Vehicle/input_DP_dpPercent"), "30"): Text '30' is set on object 'Object Repository/ME_CollateralAndLoan_Vehicle/input_DP_dpPercent'

2022-03-30 15:22:40 - [MESSAGE][PASSED] - Text '30' is set on object 'Object Repository/ME_CollateralAndLoan_Vehicle/input_DP_dpPercent'

2022-03-30 15:22:40 - [TEST_STEP][PASSED] - delay(1): Delayed 1 second(s)

2022-03-30 15:22:41 - [MESSAGE][PASSED] - Delayed 1 second(s)

2022-03-30 15:22:41 - [TEST_STEP][PASSED] - setText(findTestObject("ME_CollateralAndLoan_Vehicle/input_Tenor (bulan)_tenor1"), "48"): Text '48' is set on object 'Object Repository/ME_CollateralAndLoan_Vehicle/input_Tenor (bulan)_tenor1'

2022-03-30 15:22:42 - [MESSAGE][PASSED] - Text '48' is set on object 'Object Repository/ME_CollateralAndLoan_Vehicle/input_Tenor (bulan)_tenor1'

2022-03-30 15:22:42 - [TEST_STEP][PASSED] - delay(1): Delayed 1 second(s)

2022-03-30 15:22:43 - [MESSAGE][PASSED] - Delayed 1 second(s)

2022-03-30 15:22:43 - [TEST_STEP][PASSED] - click(findTestObject("ME_CollateralAndLoan_Vehicle/input_Loan Type_inadvance"), OPTIONAL): Object: 'Object Repository/ME_CollateralAndLoan_Vehicle/input_Loan Type_inadvance' is clicked on

2022-03-30 15:22:43 - [MESSAGE][PASSED] - Object: 'Object Repository/ME_CollateralAndLoan_Vehicle/input_Loan Type_inadvance' is clicked on

2022-03-30 15:22:43 - [TEST_STEP][PASSED] - delay(1): Delayed 1 second(s)

2022-03-30 15:22:44 - [MESSAGE][PASSED] - Delayed 1 second(s)

2022-03-30 15:22:44 - [TEST_STEP][PASSED] - setText(findTestObject("ME_CollateralAndLoan_Vehicle/input_Flat Rate_flatRate"), "7"): Text '7' is set on object 'Object Repository/ME_CollateralAndLoan_Vehicle/input_Flat Rate_flatRate'

2022-03-30 15:22:45 - [MESSAGE][PASSED] - Text '7' is set on object 'Object Repository/ME_CollateralAndLoan_Vehicle/input_Flat Rate_flatRate'

2022-03-30 15:22:45 - [TEST_STEP][PASSED] - delay(1): Delayed 1 second(s)

2022-03-30 15:22:46 - [MESSAGE][PASSED] - Delayed 1 second(s)

2022-03-30 15:22:46 - [TEST_STEP][PASSED] - setText(findTestObject("ME_CollateralAndLoan_Vehicle/input_Flat Rate 2_flatRate2"), "7"): Text '7' is set on object 'Object Repository/ME_CollateralAndLoan_Vehicle/input_Flat Rate 2_flatRate2'

2022-03-30 15:22:46 - [MESSAGE][PASSED] - Text '7' is set on object 'Object Repository/ME_CollateralAndLoan_Vehicle/input_Flat Rate 2_flatRate2'

2022-03-30 15:22:46 - [TEST_STEP][PASSED] - delay(1): Delayed 1 second(s)

2022-03-30 15:22:47 - [MESSAGE][PASSED] - Delayed 1 second(s)

2022-03-30 15:22:47 - [TEST_STEP][PASSED] - click(findTestObject("ME_CollateralAndLoan_Vehicle/input_Effective Rate_effectiveRate"), OPTIONAL): Object: 'Object Repository/ME_CollateralAndLoan_Vehicle/input_Effective Rate_effectiveRate' is clicked on

2022-03-30 15:22:48 - [MESSAGE][PASSED] - Object: 'Object Repository/ME_CollateralAndLoan_Vehicle/input_Effective Rate_effectiveRate' is clicked on

2022-03-30 15:22:48 - [TEST_STEP][PASSED] - delay(1): Delayed 1 second(s)

2022-03-30 15:22:49 - [MESSAGE][PASSED] - Delayed 1 second(s)

2022-03-30 15:22:49 - [TEST_STEP][PASSED] - click(findTestObject("ME_CollateralAndLoan_Vehicle/input_Effective Rate 2_effectiveRate2"), OPTIONAL): Object: 'Object Repository/ME_CollateralAndLoan_Vehicle/input_Effective Rate 2_effectiveRate2' is clicked on

2022-03-30 15:22:49 - [MESSAGE][PASSED] - Object: 'Object Repository/ME_CollateralAndLoan_Vehicle/input_Effective Rate 2_effectiveRate2' is clicked on

2022-03-30 15:22:49 - [TEST_STEP][PASSED] - delay(1): Delayed 1 second(s)

2022-03-30 15:22:50 - [MESSAGE][PASSED] - Delayed 1 second(s)

2022-03-30 15:22:50 - [TEST_STEP][PASSED] - setText(findTestObject("ME_CollateralAndLoan_Vehicle/input_Provisional Percent_provisionPercent"), "2"): Text '2' is set on object 'Object Repository/ME_CollateralAndLoan_Vehicle/input_Provisional Percent_provisionPercent'

2022-03-30 15:22:51 - [MESSAGE][PASSED] - Text '2' is set on object 'Object Repository/ME_CollateralAndLoan_Vehicle/input_Provisional Percent_provisionPercent'

2022-03-30 15:22:51 - [TEST_STEP][PASSED] - delay(1): Delayed 1 second(s)

2022-03-30 15:22:52 - [MESSAGE][PASSED] - Delayed 1 second(s)

2022-03-30 15:22:52 - [TEST_STEP][PASSED] - click(findTestObject("ME_CollateralAndLoan_Vehicle/input_Provisional Payment_prepaid"), OPTIONAL): Object: 'Object Repository/ME_CollateralAndLoan_Vehicle/input_Provisional Payment_prepaid' is clicked on

2022-03-30 15:22:53 - [MESSAGE][PASSED] - Object: 'Object Repository/ME_CollateralAndLoan_Vehicle/input_Provisional Payment_prepaid' is clicked on

2022-03-30 15:22:53 - [TEST_STEP][PASSED] - delay(1): Delayed 1 second(s)

2022-03-30 15:22:54 - [MESSAGE][PASSED] - Delayed 1 second(s)

2022-03-30 15:22:54 - [TEST_STEP][PASSED] - setText(findTestObject("ME_CollateralAndLoan_Vehicle/input_Adm Fee_admFee"), "2000000"): Text '2000000' is set on object 'Object Repository/ME_CollateralAndLoan_Vehicle/input_Adm Fee_admFee'

2022-03-30 15:22:54 - [MESSAGE][PASSED] - Text '2000000' is set on object 'Object Repository/ME_CollateralAndLoan_Vehicle/input_Adm Fee_admFee'

2022-03-30 15:22:54 - [TEST_STEP][PASSED] - delay(1): Delayed 1 second(s)

2022-03-30 15:22:55 - [MESSAGE][PASSED] - Delayed 1 second(s)

2022-03-30 15:22:55 - [TEST_STEP][PASSED] - click(findTestObject("ME_CollateralAndLoan_Vehicle/input_Adm Fee Payment_onloan"), OPTIONAL): Object: 'Object Repository/ME_CollateralAndLoan_Vehicle/input_Adm Fee Payment_onloan' is clicked on

2022-03-30 15:22:56 - [MESSAGE][PASSED] - Object: 'Object Repository/ME_CollateralAndLoan_Vehicle/input_Adm Fee Payment_onloan' is clicked on

2022-03-30 15:22:56 - [TEST_STEP][PASSED] - delay(1): Delayed 1 second(s)

2022-03-30 15:22:57 - [MESSAGE][PASSED] - Delayed 1 second(s)

2022-03-30 15:22:57 - [TEST_STEP][PASSED] - click(findTestObject("ME_CollateralAndLoan_Vehicle/input_Adm Fee Payment_prepaid"), OPTIONAL): Object: 'Object Repository/ME_CollateralAndLoan_Vehicle/input_Adm Fee Payment_prepaid' is clicked on

2022-03-30 15:22:57 - [MESSAGE][PASSED] - Object: 'Object Repository/ME_CollateralAndLoan_Vehicle/input_Adm Fee Payment_prepaid' is clicked on

2022-03-30 15:22:57 - [TEST_STEP][PASSED] - delay(1): Delayed 1 second(s)

2022-03-30 15:22:58 - [MESSAGE][PASSED] - Delayed 1 second(s)

2022-03-30 15:22:58 - [TEST_STEP][PASSED] - click(findTestObject("ME_CollateralAndLoan_Vehicle/input_gabung_jenisUnit20"), OPTIONAL): Object: 'Object Repository/ME_CollateralAndLoan_Vehicle/input_gabung_jenisUnit20' is clicked on

2022-03-30 15:22:59 - [MESSAGE][PASSED] - Object: 'Object Repository/ME_CollateralAndLoan_Vehicle/input_gabung_jenisUnit20' is clicked on

2022-03-30 15:22:59 - [TEST_STEP][PASSED] - takeFullPageScreenshotAsCheckpoint(userDir + sprint4WebScreenshootPath + "scenario-2-berhasil-input-data-loan.png"): Taking screenshot successfully

2022-03-30 15:23:01 - [MESSAGE][INFO] - 0 hidden object(s)

2022-03-30 15:23:02 - [MESSAGE][PASSED] - Taking screenshot successfully
[[ATTACHMENT|D:\PROJECT\BCA\BCAF_MEAPP_i3\BCAF_MEAPP_i3\Screenshoot\Sprint4\Web\keyes\keyes-scenario-2-berhasil-input-data-loan.png]]

2022-03-30 15:23:02 - [TEST_STEP][PASSED] - markPassed("scenario 2 - berhasil input data loan"): scenario 2 - berhasil input data loan

2022-03-30 15:23:02 - [MESSAGE][PASSED] - scenario 2 - berhasil input data loan

2022-03-30 15:23:02 - [TEST_STEP][PASSED] - delay(1): Delayed 1 second(s)

2022-03-30 15:23:03 - [MESSAGE][PASSED] - Delayed 1 second(s)

2022-03-30 15:23:03 - [TEST_STEP][PASSED] - delay(1): Delayed 1 second(s)

2022-03-30 15:23:04 - [MESSAGE][PASSED] - Delayed 1 second(s)

2022-03-30 15:23:04 - [TEST_STEP][PASSED] - click(findTestObject("ME_CollateralAndLoan_Vehicle/button_Insurance"), OPTIONAL): Object: 'Object Repository/ME_CollateralAndLoan_Vehicle/button_Insurance' is clicked on

2022-03-30 15:23:04 - [MESSAGE][PASSED] - Object: 'Object Repository/ME_CollateralAndLoan_Vehicle/button_Insurance' is clicked on

2022-03-30 15:23:04 - [TEST_STEP][PASSED] - delay(1): Delayed 1 second(s)

2022-03-30 15:23:05 - [MESSAGE][PASSED] - Delayed 1 second(s)

2022-03-30 15:23:05 - [TEST_STEP][PASSED] - click(findTestObject("ME_CollateralAndLoan_Vehicle/input_Insurance_inline-checkbox1"), OPTIONAL): Object: 'Object Repository/ME_CollateralAndLoan_Vehicle/input_Insurance_inline-checkbox1' is clicked on

2022-03-30 15:23:06 - [MESSAGE][PASSED] - Object: 'Object Repository/ME_CollateralAndLoan_Vehicle/input_Insurance_inline-checkbox1' is clicked on

2022-03-30 15:23:06 - [TEST_STEP][PASSED] - delay(1): Delayed 1 second(s)

2022-03-30 15:23:07 - [MESSAGE][PASSED] - Delayed 1 second(s)

2022-03-30 15:23:07 - [TEST_STEP][PASSED] - takeFullPageScreenshotAsCheckpoint(userDir + sprint4WebScreenshootPath + "scenario-2-halaman-input-insurance.png"): Taking screenshot successfully

2022-03-30 15:23:08 - [MESSAGE][INFO] - 0 hidden object(s)

2022-03-30 15:23:09 - [MESSAGE][PASSED] - Taking screenshot successfully
[[ATTACHMENT|D:\PROJECT\BCA\BCAF_MEAPP_i3\BCAF_MEAPP_i3\Screenshoot\Sprint4\Web\keyes\keyes-scenario-2-halaman-input-insurance.png]]

2022-03-30 15:23:09 - [TEST_STEP][PASSED] - markPassed("scenario 2 - halaman input insurance"): scenario 2 - halaman input insurance

2022-03-30 15:23:09 - [MESSAGE][PASSED] - scenario 2 - halaman input insurance

2022-03-30 15:23:09 - [TEST_STEP][PASSED] - delay(1): Delayed 1 second(s)

2022-03-30 15:23:10 - [MESSAGE][PASSED] - Delayed 1 second(s)

2022-03-30 15:23:10 - [TEST_STEP][PASSED] - setText(findTestObject("vehiclekedua/input_carinsurance_kedua"), "NO INSURANCE"): Text 'NO INSURANCE' is set on object 'Object Repository/vehiclekedua/input_carinsurance_kedua'

2022-03-30 15:23:11 - [MESSAGE][PASSED] - Text 'NO INSURANCE' is set on object 'Object Repository/vehiclekedua/input_carinsurance_kedua'

2022-03-30 15:23:11 - [TEST_STEP][PASSED] - delay(1): Delayed 1 second(s)

2022-03-30 15:23:12 - [MESSAGE][PASSED] - Delayed 1 second(s)

2022-03-30 15:23:12 - [TEST_STEP][PASSED] - click(findTestObject("vehiclekedua/div_NO INSURANCE_kedua"), OPTIONAL): Object: 'Object Repository/vehiclekedua/div_NO INSURANCE_kedua' is clicked on

2022-03-30 15:23:12 - [MESSAGE][PASSED] - Object: 'Object Repository/vehiclekedua/div_NO INSURANCE_kedua' is clicked on

2022-03-30 15:23:12 - [TEST_STEP][PASSED] - delay(1): Delayed 1 second(s)

2022-03-30 15:23:13 - [MESSAGE][PASSED] - Delayed 1 second(s)

2022-03-30 15:23:13 - [TEST_STEP][PASSED] - click(findTestObject("vehiclekedua/input_carinsurancebranch_kedua"), OPTIONAL): Object: 'Object Repository/vehiclekedua/input_carinsurancebranch_kedua' is clicked on

2022-03-30 15:23:14 - [MESSAGE][PASSED] - Object: 'Object Repository/vehiclekedua/input_carinsurancebranch_kedua' is clicked on

2022-03-30 15:23:14 - [TEST_STEP][PASSED] - delay(1): Delayed 1 second(s)

2022-03-30 15:23:15 - [MESSAGE][PASSED] - Delayed 1 second(s)

2022-03-30 15:23:15 - [TEST_STEP][PASSED] - setText(findTestObject("vehiclekedua/input_carinsurancebranch_kedua"), "NO INSURANCE", OPTIONAL): Text 'NO INSURANCE' is set on object 'Object Repository/vehiclekedua/input_carinsurancebranch_kedua'

2022-03-30 15:23:16 - [MESSAGE][PASSED] - Text 'NO INSURANCE' is set on object 'Object Repository/vehiclekedua/input_carinsurancebranch_kedua'

2022-03-30 15:23:16 - [TEST_STEP][PASSED] - delay(1): Delayed 1 second(s)

2022-03-30 15:23:17 - [MESSAGE][PASSED] - Delayed 1 second(s)

2022-03-30 15:23:17 - [TEST_STEP][PASSED] - click(findTestObject("ME_CollateralAndLoan_Vehicle/div_NO INSURANCE_branch"), OPTIONAL): Object: 'Object Repository/ME_CollateralAndLoan_Vehicle/div_NO INSURANCE_branch' is clicked on

2022-03-30 15:23:17 - [MESSAGE][PASSED] - Object: 'Object Repository/ME_CollateralAndLoan_Vehicle/div_NO INSURANCE_branch' is clicked on

2022-03-30 15:23:17 - [TEST_STEP][PASSED] - delay(1): Delayed 1 second(s)

2022-03-30 15:23:18 - [MESSAGE][PASSED] - Delayed 1 second(s)

2022-03-30 15:23:18 - [TEST_STEP][PASSED] - click(findTestObject("vehiclekedua/input_carinsurancetype_kedua")): Object: 'Object Repository/vehiclekedua/input_carinsurancetype_kedua' is clicked on

2022-03-30 15:23:19 - [MESSAGE][PASSED] - Object: 'Object Repository/vehiclekedua/input_carinsurancetype_kedua' is clicked on

2022-03-30 15:23:19 - [TEST_STEP][PASSED] - delay(1): Delayed 1 second(s)

2022-03-30 15:23:20 - [MESSAGE][PASSED] - Delayed 1 second(s)

2022-03-30 15:23:20 - [TEST_STEP][PASSED] - setText(findTestObject("vehiclekedua/input_carinsurancetype_kedua"), "all risk"): Text 'all risk' is set on object 'Object Repository/vehiclekedua/input_carinsurancetype_kedua'

2022-03-30 15:23:20 - [MESSAGE][PASSED] - Text 'all risk' is set on object 'Object Repository/vehiclekedua/input_carinsurancetype_kedua'

2022-03-30 15:23:20 - [TEST_STEP][PASSED] - delay(1): Delayed 1 second(s)

2022-03-30 15:23:21 - [MESSAGE][PASSED] - Delayed 1 second(s)

2022-03-30 15:23:21 - [TEST_STEP][PASSED] - click(findTestObject("vehiclekedua/div_All Risk_kedua")): Object: 'Object Repository/vehiclekedua/div_All Risk_kedua' is clicked on

2022-03-30 15:23:22 - [MESSAGE][PASSED] - Object: 'Object Repository/vehiclekedua/div_All Risk_kedua' is clicked on

2022-03-30 15:23:22 - [TEST_STEP][PASSED] - delay(1): Delayed 1 second(s)

2022-03-30 15:23:23 - [MESSAGE][PASSED] - Delayed 1 second(s)

2022-03-30 15:23:23 - [TEST_STEP][PASSED] - click(findTestObject("ME_CollateralAndLoan_Vehicle/input_RSCC_carInsuranceRscc0")): Object: 'Object Repository/ME_CollateralAndLoan_Vehicle/input_RSCC_carInsuranceRscc0' is clicked on

2022-03-30 15:23:23 - [MESSAGE][PASSED] - Object: 'Object Repository/ME_CollateralAndLoan_Vehicle/input_RSCC_carInsuranceRscc0' is clicked on

2022-03-30 15:23:23 - [TEST_STEP][PASSED] - delay(1): Delayed 1 second(s)

2022-03-30 15:23:24 - [MESSAGE][PASSED] - Delayed 1 second(s)

2022-03-30 15:23:24 - [TEST_STEP][PASSED] - click(findTestObject("ME_CollateralAndLoan_Vehicle/input_RSMB_carInsuranceRsmb0")): Object: 'Object Repository/ME_CollateralAndLoan_Vehicle/input_RSMB_carInsuranceRsmb0' is clicked on

2022-03-30 15:23:25 - [MESSAGE][PASSED] - Object: 'Object Repository/ME_CollateralAndLoan_Vehicle/input_RSMB_carInsuranceRsmb0' is clicked on

2022-03-30 15:23:25 - [TEST_STEP][PASSED] - delay(1): Delayed 1 second(s)

2022-03-30 15:23:26 - [MESSAGE][PASSED] - Delayed 1 second(s)

2022-03-30 15:23:26 - [TEST_STEP][PASSED] - click(findTestObject("ME_CollateralAndLoan_Vehicle/input_Insurance Payment_prepaid")): Object: 'Object Repository/ME_CollateralAndLoan_Vehicle/input_Insurance Payment_prepaid' is clicked on

2022-03-30 15:23:26 - [MESSAGE][PASSED] - Object: 'Object Repository/ME_CollateralAndLoan_Vehicle/input_Insurance Payment_prepaid' is clicked on

2022-03-30 15:23:26 - [TEST_STEP][PASSED] - delay(1): Delayed 1 second(s)

2022-03-30 15:23:27 - [MESSAGE][PASSED] - Delayed 1 second(s)

2022-03-30 15:23:27 - [TEST_STEP][PASSED] - click(findTestObject("ME_CollateralAndLoan_Vehicle/input_Machine Warranty_lifeInsurance")): Object: 'Object Repository/ME_CollateralAndLoan_Vehicle/input_Machine Warranty_lifeInsurance' is clicked on

2022-03-30 15:23:28 - [MESSAGE][PASSED] - Object: 'Object Repository/ME_CollateralAndLoan_Vehicle/input_Machine Warranty_lifeInsurance' is clicked on

2022-03-30 15:23:28 - [TEST_STEP][PASSED] - delay(1): Delayed 1 second(s)

2022-03-30 15:23:29 - [MESSAGE][PASSED] - Delayed 1 second(s)

2022-03-30 15:23:29 - [TEST_STEP][PASSED] - takeFullPageScreenshotAsCheckpoint(userDir + sprint4WebScreenshootPath + "scenario-2-halaman-input-life-insurance.png"): Taking screenshot successfully

2022-03-30 15:23:30 - [MESSAGE][INFO] - 0 hidden object(s)

2022-03-30 15:23:31 - [MESSAGE][PASSED] - Taking screenshot successfully
[[ATTACHMENT|D:\PROJECT\BCA\BCAF_MEAPP_i3\BCAF_MEAPP_i3\Screenshoot\Sprint4\Web\keyes\keyes-scenario-2-halaman-input-life-insurance.png]]

2022-03-30 15:23:31 - [TEST_STEP][PASSED] - markPassed("scenario 2 - halaman input life insurance"): scenario 2 - halaman input life insurance

2022-03-30 15:23:31 - [MESSAGE][PASSED] - scenario 2 - halaman input life insurance

2022-03-30 15:23:31 - [TEST_STEP][PASSED] - delay(1): Delayed 1 second(s)

2022-03-30 15:23:32 - [MESSAGE][PASSED] - Delayed 1 second(s)

2022-03-30 15:23:32 - [TEST_STEP][PASSED] - scrollToElement(findTestObject("ME_CollateralAndLoan_Vehicle/a_Calculate All Unit (1)"), 0): Scroll to object 'Object Repository/ME_CollateralAndLoan_Vehicle/a_Calculate All Unit (1)' successfully

2022-03-30 15:23:32 - [MESSAGE][WARNING] - Timeout '0' is invalid. Using default page load timeout: '30'

2022-03-30 15:23:32 - [MESSAGE][PASSED] - Scroll to object 'Object Repository/ME_CollateralAndLoan_Vehicle/a_Calculate All Unit (1)' successfully

2022-03-30 15:23:32 - [TEST_STEP][PASSED] - delay(1): Delayed 1 second(s)

2022-03-30 15:23:33 - [MESSAGE][PASSED] - Delayed 1 second(s)

2022-03-30 15:23:33 - [TEST_STEP][PASSED] - click(findTestObject("vehiclekedua/input_lifeinsurancecorp_kedua"), OPTIONAL): Object: 'Object Repository/vehiclekedua/input_lifeinsurancecorp_kedua' is clicked on

2022-03-30 15:23:34 - [MESSAGE][PASSED] - Object: 'Object Repository/vehiclekedua/input_lifeinsurancecorp_kedua' is clicked on

2022-03-30 15:23:34 - [TEST_STEP][PASSED] - delay(1): Delayed 1 second(s)

2022-03-30 15:23:35 - [MESSAGE][PASSED] - Delayed 1 second(s)

2022-03-30 15:23:35 - [TEST_STEP][PASSED] - setText(findTestObject("vehiclekedua/input_lifeinsurancecorp_kedua"), "ASURANSI LAINNYA", OPTIONAL): Text 'ASURANSI LAINNYA' is set on object 'Object Repository/vehiclekedua/input_lifeinsurancecorp_kedua'

2022-03-30 15:23:36 - [MESSAGE][PASSED] - Text 'ASURANSI LAINNYA' is set on object 'Object Repository/vehiclekedua/input_lifeinsurancecorp_kedua'

2022-03-30 15:23:36 - [TEST_STEP][PASSED] - delay(1): Delayed 1 second(s)

2022-03-30 15:23:37 - [MESSAGE][PASSED] - Delayed 1 second(s)

2022-03-30 15:23:37 - [TEST_STEP][PASSED] - click(findTestObject("vehiclekedua/div_ASURANSI LAINNYA_kedua"), OPTIONAL): Object: 'Object Repository/vehiclekedua/div_ASURANSI LAINNYA_kedua' is clicked on

2022-03-30 15:23:38 - [MESSAGE][PASSED] - Object: 'Object Repository/vehiclekedua/div_ASURANSI LAINNYA_kedua' is clicked on

2022-03-30 15:23:38 - [TEST_STEP][PASSED] - delay(1): Delayed 1 second(s)

2022-03-30 15:23:39 - [MESSAGE][PASSED] - Delayed 1 second(s)

2022-03-30 15:23:39 - [TEST_STEP][PASSED] - click(findTestObject("vehiclekedua/input_lifeinsurancebranch_kedua"), OPTIONAL): Object: 'Object Repository/vehiclekedua/input_lifeinsurancebranch_kedua' is clicked on

2022-03-30 15:23:39 - [MESSAGE][PASSED] - Object: 'Object Repository/vehiclekedua/input_lifeinsurancebranch_kedua' is clicked on

2022-03-30 15:23:39 - [TEST_STEP][PASSED] - delay(1): Delayed 1 second(s)

2022-03-30 15:23:40 - [MESSAGE][PASSED] - Delayed 1 second(s)

2022-03-30 15:23:40 - [TEST_STEP][PASSED] - setText(findTestObject("vehiclekedua/input_lifeinsurancebranch_kedua"), "AS. LAINNYA", OPTIONAL): Text 'AS. LAINNYA' is set on object 'Object Repository/vehiclekedua/input_lifeinsurancebranch_kedua'

2022-03-30 15:23:41 - [MESSAGE][PASSED] - Text 'AS. LAINNYA' is set on object 'Object Repository/vehiclekedua/input_lifeinsurancebranch_kedua'

2022-03-30 15:23:41 - [TEST_STEP][PASSED] - delay(1): Delayed 1 second(s)

2022-03-30 15:23:42 - [MESSAGE][PASSED] - Delayed 1 second(s)

2022-03-30 15:23:42 - [TEST_STEP][PASSED] - click(findTestObject("ME_CollateralAndLoan_Vehicle/div_AS. LAINNYA_lifeinsurance"), OPTIONAL): Object: 'Object Repository/ME_CollateralAndLoan_Vehicle/div_AS. LAINNYA_lifeinsurance' is clicked on

2022-03-30 15:23:42 - [MESSAGE][PASSED] - Object: 'Object Repository/ME_CollateralAndLoan_Vehicle/div_AS. LAINNYA_lifeinsurance' is clicked on

2022-03-30 15:23:42 - [TEST_STEP][PASSED] - delay(1): Delayed 1 second(s)

2022-03-30 15:23:44 - [MESSAGE][PASSED] - Delayed 1 second(s)

2022-03-30 15:23:44 - [TEST_STEP][PASSED] - click(findTestObject("ME_CollateralAndLoan_Vehicle/input_Annual_lifeInsurancePayment"), OPTIONAL): Object: 'Object Repository/ME_CollateralAndLoan_Vehicle/input_Annual_lifeInsurancePayment' is clicked on

2022-03-30 15:23:44 - [MESSAGE][PASSED] - Object: 'Object Repository/ME_CollateralAndLoan_Vehicle/input_Annual_lifeInsurancePayment' is clicked on

2022-03-30 15:23:44 - [TEST_STEP][PASSED] - delay(1): Delayed 1 second(s)

2022-03-30 15:23:45 - [MESSAGE][PASSED] - Delayed 1 second(s)

2022-03-30 15:23:45 - [TEST_STEP][PASSED] - takeFullPageScreenshotAsCheckpoint(userDir + sprint4WebScreenshootPath + "scenario-2-berhasil-input-data-insurance.png"): Taking screenshot successfully

2022-03-30 15:23:47 - [MESSAGE][INFO] - 0 hidden object(s)

2022-03-30 15:23:47 - [MESSAGE][PASSED] - Taking screenshot successfully
[[ATTACHMENT|D:\PROJECT\BCA\BCAF_MEAPP_i3\BCAF_MEAPP_i3\Screenshoot\Sprint4\Web\keyes\keyes-scenario-2-berhasil-input-data-insurance.png]]

2022-03-30 15:23:47 - [TEST_STEP][PASSED] - markPassed("scenario 2 - berhasil input data insurance"): scenario 2 - berhasil input data insurance

2022-03-30 15:23:47 - [MESSAGE][PASSED] - scenario 2 - berhasil input data insurance

2022-03-30 15:23:47 - [TEST_STEP][PASSED] - delay(1): Delayed 1 second(s)

2022-03-30 15:23:48 - [MESSAGE][PASSED] - Delayed 1 second(s)

2022-03-30 15:23:48 - [TEST_STEP][PASSED] - click(findTestObject("ME_CollateralAndLoan_Vehicle/button_Note"), OPTIONAL): Object: 'Object Repository/ME_CollateralAndLoan_Vehicle/button_Note' is clicked on

2022-03-30 15:23:49 - [MESSAGE][PASSED] - Object: 'Object Repository/ME_CollateralAndLoan_Vehicle/button_Note' is clicked on

2022-03-30 15:23:49 - [TEST_STEP][PASSED] - delay(1): Delayed 1 second(s)

2022-03-30 15:23:50 - [MESSAGE][PASSED] - Delayed 1 second(s)

2022-03-30 15:23:50 - [TEST_STEP][PASSED] - takeFullPageScreenshotAsCheckpoint(userDir + sprint4WebScreenshootPath + "scenario-2-submenu-notes.png"): Taking screenshot successfully

2022-03-30 15:23:51 - [MESSAGE][INFO] - 0 hidden object(s)

2022-03-30 15:23:51 - [MESSAGE][PASSED] - Taking screenshot successfully
[[ATTACHMENT|D:\PROJECT\BCA\BCAF_MEAPP_i3\BCAF_MEAPP_i3\Screenshoot\Sprint4\Web\keyes\keyes-scenario-2-submenu-notes.png]]

2022-03-30 15:23:51 - [TEST_STEP][PASSED] - markPassed("scenario 2 - submenu notes"): scenario 2 - submenu notes

2022-03-30 15:23:51 - [MESSAGE][PASSED] - scenario 2 - submenu notes

2022-03-30 15:23:51 - [TEST_STEP][PASSED] - delay(1): Delayed 1 second(s)

2022-03-30 15:23:52 - [MESSAGE][PASSED] - Delayed 1 second(s)

2022-03-30 15:23:52 - [TEST_STEP][PASSED] - setText(findTestObject("ME_CollateralAndLoan_Vehicle/textarea_Note CMO_noteCMO"), "notes cmo note cmo"): Text 'notes cmo note cmo' is set on object 'Object Repository/ME_CollateralAndLoan_Vehicle/textarea_Note CMO_noteCMO'

2022-03-30 15:23:53 - [MESSAGE][PASSED] - Text 'notes cmo note cmo' is set on object 'Object Repository/ME_CollateralAndLoan_Vehicle/textarea_Note CMO_noteCMO'

2022-03-30 15:23:53 - [TEST_STEP][PASSED] - delay(1): Delayed 1 second(s)

2022-03-30 15:23:54 - [MESSAGE][PASSED] - Delayed 1 second(s)

2022-03-30 15:23:54 - [TEST_STEP][PASSED] - takeFullPageScreenshotAsCheckpoint(userDir + sprint4WebScreenshootPath + "scenario-2-submenu-notes.png"): Taking screenshot successfully

2022-03-30 15:23:55 - [MESSAGE][INFO] - 0 hidden object(s)

2022-03-30 15:23:56 - [MESSAGE][PASSED] - Taking screenshot successfully
[[ATTACHMENT|D:\PROJECT\BCA\BCAF_MEAPP_i3\BCAF_MEAPP_i3\Screenshoot\Sprint4\Web\keyes\keyes-scenario-2-submenu-notes.png]]

2022-03-30 15:23:56 - [TEST_STEP][PASSED] - markPassed("scenario 2 - berhasil input  notes CMO"): scenario 2 - berhasil input  notes CMO

2022-03-30 15:23:56 - [MESSAGE][PASSED] - scenario 2 - berhasil input  notes CMO

2022-03-30 15:23:56 - [TEST_STEP][PASSED] - delay(1): Delayed 1 second(s)

2022-03-30 15:23:57 - [MESSAGE][PASSED] - Delayed 1 second(s)

2022-03-30 15:23:57 - [TEST_STEP][PASSED] - click(findTestObject("vehiclekedua/a_Add Unit Kendaraan_kedua")): Object: 'Object Repository/vehiclekedua/a_Add Unit Kendaraan_kedua' is clicked on

2022-03-30 15:23:58 - [MESSAGE][PASSED] - Object: 'Object Repository/vehiclekedua/a_Add Unit Kendaraan_kedua' is clicked on

2022-03-30 15:23:58 - [TEST_STEP][PASSED] - delay(1): Delayed 1 second(s)

2022-03-30 15:23:59 - [MESSAGE][PASSED] - Delayed 1 second(s)

2022-03-30 15:23:59 - [TEST_STEP][PASSED] - takeFullPageScreenshotAsCheckpoint(userDir + sprint4WebScreenshootPath + "scenario-2-pop-up-add-kendaraan.png"): Taking screenshot successfully

2022-03-30 15:24:00 - [MESSAGE][INFO] - 0 hidden object(s)

2022-03-30 15:24:00 - [MESSAGE][PASSED] - Taking screenshot successfully
[[ATTACHMENT|D:\PROJECT\BCA\BCAF_MEAPP_i3\BCAF_MEAPP_i3\Screenshoot\Sprint4\Web\keyes\keyes-scenario-2-pop-up-add-kendaraan.png]]

2022-03-30 15:24:00 - [TEST_STEP][PASSED] - markPassed("scenario 2 - Popup add unit kendaraan"): scenario 2 - Popup add unit kendaraan

2022-03-30 15:24:00 - [MESSAGE][PASSED] - scenario 2 - Popup add unit kendaraan

2022-03-30 15:24:00 - [TEST_STEP][PASSED] - delay(1): Delayed 1 second(s)

2022-03-30 15:24:01 - [MESSAGE][PASSED] - Delayed 1 second(s)

2022-03-30 15:24:01 - [TEST_STEP][PASSED] - setText(findTestObject("vehiclekedua/input_Jumlah unit_kedua"), "2"): Text '2' is set on object 'Object Repository/vehiclekedua/input_Jumlah unit_kedua'

2022-03-30 15:24:02 - [MESSAGE][PASSED] - Text '2' is set on object 'Object Repository/vehiclekedua/input_Jumlah unit_kedua'

2022-03-30 15:24:02 - [TEST_STEP][PASSED] - delay(1): Delayed 1 second(s)

2022-03-30 15:24:03 - [MESSAGE][PASSED] - Delayed 1 second(s)

2022-03-30 15:24:03 - [TEST_STEP][PASSED] - click(findTestObject("ME_CollateralAndLoan_Vehicle/input_ya_copy_addunit")): Object: 'Object Repository/ME_CollateralAndLoan_Vehicle/input_ya_copy_addunit' is clicked on

2022-03-30 15:24:03 - [MESSAGE][PASSED] - Object: 'Object Repository/ME_CollateralAndLoan_Vehicle/input_ya_copy_addunit' is clicked on

2022-03-30 15:24:03 - [TEST_STEP][PASSED] - delay(1): Delayed 1 second(s)

2022-03-30 15:24:04 - [MESSAGE][PASSED] - Delayed 1 second(s)

2022-03-30 15:24:04 - [TEST_STEP][PASSED] - click(findTestObject("ME_CollateralAndLoan_Vehicle/span_Pilih Unit")): Object: 'Object Repository/ME_CollateralAndLoan_Vehicle/span_Pilih Unit' is clicked on

2022-03-30 15:24:05 - [MESSAGE][PASSED] - Object: 'Object Repository/ME_CollateralAndLoan_Vehicle/span_Pilih Unit' is clicked on

2022-03-30 15:24:05 - [TEST_STEP][PASSED] - delay(1): Delayed 1 second(s)

2022-03-30 15:24:06 - [MESSAGE][PASSED] - Delayed 1 second(s)

2022-03-30 15:24:06 - [TEST_STEP][PASSED] - setText(findTestObject("vehiclekedua/input_Add_select2-search__field-UNIT_yangakandicopy_kedua"), "Unit 1"): Text 'Unit 1' is set on object 'Object Repository/vehiclekedua/input_Add_select2-search__field-UNIT_yangakandicopy_kedua'

2022-03-30 15:24:07 - [MESSAGE][PASSED] - Text 'Unit 1' is set on object 'Object Repository/vehiclekedua/input_Add_select2-search__field-UNIT_yangakandicopy_kedua'

2022-03-30 15:24:07 - [TEST_STEP][PASSED] - delay(1): Delayed 1 second(s)

2022-03-30 15:24:08 - [MESSAGE][PASSED] - Delayed 1 second(s)

2022-03-30 15:24:08 - [TEST_STEP][PASSED] - sendKeys(findTestObject("vehiclekedua/input_Add_select2-search__field-UNIT_yangakandicopy_kedua"), Keys.chord(ENTER)): Keys 'ENTER + ' sent to object: 'Object Repository/vehiclekedua/input_Add_select2-search__field-UNIT_yangakandicopy_kedua'

2022-03-30 15:24:08 - [MESSAGE][PASSED] - Keys 'ENTER + ' sent to object: 'Object Repository/vehiclekedua/input_Add_select2-search__field-UNIT_yangakandicopy_kedua'

2022-03-30 15:24:08 - [TEST_STEP][PASSED] - delay(1): Delayed 1 second(s)

2022-03-30 15:24:09 - [MESSAGE][PASSED] - Delayed 1 second(s)

2022-03-30 15:24:09 - [TEST_STEP][PASSED] - takeFullPageScreenshotAsCheckpoint(userDir + sprint4WebScreenshootPath + "scenario-2-berhasil-add-kendaraan.png"): Taking screenshot successfully

2022-03-30 15:24:10 - [MESSAGE][INFO] - 0 hidden object(s)

2022-03-30 15:24:11 - [MESSAGE][PASSED] - Taking screenshot successfully
[[ATTACHMENT|D:\PROJECT\BCA\BCAF_MEAPP_i3\BCAF_MEAPP_i3\Screenshoot\Sprint4\Web\keyes\keyes-scenario-2-berhasil-add-kendaraan.png]]

2022-03-30 15:24:11 - [TEST_STEP][PASSED] - markPassed("scenario 2 - berhasil add unit kendaraan"): scenario 2 - berhasil add unit kendaraan

2022-03-30 15:24:11 - [MESSAGE][PASSED] - scenario 2 - berhasil add unit kendaraan

2022-03-30 15:24:11 - [TEST_STEP][PASSED] - delay(1): Delayed 1 second(s)

2022-03-30 15:24:12 - [MESSAGE][PASSED] - Delayed 1 second(s)

2022-03-30 15:24:12 - [TEST_STEP][PASSED] - click(findTestObject("ME_CollateralAndLoan_Vehicle/button_Add_unit")): Object: 'Object Repository/ME_CollateralAndLoan_Vehicle/button_Add_unit' is clicked on

2022-03-30 15:24:12 - [MESSAGE][PASSED] - Object: 'Object Repository/ME_CollateralAndLoan_Vehicle/button_Add_unit' is clicked on

2022-03-30 15:24:12 - [TEST_STEP][PASSED] - delay(1): Delayed 1 second(s)

2022-03-30 15:24:13 - [MESSAGE][PASSED] - Delayed 1 second(s)

2022-03-30 15:24:13 - [TEST_STEP][PASSED] - click(findTestObject("ME_CollateralAndLoan_Vehicle/a_Calculate All Unit")): Object: 'Object Repository/ME_CollateralAndLoan_Vehicle/a_Calculate All Unit' is clicked on

2022-03-30 15:24:15 - [MESSAGE][PASSED] - Object: 'Object Repository/ME_CollateralAndLoan_Vehicle/a_Calculate All Unit' is clicked on

2022-03-30 15:24:15 - [TEST_STEP][PASSED] - delay(1): Delayed 1 second(s)

2022-03-30 15:24:16 - [MESSAGE][PASSED] - Delayed 1 second(s)

2022-03-30 15:24:16 - [TEST_STEP][PASSED] - verifyElementPresent(findTestObject("ME_CollateralAndLoan_Vehicle/label_Summary Total"), 0): Object 'Object Repository/ME_CollateralAndLoan_Vehicle/label_Summary Total' is present

2022-03-30 15:24:16 - [MESSAGE][WARNING] - Timeout '0' is invalid. Using default page load timeout: '30'

2022-03-30 15:24:19 - [MESSAGE][PASSED] - Object 'Object Repository/ME_CollateralAndLoan_Vehicle/label_Summary Total' is present

2022-03-30 15:24:19 - [TEST_STEP][PASSED] - delay(1): Delayed 1 second(s)

2022-03-30 15:24:20 - [MESSAGE][PASSED] - Delayed 1 second(s)

2022-03-30 15:24:20 - [TEST_STEP][PASSED] - takeFullPageScreenshotAsCheckpoint(userDir + sprint4WebScreenshootPath + "scenario-2-pop-up-summary-total.png"): Taking screenshot successfully

2022-03-30 15:24:22 - [MESSAGE][INFO] - 0 hidden object(s)

2022-03-30 15:24:22 - [MESSAGE][PASSED] - Taking screenshot successfully
[[ATTACHMENT|D:\PROJECT\BCA\BCAF_MEAPP_i3\BCAF_MEAPP_i3\Screenshoot\Sprint4\Web\keyes\keyes-scenario-2-pop-up-summary-total.png]]

2022-03-30 15:24:22 - [TEST_STEP][PASSED] - markPassed("scenario 2 - Popup summary total"): scenario 2 - Popup summary total

2022-03-30 15:24:22 - [MESSAGE][PASSED] - scenario 2 - Popup summary total

2022-03-30 15:24:22 - [TEST_STEP][PASSED] - delay(1): Delayed 1 second(s)

2022-03-30 15:24:23 - [MESSAGE][PASSED] - Delayed 1 second(s)

2022-03-30 15:24:23 - [TEST_STEP][PASSED] - verifyElementPresent(findTestObject("ME_CollateralAndLoan_Vehicle/div_Calculating Summary_mx-0 proceed-state state-1_success"), 0): Object 'Object Repository/ME_CollateralAndLoan_Vehicle/div_Calculating Summary_mx-0 proceed-state state-1_success' is present

2022-03-30 15:24:23 - [MESSAGE][WARNING] - Timeout '0' is invalid. Using default page load timeout: '30'

2022-03-30 15:24:24 - [MESSAGE][PASSED] - Object 'Object Repository/ME_CollateralAndLoan_Vehicle/div_Calculating Summary_mx-0 proceed-state state-1_success' is present

2022-03-30 15:24:24 - [TEST_STEP][PASSED] - delay(1): Delayed 1 second(s)

2022-03-30 15:24:25 - [MESSAGE][PASSED] - Delayed 1 second(s)

2022-03-30 15:24:25 - [TEST_STEP][PASSED] - click(findTestObject("ME_CollateralAndLoan_Vehicle/a_Close_calculate")): Object: 'Object Repository/ME_CollateralAndLoan_Vehicle/a_Close_calculate' is clicked on

2022-03-30 15:24:25 - [MESSAGE][PASSED] - Object: 'Object Repository/ME_CollateralAndLoan_Vehicle/a_Close_calculate' is clicked on]]></system-out>
         <system-err><![CDATA[]]></system-err>
      </testcase>
      <testcase name="Test Cases/Sprint 4/Skenario 2/02-04-Transaction-InputPenyimpangan-ProcessBM" time="30.242" classname="Test Cases/Sprint 4/Skenario 2/02-04-Transaction-InputPenyimpangan-ProcessBM" status="PASSED">
         <system-out><![CDATA[2022-03-30 15:24:25 - [TEST_CASE][PASSED] - Test Cases/Sprint 4/Skenario 2/02-04-Transaction-InputPenyimpangan-ProcessBM: Test Cases/Sprint 4/Skenario 2/02-04-Transaction-InputPenyimpangan-ProcessBM

2022-03-30 15:24:25 - [TEST_STEP][PASSED] - userDir = getProjectDir(): null

2022-03-30 15:24:25 - [TEST_STEP][PASSED] - scrollToPosition(0, 0): Browser is scrolled to position x = 0, y = 0

2022-03-30 15:24:25 - [MESSAGE][PASSED] - Browser is scrolled to position x = 0, y = 0

2022-03-30 15:24:25 - [TEST_STEP][PASSED] - click(findTestObject("Object Repository/Penyimpangan/span_Penyimpangan"), OPTIONAL): Object: 'Object Repository/Penyimpangan/span_Penyimpangan' is clicked on

2022-03-30 15:24:26 - [MESSAGE][PASSED] - Object: 'Object Repository/Penyimpangan/span_Penyimpangan' is clicked on

2022-03-30 15:24:26 - [TEST_STEP][PASSED] - delay(1): Delayed 1 second(s)

2022-03-30 15:24:27 - [MESSAGE][PASSED] - Delayed 1 second(s)

2022-03-30 15:24:27 - [TEST_STEP][PASSED] - takeFullPageScreenshotAsCheckpoint(userDir + sprint4WebScreenshootPath + "scenario-2-masuk-menu-penyimpangan.png"): Taking screenshot successfully

2022-03-30 15:24:28 - [MESSAGE][INFO] - 0 hidden object(s)

2022-03-30 15:24:29 - [MESSAGE][PASSED] - Taking screenshot successfully
[[ATTACHMENT|D:\PROJECT\BCA\BCAF_MEAPP_i3\BCAF_MEAPP_i3\Screenshoot\Sprint4\Web\keyes\keyes-scenario-2-masuk-menu-penyimpangan.png]]

2022-03-30 15:24:29 - [TEST_STEP][PASSED] - markPassed("scenario 2 - Masuk menu penyimpangan"): scenario 2 - Masuk menu penyimpangan

2022-03-30 15:24:29 - [MESSAGE][PASSED] - scenario 2 - Masuk menu penyimpangan

2022-03-30 15:24:29 - [TEST_STEP][PASSED] - delay(1): Delayed 1 second(s)

2022-03-30 15:24:30 - [MESSAGE][PASSED] - Delayed 1 second(s)

2022-03-30 15:24:30 - [TEST_STEP][PASSED] - setText(findTestObject("Object Repository/Penyimpangan/input_keyword"), processBM_keyword, OPTIONAL): Text 'BM - (Tidak berlaku lagi) Bukti rumah berupa AJB / PBB / PPJB / HGB / Perjanjian Kredit KPR yang menunjukkan alamat sesuai dengan tempat tinggal konsumen (dapat atas nama pemohon / pasangan / anak / orang tua / mertua) (CS)' is set on object 'Object Repository/Penyimpangan/input_keyword'

2022-03-30 15:24:37 - [MESSAGE][PASSED] - Text 'BM - (Tidak berlaku lagi) Bukti rumah berupa AJB / PBB / PPJB / HGB / Perjanjian Kredit KPR yang menunjukkan alamat sesuai dengan tempat tinggal konsumen (dapat atas nama pemohon / pasangan / anak / orang tua / mertua) (CS)' is set on object 'Object Repository/Penyimpangan/input_keyword'

2022-03-30 15:24:37 - [TEST_STEP][PASSED] - takeFullPageScreenshotAsCheckpoint(userDir + sprint4WebScreenshootPath + "scenario-2-input-penyimpangan.png"): Taking screenshot successfully

2022-03-30 15:24:39 - [MESSAGE][INFO] - 0 hidden object(s)

2022-03-30 15:24:39 - [MESSAGE][PASSED] - Taking screenshot successfully
[[ATTACHMENT|D:\PROJECT\BCA\BCAF_MEAPP_i3\BCAF_MEAPP_i3\Screenshoot\Sprint4\Web\keyes\keyes-scenario-2-input-penyimpangan.png]]

2022-03-30 15:24:39 - [TEST_STEP][PASSED] - markPassed("scenario 2 - Input penyimpangan"): scenario 2 - Input penyimpangan

2022-03-30 15:24:39 - [MESSAGE][PASSED] - scenario 2 - Input penyimpangan

2022-03-30 15:24:39 - [TEST_STEP][PASSED] - delay(1): Delayed 1 second(s)

2022-03-30 15:24:40 - [MESSAGE][PASSED] - Delayed 1 second(s)

2022-03-30 15:24:40 - [TEST_STEP][PASSED] - delay(1): Delayed 1 second(s)

2022-03-30 15:24:41 - [MESSAGE][PASSED] - Delayed 1 second(s)

2022-03-30 15:24:41 - [TEST_STEP][PASSED] - click(findTestObject("Object Repository/Penyimpangan/span_BM 1"), OPTIONAL): Object: 'Object Repository/Penyimpangan/span_BM 1' is clicked on

2022-03-30 15:24:42 - [MESSAGE][PASSED] - Object: 'Object Repository/Penyimpangan/span_BM 1' is clicked on

2022-03-30 15:24:42 - [TEST_STEP][PASSED] - delay(1): Delayed 1 second(s)

2022-03-30 15:24:43 - [MESSAGE][PASSED] - Delayed 1 second(s)

2022-03-30 15:24:43 - [TEST_STEP][PASSED] - scrollToElement(findTestObject("Object Repository/Penyimpangan/textarea_Catatan_note"), 0, OPTIONAL): Scroll to object 'Object Repository/Penyimpangan/textarea_Catatan_note' successfully

2022-03-30 15:24:43 - [MESSAGE][WARNING] - Timeout '0' is invalid. Using default page load timeout: '30'

2022-03-30 15:24:43 - [MESSAGE][PASSED] - Scroll to object 'Object Repository/Penyimpangan/textarea_Catatan_note' successfully

2022-03-30 15:24:43 - [TEST_STEP][PASSED] - delay(1): Delayed 1 second(s)

2022-03-30 15:24:44 - [MESSAGE][PASSED] - Delayed 1 second(s)

2022-03-30 15:24:44 - [TEST_STEP][PASSED] - setText(findTestObject("Object Repository/Penyimpangan/textarea_Catatan_note"), processBM_catatanNote, OPTIONAL): Text 'Pengajuan 2' is set on object 'Object Repository/Penyimpangan/textarea_Catatan_note'

2022-03-30 15:24:45 - [MESSAGE][PASSED] - Text 'Pengajuan 2' is set on object 'Object Repository/Penyimpangan/textarea_Catatan_note'

2022-03-30 15:24:45 - [TEST_STEP][PASSED] - delay(1): Delayed 1 second(s)

2022-03-30 15:24:46 - [MESSAGE][PASSED] - Delayed 1 second(s)

2022-03-30 15:24:46 - [TEST_STEP][PASSED] - takeFullPageScreenshotAsCheckpoint(userDir + sprint4WebScreenshootPath + "scenario-2-input-penyimpangan-selesai.png"): Taking screenshot successfully

2022-03-30 15:24:47 - [MESSAGE][INFO] - 0 hidden object(s)

2022-03-30 15:24:47 - [MESSAGE][PASSED] - Taking screenshot successfully
[[ATTACHMENT|D:\PROJECT\BCA\BCAF_MEAPP_i3\BCAF_MEAPP_i3\Screenshoot\Sprint4\Web\keyes\keyes-scenario-2-input-penyimpangan-selesai.png]]

2022-03-30 15:24:47 - [TEST_STEP][PASSED] - markPassed("scenario 2 - Input penyimpangan selesai"): scenario 2 - Input penyimpangan selesai

2022-03-30 15:24:47 - [MESSAGE][PASSED] - scenario 2 - Input penyimpangan selesai

2022-03-30 15:24:47 - [TEST_STEP][PASSED] - delay(1): Delayed 1 second(s)

2022-03-30 15:24:48 - [MESSAGE][PASSED] - Delayed 1 second(s)

2022-03-30 15:24:48 - [TEST_STEP][PASSED] - click(findTestObject("Object Repository/Penyimpangan/span_Proceed"), OPTIONAL): Object: 'Object Repository/Penyimpangan/span_Proceed' is clicked on

2022-03-30 15:24:49 - [MESSAGE][PASSED] - Object: 'Object Repository/Penyimpangan/span_Proceed' is clicked on

2022-03-30 15:24:49 - [TEST_STEP][PASSED] - takeFullPageScreenshotAsCheckpoint(userDir + sprint4WebScreenshootPath + "scenario-2-berhasil-proceed.png"): Taking screenshot successfully

2022-03-30 15:24:50 - [MESSAGE][INFO] - 0 hidden object(s)

2022-03-30 15:24:50 - [MESSAGE][PASSED] - Taking screenshot successfully
[[ATTACHMENT|D:\PROJECT\BCA\BCAF_MEAPP_i3\BCAF_MEAPP_i3\Screenshoot\Sprint4\Web\keyes\keyes-scenario-2-berhasil-proceed.png]]

2022-03-30 15:24:50 - [TEST_STEP][PASSED] - markPassed("scenario 2 - berhasil proceed"): scenario 2 - berhasil proceed

2022-03-30 15:24:50 - [MESSAGE][PASSED] - scenario 2 - berhasil proceed

2022-03-30 15:24:50 - [TEST_STEP][PASSED] - delay(5): Delayed 5 second(s)

2022-03-30 15:24:55 - [MESSAGE][PASSED] - Delayed 5 second(s)

2022-03-30 15:24:55 - [TEST_STEP][PASSED] - getSearch2 = getText(findTestObject("Object Repository/Penyimpangan/SetSearch")): Text of object 'Object Repository/Penyimpangan/SetSearch' is: '4003911'

2022-03-30 15:24:55 - [MESSAGE][PASSED] - Text of object 'Object Repository/Penyimpangan/SetSearch' is: '4003911'

2022-03-30 15:24:55 - [TEST_STEP][PASSED] - println(getSearch2): null

2022-03-30 15:24:55 - [TEST_STEP][PASSED] - Search2 = getSearch2: null]]></system-out>
         <system-err><![CDATA[]]></system-err>
      </testcase>
      <testcase name="Test Cases/Sprint 4/Skenario 2/02-05-Transaction-InquiryStatus-SearchPengajuan" time="32.824" classname="Test Cases/Sprint 4/Skenario 2/02-05-Transaction-InquiryStatus-SearchPengajuan" status="PASSED">
         <system-out><![CDATA[2022-03-30 15:24:55 - [TEST_CASE][PASSED] - Test Cases/Sprint 4/Skenario 2/02-05-Transaction-InquiryStatus-SearchPengajuan: Test Cases/Sprint 4/Skenario 2/02-05-Transaction-InquiryStatus-SearchPengajuan

2022-03-30 15:24:56 - [TEST_STEP][PASSED] - userDir = getProjectDir(): null

2022-03-30 15:24:56 - [TEST_STEP][PASSED] - click(findTestObject("Inquiry_Status/a_Close")): Object: 'Object Repository/Inquiry_Status/a_Close' is clicked on

2022-03-30 15:24:56 - [MESSAGE][PASSED] - Object: 'Object Repository/Inquiry_Status/a_Close' is clicked on

2022-03-30 15:24:56 - [TEST_STEP][PASSED] - id1 = Search1: null

2022-03-30 15:24:56 - [TEST_STEP][PASSED] - id2 = Search2: null

2022-03-30 15:24:56 - [TEST_STEP][PASSED] - println(id1): null

2022-03-30 15:24:56 - [TEST_STEP][PASSED] - println(id2): null

2022-03-30 15:24:56 - [TEST_STEP][PASSED] - delay(1): Delayed 1 second(s)

2022-03-30 15:24:57 - [MESSAGE][PASSED] - Delayed 1 second(s)

2022-03-30 15:24:57 - [TEST_STEP][PASSED] - click(findTestObject("Object Repository/Inquiry_Status/span_Inquiry Status Aplikasi")): Object: 'Object Repository/Inquiry_Status/span_Inquiry Status Aplikasi' is clicked on

2022-03-30 15:24:57 - [MESSAGE][PASSED] - Object: 'Object Repository/Inquiry_Status/span_Inquiry Status Aplikasi' is clicked on

2022-03-30 15:24:57 - [TEST_STEP][PASSED] - delay(1): Delayed 1 second(s)

2022-03-30 15:24:59 - [MESSAGE][PASSED] - Delayed 1 second(s)

2022-03-30 15:24:59 - [TEST_STEP][PASSED] - takeFullPageScreenshotAsCheckpoint(userDir + sprint4WebScreenshootPath + "scenario-2-menu-inquiry-status.png"): Taking screenshot successfully

2022-03-30 15:24:59 - [MESSAGE][INFO] - 0 hidden object(s)

2022-03-30 15:24:59 - [MESSAGE][PASSED] - Taking screenshot successfully
[[ATTACHMENT|D:\PROJECT\BCA\BCAF_MEAPP_i3\BCAF_MEAPP_i3\Screenshoot\Sprint4\Web\keyes\keyes-scenario-2-menu-inquiry-status.png]]

2022-03-30 15:24:59 - [TEST_STEP][PASSED] - markPassed("scenario 2 - menu inquiry status"): scenario 2 - menu inquiry status

2022-03-30 15:24:59 - [MESSAGE][PASSED] - scenario 2 - menu inquiry status

2022-03-30 15:24:59 - [TEST_STEP][PASSED] - delay(1): Delayed 1 second(s)

2022-03-30 15:25:00 - [MESSAGE][PASSED] - Delayed 1 second(s)

2022-03-30 15:25:00 - [TEST_STEP][PASSED] - setText(findTestObject("Object Repository/Inquiry_Status/input_Mobile ID  Application ID_form-control ng-untouched ng-pristine ng-valid"), id1): Text '4003907' is set on object 'Object Repository/Inquiry_Status/input_Mobile ID  Application ID_form-control ng-untouched ng-pristine ng-valid'

2022-03-30 15:25:01 - [MESSAGE][PASSED] - Text '4003907' is set on object 'Object Repository/Inquiry_Status/input_Mobile ID  Application ID_form-control ng-untouched ng-pristine ng-valid'

2022-03-30 15:25:01 - [TEST_STEP][PASSED] - delay(1): Delayed 1 second(s)

2022-03-30 15:25:02 - [MESSAGE][PASSED] - Delayed 1 second(s)

2022-03-30 15:25:02 - [TEST_STEP][PASSED] - click(findTestObject("Object Repository/Inquiry_Status/span_Search")): Object: 'Object Repository/Inquiry_Status/span_Search' is clicked on

2022-03-30 15:25:02 - [MESSAGE][PASSED] - Object: 'Object Repository/Inquiry_Status/span_Search' is clicked on

2022-03-30 15:25:02 - [TEST_STEP][PASSED] - delay(10): Delayed 10 second(s)

2022-03-30 15:25:12 - [MESSAGE][PASSED] - Delayed 10 second(s)

2022-03-30 15:25:12 - [TEST_STEP][PASSED] - takeFullPageScreenshotAsCheckpoint(userDir + sprint4WebScreenshootPath + "scenario-2-input-search-inquiry-status-data-pengajuan-1.png"): Taking screenshot successfully

2022-03-30 15:25:13 - [MESSAGE][INFO] - 0 hidden object(s)

2022-03-30 15:25:13 - [MESSAGE][PASSED] - Taking screenshot successfully
[[ATTACHMENT|D:\PROJECT\BCA\BCAF_MEAPP_i3\BCAF_MEAPP_i3\Screenshoot\Sprint4\Web\keyes\keyes-scenario-2-input-search-inquiry-status-data-pengajuan-1.png]]

2022-03-30 15:25:13 - [TEST_STEP][PASSED] - markPassed("scenario 2 - input search inquiry status data pengajuan 1"): scenario 2 - input search inquiry status data pengajuan 1

2022-03-30 15:25:13 - [MESSAGE][PASSED] - scenario 2 - input search inquiry status data pengajuan 1

2022-03-30 15:25:13 - [TEST_STEP][PASSED] - delay(1): Delayed 1 second(s)

2022-03-30 15:25:14 - [MESSAGE][PASSED] - Delayed 1 second(s)

2022-03-30 15:25:14 - [TEST_STEP][PASSED] - setText(findTestObject("Object Repository/Inquiry_Status/input_Mobile ID  Application ID_form-control ng-untouched ng-pristine ng-valid"), id2): Text '4003911' is set on object 'Object Repository/Inquiry_Status/input_Mobile ID  Application ID_form-control ng-untouched ng-pristine ng-valid'

2022-03-30 15:25:15 - [MESSAGE][PASSED] - Text '4003911' is set on object 'Object Repository/Inquiry_Status/input_Mobile ID  Application ID_form-control ng-untouched ng-pristine ng-valid'

2022-03-30 15:25:15 - [TEST_STEP][PASSED] - delay(1): Delayed 1 second(s)

2022-03-30 15:25:16 - [MESSAGE][PASSED] - Delayed 1 second(s)

2022-03-30 15:25:16 - [TEST_STEP][PASSED] - click(findTestObject("Object Repository/Inquiry_Status/span_Search")): Object: 'Object Repository/Inquiry_Status/span_Search' is clicked on

2022-03-30 15:25:16 - [MESSAGE][PASSED] - Object: 'Object Repository/Inquiry_Status/span_Search' is clicked on

2022-03-30 15:25:16 - [TEST_STEP][PASSED] - delay(1): Delayed 1 second(s)

2022-03-30 15:25:17 - [MESSAGE][PASSED] - Delayed 1 second(s)

2022-03-30 15:25:17 - [TEST_STEP][PASSED] - takeFullPageScreenshotAsCheckpoint(userDir + sprint4WebScreenshootPath + "scenario-2-input-search-inquiry-status-data-pengajuan-2.png"): Taking screenshot successfully

2022-03-30 15:25:18 - [MESSAGE][INFO] - 0 hidden object(s)

2022-03-30 15:25:18 - [MESSAGE][PASSED] - Taking screenshot successfully
[[ATTACHMENT|D:\PROJECT\BCA\BCAF_MEAPP_i3\BCAF_MEAPP_i3\Screenshoot\Sprint4\Web\keyes\keyes-scenario-2-input-search-inquiry-status-data-pengajuan-2.png]]

2022-03-30 15:25:18 - [TEST_STEP][PASSED] - markPassed("scenario 2 - input search inquiry status data pengajuan 2"): scenario 2 - input search inquiry status data pengajuan 2

2022-03-30 15:25:18 - [MESSAGE][PASSED] - scenario 2 - input search inquiry status data pengajuan 2

2022-03-30 15:25:18 - [TEST_STEP][PASSED] - delay(10): Delayed 10 second(s)

2022-03-30 15:25:28 - [MESSAGE][PASSED] - Delayed 10 second(s)]]></system-out>
         <system-err><![CDATA[]]></system-err>
      </testcase>
      <testcase name="Test Cases/Sprint 4/Skenario 3/03-01-Transaction-AppBaru-InisiasiKonsumenBaru" time="84.32" classname="Test Cases/Sprint 4/Skenario 3/03-01-Transaction-AppBaru-InisiasiKonsumenBaru" status="PASSED">
         <system-out><![CDATA[2022-03-30 15:25:28 - [TEST_CASE][PASSED] - Test Cases/Sprint 4/Skenario 3/03-01-Transaction-AppBaru-InisiasiKonsumenBaru: Test Cases/Sprint 4/Skenario 3/03-01-Transaction-AppBaru-InisiasiKonsumenBaru

2022-03-30 15:25:28 - [TEST_STEP][PASSED] - robot = new java.awt.Robot(): null

2022-03-30 15:25:28 - [TEST_STEP][PASSED] - userDir = getProjectDir(): null

2022-03-30 15:25:28 - [TEST_STEP][PASSED] - openBrowser(""): Browser is opened with url: ''

2022-03-30 15:25:28 - [MESSAGE][WARNING] - A browser is already opened. Closing browser and opening a new one

2022-03-30 15:25:29 - [MESSAGE][INFO] - Starting 'Chrome' driver

2022-03-30 15:25:29 - [MESSAGE][INFO] - Action delay is set to 0 milliseconds

2022-03-30 15:25:30 - [MESSAGE][PASSED] - Browser is opened with url: ''

2022-03-30 15:25:30 - [TEST_STEP][PASSED] - driver = getWebDriver(): null

2022-03-30 15:25:30 - [TEST_STEP][PASSED] - navigateToUrl(ME_url): Navigate to 'https://mecorporate.idofocus.co.id:25443/login' successfully

2022-03-30 15:25:31 - [MESSAGE][PASSED] - Navigate to 'https://mecorporate.idofocus.co.id:25443/login' successfully

2022-03-30 15:25:31 - [TEST_STEP][PASSED] - maximizeWindow(): Current window maximized

2022-03-30 15:25:31 - [MESSAGE][PASSED] - Current window maximized

2022-03-30 15:25:31 - [TEST_STEP][PASSED] - delay(5): Delayed 5 second(s)

2022-03-30 15:25:36 - [MESSAGE][PASSED] - Delayed 5 second(s)

2022-03-30 15:25:36 - [TEST_STEP][PASSED] - setText(findTestObject("MEApp_AppBaru_InisiasiKonsumen/input_User ID_login"), CMO): Text '20190364' is set on object 'Object Repository/MEApp_AppBaru_InisiasiKonsumen/input_User ID_login'

2022-03-30 15:25:37 - [MESSAGE][PASSED] - Text '20190364' is set on object 'Object Repository/MEApp_AppBaru_InisiasiKonsumen/input_User ID_login'

2022-03-30 15:25:37 - [TEST_STEP][PASSED] - setText(findTestObject("MEApp_AppBaru_InisiasiKonsumen/input_User Password_login"), password): Text 'Mobile123+' is set on object 'Object Repository/MEApp_AppBaru_InisiasiKonsumen/input_User Password_login'

2022-03-30 15:25:38 - [MESSAGE][PASSED] - Text 'Mobile123+' is set on object 'Object Repository/MEApp_AppBaru_InisiasiKonsumen/input_User Password_login'

2022-03-30 15:25:38 - [TEST_STEP][PASSED] - takeFullPageScreenshotAsCheckpoint(userDir + sprint4WebScreenshootPath + "scenario-3-aplikasi-baru-login.png"): Taking screenshot successfully

2022-03-30 15:25:38 - [MESSAGE][INFO] - 0 hidden object(s)

2022-03-30 15:25:39 - [MESSAGE][PASSED] - Taking screenshot successfully
[[ATTACHMENT|D:\PROJECT\BCA\BCAF_MEAPP_i3\BCAF_MEAPP_i3\Screenshoot\Sprint4\Web\keyes\keyes-scenario-3-aplikasi-baru-login.png]]

2022-03-30 15:25:39 - [TEST_STEP][PASSED] - markPassed("scenario 3 - Memastikan login berhasil"): scenario 3 - Memastikan login berhasil

2022-03-30 15:25:39 - [MESSAGE][PASSED] - scenario 3 - Memastikan login berhasil

2022-03-30 15:25:39 - [TEST_STEP][PASSED] - click(findTestObject("MEApp_AppBaru_InisiasiKonsumen/button_Login")): Object: 'Object Repository/MEApp_AppBaru_InisiasiKonsumen/button_Login' is clicked on

2022-03-30 15:25:39 - [MESSAGE][PASSED] - Object: 'Object Repository/MEApp_AppBaru_InisiasiKonsumen/button_Login' is clicked on

2022-03-30 15:25:39 - [TEST_STEP][PASSED] - delay(2): Delayed 2 second(s)

2022-03-30 15:25:41 - [MESSAGE][PASSED] - Delayed 2 second(s)

2022-03-30 15:25:41 - [TEST_STEP][PASSED] - verifyElementPresent(findTestObject("MEApp_AppBaru_InisiasiKonsumen/span_Transaksi"), 0): Object 'Object Repository/MEApp_AppBaru_InisiasiKonsumen/span_Transaksi' is present

2022-03-30 15:25:41 - [MESSAGE][WARNING] - Timeout '0' is invalid. Using default page load timeout: '30'

2022-03-30 15:25:41 - [MESSAGE][PASSED] - Object 'Object Repository/MEApp_AppBaru_InisiasiKonsumen/span_Transaksi' is present

2022-03-30 15:25:41 - [TEST_STEP][PASSED] - click(findTestObject("MEApp_AppBaru_InisiasiKonsumen/span_Transaksi")): Object: 'Object Repository/MEApp_AppBaru_InisiasiKonsumen/span_Transaksi' is clicked on

2022-03-30 15:25:42 - [MESSAGE][PASSED] - Object: 'Object Repository/MEApp_AppBaru_InisiasiKonsumen/span_Transaksi' is clicked on

2022-03-30 15:25:42 - [TEST_STEP][PASSED] - delay(1): Delayed 1 second(s)

2022-03-30 15:25:43 - [MESSAGE][PASSED] - Delayed 1 second(s)

2022-03-30 15:25:43 - [TEST_STEP][PASSED] - click(findTestObject("MEApp_AppBaru_InisiasiKonsumen/span_Aplikasi Baru")): Object: 'Object Repository/MEApp_AppBaru_InisiasiKonsumen/span_Aplikasi Baru' is clicked on

2022-03-30 15:25:43 - [MESSAGE][PASSED] - Object: 'Object Repository/MEApp_AppBaru_InisiasiKonsumen/span_Aplikasi Baru' is clicked on

2022-03-30 15:25:43 - [TEST_STEP][PASSED] - delay(1): Delayed 1 second(s)

2022-03-30 15:25:44 - [MESSAGE][PASSED] - Delayed 1 second(s)

2022-03-30 15:25:44 - [TEST_STEP][PASSED] - takeFullPageScreenshotAsCheckpoint(userDir + sprint4WebScreenshootPath + "scenario-3-memilih-button-transaksi-dan-aplikasi-baru.png"): Taking screenshot successfully

2022-03-30 15:25:44 - [MESSAGE][INFO] - 0 hidden object(s)

2022-03-30 15:25:45 - [MESSAGE][PASSED] - Taking screenshot successfully
[[ATTACHMENT|D:\PROJECT\BCA\BCAF_MEAPP_i3\BCAF_MEAPP_i3\Screenshoot\Sprint4\Web\keyes\keyes-scenario-3-memilih-button-transaksi-dan-aplikasi-baru.png]]

2022-03-30 15:25:45 - [TEST_STEP][PASSED] - markPassed("scenario 3 - Memilih button transaksi dan aplikasi baru"): scenario 3 - Memilih button transaksi dan aplikasi baru

2022-03-30 15:25:45 - [MESSAGE][PASSED] - scenario 3 - Memilih button transaksi dan aplikasi baru

2022-03-30 15:25:45 - [TEST_STEP][PASSED] - click(findTestObject("MEApp_AppBaru_InisiasiKonsumen/input_perorangan_radios-apptype")): Object: 'Object Repository/MEApp_AppBaru_InisiasiKonsumen/input_perorangan_radios-apptype' is clicked on

2022-03-30 15:25:45 - [MESSAGE][PASSED] - Object: 'Object Repository/MEApp_AppBaru_InisiasiKonsumen/input_perorangan_radios-apptype' is clicked on

2022-03-30 15:25:45 - [TEST_STEP][PASSED] - delay(1): Delayed 1 second(s)

2022-03-30 15:25:46 - [MESSAGE][PASSED] - Delayed 1 second(s)

2022-03-30 15:25:46 - [TEST_STEP][PASSED] - click(findTestObject("MEApp_AppBaru_InisiasiKonsumen/input_korporasi_radios-apptype")): Object: 'Object Repository/MEApp_AppBaru_InisiasiKonsumen/input_korporasi_radios-apptype' is clicked on

2022-03-30 15:25:46 - [MESSAGE][PASSED] - Object: 'Object Repository/MEApp_AppBaru_InisiasiKonsumen/input_korporasi_radios-apptype' is clicked on

2022-03-30 15:25:46 - [TEST_STEP][PASSED] - delay(1): Delayed 1 second(s)

2022-03-30 15:25:47 - [MESSAGE][PASSED] - Delayed 1 second(s)

2022-03-30 15:25:47 - [TEST_STEP][PASSED] - click(findTestObject("MEApp_AppBaru_InisiasiKonsumen/input-badanusaha")): Object: 'Object Repository/MEApp_AppBaru_InisiasiKonsumen/input-badanusaha' is clicked on

2022-03-30 15:25:48 - [MESSAGE][PASSED] - Object: 'Object Repository/MEApp_AppBaru_InisiasiKonsumen/input-badanusaha' is clicked on

2022-03-30 15:25:48 - [TEST_STEP][PASSED] - delay(1): Delayed 1 second(s)

2022-03-30 15:25:49 - [MESSAGE][PASSED] - Delayed 1 second(s)

2022-03-30 15:25:49 - [TEST_STEP][PASSED] - setText(findTestObject("MEApp_AppBaru_InisiasiKonsumen/input-badanusaha"), "Perseroan Terbatas ( PT. , NV. , LTD. )"): Text 'Perseroan Terbatas ( PT. , NV. , LTD. )' is set on object 'Object Repository/MEApp_AppBaru_InisiasiKonsumen/input-badanusaha'

2022-03-30 15:25:49 - [MESSAGE][PASSED] - Text 'Perseroan Terbatas ( PT. , NV. , LTD. )' is set on object 'Object Repository/MEApp_AppBaru_InisiasiKonsumen/input-badanusaha'

2022-03-30 15:25:49 - [TEST_STEP][PASSED] - delay(1): Delayed 1 second(s)

2022-03-30 15:25:50 - [MESSAGE][PASSED] - Delayed 1 second(s)

2022-03-30 15:25:50 - [TEST_STEP][PASSED] - takeFullPageScreenshotAsCheckpoint(userDir + sprint4WebScreenshootPath + "scenario-3-input-badan-usaha.png"): Taking screenshot successfully

2022-03-30 15:25:51 - [MESSAGE][INFO] - 0 hidden object(s)

2022-03-30 15:25:51 - [MESSAGE][PASSED] - Taking screenshot successfully
[[ATTACHMENT|D:\PROJECT\BCA\BCAF_MEAPP_i3\BCAF_MEAPP_i3\Screenshoot\Sprint4\Web\keyes\keyes-scenario-3-input-badan-usaha.png]]

2022-03-30 15:25:51 - [TEST_STEP][PASSED] - markPassed("scenario 3 - Input badan usaha"): scenario 3 - Input badan usaha

2022-03-30 15:25:51 - [MESSAGE][PASSED] - scenario 3 - Input badan usaha

2022-03-30 15:25:51 - [TEST_STEP][PASSED] - delay(2): Delayed 2 second(s)

2022-03-30 15:25:53 - [MESSAGE][PASSED] - Delayed 2 second(s)

2022-03-30 15:25:53 - [TEST_STEP][PASSED] - click(findTestObject("MEApp_AppBaru_InisiasiKonsumen/span_Perseroan Terbatas ( PT. , NV. , LTD. )")): Object: 'Object Repository/MEApp_AppBaru_InisiasiKonsumen/span_Perseroan Terbatas ( PT. , NV. , LTD. )' is clicked on

2022-03-30 15:25:54 - [MESSAGE][PASSED] - Object: 'Object Repository/MEApp_AppBaru_InisiasiKonsumen/span_Perseroan Terbatas ( PT. , NV. , LTD. )' is clicked on

2022-03-30 15:25:54 - [TEST_STEP][PASSED] - delay(2): Delayed 2 second(s)

2022-03-30 15:25:56 - [MESSAGE][PASSED] - Delayed 2 second(s)

2022-03-30 15:25:56 - [TEST_STEP][PASSED] - takeFullPageScreenshotAsCheckpoint(userDir + sprint4WebScreenshootPath + "scenario-3-page-sebelum-input-capture.png"): Taking screenshot successfully

2022-03-30 15:25:56 - [MESSAGE][INFO] - 0 hidden object(s)

2022-03-30 15:25:56 - [MESSAGE][PASSED] - Taking screenshot successfully
[[ATTACHMENT|D:\PROJECT\BCA\BCAF_MEAPP_i3\BCAF_MEAPP_i3\Screenshoot\Sprint4\Web\keyes\keyes-scenario-3-page-sebelum-input-capture.png]]

2022-03-30 15:25:56 - [TEST_STEP][PASSED] - markPassed("scenario 3 - Sebelum input capture npwp + SIUP + TDP"): scenario 3 - Sebelum input capture npwp + SIUP + TDP

2022-03-30 15:25:56 - [MESSAGE][PASSED] - scenario 3 - Sebelum input capture npwp + SIUP + TDP

2022-03-30 15:25:56 - [TEST_STEP][PASSED] - delay(2): Delayed 2 second(s)

2022-03-30 15:25:58 - [MESSAGE][PASSED] - Delayed 2 second(s)

2022-03-30 15:25:58 - [TEST_STEP][PASSED] - click(findTestObject("MEApp_AppBaru_InisiasiKonsumen/button_Capture_npwp")): Object: 'Object Repository/MEApp_AppBaru_InisiasiKonsumen/button_Capture_npwp' is clicked on

2022-03-30 15:25:59 - [MESSAGE][PASSED] - Object: 'Object Repository/MEApp_AppBaru_InisiasiKonsumen/button_Capture_npwp' is clicked on

2022-03-30 15:25:59 - [TEST_STEP][PASSED] - delay(2): Delayed 2 second(s)

2022-03-30 15:26:01 - [MESSAGE][PASSED] - Delayed 2 second(s)

2022-03-30 15:26:01 - [TEST_STEP][PASSED] - uploadFile(findTestObject("MEApp_AppBaru_InisiasiKonsumen/Capture_"), userDir + pathfinder_npwp): File 'D:/PROJECT/BCA/BCAF_MEAPP_i3/BCAF_MEAPP_i3/Assets/npwp-dummy.jpg' sent to object: 'Object Repository/MEApp_AppBaru_InisiasiKonsumen/Capture_'

2022-03-30 15:26:01 - [MESSAGE][PASSED] - File 'D:/PROJECT/BCA/BCAF_MEAPP_i3/BCAF_MEAPP_i3/Assets/npwp-dummy.jpg' sent to object: 'Object Repository/MEApp_AppBaru_InisiasiKonsumen/Capture_'

2022-03-30 15:26:01 - [TEST_STEP][PASSED] - waitForElementPresent(findTestObject("MEApp_AppBaru_InisiasiKonsumen/button_NPWP"), 0): Object 'Object Repository/MEApp_AppBaru_InisiasiKonsumen/button_NPWP' is present

2022-03-30 15:26:01 - [MESSAGE][WARNING] - Timeout '0' is invalid. Using default page load timeout: '30'

2022-03-30 15:26:04 - [MESSAGE][PASSED] - Object 'Object Repository/MEApp_AppBaru_InisiasiKonsumen/button_NPWP' is present

2022-03-30 15:26:04 - [TEST_STEP][PASSED] - setText(findTestObject("MEApp_AppBaru_InisiasiKonsumen/input_NPWP No fix"), NPWP_tidakBerlaku): Text '018368167428000' is set on object 'Object Repository/MEApp_AppBaru_InisiasiKonsumen/input_NPWP No fix'

2022-03-30 15:26:04 - [MESSAGE][PASSED] - Text '018368167428000' is set on object 'Object Repository/MEApp_AppBaru_InisiasiKonsumen/input_NPWP No fix'

2022-03-30 15:26:04 - [TEST_STEP][PASSED] - delay(1): Delayed 1 second(s)

2022-03-30 15:26:05 - [MESSAGE][PASSED] - Delayed 1 second(s)

2022-03-30 15:26:05 - [TEST_STEP][PASSED] - setText(findTestObject("MEApp_AppBaru_InisiasiKonsumen/input_Name fix"), CN_tidakBerlaku): Text 'NIGUUNUNANETI  AASA DS' is set on object 'Object Repository/MEApp_AppBaru_InisiasiKonsumen/input_Name fix'

2022-03-30 15:26:06 - [MESSAGE][PASSED] - Text 'NIGUUNUNANETI  AASA DS' is set on object 'Object Repository/MEApp_AppBaru_InisiasiKonsumen/input_Name fix'

2022-03-30 15:26:06 - [TEST_STEP][PASSED] - click(findTestObject("MEApp_AppBaru_InisiasiKonsumen/button_Capture_siupfix")): Object: 'Object Repository/MEApp_AppBaru_InisiasiKonsumen/button_Capture_siupfix' is clicked on

2022-03-30 15:26:06 - [MESSAGE][PASSED] - Object: 'Object Repository/MEApp_AppBaru_InisiasiKonsumen/button_Capture_siupfix' is clicked on

2022-03-30 15:26:06 - [TEST_STEP][PASSED] - delay(2): Delayed 2 second(s)

2022-03-30 15:26:08 - [MESSAGE][PASSED] - Delayed 2 second(s)

2022-03-30 15:26:08 - [TEST_STEP][PASSED] - uploadFile(findTestObject("MEApp_AppBaru_InisiasiKonsumen/Capture_"), userDir + pathfinder_siup): File 'D:/PROJECT/BCA/BCAF_MEAPP_i3/BCAF_MEAPP_i3/Assets/siup-dummy.jpg' sent to object: 'Object Repository/MEApp_AppBaru_InisiasiKonsumen/Capture_'

2022-03-30 15:26:09 - [MESSAGE][PASSED] - File 'D:/PROJECT/BCA/BCAF_MEAPP_i3/BCAF_MEAPP_i3/Assets/siup-dummy.jpg' sent to object: 'Object Repository/MEApp_AppBaru_InisiasiKonsumen/Capture_'

2022-03-30 15:26:09 - [TEST_STEP][PASSED] - delay(2): Delayed 2 second(s)

2022-03-30 15:26:11 - [MESSAGE][PASSED] - Delayed 2 second(s)

2022-03-30 15:26:11 - [TEST_STEP][PASSED] - click(findTestObject("MEApp_AppBaru_InisiasiKonsumen/button_Capture_TDP")): Object: 'Object Repository/MEApp_AppBaru_InisiasiKonsumen/button_Capture_TDP' is clicked on

2022-03-30 15:26:11 - [MESSAGE][PASSED] - Object: 'Object Repository/MEApp_AppBaru_InisiasiKonsumen/button_Capture_TDP' is clicked on

2022-03-30 15:26:11 - [TEST_STEP][PASSED] - delay(2): Delayed 2 second(s)

2022-03-30 15:26:13 - [MESSAGE][PASSED] - Delayed 2 second(s)

2022-03-30 15:26:13 - [TEST_STEP][PASSED] - uploadFile(findTestObject("MEApp_AppBaru_InisiasiKonsumen/Capture_"), userDir + pathfinder_tdp): File 'D:/PROJECT/BCA/BCAF_MEAPP_i3/BCAF_MEAPP_i3/Assets/tdp-dummy.jpg' sent to object: 'Object Repository/MEApp_AppBaru_InisiasiKonsumen/Capture_'

2022-03-30 15:26:13 - [MESSAGE][PASSED] - File 'D:/PROJECT/BCA/BCAF_MEAPP_i3/BCAF_MEAPP_i3/Assets/tdp-dummy.jpg' sent to object: 'Object Repository/MEApp_AppBaru_InisiasiKonsumen/Capture_'

2022-03-30 15:26:13 - [TEST_STEP][PASSED] - delay(2): Delayed 2 second(s)

2022-03-30 15:26:15 - [MESSAGE][PASSED] - Delayed 2 second(s)

2022-03-30 15:26:15 - [TEST_STEP][PASSED] - takeFullPageScreenshotAsCheckpoint(userDir + sprint4WebScreenshootPath + "scenario-3-Capture-npwp-siup-tdp.png"): Taking screenshot successfully

2022-03-30 15:26:16 - [MESSAGE][INFO] - 0 hidden object(s)

2022-03-30 15:26:17 - [MESSAGE][PASSED] - Taking screenshot successfully
[[ATTACHMENT|D:\PROJECT\BCA\BCAF_MEAPP_i3\BCAF_MEAPP_i3\Screenshoot\Sprint4\Web\keyes\keyes-scenario-3-Capture-npwp-siup-tdp.png]]

2022-03-30 15:26:17 - [TEST_STEP][PASSED] - markPassed("scenario 3 - Capture NPWP + SIUP + TDP"): scenario 3 - Capture NPWP + SIUP + TDP

2022-03-30 15:26:17 - [MESSAGE][PASSED] - scenario 3 - Capture NPWP + SIUP + TDP

2022-03-30 15:26:17 - [TEST_STEP][PASSED] - delay(2): Delayed 2 second(s)

2022-03-30 15:26:19 - [MESSAGE][PASSED] - Delayed 2 second(s)

2022-03-30 15:26:19 - [TEST_STEP][PASSED] - delay(1): Delayed 1 second(s)

2022-03-30 15:26:20 - [MESSAGE][PASSED] - Delayed 1 second(s)

2022-03-30 15:26:20 - [TEST_STEP][PASSED] - click(findTestObject("MEApp_AppBaru_InisiasiKonsumen/input_Ada Perubahan Data YA")): Object: 'Object Repository/MEApp_AppBaru_InisiasiKonsumen/input_Ada Perubahan Data YA' is clicked on

2022-03-30 15:26:20 - [MESSAGE][PASSED] - Object: 'Object Repository/MEApp_AppBaru_InisiasiKonsumen/input_Ada Perubahan Data YA' is clicked on

2022-03-30 15:26:20 - [TEST_STEP][PASSED] - delay(1): Delayed 1 second(s)

2022-03-30 15:26:21 - [MESSAGE][PASSED] - Delayed 1 second(s)

2022-03-30 15:26:21 - [TEST_STEP][PASSED] - click(findTestObject("MEApp_AppBaru_InisiasiKonsumen/input_Ada Perubahan Data Tidak")): Object: 'Object Repository/MEApp_AppBaru_InisiasiKonsumen/input_Ada Perubahan Data Tidak' is clicked on

2022-03-30 15:26:21 - [MESSAGE][PASSED] - Object: 'Object Repository/MEApp_AppBaru_InisiasiKonsumen/input_Ada Perubahan Data Tidak' is clicked on

2022-03-30 15:26:21 - [TEST_STEP][PASSED] - delay(1): Delayed 1 second(s)

2022-03-30 15:26:22 - [MESSAGE][PASSED] - Delayed 1 second(s)

2022-03-30 15:26:22 - [TEST_STEP][PASSED] - takeFullPageScreenshotAsCheckpoint(userDir + sprint4WebScreenshootPath + "scenario-3-Memilih-Radio-Button-Perubahan-Data.png"): Taking screenshot successfully

2022-03-30 15:26:23 - [MESSAGE][INFO] - 0 hidden object(s)

2022-03-30 15:26:23 - [MESSAGE][PASSED] - Taking screenshot successfully
[[ATTACHMENT|D:\PROJECT\BCA\BCAF_MEAPP_i3\BCAF_MEAPP_i3\Screenshoot\Sprint4\Web\keyes\keyes-scenario-3-Memilih-Radio-Button-Perubahan-Data.png]]

2022-03-30 15:26:23 - [TEST_STEP][PASSED] - markPassed("scenario 3 - Memilih Radio Button Perubahan Data"): scenario 3 - Memilih Radio Button Perubahan Data

2022-03-30 15:26:23 - [MESSAGE][PASSED] - scenario 3 - Memilih Radio Button Perubahan Data

2022-03-30 15:26:23 - [TEST_STEP][PASSED] - delay(2): Delayed 2 second(s)

2022-03-30 15:26:25 - [MESSAGE][PASSED] - Delayed 2 second(s)

2022-03-30 15:26:25 - [TEST_STEP][PASSED] - click(findTestObject("MEApp_AppBaru_InisiasiKonsumen/button_Prosesfix")): Object: 'Object Repository/MEApp_AppBaru_InisiasiKonsumen/button_Prosesfix' is clicked on

2022-03-30 15:26:26 - [MESSAGE][PASSED] - Object: 'Object Repository/MEApp_AppBaru_InisiasiKonsumen/button_Prosesfix' is clicked on

2022-03-30 15:26:26 - [TEST_STEP][PASSED] - delay(2): Delayed 2 second(s)

2022-03-30 15:26:28 - [MESSAGE][PASSED] - Delayed 2 second(s)

2022-03-30 15:26:28 - [TEST_STEP][PASSED] - waitForElementPresent(findTestObject("MEApp_AppBaru_InisiasiKonsumen/AplikasiBaruMatching"), 300): Object 'Object Repository/MEApp_AppBaru_InisiasiKonsumen/AplikasiBaruMatching' is present

2022-03-30 15:26:42 - [MESSAGE][PASSED] - Object 'Object Repository/MEApp_AppBaru_InisiasiKonsumen/AplikasiBaruMatching' is present

2022-03-30 15:26:42 - [TEST_STEP][PASSED] - takeFullPageScreenshotAsCheckpoint(userDir + sprint4WebScreenshootPath + "scenario-3-Masuk-aplikasi-matching.png"): Taking screenshot successfully

2022-03-30 15:26:42 - [MESSAGE][INFO] - 0 hidden object(s)

2022-03-30 15:26:42 - [MESSAGE][PASSED] - Taking screenshot successfully
[[ATTACHMENT|D:\PROJECT\BCA\BCAF_MEAPP_i3\BCAF_MEAPP_i3\Screenshoot\Sprint4\Web\keyes\keyes-scenario-3-Masuk-aplikasi-matching.png]]

2022-03-30 15:26:42 - [TEST_STEP][PASSED] - markPassed("scenario 3 - Masuk aplikasi matching"): scenario 3 - Masuk aplikasi matching

2022-03-30 15:26:42 - [MESSAGE][PASSED] - scenario 3 - Masuk aplikasi matching

2022-03-30 15:26:42 - [TEST_STEP][PASSED] - delay(2): Delayed 2 second(s)

2022-03-30 15:26:44 - [MESSAGE][PASSED] - Delayed 2 second(s)

2022-03-30 15:26:44 - [TEST_STEP][PASSED] - click(findTestObject("MEApp_AppBaru_InisiasiKonsumen/a_Ok")): Object: 'Object Repository/MEApp_AppBaru_InisiasiKonsumen/a_Ok' is clicked on

2022-03-30 15:26:45 - [MESSAGE][PASSED] - Object: 'Object Repository/MEApp_AppBaru_InisiasiKonsumen/a_Ok' is clicked on

2022-03-30 15:26:45 - [TEST_STEP][PASSED] - delay(1): Delayed 1 second(s)

2022-03-30 15:26:46 - [MESSAGE][PASSED] - Delayed 1 second(s)

2022-03-30 15:26:46 - [TEST_STEP][PASSED] - click(findTestObject("MEApp_AppBaru_InisiasiKonsumen/button_Ya")): Object: 'Object Repository/MEApp_AppBaru_InisiasiKonsumen/button_Ya' is clicked on

2022-03-30 15:26:46 - [MESSAGE][PASSED] - Object: 'Object Repository/MEApp_AppBaru_InisiasiKonsumen/button_Ya' is clicked on

2022-03-30 15:26:46 - [TEST_STEP][PASSED] - delay(3): Delayed 3 second(s)

2022-03-30 15:26:49 - [MESSAGE][PASSED] - Delayed 3 second(s)

2022-03-30 15:26:49 - [TEST_STEP][PASSED] - takeFullPageScreenshotAsCheckpoint(userDir + sprint4WebScreenshootPath + "scenario-3-Berhasil-dilakukan-inisiasi-konsumen-baru.png"): Taking screenshot successfully

2022-03-30 15:26:50 - [MESSAGE][INFO] - 0 hidden object(s)

2022-03-30 15:26:51 - [MESSAGE][PASSED] - Taking screenshot successfully
[[ATTACHMENT|D:\PROJECT\BCA\BCAF_MEAPP_i3\BCAF_MEAPP_i3\Screenshoot\Sprint4\Web\keyes\keyes-scenario-3-Berhasil-dilakukan-inisiasi-konsumen-baru.png]]

2022-03-30 15:26:51 - [TEST_STEP][PASSED] - markPassed("scenario 3 - Berhasil dilakukan inisiasi konsumen baru"): scenario 3 - Berhasil dilakukan inisiasi konsumen baru

2022-03-30 15:26:51 - [MESSAGE][PASSED] - scenario 3 - Berhasil dilakukan inisiasi konsumen baru

2022-03-30 15:26:51 - [TEST_STEP][PASSED] - delay(2): Delayed 2 second(s)

2022-03-30 15:26:53 - [MESSAGE][PASSED] - Delayed 2 second(s)]]></system-out>
         <system-err><![CDATA[]]></system-err>
      </testcase>
      <testcase name="Test Cases/Sprint 4/Skenario 3/03-02-Transaction-AppPending-InputCorporate" time="265.539" classname="Test Cases/Sprint 4/Skenario 3/03-02-Transaction-AppPending-InputCorporate" status="PASSED">
         <system-out><![CDATA[2022-03-30 15:26:53 - [TEST_CASE][PASSED] - Test Cases/Sprint 4/Skenario 3/03-02-Transaction-AppPending-InputCorporate: Test Cases/Sprint 4/Skenario 3/03-02-Transaction-AppPending-InputCorporate

2022-03-30 15:26:53 - [TEST_STEP][PASSED] - userDir = getProjectDir(): null

2022-03-30 15:26:53 - [TEST_STEP][PASSED] - setText(findTestObject("Object Repository/Input_Corporate/Input_Konsumen/input_SID Name_form-control ng-untouched ng-pristine ng-invalid"), konsumen_SID, OPTIONAL): Text '223213445' is set on object 'Object Repository/Input_Corporate/Input_Konsumen/input_SID Name_form-control ng-untouched ng-pristine ng-invalid'

2022-03-30 15:27:50 - [MESSAGE][PASSED] - Text '223213445' is set on object 'Object Repository/Input_Corporate/Input_Konsumen/input_SID Name_form-control ng-untouched ng-pristine ng-invalid'

2022-03-30 15:27:50 - [TEST_STEP][PASSED] - delay(1): Delayed 1 second(s)

2022-03-30 15:27:51 - [MESSAGE][PASSED] - Delayed 1 second(s)

2022-03-30 15:27:51 - [TEST_STEP][PASSED] - scrollToElement(findTestObject("Object Repository/Input_Corporate/Input_Konsumen/i_Fax 2_ri-arrow-right-line"), 60, OPTIONAL): Scroll to object 'Object Repository/Input_Corporate/Input_Konsumen/i_Fax 2_ri-arrow-right-line' successfully

2022-03-30 15:27:51 - [MESSAGE][PASSED] - Scroll to object 'Object Repository/Input_Corporate/Input_Konsumen/i_Fax 2_ri-arrow-right-line' successfully

2022-03-30 15:27:51 - [TEST_STEP][PASSED] - delay(1): Delayed 1 second(s)

2022-03-30 15:27:52 - [MESSAGE][PASSED] - Delayed 1 second(s)

2022-03-30 15:27:52 - [TEST_STEP][PASSED] - click(findTestObject("Object Repository/Input_Corporate/Input_Konsumen/button_Surat Keterangan Domisili"), OPTIONAL): Object: 'Object Repository/Input_Corporate/Input_Konsumen/button_Surat Keterangan Domisili' is clicked on

2022-03-30 15:27:53 - [MESSAGE][PASSED] - Object: 'Object Repository/Input_Corporate/Input_Konsumen/button_Surat Keterangan Domisili' is clicked on

2022-03-30 15:27:53 - [TEST_STEP][PASSED] - delay(1): Delayed 1 second(s)

2022-03-30 15:27:54 - [MESSAGE][PASSED] - Delayed 1 second(s)

2022-03-30 15:27:54 - [TEST_STEP][PASSED] - takeFullPageScreenshotAsCheckpoint(userDir + sprint4WebScreenshootPath + "scenario-3-masuk-submenu-surat-keterangan-domisili.png"): Taking screenshot successfully

2022-03-30 15:27:54 - [MESSAGE][INFO] - 0 hidden object(s)

2022-03-30 15:27:55 - [MESSAGE][PASSED] - Taking screenshot successfully
[[ATTACHMENT|D:\PROJECT\BCA\BCAF_MEAPP_i3\BCAF_MEAPP_i3\Screenshoot\Sprint4\Web\keyes\keyes-scenario-3-masuk-submenu-surat-keterangan-domisili.png]]

2022-03-30 15:27:55 - [TEST_STEP][PASSED] - markPassed("scenario 3 - Masuk submenu surat keterangan domisili"): scenario 3 - Masuk submenu surat keterangan domisili

2022-03-30 15:27:55 - [MESSAGE][PASSED] - scenario 3 - Masuk submenu surat keterangan domisili

2022-03-30 15:27:55 - [TEST_STEP][PASSED] - delay(1): Delayed 1 second(s)

2022-03-30 15:27:56 - [MESSAGE][PASSED] - Delayed 1 second(s)

2022-03-30 15:27:56 - [TEST_STEP][PASSED] - click(findTestObject("Object Repository/Input_Corporate/Input_Konsumen/button_Capture_Domisili"), OPTIONAL): Object: 'Object Repository/Input_Corporate/Input_Konsumen/button_Capture_Domisili' is clicked on

2022-03-30 15:27:56 - [MESSAGE][PASSED] - Object: 'Object Repository/Input_Corporate/Input_Konsumen/button_Capture_Domisili' is clicked on

2022-03-30 15:27:56 - [TEST_STEP][PASSED] - delay(1): Delayed 1 second(s)

2022-03-30 15:27:57 - [MESSAGE][PASSED] - Delayed 1 second(s)

2022-03-30 15:27:57 - [TEST_STEP][PASSED] - uploadFile(findTestObject("Input_Corporate/Capture_"), userDir + cobaKTP, OPTIONAL): File 'D:/PROJECT/BCA/BCAF_MEAPP_i3/BCAF_MEAPP_i3/Assets/ktp_dummy.png' sent to object: 'Object Repository/Input_Corporate/Capture_'

2022-03-30 15:27:57 - [MESSAGE][PASSED] - File 'D:/PROJECT/BCA/BCAF_MEAPP_i3/BCAF_MEAPP_i3/Assets/ktp_dummy.png' sent to object: 'Object Repository/Input_Corporate/Capture_'

2022-03-30 15:27:57 - [TEST_STEP][PASSED] - delay(1): Delayed 1 second(s)

2022-03-30 15:27:58 - [MESSAGE][PASSED] - Delayed 1 second(s)

2022-03-30 15:27:58 - [TEST_STEP][PASSED] - takeFullPageScreenshotAsCheckpoint(userDir + sprint4WebScreenshootPath + "scenario-3-capture-surat-keterangan-domisili-berhasil.png"): Taking screenshot successfully

2022-03-30 15:27:59 - [MESSAGE][INFO] - 0 hidden object(s)

2022-03-30 15:28:00 - [MESSAGE][PASSED] - Taking screenshot successfully
[[ATTACHMENT|D:\PROJECT\BCA\BCAF_MEAPP_i3\BCAF_MEAPP_i3\Screenshoot\Sprint4\Web\keyes\keyes-scenario-3-capture-surat-keterangan-domisili-berhasil.png]]

2022-03-30 15:28:00 - [TEST_STEP][PASSED] - markPassed("scenario 3 - Capture surat keterangan domisili berhasil"): scenario 3 - Capture surat keterangan domisili berhasil

2022-03-30 15:28:00 - [MESSAGE][PASSED] - scenario 3 - Capture surat keterangan domisili berhasil

2022-03-30 15:28:00 - [TEST_STEP][PASSED] - delay(1): Delayed 1 second(s)

2022-03-30 15:28:01 - [MESSAGE][PASSED] - Delayed 1 second(s)

2022-03-30 15:28:01 - [TEST_STEP][PASSED] - click(findTestObject("Object Repository/Input_Corporate/Input_Konsumen/button_FAP"), OPTIONAL): Object: 'Object Repository/Input_Corporate/Input_Konsumen/button_FAP' is clicked on

2022-03-30 15:28:01 - [MESSAGE][PASSED] - Object: 'Object Repository/Input_Corporate/Input_Konsumen/button_FAP' is clicked on

2022-03-30 15:28:01 - [TEST_STEP][PASSED] - delay(1): Delayed 1 second(s)

2022-03-30 15:28:02 - [MESSAGE][PASSED] - Delayed 1 second(s)

2022-03-30 15:28:02 - [TEST_STEP][PASSED] - takeFullPageScreenshotAsCheckpoint(userDir + sprint4WebScreenshootPath + "scenario-3-Masuk-submenu-FAP.png"): Taking screenshot successfully

2022-03-30 15:28:03 - [MESSAGE][INFO] - 0 hidden object(s)

2022-03-30 15:28:04 - [MESSAGE][PASSED] - Taking screenshot successfully
[[ATTACHMENT|D:\PROJECT\BCA\BCAF_MEAPP_i3\BCAF_MEAPP_i3\Screenshoot\Sprint4\Web\keyes\keyes-scenario-3-Masuk-submenu-FAP.png]]

2022-03-30 15:28:04 - [TEST_STEP][PASSED] - markPassed("scenario 3 - Masuk submenu FAP"): scenario 3 - Masuk submenu FAP

2022-03-30 15:28:04 - [MESSAGE][PASSED] - scenario 3 - Masuk submenu FAP

2022-03-30 15:28:04 - [TEST_STEP][PASSED] - delay(1): Delayed 1 second(s)

2022-03-30 15:28:05 - [MESSAGE][PASSED] - Delayed 1 second(s)

2022-03-30 15:28:05 - [TEST_STEP][PASSED] - click(findTestObject("Object Repository/Input_Corporate/Input_Konsumen/a_Add Capture_FAP"), OPTIONAL): Object: 'Object Repository/Input_Corporate/Input_Konsumen/a_Add Capture_FAP' is clicked on

2022-03-30 15:28:06 - [MESSAGE][PASSED] - Object: 'Object Repository/Input_Corporate/Input_Konsumen/a_Add Capture_FAP' is clicked on

2022-03-30 15:28:06 - [TEST_STEP][PASSED] - delay(1): Delayed 1 second(s)

2022-03-30 15:28:07 - [MESSAGE][PASSED] - Delayed 1 second(s)

2022-03-30 15:28:07 - [TEST_STEP][PASSED] - uploadFile(findTestObject("Input_Corporate/Capture_"), userDir + cobaKTP, OPTIONAL): File 'D:/PROJECT/BCA/BCAF_MEAPP_i3/BCAF_MEAPP_i3/Assets/ktp_dummy.png' sent to object: 'Object Repository/Input_Corporate/Capture_'

2022-03-30 15:28:07 - [MESSAGE][PASSED] - File 'D:/PROJECT/BCA/BCAF_MEAPP_i3/BCAF_MEAPP_i3/Assets/ktp_dummy.png' sent to object: 'Object Repository/Input_Corporate/Capture_'

2022-03-30 15:28:07 - [TEST_STEP][PASSED] - delay(1): Delayed 1 second(s)

2022-03-30 15:28:08 - [MESSAGE][PASSED] - Delayed 1 second(s)

2022-03-30 15:28:08 - [TEST_STEP][PASSED] - setText(findTestObject("Object Repository/Input_Corporate/Input_Konsumen/input_Jenis Usaha_form-control ng-untouched ng-pristine ng-invalid"), konsumen_jenisUsaha, OPTIONAL): Text 'Kontruksi' is set on object 'Object Repository/Input_Corporate/Input_Konsumen/input_Jenis Usaha_form-control ng-untouched ng-pristine ng-invalid'

2022-03-30 15:28:09 - [MESSAGE][PASSED] - Text 'Kontruksi' is set on object 'Object Repository/Input_Corporate/Input_Konsumen/input_Jenis Usaha_form-control ng-untouched ng-pristine ng-invalid'

2022-03-30 15:28:09 - [TEST_STEP][PASSED] - delay(1): Delayed 1 second(s)

2022-03-30 15:28:10 - [MESSAGE][PASSED] - Delayed 1 second(s)

2022-03-30 15:28:10 - [TEST_STEP][PASSED] - setText(findTestObject("Object Repository/Input_Corporate/Input_Konsumen/input_Economy Code_form-control bcaf-autocomplete ng-untouched ng-pristine ng-invalid"), konsumen_economyCode, OPTIONAL): Text '010103' is set on object 'Object Repository/Input_Corporate/Input_Konsumen/input_Economy Code_form-control bcaf-autocomplete ng-untouched ng-pristine ng-invalid'

2022-03-30 15:28:10 - [MESSAGE][PASSED] - Text '010103' is set on object 'Object Repository/Input_Corporate/Input_Konsumen/input_Economy Code_form-control bcaf-autocomplete ng-untouched ng-pristine ng-invalid'

2022-03-30 15:28:10 - [TEST_STEP][PASSED] - delay(1): Delayed 1 second(s)

2022-03-30 15:28:11 - [MESSAGE][PASSED] - Delayed 1 second(s)

2022-03-30 15:28:11 - [TEST_STEP][PASSED] - waitForElementPresent(findTestObject("Object Repository/Input_Corporate/Input_Konsumen/li_010103 Pertanian  Kehutanan-Pertanian  Pupuk-Importir"), 100, OPTIONAL): Object 'Object Repository/Input_Corporate/Input_Konsumen/li_010103 Pertanian  Kehutanan-Pertanian  Pupuk-Importir' is present

2022-03-30 15:28:12 - [MESSAGE][PASSED] - Object 'Object Repository/Input_Corporate/Input_Konsumen/li_010103 Pertanian  Kehutanan-Pertanian  Pupuk-Importir' is present

2022-03-30 15:28:12 - [TEST_STEP][PASSED] - delay(1): Delayed 1 second(s)

2022-03-30 15:28:13 - [MESSAGE][PASSED] - Delayed 1 second(s)

2022-03-30 15:28:13 - [TEST_STEP][PASSED] - click(findTestObject("Object Repository/Input_Corporate/Input_Konsumen/li_010103 Pertanian  Kehutanan-Pertanian  Pupuk-Importir"), OPTIONAL): Object: 'Object Repository/Input_Corporate/Input_Konsumen/li_010103 Pertanian  Kehutanan-Pertanian  Pupuk-Importir' is clicked on

2022-03-30 15:28:13 - [MESSAGE][PASSED] - Object: 'Object Repository/Input_Corporate/Input_Konsumen/li_010103 Pertanian  Kehutanan-Pertanian  Pupuk-Importir' is clicked on

2022-03-30 15:28:13 - [TEST_STEP][PASSED] - delay(1): Delayed 1 second(s)

2022-03-30 15:28:14 - [MESSAGE][PASSED] - Delayed 1 second(s)

2022-03-30 15:28:14 - [TEST_STEP][PASSED] - setText(findTestObject("Object Repository/Input_Corporate/Input_Konsumen/input_Kode Lokasi Proyek_form"), konsumen_kodeLokasi, OPTIONAL): Text '1213' is set on object 'Object Repository/Input_Corporate/Input_Konsumen/input_Kode Lokasi Proyek_form'

2022-03-30 15:28:15 - [MESSAGE][PASSED] - Text '1213' is set on object 'Object Repository/Input_Corporate/Input_Konsumen/input_Kode Lokasi Proyek_form'

2022-03-30 15:28:15 - [TEST_STEP][PASSED] - delay(1): Delayed 1 second(s)

2022-03-30 15:28:16 - [MESSAGE][PASSED] - Delayed 1 second(s)

2022-03-30 15:28:16 - [TEST_STEP][PASSED] - waitForElementPresent(findTestObject("Object Repository/Input_Corporate/Input_Konsumen/li_1213 - MALANG,KAB"), 100, OPTIONAL): Object 'Object Repository/Input_Corporate/Input_Konsumen/li_1213 - MALANG,KAB' is present

2022-03-30 15:28:16 - [MESSAGE][PASSED] - Object 'Object Repository/Input_Corporate/Input_Konsumen/li_1213 - MALANG,KAB' is present

2022-03-30 15:28:16 - [TEST_STEP][PASSED] - delay(1): Delayed 1 second(s)

2022-03-30 15:28:17 - [MESSAGE][PASSED] - Delayed 1 second(s)

2022-03-30 15:28:17 - [TEST_STEP][PASSED] - click(findTestObject("Object Repository/Input_Corporate/Input_Konsumen/li_1213 - MALANG,KAB"), OPTIONAL): Object: 'Object Repository/Input_Corporate/Input_Konsumen/li_1213 - MALANG,KAB' is clicked on

2022-03-30 15:28:18 - [MESSAGE][PASSED] - Object: 'Object Repository/Input_Corporate/Input_Konsumen/li_1213 - MALANG,KAB' is clicked on

2022-03-30 15:28:18 - [TEST_STEP][PASSED] - delay(1): Delayed 1 second(s)

2022-03-30 15:28:19 - [MESSAGE][PASSED] - Delayed 1 second(s)

2022-03-30 15:28:19 - [TEST_STEP][PASSED] - setText(findTestObject("Object Repository/Input_Corporate/Input_Konsumen/input_Berdiri Sejak Tahun_form-control ng-untouched ng-pristine ng-invalid"), konsumen_tahunBerdiri, OPTIONAL): Text '1995' is set on object 'Object Repository/Input_Corporate/Input_Konsumen/input_Berdiri Sejak Tahun_form-control ng-untouched ng-pristine ng-invalid'

2022-03-30 15:28:19 - [MESSAGE][PASSED] - Text '1995' is set on object 'Object Repository/Input_Corporate/Input_Konsumen/input_Berdiri Sejak Tahun_form-control ng-untouched ng-pristine ng-invalid'

2022-03-30 15:28:19 - [TEST_STEP][PASSED] - delay(1): Delayed 1 second(s)

2022-03-30 15:28:20 - [MESSAGE][PASSED] - Delayed 1 second(s)

2022-03-30 15:28:20 - [TEST_STEP][PASSED] - setText(findTestObject("Object Repository/Input_Corporate/Input_Konsumen/input_Omzet Usaha per Tahun_form-control text-right ng-untouched ng-pristine ng-invalid"), konsumen_omzetUsaha, OPTIONAL): Text '10000000000' is set on object 'Object Repository/Input_Corporate/Input_Konsumen/input_Omzet Usaha per Tahun_form-control text-right ng-untouched ng-pristine ng-invalid'

2022-03-30 15:28:21 - [MESSAGE][PASSED] - Text '10000000000' is set on object 'Object Repository/Input_Corporate/Input_Konsumen/input_Omzet Usaha per Tahun_form-control text-right ng-untouched ng-pristine ng-invalid'

2022-03-30 15:28:21 - [TEST_STEP][PASSED] - delay(1): Delayed 1 second(s)

2022-03-30 15:28:22 - [MESSAGE][PASSED] - Delayed 1 second(s)

2022-03-30 15:28:22 - [TEST_STEP][PASSED] - setText(findTestObject("Object Repository/Input_Corporate/Input_Konsumen/input_No. Rekening BCA_form-control ng-untouched ng-pristine ng-valid"), konsumen_noRekBCA, OPTIONAL): Text '413514512' is set on object 'Object Repository/Input_Corporate/Input_Konsumen/input_No. Rekening BCA_form-control ng-untouched ng-pristine ng-valid'

2022-03-30 15:28:23 - [MESSAGE][PASSED] - Text '413514512' is set on object 'Object Repository/Input_Corporate/Input_Konsumen/input_No. Rekening BCA_form-control ng-untouched ng-pristine ng-valid'

2022-03-30 15:28:23 - [TEST_STEP][PASSED] - delay(1): Delayed 1 second(s)

2022-03-30 15:28:24 - [MESSAGE][PASSED] - Delayed 1 second(s)

2022-03-30 15:28:24 - [TEST_STEP][PASSED] - setText(findTestObject("Object Repository/Input_Corporate/Input_Konsumen/input_Alamat Perusahaan_form-control ng-untouched ng-pristine ng-invalid"), konsumen_alamatPT, OPTIONAL): Text 'Jakarta, No. 45' is set on object 'Object Repository/Input_Corporate/Input_Konsumen/input_Alamat Perusahaan_form-control ng-untouched ng-pristine ng-invalid'

2022-03-30 15:28:25 - [MESSAGE][PASSED] - Text 'Jakarta, No. 45' is set on object 'Object Repository/Input_Corporate/Input_Konsumen/input_Alamat Perusahaan_form-control ng-untouched ng-pristine ng-invalid'

2022-03-30 15:28:25 - [TEST_STEP][PASSED] - delay(1): Delayed 1 second(s)

2022-03-30 15:28:26 - [MESSAGE][PASSED] - Delayed 1 second(s)

2022-03-30 15:28:26 - [TEST_STEP][PASSED] - setText(findTestObject("Object Repository/Input_Corporate/Input_Konsumen/input_Provinsi_form-control bcaf-autocomplete ng-untouched ng-pristine ng-invalid"), konsumen_provinsi, OPTIONAL): Text 'JAWA TIMUR' is set on object 'Object Repository/Input_Corporate/Input_Konsumen/input_Provinsi_form-control bcaf-autocomplete ng-untouched ng-pristine ng-invalid'

2022-03-30 15:28:27 - [MESSAGE][PASSED] - Text 'JAWA TIMUR' is set on object 'Object Repository/Input_Corporate/Input_Konsumen/input_Provinsi_form-control bcaf-autocomplete ng-untouched ng-pristine ng-invalid'

2022-03-30 15:28:27 - [TEST_STEP][PASSED] - delay(1): Delayed 1 second(s)

2022-03-30 15:28:28 - [MESSAGE][PASSED] - Delayed 1 second(s)

2022-03-30 15:28:28 - [TEST_STEP][PASSED] - waitForElementPresent(findTestObject("Object Repository/Input_Corporate/Input_Konsumen/li_JAWA TIMUR"), 100, OPTIONAL): Object 'Object Repository/Input_Corporate/Input_Konsumen/li_JAWA TIMUR' is present

2022-03-30 15:28:28 - [MESSAGE][PASSED] - Object 'Object Repository/Input_Corporate/Input_Konsumen/li_JAWA TIMUR' is present

2022-03-30 15:28:28 - [TEST_STEP][PASSED] - delay(1): Delayed 1 second(s)

2022-03-30 15:28:29 - [MESSAGE][PASSED] - Delayed 1 second(s)

2022-03-30 15:28:29 - [TEST_STEP][PASSED] - click(findTestObject("Object Repository/Input_Corporate/Input_Konsumen/li_JAWA TIMUR"), OPTIONAL): Object: 'Object Repository/Input_Corporate/Input_Konsumen/li_JAWA TIMUR' is clicked on

2022-03-30 15:28:29 - [MESSAGE][PASSED] - Object: 'Object Repository/Input_Corporate/Input_Konsumen/li_JAWA TIMUR' is clicked on

2022-03-30 15:28:29 - [TEST_STEP][PASSED] - delay(1): Delayed 1 second(s)

2022-03-30 15:28:30 - [MESSAGE][PASSED] - Delayed 1 second(s)

2022-03-30 15:28:30 - [TEST_STEP][PASSED] - setText(findTestObject("Object Repository/Input_Corporate/Input_Konsumen/input_KabKota_form-control bcaf-autocomplete ng-untouched ng-pristine ng-invalid"), konsumen_kabKota, OPTIONAL): Text 'Malang' is set on object 'Object Repository/Input_Corporate/Input_Konsumen/input_KabKota_form-control bcaf-autocomplete ng-untouched ng-pristine ng-invalid'

2022-03-30 15:28:31 - [MESSAGE][PASSED] - Text 'Malang' is set on object 'Object Repository/Input_Corporate/Input_Konsumen/input_KabKota_form-control bcaf-autocomplete ng-untouched ng-pristine ng-invalid'

2022-03-30 15:28:31 - [TEST_STEP][PASSED] - delay(1): Delayed 1 second(s)

2022-03-30 15:28:32 - [MESSAGE][PASSED] - Delayed 1 second(s)

2022-03-30 15:28:32 - [TEST_STEP][PASSED] - waitForElementPresent(findTestObject("Object Repository/Input_Corporate/Input_Konsumen/li_MALANG"), 100, OPTIONAL): Object 'Object Repository/Input_Corporate/Input_Konsumen/li_MALANG' is present

2022-03-30 15:28:33 - [MESSAGE][PASSED] - Object 'Object Repository/Input_Corporate/Input_Konsumen/li_MALANG' is present

2022-03-30 15:28:33 - [TEST_STEP][PASSED] - delay(1): Delayed 1 second(s)

2022-03-30 15:28:34 - [MESSAGE][PASSED] - Delayed 1 second(s)

2022-03-30 15:28:34 - [TEST_STEP][PASSED] - click(findTestObject("Object Repository/Input_Corporate/Input_Konsumen/li_MALANG"), OPTIONAL): Object: 'Object Repository/Input_Corporate/Input_Konsumen/li_MALANG' is clicked on

2022-03-30 15:28:34 - [MESSAGE][PASSED] - Object: 'Object Repository/Input_Corporate/Input_Konsumen/li_MALANG' is clicked on

2022-03-30 15:28:34 - [TEST_STEP][PASSED] - delay(1): Delayed 1 second(s)

2022-03-30 15:28:35 - [MESSAGE][PASSED] - Delayed 1 second(s)

2022-03-30 15:28:35 - [TEST_STEP][PASSED] - setText(findTestObject("Object Repository/Input_Corporate/Input_Konsumen/input_Kecamatan_form-control bcaf-autocomplete ng-untouched ng-pristine ng-invalid"), konsumen_kecamantan, OPTIONAL): Text 'lowokwaru' is set on object 'Object Repository/Input_Corporate/Input_Konsumen/input_Kecamatan_form-control bcaf-autocomplete ng-untouched ng-pristine ng-invalid'

2022-03-30 15:28:36 - [MESSAGE][PASSED] - Text 'lowokwaru' is set on object 'Object Repository/Input_Corporate/Input_Konsumen/input_Kecamatan_form-control bcaf-autocomplete ng-untouched ng-pristine ng-invalid'

2022-03-30 15:28:36 - [TEST_STEP][PASSED] - delay(1): Delayed 1 second(s)

2022-03-30 15:28:37 - [MESSAGE][PASSED] - Delayed 1 second(s)

2022-03-30 15:28:37 - [TEST_STEP][PASSED] - waitForElementPresent(findTestObject("Object Repository/Input_Corporate/Input_Konsumen/li_LOWOKWARU"), 0, OPTIONAL): Object 'Object Repository/Input_Corporate/Input_Konsumen/li_LOWOKWARU' is present

2022-03-30 15:28:37 - [MESSAGE][WARNING] - Timeout '0' is invalid. Using default page load timeout: '30'

2022-03-30 15:28:37 - [MESSAGE][PASSED] - Object 'Object Repository/Input_Corporate/Input_Konsumen/li_LOWOKWARU' is present

2022-03-30 15:28:37 - [TEST_STEP][PASSED] - delay(1): Delayed 1 second(s)

2022-03-30 15:28:38 - [MESSAGE][PASSED] - Delayed 1 second(s)

2022-03-30 15:28:38 - [TEST_STEP][PASSED] - click(findTestObject("Object Repository/Input_Corporate/Input_Konsumen/li_LOWOKWARU"), OPTIONAL): Object: 'Object Repository/Input_Corporate/Input_Konsumen/li_LOWOKWARU' is clicked on

2022-03-30 15:28:38 - [MESSAGE][PASSED] - Object: 'Object Repository/Input_Corporate/Input_Konsumen/li_LOWOKWARU' is clicked on

2022-03-30 15:28:38 - [TEST_STEP][PASSED] - delay(1): Delayed 1 second(s)

2022-03-30 15:28:40 - [MESSAGE][PASSED] - Delayed 1 second(s)

2022-03-30 15:28:40 - [TEST_STEP][PASSED] - setText(findTestObject("Object Repository/Input_Corporate/Input_Konsumen/input_Kelurahan_form-control bcaf-autocomplete ng-untouched ng-pristine ng-invalid"), konsumen_kelurahan, OPTIONAL): Text 'ketawanggede' is set on object 'Object Repository/Input_Corporate/Input_Konsumen/input_Kelurahan_form-control bcaf-autocomplete ng-untouched ng-pristine ng-invalid'

2022-03-30 15:28:40 - [MESSAGE][PASSED] - Text 'ketawanggede' is set on object 'Object Repository/Input_Corporate/Input_Konsumen/input_Kelurahan_form-control bcaf-autocomplete ng-untouched ng-pristine ng-invalid'

2022-03-30 15:28:40 - [TEST_STEP][PASSED] - delay(1): Delayed 1 second(s)

2022-03-30 15:28:41 - [MESSAGE][PASSED] - Delayed 1 second(s)

2022-03-30 15:28:41 - [TEST_STEP][PASSED] - waitForElementPresent(findTestObject("Object Repository/Input_Corporate/Input_Konsumen/li_KETAWANGGEDE"), 100, OPTIONAL): Object 'Object Repository/Input_Corporate/Input_Konsumen/li_KETAWANGGEDE' is present

2022-03-30 15:28:42 - [MESSAGE][PASSED] - Object 'Object Repository/Input_Corporate/Input_Konsumen/li_KETAWANGGEDE' is present

2022-03-30 15:28:42 - [TEST_STEP][PASSED] - delay(1): Delayed 1 second(s)

2022-03-30 15:28:43 - [MESSAGE][PASSED] - Delayed 1 second(s)

2022-03-30 15:28:43 - [TEST_STEP][PASSED] - click(findTestObject("Object Repository/Input_Corporate/Input_Konsumen/li_KETAWANGGEDE"), OPTIONAL): Object: 'Object Repository/Input_Corporate/Input_Konsumen/li_KETAWANGGEDE' is clicked on

2022-03-30 15:28:43 - [MESSAGE][PASSED] - Object: 'Object Repository/Input_Corporate/Input_Konsumen/li_KETAWANGGEDE' is clicked on

2022-03-30 15:28:43 - [TEST_STEP][PASSED] - delay(1): Delayed 1 second(s)

2022-03-30 15:28:44 - [MESSAGE][PASSED] - Delayed 1 second(s)

2022-03-30 15:28:44 - [TEST_STEP][PASSED] - setText(findTestObject("Object Repository/Input_Corporate/Input_Konsumen/input_Kode Pos_form-control bcaf-autocomplete ng-untouched ng-pristine ng-invalid"), konsumen_kodePos, OPTIONAL): Text '65145' is set on object 'Object Repository/Input_Corporate/Input_Konsumen/input_Kode Pos_form-control bcaf-autocomplete ng-untouched ng-pristine ng-invalid'

2022-03-30 15:28:45 - [MESSAGE][PASSED] - Text '65145' is set on object 'Object Repository/Input_Corporate/Input_Konsumen/input_Kode Pos_form-control bcaf-autocomplete ng-untouched ng-pristine ng-invalid'

2022-03-30 15:28:45 - [TEST_STEP][PASSED] - delay(1): Delayed 1 second(s)

2022-03-30 15:28:46 - [MESSAGE][PASSED] - Delayed 1 second(s)

2022-03-30 15:28:46 - [TEST_STEP][PASSED] - waitForElementPresent(findTestObject("Object Repository/Input_Corporate/Input_Konsumen/li_65145"), 100, OPTIONAL): Object 'Object Repository/Input_Corporate/Input_Konsumen/li_65145' is present

2022-03-30 15:28:46 - [MESSAGE][PASSED] - Object 'Object Repository/Input_Corporate/Input_Konsumen/li_65145' is present

2022-03-30 15:28:46 - [TEST_STEP][PASSED] - delay(1): Delayed 1 second(s)

2022-03-30 15:28:47 - [MESSAGE][PASSED] - Delayed 1 second(s)

2022-03-30 15:28:47 - [TEST_STEP][PASSED] - click(findTestObject("Object Repository/Input_Corporate/Input_Konsumen/li_65145"), OPTIONAL): Object: 'Object Repository/Input_Corporate/Input_Konsumen/li_65145' is clicked on

2022-03-30 15:28:48 - [MESSAGE][PASSED] - Object: 'Object Repository/Input_Corporate/Input_Konsumen/li_65145' is clicked on

2022-03-30 15:28:48 - [TEST_STEP][PASSED] - delay(1): Delayed 1 second(s)

2022-03-30 15:28:49 - [MESSAGE][PASSED] - Delayed 1 second(s)

2022-03-30 15:28:49 - [TEST_STEP][PASSED] - takeFullPageScreenshotAsCheckpoint(userDir + sprint4WebScreenshootPath + "scenario-3-Input-data-FAP.png"): Taking screenshot successfully

2022-03-30 15:28:50 - [MESSAGE][INFO] - 0 hidden object(s)

2022-03-30 15:28:51 - [MESSAGE][PASSED] - Taking screenshot successfully
[[ATTACHMENT|D:\PROJECT\BCA\BCAF_MEAPP_i3\BCAF_MEAPP_i3\Screenshoot\Sprint4\Web\keyes\keyes-scenario-3-Input-data-FAP.png]]

2022-03-30 15:28:51 - [TEST_STEP][PASSED] - markPassed("scenario 3 - Input data FAP"): scenario 3 - Input data FAP

2022-03-30 15:28:51 - [MESSAGE][PASSED] - scenario 3 - Input data FAP

2022-03-30 15:28:51 - [TEST_STEP][PASSED] - delay(1): Delayed 1 second(s)

2022-03-30 15:28:52 - [MESSAGE][PASSED] - Delayed 1 second(s)

2022-03-30 15:28:52 - [TEST_STEP][PASSED] - scrollToElement(findTestObject("Object Repository/Input_Corporate/Input_Konsumen/i_Fax 2_ri-arrow-right-line"), 60, OPTIONAL): Scroll to object 'Object Repository/Input_Corporate/Input_Konsumen/i_Fax 2_ri-arrow-right-line' successfully

2022-03-30 15:28:52 - [MESSAGE][PASSED] - Scroll to object 'Object Repository/Input_Corporate/Input_Konsumen/i_Fax 2_ri-arrow-right-line' successfully

2022-03-30 15:28:52 - [TEST_STEP][PASSED] - click(findTestObject("Object Repository/Input_Corporate/Input_Konsumen/input_Alamat Pengiriman Surat  Alamat Perusahaan_isAlamatPengirimanSurat"), OPTIONAL): Unable to click on object 'Object Repository/Input_Corporate/Input_Konsumen/input_Alamat Pengiriman Surat  Alamat Perusahaan_isAlamatPengirimanSurat' (Root cause: com.kms.katalon.core.exception.StepFailedException: Unable to click on object 'Object Repository/Input_Corporate/Input_Konsumen/input_Alamat Pengiriman Surat  Alamat Perusahaan_isAlamatPengirimanSurat'
	at com.kms.katalon.core.webui.keyword.internal.WebUIKeywordMain.stepFailed(WebUIKeywordMain.groovy:64)
	at com.kms.katalon.core.webui.keyword.internal.WebUIKeywordMain.runKeyword(WebUIKeywordMain.groovy:26)
	at com.kms.katalon.core.webui.keyword.builtin.ClickKeyword.click(ClickKeyword.groovy:74)
	at com.kms.katalon.core.webui.keyword.builtin.ClickKeyword.execute(ClickKeyword.groovy:40)
	at com.kms.katalon.core.keyword.internal.KeywordExecutor.executeKeywordForPlatform(KeywordExecutor.groovy:74)
	at com.kms.katalon.core.webui.keyword.WebUiBuiltInKeywords.click(WebUiBuiltInKeywords.groovy:608)
	at com.kms.katalon.core.webui.keyword.WebUiBuiltInKeywords$click$10.call(Unknown Source)
	at 03-02-Transaction-AppPending-InputCorporate.run(03-02-Transaction-AppPending-InputCorporate:294)
	at com.kms.katalon.core.main.ScriptEngine.run(ScriptEngine.java:194)
	at com.kms.katalon.core.main.ScriptEngine.runScriptAsRawText(ScriptEngine.java:119)
	at com.kms.katalon.core.main.TestCaseExecutor.runScript(TestCaseExecutor.java:442)
	at com.kms.katalon.core.main.TestCaseExecutor.doExecute(TestCaseExecutor.java:433)
	at com.kms.katalon.core.main.TestCaseExecutor.processExecutionPhase(TestCaseExecutor.java:412)
	at com.kms.katalon.core.main.TestCaseExecutor.accessMainPhase(TestCaseExecutor.java:404)
	at com.kms.katalon.core.main.TestCaseExecutor.execute(TestCaseExecutor.java:281)
	at com.kms.katalon.core.main.TestSuiteExecutor.accessTestCaseMainPhase(TestSuiteExecutor.java:202)
	at com.kms.katalon.core.main.TestSuiteExecutor.accessTestSuiteMainPhase(TestSuiteExecutor.java:164)
	at com.kms.katalon.core.main.TestSuiteExecutor.execute(TestSuiteExecutor.java:105)
	at com.kms.katalon.core.main.TestCaseMain.startTestSuite(TestCaseMain.java:185)
	at com.kms.katalon.core.main.TestCaseMain$startTestSuite$0.call(Unknown Source)
	at TempTestSuite1648627268077.run(TempTestSuite1648627268077.groovy:36)
Caused by: org.openqa.selenium.ElementClickInterceptedException: element click intercepted: Element <input _ngcontent-qci-c99="" formcontrolname="isAlamatPengirimanSurat" id="radio-perorangan" type="radio" value="ya" name="isAlamatPengirimanSurat" class="form-check-input ng-untouched ng-pristine ng-valid"> is not clickable at point (312, 6). Other element would receive the click: <header _ngcontent-qci-c84="" id="mainHeader" class="c-header c-header-light c-header-fixed">...</header>
  (Session info: chrome=99.0.4844.84)
Build info: version: '3.141.59', revision: 'e82be7d358', time: '2018-11-14T08:25:53'
System info: host: 'SAVIRAROHWINA', ip: '192.168.1.88', os.name: 'Windows 10', os.arch: 'amd64', os.version: '10.0', java.version: '1.8.0_282'
Driver info: com.kms.katalon.selenium.driver.CChromeDriver
Capabilities {acceptInsecureCerts: false, browserName: chrome, browserVersion: 99.0.4844.84, chrome: {chromedriverVersion: 98.0.4758.102 (273bf7ac8c90..., userDataDir: C:\Users\savir\AppData\Loca...}, goog:chromeOptions: {debuggerAddress: localhost:61719}, javascriptEnabled: true, networkConnectionEnabled: false, pageLoadStrategy: normal, platform: WINDOWS, platformName: WINDOWS, proxy: Proxy(), setWindowRect: true, strictFileInteractability: false, timeouts: {implicit: 0, pageLoad: 300000, script: 30000}, unhandledPromptBehavior: dismiss and notify, webauthn:extension:credBlob: true, webauthn:extension:largeBlob: true, webauthn:virtualAuthenticators: true}
Session ID: 19783461de39d43a1d8ceadf9ecdd94c
	at org.openqa.selenium.remote.http.W3CHttpResponseCodec.createException(W3CHttpResponseCodec.java:187)
	at org.openqa.selenium.remote.http.W3CHttpResponseCodec.decode(W3CHttpResponseCodec.java:122)
	at org.openqa.selenium.remote.http.W3CHttpResponseCodec.decode(W3CHttpResponseCodec.java:49)
	at org.openqa.selenium.remote.HttpCommandExecutor.execute(HttpCommandExecutor.java:158)
	at org.openqa.selenium.remote.service.DriverCommandExecutor.execute(DriverCommandExecutor.java:83)
	at org.openqa.selenium.remote.RemoteWebDriver.execute(RemoteWebDriver.java:552)
	at com.kms.katalon.selenium.driver.CChromeDriver.execute(CChromeDriver.java:19)
	at org.openqa.selenium.remote.RemoteWebElement.execute(RemoteWebElement.java:285)
	at org.openqa.selenium.remote.RemoteWebElement.click(RemoteWebElement.java:84)
	at org.openqa.selenium.support.events.EventFiringWebDriver$EventFiringWebElement.lambda$new$0(EventFiringWebDriver.java:404)
	at com.sun.proxy.$Proxy11.click(Unknown Source)
	at org.openqa.selenium.support.events.EventFiringWebDriver$EventFiringWebElement.click(EventFiringWebDriver.java:417)
	at org.openqa.selenium.WebElement$click.call(Unknown Source)
	at com.kms.katalon.core.webui.keyword.builtin.ClickKeyword.clickUntilSuccessWithTimeout(ClickKeyword.groovy:81)
	at com.kms.katalon.core.webui.keyword.builtin.ClickKeyword.clickUntilSuccessWithTimeout(ClickKeyword.groovy)
	at com.kms.katalon.core.webui.keyword.builtin.ClickKeyword$_click_closure1.doCall(ClickKeyword.groovy:67)
	at com.kms.katalon.core.webui.keyword.builtin.ClickKeyword$_click_closure1.call(ClickKeyword.groovy)
	at com.kms.katalon.core.webui.keyword.internal.WebUIKeywordMain.runKeyword(WebUIKeywordMain.groovy:20)
	at com.kms.katalon.core.webui.keyword.builtin.ClickKeyword.click(ClickKeyword.groovy:74)
	at com.kms.katalon.core.webui.keyword.builtin.ClickKeyword.execute(ClickKeyword.groovy:40)
	at com.kms.katalon.core.keyword.internal.KeywordExecutor.executeKeywordForPlatform(KeywordExecutor.groovy:74)
	at com.kms.katalon.core.webui.keyword.WebUiBuiltInKeywords.click(WebUiBuiltInKeywords.groovy:608)
	at com.kms.katalon.core.webui.keyword.WebUiBuiltInKeywords$click$10.call(Unknown Source)
	at Script1647432020843.run(Script1647432020843.groovy:294)
	... 13 more
)

2022-03-30 15:29:25 - [MESSAGE][WARNING] - Unable to click on object 'Object Repository/Input_Corporate/Input_Konsumen/input_Alamat Pengiriman Surat  Alamat Perusahaan_isAlamatPengirimanSurat' (Root cause: com.kms.katalon.core.exception.StepFailedException: Unable to click on object 'Object Repository/Input_Corporate/Input_Konsumen/input_Alamat Pengiriman Surat  Alamat Perusahaan_isAlamatPengirimanSurat'
	at com.kms.katalon.core.webui.keyword.internal.WebUIKeywordMain.stepFailed(WebUIKeywordMain.groovy:64)
	at com.kms.katalon.core.webui.keyword.internal.WebUIKeywordMain.runKeyword(WebUIKeywordMain.groovy:26)
	at com.kms.katalon.core.webui.keyword.builtin.ClickKeyword.click(ClickKeyword.groovy:74)
	at com.kms.katalon.core.webui.keyword.builtin.ClickKeyword.execute(ClickKeyword.groovy:40)
	at com.kms.katalon.core.keyword.internal.KeywordExecutor.executeKeywordForPlatform(KeywordExecutor.groovy:74)
	at com.kms.katalon.core.webui.keyword.WebUiBuiltInKeywords.click(WebUiBuiltInKeywords.groovy:608)
	at com.kms.katalon.core.webui.keyword.WebUiBuiltInKeywords$click$10.call(Unknown Source)
	at 03-02-Transaction-AppPending-InputCorporate.run(03-02-Transaction-AppPending-InputCorporate:294)
	at com.kms.katalon.core.main.ScriptEngine.run(ScriptEngine.java:194)
	at com.kms.katalon.core.main.ScriptEngine.runScriptAsRawText(ScriptEngine.java:119)
	at com.kms.katalon.core.main.TestCaseExecutor.runScript(TestCaseExecutor.java:442)
	at com.kms.katalon.core.main.TestCaseExecutor.doExecute(TestCaseExecutor.java:433)
	at com.kms.katalon.core.main.TestCaseExecutor.processExecutionPhase(TestCaseExecutor.java:412)
	at com.kms.katalon.core.main.TestCaseExecutor.accessMainPhase(TestCaseExecutor.java:404)
	at com.kms.katalon.core.main.TestCaseExecutor.execute(TestCaseExecutor.java:281)
	at com.kms.katalon.core.main.TestSuiteExecutor.accessTestCaseMainPhase(TestSuiteExecutor.java:202)
	at com.kms.katalon.core.main.TestSuiteExecutor.accessTestSuiteMainPhase(TestSuiteExecutor.java:164)
	at com.kms.katalon.core.main.TestSuiteExecutor.execute(TestSuiteExecutor.java:105)
	at com.kms.katalon.core.main.TestCaseMain.startTestSuite(TestCaseMain.java:185)
	at com.kms.katalon.core.main.TestCaseMain$startTestSuite$0.call(Unknown Source)
	at TempTestSuite1648627268077.run(TempTestSuite1648627268077.groovy:36)
Caused by: org.openqa.selenium.ElementClickInterceptedException: element click intercepted: Element <input _ngcontent-qci-c99="" formcontrolname="isAlamatPengirimanSurat" id="radio-perorangan" type="radio" value="ya" name="isAlamatPengirimanSurat" class="form-check-input ng-untouched ng-pristine ng-valid"> is not clickable at point (312, 6). Other element would receive the click: <header _ngcontent-qci-c84="" id="mainHeader" class="c-header c-header-light c-header-fixed">...</header>
  (Session info: chrome=99.0.4844.84)
Build info: version: '3.141.59', revision: 'e82be7d358', time: '2018-11-14T08:25:53'
System info: host: 'SAVIRAROHWINA', ip: '192.168.1.88', os.name: 'Windows 10', os.arch: 'amd64', os.version: '10.0', java.version: '1.8.0_282'
Driver info: com.kms.katalon.selenium.driver.CChromeDriver
Capabilities {acceptInsecureCerts: false, browserName: chrome, browserVersion: 99.0.4844.84, chrome: {chromedriverVersion: 98.0.4758.102 (273bf7ac8c90..., userDataDir: C:\Users\savir\AppData\Loca...}, goog:chromeOptions: {debuggerAddress: localhost:61719}, javascriptEnabled: true, networkConnectionEnabled: false, pageLoadStrategy: normal, platform: WINDOWS, platformName: WINDOWS, proxy: Proxy(), setWindowRect: true, strictFileInteractability: false, timeouts: {implicit: 0, pageLoad: 300000, script: 30000}, unhandledPromptBehavior: dismiss and notify, webauthn:extension:credBlob: true, webauthn:extension:largeBlob: true, webauthn:virtualAuthenticators: true}
Session ID: 19783461de39d43a1d8ceadf9ecdd94c
	at org.openqa.selenium.remote.http.W3CHttpResponseCodec.createException(W3CHttpResponseCodec.java:187)
	at org.openqa.selenium.remote.http.W3CHttpResponseCodec.decode(W3CHttpResponseCodec.java:122)
	at org.openqa.selenium.remote.http.W3CHttpResponseCodec.decode(W3CHttpResponseCodec.java:49)
	at org.openqa.selenium.remote.HttpCommandExecutor.execute(HttpCommandExecutor.java:158)
	at org.openqa.selenium.remote.service.DriverCommandExecutor.execute(DriverCommandExecutor.java:83)
	at org.openqa.selenium.remote.RemoteWebDriver.execute(RemoteWebDriver.java:552)
	at com.kms.katalon.selenium.driver.CChromeDriver.execute(CChromeDriver.java:19)
	at org.openqa.selenium.remote.RemoteWebElement.execute(RemoteWebElement.java:285)
	at org.openqa.selenium.remote.RemoteWebElement.click(RemoteWebElement.java:84)
	at org.openqa.selenium.support.events.EventFiringWebDriver$EventFiringWebElement.lambda$new$0(EventFiringWebDriver.java:404)
	at com.sun.proxy.$Proxy11.click(Unknown Source)
	at org.openqa.selenium.support.events.EventFiringWebDriver$EventFiringWebElement.click(EventFiringWebDriver.java:417)
	at org.openqa.selenium.WebElement$click.call(Unknown Source)
	at com.kms.katalon.core.webui.keyword.builtin.ClickKeyword.clickUntilSuccessWithTimeout(ClickKeyword.groovy:81)
	at com.kms.katalon.core.webui.keyword.builtin.ClickKeyword.clickUntilSuccessWithTimeout(ClickKeyword.groovy)
	at com.kms.katalon.core.webui.keyword.builtin.ClickKeyword$_click_closure1.doCall(ClickKeyword.groovy:67)
	at com.kms.katalon.core.webui.keyword.builtin.ClickKeyword$_click_closure1.call(ClickKeyword.groovy)
	at com.kms.katalon.core.webui.keyword.internal.WebUIKeywordMain.runKeyword(WebUIKeywordMain.groovy:20)
	at com.kms.katalon.core.webui.keyword.builtin.ClickKeyword.click(ClickKeyword.groovy:74)
	at com.kms.katalon.core.webui.keyword.builtin.ClickKeyword.execute(ClickKeyword.groovy:40)
	at com.kms.katalon.core.keyword.internal.KeywordExecutor.executeKeywordForPlatform(KeywordExecutor.groovy:74)
	at com.kms.katalon.core.webui.keyword.WebUiBuiltInKeywords.click(WebUiBuiltInKeywords.groovy:608)
	at com.kms.katalon.core.webui.keyword.WebUiBuiltInKeywords$click$10.call(Unknown Source)
	at Script1647432020843.run(Script1647432020843.groovy:294)
	... 13 more
)
[[ATTACHMENT|D:\\PROJECT\\BCA\\BCAF_MEAPP_i3\\BCAF_MEAPP_i3\\Reports\\20220330_150108\\TS_4Scenario\\S1-S4\\20220330_150108\\1648628965282.png]]

2022-03-30 15:29:25 - [TEST_STEP][PASSED] - delay(1): Delayed 1 second(s)

2022-03-30 15:29:26 - [MESSAGE][PASSED] - Delayed 1 second(s)

2022-03-30 15:29:26 - [TEST_STEP][PASSED] - setText(findTestObject("Object Repository/Input_Corporate/Input_Konsumen/input_Email_form-control ng-untouched ng-pristine ng-valid"), konsumen_email, OPTIONAL): Text 'contoh@gmail.com' is set on object 'Object Repository/Input_Corporate/Input_Konsumen/input_Email_form-control ng-untouched ng-pristine ng-valid'

2022-03-30 15:29:27 - [MESSAGE][PASSED] - Text 'contoh@gmail.com' is set on object 'Object Repository/Input_Corporate/Input_Konsumen/input_Email_form-control ng-untouched ng-pristine ng-valid'

2022-03-30 15:29:27 - [TEST_STEP][PASSED] - delay(1): Delayed 1 second(s)

2022-03-30 15:29:28 - [MESSAGE][PASSED] - Delayed 1 second(s)

2022-03-30 15:29:28 - [TEST_STEP][PASSED] - setText(findTestObject("Object Repository/Input_Corporate/Input_Konsumen/input_Telepon 1_form-control ng-untouched ng-pristine ng-valid"), konsumen_telepon1, OPTIONAL): Text '089773662555' is set on object 'Object Repository/Input_Corporate/Input_Konsumen/input_Telepon 1_form-control ng-untouched ng-pristine ng-valid'

2022-03-30 15:29:29 - [MESSAGE][PASSED] - Text '089773662555' is set on object 'Object Repository/Input_Corporate/Input_Konsumen/input_Telepon 1_form-control ng-untouched ng-pristine ng-valid'

2022-03-30 15:29:29 - [TEST_STEP][PASSED] - delay(1): Delayed 1 second(s)

2022-03-30 15:29:30 - [MESSAGE][PASSED] - Delayed 1 second(s)

2022-03-30 15:29:30 - [TEST_STEP][PASSED] - takeFullPageScreenshotAsCheckpoint(userDir + sprint4WebScreenshootPath + "scenario-3-Input-data-alamat-pengirim-surat.png"): Taking screenshot successfully

2022-03-30 15:29:31 - [MESSAGE][INFO] - 0 hidden object(s)

2022-03-30 15:29:32 - [MESSAGE][PASSED] - Taking screenshot successfully
[[ATTACHMENT|D:\PROJECT\BCA\BCAF_MEAPP_i3\BCAF_MEAPP_i3\Screenshoot\Sprint4\Web\keyes\keyes-scenario-3-Input-data-alamat-pengirim-surat.png]]

2022-03-30 15:29:32 - [TEST_STEP][PASSED] - markPassed("scenario 3 - Input data alamat pengirim surat"): scenario 3 - Input data alamat pengirim surat

2022-03-30 15:29:32 - [MESSAGE][PASSED] - scenario 3 - Input data alamat pengirim surat

2022-03-30 15:29:32 - [TEST_STEP][PASSED] - scrollToPosition(0, 0, OPTIONAL): Browser is scrolled to position x = 0, y = 0

2022-03-30 15:29:32 - [MESSAGE][PASSED] - Browser is scrolled to position x = 0, y = 0

2022-03-30 15:29:32 - [TEST_STEP][PASSED] - delay(2): Delayed 2 second(s)

2022-03-30 15:29:34 - [MESSAGE][PASSED] - Delayed 2 second(s)

2022-03-30 15:29:34 - [TEST_STEP][PASSED] - delay(1): Delayed 1 second(s)

2022-03-30 15:29:35 - [MESSAGE][PASSED] - Delayed 1 second(s)

2022-03-30 15:29:35 - [TEST_STEP][PASSED] - click(findTestObject("Input_Corporate/Pengurus/1_a_Pengurus"), OPTIONAL): Object: 'Object Repository/Input_Corporate/Pengurus/1_a_Pengurus' is clicked on

2022-03-30 15:29:36 - [MESSAGE][PASSED] - Object: 'Object Repository/Input_Corporate/Pengurus/1_a_Pengurus' is clicked on

2022-03-30 15:29:36 - [TEST_STEP][PASSED] - delay(1): Delayed 1 second(s)

2022-03-30 15:29:37 - [MESSAGE][PASSED] - Delayed 1 second(s)

2022-03-30 15:29:37 - [TEST_STEP][PASSED] - takeFullPageScreenshotAsCheckpoint(userDir + sprint4WebScreenshootPath + "scenario-3-Input-data-pengurus.png"): Taking screenshot successfully

2022-03-30 15:29:37 - [MESSAGE][INFO] - 0 hidden object(s)

2022-03-30 15:29:37 - [MESSAGE][PASSED] - Taking screenshot successfully
[[ATTACHMENT|D:\PROJECT\BCA\BCAF_MEAPP_i3\BCAF_MEAPP_i3\Screenshoot\Sprint4\Web\keyes\keyes-scenario-3-Input-data-pengurus.png]]

2022-03-30 15:29:37 - [TEST_STEP][PASSED] - markPassed("scenario 3 - Input data pengurus"): scenario 3 - Input data pengurus

2022-03-30 15:29:37 - [MESSAGE][PASSED] - scenario 3 - Input data pengurus

2022-03-30 15:29:37 - [TEST_STEP][PASSED] - delay(1): Delayed 1 second(s)

2022-03-30 15:29:38 - [MESSAGE][PASSED] - Delayed 1 second(s)

2022-03-30 15:29:38 - [TEST_STEP][PASSED] - click(findTestObject("Input_Corporate/Pengurus/2_i_Add_ri-file-add-line ( Add_Pengurus )"), OPTIONAL): Object: 'Object Repository/Input_Corporate/Pengurus/2_i_Add_ri-file-add-line ( Add_Pengurus )' is clicked on

2022-03-30 15:29:39 - [MESSAGE][PASSED] - Object: 'Object Repository/Input_Corporate/Pengurus/2_i_Add_ri-file-add-line ( Add_Pengurus )' is clicked on

2022-03-30 15:29:39 - [TEST_STEP][PASSED] - delay(1): Delayed 1 second(s)

2022-03-30 15:29:40 - [MESSAGE][PASSED] - Delayed 1 second(s)

2022-03-30 15:29:40 - [TEST_STEP][PASSED] - click(findTestObject("Input_Corporate/Pengurus/3_button_Pengurus 1"), OPTIONAL): Object: 'Object Repository/Input_Corporate/Pengurus/3_button_Pengurus 1' is clicked on

2022-03-30 15:29:40 - [MESSAGE][PASSED] - Object: 'Object Repository/Input_Corporate/Pengurus/3_button_Pengurus 1' is clicked on

2022-03-30 15:29:40 - [TEST_STEP][PASSED] - delay(1): Delayed 1 second(s)

2022-03-30 15:29:41 - [MESSAGE][PASSED] - Delayed 1 second(s)

2022-03-30 15:29:41 - [TEST_STEP][PASSED] - takeFullPageScreenshotAsCheckpoint(userDir + sprint4WebScreenshootPath + "scenario-3-Masuk-submenu-data-pengurus-1.png"): Taking screenshot successfully

2022-03-30 15:29:42 - [MESSAGE][INFO] - 0 hidden object(s)

2022-03-30 15:29:42 - [MESSAGE][PASSED] - Taking screenshot successfully
[[ATTACHMENT|D:\PROJECT\BCA\BCAF_MEAPP_i3\BCAF_MEAPP_i3\Screenshoot\Sprint4\Web\keyes\keyes-scenario-3-Masuk-submenu-data-pengurus-1.png]]

2022-03-30 15:29:42 - [TEST_STEP][PASSED] - markPassed("scenario 3 - Masuk submenu data pengurus 1"): scenario 3 - Masuk submenu data pengurus 1

2022-03-30 15:29:42 - [MESSAGE][PASSED] - scenario 3 - Masuk submenu data pengurus 1

2022-03-30 15:29:42 - [TEST_STEP][PASSED] - delay(1): Delayed 1 second(s)

2022-03-30 15:29:43 - [MESSAGE][PASSED] - Delayed 1 second(s)

2022-03-30 15:29:43 - [TEST_STEP][PASSED] - click(findTestObject("Input_Corporate/Pengurus/4_a_Capture File"), OPTIONAL): Object: 'Object Repository/Input_Corporate/Pengurus/4_a_Capture File' is clicked on

2022-03-30 15:29:44 - [MESSAGE][PASSED] - Object: 'Object Repository/Input_Corporate/Pengurus/4_a_Capture File' is clicked on

2022-03-30 15:29:44 - [TEST_STEP][PASSED] - delay(1): Delayed 1 second(s)

2022-03-30 15:29:45 - [MESSAGE][PASSED] - Delayed 1 second(s)

2022-03-30 15:29:45 - [TEST_STEP][PASSED] - uploadFile(findTestObject("Input_Corporate/Capture_"), userDir + cobaKTP, OPTIONAL): File 'D:/PROJECT/BCA/BCAF_MEAPP_i3/BCAF_MEAPP_i3/Assets/ktp_dummy.png' sent to object: 'Object Repository/Input_Corporate/Capture_'

2022-03-30 15:29:45 - [MESSAGE][PASSED] - File 'D:/PROJECT/BCA/BCAF_MEAPP_i3/BCAF_MEAPP_i3/Assets/ktp_dummy.png' sent to object: 'Object Repository/Input_Corporate/Capture_'

2022-03-30 15:29:45 - [TEST_STEP][PASSED] - delay(1): Delayed 1 second(s)

2022-03-30 15:29:46 - [MESSAGE][PASSED] - Delayed 1 second(s)

2022-03-30 15:29:46 - [TEST_STEP][PASSED] - waitForElementClickable(findTestObject("Input_Corporate/Pengurus/5_input_Name_form-control ng-untouched ng-pristine ng-invalid"), 300): Object 'Object Repository/Input_Corporate/Pengurus/5_input_Name_form-control ng-untouched ng-pristine ng-invalid' is clickable

2022-03-30 15:29:56 - [MESSAGE][PASSED] - Object 'Object Repository/Input_Corporate/Pengurus/5_input_Name_form-control ng-untouched ng-pristine ng-invalid' is clickable

2022-03-30 15:29:56 - [TEST_STEP][PASSED] - delay(1): Delayed 1 second(s)

2022-03-30 15:29:57 - [MESSAGE][PASSED] - Delayed 1 second(s)

2022-03-30 15:29:57 - [TEST_STEP][PASSED] - takeFullPageScreenshotAsCheckpoint(userDir + sprint4WebScreenshootPath + "scenario-3-Berhasil-input-otomatis-data-pengurus-berdasarkan-data-capture-ktp-pengurus-yang-di-capture.png"): Taking screenshot successfully

2022-03-30 15:29:58 - [MESSAGE][INFO] - 0 hidden object(s)

2022-03-30 15:29:58 - [MESSAGE][PASSED] - Taking screenshot successfully
[[ATTACHMENT|D:\PROJECT\BCA\BCAF_MEAPP_i3\BCAF_MEAPP_i3\Screenshoot\Sprint4\Web\keyes\keyes-scenario-3-Berhasil-input-otomatis-data-pengurus-berdasarkan-data-capture-ktp-pengurus-yang-di-capture.png]]

2022-03-30 15:29:58 - [TEST_STEP][PASSED] - markPassed("scenario 3 - Berhasil input otomatis data pengurus berdasarkan data capture ktp pengurus yang di capture "): scenario 3 - Berhasil input otomatis data pengurus berdasarkan data capture ktp pengurus yang di capture 

2022-03-30 15:29:58 - [MESSAGE][PASSED] - scenario 3 - Berhasil input otomatis data pengurus berdasarkan data capture ktp pengurus yang di capture 

2022-03-30 15:29:58 - [TEST_STEP][PASSED] - delay(1): Delayed 1 second(s)

2022-03-30 15:29:59 - [MESSAGE][PASSED] - Delayed 1 second(s)

2022-03-30 15:29:59 - [TEST_STEP][PASSED] - setText(findTestObject("Input_Corporate/Pengurus/8_input_SID Pengurus_form-control ng-pristine ng-invalid is-invalid ng-touched"), pengurus_SID, OPTIONAL): Text '3345434656' is set on object 'Object Repository/Input_Corporate/Pengurus/8_input_SID Pengurus_form-control ng-pristine ng-invalid is-invalid ng-touched'

2022-03-30 15:30:00 - [MESSAGE][PASSED] - Text '3345434656' is set on object 'Object Repository/Input_Corporate/Pengurus/8_input_SID Pengurus_form-control ng-pristine ng-invalid is-invalid ng-touched'

2022-03-30 15:30:00 - [TEST_STEP][PASSED] - delay(1): Delayed 1 second(s)

2022-03-30 15:30:01 - [MESSAGE][PASSED] - Delayed 1 second(s)

2022-03-30 15:30:01 - [TEST_STEP][PASSED] - scrollToElement(findTestObject("Input_Corporate/Pengurus/2_i_Add_ri-file-add-line ( Add_Pengurus )"), 30, OPTIONAL): Scroll to object 'Object Repository/Input_Corporate/Pengurus/2_i_Add_ri-file-add-line ( Add_Pengurus )' successfully

2022-03-30 15:30:01 - [MESSAGE][PASSED] - Scroll to object 'Object Repository/Input_Corporate/Pengurus/2_i_Add_ri-file-add-line ( Add_Pengurus )' successfully

2022-03-30 15:30:01 - [TEST_STEP][PASSED] - delay(1): Delayed 1 second(s)

2022-03-30 15:30:02 - [MESSAGE][PASSED] - Delayed 1 second(s)

2022-03-30 15:30:02 - [TEST_STEP][PASSED] - setText(findTestObject("Input_Corporate/Pengurus/15_input_Kode Pos_form-control bcaf-autocomplete ng-pristine ng-invalid ng-touched"), pengurus_kodePos, OPTIONAL): Text '56643' is set on object 'Object Repository/Input_Corporate/Pengurus/15_input_Kode Pos_form-control bcaf-autocomplete ng-pristine ng-invalid ng-touched'

2022-03-30 15:30:03 - [MESSAGE][PASSED] - Text '56643' is set on object 'Object Repository/Input_Corporate/Pengurus/15_input_Kode Pos_form-control bcaf-autocomplete ng-pristine ng-invalid ng-touched'

2022-03-30 15:30:03 - [TEST_STEP][PASSED] - delay(1): Delayed 1 second(s)

2022-03-30 15:30:04 - [MESSAGE][PASSED] - Delayed 1 second(s)

2022-03-30 15:30:04 - [TEST_STEP][PASSED] - click(findTestObject("Input_Corporate/Pengurus/13_div_Pilih Role"), OPTIONAL): Object: 'Object Repository/Input_Corporate/Pengurus/13_div_Pilih Role' is clicked on

2022-03-30 15:30:04 - [MESSAGE][PASSED] - Object: 'Object Repository/Input_Corporate/Pengurus/13_div_Pilih Role' is clicked on

2022-03-30 15:30:04 - [TEST_STEP][PASSED] - delay(1): Delayed 1 second(s)

2022-03-30 15:30:05 - [MESSAGE][PASSED] - Delayed 1 second(s)

2022-03-30 15:30:05 - [TEST_STEP][PASSED] - setText(findTestObject("Input_Corporate/Pengurus/13_div_Pilih Role"), pengurus_role, OPTIONAL): Text 'not set' is set on object 'Object Repository/Input_Corporate/Pengurus/13_div_Pilih Role'

2022-03-30 15:30:06 - [MESSAGE][PASSED] - Text 'not set' is set on object 'Object Repository/Input_Corporate/Pengurus/13_div_Pilih Role'

2022-03-30 15:30:06 - [TEST_STEP][PASSED] - delay(1): Delayed 1 second(s)

2022-03-30 15:30:07 - [MESSAGE][PASSED] - Delayed 1 second(s)

2022-03-30 15:30:07 - [TEST_STEP][PASSED] - click(findTestObject("Input_Corporate/Pengurus/14_div_Not Set"), OPTIONAL): Object: 'Object Repository/Input_Corporate/Pengurus/14_div_Not Set' is clicked on

2022-03-30 15:30:08 - [MESSAGE][PASSED] - Object: 'Object Repository/Input_Corporate/Pengurus/14_div_Not Set' is clicked on

2022-03-30 15:30:08 - [TEST_STEP][PASSED] - delay(1): Delayed 1 second(s)

2022-03-30 15:30:09 - [MESSAGE][PASSED] - Delayed 1 second(s)

2022-03-30 15:30:09 - [TEST_STEP][PASSED] - click(findTestObject("Input_Corporate/Pengurus/21_div_Pilih Jabatan"), OPTIONAL): Object: 'Object Repository/Input_Corporate/Pengurus/21_div_Pilih Jabatan' is clicked on

2022-03-30 15:30:09 - [MESSAGE][PASSED] - Object: 'Object Repository/Input_Corporate/Pengurus/21_div_Pilih Jabatan' is clicked on

2022-03-30 15:30:09 - [TEST_STEP][PASSED] - delay(1): Delayed 1 second(s)

2022-03-30 15:30:10 - [MESSAGE][PASSED] - Delayed 1 second(s)

2022-03-30 15:30:10 - [TEST_STEP][PASSED] - setText(findTestObject("Object Repository/Input_Corporate/Pengurus/21_div_Pilih Jabatan"), pengurus_jabatan, OPTIONAL): Text 'komisaris utama' is set on object 'Object Repository/Input_Corporate/Pengurus/21_div_Pilih Jabatan'

2022-03-30 15:30:11 - [MESSAGE][PASSED] - Text 'komisaris utama' is set on object 'Object Repository/Input_Corporate/Pengurus/21_div_Pilih Jabatan'

2022-03-30 15:30:11 - [TEST_STEP][PASSED] - delay(1): Delayed 1 second(s)

2022-03-30 15:30:12 - [MESSAGE][PASSED] - Delayed 1 second(s)

2022-03-30 15:30:12 - [TEST_STEP][PASSED] - click(findTestObject("Input_Corporate/Pengurus/22_span_Komisaris Utama"), OPTIONAL): Object: 'Object Repository/Input_Corporate/Pengurus/22_span_Komisaris Utama' is clicked on

2022-03-30 15:30:12 - [MESSAGE][PASSED] - Object: 'Object Repository/Input_Corporate/Pengurus/22_span_Komisaris Utama' is clicked on

2022-03-30 15:30:12 - [TEST_STEP][PASSED] - takeFullPageScreenshotAsCheckpoint(userDir + sprint4WebScreenshootPath + "scenario-3-Berhasil-input-otomatis-data-pengurus-1.png"): Taking screenshot successfully

2022-03-30 15:30:13 - [MESSAGE][INFO] - 0 hidden object(s)

2022-03-30 15:30:14 - [MESSAGE][PASSED] - Taking screenshot successfully
[[ATTACHMENT|D:\PROJECT\BCA\BCAF_MEAPP_i3\BCAF_MEAPP_i3\Screenshoot\Sprint4\Web\keyes\keyes-scenario-3-Berhasil-input-otomatis-data-pengurus-1.png]]

2022-03-30 15:30:14 - [TEST_STEP][PASSED] - markPassed("scenario 3 - Berhasil input data pengurus 1"): scenario 3 - Berhasil input data pengurus 1

2022-03-30 15:30:14 - [MESSAGE][PASSED] - scenario 3 - Berhasil input data pengurus 1

2022-03-30 15:30:14 - [TEST_STEP][PASSED] - delay(1): Delayed 1 second(s)

2022-03-30 15:30:15 - [MESSAGE][PASSED] - Delayed 1 second(s)

2022-03-30 15:30:15 - [TEST_STEP][PASSED] - delay(1): Delayed 1 second(s)

2022-03-30 15:30:16 - [MESSAGE][PASSED] - Delayed 1 second(s)

2022-03-30 15:30:16 - [TEST_STEP][PASSED] - scrollToPosition(0, 133, OPTIONAL): Browser is scrolled to position x = 0, y = 133

2022-03-30 15:30:16 - [MESSAGE][PASSED] - Browser is scrolled to position x = 0, y = 133

2022-03-30 15:30:16 - [TEST_STEP][PASSED] - delay(1): Delayed 1 second(s)

2022-03-30 15:30:17 - [MESSAGE][PASSED] - Delayed 1 second(s)

2022-03-30 15:30:17 - [TEST_STEP][PASSED] - click(findTestObject("Input_Corporate/Pemegang_saham/1_a_Pemegang Saham"), OPTIONAL): Object: 'Object Repository/Input_Corporate/Pemegang_saham/1_a_Pemegang Saham' is clicked on

2022-03-30 15:30:17 - [MESSAGE][PASSED] - Object: 'Object Repository/Input_Corporate/Pemegang_saham/1_a_Pemegang Saham' is clicked on

2022-03-30 15:30:17 - [TEST_STEP][PASSED] - delay(1): Delayed 1 second(s)

2022-03-30 15:30:18 - [MESSAGE][PASSED] - Delayed 1 second(s)

2022-03-30 15:30:18 - [TEST_STEP][PASSED] - takeFullPageScreenshotAsCheckpoint(userDir + sprint4WebScreenshootPath + "scenario-3-Masuk-Submenu-pemegang-saham-1.png"): Taking screenshot successfully

2022-03-30 15:30:19 - [MESSAGE][INFO] - 0 hidden object(s)

2022-03-30 15:30:19 - [MESSAGE][PASSED] - Taking screenshot successfully
[[ATTACHMENT|D:\PROJECT\BCA\BCAF_MEAPP_i3\BCAF_MEAPP_i3\Screenshoot\Sprint4\Web\keyes\keyes-scenario-3-Masuk-Submenu-pemegang-saham-1.png]]

2022-03-30 15:30:19 - [TEST_STEP][PASSED] - markPassed("scenario 3 - Berhasil masuk menu pemegang saham "): scenario 3 - Berhasil masuk menu pemegang saham 

2022-03-30 15:30:19 - [MESSAGE][PASSED] - scenario 3 - Berhasil masuk menu pemegang saham 

2022-03-30 15:30:19 - [TEST_STEP][PASSED] - delay(1): Delayed 1 second(s)

2022-03-30 15:30:20 - [MESSAGE][PASSED] - Delayed 1 second(s)

2022-03-30 15:30:20 - [TEST_STEP][PASSED] - click(findTestObject("Input_Corporate/Pemegang_saham/2_a_Add"), OPTIONAL): Object: 'Object Repository/Input_Corporate/Pemegang_saham/2_a_Add' is clicked on

2022-03-30 15:30:21 - [MESSAGE][PASSED] - Object: 'Object Repository/Input_Corporate/Pemegang_saham/2_a_Add' is clicked on

2022-03-30 15:30:21 - [TEST_STEP][PASSED] - delay(1): Delayed 1 second(s)

2022-03-30 15:30:22 - [MESSAGE][PASSED] - Delayed 1 second(s)

2022-03-30 15:30:22 - [TEST_STEP][PASSED] - click(findTestObject("Input_Corporate/Pemegang_saham/input_Perorangan_radios"), OPTIONAL): Object: 'Object Repository/Input_Corporate/Pemegang_saham/input_Perorangan_radios' is clicked on

2022-03-30 15:30:22 - [MESSAGE][PASSED] - Object: 'Object Repository/Input_Corporate/Pemegang_saham/input_Perorangan_radios' is clicked on

2022-03-30 15:30:22 - [TEST_STEP][PASSED] - click(findTestObject("Input_Corporate/Pemegang_saham/input_Jenis Pemegang Saham_radios"), OPTIONAL): Object: 'Object Repository/Input_Corporate/Pemegang_saham/input_Jenis Pemegang Saham_radios' is clicked on

2022-03-30 15:30:22 - [MESSAGE][PASSED] - Object: 'Object Repository/Input_Corporate/Pemegang_saham/input_Jenis Pemegang Saham_radios' is clicked on

2022-03-30 15:30:22 - [TEST_STEP][PASSED] - delay(1): Delayed 1 second(s)

2022-03-30 15:30:23 - [MESSAGE][PASSED] - Delayed 1 second(s)

2022-03-30 15:30:23 - [TEST_STEP][PASSED] - takeFullPageScreenshotAsCheckpoint(userDir + sprint4WebScreenshootPath + "scenario-3-Memilih-radio-button-pemegang-saham.png"): Taking screenshot successfully

2022-03-30 15:30:24 - [MESSAGE][INFO] - 0 hidden object(s)

2022-03-30 15:30:24 - [MESSAGE][PASSED] - Taking screenshot successfully
[[ATTACHMENT|D:\PROJECT\BCA\BCAF_MEAPP_i3\BCAF_MEAPP_i3\Screenshoot\Sprint4\Web\keyes\keyes-scenario-3-Memilih-radio-button-pemegang-saham.png]]

2022-03-30 15:30:24 - [TEST_STEP][PASSED] - markPassed("scenario 3 - Memilih radio button pemegang saham"): scenario 3 - Memilih radio button pemegang saham

2022-03-30 15:30:24 - [MESSAGE][PASSED] - scenario 3 - Memilih radio button pemegang saham

2022-03-30 15:30:24 - [TEST_STEP][PASSED] - delay(1): Delayed 1 second(s)

2022-03-30 15:30:25 - [MESSAGE][PASSED] - Delayed 1 second(s)

2022-03-30 15:30:25 - [TEST_STEP][PASSED] - click(findTestObject("Input_Corporate/Pemegang_saham/4_button_OK"), OPTIONAL): Object: 'Object Repository/Input_Corporate/Pemegang_saham/4_button_OK' is clicked on

2022-03-30 15:30:26 - [MESSAGE][PASSED] - Object: 'Object Repository/Input_Corporate/Pemegang_saham/4_button_OK' is clicked on

2022-03-30 15:30:26 - [TEST_STEP][PASSED] - delay(1): Delayed 1 second(s)

2022-03-30 15:30:27 - [MESSAGE][PASSED] - Delayed 1 second(s)

2022-03-30 15:30:27 - [TEST_STEP][PASSED] - click(findTestObject("Input_Corporate/Pemegang_saham/5_button_Pemegang Saham 1"), OPTIONAL): Object: 'Object Repository/Input_Corporate/Pemegang_saham/5_button_Pemegang Saham 1' is clicked on

2022-03-30 15:30:27 - [MESSAGE][PASSED] - Object: 'Object Repository/Input_Corporate/Pemegang_saham/5_button_Pemegang Saham 1' is clicked on

2022-03-30 15:30:27 - [TEST_STEP][PASSED] - delay(1): Delayed 1 second(s)

2022-03-30 15:30:28 - [MESSAGE][PASSED] - Delayed 1 second(s)

2022-03-30 15:30:28 - [TEST_STEP][PASSED] - takeFullPageScreenshotAsCheckpoint(userDir + sprint4WebScreenshootPath + "scenario-3-Masuk-Submenu-pemegang-saham-1.png"): Taking screenshot successfully

2022-03-30 15:30:29 - [MESSAGE][INFO] - 0 hidden object(s)

2022-03-30 15:30:29 - [MESSAGE][PASSED] - Taking screenshot successfully
[[ATTACHMENT|D:\PROJECT\BCA\BCAF_MEAPP_i3\BCAF_MEAPP_i3\Screenshoot\Sprint4\Web\keyes\keyes-scenario-3-Masuk-Submenu-pemegang-saham-1.png]]

2022-03-30 15:30:29 - [TEST_STEP][PASSED] - markPassed("scenario 3 - Masuk submenu pemegang saham 1"): scenario 3 - Masuk submenu pemegang saham 1

2022-03-30 15:30:29 - [MESSAGE][PASSED] - scenario 3 - Masuk submenu pemegang saham 1

2022-03-30 15:30:29 - [TEST_STEP][PASSED] - delay(1): Delayed 1 second(s)

2022-03-30 15:30:30 - [MESSAGE][PASSED] - Delayed 1 second(s)

2022-03-30 15:30:30 - [TEST_STEP][PASSED] - click(findTestObject("Input_Corporate/Pemegang_saham/6_a_Capture File"), OPTIONAL): Object: 'Object Repository/Input_Corporate/Pemegang_saham/6_a_Capture File' is clicked on

2022-03-30 15:30:31 - [MESSAGE][PASSED] - Object: 'Object Repository/Input_Corporate/Pemegang_saham/6_a_Capture File' is clicked on

2022-03-30 15:30:31 - [TEST_STEP][PASSED] - delay(1): Delayed 1 second(s)

2022-03-30 15:30:32 - [MESSAGE][PASSED] - Delayed 1 second(s)

2022-03-30 15:30:32 - [TEST_STEP][PASSED] - uploadFile(findTestObject("Input_Corporate/Capture_"), userDir + cobaKTP, OPTIONAL): File 'D:/PROJECT/BCA/BCAF_MEAPP_i3/BCAF_MEAPP_i3/Assets/ktp_dummy.png' sent to object: 'Object Repository/Input_Corporate/Capture_'

2022-03-30 15:30:32 - [MESSAGE][PASSED] - File 'D:/PROJECT/BCA/BCAF_MEAPP_i3/BCAF_MEAPP_i3/Assets/ktp_dummy.png' sent to object: 'Object Repository/Input_Corporate/Capture_'

2022-03-30 15:30:32 - [TEST_STEP][PASSED] - delay(1): Delayed 1 second(s)

2022-03-30 15:30:33 - [MESSAGE][PASSED] - Delayed 1 second(s)

2022-03-30 15:30:33 - [TEST_STEP][PASSED] - scrollToPosition(0, 200, OPTIONAL): Browser is scrolled to position x = 0, y = 200

2022-03-30 15:30:33 - [MESSAGE][PASSED] - Browser is scrolled to position x = 0, y = 200

2022-03-30 15:30:33 - [TEST_STEP][PASSED] - delay(1): Delayed 1 second(s)

2022-03-30 15:30:34 - [MESSAGE][PASSED] - Delayed 1 second(s)

2022-03-30 15:30:34 - [TEST_STEP][PASSED] - setText(findTestObject("Object Repository/Input_Corporate/Pemegang_saham/input_Kode Pos_2"), pemegangShm_kodePos): Text '12345' is set on object 'Object Repository/Input_Corporate/Pemegang_saham/input_Kode Pos_2'

2022-03-30 15:30:42 - [MESSAGE][PASSED] - Text '12345' is set on object 'Object Repository/Input_Corporate/Pemegang_saham/input_Kode Pos_2'

2022-03-30 15:30:42 - [TEST_STEP][PASSED] - delay(1): Delayed 1 second(s)

2022-03-30 15:30:43 - [MESSAGE][PASSED] - Delayed 1 second(s)

2022-03-30 15:30:43 - [TEST_STEP][PASSED] - scrollToPosition(0, 133, OPTIONAL): Browser is scrolled to position x = 0, y = 133

2022-03-30 15:30:43 - [MESSAGE][PASSED] - Browser is scrolled to position x = 0, y = 133

2022-03-30 15:30:43 - [TEST_STEP][PASSED] - click(findTestObject("Input_Corporate/Penjamin/1_a_Penjamin"), OPTIONAL): Object: 'Object Repository/Input_Corporate/Penjamin/1_a_Penjamin' is clicked on

2022-03-30 15:30:44 - [MESSAGE][PASSED] - Object: 'Object Repository/Input_Corporate/Penjamin/1_a_Penjamin' is clicked on

2022-03-30 15:30:44 - [TEST_STEP][PASSED] - delay(1): Delayed 1 second(s)

2022-03-30 15:30:45 - [MESSAGE][PASSED] - Delayed 1 second(s)

2022-03-30 15:30:45 - [TEST_STEP][PASSED] - click(findTestObject("Input_Corporate/Penjamin/2_input_Ya_guarantor_Tidak"), OPTIONAL): Object: 'Object Repository/Input_Corporate/Penjamin/2_input_Ya_guarantor_Tidak' is clicked on

2022-03-30 15:30:45 - [MESSAGE][PASSED] - Object: 'Object Repository/Input_Corporate/Penjamin/2_input_Ya_guarantor_Tidak' is clicked on

2022-03-30 15:30:45 - [TEST_STEP][PASSED] - delay(1): Delayed 1 second(s)

2022-03-30 15:30:46 - [MESSAGE][PASSED] - Delayed 1 second(s)

2022-03-30 15:30:46 - [TEST_STEP][PASSED] - takeFullPageScreenshotAsCheckpoint(userDir + sprint4WebScreenshootPath + "scenario-3-Berhasil-pemegang-saham-1.png"): Taking screenshot successfully

2022-03-30 15:30:47 - [MESSAGE][INFO] - 0 hidden object(s)

2022-03-30 15:30:47 - [MESSAGE][PASSED] - Taking screenshot successfully
[[ATTACHMENT|D:\PROJECT\BCA\BCAF_MEAPP_i3\BCAF_MEAPP_i3\Screenshoot\Sprint4\Web\keyes\keyes-scenario-3-Berhasil-pemegang-saham-1.png]]

2022-03-30 15:30:47 - [TEST_STEP][PASSED] - markPassed("scenario 3 - Berhasil input pemegang saham 1"): scenario 3 - Berhasil input pemegang saham 1

2022-03-30 15:30:47 - [MESSAGE][PASSED] - scenario 3 - Berhasil input pemegang saham 1

2022-03-30 15:30:47 - [TEST_STEP][PASSED] - delay(1): Delayed 1 second(s)

2022-03-30 15:30:48 - [MESSAGE][PASSED] - Delayed 1 second(s)

2022-03-30 15:30:48 - [TEST_STEP][PASSED] - click(findTestObject("Input_Corporate/Financial/li_Financial"), OPTIONAL): Object: 'Object Repository/Input_Corporate/Financial/li_Financial' is clicked on

2022-03-30 15:30:49 - [MESSAGE][PASSED] - Object: 'Object Repository/Input_Corporate/Financial/li_Financial' is clicked on

2022-03-30 15:30:49 - [TEST_STEP][PASSED] - delay(1): Delayed 1 second(s)

2022-03-30 15:30:50 - [MESSAGE][PASSED] - Delayed 1 second(s)

2022-03-30 15:30:50 - [TEST_STEP][PASSED] - takeFullPageScreenshotAsCheckpoint(userDir + sprint4WebScreenshootPath + "scenario-3-Masuk-Submenu-financial.png"): Taking screenshot successfully

2022-03-30 15:30:50 - [MESSAGE][INFO] - 0 hidden object(s)

2022-03-30 15:30:50 - [MESSAGE][PASSED] - Taking screenshot successfully
[[ATTACHMENT|D:\PROJECT\BCA\BCAF_MEAPP_i3\BCAF_MEAPP_i3\Screenshoot\Sprint4\Web\keyes\keyes-scenario-3-Masuk-Submenu-financial.png]]

2022-03-30 15:30:50 - [TEST_STEP][PASSED] - markPassed("scenario 3 - Masuk submenu financial"): scenario 3 - Masuk submenu financial

2022-03-30 15:30:50 - [MESSAGE][PASSED] - scenario 3 - Masuk submenu financial

2022-03-30 15:30:50 - [TEST_STEP][PASSED] - delay(1): Delayed 1 second(s)

2022-03-30 15:30:51 - [MESSAGE][PASSED] - Delayed 1 second(s)

2022-03-30 15:30:51 - [TEST_STEP][PASSED] - click(findTestObject("Input_Corporate/Financial/button_Laporan Keuangan"), OPTIONAL): Object: 'Object Repository/Input_Corporate/Financial/button_Laporan Keuangan' is clicked on

2022-03-30 15:30:52 - [MESSAGE][PASSED] - Object: 'Object Repository/Input_Corporate/Financial/button_Laporan Keuangan' is clicked on

2022-03-30 15:30:52 - [TEST_STEP][PASSED] - delay(1): Delayed 1 second(s)

2022-03-30 15:30:53 - [MESSAGE][PASSED] - Delayed 1 second(s)

2022-03-30 15:30:53 - [TEST_STEP][PASSED] - click(findTestObject("Input_Corporate/Financial/a_Capture File"), OPTIONAL): Object: 'Object Repository/Input_Corporate/Financial/a_Capture File' is clicked on

2022-03-30 15:30:53 - [MESSAGE][PASSED] - Object: 'Object Repository/Input_Corporate/Financial/a_Capture File' is clicked on

2022-03-30 15:30:53 - [TEST_STEP][PASSED] - delay(1): Delayed 1 second(s)

2022-03-30 15:30:54 - [MESSAGE][PASSED] - Delayed 1 second(s)

2022-03-30 15:30:54 - [TEST_STEP][PASSED] - uploadFile(findTestObject("Input_Corporate/Capture_"), userDir + cobaKTP, OPTIONAL): File 'D:/PROJECT/BCA/BCAF_MEAPP_i3/BCAF_MEAPP_i3/Assets/ktp_dummy.png' sent to object: 'Object Repository/Input_Corporate/Capture_'

2022-03-30 15:30:55 - [MESSAGE][PASSED] - File 'D:/PROJECT/BCA/BCAF_MEAPP_i3/BCAF_MEAPP_i3/Assets/ktp_dummy.png' sent to object: 'Object Repository/Input_Corporate/Capture_'

2022-03-30 15:30:55 - [TEST_STEP][PASSED] - delay(1): Delayed 1 second(s)

2022-03-30 15:30:56 - [MESSAGE][PASSED] - Delayed 1 second(s)

2022-03-30 15:30:56 - [TEST_STEP][PASSED] - takeFullPageScreenshotAsCheckpoint(userDir + sprint4WebScreenshootPath + "scenario-3-berhasil-input-capture-laporan-keuangan.png"): Taking screenshot successfully

2022-03-30 15:30:56 - [MESSAGE][INFO] - 0 hidden object(s)

2022-03-30 15:30:57 - [MESSAGE][PASSED] - Taking screenshot successfully
[[ATTACHMENT|D:\PROJECT\BCA\BCAF_MEAPP_i3\BCAF_MEAPP_i3\Screenshoot\Sprint4\Web\keyes\keyes-scenario-3-berhasil-input-capture-laporan-keuangan.png]]

2022-03-30 15:30:57 - [TEST_STEP][PASSED] - markPassed("scenario 3 - berhasil input capture laporan keuangan"): scenario 3 - berhasil input capture laporan keuangan

2022-03-30 15:30:57 - [MESSAGE][PASSED] - scenario 3 - berhasil input capture laporan keuangan

2022-03-30 15:30:57 - [TEST_STEP][PASSED] - delay(1): Delayed 1 second(s)

2022-03-30 15:30:58 - [MESSAGE][PASSED] - Delayed 1 second(s)

2022-03-30 15:30:58 - [TEST_STEP][PASSED] - click(findTestObject("Input_Corporate/Financial/button_Bukti Kepemilikan Rekening"), OPTIONAL): Object: 'Object Repository/Input_Corporate/Financial/button_Bukti Kepemilikan Rekening' is clicked on

2022-03-30 15:30:58 - [MESSAGE][PASSED] - Object: 'Object Repository/Input_Corporate/Financial/button_Bukti Kepemilikan Rekening' is clicked on

2022-03-30 15:30:58 - [TEST_STEP][PASSED] - delay(1): Delayed 1 second(s)

2022-03-30 15:30:59 - [MESSAGE][PASSED] - Delayed 1 second(s)

2022-03-30 15:30:59 - [TEST_STEP][PASSED] - click(findTestObject("Input_Corporate/Financial/a_Capture File"), OPTIONAL): Object: 'Object Repository/Input_Corporate/Financial/a_Capture File' is clicked on

2022-03-30 15:31:00 - [MESSAGE][PASSED] - Object: 'Object Repository/Input_Corporate/Financial/a_Capture File' is clicked on

2022-03-30 15:31:00 - [TEST_STEP][PASSED] - delay(1): Delayed 1 second(s)

2022-03-30 15:31:01 - [MESSAGE][PASSED] - Delayed 1 second(s)

2022-03-30 15:31:01 - [TEST_STEP][PASSED] - uploadFile(findTestObject("Input_Corporate/Capture_"), userDir + cobaKTP, OPTIONAL): File 'D:/PROJECT/BCA/BCAF_MEAPP_i3/BCAF_MEAPP_i3/Assets/ktp_dummy.png' sent to object: 'Object Repository/Input_Corporate/Capture_'

2022-03-30 15:31:01 - [MESSAGE][PASSED] - File 'D:/PROJECT/BCA/BCAF_MEAPP_i3/BCAF_MEAPP_i3/Assets/ktp_dummy.png' sent to object: 'Object Repository/Input_Corporate/Capture_'

2022-03-30 15:31:01 - [TEST_STEP][PASSED] - delay(1): Delayed 1 second(s)

2022-03-30 15:31:02 - [MESSAGE][PASSED] - Delayed 1 second(s)

2022-03-30 15:31:02 - [TEST_STEP][PASSED] - takeFullPageScreenshotAsCheckpoint(userDir + sprint4WebScreenshootPath + "scenario-3-behasil-input-capture-laporan-bukti-kepemilikan.png"): Taking screenshot successfully

2022-03-30 15:31:03 - [MESSAGE][INFO] - 0 hidden object(s)

2022-03-30 15:31:03 - [MESSAGE][PASSED] - Taking screenshot successfully
[[ATTACHMENT|D:\PROJECT\BCA\BCAF_MEAPP_i3\BCAF_MEAPP_i3\Screenshoot\Sprint4\Web\keyes\keyes-scenario-3-behasil-input-capture-laporan-bukti-kepemilikan.png]]

2022-03-30 15:31:03 - [TEST_STEP][PASSED] - markPassed("scenario 3 - berhasil input capture laporan bukti kepemilikan"): scenario 3 - berhasil input capture laporan bukti kepemilikan

2022-03-30 15:31:03 - [MESSAGE][PASSED] - scenario 3 - berhasil input capture laporan bukti kepemilikan

2022-03-30 15:31:03 - [TEST_STEP][PASSED] - delay(1): Delayed 1 second(s)

2022-03-30 15:31:04 - [MESSAGE][PASSED] - Delayed 1 second(s)

2022-03-30 15:31:04 - [TEST_STEP][PASSED] - setText(findTestObject("Input_Corporate/Financial/input_BCA Branch_form-control ng-untouched ng-pristine ng-valid"), financial_BCABranch, OPTIONAL): Text 'BCA' is set on object 'Object Repository/Input_Corporate/Financial/input_BCA Branch_form-control ng-untouched ng-pristine ng-valid'

2022-03-30 15:31:05 - [MESSAGE][PASSED] - Text 'BCA' is set on object 'Object Repository/Input_Corporate/Financial/input_BCA Branch_form-control ng-untouched ng-pristine ng-valid'

2022-03-30 15:31:05 - [TEST_STEP][PASSED] - delay(1): Delayed 1 second(s)

2022-03-30 15:31:06 - [MESSAGE][PASSED] - Delayed 1 second(s)

2022-03-30 15:31:06 - [TEST_STEP][PASSED] - setText(findTestObject("Input_Corporate/Financial/input_Account No. 10 Digit_form-control ng-untouched ng-pristine ng-valid"), financial_rekNum, OPTIONAL): Text '2343235657' is set on object 'Object Repository/Input_Corporate/Financial/input_Account No. 10 Digit_form-control ng-untouched ng-pristine ng-valid'

2022-03-30 15:31:07 - [MESSAGE][PASSED] - Text '2343235657' is set on object 'Object Repository/Input_Corporate/Financial/input_Account No. 10 Digit_form-control ng-untouched ng-pristine ng-valid'

2022-03-30 15:31:07 - [TEST_STEP][PASSED] - delay(1): Delayed 1 second(s)

2022-03-30 15:31:08 - [MESSAGE][PASSED] - Delayed 1 second(s)

2022-03-30 15:31:08 - [TEST_STEP][PASSED] - takeFullPageScreenshotAsCheckpoint(userDir + sprint4WebScreenshootPath + "scenario-3-berhasil-input-branch-dan-account-10digit-pada-submenu-financial.png"): Taking screenshot successfully

2022-03-30 15:31:09 - [MESSAGE][INFO] - 0 hidden object(s)

2022-03-30 15:31:09 - [MESSAGE][PASSED] - Taking screenshot successfully
[[ATTACHMENT|D:\PROJECT\BCA\BCAF_MEAPP_i3\BCAF_MEAPP_i3\Screenshoot\Sprint4\Web\keyes\keyes-scenario-3-berhasil-input-branch-dan-account-10digit-pada-submenu-financial.png]]

2022-03-30 15:31:09 - [TEST_STEP][PASSED] - markPassed("scenario 3 - berhasil input branch dan account 10 digit pada submenu financial"): scenario 3 - berhasil input branch dan account 10 digit pada submenu financial

2022-03-30 15:31:09 - [MESSAGE][PASSED] - scenario 3 - berhasil input branch dan account 10 digit pada submenu financial

2022-03-30 15:31:09 - [TEST_STEP][PASSED] - delay(1): Delayed 1 second(s)

2022-03-30 15:31:10 - [MESSAGE][PASSED] - Delayed 1 second(s)

2022-03-30 15:31:10 - [TEST_STEP][PASSED] - click(findTestObject("Input_Corporate/Contact_Person/a_Contact Person"), OPTIONAL): Object: 'Object Repository/Input_Corporate/Contact_Person/a_Contact Person' is clicked on

2022-03-30 15:31:10 - [MESSAGE][PASSED] - Object: 'Object Repository/Input_Corporate/Contact_Person/a_Contact Person' is clicked on

2022-03-30 15:31:10 - [TEST_STEP][PASSED] - delay(1): Delayed 1 second(s)

2022-03-30 15:31:11 - [MESSAGE][PASSED] - Delayed 1 second(s)

2022-03-30 15:31:11 - [TEST_STEP][PASSED] - click(findTestObject("Input_Corporate/Contact_Person/input_Yes_inline-radios_No"), OPTIONAL): Object: 'Object Repository/Input_Corporate/Contact_Person/input_Yes_inline-radios_No' is clicked on

2022-03-30 15:31:12 - [MESSAGE][PASSED] - Object: 'Object Repository/Input_Corporate/Contact_Person/input_Yes_inline-radios_No' is clicked on

2022-03-30 15:31:12 - [TEST_STEP][PASSED] - delay(1): Delayed 1 second(s)

2022-03-30 15:31:13 - [MESSAGE][PASSED] - Delayed 1 second(s)

2022-03-30 15:31:13 - [TEST_STEP][PASSED] - takeFullPageScreenshotAsCheckpoint(userDir + sprint4WebScreenshootPath + "scenario-3-berhasil-input-contact-person.png"): Taking screenshot successfully

2022-03-30 15:31:13 - [MESSAGE][INFO] - 0 hidden object(s)

2022-03-30 15:31:14 - [MESSAGE][PASSED] - Taking screenshot successfully
[[ATTACHMENT|D:\PROJECT\BCA\BCAF_MEAPP_i3\BCAF_MEAPP_i3\Screenshoot\Sprint4\Web\keyes\keyes-scenario-3-berhasil-input-contact-person.png]]

2022-03-30 15:31:14 - [TEST_STEP][PASSED] - markPassed("scenario 3 - berhasil input contact person"): scenario 3 - berhasil input contact person

2022-03-30 15:31:14 - [MESSAGE][PASSED] - scenario 3 - berhasil input contact person

2022-03-30 15:31:14 - [TEST_STEP][PASSED] - delay(1): Delayed 1 second(s)

2022-03-30 15:31:15 - [MESSAGE][PASSED] - Delayed 1 second(s)

2022-03-30 15:31:15 - [TEST_STEP][PASSED] - click(findTestObject("Input_Corporate/Other_Document/a_Other Document"), OPTIONAL): Object: 'Object Repository/Input_Corporate/Other_Document/a_Other Document' is clicked on

2022-03-30 15:31:15 - [MESSAGE][PASSED] - Object: 'Object Repository/Input_Corporate/Other_Document/a_Other Document' is clicked on

2022-03-30 15:31:15 - [TEST_STEP][PASSED] - delay(1): Delayed 1 second(s)

2022-03-30 15:31:16 - [MESSAGE][PASSED] - Delayed 1 second(s)

2022-03-30 15:31:16 - [TEST_STEP][PASSED] - takeFullPageScreenshotAsCheckpoint(userDir + sprint4WebScreenshootPath + "scenario-3-Masuk-menu-other-document.png"): Taking screenshot successfully

2022-03-30 15:31:17 - [MESSAGE][INFO] - 0 hidden object(s)

2022-03-30 15:31:17 - [MESSAGE][PASSED] - Taking screenshot successfully
[[ATTACHMENT|D:\PROJECT\BCA\BCAF_MEAPP_i3\BCAF_MEAPP_i3\Screenshoot\Sprint4\Web\keyes\keyes-scenario-3-Masuk-menu-other-document.png]]

2022-03-30 15:31:17 - [TEST_STEP][PASSED] - markPassed("scenario 3 - Masuk menu other document"): scenario 3 - Masuk menu other document

2022-03-30 15:31:17 - [MESSAGE][PASSED] - scenario 3 - Masuk menu other document

2022-03-30 15:31:17 - [TEST_STEP][PASSED] - delay(1): Delayed 1 second(s)

2022-03-30 15:31:18 - [MESSAGE][PASSED] - Delayed 1 second(s)]]></system-out>
         <system-err><![CDATA[]]></system-err>
      </testcase>
      <testcase name="Test Cases/Sprint 4/Skenario 3/03-03-01-Transaction-AppPending-InputData-Information" time="67.448" classname="Test Cases/Sprint 4/Skenario 3/03-03-01-Transaction-AppPending-InputData-Information" status="PASSED">
         <system-out><![CDATA[2022-03-30 15:31:18 - [TEST_CASE][PASSED] - Test Cases/Sprint 4/Skenario 3/03-03-01-Transaction-AppPending-InputData-Information: Test Cases/Sprint 4/Skenario 3/03-03-01-Transaction-AppPending-InputData-Information

2022-03-30 15:31:18 - [TEST_STEP][PASSED] - userDir = getProjectDir(): null

2022-03-30 15:31:18 - [TEST_STEP][PASSED] - delay(1): Delayed 1 second(s)

2022-03-30 15:31:19 - [MESSAGE][PASSED] - Delayed 1 second(s)

2022-03-30 15:31:19 - [TEST_STEP][PASSED] - click(findTestObject("ME_AppPending/span_Collateral dan Loan")): Object: 'Object Repository/ME_AppPending/span_Collateral dan Loan' is clicked on

2022-03-30 15:31:20 - [MESSAGE][PASSED] - Object: 'Object Repository/ME_AppPending/span_Collateral dan Loan' is clicked on

2022-03-30 15:31:20 - [TEST_STEP][PASSED] - delay(1): Delayed 1 second(s)

2022-03-30 15:31:21 - [MESSAGE][PASSED] - Delayed 1 second(s)

2022-03-30 15:31:21 - [TEST_STEP][PASSED] - takeFullPageScreenshotAsCheckpoint(userDir + sprint4WebScreenshootPath + "scenario-3-masuk-menu-collateral-dan-loan.png"): Taking screenshot successfully

2022-03-30 15:31:22 - [MESSAGE][INFO] - 0 hidden object(s)

2022-03-30 15:31:22 - [MESSAGE][PASSED] - Taking screenshot successfully
[[ATTACHMENT|D:\PROJECT\BCA\BCAF_MEAPP_i3\BCAF_MEAPP_i3\Screenshoot\Sprint4\Web\keyes\keyes-scenario-3-masuk-menu-collateral-dan-loan.png]]

2022-03-30 15:31:22 - [TEST_STEP][PASSED] - markPassed("scenario 3 - Masuk menu collateral dan loan"): scenario 3 - Masuk menu collateral dan loan

2022-03-30 15:31:22 - [MESSAGE][PASSED] - scenario 3 - Masuk menu collateral dan loan

2022-03-30 15:31:22 - [TEST_STEP][PASSED] - delay(1): Delayed 1 second(s)

2022-03-30 15:31:23 - [MESSAGE][PASSED] - Delayed 1 second(s)

2022-03-30 15:31:23 - [TEST_STEP][PASSED] - click(findTestObject("ME_CollateralandLoan_information/li_Information")): Object: 'Object Repository/ME_CollateralandLoan_information/li_Information' is clicked on

2022-03-30 15:31:23 - [MESSAGE][PASSED] - Object: 'Object Repository/ME_CollateralandLoan_information/li_Information' is clicked on

2022-03-30 15:31:23 - [TEST_STEP][PASSED] - delay(1): Delayed 1 second(s)

2022-03-30 15:31:24 - [MESSAGE][PASSED] - Delayed 1 second(s)

2022-03-30 15:31:24 - [TEST_STEP][PASSED] - click(findTestObject("ME_CollateralandLoan_information/input_jenispengajuan1"), OPTIONAL): Object: 'Object Repository/ME_CollateralandLoan_information/input_jenispengajuan1' is clicked on

2022-03-30 15:31:25 - [MESSAGE][PASSED] - Object: 'Object Repository/ME_CollateralandLoan_information/input_jenispengajuan1' is clicked on

2022-03-30 15:31:25 - [TEST_STEP][PASSED] - delay(1): Delayed 1 second(s)

2022-03-30 15:31:26 - [MESSAGE][PASSED] - Delayed 1 second(s)

2022-03-30 15:31:26 - [TEST_STEP][PASSED] - setText(findTestObject("ME_CollateralandLoan_information/input_jenispengajuan1"), information_jenisPengajuan, OPTIONAL): Text 'mobil bekas' is set on object 'Object Repository/ME_CollateralandLoan_information/input_jenispengajuan1'

2022-03-30 15:31:27 - [MESSAGE][PASSED] - Text 'mobil bekas' is set on object 'Object Repository/ME_CollateralandLoan_information/input_jenispengajuan1'

2022-03-30 15:31:27 - [TEST_STEP][PASSED] - delay(1): Delayed 1 second(s)

2022-03-30 15:31:28 - [MESSAGE][PASSED] - Delayed 1 second(s)

2022-03-30 15:31:28 - [TEST_STEP][PASSED] - takeFullPageScreenshotAsCheckpoint(userDir + sprint4WebScreenshootPath + "scenario-3-input-jenis-pengajuan.png"): Taking screenshot successfully

2022-03-30 15:31:28 - [MESSAGE][INFO] - 0 hidden object(s)

2022-03-30 15:31:29 - [MESSAGE][PASSED] - Taking screenshot successfully
[[ATTACHMENT|D:\PROJECT\BCA\BCAF_MEAPP_i3\BCAF_MEAPP_i3\Screenshoot\Sprint4\Web\keyes\keyes-scenario-3-input-jenis-pengajuan.png]]

2022-03-30 15:31:29 - [TEST_STEP][PASSED] - markPassed("scenario 3 - Input Jenis Pengajuan"): scenario 3 - Input Jenis Pengajuan

2022-03-30 15:31:29 - [MESSAGE][PASSED] - scenario 3 - Input Jenis Pengajuan

2022-03-30 15:31:29 - [TEST_STEP][PASSED] - delay(1): Delayed 1 second(s)

2022-03-30 15:31:30 - [MESSAGE][PASSED] - Delayed 1 second(s)

2022-03-30 15:31:30 - [TEST_STEP][PASSED] - click(findTestObject("ME_CollateralandLoan_information/div_Mobil Bekas")): Object: 'Object Repository/ME_CollateralandLoan_information/div_Mobil Bekas' is clicked on

2022-03-30 15:31:30 - [MESSAGE][PASSED] - Object: 'Object Repository/ME_CollateralandLoan_information/div_Mobil Bekas' is clicked on

2022-03-30 15:31:30 - [TEST_STEP][PASSED] - delay(1): Delayed 1 second(s)

2022-03-30 15:31:31 - [MESSAGE][PASSED] - Delayed 1 second(s)

2022-03-30 15:31:31 - [TEST_STEP][PASSED] - click(findTestObject("ME_CollateralandLoan_information/input_tujuankredit"), OPTIONAL): Object: 'Object Repository/ME_CollateralandLoan_information/input_tujuankredit' is clicked on

2022-03-30 15:31:32 - [MESSAGE][PASSED] - Object: 'Object Repository/ME_CollateralandLoan_information/input_tujuankredit' is clicked on

2022-03-30 15:31:32 - [TEST_STEP][PASSED] - delay(1): Delayed 1 second(s)

2022-03-30 15:31:33 - [MESSAGE][PASSED] - Delayed 1 second(s)

2022-03-30 15:31:33 - [TEST_STEP][PASSED] - setText(findTestObject("ME_CollateralandLoan_information/input_tujuankredit"), information_tujuanKredit, OPTIONAL): Text 'pembelian aset' is set on object 'Object Repository/ME_CollateralandLoan_information/input_tujuankredit'

2022-03-30 15:31:33 - [MESSAGE][PASSED] - Text 'pembelian aset' is set on object 'Object Repository/ME_CollateralandLoan_information/input_tujuankredit'

2022-03-30 15:31:33 - [TEST_STEP][PASSED] - delay(1): Delayed 1 second(s)

2022-03-30 15:31:34 - [MESSAGE][PASSED] - Delayed 1 second(s)

2022-03-30 15:31:34 - [TEST_STEP][PASSED] - takeFullPageScreenshotAsCheckpoint(userDir + sprint4WebScreenshootPath + "scenario-3-input-tujuan-pengajuan.png"): Taking screenshot successfully

2022-03-30 15:31:35 - [MESSAGE][INFO] - 0 hidden object(s)

2022-03-30 15:31:35 - [MESSAGE][PASSED] - Taking screenshot successfully
[[ATTACHMENT|D:\PROJECT\BCA\BCAF_MEAPP_i3\BCAF_MEAPP_i3\Screenshoot\Sprint4\Web\keyes\keyes-scenario-3-input-tujuan-pengajuan.png]]

2022-03-30 15:31:35 - [TEST_STEP][PASSED] - markPassed("scenario 3 - Input Tujuan Pengajuan"): scenario 3 - Input Tujuan Pengajuan

2022-03-30 15:31:35 - [MESSAGE][PASSED] - scenario 3 - Input Tujuan Pengajuan

2022-03-30 15:31:35 - [TEST_STEP][PASSED] - delay(1): Delayed 1 second(s)

2022-03-30 15:31:37 - [MESSAGE][PASSED] - Delayed 1 second(s)

2022-03-30 15:31:37 - [TEST_STEP][PASSED] - click(findTestObject("ME_CollateralandLoan_information/div_Pembelian Aset")): Object: 'Object Repository/ME_CollateralandLoan_information/div_Pembelian Aset' is clicked on

2022-03-30 15:31:37 - [MESSAGE][PASSED] - Object: 'Object Repository/ME_CollateralandLoan_information/div_Pembelian Aset' is clicked on

2022-03-30 15:31:37 - [TEST_STEP][PASSED] - delay(1): Delayed 1 second(s)

2022-03-30 15:31:38 - [MESSAGE][PASSED] - Delayed 1 second(s)

2022-03-30 15:31:38 - [TEST_STEP][PASSED] - click(findTestObject("ME_CollateralandLoan_information/button_Payment")): Object: 'Object Repository/ME_CollateralandLoan_information/button_Payment' is clicked on

2022-03-30 15:31:38 - [MESSAGE][PASSED] - Object: 'Object Repository/ME_CollateralandLoan_information/button_Payment' is clicked on

2022-03-30 15:31:38 - [TEST_STEP][PASSED] - delay(1): Delayed 1 second(s)

2022-03-30 15:31:39 - [MESSAGE][PASSED] - Delayed 1 second(s)

2022-03-30 15:31:39 - [TEST_STEP][PASSED] - click(findTestObject("ME_CollateralandLoan_information/input_autodebet")): Object: 'Object Repository/ME_CollateralandLoan_information/input_autodebet' is clicked on

2022-03-30 15:31:40 - [MESSAGE][PASSED] - Object: 'Object Repository/ME_CollateralandLoan_information/input_autodebet' is clicked on

2022-03-30 15:31:40 - [TEST_STEP][PASSED] - delay(1): Delayed 1 second(s)

2022-03-30 15:31:41 - [MESSAGE][PASSED] - Delayed 1 second(s)

2022-03-30 15:31:41 - [TEST_STEP][PASSED] - takeFullPageScreenshotAsCheckpoint(userDir + sprint4WebScreenshootPath + "scenario-3-input-payment.png"): Taking screenshot successfully

2022-03-30 15:31:42 - [MESSAGE][INFO] - 0 hidden object(s)

2022-03-30 15:31:42 - [MESSAGE][PASSED] - Taking screenshot successfully
[[ATTACHMENT|D:\PROJECT\BCA\BCAF_MEAPP_i3\BCAF_MEAPP_i3\Screenshoot\Sprint4\Web\keyes\keyes-scenario-3-input-payment.png]]

2022-03-30 15:31:42 - [TEST_STEP][PASSED] - markPassed("scenario 3 - Input Payment"): scenario 3 - Input Payment

2022-03-30 15:31:42 - [MESSAGE][PASSED] - scenario 3 - Input Payment

2022-03-30 15:31:42 - [TEST_STEP][PASSED] - delay(1): Delayed 1 second(s)

2022-03-30 15:31:43 - [MESSAGE][PASSED] - Delayed 1 second(s)

2022-03-30 15:31:43 - [TEST_STEP][PASSED] - click(findTestObject("ME_CollateralandLoan_information/div_Auto Debet")): Object: 'Object Repository/ME_CollateralandLoan_information/div_Auto Debet' is clicked on

2022-03-30 15:31:44 - [MESSAGE][PASSED] - Object: 'Object Repository/ME_CollateralandLoan_information/div_Auto Debet' is clicked on

2022-03-30 15:31:44 - [TEST_STEP][PASSED] - delay(1): Delayed 1 second(s)

2022-03-30 15:31:45 - [MESSAGE][PASSED] - Delayed 1 second(s)

2022-03-30 15:31:45 - [TEST_STEP][PASSED] - setText(findTestObject("ME_CollateralandLoan_information/input_Account No. 10 Digit_text-input-account-no"), information_accountNum): Text '11111111111' is set on object 'Object Repository/ME_CollateralandLoan_information/input_Account No. 10 Digit_text-input-account-no'

2022-03-30 15:31:46 - [MESSAGE][PASSED] - Text '11111111111' is set on object 'Object Repository/ME_CollateralandLoan_information/input_Account No. 10 Digit_text-input-account-no'

2022-03-30 15:31:46 - [TEST_STEP][PASSED] - delay(1): Delayed 1 second(s)

2022-03-30 15:31:47 - [MESSAGE][PASSED] - Delayed 1 second(s)

2022-03-30 15:31:47 - [TEST_STEP][PASSED] - click(findTestObject("ME_CollateralandLoan_information/input_Account No. 10 Digit_inline-checkbox-autodebetNoRek"), OPTIONAL): Object: 'Object Repository/ME_CollateralandLoan_information/input_Account No. 10 Digit_inline-checkbox-autodebetNoRek' is clicked on

2022-03-30 15:31:47 - [MESSAGE][PASSED] - Object: 'Object Repository/ME_CollateralandLoan_information/input_Account No. 10 Digit_inline-checkbox-autodebetNoRek' is clicked on

2022-03-30 15:31:47 - [TEST_STEP][PASSED] - click(findTestObject("ME_CollateralandLoan_information/Capture_rekeningautodebet")): Object: 'Object Repository/ME_CollateralandLoan_information/Capture_rekeningautodebet' is clicked on

2022-03-30 15:31:48 - [MESSAGE][PASSED] - Object: 'Object Repository/ME_CollateralandLoan_information/Capture_rekeningautodebet' is clicked on

2022-03-30 15:31:48 - [TEST_STEP][PASSED] - delay(1): Delayed 1 second(s)

2022-03-30 15:31:49 - [MESSAGE][PASSED] - Delayed 1 second(s)

2022-03-30 15:31:49 - [TEST_STEP][PASSED] - uploadFile(findTestObject("MEApp_AppBaru_InisiasiKonsumen/Capture_"), userDir + pathfinder_npwp): File 'D:/PROJECT/BCA/BCAF_MEAPP_i3/BCAF_MEAPP_i3/Assets/npwp-dummy.jpg' sent to object: 'Object Repository/MEApp_AppBaru_InisiasiKonsumen/Capture_'

2022-03-30 15:31:49 - [MESSAGE][PASSED] - File 'D:/PROJECT/BCA/BCAF_MEAPP_i3/BCAF_MEAPP_i3/Assets/npwp-dummy.jpg' sent to object: 'Object Repository/MEApp_AppBaru_InisiasiKonsumen/Capture_'

2022-03-30 15:31:49 - [TEST_STEP][PASSED] - setText(findTestObject("ME_CollateralandLoan_information/input_Account No. 10 Digit_noRekening"), information_accountNum2): Text '11111111111' is set on object 'Object Repository/ME_CollateralandLoan_information/input_Account No. 10 Digit_noRekening'

2022-03-30 15:31:51 - [MESSAGE][PASSED] - Text '11111111111' is set on object 'Object Repository/ME_CollateralandLoan_information/input_Account No. 10 Digit_noRekening'

2022-03-30 15:31:51 - [TEST_STEP][PASSED] - delay(1): Delayed 1 second(s)

2022-03-30 15:31:52 - [MESSAGE][PASSED] - Delayed 1 second(s)

2022-03-30 15:31:52 - [TEST_STEP][PASSED] - setText(findTestObject("ME_CollateralandLoan_information/input_Cabang BCA_cabangBca"), information_cabang): Text 'jakarta selatan' is set on object 'Object Repository/ME_CollateralandLoan_information/input_Cabang BCA_cabangBca'

2022-03-30 15:31:53 - [MESSAGE][PASSED] - Text 'jakarta selatan' is set on object 'Object Repository/ME_CollateralandLoan_information/input_Cabang BCA_cabangBca'

2022-03-30 15:31:53 - [TEST_STEP][PASSED] - delay(1): Delayed 1 second(s)

2022-03-30 15:31:54 - [MESSAGE][PASSED] - Delayed 1 second(s)

2022-03-30 15:31:54 - [TEST_STEP][PASSED] - setText(findTestObject("ME_CollateralandLoan_information/input_Nama Pemilik Rekening_form-control ng-untouched ng-pristine ng-invalid"), information_namaPemilikRek): Text 'afgan' is set on object 'Object Repository/ME_CollateralandLoan_information/input_Nama Pemilik Rekening_form-control ng-untouched ng-pristine ng-invalid'

2022-03-30 15:31:54 - [MESSAGE][PASSED] - Text 'afgan' is set on object 'Object Repository/ME_CollateralandLoan_information/input_Nama Pemilik Rekening_form-control ng-untouched ng-pristine ng-invalid'

2022-03-30 15:31:54 - [TEST_STEP][PASSED] - delay(1): Delayed 1 second(s)

2022-03-30 15:31:55 - [MESSAGE][PASSED] - Delayed 1 second(s)

2022-03-30 15:31:55 - [TEST_STEP][PASSED] - setText(findTestObject("ME_CollateralandLoan_information/input_No KTP_form-control ng-untouched ng-pristine ng-invalid"), information_noKTP): Text '22222222222222' is set on object 'Object Repository/ME_CollateralandLoan_information/input_No KTP_form-control ng-untouched ng-pristine ng-invalid'

2022-03-30 15:31:56 - [MESSAGE][PASSED] - Text '22222222222222' is set on object 'Object Repository/ME_CollateralandLoan_information/input_No KTP_form-control ng-untouched ng-pristine ng-invalid'

2022-03-30 15:31:56 - [TEST_STEP][PASSED] - delay(1): Delayed 1 second(s)

2022-03-30 15:31:57 - [MESSAGE][PASSED] - Delayed 1 second(s)

2022-03-30 15:31:57 - [TEST_STEP][PASSED] - takeFullPageScreenshotAsCheckpoint(userDir + sprint4WebScreenshootPath + "scenario-3-input-data-autodebit.png"): Taking screenshot successfully

2022-03-30 15:31:58 - [MESSAGE][INFO] - 0 hidden object(s)

2022-03-30 15:31:59 - [MESSAGE][PASSED] - Taking screenshot successfully
[[ATTACHMENT|D:\PROJECT\BCA\BCAF_MEAPP_i3\BCAF_MEAPP_i3\Screenshoot\Sprint4\Web\keyes\keyes-scenario-3-input-data-autodebit.png]]

2022-03-30 15:31:59 - [TEST_STEP][PASSED] - markPassed("scenario 3 - Input data autodebit"): scenario 3 - Input data autodebit

2022-03-30 15:31:59 - [MESSAGE][PASSED] - scenario 3 - Input data autodebit

2022-03-30 15:31:59 - [TEST_STEP][PASSED] - delay(1): Delayed 1 second(s)

2022-03-30 15:32:00 - [MESSAGE][PASSED] - Delayed 1 second(s)

2022-03-30 15:32:00 - [TEST_STEP][PASSED] - click(findTestObject("ME_CollateralandLoan_information/button_Mutasi Rekening")): Object: 'Object Repository/ME_CollateralandLoan_information/button_Mutasi Rekening' is clicked on

2022-03-30 15:32:00 - [MESSAGE][PASSED] - Object: 'Object Repository/ME_CollateralandLoan_information/button_Mutasi Rekening' is clicked on

2022-03-30 15:32:00 - [TEST_STEP][PASSED] - delay(1): Delayed 1 second(s)

2022-03-30 15:32:01 - [MESSAGE][PASSED] - Delayed 1 second(s)

2022-03-30 15:32:01 - [TEST_STEP][PASSED] - takeFullPageScreenshotAsCheckpoint(userDir + sprint4WebScreenshootPath + "scenario-3-masuk-submenu-input-mutasi-rekening.png"): Taking screenshot successfully

2022-03-30 15:32:02 - [MESSAGE][INFO] - 0 hidden object(s)

2022-03-30 15:32:02 - [MESSAGE][PASSED] - Taking screenshot successfully
[[ATTACHMENT|D:\PROJECT\BCA\BCAF_MEAPP_i3\BCAF_MEAPP_i3\Screenshoot\Sprint4\Web\keyes\keyes-scenario-3-masuk-submenu-input-mutasi-rekening.png]]

2022-03-30 15:32:02 - [TEST_STEP][PASSED] - markPassed("scenario 3 - Masuk submenu input mutasi rekening"): scenario 3 - Masuk submenu input mutasi rekening

2022-03-30 15:32:02 - [MESSAGE][PASSED] - scenario 3 - Masuk submenu input mutasi rekening

2022-03-30 15:32:02 - [TEST_STEP][PASSED] - delay(1): Delayed 1 second(s)

2022-03-30 15:32:03 - [MESSAGE][PASSED] - Delayed 1 second(s)

2022-03-30 15:32:03 - [TEST_STEP][PASSED] - click(findTestObject("ME_CollateralandLoan_information/button_Add Mutasi Rekening")): Object: 'Object Repository/ME_CollateralandLoan_information/button_Add Mutasi Rekening' is clicked on

2022-03-30 15:32:04 - [MESSAGE][PASSED] - Object: 'Object Repository/ME_CollateralandLoan_information/button_Add Mutasi Rekening' is clicked on

2022-03-30 15:32:04 - [TEST_STEP][PASSED] - delay(1): Delayed 1 second(s)

2022-03-30 15:32:05 - [MESSAGE][PASSED] - Delayed 1 second(s)

2022-03-30 15:32:05 - [TEST_STEP][PASSED] - takeFullPageScreenshotAsCheckpoint(userDir + sprint4WebScreenshootPath + "scenario-3-sebelum-input-data-mutasi-rekening.png"): Taking screenshot successfully

2022-03-30 15:32:05 - [MESSAGE][INFO] - 0 hidden object(s)

2022-03-30 15:32:06 - [MESSAGE][PASSED] - Taking screenshot successfully
[[ATTACHMENT|D:\PROJECT\BCA\BCAF_MEAPP_i3\BCAF_MEAPP_i3\Screenshoot\Sprint4\Web\keyes\keyes-scenario-3-sebelum-input-data-mutasi-rekening.png]]

2022-03-30 15:32:06 - [TEST_STEP][PASSED] - markPassed("scenario 3 - sebelum input data mutasi rekening"): scenario 3 - sebelum input data mutasi rekening

2022-03-30 15:32:06 - [MESSAGE][PASSED] - scenario 3 - sebelum input data mutasi rekening

2022-03-30 15:32:06 - [TEST_STEP][PASSED] - delay(1): Delayed 1 second(s)

2022-03-30 15:32:07 - [MESSAGE][PASSED] - Delayed 1 second(s)

2022-03-30 15:32:07 - [TEST_STEP][PASSED] - click(findTestObject("ME_CollateralandLoan_information/a_Capture File_mutasirek")): Object: 'Object Repository/ME_CollateralandLoan_information/a_Capture File_mutasirek' is clicked on

2022-03-30 15:32:07 - [MESSAGE][PASSED] - Object: 'Object Repository/ME_CollateralandLoan_information/a_Capture File_mutasirek' is clicked on

2022-03-30 15:32:07 - [TEST_STEP][PASSED] - delay(1): Delayed 1 second(s)

2022-03-30 15:32:08 - [MESSAGE][PASSED] - Delayed 1 second(s)

2022-03-30 15:32:08 - [TEST_STEP][PASSED] - uploadFile(findTestObject("MEApp_AppBaru_InisiasiKonsumen/Capture_"), userDir + pathfinder_npwp): File 'D:/PROJECT/BCA/BCAF_MEAPP_i3/BCAF_MEAPP_i3/Assets/npwp-dummy.jpg' sent to object: 'Object Repository/MEApp_AppBaru_InisiasiKonsumen/Capture_'

2022-03-30 15:32:09 - [MESSAGE][PASSED] - File 'D:/PROJECT/BCA/BCAF_MEAPP_i3/BCAF_MEAPP_i3/Assets/npwp-dummy.jpg' sent to object: 'Object Repository/MEApp_AppBaru_InisiasiKonsumen/Capture_'

2022-03-30 15:32:09 - [TEST_STEP][PASSED] - delay(1): Delayed 1 second(s)

2022-03-30 15:32:10 - [MESSAGE][PASSED] - Delayed 1 second(s)

2022-03-30 15:32:10 - [TEST_STEP][PASSED] - setText(findTestObject("ME_CollateralandLoan_information/input_Mutasi Debit_form-control text-right ng-untouched ng-pristine ng-valid"), information_mutasiDebit): Text '10000000' is set on object 'Object Repository/ME_CollateralandLoan_information/input_Mutasi Debit_form-control text-right ng-untouched ng-pristine ng-valid'

2022-03-30 15:32:10 - [MESSAGE][PASSED] - Text '10000000' is set on object 'Object Repository/ME_CollateralandLoan_information/input_Mutasi Debit_form-control text-right ng-untouched ng-pristine ng-valid'

2022-03-30 15:32:10 - [TEST_STEP][PASSED] - delay(1): Delayed 1 second(s)

2022-03-30 15:32:11 - [MESSAGE][PASSED] - Delayed 1 second(s)

2022-03-30 15:32:11 - [TEST_STEP][PASSED] - setText(findTestObject("ME_CollateralandLoan_information/input_Mutasi Kredit_form-control text-right ng-untouched ng-pristine ng-valid"), information_mutasiKredit): Text '10000000' is set on object 'Object Repository/ME_CollateralandLoan_information/input_Mutasi Kredit_form-control text-right ng-untouched ng-pristine ng-valid'

2022-03-30 15:32:12 - [MESSAGE][PASSED] - Text '10000000' is set on object 'Object Repository/ME_CollateralandLoan_information/input_Mutasi Kredit_form-control text-right ng-untouched ng-pristine ng-valid'

2022-03-30 15:32:12 - [TEST_STEP][PASSED] - delay(1): Delayed 1 second(s)

2022-03-30 15:32:13 - [MESSAGE][PASSED] - Delayed 1 second(s)

2022-03-30 15:32:13 - [TEST_STEP][PASSED] - setText(findTestObject("ME_CollateralandLoan_information/input_Mutasi Saldo_form-control text-right ng-untouched ng-pristine ng-valid"), information_mutasiSaldo): Text '10000000' is set on object 'Object Repository/ME_CollateralandLoan_information/input_Mutasi Saldo_form-control text-right ng-untouched ng-pristine ng-valid'

2022-03-30 15:32:14 - [MESSAGE][PASSED] - Text '10000000' is set on object 'Object Repository/ME_CollateralandLoan_information/input_Mutasi Saldo_form-control text-right ng-untouched ng-pristine ng-valid'

2022-03-30 15:32:14 - [TEST_STEP][PASSED] - delay(1): Delayed 1 second(s)

2022-03-30 15:32:15 - [MESSAGE][PASSED] - Delayed 1 second(s)

2022-03-30 15:32:15 - [TEST_STEP][PASSED] - takeFullPageScreenshotAsCheckpoint(userDir + sprint4WebScreenshootPath + "scenario-3-input-data-mutasi-rekening.png"): Taking screenshot successfully

2022-03-30 15:32:16 - [MESSAGE][INFO] - 0 hidden object(s)

2022-03-30 15:32:16 - [MESSAGE][PASSED] - Taking screenshot successfully
[[ATTACHMENT|D:\PROJECT\BCA\BCAF_MEAPP_i3\BCAF_MEAPP_i3\Screenshoot\Sprint4\Web\keyes\keyes-scenario-3-input-data-mutasi-rekening.png]]

2022-03-30 15:32:16 - [TEST_STEP][PASSED] - markPassed("scenario 3 - input data mutasi rekening"): scenario 3 - input data mutasi rekening

2022-03-30 15:32:16 - [MESSAGE][PASSED] - scenario 3 - input data mutasi rekening

2022-03-30 15:32:16 - [TEST_STEP][PASSED] - delay(1): Delayed 1 second(s)

2022-03-30 15:32:17 - [MESSAGE][PASSED] - Delayed 1 second(s)

2022-03-30 15:32:17 - [TEST_STEP][PASSED] - click(findTestObject("ME_CollateralandLoan_information/button_Add"), OPTIONAL): Object: 'Object Repository/ME_CollateralandLoan_information/button_Add' is clicked on

2022-03-30 15:32:18 - [MESSAGE][PASSED] - Object: 'Object Repository/ME_CollateralandLoan_information/button_Add' is clicked on

2022-03-30 15:32:18 - [TEST_STEP][PASSED] - delay(1): Delayed 1 second(s)

2022-03-30 15:32:19 - [MESSAGE][PASSED] - Delayed 1 second(s)

2022-03-30 15:32:19 - [TEST_STEP][PASSED] - click(findTestObject("ME_CollateralandLoan_information/button_View Detail_btn btn-edit ng-star-inserted"), OPTIONAL): Object: 'Object Repository/ME_CollateralandLoan_information/button_View Detail_btn btn-edit ng-star-inserted' is clicked on

2022-03-30 15:32:19 - [MESSAGE][PASSED] - Object: 'Object Repository/ME_CollateralandLoan_information/button_View Detail_btn btn-edit ng-star-inserted' is clicked on

2022-03-30 15:32:19 - [TEST_STEP][PASSED] - delay(1): Delayed 1 second(s)

2022-03-30 15:32:20 - [MESSAGE][PASSED] - Delayed 1 second(s)

2022-03-30 15:32:20 - [TEST_STEP][PASSED] - click(findTestObject("ME_CollateralandLoan_information/button_Save"), OPTIONAL): Object: 'Object Repository/ME_CollateralandLoan_information/button_Save' is clicked on

2022-03-30 15:32:21 - [MESSAGE][PASSED] - Object: 'Object Repository/ME_CollateralandLoan_information/button_Save' is clicked on

2022-03-30 15:32:21 - [TEST_STEP][PASSED] - delay(1): Delayed 1 second(s)

2022-03-30 15:32:22 - [MESSAGE][PASSED] - Delayed 1 second(s)

2022-03-30 15:32:22 - [TEST_STEP][PASSED] - click(findTestObject("ME_CollateralandLoan_information/a_View Detail_mutasirekening"), OPTIONAL): Object: 'Object Repository/ME_CollateralandLoan_information/a_View Detail_mutasirekening' is clicked on

2022-03-30 15:32:22 - [MESSAGE][PASSED] - Object: 'Object Repository/ME_CollateralandLoan_information/a_View Detail_mutasirekening' is clicked on

2022-03-30 15:32:22 - [TEST_STEP][PASSED] - delay(1): Delayed 1 second(s)

2022-03-30 15:32:23 - [MESSAGE][PASSED] - Delayed 1 second(s)

2022-03-30 15:32:23 - [TEST_STEP][PASSED] - takeFullPageScreenshotAsCheckpoint(userDir + sprint4WebScreenshootPath + "scenario-3-berhasil-mengisi-data-information.png"): Taking screenshot successfully

2022-03-30 15:32:24 - [MESSAGE][INFO] - 0 hidden object(s)

2022-03-30 15:32:25 - [MESSAGE][PASSED] - Taking screenshot successfully
[[ATTACHMENT|D:\PROJECT\BCA\BCAF_MEAPP_i3\BCAF_MEAPP_i3\Screenshoot\Sprint4\Web\keyes\keyes-scenario-3-berhasil-mengisi-data-information.png]]

2022-03-30 15:32:25 - [TEST_STEP][PASSED] - markPassed("scenario 3 - Berhasil mengisi data information"): scenario 3 - Berhasil mengisi data information

2022-03-30 15:32:25 - [MESSAGE][PASSED] - scenario 3 - Berhasil mengisi data information

2022-03-30 15:32:25 - [TEST_STEP][PASSED] - delay(1): Delayed 1 second(s)

2022-03-30 15:32:26 - [MESSAGE][PASSED] - Delayed 1 second(s)]]></system-out>
         <system-err><![CDATA[]]></system-err>
      </testcase>
      <testcase name="Test Cases/Sprint 4/Skenario 3/03-03-02-Transaction-AppPending-InputData-Vehicle" time="240.615" classname="Test Cases/Sprint 4/Skenario 3/03-03-02-Transaction-AppPending-InputData-Vehicle" status="PASSED">
         <system-out><![CDATA[2022-03-30 15:32:26 - [TEST_CASE][PASSED] - Test Cases/Sprint 4/Skenario 3/03-03-02-Transaction-AppPending-InputData-Vehicle: Test Cases/Sprint 4/Skenario 3/03-03-02-Transaction-AppPending-InputData-Vehicle

2022-03-30 15:32:26 - [TEST_STEP][PASSED] - userDir = getProjectDir(): null

2022-03-30 15:32:26 - [TEST_STEP][PASSED] - delay(1): Delayed 1 second(s)

2022-03-30 15:32:27 - [MESSAGE][PASSED] - Delayed 1 second(s)

2022-03-30 15:32:27 - [TEST_STEP][PASSED] - scrollToPosition(0, 130): Browser is scrolled to position x = 0, y = 130

2022-03-30 15:32:27 - [MESSAGE][PASSED] - Browser is scrolled to position x = 0, y = 130

2022-03-30 15:32:27 - [TEST_STEP][PASSED] - takeFullPageScreenshotAsCheckpoint(userDir + sprint4WebScreenshootPath + "scenario-3-masuk-halaman-collateral-loan-vehicle.png"): Taking screenshot successfully

2022-03-30 15:32:28 - [MESSAGE][INFO] - 0 hidden object(s)

2022-03-30 15:32:28 - [MESSAGE][PASSED] - Taking screenshot successfully
[[ATTACHMENT|D:\PROJECT\BCA\BCAF_MEAPP_i3\BCAF_MEAPP_i3\Screenshoot\Sprint4\Web\keyes\keyes-scenario-3-masuk-halaman-collateral-loan-vehicle.png]]

2022-03-30 15:32:28 - [TEST_STEP][PASSED] - markPassed("scenario 3 - Masuk halaman collateral loan vehicle"): scenario 3 - Masuk halaman collateral loan vehicle

2022-03-30 15:32:28 - [MESSAGE][PASSED] - scenario 3 - Masuk halaman collateral loan vehicle

2022-03-30 15:32:28 - [TEST_STEP][PASSED] - delay(1): Delayed 1 second(s)

2022-03-30 15:32:29 - [MESSAGE][PASSED] - Delayed 1 second(s)

2022-03-30 15:32:29 - [TEST_STEP][PASSED] - click(findTestObject("ME_CollateralAndLoan_Vehicle/li_Vehicle")): Object: 'Object Repository/ME_CollateralAndLoan_Vehicle/li_Vehicle' is clicked on

2022-03-30 15:32:30 - [MESSAGE][PASSED] - Object: 'Object Repository/ME_CollateralAndLoan_Vehicle/li_Vehicle' is clicked on

2022-03-30 15:32:30 - [TEST_STEP][PASSED] - delay(1): Delayed 1 second(s)

2022-03-30 15:32:31 - [MESSAGE][PASSED] - Delayed 1 second(s)

2022-03-30 15:32:31 - [TEST_STEP][PASSED] - waitForElementPresent(findTestObject("ME_CollateralAndLoan_Vehicle/input_dealername_ketiga"), 0): Object 'Object Repository/ME_CollateralAndLoan_Vehicle/input_dealername_ketiga' is present

2022-03-30 15:32:31 - [MESSAGE][WARNING] - Timeout '0' is invalid. Using default page load timeout: '30'

2022-03-30 15:32:31 - [MESSAGE][PASSED] - Object 'Object Repository/ME_CollateralAndLoan_Vehicle/input_dealername_ketiga' is present

2022-03-30 15:32:31 - [TEST_STEP][PASSED] - click(findTestObject("ME_CollateralAndLoan_Vehicle/input_dealername_ketiga"), OPTIONAL): Object: 'Object Repository/ME_CollateralAndLoan_Vehicle/input_dealername_ketiga' is clicked on

2022-03-30 15:32:32 - [MESSAGE][PASSED] - Object: 'Object Repository/ME_CollateralAndLoan_Vehicle/input_dealername_ketiga' is clicked on

2022-03-30 15:32:32 - [TEST_STEP][PASSED] - delay(1): Delayed 1 second(s)

2022-03-30 15:32:33 - [MESSAGE][PASSED] - Delayed 1 second(s)

2022-03-30 15:32:33 - [TEST_STEP][PASSED] - setText(findTestObject("ME_CollateralAndLoan_Vehicle/input_dealername_ketiga"), "Akita Prima Mobilindo, PT", OPTIONAL): Text 'Akita Prima Mobilindo, PT' is set on object 'Object Repository/ME_CollateralAndLoan_Vehicle/input_dealername_ketiga'

2022-03-30 15:32:34 - [MESSAGE][PASSED] - Text 'Akita Prima Mobilindo, PT' is set on object 'Object Repository/ME_CollateralAndLoan_Vehicle/input_dealername_ketiga'

2022-03-30 15:32:34 - [TEST_STEP][PASSED] - delay(1): Delayed 1 second(s)

2022-03-30 15:32:35 - [MESSAGE][PASSED] - Delayed 1 second(s)

2022-03-30 15:32:35 - [TEST_STEP][PASSED] - click(findTestObject("ME_CollateralAndLoan_Vehicle/span_Akita Prima Mobilindo, PT")): Object: 'Object Repository/ME_CollateralAndLoan_Vehicle/span_Akita Prima Mobilindo, PT' is clicked on

2022-03-30 15:32:35 - [MESSAGE][PASSED] - Object: 'Object Repository/ME_CollateralAndLoan_Vehicle/span_Akita Prima Mobilindo, PT' is clicked on

2022-03-30 15:32:35 - [TEST_STEP][PASSED] - delay(1): Delayed 1 second(s)

2022-03-30 15:32:36 - [MESSAGE][PASSED] - Delayed 1 second(s)

2022-03-30 15:32:36 - [TEST_STEP][PASSED] - waitForElementPresent(findTestObject("ME_CollateralAndLoan_Vehicle/input_branch_ketiga"), 0): Object 'Object Repository/ME_CollateralAndLoan_Vehicle/input_branch_ketiga' is present

2022-03-30 15:32:36 - [MESSAGE][WARNING] - Timeout '0' is invalid. Using default page load timeout: '30'

2022-03-30 15:32:36 - [MESSAGE][PASSED] - Object 'Object Repository/ME_CollateralAndLoan_Vehicle/input_branch_ketiga' is present

2022-03-30 15:32:36 - [TEST_STEP][PASSED] - click(findTestObject("ME_CollateralAndLoan_Vehicle/input_branch_ketiga")): Object: 'Object Repository/ME_CollateralAndLoan_Vehicle/input_branch_ketiga' is clicked on

2022-03-30 15:32:37 - [MESSAGE][PASSED] - Object: 'Object Repository/ME_CollateralAndLoan_Vehicle/input_branch_ketiga' is clicked on

2022-03-30 15:32:37 - [TEST_STEP][PASSED] - delay(1): Delayed 1 second(s)

2022-03-30 15:32:38 - [MESSAGE][PASSED] - Delayed 1 second(s)

2022-03-30 15:32:38 - [TEST_STEP][PASSED] - setText(findTestObject("ME_CollateralAndLoan_Vehicle/input_branch_ketiga"), "Akita Prima Mobilindo - Pondok Cabe"): Text 'Akita Prima Mobilindo - Pondok Cabe' is set on object 'Object Repository/ME_CollateralAndLoan_Vehicle/input_branch_ketiga'

2022-03-30 15:32:39 - [MESSAGE][PASSED] - Text 'Akita Prima Mobilindo - Pondok Cabe' is set on object 'Object Repository/ME_CollateralAndLoan_Vehicle/input_branch_ketiga'

2022-03-30 15:32:39 - [TEST_STEP][PASSED] - delay(1): Delayed 1 second(s)

2022-03-30 15:32:40 - [MESSAGE][PASSED] - Delayed 1 second(s)

2022-03-30 15:32:40 - [TEST_STEP][PASSED] - waitForElementPresent(findTestObject("ME_CollateralAndLoan_Vehicle/span_A1617 - Akita Prima Mobilindo - Pondok Cabe"), 0): Object 'Object Repository/ME_CollateralAndLoan_Vehicle/span_A1617 - Akita Prima Mobilindo - Pondok Cabe' is present

2022-03-30 15:32:40 - [MESSAGE][WARNING] - Timeout '0' is invalid. Using default page load timeout: '30'

2022-03-30 15:32:41 - [MESSAGE][PASSED] - Object 'Object Repository/ME_CollateralAndLoan_Vehicle/span_A1617 - Akita Prima Mobilindo - Pondok Cabe' is present

2022-03-30 15:32:41 - [TEST_STEP][PASSED] - click(findTestObject("ME_CollateralAndLoan_Vehicle/span_A1617 - Akita Prima Mobilindo - Pondok Cabe")): Object: 'Object Repository/ME_CollateralAndLoan_Vehicle/span_A1617 - Akita Prima Mobilindo - Pondok Cabe' is clicked on

2022-03-30 15:32:41 - [MESSAGE][PASSED] - Object: 'Object Repository/ME_CollateralAndLoan_Vehicle/span_A1617 - Akita Prima Mobilindo - Pondok Cabe' is clicked on

2022-03-30 15:32:41 - [TEST_STEP][PASSED] - delay(1): Delayed 1 second(s)

2022-03-30 15:32:42 - [MESSAGE][PASSED] - Delayed 1 second(s)

2022-03-30 15:32:42 - [TEST_STEP][PASSED] - verifyElementPresent(findTestObject("ME_CollateralAndLoan_Vehicle/input_Address_address"), 0): Object 'Object Repository/ME_CollateralAndLoan_Vehicle/input_Address_address' is present

2022-03-30 15:32:42 - [MESSAGE][WARNING] - Timeout '0' is invalid. Using default page load timeout: '30'

2022-03-30 15:32:42 - [MESSAGE][PASSED] - Object 'Object Repository/ME_CollateralAndLoan_Vehicle/input_Address_address' is present

2022-03-30 15:32:42 - [TEST_STEP][PASSED] - delay(1): Delayed 1 second(s)

2022-03-30 15:32:43 - [MESSAGE][PASSED] - Delayed 1 second(s)

2022-03-30 15:32:43 - [TEST_STEP][PASSED] - verifyElementPresent(findTestObject("ME_CollateralAndLoan_Vehicle/input_City_city"), 0): Object 'Object Repository/ME_CollateralAndLoan_Vehicle/input_City_city' is present

2022-03-30 15:32:43 - [MESSAGE][WARNING] - Timeout '0' is invalid. Using default page load timeout: '30'

2022-03-30 15:32:44 - [MESSAGE][PASSED] - Object 'Object Repository/ME_CollateralAndLoan_Vehicle/input_City_city' is present

2022-03-30 15:32:44 - [TEST_STEP][PASSED] - delay(1): Delayed 1 second(s)

2022-03-30 15:32:45 - [MESSAGE][PASSED] - Delayed 1 second(s)

2022-03-30 15:32:45 - [TEST_STEP][PASSED] - verifyElementPresent(findTestObject("ME_CollateralAndLoan_Vehicle/input_Telephone_phone"), 0): Object 'Object Repository/ME_CollateralAndLoan_Vehicle/input_Telephone_phone' is present

2022-03-30 15:32:45 - [MESSAGE][WARNING] - Timeout '0' is invalid. Using default page load timeout: '30'

2022-03-30 15:32:45 - [MESSAGE][PASSED] - Object 'Object Repository/ME_CollateralAndLoan_Vehicle/input_Telephone_phone' is present

2022-03-30 15:32:45 - [TEST_STEP][PASSED] - delay(1): Delayed 1 second(s)

2022-03-30 15:32:46 - [MESSAGE][PASSED] - Delayed 1 second(s)

2022-03-30 15:32:46 - [TEST_STEP][PASSED] - verifyElementPresent(findTestObject("ME_CollateralAndLoan_Vehicle/input_Authorize Dealer_authorizedDealer"), 0): Object 'Object Repository/ME_CollateralAndLoan_Vehicle/input_Authorize Dealer_authorizedDealer' is present

2022-03-30 15:32:46 - [MESSAGE][WARNING] - Timeout '0' is invalid. Using default page load timeout: '30'

2022-03-30 15:32:46 - [MESSAGE][PASSED] - Object 'Object Repository/ME_CollateralAndLoan_Vehicle/input_Authorize Dealer_authorizedDealer' is present

2022-03-30 15:32:46 - [TEST_STEP][PASSED] - delay(1): Delayed 1 second(s)

2022-03-30 15:32:47 - [MESSAGE][PASSED] - Delayed 1 second(s)

2022-03-30 15:32:47 - [TEST_STEP][PASSED] - verifyElementPresent(findTestObject("ME_CollateralAndLoan_Vehicle/input_Fax_fax"), 0): Object 'Object Repository/ME_CollateralAndLoan_Vehicle/input_Fax_fax' is present

2022-03-30 15:32:47 - [MESSAGE][WARNING] - Timeout '0' is invalid. Using default page load timeout: '30'

2022-03-30 15:32:48 - [MESSAGE][PASSED] - Object 'Object Repository/ME_CollateralAndLoan_Vehicle/input_Fax_fax' is present

2022-03-30 15:32:48 - [TEST_STEP][PASSED] - delay(1): Delayed 1 second(s)

2022-03-30 15:32:49 - [MESSAGE][PASSED] - Delayed 1 second(s)

2022-03-30 15:32:49 - [TEST_STEP][PASSED] - verifyElementPresent(findTestObject("ME_CollateralAndLoan_Vehicle/td_1-nomorrekening"), 0): Object 'Object Repository/ME_CollateralAndLoan_Vehicle/td_1-nomorrekening' is present

2022-03-30 15:32:49 - [MESSAGE][WARNING] - Timeout '0' is invalid. Using default page load timeout: '30'

2022-03-30 15:32:49 - [MESSAGE][PASSED] - Object 'Object Repository/ME_CollateralAndLoan_Vehicle/td_1-nomorrekening' is present

2022-03-30 15:32:49 - [TEST_STEP][PASSED] - takeFullPageScreenshotAsCheckpoint(userDir + sprint4WebScreenshootPath + "scenario-3-masuk-halaman-collateral-loan-vehicle.png"): Taking screenshot successfully

2022-03-30 15:32:50 - [MESSAGE][INFO] - 0 hidden object(s)

2022-03-30 15:32:50 - [MESSAGE][PASSED] - Taking screenshot successfully
[[ATTACHMENT|D:\PROJECT\BCA\BCAF_MEAPP_i3\BCAF_MEAPP_i3\Screenshoot\Sprint4\Web\keyes\keyes-scenario-3-masuk-halaman-collateral-loan-vehicle.png]]

2022-03-30 15:32:50 - [TEST_STEP][PASSED] - markPassed("scenario 3 - Masuk halaman collateral loan vehicle"): scenario 3 - Masuk halaman collateral loan vehicle

2022-03-30 15:32:50 - [MESSAGE][PASSED] - scenario 3 - Masuk halaman collateral loan vehicle

2022-03-30 15:32:50 - [TEST_STEP][PASSED] - delay(1): Delayed 1 second(s)

2022-03-30 15:32:51 - [MESSAGE][PASSED] - Delayed 1 second(s)

2022-03-30 15:32:51 - [TEST_STEP][PASSED] - delay(1): Delayed 1 second(s)

2022-03-30 15:32:52 - [MESSAGE][PASSED] - Delayed 1 second(s)

2022-03-30 15:32:52 - [TEST_STEP][PASSED] - delay(1): Delayed 1 second(s)

2022-03-30 15:32:53 - [MESSAGE][PASSED] - Delayed 1 second(s)

2022-03-30 15:32:53 - [TEST_STEP][PASSED] - click(findTestObject("ME_CollateralAndLoan_Vehicle/button_Data Vehicle")): Object: 'Object Repository/ME_CollateralAndLoan_Vehicle/button_Data Vehicle' is clicked on

2022-03-30 15:32:54 - [MESSAGE][PASSED] - Object: 'Object Repository/ME_CollateralAndLoan_Vehicle/button_Data Vehicle' is clicked on

2022-03-30 15:32:54 - [TEST_STEP][PASSED] - delay(1): Delayed 1 second(s)

2022-03-30 15:32:55 - [MESSAGE][PASSED] - Delayed 1 second(s)

2022-03-30 15:32:55 - [TEST_STEP][PASSED] - takeFullPageScreenshotAsCheckpoint(userDir + sprint4WebScreenshootPath + "scenario-3-halaman-input-data-vehicle.png"): Taking screenshot successfully

2022-03-30 15:32:56 - [MESSAGE][INFO] - 0 hidden object(s)

2022-03-30 15:32:57 - [MESSAGE][PASSED] - Taking screenshot successfully
[[ATTACHMENT|D:\PROJECT\BCA\BCAF_MEAPP_i3\BCAF_MEAPP_i3\Screenshoot\Sprint4\Web\keyes\keyes-scenario-3-halaman-input-data-vehicle.png]]

2022-03-30 15:32:57 - [TEST_STEP][PASSED] - markPassed("scenario 3 - halaman input data vehicle"): scenario 3 - halaman input data vehicle

2022-03-30 15:32:57 - [MESSAGE][PASSED] - scenario 3 - halaman input data vehicle

2022-03-30 15:32:57 - [TEST_STEP][PASSED] - delay(2): Delayed 2 second(s)

2022-03-30 15:32:59 - [MESSAGE][PASSED] - Delayed 2 second(s)

2022-03-30 15:32:59 - [TEST_STEP][PASSED] - scrollToElement(findTestObject("ME_CollateralAndLoan_Vehicle/button_Data Vehicle"), 0, STOP_ON_FAILURE): Scroll to object 'Object Repository/ME_CollateralAndLoan_Vehicle/button_Data Vehicle' successfully

2022-03-30 15:32:59 - [MESSAGE][WARNING] - Timeout '0' is invalid. Using default page load timeout: '30'

2022-03-30 15:32:59 - [MESSAGE][PASSED] - Scroll to object 'Object Repository/ME_CollateralAndLoan_Vehicle/button_Data Vehicle' successfully

2022-03-30 15:32:59 - [TEST_STEP][PASSED] - click(findTestObject("ME_CollateralAndLoan_Vehicle/input_used_carCondition-radio")): Object: 'Object Repository/ME_CollateralAndLoan_Vehicle/input_used_carCondition-radio' is clicked on

2022-03-30 15:32:59 - [MESSAGE][PASSED] - Object: 'Object Repository/ME_CollateralAndLoan_Vehicle/input_used_carCondition-radio' is clicked on

2022-03-30 15:32:59 - [TEST_STEP][PASSED] - delay(1): Delayed 1 second(s)

2022-03-30 15:33:01 - [MESSAGE][PASSED] - Delayed 1 second(s)

2022-03-30 15:33:01 - [TEST_STEP][PASSED] - click(findTestObject("Object Repository/ME_CollateralAndLoan_Vehicle/div_Pilih Product Code"), OPTIONAL): Object: 'Object Repository/ME_CollateralAndLoan_Vehicle/div_Pilih Product Code' is clicked on

2022-03-30 15:33:01 - [MESSAGE][PASSED] - Object: 'Object Repository/ME_CollateralAndLoan_Vehicle/div_Pilih Product Code' is clicked on

2022-03-30 15:33:01 - [TEST_STEP][PASSED] - delay(1): Delayed 1 second(s)

2022-03-30 15:33:02 - [MESSAGE][PASSED] - Delayed 1 second(s)

2022-03-30 15:33:02 - [TEST_STEP][PASSED] - setText(findTestObject("ME_CollateralAndLoan_Vehicle/input_productcode2"), "leasing"): Text 'leasing' is set on object 'Object Repository/ME_CollateralAndLoan_Vehicle/input_productcode2'

2022-03-30 15:33:03 - [MESSAGE][PASSED] - Text 'leasing' is set on object 'Object Repository/ME_CollateralAndLoan_Vehicle/input_productcode2'

2022-03-30 15:33:03 - [TEST_STEP][PASSED] - delay(1): Delayed 1 second(s)

2022-03-30 15:33:04 - [MESSAGE][PASSED] - Delayed 1 second(s)

2022-03-30 15:33:04 - [TEST_STEP][PASSED] - click(findTestObject("ME_CollateralAndLoan_Vehicle/span_Leasing")): Object: 'Object Repository/ME_CollateralAndLoan_Vehicle/span_Leasing' is clicked on

2022-03-30 15:33:04 - [MESSAGE][PASSED] - Object: 'Object Repository/ME_CollateralAndLoan_Vehicle/span_Leasing' is clicked on

2022-03-30 15:33:04 - [TEST_STEP][PASSED] - delay(1): Delayed 1 second(s)

2022-03-30 15:33:05 - [MESSAGE][PASSED] - Delayed 1 second(s)

2022-03-30 15:33:05 - [TEST_STEP][PASSED] - click(findTestObject("vehiclekedua/input_brand_kedua")): Object: 'Object Repository/vehiclekedua/input_brand_kedua' is clicked on

2022-03-30 15:33:06 - [MESSAGE][PASSED] - Object: 'Object Repository/vehiclekedua/input_brand_kedua' is clicked on

2022-03-30 15:33:06 - [TEST_STEP][PASSED] - delay(1): Delayed 1 second(s)

2022-03-30 15:33:07 - [MESSAGE][PASSED] - Delayed 1 second(s)

2022-03-30 15:33:07 - [TEST_STEP][PASSED] - setText(findTestObject("vehiclekedua/input_brand_kedua"), "toyota"): Text 'toyota' is set on object 'Object Repository/vehiclekedua/input_brand_kedua'

2022-03-30 15:33:07 - [MESSAGE][PASSED] - Text 'toyota' is set on object 'Object Repository/vehiclekedua/input_brand_kedua'

2022-03-30 15:33:07 - [TEST_STEP][PASSED] - delay(1): Delayed 1 second(s)

2022-03-30 15:33:08 - [MESSAGE][PASSED] - Delayed 1 second(s)

2022-03-30 15:33:08 - [TEST_STEP][PASSED] - click(findTestObject("ME_CollateralAndLoan_Vehicle/div_TOYOTA_brand")): Object: 'Object Repository/ME_CollateralAndLoan_Vehicle/div_TOYOTA_brand' is clicked on

2022-03-30 15:33:09 - [MESSAGE][PASSED] - Object: 'Object Repository/ME_CollateralAndLoan_Vehicle/div_TOYOTA_brand' is clicked on

2022-03-30 15:33:09 - [TEST_STEP][PASSED] - delay(1): Delayed 1 second(s)

2022-03-30 15:33:10 - [MESSAGE][PASSED] - Delayed 1 second(s)

2022-03-30 15:33:10 - [TEST_STEP][PASSED] - click(findTestObject("vehiclekedua/input_model_kedua"), OPTIONAL): Object: 'Object Repository/vehiclekedua/input_model_kedua' is clicked on

2022-03-30 15:33:10 - [MESSAGE][PASSED] - Object: 'Object Repository/vehiclekedua/input_model_kedua' is clicked on

2022-03-30 15:33:10 - [TEST_STEP][PASSED] - delay(1): Delayed 1 second(s)

2022-03-30 15:33:11 - [MESSAGE][PASSED] - Delayed 1 second(s)

2022-03-30 15:33:11 - [TEST_STEP][PASSED] - setText(findTestObject("vehiclekedua/input_model_kedua"), "ALL NEW HILUX", OPTIONAL): Text 'ALL NEW HILUX' is set on object 'Object Repository/vehiclekedua/input_model_kedua'

2022-03-30 15:33:12 - [MESSAGE][PASSED] - Text 'ALL NEW HILUX' is set on object 'Object Repository/vehiclekedua/input_model_kedua'

2022-03-30 15:33:12 - [TEST_STEP][PASSED] - delay(1): Delayed 1 second(s)

2022-03-30 15:33:13 - [MESSAGE][PASSED] - Delayed 1 second(s)

2022-03-30 15:33:13 - [TEST_STEP][PASSED] - click(findTestObject("ME_CollateralAndLoan_Vehicle/div_ALL NEW HILUX_model_datavehicle"), OPTIONAL): Object: 'Object Repository/ME_CollateralAndLoan_Vehicle/div_ALL NEW HILUX_model_datavehicle' is clicked on

2022-03-30 15:33:14 - [MESSAGE][PASSED] - Object: 'Object Repository/ME_CollateralAndLoan_Vehicle/div_ALL NEW HILUX_model_datavehicle' is clicked on

2022-03-30 15:33:14 - [TEST_STEP][PASSED] - delay(1): Delayed 1 second(s)

2022-03-30 15:33:15 - [MESSAGE][PASSED] - Delayed 1 second(s)

2022-03-30 15:33:15 - [TEST_STEP][PASSED] - waitForElementPresent(findTestObject("ME_CollateralAndLoan_Vehicle/input_typekendaraan"), 0): Object 'Object Repository/ME_CollateralAndLoan_Vehicle/input_typekendaraan' is present

2022-03-30 15:33:15 - [MESSAGE][WARNING] - Timeout '0' is invalid. Using default page load timeout: '30'

2022-03-30 15:33:15 - [MESSAGE][PASSED] - Object 'Object Repository/ME_CollateralAndLoan_Vehicle/input_typekendaraan' is present

2022-03-30 15:33:15 - [TEST_STEP][PASSED] - click(findTestObject("ME_CollateralAndLoan_Vehicle/input_typekendaraan"), OPTIONAL): Object: 'Object Repository/ME_CollateralAndLoan_Vehicle/input_typekendaraan' is clicked on

2022-03-30 15:33:16 - [MESSAGE][PASSED] - Object: 'Object Repository/ME_CollateralAndLoan_Vehicle/input_typekendaraan' is clicked on

2022-03-30 15:33:16 - [TEST_STEP][PASSED] - delay(1): Delayed 1 second(s)

2022-03-30 15:33:17 - [MESSAGE][PASSED] - Delayed 1 second(s)

2022-03-30 15:33:17 - [TEST_STEP][PASSED] - setText(findTestObject("ME_CollateralAndLoan_Vehicle/input_typekendaraan"), "ALL NEW HI LUX DOUBLE CABIN 2.4 G (4X4) M/T DIESEL 2017", OPTIONAL): Text 'ALL NEW HI LUX DOUBLE CABIN 2.4 G (4X4) M/T DIESEL 2017' is set on object 'Object Repository/ME_CollateralAndLoan_Vehicle/input_typekendaraan'

2022-03-30 15:33:19 - [MESSAGE][PASSED] - Text 'ALL NEW HI LUX DOUBLE CABIN 2.4 G (4X4) M/T DIESEL 2017' is set on object 'Object Repository/ME_CollateralAndLoan_Vehicle/input_typekendaraan'

2022-03-30 15:33:19 - [TEST_STEP][PASSED] - delay(1): Delayed 1 second(s)

2022-03-30 15:33:20 - [MESSAGE][PASSED] - Delayed 1 second(s)

2022-03-30 15:33:20 - [TEST_STEP][PASSED] - waitForElementPresent(findTestObject("ME_CollateralAndLoan_Vehicle/div_ALL NEW HI LUX DOUBLE CABIN 2.4 G (4X4) MT DIESEL 2017_type_datavehicle"), 0): Object 'Object Repository/ME_CollateralAndLoan_Vehicle/div_ALL NEW HI LUX DOUBLE CABIN 2.4 G (4X4) MT DIESEL 2017_type_datavehicle' is present

2022-03-30 15:33:20 - [MESSAGE][WARNING] - Timeout '0' is invalid. Using default page load timeout: '30'

2022-03-30 15:33:20 - [MESSAGE][PASSED] - Object 'Object Repository/ME_CollateralAndLoan_Vehicle/div_ALL NEW HI LUX DOUBLE CABIN 2.4 G (4X4) MT DIESEL 2017_type_datavehicle' is present

2022-03-30 15:33:20 - [TEST_STEP][PASSED] - click(findTestObject("ME_CollateralAndLoan_Vehicle/div_ALL NEW HI LUX DOUBLE CABIN 2.4 G (4X4) MT DIESEL 2017_type_datavehicle"), OPTIONAL): Object: 'Object Repository/ME_CollateralAndLoan_Vehicle/div_ALL NEW HI LUX DOUBLE CABIN 2.4 G (4X4) MT DIESEL 2017_type_datavehicle' is clicked on

2022-03-30 15:33:20 - [MESSAGE][PASSED] - Object: 'Object Repository/ME_CollateralAndLoan_Vehicle/div_ALL NEW HI LUX DOUBLE CABIN 2.4 G (4X4) MT DIESEL 2017_type_datavehicle' is clicked on

2022-03-30 15:33:20 - [TEST_STEP][PASSED] - delay(1): Delayed 1 second(s)

2022-03-30 15:33:21 - [MESSAGE][PASSED] - Delayed 1 second(s)

2022-03-30 15:33:21 - [TEST_STEP][PASSED] - click(findTestObject("vehiclekedua/input_packet_kedua"), OPTIONAL): Object: 'Object Repository/vehiclekedua/input_packet_kedua' is clicked on

2022-03-30 15:33:22 - [MESSAGE][PASSED] - Object: 'Object Repository/vehiclekedua/input_packet_kedua' is clicked on

2022-03-30 15:33:22 - [TEST_STEP][PASSED] - delay(1): Delayed 1 second(s)

2022-03-30 15:33:23 - [MESSAGE][PASSED] - Delayed 1 second(s)

2022-03-30 15:33:23 - [TEST_STEP][PASSED] - setText(findTestObject("vehiclekedua/input_packet_kedua"), "BCAI - IIMS - SUBS OTR ADDB", OPTIONAL): Text 'BCAI - IIMS - SUBS OTR ADDB' is set on object 'Object Repository/vehiclekedua/input_packet_kedua'

2022-03-30 15:33:49 - [MESSAGE][PASSED] - Text 'BCAI - IIMS - SUBS OTR ADDB' is set on object 'Object Repository/vehiclekedua/input_packet_kedua'

2022-03-30 15:33:49 - [TEST_STEP][PASSED] - delay(1): Delayed 1 second(s)

2022-03-30 15:33:50 - [MESSAGE][PASSED] - Delayed 1 second(s)

2022-03-30 15:33:50 - [TEST_STEP][PASSED] - waitForElementPresent(findTestObject("ME_CollateralAndLoan_Vehicle/div_BCAI - IIMS - SUBS OTR ADDB"), 300): Object 'Object Repository/ME_CollateralAndLoan_Vehicle/div_BCAI - IIMS - SUBS OTR ADDB' is present

2022-03-30 15:33:52 - [MESSAGE][PASSED] - Object 'Object Repository/ME_CollateralAndLoan_Vehicle/div_BCAI - IIMS - SUBS OTR ADDB' is present

2022-03-30 15:33:52 - [TEST_STEP][PASSED] - delay(1): Delayed 1 second(s)

2022-03-30 15:33:53 - [MESSAGE][PASSED] - Delayed 1 second(s)

2022-03-30 15:33:53 - [TEST_STEP][PASSED] - click(findTestObject("ME_CollateralAndLoan_Vehicle/div_BCAI - IIMS - SUBS OTR ADDB")): Object: 'Object Repository/ME_CollateralAndLoan_Vehicle/div_BCAI - IIMS - SUBS OTR ADDB' is clicked on

2022-03-30 15:33:53 - [MESSAGE][PASSED] - Object: 'Object Repository/ME_CollateralAndLoan_Vehicle/div_BCAI - IIMS - SUBS OTR ADDB' is clicked on

2022-03-30 15:33:53 - [TEST_STEP][PASSED] - delay(1): Delayed 1 second(s)

2022-03-30 15:33:54 - [MESSAGE][PASSED] - Delayed 1 second(s)

2022-03-30 15:33:54 - [TEST_STEP][PASSED] - setText(findTestObject("ME_CollateralAndLoan_Vehicle/input_Keterangan Type Kendaraan_keteranganType"), "bekas"): Text 'bekas' is set on object 'Object Repository/ME_CollateralAndLoan_Vehicle/input_Keterangan Type Kendaraan_keteranganType'

2022-03-30 15:33:55 - [MESSAGE][PASSED] - Text 'bekas' is set on object 'Object Repository/ME_CollateralAndLoan_Vehicle/input_Keterangan Type Kendaraan_keteranganType'

2022-03-30 15:33:55 - [TEST_STEP][PASSED] - delay(1): Delayed 1 second(s)

2022-03-30 15:33:56 - [MESSAGE][PASSED] - Delayed 1 second(s)

2022-03-30 15:33:56 - [TEST_STEP][PASSED] - setText(findTestObject("ME_CollateralAndLoan_Vehicle/input_Year_year (1)"), "2020"): Text '2020' is set on object 'Object Repository/ME_CollateralAndLoan_Vehicle/input_Year_year (1)'

2022-03-30 15:33:57 - [MESSAGE][PASSED] - Text '2020' is set on object 'Object Repository/ME_CollateralAndLoan_Vehicle/input_Year_year (1)'

2022-03-30 15:33:57 - [TEST_STEP][PASSED] - delay(1): Delayed 1 second(s)

2022-03-30 15:33:58 - [MESSAGE][PASSED] - Delayed 1 second(s)

2022-03-30 15:33:58 - [TEST_STEP][PASSED] - click(findTestObject("ME_CollateralAndLoan_Vehicle/a_Capture File_bpkb")): Object: 'Object Repository/ME_CollateralAndLoan_Vehicle/a_Capture File_bpkb' is clicked on

2022-03-30 15:33:58 - [MESSAGE][PASSED] - Object: 'Object Repository/ME_CollateralAndLoan_Vehicle/a_Capture File_bpkb' is clicked on

2022-03-30 15:33:58 - [TEST_STEP][PASSED] - delay(1): Delayed 1 second(s)

2022-03-30 15:33:59 - [MESSAGE][PASSED] - Delayed 1 second(s)

2022-03-30 15:33:59 - [TEST_STEP][PASSED] - uploadFile(findTestObject("MEApp_AppBaru_InisiasiKonsumen/Capture_"), userDir + pathfinder_npwp): File 'D:/PROJECT/BCA/BCAF_MEAPP_i3/BCAF_MEAPP_i3/Assets/npwp-dummy.jpg' sent to object: 'Object Repository/MEApp_AppBaru_InisiasiKonsumen/Capture_'

2022-03-30 15:34:00 - [MESSAGE][PASSED] - File 'D:/PROJECT/BCA/BCAF_MEAPP_i3/BCAF_MEAPP_i3/Assets/npwp-dummy.jpg' sent to object: 'Object Repository/MEApp_AppBaru_InisiasiKonsumen/Capture_'

2022-03-30 15:34:00 - [TEST_STEP][PASSED] - delay(1): Delayed 1 second(s)

2022-03-30 15:34:01 - [MESSAGE][PASSED] - Delayed 1 second(s)

2022-03-30 15:34:01 - [TEST_STEP][PASSED] - click(findTestObject("ME_CollateralAndLoan_Vehicle/a_Capture Files_stnk_datavehicle")): Object: 'Object Repository/ME_CollateralAndLoan_Vehicle/a_Capture Files_stnk_datavehicle' is clicked on

2022-03-30 15:34:01 - [MESSAGE][PASSED] - Object: 'Object Repository/ME_CollateralAndLoan_Vehicle/a_Capture Files_stnk_datavehicle' is clicked on

2022-03-30 15:34:01 - [TEST_STEP][PASSED] - delay(1): Delayed 1 second(s)

2022-03-30 15:34:02 - [MESSAGE][PASSED] - Delayed 1 second(s)

2022-03-30 15:34:02 - [TEST_STEP][PASSED] - uploadFile(findTestObject("MEApp_AppBaru_InisiasiKonsumen/Capture_"), userDir + pathfinder_npwp): File 'D:/PROJECT/BCA/BCAF_MEAPP_i3/BCAF_MEAPP_i3/Assets/npwp-dummy.jpg' sent to object: 'Object Repository/MEApp_AppBaru_InisiasiKonsumen/Capture_'

2022-03-30 15:34:02 - [MESSAGE][PASSED] - File 'D:/PROJECT/BCA/BCAF_MEAPP_i3/BCAF_MEAPP_i3/Assets/npwp-dummy.jpg' sent to object: 'Object Repository/MEApp_AppBaru_InisiasiKonsumen/Capture_'

2022-03-30 15:34:02 - [TEST_STEP][PASSED] - delay(1): Delayed 1 second(s)

2022-03-30 15:34:03 - [MESSAGE][PASSED] - Delayed 1 second(s)

2022-03-30 15:34:03 - [TEST_STEP][PASSED] - setText(findTestObject("ME_CollateralAndLoan_Vehicle/input_Color_text-input (1)"), "hitam"): Text 'hitam' is set on object 'Object Repository/ME_CollateralAndLoan_Vehicle/input_Color_text-input (1)'

2022-03-30 15:34:04 - [MESSAGE][PASSED] - Text 'hitam' is set on object 'Object Repository/ME_CollateralAndLoan_Vehicle/input_Color_text-input (1)'

2022-03-30 15:34:04 - [TEST_STEP][PASSED] - delay(1): Delayed 1 second(s)

2022-03-30 15:34:05 - [MESSAGE][PASSED] - Delayed 1 second(s)

2022-03-30 15:34:05 - [TEST_STEP][PASSED] - setText(findTestObject("ME_CollateralAndLoan_Vehicle/input_BPKB No_text-input"), "1111111111"): Text '1111111111' is set on object 'Object Repository/ME_CollateralAndLoan_Vehicle/input_BPKB No_text-input'

2022-03-30 15:34:06 - [MESSAGE][PASSED] - Text '1111111111' is set on object 'Object Repository/ME_CollateralAndLoan_Vehicle/input_BPKB No_text-input'

2022-03-30 15:34:06 - [TEST_STEP][PASSED] - delay(1): Delayed 1 second(s)

2022-03-30 15:34:07 - [MESSAGE][PASSED] - Delayed 1 second(s)

2022-03-30 15:34:07 - [TEST_STEP][PASSED] - setText(findTestObject("ME_CollateralAndLoan_Vehicle/input_Engine No_text-input"), "1111111111"): Text '1111111111' is set on object 'Object Repository/ME_CollateralAndLoan_Vehicle/input_Engine No_text-input'

2022-03-30 15:34:08 - [MESSAGE][PASSED] - Text '1111111111' is set on object 'Object Repository/ME_CollateralAndLoan_Vehicle/input_Engine No_text-input'

2022-03-30 15:34:08 - [TEST_STEP][PASSED] - delay(1): Delayed 1 second(s)

2022-03-30 15:34:09 - [MESSAGE][PASSED] - Delayed 1 second(s)

2022-03-30 15:34:09 - [TEST_STEP][PASSED] - setText(findTestObject("ME_CollateralAndLoan_Vehicle/input_Police No_text-input"), "B1234AB"): Text 'B1234AB' is set on object 'Object Repository/ME_CollateralAndLoan_Vehicle/input_Police No_text-input'

2022-03-30 15:34:09 - [MESSAGE][PASSED] - Text 'B1234AB' is set on object 'Object Repository/ME_CollateralAndLoan_Vehicle/input_Police No_text-input'

2022-03-30 15:34:09 - [TEST_STEP][PASSED] - delay(1): Delayed 1 second(s)

2022-03-30 15:34:10 - [MESSAGE][PASSED] - Delayed 1 second(s)

2022-03-30 15:34:10 - [TEST_STEP][PASSED] - setText(findTestObject("ME_CollateralAndLoan_Vehicle/input_Body No_text-input"), "1111111111"): Text '1111111111' is set on object 'Object Repository/ME_CollateralAndLoan_Vehicle/input_Body No_text-input'

2022-03-30 15:34:11 - [MESSAGE][PASSED] - Text '1111111111' is set on object 'Object Repository/ME_CollateralAndLoan_Vehicle/input_Body No_text-input'

2022-03-30 15:34:11 - [TEST_STEP][PASSED] - delay(1): Delayed 1 second(s)

2022-03-30 15:34:12 - [MESSAGE][PASSED] - Delayed 1 second(s)

2022-03-30 15:34:12 - [TEST_STEP][PASSED] - click(findTestObject("vehiclekedua/input_purpose_kedua"), OPTIONAL): Object: 'Object Repository/vehiclekedua/input_purpose_kedua' is clicked on

2022-03-30 15:34:13 - [MESSAGE][PASSED] - Object: 'Object Repository/vehiclekedua/input_purpose_kedua' is clicked on

2022-03-30 15:34:13 - [TEST_STEP][PASSED] - delay(1): Delayed 1 second(s)

2022-03-30 15:34:14 - [MESSAGE][PASSED] - Delayed 1 second(s)

2022-03-30 15:34:14 - [TEST_STEP][PASSED] - setText(findTestObject("vehiclekedua/input_purpose_kedua"), "operasional", OPTIONAL): Text 'operasional' is set on object 'Object Repository/vehiclekedua/input_purpose_kedua'

2022-03-30 15:34:15 - [MESSAGE][PASSED] - Text 'operasional' is set on object 'Object Repository/vehiclekedua/input_purpose_kedua'

2022-03-30 15:34:15 - [TEST_STEP][PASSED] - delay(1): Delayed 1 second(s)

2022-03-30 15:34:16 - [MESSAGE][PASSED] - Delayed 1 second(s)

2022-03-30 15:34:16 - [TEST_STEP][PASSED] - click(findTestObject("ME_CollateralAndLoan_Vehicle/div_Operasional"), OPTIONAL): Object: 'Object Repository/ME_CollateralAndLoan_Vehicle/div_Operasional' is clicked on

2022-03-30 15:34:16 - [MESSAGE][PASSED] - Object: 'Object Repository/ME_CollateralAndLoan_Vehicle/div_Operasional' is clicked on

2022-03-30 15:34:16 - [TEST_STEP][PASSED] - delay(1): Delayed 1 second(s)

2022-03-30 15:34:17 - [MESSAGE][PASSED] - Delayed 1 second(s)

2022-03-30 15:34:17 - [TEST_STEP][PASSED] - setText(findTestObject("ME_CollateralAndLoan_Vehicle/input_BPKB Owner_text-input"), "sendiri"): Text 'sendiri' is set on object 'Object Repository/ME_CollateralAndLoan_Vehicle/input_BPKB Owner_text-input'

2022-03-30 15:34:18 - [MESSAGE][PASSED] - Text 'sendiri' is set on object 'Object Repository/ME_CollateralAndLoan_Vehicle/input_BPKB Owner_text-input'

2022-03-30 15:34:18 - [TEST_STEP][PASSED] - delay(1): Delayed 1 second(s)

2022-03-30 15:34:19 - [MESSAGE][PASSED] - Delayed 1 second(s)

2022-03-30 15:34:19 - [TEST_STEP][PASSED] - click(findTestObject("vehiclekedua/input_hubungan_bpkbownerdgdebitur_kedua"), OPTIONAL): Object: 'Object Repository/vehiclekedua/input_hubungan_bpkbownerdgdebitur_kedua' is clicked on

2022-03-30 15:34:19 - [MESSAGE][PASSED] - Object: 'Object Repository/vehiclekedua/input_hubungan_bpkbownerdgdebitur_kedua' is clicked on

2022-03-30 15:34:19 - [TEST_STEP][PASSED] - delay(1): Delayed 1 second(s)

2022-03-30 15:34:20 - [MESSAGE][PASSED] - Delayed 1 second(s)

2022-03-30 15:34:20 - [TEST_STEP][PASSED] - setText(findTestObject("vehiclekedua/input_hubungan_bpkbownerdgdebitur_kedua"), "pasangan", OPTIONAL): Text 'pasangan' is set on object 'Object Repository/vehiclekedua/input_hubungan_bpkbownerdgdebitur_kedua'

2022-03-30 15:34:21 - [MESSAGE][PASSED] - Text 'pasangan' is set on object 'Object Repository/vehiclekedua/input_hubungan_bpkbownerdgdebitur_kedua'

2022-03-30 15:34:21 - [TEST_STEP][PASSED] - delay(1): Delayed 1 second(s)

2022-03-30 15:34:22 - [MESSAGE][PASSED] - Delayed 1 second(s)

2022-03-30 15:34:22 - [TEST_STEP][PASSED] - click(findTestObject("ME_CollateralAndLoan_Vehicle/div_pasangan"), OPTIONAL): Object: 'Object Repository/ME_CollateralAndLoan_Vehicle/div_pasangan' is clicked on

2022-03-30 15:34:23 - [MESSAGE][PASSED] - Object: 'Object Repository/ME_CollateralAndLoan_Vehicle/div_pasangan' is clicked on

2022-03-30 15:34:23 - [TEST_STEP][PASSED] - delay(1): Delayed 1 second(s)

2022-03-30 15:34:24 - [MESSAGE][PASSED] - Delayed 1 second(s)

2022-03-30 15:34:24 - [TEST_STEP][PASSED] - click(findTestObject("ME_CollateralAndLoan_Vehicle/input_Tujuan Penggunaan Kendaraan_nonproduktif"), OPTIONAL): Object: 'Object Repository/ME_CollateralAndLoan_Vehicle/input_Tujuan Penggunaan Kendaraan_nonproduktif' is clicked on

2022-03-30 15:34:24 - [MESSAGE][PASSED] - Object: 'Object Repository/ME_CollateralAndLoan_Vehicle/input_Tujuan Penggunaan Kendaraan_nonproduktif' is clicked on

2022-03-30 15:34:24 - [TEST_STEP][PASSED] - delay(1): Delayed 1 second(s)

2022-03-30 15:34:25 - [MESSAGE][PASSED] - Delayed 1 second(s)

2022-03-30 15:34:25 - [TEST_STEP][PASSED] - click(findTestObject("ME_CollateralAndLoan_Vehicle/input_Tujuan Penggunaan Kendaraan_produktif"), OPTIONAL): Object: 'Object Repository/ME_CollateralAndLoan_Vehicle/input_Tujuan Penggunaan Kendaraan_produktif' is clicked on

2022-03-30 15:34:26 - [MESSAGE][PASSED] - Object: 'Object Repository/ME_CollateralAndLoan_Vehicle/input_Tujuan Penggunaan Kendaraan_produktif' is clicked on

2022-03-30 15:34:26 - [TEST_STEP][PASSED] - delay(1): Delayed 1 second(s)

2022-03-30 15:34:27 - [MESSAGE][PASSED] - Delayed 1 second(s)

2022-03-30 15:34:27 - [TEST_STEP][PASSED] - takeFullPageScreenshotAsCheckpoint(userDir + sprint4WebScreenshootPath + "scenario-3-berhasil-input-data-vehicle.png"): Taking screenshot successfully

2022-03-30 15:34:28 - [MESSAGE][INFO] - 0 hidden object(s)

2022-03-30 15:34:29 - [MESSAGE][PASSED] - Taking screenshot successfully
[[ATTACHMENT|D:\PROJECT\BCA\BCAF_MEAPP_i3\BCAF_MEAPP_i3\Screenshoot\Sprint4\Web\keyes\keyes-scenario-3-berhasil-input-data-vehicle.png]]

2022-03-30 15:34:29 - [TEST_STEP][PASSED] - markPassed("scenario 3 - berhasil input data vehicle"): scenario 3 - berhasil input data vehicle

2022-03-30 15:34:29 - [MESSAGE][PASSED] - scenario 3 - berhasil input data vehicle

2022-03-30 15:34:29 - [TEST_STEP][PASSED] - delay(1): Delayed 1 second(s)

2022-03-30 15:34:30 - [MESSAGE][PASSED] - Delayed 1 second(s)

2022-03-30 15:34:30 - [TEST_STEP][PASSED] - delay(1): Delayed 1 second(s)

2022-03-30 15:34:31 - [MESSAGE][PASSED] - Delayed 1 second(s)

2022-03-30 15:34:31 - [TEST_STEP][PASSED] - click(findTestObject("ME_CollateralAndLoan_Vehicle/button_Loan Data"), OPTIONAL): Object: 'Object Repository/ME_CollateralAndLoan_Vehicle/button_Loan Data' is clicked on

2022-03-30 15:34:31 - [MESSAGE][PASSED] - Object: 'Object Repository/ME_CollateralAndLoan_Vehicle/button_Loan Data' is clicked on

2022-03-30 15:34:31 - [TEST_STEP][PASSED] - delay(1): Delayed 1 second(s)

2022-03-30 15:34:32 - [MESSAGE][PASSED] - Delayed 1 second(s)

2022-03-30 15:34:32 - [TEST_STEP][PASSED] - takeFullPageScreenshotAsCheckpoint(userDir + sprint4WebScreenshootPath + "scenario-3-halaman-input-loan-data.png"): Taking screenshot successfully

2022-03-30 15:34:34 - [MESSAGE][INFO] - 0 hidden object(s)

2022-03-30 15:34:35 - [MESSAGE][PASSED] - Taking screenshot successfully
[[ATTACHMENT|D:\PROJECT\BCA\BCAF_MEAPP_i3\BCAF_MEAPP_i3\Screenshoot\Sprint4\Web\keyes\keyes-scenario-3-halaman-input-loan-data.png]]

2022-03-30 15:34:35 - [TEST_STEP][PASSED] - markPassed("scenario 3 - halaman input loan data"): scenario 3 - halaman input loan data

2022-03-30 15:34:35 - [MESSAGE][PASSED] - scenario 3 - halaman input loan data

2022-03-30 15:34:35 - [TEST_STEP][PASSED] - delay(1): Delayed 1 second(s)

2022-03-30 15:34:36 - [MESSAGE][PASSED] - Delayed 1 second(s)

2022-03-30 15:34:36 - [TEST_STEP][PASSED] - scrollToElement(findTestObject("ME_CollateralAndLoan_Vehicle/button_Loan Data"), 0): Scroll to object 'Object Repository/ME_CollateralAndLoan_Vehicle/button_Loan Data' successfully

2022-03-30 15:34:36 - [MESSAGE][WARNING] - Timeout '0' is invalid. Using default page load timeout: '30'

2022-03-30 15:34:36 - [MESSAGE][PASSED] - Scroll to object 'Object Repository/ME_CollateralAndLoan_Vehicle/button_Loan Data' successfully

2022-03-30 15:34:36 - [TEST_STEP][PASSED] - delay(1): Delayed 1 second(s)

2022-03-30 15:34:37 - [MESSAGE][PASSED] - Delayed 1 second(s)

2022-03-30 15:34:37 - [TEST_STEP][PASSED] - setText(findTestObject("ME_CollateralAndLoan_Vehicle/input_On The Road Price_otr"), "150000000"): Text '150000000' is set on object 'Object Repository/ME_CollateralAndLoan_Vehicle/input_On The Road Price_otr'

2022-03-30 15:34:38 - [MESSAGE][PASSED] - Text '150000000' is set on object 'Object Repository/ME_CollateralAndLoan_Vehicle/input_On The Road Price_otr'

2022-03-30 15:34:38 - [TEST_STEP][PASSED] - delay(1): Delayed 1 second(s)

2022-03-30 15:34:39 - [MESSAGE][PASSED] - Delayed 1 second(s)

2022-03-30 15:34:39 - [TEST_STEP][PASSED] - setText(findTestObject("ME_CollateralAndLoan_Vehicle/input_Down Payment_dpNominal"), "0"): Text '0' is set on object 'Object Repository/ME_CollateralAndLoan_Vehicle/input_Down Payment_dpNominal'

2022-03-30 15:34:40 - [MESSAGE][PASSED] - Text '0' is set on object 'Object Repository/ME_CollateralAndLoan_Vehicle/input_Down Payment_dpNominal'

2022-03-30 15:34:40 - [TEST_STEP][PASSED] - delay(1): Delayed 1 second(s)

2022-03-30 15:34:41 - [MESSAGE][PASSED] - Delayed 1 second(s)

2022-03-30 15:34:41 - [TEST_STEP][PASSED] - setText(findTestObject("ME_CollateralAndLoan_Vehicle/input_DP_dpPercent"), "30"): Text '30' is set on object 'Object Repository/ME_CollateralAndLoan_Vehicle/input_DP_dpPercent'

2022-03-30 15:34:41 - [MESSAGE][PASSED] - Text '30' is set on object 'Object Repository/ME_CollateralAndLoan_Vehicle/input_DP_dpPercent'

2022-03-30 15:34:41 - [TEST_STEP][PASSED] - delay(1): Delayed 1 second(s)

2022-03-30 15:34:42 - [MESSAGE][PASSED] - Delayed 1 second(s)

2022-03-30 15:34:42 - [TEST_STEP][PASSED] - setText(findTestObject("ME_CollateralAndLoan_Vehicle/input_Tenor (bulan)_tenor1"), "48"): Text '48' is set on object 'Object Repository/ME_CollateralAndLoan_Vehicle/input_Tenor (bulan)_tenor1'

2022-03-30 15:34:43 - [MESSAGE][PASSED] - Text '48' is set on object 'Object Repository/ME_CollateralAndLoan_Vehicle/input_Tenor (bulan)_tenor1'

2022-03-30 15:34:43 - [TEST_STEP][PASSED] - delay(1): Delayed 1 second(s)

2022-03-30 15:34:44 - [MESSAGE][PASSED] - Delayed 1 second(s)

2022-03-30 15:34:44 - [TEST_STEP][PASSED] - click(findTestObject("ME_CollateralAndLoan_Vehicle/input_Loan Type_inadvance"), OPTIONAL): Object: 'Object Repository/ME_CollateralAndLoan_Vehicle/input_Loan Type_inadvance' is clicked on

2022-03-30 15:34:45 - [MESSAGE][PASSED] - Object: 'Object Repository/ME_CollateralAndLoan_Vehicle/input_Loan Type_inadvance' is clicked on

2022-03-30 15:34:45 - [TEST_STEP][PASSED] - delay(1): Delayed 1 second(s)

2022-03-30 15:34:46 - [MESSAGE][PASSED] - Delayed 1 second(s)

2022-03-30 15:34:46 - [TEST_STEP][PASSED] - setText(findTestObject("ME_CollateralAndLoan_Vehicle/input_Flat Rate_flatRate"), "7"): Text '7' is set on object 'Object Repository/ME_CollateralAndLoan_Vehicle/input_Flat Rate_flatRate'

2022-03-30 15:34:46 - [MESSAGE][PASSED] - Text '7' is set on object 'Object Repository/ME_CollateralAndLoan_Vehicle/input_Flat Rate_flatRate'

2022-03-30 15:34:46 - [TEST_STEP][PASSED] - delay(1): Delayed 1 second(s)

2022-03-30 15:34:47 - [MESSAGE][PASSED] - Delayed 1 second(s)

2022-03-30 15:34:47 - [TEST_STEP][PASSED] - setText(findTestObject("ME_CollateralAndLoan_Vehicle/input_Flat Rate 2_flatRate2"), "7"): Text '7' is set on object 'Object Repository/ME_CollateralAndLoan_Vehicle/input_Flat Rate 2_flatRate2'

2022-03-30 15:34:48 - [MESSAGE][PASSED] - Text '7' is set on object 'Object Repository/ME_CollateralAndLoan_Vehicle/input_Flat Rate 2_flatRate2'

2022-03-30 15:34:48 - [TEST_STEP][PASSED] - delay(1): Delayed 1 second(s)

2022-03-30 15:34:49 - [MESSAGE][PASSED] - Delayed 1 second(s)

2022-03-30 15:34:49 - [TEST_STEP][PASSED] - click(findTestObject("ME_CollateralAndLoan_Vehicle/input_Effective Rate_effectiveRate"), OPTIONAL): Object: 'Object Repository/ME_CollateralAndLoan_Vehicle/input_Effective Rate_effectiveRate' is clicked on

2022-03-30 15:34:50 - [MESSAGE][PASSED] - Object: 'Object Repository/ME_CollateralAndLoan_Vehicle/input_Effective Rate_effectiveRate' is clicked on

2022-03-30 15:34:50 - [TEST_STEP][PASSED] - delay(1): Delayed 1 second(s)

2022-03-30 15:34:51 - [MESSAGE][PASSED] - Delayed 1 second(s)

2022-03-30 15:34:51 - [TEST_STEP][PASSED] - click(findTestObject("ME_CollateralAndLoan_Vehicle/input_Effective Rate 2_effectiveRate2"), OPTIONAL): Object: 'Object Repository/ME_CollateralAndLoan_Vehicle/input_Effective Rate 2_effectiveRate2' is clicked on

2022-03-30 15:34:51 - [MESSAGE][PASSED] - Object: 'Object Repository/ME_CollateralAndLoan_Vehicle/input_Effective Rate 2_effectiveRate2' is clicked on

2022-03-30 15:34:51 - [TEST_STEP][PASSED] - delay(1): Delayed 1 second(s)

2022-03-30 15:34:52 - [MESSAGE][PASSED] - Delayed 1 second(s)

2022-03-30 15:34:52 - [TEST_STEP][PASSED] - setText(findTestObject("ME_CollateralAndLoan_Vehicle/input_Provisional Percent_provisionPercent"), "2"): Text '2' is set on object 'Object Repository/ME_CollateralAndLoan_Vehicle/input_Provisional Percent_provisionPercent'

2022-03-30 15:34:53 - [MESSAGE][PASSED] - Text '2' is set on object 'Object Repository/ME_CollateralAndLoan_Vehicle/input_Provisional Percent_provisionPercent'

2022-03-30 15:34:53 - [TEST_STEP][PASSED] - delay(1): Delayed 1 second(s)

2022-03-30 15:34:54 - [MESSAGE][PASSED] - Delayed 1 second(s)

2022-03-30 15:34:54 - [TEST_STEP][PASSED] - click(findTestObject("ME_CollateralAndLoan_Vehicle/input_Provisional Payment_prepaid"), OPTIONAL): Object: 'Object Repository/ME_CollateralAndLoan_Vehicle/input_Provisional Payment_prepaid' is clicked on

2022-03-30 15:34:54 - [MESSAGE][PASSED] - Object: 'Object Repository/ME_CollateralAndLoan_Vehicle/input_Provisional Payment_prepaid' is clicked on

2022-03-30 15:34:54 - [TEST_STEP][PASSED] - delay(1): Delayed 1 second(s)

2022-03-30 15:34:55 - [MESSAGE][PASSED] - Delayed 1 second(s)

2022-03-30 15:34:55 - [TEST_STEP][PASSED] - setText(findTestObject("ME_CollateralAndLoan_Vehicle/input_Adm Fee_admFee"), "2000000"): Text '2000000' is set on object 'Object Repository/ME_CollateralAndLoan_Vehicle/input_Adm Fee_admFee'

2022-03-30 15:34:56 - [MESSAGE][PASSED] - Text '2000000' is set on object 'Object Repository/ME_CollateralAndLoan_Vehicle/input_Adm Fee_admFee'

2022-03-30 15:34:56 - [TEST_STEP][PASSED] - delay(1): Delayed 1 second(s)

2022-03-30 15:34:57 - [MESSAGE][PASSED] - Delayed 1 second(s)

2022-03-30 15:34:57 - [TEST_STEP][PASSED] - click(findTestObject("ME_CollateralAndLoan_Vehicle/input_Adm Fee Payment_onloan"), OPTIONAL): Object: 'Object Repository/ME_CollateralAndLoan_Vehicle/input_Adm Fee Payment_onloan' is clicked on

2022-03-30 15:34:58 - [MESSAGE][PASSED] - Object: 'Object Repository/ME_CollateralAndLoan_Vehicle/input_Adm Fee Payment_onloan' is clicked on

2022-03-30 15:34:58 - [TEST_STEP][PASSED] - delay(1): Delayed 1 second(s)

2022-03-30 15:34:59 - [MESSAGE][PASSED] - Delayed 1 second(s)

2022-03-30 15:34:59 - [TEST_STEP][PASSED] - click(findTestObject("ME_CollateralAndLoan_Vehicle/input_Adm Fee Payment_prepaid"), OPTIONAL): Object: 'Object Repository/ME_CollateralAndLoan_Vehicle/input_Adm Fee Payment_prepaid' is clicked on

2022-03-30 15:34:59 - [MESSAGE][PASSED] - Object: 'Object Repository/ME_CollateralAndLoan_Vehicle/input_Adm Fee Payment_prepaid' is clicked on

2022-03-30 15:34:59 - [TEST_STEP][PASSED] - delay(1): Delayed 1 second(s)

2022-03-30 15:35:00 - [MESSAGE][PASSED] - Delayed 1 second(s)

2022-03-30 15:35:00 - [TEST_STEP][PASSED] - click(findTestObject("ME_CollateralAndLoan_Vehicle/input_gabung_jenisUnit20"), OPTIONAL): Object: 'Object Repository/ME_CollateralAndLoan_Vehicle/input_gabung_jenisUnit20' is clicked on

2022-03-30 15:35:00 - [MESSAGE][PASSED] - Object: 'Object Repository/ME_CollateralAndLoan_Vehicle/input_gabung_jenisUnit20' is clicked on

2022-03-30 15:35:00 - [TEST_STEP][PASSED] - takeFullPageScreenshotAsCheckpoint(userDir + sprint4WebScreenshootPath + "scenario-3-berhasil-input-data-loan.png"): Taking screenshot successfully

2022-03-30 15:35:02 - [MESSAGE][INFO] - 0 hidden object(s)

2022-03-30 15:35:03 - [MESSAGE][PASSED] - Taking screenshot successfully
[[ATTACHMENT|D:\PROJECT\BCA\BCAF_MEAPP_i3\BCAF_MEAPP_i3\Screenshoot\Sprint4\Web\keyes\keyes-scenario-3-berhasil-input-data-loan.png]]

2022-03-30 15:35:03 - [TEST_STEP][PASSED] - markPassed("scenario 3 - berhasil input data loan"): scenario 3 - berhasil input data loan

2022-03-30 15:35:03 - [MESSAGE][PASSED] - scenario 3 - berhasil input data loan

2022-03-30 15:35:03 - [TEST_STEP][PASSED] - delay(1): Delayed 1 second(s)

2022-03-30 15:35:04 - [MESSAGE][PASSED] - Delayed 1 second(s)

2022-03-30 15:35:04 - [TEST_STEP][PASSED] - delay(1): Delayed 1 second(s)

2022-03-30 15:35:05 - [MESSAGE][PASSED] - Delayed 1 second(s)

2022-03-30 15:35:05 - [TEST_STEP][PASSED] - click(findTestObject("ME_CollateralAndLoan_Vehicle/button_Insurance"), OPTIONAL): Object: 'Object Repository/ME_CollateralAndLoan_Vehicle/button_Insurance' is clicked on

2022-03-30 15:35:06 - [MESSAGE][PASSED] - Object: 'Object Repository/ME_CollateralAndLoan_Vehicle/button_Insurance' is clicked on

2022-03-30 15:35:06 - [TEST_STEP][PASSED] - delay(1): Delayed 1 second(s)

2022-03-30 15:35:07 - [MESSAGE][PASSED] - Delayed 1 second(s)

2022-03-30 15:35:07 - [TEST_STEP][PASSED] - click(findTestObject("ME_CollateralAndLoan_Vehicle/input_Insurance_inline-checkbox1"), OPTIONAL): Object: 'Object Repository/ME_CollateralAndLoan_Vehicle/input_Insurance_inline-checkbox1' is clicked on

2022-03-30 15:35:07 - [MESSAGE][PASSED] - Object: 'Object Repository/ME_CollateralAndLoan_Vehicle/input_Insurance_inline-checkbox1' is clicked on

2022-03-30 15:35:07 - [TEST_STEP][PASSED] - delay(1): Delayed 1 second(s)

2022-03-30 15:35:08 - [MESSAGE][PASSED] - Delayed 1 second(s)

2022-03-30 15:35:08 - [TEST_STEP][PASSED] - takeFullPageScreenshotAsCheckpoint(userDir + sprint4WebScreenshootPath + "scenario-3-halaman-input-insurance.png"): Taking screenshot successfully

2022-03-30 15:35:09 - [MESSAGE][INFO] - 0 hidden object(s)

2022-03-30 15:35:10 - [MESSAGE][PASSED] - Taking screenshot successfully
[[ATTACHMENT|D:\PROJECT\BCA\BCAF_MEAPP_i3\BCAF_MEAPP_i3\Screenshoot\Sprint4\Web\keyes\keyes-scenario-3-halaman-input-insurance.png]]

2022-03-30 15:35:10 - [TEST_STEP][PASSED] - markPassed("scenario 3 - halaman input insurance"): scenario 3 - halaman input insurance

2022-03-30 15:35:10 - [MESSAGE][PASSED] - scenario 3 - halaman input insurance

2022-03-30 15:35:10 - [TEST_STEP][PASSED] - delay(1): Delayed 1 second(s)

2022-03-30 15:35:11 - [MESSAGE][PASSED] - Delayed 1 second(s)

2022-03-30 15:35:11 - [TEST_STEP][PASSED] - setText(findTestObject("vehiclekedua/input_carinsurance_kedua"), "NO INSURANCE"): Text 'NO INSURANCE' is set on object 'Object Repository/vehiclekedua/input_carinsurance_kedua'

2022-03-30 15:35:12 - [MESSAGE][PASSED] - Text 'NO INSURANCE' is set on object 'Object Repository/vehiclekedua/input_carinsurance_kedua'

2022-03-30 15:35:12 - [TEST_STEP][PASSED] - delay(1): Delayed 1 second(s)

2022-03-30 15:35:13 - [MESSAGE][PASSED] - Delayed 1 second(s)

2022-03-30 15:35:13 - [TEST_STEP][PASSED] - click(findTestObject("vehiclekedua/div_NO INSURANCE_kedua"), OPTIONAL): Object: 'Object Repository/vehiclekedua/div_NO INSURANCE_kedua' is clicked on

2022-03-30 15:35:14 - [MESSAGE][PASSED] - Object: 'Object Repository/vehiclekedua/div_NO INSURANCE_kedua' is clicked on

2022-03-30 15:35:14 - [TEST_STEP][PASSED] - delay(1): Delayed 1 second(s)

2022-03-30 15:35:15 - [MESSAGE][PASSED] - Delayed 1 second(s)

2022-03-30 15:35:15 - [TEST_STEP][PASSED] - click(findTestObject("vehiclekedua/input_carinsurancebranch_kedua"), OPTIONAL): Object: 'Object Repository/vehiclekedua/input_carinsurancebranch_kedua' is clicked on

2022-03-30 15:35:15 - [MESSAGE][PASSED] - Object: 'Object Repository/vehiclekedua/input_carinsurancebranch_kedua' is clicked on

2022-03-30 15:35:15 - [TEST_STEP][PASSED] - delay(1): Delayed 1 second(s)

2022-03-30 15:35:16 - [MESSAGE][PASSED] - Delayed 1 second(s)

2022-03-30 15:35:16 - [TEST_STEP][PASSED] - setText(findTestObject("vehiclekedua/input_carinsurancebranch_kedua"), "NO INSURANCE", OPTIONAL): Text 'NO INSURANCE' is set on object 'Object Repository/vehiclekedua/input_carinsurancebranch_kedua'

2022-03-30 15:35:17 - [MESSAGE][PASSED] - Text 'NO INSURANCE' is set on object 'Object Repository/vehiclekedua/input_carinsurancebranch_kedua'

2022-03-30 15:35:17 - [TEST_STEP][PASSED] - delay(1): Delayed 1 second(s)

2022-03-30 15:35:18 - [MESSAGE][PASSED] - Delayed 1 second(s)

2022-03-30 15:35:18 - [TEST_STEP][PASSED] - click(findTestObject("ME_CollateralAndLoan_Vehicle/div_NO INSURANCE_branch"), OPTIONAL): Object: 'Object Repository/ME_CollateralAndLoan_Vehicle/div_NO INSURANCE_branch' is clicked on

2022-03-30 15:35:18 - [MESSAGE][PASSED] - Object: 'Object Repository/ME_CollateralAndLoan_Vehicle/div_NO INSURANCE_branch' is clicked on

2022-03-30 15:35:18 - [TEST_STEP][PASSED] - delay(1): Delayed 1 second(s)

2022-03-30 15:35:20 - [MESSAGE][PASSED] - Delayed 1 second(s)

2022-03-30 15:35:20 - [TEST_STEP][PASSED] - click(findTestObject("vehiclekedua/input_carinsurancetype_kedua")): Object: 'Object Repository/vehiclekedua/input_carinsurancetype_kedua' is clicked on

2022-03-30 15:35:20 - [MESSAGE][PASSED] - Object: 'Object Repository/vehiclekedua/input_carinsurancetype_kedua' is clicked on

2022-03-30 15:35:20 - [TEST_STEP][PASSED] - delay(1): Delayed 1 second(s)

2022-03-30 15:35:21 - [MESSAGE][PASSED] - Delayed 1 second(s)

2022-03-30 15:35:21 - [TEST_STEP][PASSED] - setText(findTestObject("vehiclekedua/input_carinsurancetype_kedua"), "all risk"): Text 'all risk' is set on object 'Object Repository/vehiclekedua/input_carinsurancetype_kedua'

2022-03-30 15:35:22 - [MESSAGE][PASSED] - Text 'all risk' is set on object 'Object Repository/vehiclekedua/input_carinsurancetype_kedua'

2022-03-30 15:35:22 - [TEST_STEP][PASSED] - delay(1): Delayed 1 second(s)

2022-03-30 15:35:23 - [MESSAGE][PASSED] - Delayed 1 second(s)

2022-03-30 15:35:23 - [TEST_STEP][PASSED] - click(findTestObject("vehiclekedua/div_All Risk_kedua")): Object: 'Object Repository/vehiclekedua/div_All Risk_kedua' is clicked on

2022-03-30 15:35:23 - [MESSAGE][PASSED] - Object: 'Object Repository/vehiclekedua/div_All Risk_kedua' is clicked on

2022-03-30 15:35:23 - [TEST_STEP][PASSED] - delay(1): Delayed 1 second(s)

2022-03-30 15:35:24 - [MESSAGE][PASSED] - Delayed 1 second(s)

2022-03-30 15:35:24 - [TEST_STEP][PASSED] - click(findTestObject("ME_CollateralAndLoan_Vehicle/input_RSCC_carInsuranceRscc0")): Object: 'Object Repository/ME_CollateralAndLoan_Vehicle/input_RSCC_carInsuranceRscc0' is clicked on

2022-03-30 15:35:25 - [MESSAGE][PASSED] - Object: 'Object Repository/ME_CollateralAndLoan_Vehicle/input_RSCC_carInsuranceRscc0' is clicked on

2022-03-30 15:35:25 - [TEST_STEP][PASSED] - delay(1): Delayed 1 second(s)

2022-03-30 15:35:26 - [MESSAGE][PASSED] - Delayed 1 second(s)

2022-03-30 15:35:26 - [TEST_STEP][PASSED] - click(findTestObject("ME_CollateralAndLoan_Vehicle/input_RSMB_carInsuranceRsmb0")): Object: 'Object Repository/ME_CollateralAndLoan_Vehicle/input_RSMB_carInsuranceRsmb0' is clicked on

2022-03-30 15:35:26 - [MESSAGE][PASSED] - Object: 'Object Repository/ME_CollateralAndLoan_Vehicle/input_RSMB_carInsuranceRsmb0' is clicked on

2022-03-30 15:35:26 - [TEST_STEP][PASSED] - delay(1): Delayed 1 second(s)

2022-03-30 15:35:27 - [MESSAGE][PASSED] - Delayed 1 second(s)

2022-03-30 15:35:27 - [TEST_STEP][PASSED] - click(findTestObject("ME_CollateralAndLoan_Vehicle/input_Insurance Payment_prepaid")): Object: 'Object Repository/ME_CollateralAndLoan_Vehicle/input_Insurance Payment_prepaid' is clicked on

2022-03-30 15:35:28 - [MESSAGE][PASSED] - Object: 'Object Repository/ME_CollateralAndLoan_Vehicle/input_Insurance Payment_prepaid' is clicked on

2022-03-30 15:35:28 - [TEST_STEP][PASSED] - delay(1): Delayed 1 second(s)

2022-03-30 15:35:29 - [MESSAGE][PASSED] - Delayed 1 second(s)

2022-03-30 15:35:29 - [TEST_STEP][PASSED] - click(findTestObject("ME_CollateralAndLoan_Vehicle/input_Machine Warranty_lifeInsurance")): Object: 'Object Repository/ME_CollateralAndLoan_Vehicle/input_Machine Warranty_lifeInsurance' is clicked on

2022-03-30 15:35:29 - [MESSAGE][PASSED] - Object: 'Object Repository/ME_CollateralAndLoan_Vehicle/input_Machine Warranty_lifeInsurance' is clicked on

2022-03-30 15:35:29 - [TEST_STEP][PASSED] - delay(1): Delayed 1 second(s)

2022-03-30 15:35:30 - [MESSAGE][PASSED] - Delayed 1 second(s)

2022-03-30 15:35:30 - [TEST_STEP][PASSED] - takeFullPageScreenshotAsCheckpoint(userDir + sprint4WebScreenshootPath + "scenario-3-halaman-input-life-insurance.png"): Taking screenshot successfully

2022-03-30 15:35:32 - [MESSAGE][INFO] - 0 hidden object(s)

2022-03-30 15:35:32 - [MESSAGE][PASSED] - Taking screenshot successfully
[[ATTACHMENT|D:\PROJECT\BCA\BCAF_MEAPP_i3\BCAF_MEAPP_i3\Screenshoot\Sprint4\Web\keyes\keyes-scenario-3-halaman-input-life-insurance.png]]

2022-03-30 15:35:32 - [TEST_STEP][PASSED] - markPassed("scenario 3 - halaman input life insurance"): scenario 3 - halaman input life insurance

2022-03-30 15:35:32 - [MESSAGE][PASSED] - scenario 3 - halaman input life insurance

2022-03-30 15:35:32 - [TEST_STEP][PASSED] - delay(1): Delayed 1 second(s)

2022-03-30 15:35:33 - [MESSAGE][PASSED] - Delayed 1 second(s)

2022-03-30 15:35:33 - [TEST_STEP][PASSED] - scrollToElement(findTestObject("ME_CollateralAndLoan_Vehicle/a_Calculate All Unit (1)"), 0): Scroll to object 'Object Repository/ME_CollateralAndLoan_Vehicle/a_Calculate All Unit (1)' successfully

2022-03-30 15:35:33 - [MESSAGE][WARNING] - Timeout '0' is invalid. Using default page load timeout: '30'

2022-03-30 15:35:34 - [MESSAGE][PASSED] - Scroll to object 'Object Repository/ME_CollateralAndLoan_Vehicle/a_Calculate All Unit (1)' successfully

2022-03-30 15:35:34 - [TEST_STEP][PASSED] - delay(1): Delayed 1 second(s)

2022-03-30 15:35:35 - [MESSAGE][PASSED] - Delayed 1 second(s)

2022-03-30 15:35:35 - [TEST_STEP][PASSED] - click(findTestObject("vehiclekedua/input_lifeinsurancecorp_kedua"), OPTIONAL): Object: 'Object Repository/vehiclekedua/input_lifeinsurancecorp_kedua' is clicked on

2022-03-30 15:35:35 - [MESSAGE][PASSED] - Object: 'Object Repository/vehiclekedua/input_lifeinsurancecorp_kedua' is clicked on

2022-03-30 15:35:35 - [TEST_STEP][PASSED] - delay(1): Delayed 1 second(s)

2022-03-30 15:35:36 - [MESSAGE][PASSED] - Delayed 1 second(s)

2022-03-30 15:35:36 - [TEST_STEP][PASSED] - setText(findTestObject("vehiclekedua/input_lifeinsurancecorp_kedua"), "ASURANSI LAINNYA", OPTIONAL): Text 'ASURANSI LAINNYA' is set on object 'Object Repository/vehiclekedua/input_lifeinsurancecorp_kedua'

2022-03-30 15:35:37 - [MESSAGE][PASSED] - Text 'ASURANSI LAINNYA' is set on object 'Object Repository/vehiclekedua/input_lifeinsurancecorp_kedua'

2022-03-30 15:35:37 - [TEST_STEP][PASSED] - delay(1): Delayed 1 second(s)

2022-03-30 15:35:38 - [MESSAGE][PASSED] - Delayed 1 second(s)

2022-03-30 15:35:38 - [TEST_STEP][PASSED] - click(findTestObject("vehiclekedua/div_ASURANSI LAINNYA_kedua"), OPTIONAL): Object: 'Object Repository/vehiclekedua/div_ASURANSI LAINNYA_kedua' is clicked on

2022-03-30 15:35:39 - [MESSAGE][PASSED] - Object: 'Object Repository/vehiclekedua/div_ASURANSI LAINNYA_kedua' is clicked on

2022-03-30 15:35:39 - [TEST_STEP][PASSED] - delay(1): Delayed 1 second(s)

2022-03-30 15:35:40 - [MESSAGE][PASSED] - Delayed 1 second(s)

2022-03-30 15:35:40 - [TEST_STEP][PASSED] - click(findTestObject("vehiclekedua/input_lifeinsurancebranch_kedua"), OPTIONAL): Object: 'Object Repository/vehiclekedua/input_lifeinsurancebranch_kedua' is clicked on

2022-03-30 15:35:40 - [MESSAGE][PASSED] - Object: 'Object Repository/vehiclekedua/input_lifeinsurancebranch_kedua' is clicked on

2022-03-30 15:35:40 - [TEST_STEP][PASSED] - delay(1): Delayed 1 second(s)

2022-03-30 15:35:41 - [MESSAGE][PASSED] - Delayed 1 second(s)

2022-03-30 15:35:41 - [TEST_STEP][PASSED] - setText(findTestObject("vehiclekedua/input_lifeinsurancebranch_kedua"), "AS. LAINNYA", OPTIONAL): Text 'AS. LAINNYA' is set on object 'Object Repository/vehiclekedua/input_lifeinsurancebranch_kedua'

2022-03-30 15:35:42 - [MESSAGE][PASSED] - Text 'AS. LAINNYA' is set on object 'Object Repository/vehiclekedua/input_lifeinsurancebranch_kedua'

2022-03-30 15:35:42 - [TEST_STEP][PASSED] - delay(1): Delayed 1 second(s)

2022-03-30 15:35:43 - [MESSAGE][PASSED] - Delayed 1 second(s)

2022-03-30 15:35:43 - [TEST_STEP][PASSED] - click(findTestObject("ME_CollateralAndLoan_Vehicle/div_AS. LAINNYA_lifeinsurance"), OPTIONAL): Object: 'Object Repository/ME_CollateralAndLoan_Vehicle/div_AS. LAINNYA_lifeinsurance' is clicked on

2022-03-30 15:35:44 - [MESSAGE][PASSED] - Object: 'Object Repository/ME_CollateralAndLoan_Vehicle/div_AS. LAINNYA_lifeinsurance' is clicked on

2022-03-30 15:35:44 - [TEST_STEP][PASSED] - delay(1): Delayed 1 second(s)

2022-03-30 15:35:45 - [MESSAGE][PASSED] - Delayed 1 second(s)

2022-03-30 15:35:45 - [TEST_STEP][PASSED] - click(findTestObject("ME_CollateralAndLoan_Vehicle/input_Annual_lifeInsurancePayment"), OPTIONAL): Object: 'Object Repository/ME_CollateralAndLoan_Vehicle/input_Annual_lifeInsurancePayment' is clicked on

2022-03-30 15:35:45 - [MESSAGE][PASSED] - Object: 'Object Repository/ME_CollateralAndLoan_Vehicle/input_Annual_lifeInsurancePayment' is clicked on

2022-03-30 15:35:45 - [TEST_STEP][PASSED] - delay(1): Delayed 1 second(s)

2022-03-30 15:35:46 - [MESSAGE][PASSED] - Delayed 1 second(s)

2022-03-30 15:35:46 - [TEST_STEP][PASSED] - takeFullPageScreenshotAsCheckpoint(userDir + sprint4WebScreenshootPath + "scenario-3-berhasil-input-data-insurance.png"): Taking screenshot successfully

2022-03-30 15:35:48 - [MESSAGE][INFO] - 0 hidden object(s)

2022-03-30 15:35:48 - [MESSAGE][PASSED] - Taking screenshot successfully
[[ATTACHMENT|D:\PROJECT\BCA\BCAF_MEAPP_i3\BCAF_MEAPP_i3\Screenshoot\Sprint4\Web\keyes\keyes-scenario-3-berhasil-input-data-insurance.png]]

2022-03-30 15:35:48 - [TEST_STEP][PASSED] - markPassed("scenario 3 - berhasil input data insurance"): scenario 3 - berhasil input data insurance

2022-03-30 15:35:48 - [MESSAGE][PASSED] - scenario 3 - berhasil input data insurance

2022-03-30 15:35:48 - [TEST_STEP][PASSED] - delay(1): Delayed 1 second(s)

2022-03-30 15:35:49 - [MESSAGE][PASSED] - Delayed 1 second(s)

2022-03-30 15:35:49 - [TEST_STEP][PASSED] - click(findTestObject("ME_CollateralAndLoan_Vehicle/button_Note"), OPTIONAL): Object: 'Object Repository/ME_CollateralAndLoan_Vehicle/button_Note' is clicked on

2022-03-30 15:35:50 - [MESSAGE][PASSED] - Object: 'Object Repository/ME_CollateralAndLoan_Vehicle/button_Note' is clicked on

2022-03-30 15:35:50 - [TEST_STEP][PASSED] - delay(1): Delayed 1 second(s)

2022-03-30 15:35:51 - [MESSAGE][PASSED] - Delayed 1 second(s)

2022-03-30 15:35:51 - [TEST_STEP][PASSED] - takeFullPageScreenshotAsCheckpoint(userDir + sprint4WebScreenshootPath + "scenario-3-submenu-notes.png"): Taking screenshot successfully

2022-03-30 15:35:52 - [MESSAGE][INFO] - 0 hidden object(s)

2022-03-30 15:35:53 - [MESSAGE][PASSED] - Taking screenshot successfully
[[ATTACHMENT|D:\PROJECT\BCA\BCAF_MEAPP_i3\BCAF_MEAPP_i3\Screenshoot\Sprint4\Web\keyes\keyes-scenario-3-submenu-notes.png]]

2022-03-30 15:35:53 - [TEST_STEP][PASSED] - markPassed("scenario 3 - submenu notes"): scenario 3 - submenu notes

2022-03-30 15:35:53 - [MESSAGE][PASSED] - scenario 3 - submenu notes

2022-03-30 15:35:53 - [TEST_STEP][PASSED] - delay(1): Delayed 1 second(s)

2022-03-30 15:35:54 - [MESSAGE][PASSED] - Delayed 1 second(s)

2022-03-30 15:35:54 - [TEST_STEP][PASSED] - setText(findTestObject("ME_CollateralAndLoan_Vehicle/textarea_Note CMO_noteCMO"), "notes cmo note cmo"): Text 'notes cmo note cmo' is set on object 'Object Repository/ME_CollateralAndLoan_Vehicle/textarea_Note CMO_noteCMO'

2022-03-30 15:35:54 - [MESSAGE][PASSED] - Text 'notes cmo note cmo' is set on object 'Object Repository/ME_CollateralAndLoan_Vehicle/textarea_Note CMO_noteCMO'

2022-03-30 15:35:54 - [TEST_STEP][PASSED] - delay(1): Delayed 1 second(s)

2022-03-30 15:35:55 - [MESSAGE][PASSED] - Delayed 1 second(s)

2022-03-30 15:35:55 - [TEST_STEP][PASSED] - takeFullPageScreenshotAsCheckpoint(userDir + sprint4WebScreenshootPath + "scenario-3-submenu-notes.png"): Taking screenshot successfully

2022-03-30 15:35:57 - [MESSAGE][INFO] - 0 hidden object(s)

2022-03-30 15:35:57 - [MESSAGE][PASSED] - Taking screenshot successfully
[[ATTACHMENT|D:\PROJECT\BCA\BCAF_MEAPP_i3\BCAF_MEAPP_i3\Screenshoot\Sprint4\Web\keyes\keyes-scenario-3-submenu-notes.png]]

2022-03-30 15:35:57 - [TEST_STEP][PASSED] - markPassed("scenario 3 - berhasil input  notes CMO"): scenario 3 - berhasil input  notes CMO

2022-03-30 15:35:57 - [MESSAGE][PASSED] - scenario 3 - berhasil input  notes CMO

2022-03-30 15:35:57 - [TEST_STEP][PASSED] - delay(1): Delayed 1 second(s)

2022-03-30 15:35:58 - [MESSAGE][PASSED] - Delayed 1 second(s)

2022-03-30 15:35:58 - [TEST_STEP][PASSED] - click(findTestObject("vehiclekedua/a_Add Unit Kendaraan_kedua")): Object: 'Object Repository/vehiclekedua/a_Add Unit Kendaraan_kedua' is clicked on

2022-03-30 15:35:59 - [MESSAGE][PASSED] - Object: 'Object Repository/vehiclekedua/a_Add Unit Kendaraan_kedua' is clicked on

2022-03-30 15:35:59 - [TEST_STEP][PASSED] - delay(1): Delayed 1 second(s)

2022-03-30 15:36:00 - [MESSAGE][PASSED] - Delayed 1 second(s)

2022-03-30 15:36:00 - [TEST_STEP][PASSED] - takeFullPageScreenshotAsCheckpoint(userDir + sprint4WebScreenshootPath + "scenario-3-pop-up-add-kendaraan.png"): Taking screenshot successfully

2022-03-30 15:36:01 - [MESSAGE][INFO] - 0 hidden object(s)

2022-03-30 15:36:01 - [MESSAGE][PASSED] - Taking screenshot successfully
[[ATTACHMENT|D:\PROJECT\BCA\BCAF_MEAPP_i3\BCAF_MEAPP_i3\Screenshoot\Sprint4\Web\keyes\keyes-scenario-3-pop-up-add-kendaraan.png]]

2022-03-30 15:36:01 - [TEST_STEP][PASSED] - markPassed("scenario 3 - Popup add unit kendaraan"): scenario 3 - Popup add unit kendaraan

2022-03-30 15:36:01 - [MESSAGE][PASSED] - scenario 3 - Popup add unit kendaraan

2022-03-30 15:36:01 - [TEST_STEP][PASSED] - delay(1): Delayed 1 second(s)

2022-03-30 15:36:02 - [MESSAGE][PASSED] - Delayed 1 second(s)

2022-03-30 15:36:02 - [TEST_STEP][PASSED] - setText(findTestObject("vehiclekedua/input_Jumlah unit_kedua"), "2"): Text '2' is set on object 'Object Repository/vehiclekedua/input_Jumlah unit_kedua'

2022-03-30 15:36:03 - [MESSAGE][PASSED] - Text '2' is set on object 'Object Repository/vehiclekedua/input_Jumlah unit_kedua'

2022-03-30 15:36:03 - [TEST_STEP][PASSED] - delay(1): Delayed 1 second(s)

2022-03-30 15:36:04 - [MESSAGE][PASSED] - Delayed 1 second(s)

2022-03-30 15:36:04 - [TEST_STEP][PASSED] - click(findTestObject("ME_CollateralAndLoan_Vehicle/input_ya_copy_addunit")): Object: 'Object Repository/ME_CollateralAndLoan_Vehicle/input_ya_copy_addunit' is clicked on

2022-03-30 15:36:05 - [MESSAGE][PASSED] - Object: 'Object Repository/ME_CollateralAndLoan_Vehicle/input_ya_copy_addunit' is clicked on

2022-03-30 15:36:05 - [TEST_STEP][PASSED] - delay(1): Delayed 1 second(s)

2022-03-30 15:36:06 - [MESSAGE][PASSED] - Delayed 1 second(s)

2022-03-30 15:36:06 - [TEST_STEP][PASSED] - click(findTestObject("ME_CollateralAndLoan_Vehicle/span_Pilih Unit")): Object: 'Object Repository/ME_CollateralAndLoan_Vehicle/span_Pilih Unit' is clicked on

2022-03-30 15:36:06 - [MESSAGE][PASSED] - Object: 'Object Repository/ME_CollateralAndLoan_Vehicle/span_Pilih Unit' is clicked on

2022-03-30 15:36:06 - [TEST_STEP][PASSED] - delay(1): Delayed 1 second(s)

2022-03-30 15:36:07 - [MESSAGE][PASSED] - Delayed 1 second(s)

2022-03-30 15:36:07 - [TEST_STEP][PASSED] - setText(findTestObject("vehiclekedua/input_Add_select2-search__field-UNIT_yangakandicopy_kedua"), "Unit 1"): Text 'Unit 1' is set on object 'Object Repository/vehiclekedua/input_Add_select2-search__field-UNIT_yangakandicopy_kedua'

2022-03-30 15:36:08 - [MESSAGE][PASSED] - Text 'Unit 1' is set on object 'Object Repository/vehiclekedua/input_Add_select2-search__field-UNIT_yangakandicopy_kedua'

2022-03-30 15:36:08 - [TEST_STEP][PASSED] - delay(1): Delayed 1 second(s)

2022-03-30 15:36:09 - [MESSAGE][PASSED] - Delayed 1 second(s)

2022-03-30 15:36:09 - [TEST_STEP][PASSED] - sendKeys(findTestObject("vehiclekedua/input_Add_select2-search__field-UNIT_yangakandicopy_kedua"), Keys.chord(ENTER)): Keys 'ENTER + ' sent to object: 'Object Repository/vehiclekedua/input_Add_select2-search__field-UNIT_yangakandicopy_kedua'

2022-03-30 15:36:09 - [MESSAGE][PASSED] - Keys 'ENTER + ' sent to object: 'Object Repository/vehiclekedua/input_Add_select2-search__field-UNIT_yangakandicopy_kedua'

2022-03-30 15:36:09 - [TEST_STEP][PASSED] - delay(1): Delayed 1 second(s)

2022-03-30 15:36:10 - [MESSAGE][PASSED] - Delayed 1 second(s)

2022-03-30 15:36:10 - [TEST_STEP][PASSED] - takeFullPageScreenshotAsCheckpoint(userDir + sprint4WebScreenshootPath + "scenario-3-berhasil-add-kendaraan.png"): Taking screenshot successfully

2022-03-30 15:36:11 - [MESSAGE][INFO] - 0 hidden object(s)

2022-03-30 15:36:12 - [MESSAGE][PASSED] - Taking screenshot successfully
[[ATTACHMENT|D:\PROJECT\BCA\BCAF_MEAPP_i3\BCAF_MEAPP_i3\Screenshoot\Sprint4\Web\keyes\keyes-scenario-3-berhasil-add-kendaraan.png]]

2022-03-30 15:36:12 - [TEST_STEP][PASSED] - markPassed("scenario 3 - berhasil add unit kendaraan"): scenario 3 - berhasil add unit kendaraan

2022-03-30 15:36:12 - [MESSAGE][PASSED] - scenario 3 - berhasil add unit kendaraan

2022-03-30 15:36:12 - [TEST_STEP][PASSED] - delay(1): Delayed 1 second(s)

2022-03-30 15:36:13 - [MESSAGE][PASSED] - Delayed 1 second(s)

2022-03-30 15:36:13 - [TEST_STEP][PASSED] - click(findTestObject("ME_CollateralAndLoan_Vehicle/button_Add_unit")): Object: 'Object Repository/ME_CollateralAndLoan_Vehicle/button_Add_unit' is clicked on

2022-03-30 15:36:13 - [MESSAGE][PASSED] - Object: 'Object Repository/ME_CollateralAndLoan_Vehicle/button_Add_unit' is clicked on

2022-03-30 15:36:13 - [TEST_STEP][PASSED] - delay(1): Delayed 1 second(s)

2022-03-30 15:36:14 - [MESSAGE][PASSED] - Delayed 1 second(s)

2022-03-30 15:36:14 - [TEST_STEP][PASSED] - click(findTestObject("ME_CollateralAndLoan_Vehicle/a_Calculate All Unit")): Object: 'Object Repository/ME_CollateralAndLoan_Vehicle/a_Calculate All Unit' is clicked on

2022-03-30 15:36:17 - [MESSAGE][PASSED] - Object: 'Object Repository/ME_CollateralAndLoan_Vehicle/a_Calculate All Unit' is clicked on

2022-03-30 15:36:17 - [TEST_STEP][PASSED] - delay(1): Delayed 1 second(s)

2022-03-30 15:36:18 - [MESSAGE][PASSED] - Delayed 1 second(s)

2022-03-30 15:36:18 - [TEST_STEP][PASSED] - verifyElementPresent(findTestObject("ME_CollateralAndLoan_Vehicle/label_Summary Total"), 0): Object 'Object Repository/ME_CollateralAndLoan_Vehicle/label_Summary Total' is present

2022-03-30 15:36:18 - [MESSAGE][WARNING] - Timeout '0' is invalid. Using default page load timeout: '30'

2022-03-30 15:36:20 - [MESSAGE][PASSED] - Object 'Object Repository/ME_CollateralAndLoan_Vehicle/label_Summary Total' is present

2022-03-30 15:36:20 - [TEST_STEP][PASSED] - delay(1): Delayed 1 second(s)

2022-03-30 15:36:21 - [MESSAGE][PASSED] - Delayed 1 second(s)

2022-03-30 15:36:21 - [TEST_STEP][PASSED] - takeFullPageScreenshotAsCheckpoint(userDir + sprint4WebScreenshootPath + "scenario-3-pop-up-summary-total.png"): Taking screenshot successfully

2022-03-30 15:36:23 - [MESSAGE][INFO] - 0 hidden object(s)

2022-03-30 15:36:23 - [MESSAGE][PASSED] - Taking screenshot successfully
[[ATTACHMENT|D:\PROJECT\BCA\BCAF_MEAPP_i3\BCAF_MEAPP_i3\Screenshoot\Sprint4\Web\keyes\keyes-scenario-3-pop-up-summary-total.png]]

2022-03-30 15:36:23 - [TEST_STEP][PASSED] - markPassed("scenario 3 - Popup summary total"): scenario 3 - Popup summary total

2022-03-30 15:36:23 - [MESSAGE][PASSED] - scenario 3 - Popup summary total

2022-03-30 15:36:23 - [TEST_STEP][PASSED] - delay(1): Delayed 1 second(s)

2022-03-30 15:36:24 - [MESSAGE][PASSED] - Delayed 1 second(s)

2022-03-30 15:36:24 - [TEST_STEP][PASSED] - verifyElementPresent(findTestObject("ME_CollateralAndLoan_Vehicle/div_Calculating Summary_mx-0 proceed-state state-1_success"), 0): Object 'Object Repository/ME_CollateralAndLoan_Vehicle/div_Calculating Summary_mx-0 proceed-state state-1_success' is present

2022-03-30 15:36:24 - [MESSAGE][WARNING] - Timeout '0' is invalid. Using default page load timeout: '30'

2022-03-30 15:36:25 - [MESSAGE][PASSED] - Object 'Object Repository/ME_CollateralAndLoan_Vehicle/div_Calculating Summary_mx-0 proceed-state state-1_success' is present

2022-03-30 15:36:25 - [TEST_STEP][PASSED] - delay(1): Delayed 1 second(s)

2022-03-30 15:36:26 - [MESSAGE][PASSED] - Delayed 1 second(s)

2022-03-30 15:36:26 - [TEST_STEP][PASSED] - click(findTestObject("ME_CollateralAndLoan_Vehicle/a_Close_calculate")): Object: 'Object Repository/ME_CollateralAndLoan_Vehicle/a_Close_calculate' is clicked on

2022-03-30 15:36:26 - [MESSAGE][PASSED] - Object: 'Object Repository/ME_CollateralAndLoan_Vehicle/a_Close_calculate' is clicked on]]></system-out>
         <system-err><![CDATA[]]></system-err>
      </testcase>
      <testcase name="Test Cases/Sprint 4/Skenario 3/03-04-Transaction-InputPenyimpangan-ProcessBM" time="30.067" classname="Test Cases/Sprint 4/Skenario 3/03-04-Transaction-InputPenyimpangan-ProcessBM" status="PASSED">
         <system-out><![CDATA[2022-03-30 15:36:26 - [TEST_CASE][PASSED] - Test Cases/Sprint 4/Skenario 3/03-04-Transaction-InputPenyimpangan-ProcessBM: Test Cases/Sprint 4/Skenario 3/03-04-Transaction-InputPenyimpangan-ProcessBM

2022-03-30 15:36:26 - [TEST_STEP][PASSED] - userDir = getProjectDir(): null

2022-03-30 15:36:26 - [TEST_STEP][PASSED] - scrollToPosition(0, 0): Browser is scrolled to position x = 0, y = 0

2022-03-30 15:36:26 - [MESSAGE][PASSED] - Browser is scrolled to position x = 0, y = 0

2022-03-30 15:36:26 - [TEST_STEP][PASSED] - click(findTestObject("Object Repository/Penyimpangan/span_Penyimpangan"), OPTIONAL): Object: 'Object Repository/Penyimpangan/span_Penyimpangan' is clicked on

2022-03-30 15:36:27 - [MESSAGE][PASSED] - Object: 'Object Repository/Penyimpangan/span_Penyimpangan' is clicked on

2022-03-30 15:36:27 - [TEST_STEP][PASSED] - delay(1): Delayed 1 second(s)

2022-03-30 15:36:28 - [MESSAGE][PASSED] - Delayed 1 second(s)

2022-03-30 15:36:28 - [TEST_STEP][PASSED] - takeFullPageScreenshotAsCheckpoint(userDir + sprint4WebScreenshootPath + "scenario-3-masuk-menu-penyimpangan.png"): Taking screenshot successfully

2022-03-30 15:36:29 - [MESSAGE][INFO] - 0 hidden object(s)

2022-03-30 15:36:30 - [MESSAGE][PASSED] - Taking screenshot successfully
[[ATTACHMENT|D:\PROJECT\BCA\BCAF_MEAPP_i3\BCAF_MEAPP_i3\Screenshoot\Sprint4\Web\keyes\keyes-scenario-3-masuk-menu-penyimpangan.png]]

2022-03-30 15:36:30 - [TEST_STEP][PASSED] - markPassed("scenario 3 - Masuk menu penyimpangan"): scenario 3 - Masuk menu penyimpangan

2022-03-30 15:36:30 - [MESSAGE][PASSED] - scenario 3 - Masuk menu penyimpangan

2022-03-30 15:36:30 - [TEST_STEP][PASSED] - delay(1): Delayed 1 second(s)

2022-03-30 15:36:31 - [MESSAGE][PASSED] - Delayed 1 second(s)

2022-03-30 15:36:31 - [TEST_STEP][PASSED] - setText(findTestObject("Object Repository/Penyimpangan/input_keyword"), processBM_keyword, OPTIONAL): Text 'BM - (Tidak berlaku lagi) Bukti rumah berupa AJB / PBB / PPJB / HGB / Perjanjian Kredit KPR yang menunjukkan alamat sesuai dengan tempat tinggal konsumen (dapat atas nama pemohon / pasangan / anak / orang tua / mertua) (CS)' is set on object 'Object Repository/Penyimpangan/input_keyword'

2022-03-30 15:36:38 - [MESSAGE][PASSED] - Text 'BM - (Tidak berlaku lagi) Bukti rumah berupa AJB / PBB / PPJB / HGB / Perjanjian Kredit KPR yang menunjukkan alamat sesuai dengan tempat tinggal konsumen (dapat atas nama pemohon / pasangan / anak / orang tua / mertua) (CS)' is set on object 'Object Repository/Penyimpangan/input_keyword'

2022-03-30 15:36:38 - [TEST_STEP][PASSED] - takeFullPageScreenshotAsCheckpoint(userDir + sprint4WebScreenshootPath + "scenario-3-input-penyimpangan.png"): Taking screenshot successfully

2022-03-30 15:36:39 - [MESSAGE][INFO] - 0 hidden object(s)

2022-03-30 15:36:40 - [MESSAGE][PASSED] - Taking screenshot successfully
[[ATTACHMENT|D:\PROJECT\BCA\BCAF_MEAPP_i3\BCAF_MEAPP_i3\Screenshoot\Sprint4\Web\keyes\keyes-scenario-3-input-penyimpangan.png]]

2022-03-30 15:36:40 - [TEST_STEP][PASSED] - markPassed("scenario 3 - Input penyimpangan"): scenario 3 - Input penyimpangan

2022-03-30 15:36:40 - [MESSAGE][PASSED] - scenario 3 - Input penyimpangan

2022-03-30 15:36:40 - [TEST_STEP][PASSED] - delay(1): Delayed 1 second(s)

2022-03-30 15:36:41 - [MESSAGE][PASSED] - Delayed 1 second(s)

2022-03-30 15:36:41 - [TEST_STEP][PASSED] - delay(1): Delayed 1 second(s)

2022-03-30 15:36:42 - [MESSAGE][PASSED] - Delayed 1 second(s)

2022-03-30 15:36:42 - [TEST_STEP][PASSED] - click(findTestObject("Object Repository/Penyimpangan/span_BM 1"), OPTIONAL): Object: 'Object Repository/Penyimpangan/span_BM 1' is clicked on

2022-03-30 15:36:42 - [MESSAGE][PASSED] - Object: 'Object Repository/Penyimpangan/span_BM 1' is clicked on

2022-03-30 15:36:42 - [TEST_STEP][PASSED] - delay(1): Delayed 1 second(s)

2022-03-30 15:36:43 - [MESSAGE][PASSED] - Delayed 1 second(s)

2022-03-30 15:36:43 - [TEST_STEP][PASSED] - scrollToElement(findTestObject("Object Repository/Penyimpangan/textarea_Catatan_note"), 0, OPTIONAL): Scroll to object 'Object Repository/Penyimpangan/textarea_Catatan_note' successfully

2022-03-30 15:36:43 - [MESSAGE][WARNING] - Timeout '0' is invalid. Using default page load timeout: '30'

2022-03-30 15:36:44 - [MESSAGE][PASSED] - Scroll to object 'Object Repository/Penyimpangan/textarea_Catatan_note' successfully

2022-03-30 15:36:44 - [TEST_STEP][PASSED] - delay(1): Delayed 1 second(s)

2022-03-30 15:36:45 - [MESSAGE][PASSED] - Delayed 1 second(s)

2022-03-30 15:36:45 - [TEST_STEP][PASSED] - setText(findTestObject("Object Repository/Penyimpangan/textarea_Catatan_note"), processBM_catatanNote, OPTIONAL): Text 'Pengajuan 3' is set on object 'Object Repository/Penyimpangan/textarea_Catatan_note'

2022-03-30 15:36:46 - [MESSAGE][PASSED] - Text 'Pengajuan 3' is set on object 'Object Repository/Penyimpangan/textarea_Catatan_note'

2022-03-30 15:36:46 - [TEST_STEP][PASSED] - delay(1): Delayed 1 second(s)

2022-03-30 15:36:47 - [MESSAGE][PASSED] - Delayed 1 second(s)

2022-03-30 15:36:47 - [TEST_STEP][PASSED] - takeFullPageScreenshotAsCheckpoint(userDir + sprint4WebScreenshootPath + "scenario-3-input-penyimpangan-selesai.png"): Taking screenshot successfully

2022-03-30 15:36:48 - [MESSAGE][INFO] - 0 hidden object(s)

2022-03-30 15:36:48 - [MESSAGE][PASSED] - Taking screenshot successfully
[[ATTACHMENT|D:\PROJECT\BCA\BCAF_MEAPP_i3\BCAF_MEAPP_i3\Screenshoot\Sprint4\Web\keyes\keyes-scenario-3-input-penyimpangan-selesai.png]]

2022-03-30 15:36:48 - [TEST_STEP][PASSED] - markPassed("scenario 3 - Input penyimpangan selesai"): scenario 3 - Input penyimpangan selesai

2022-03-30 15:36:48 - [MESSAGE][PASSED] - scenario 3 - Input penyimpangan selesai

2022-03-30 15:36:48 - [TEST_STEP][PASSED] - delay(1): Delayed 1 second(s)

2022-03-30 15:36:49 - [MESSAGE][PASSED] - Delayed 1 second(s)

2022-03-30 15:36:49 - [TEST_STEP][PASSED] - click(findTestObject("Object Repository/Penyimpangan/span_Proceed"), OPTIONAL): Object: 'Object Repository/Penyimpangan/span_Proceed' is clicked on

2022-03-30 15:36:49 - [MESSAGE][PASSED] - Object: 'Object Repository/Penyimpangan/span_Proceed' is clicked on

2022-03-30 15:36:49 - [TEST_STEP][PASSED] - takeFullPageScreenshotAsCheckpoint(userDir + sprint4WebScreenshootPath + "scenario-3-berhasil-proceed.png"): Taking screenshot successfully

2022-03-30 15:36:50 - [MESSAGE][INFO] - 0 hidden object(s)

2022-03-30 15:36:51 - [MESSAGE][PASSED] - Taking screenshot successfully
[[ATTACHMENT|D:\PROJECT\BCA\BCAF_MEAPP_i3\BCAF_MEAPP_i3\Screenshoot\Sprint4\Web\keyes\keyes-scenario-3-berhasil-proceed.png]]

2022-03-30 15:36:51 - [TEST_STEP][PASSED] - markPassed("scenario 3 - berhasil proceed"): scenario 3 - berhasil proceed

2022-03-30 15:36:51 - [MESSAGE][PASSED] - scenario 3 - berhasil proceed

2022-03-30 15:36:51 - [TEST_STEP][PASSED] - delay(5): Delayed 5 second(s)

2022-03-30 15:36:56 - [MESSAGE][PASSED] - Delayed 5 second(s)

2022-03-30 15:36:56 - [TEST_STEP][PASSED] - getSearch3 = getText(findTestObject("Object Repository/Penyimpangan/SetSearch")): Text of object 'Object Repository/Penyimpangan/SetSearch' is: '4003914'

2022-03-30 15:36:56 - [MESSAGE][PASSED] - Text of object 'Object Repository/Penyimpangan/SetSearch' is: '4003914'

2022-03-30 15:36:56 - [TEST_STEP][PASSED] - println(getSearch3): null

2022-03-30 15:36:56 - [TEST_STEP][PASSED] - Search3 = getSearch3: null]]></system-out>
         <system-err><![CDATA[]]></system-err>
      </testcase>
      <testcase name="Test Cases/Sprint 4/Skenario 3/03-05-Transaction-InquiryStatus-SearchPengajuan" time="222.703" classname="Test Cases/Sprint 4/Skenario 3/03-05-Transaction-InquiryStatus-SearchPengajuan" status="PASSED">
         <system-out><![CDATA[2022-03-30 15:36:56 - [TEST_CASE][PASSED] - Test Cases/Sprint 4/Skenario 3/03-05-Transaction-InquiryStatus-SearchPengajuan: Test Cases/Sprint 4/Skenario 3/03-05-Transaction-InquiryStatus-SearchPengajuan

2022-03-30 15:36:56 - [TEST_STEP][PASSED] - userDir = getProjectDir(): null

2022-03-30 15:36:56 - [TEST_STEP][PASSED] - click(findTestObject("Inquiry_Status/a_Close")): Object: 'Object Repository/Inquiry_Status/a_Close' is clicked on

2022-03-30 15:36:57 - [MESSAGE][PASSED] - Object: 'Object Repository/Inquiry_Status/a_Close' is clicked on

2022-03-30 15:36:57 - [TEST_STEP][PASSED] - id1 = Search1: null

2022-03-30 15:36:57 - [TEST_STEP][PASSED] - id2 = Search2: null

2022-03-30 15:36:57 - [TEST_STEP][PASSED] - id3 = Search3: null

2022-03-30 15:36:57 - [TEST_STEP][PASSED] - println(id1): null

2022-03-30 15:36:57 - [TEST_STEP][PASSED] - println(id2): null

2022-03-30 15:36:57 - [TEST_STEP][PASSED] - println(id3): null

2022-03-30 15:36:57 - [TEST_STEP][PASSED] - delay(1): Delayed 1 second(s)

2022-03-30 15:36:58 - [MESSAGE][PASSED] - Delayed 1 second(s)

2022-03-30 15:36:58 - [TEST_STEP][PASSED] - click(findTestObject("Object Repository/Inquiry_Status/span_Inquiry Status Aplikasi"), OPTIONAL): Object: 'Object Repository/Inquiry_Status/span_Inquiry Status Aplikasi' is clicked on

2022-03-30 15:36:58 - [MESSAGE][PASSED] - Object: 'Object Repository/Inquiry_Status/span_Inquiry Status Aplikasi' is clicked on

2022-03-30 15:36:58 - [TEST_STEP][PASSED] - delay(1): Delayed 1 second(s)

2022-03-30 15:36:59 - [MESSAGE][PASSED] - Delayed 1 second(s)

2022-03-30 15:36:59 - [TEST_STEP][PASSED] - takeFullPageScreenshotAsCheckpoint(userDir + sprint4WebScreenshootPath + "scenario-3-menu-inquiry-status.png"): Taking screenshot successfully

2022-03-30 15:37:00 - [MESSAGE][INFO] - 0 hidden object(s)

2022-03-30 15:37:00 - [MESSAGE][PASSED] - Taking screenshot successfully
[[ATTACHMENT|D:\PROJECT\BCA\BCAF_MEAPP_i3\BCAF_MEAPP_i3\Screenshoot\Sprint4\Web\keyes\keyes-scenario-3-menu-inquiry-status.png]]

2022-03-30 15:37:00 - [TEST_STEP][PASSED] - markPassed("scenario 3 - menu inquiry status"): scenario 3 - menu inquiry status

2022-03-30 15:37:00 - [MESSAGE][PASSED] - scenario 3 - menu inquiry status

2022-03-30 15:37:00 - [TEST_STEP][PASSED] - delay(1): Delayed 1 second(s)

2022-03-30 15:37:01 - [MESSAGE][PASSED] - Delayed 1 second(s)

2022-03-30 15:37:01 - [TEST_STEP][PASSED] - setText(findTestObject("Object Repository/Inquiry_Status/input_Mobile ID  Application ID_form-control ng-untouched ng-pristine ng-valid"), id1, OPTIONAL): Text '4003907' is set on object 'Object Repository/Inquiry_Status/input_Mobile ID  Application ID_form-control ng-untouched ng-pristine ng-valid'

2022-03-30 15:37:02 - [MESSAGE][PASSED] - Text '4003907' is set on object 'Object Repository/Inquiry_Status/input_Mobile ID  Application ID_form-control ng-untouched ng-pristine ng-valid'

2022-03-30 15:37:02 - [TEST_STEP][PASSED] - delay(2): Delayed 2 second(s)

2022-03-30 15:37:04 - [MESSAGE][PASSED] - Delayed 2 second(s)

2022-03-30 15:37:04 - [TEST_STEP][PASSED] - click(findTestObject("Object Repository/Inquiry_Status/span_Search"), OPTIONAL): Object: 'Object Repository/Inquiry_Status/span_Search' is clicked on

2022-03-30 15:37:04 - [MESSAGE][PASSED] - Object: 'Object Repository/Inquiry_Status/span_Search' is clicked on

2022-03-30 15:37:04 - [TEST_STEP][PASSED] - delay(5): Delayed 5 second(s)

2022-03-30 15:37:09 - [MESSAGE][PASSED] - Delayed 5 second(s)

2022-03-30 15:37:09 - [TEST_STEP][PASSED] - takeFullPageScreenshotAsCheckpoint(userDir + sprint4WebScreenshootPath + "scenario-3-input-search-inquiry-status-data-pengajuan-1.png"): Taking screenshot successfully

2022-03-30 15:37:10 - [MESSAGE][INFO] - 0 hidden object(s)

2022-03-30 15:37:10 - [MESSAGE][PASSED] - Taking screenshot successfully
[[ATTACHMENT|D:\PROJECT\BCA\BCAF_MEAPP_i3\BCAF_MEAPP_i3\Screenshoot\Sprint4\Web\keyes\keyes-scenario-3-input-search-inquiry-status-data-pengajuan-1.png]]

2022-03-30 15:37:10 - [TEST_STEP][PASSED] - markPassed("scenario 3 - input search inquiry status data pengajuan 1"): scenario 3 - input search inquiry status data pengajuan 1

2022-03-30 15:37:10 - [MESSAGE][PASSED] - scenario 3 - input search inquiry status data pengajuan 1

2022-03-30 15:37:10 - [TEST_STEP][PASSED] - delay(1): Delayed 1 second(s)

2022-03-30 15:37:11 - [MESSAGE][PASSED] - Delayed 1 second(s)

2022-03-30 15:37:11 - [TEST_STEP][PASSED] - setText(findTestObject("Object Repository/Inquiry_Status/input_Mobile ID  Application ID_form-control ng-untouched ng-pristine ng-valid"), id2): Text '4003911' is set on object 'Object Repository/Inquiry_Status/input_Mobile ID  Application ID_form-control ng-untouched ng-pristine ng-valid'

2022-03-30 15:37:12 - [MESSAGE][PASSED] - Text '4003911' is set on object 'Object Repository/Inquiry_Status/input_Mobile ID  Application ID_form-control ng-untouched ng-pristine ng-valid'

2022-03-30 15:37:12 - [TEST_STEP][PASSED] - delay(5): Delayed 5 second(s)

2022-03-30 15:37:17 - [MESSAGE][PASSED] - Delayed 5 second(s)

2022-03-30 15:37:17 - [TEST_STEP][PASSED] - click(findTestObject("Object Repository/Inquiry_Status/span_Search"), OPTIONAL): Object: 'Object Repository/Inquiry_Status/span_Search' is clicked on

2022-03-30 15:37:17 - [MESSAGE][PASSED] - Object: 'Object Repository/Inquiry_Status/span_Search' is clicked on

2022-03-30 15:37:17 - [TEST_STEP][PASSED] - delay(5): Delayed 5 second(s)

2022-03-30 15:37:22 - [MESSAGE][PASSED] - Delayed 5 second(s)

2022-03-30 15:37:22 - [TEST_STEP][PASSED] - takeFullPageScreenshotAsCheckpoint(userDir + sprint4WebScreenshootPath + "scenario-3-input-search-inquiry-status-data-pengajuan-2.png"): Taking screenshot successfully

2022-03-30 15:37:23 - [MESSAGE][INFO] - 0 hidden object(s)

2022-03-30 15:37:23 - [MESSAGE][PASSED] - Taking screenshot successfully
[[ATTACHMENT|D:\PROJECT\BCA\BCAF_MEAPP_i3\BCAF_MEAPP_i3\Screenshoot\Sprint4\Web\keyes\keyes-scenario-3-input-search-inquiry-status-data-pengajuan-2.png]]

2022-03-30 15:37:23 - [TEST_STEP][PASSED] - markPassed("scenario 3 - input search inquiry status data pengajuan 2"): scenario 3 - input search inquiry status data pengajuan 2

2022-03-30 15:37:23 - [MESSAGE][PASSED] - scenario 3 - input search inquiry status data pengajuan 2

2022-03-30 15:37:23 - [TEST_STEP][PASSED] - delay(1): Delayed 1 second(s)

2022-03-30 15:37:24 - [MESSAGE][PASSED] - Delayed 1 second(s)

2022-03-30 15:37:24 - [TEST_STEP][PASSED] - setText(findTestObject("Object Repository/Inquiry_Status/input_Mobile ID  Application ID_form-control ng-untouched ng-pristine ng-valid"), id3, OPTIONAL): Text '4003914' is set on object 'Object Repository/Inquiry_Status/input_Mobile ID  Application ID_form-control ng-untouched ng-pristine ng-valid'

2022-03-30 15:37:25 - [MESSAGE][PASSED] - Text '4003914' is set on object 'Object Repository/Inquiry_Status/input_Mobile ID  Application ID_form-control ng-untouched ng-pristine ng-valid'

2022-03-30 15:37:25 - [TEST_STEP][PASSED] - delay(1): Delayed 1 second(s)

2022-03-30 15:37:26 - [MESSAGE][PASSED] - Delayed 1 second(s)

2022-03-30 15:37:26 - [TEST_STEP][PASSED] - click(findTestObject("Object Repository/Inquiry_Status/span_Search"), OPTIONAL): Object: 'Object Repository/Inquiry_Status/span_Search' is clicked on

2022-03-30 15:37:26 - [MESSAGE][PASSED] - Object: 'Object Repository/Inquiry_Status/span_Search' is clicked on

2022-03-30 15:37:26 - [TEST_STEP][PASSED] - takeFullPageScreenshotAsCheckpoint(userDir + sprint4WebScreenshootPath + "scenario-3-input-search-inquiry-status-data-pengajuan-3.png"): Taking screenshot successfully

2022-03-30 15:37:27 - [MESSAGE][INFO] - 0 hidden object(s)

2022-03-30 15:37:27 - [MESSAGE][PASSED] - Taking screenshot successfully
[[ATTACHMENT|D:\PROJECT\BCA\BCAF_MEAPP_i3\BCAF_MEAPP_i3\Screenshoot\Sprint4\Web\keyes\keyes-scenario-3-input-search-inquiry-status-data-pengajuan-3.png]]

2022-03-30 15:37:27 - [TEST_STEP][PASSED] - markPassed("scenario 3 - input search inquiry status data pengajuan 3"): scenario 3 - input search inquiry status data pengajuan 3

2022-03-30 15:37:27 - [MESSAGE][PASSED] - scenario 3 - input search inquiry status data pengajuan 3

2022-03-30 15:37:27 - [TEST_STEP][PASSED] - delay(5): Delayed 5 second(s)

2022-03-30 15:37:32 - [MESSAGE][PASSED] - Delayed 5 second(s)

2022-03-30 15:37:32 - [TEST_STEP][PASSED] - delay(1): Delayed 1 second(s)

2022-03-30 15:37:33 - [MESSAGE][PASSED] - Delayed 1 second(s)

2022-03-30 15:37:33 - [TEST_STEP][PASSED] - setText(findTestObject("Object Repository/Inquiry_Status/input_Mobile ID  Application ID_form-control ng-untouched ng-pristine ng-valid"), id1, OPTIONAL): Text '4003907' is set on object 'Object Repository/Inquiry_Status/input_Mobile ID  Application ID_form-control ng-untouched ng-pristine ng-valid'

2022-03-30 15:37:34 - [MESSAGE][PASSED] - Text '4003907' is set on object 'Object Repository/Inquiry_Status/input_Mobile ID  Application ID_form-control ng-untouched ng-pristine ng-valid'

2022-03-30 15:37:34 - [TEST_STEP][PASSED] - delay(2): Delayed 2 second(s)

2022-03-30 15:37:36 - [MESSAGE][PASSED] - Delayed 2 second(s)

2022-03-30 15:37:36 - [TEST_STEP][PASSED] - click(findTestObject("Object Repository/Inquiry_Status/span_Search"), OPTIONAL): Object: 'Object Repository/Inquiry_Status/span_Search' is clicked on

2022-03-30 15:37:36 - [MESSAGE][PASSED] - Object: 'Object Repository/Inquiry_Status/span_Search' is clicked on

2022-03-30 15:37:36 - [TEST_STEP][PASSED] - takeFullPageScreenshotAsCheckpoint(userDir + sprint4WebScreenshootPath + "scenario-3-input-search-inquiry-status-data-pengajuan-1.png"): Taking screenshot successfully

2022-03-30 15:37:37 - [MESSAGE][INFO] - 0 hidden object(s)

2022-03-30 15:37:37 - [MESSAGE][PASSED] - Taking screenshot successfully
[[ATTACHMENT|D:\PROJECT\BCA\BCAF_MEAPP_i3\BCAF_MEAPP_i3\Screenshoot\Sprint4\Web\keyes\keyes-scenario-3-input-search-inquiry-status-data-pengajuan-1.png]]

2022-03-30 15:37:37 - [TEST_STEP][PASSED] - markPassed("scenario 3 - input search inquiry status data pengajuan 1"): scenario 3 - input search inquiry status data pengajuan 1

2022-03-30 15:37:37 - [MESSAGE][PASSED] - scenario 3 - input search inquiry status data pengajuan 1

2022-03-30 15:37:37 - [TEST_STEP][PASSED] - delay(2): Delayed 2 second(s)

2022-03-30 15:37:39 - [MESSAGE][PASSED] - Delayed 2 second(s)

2022-03-30 15:37:39 - [TEST_STEP][PASSED] - click(findTestObject("Object Repository/Inquiry_Status/Cek_DokumenResume/a_list"), OPTIONAL): Object: 'Object Repository/Inquiry_Status/Cek_DokumenResume/a_list' is clicked on

2022-03-30 15:37:40 - [MESSAGE][PASSED] - Object: 'Object Repository/Inquiry_Status/Cek_DokumenResume/a_list' is clicked on

2022-03-30 15:37:40 - [TEST_STEP][PASSED] - delay(1): Delayed 1 second(s)

2022-03-30 15:37:41 - [MESSAGE][PASSED] - Delayed 1 second(s)

2022-03-30 15:37:41 - [TEST_STEP][PASSED] - click(findTestObject("Object Repository/Inquiry_Status/Cek_DokumenResume/button_Resume"), OPTIONAL): Object: 'Object Repository/Inquiry_Status/Cek_DokumenResume/button_Resume' is clicked on

2022-03-30 15:37:42 - [MESSAGE][PASSED] - Object: 'Object Repository/Inquiry_Status/Cek_DokumenResume/button_Resume' is clicked on

2022-03-30 15:37:42 - [TEST_STEP][PASSED] - delay(5): Delayed 5 second(s)

2022-03-30 15:37:47 - [MESSAGE][PASSED] - Delayed 5 second(s)

2022-03-30 15:37:47 - [TEST_STEP][PASSED] - click(findTestObject("Object Repository/Inquiry_Status/Cek_DokumenResume/button_Resume Internal"), OPTIONAL): Object: 'Object Repository/Inquiry_Status/Cek_DokumenResume/button_Resume Internal' is clicked on

2022-03-30 15:37:47 - [MESSAGE][PASSED] - Object: 'Object Repository/Inquiry_Status/Cek_DokumenResume/button_Resume Internal' is clicked on

2022-03-30 15:37:47 - [TEST_STEP][PASSED] - delay(5): Delayed 5 second(s)

2022-03-30 15:37:52 - [MESSAGE][PASSED] - Delayed 5 second(s)

2022-03-30 15:37:52 - [TEST_STEP][PASSED] - takeFullPageScreenshotAsCheckpoint(userDir + sprint4WebScreenshootPath + "scenario-3-menu-resume-internal-pengajuan-1.png"): Taking screenshot successfully

2022-03-30 15:37:53 - [MESSAGE][INFO] - 0 hidden object(s)

2022-03-30 15:37:53 - [MESSAGE][PASSED] - Taking screenshot successfully
[[ATTACHMENT|D:\PROJECT\BCA\BCAF_MEAPP_i3\BCAF_MEAPP_i3\Screenshoot\Sprint4\Web\keyes\keyes-scenario-3-menu-resume-internal-pengajuan-1.png]]

2022-03-30 15:37:53 - [TEST_STEP][PASSED] - markPassed("scenario 3 - menu resume internal pengajuan-1"): scenario 3 - menu resume internal pengajuan-1

2022-03-30 15:37:53 - [MESSAGE][PASSED] - scenario 3 - menu resume internal pengajuan-1

2022-03-30 15:37:53 - [TEST_STEP][PASSED] - delay(5): Delayed 5 second(s)

2022-03-30 15:37:58 - [MESSAGE][PASSED] - Delayed 5 second(s)

2022-03-30 15:37:58 - [TEST_STEP][PASSED] - click(findTestObject("Object Repository/Inquiry_Status/Cek_DokumenResume/button_Anggaran Dasar Dan Perubahan"), OPTIONAL): Object: 'Object Repository/Inquiry_Status/Cek_DokumenResume/button_Anggaran Dasar Dan Perubahan' is clicked on

2022-03-30 15:37:59 - [MESSAGE][PASSED] - Object: 'Object Repository/Inquiry_Status/Cek_DokumenResume/button_Anggaran Dasar Dan Perubahan' is clicked on

2022-03-30 15:37:59 - [TEST_STEP][PASSED] - delay(5): Delayed 5 second(s)

2022-03-30 15:38:04 - [MESSAGE][PASSED] - Delayed 5 second(s)

2022-03-30 15:38:04 - [TEST_STEP][PASSED] - takeFullPageScreenshotAsCheckpoint(userDir + sprint4WebScreenshootPath + "scenario-3-menu-anggaran-dasar-dan-perubahan-pengajuan-1.png"): Taking screenshot successfully

2022-03-30 15:38:05 - [MESSAGE][INFO] - 0 hidden object(s)

2022-03-30 15:38:05 - [MESSAGE][PASSED] - Taking screenshot successfully
[[ATTACHMENT|D:\PROJECT\BCA\BCAF_MEAPP_i3\BCAF_MEAPP_i3\Screenshoot\Sprint4\Web\keyes\keyes-scenario-3-menu-anggaran-dasar-dan-perubahan-pengajuan-1.png]]

2022-03-30 15:38:05 - [TEST_STEP][PASSED] - markPassed("scenario 3 - menu anggaran dasar dan perubahan pengajuan-1"): scenario 3 - menu anggaran dasar dan perubahan pengajuan-1

2022-03-30 15:38:05 - [MESSAGE][PASSED] - scenario 3 - menu anggaran dasar dan perubahan pengajuan-1

2022-03-30 15:38:05 - [TEST_STEP][PASSED] - delay(5): Delayed 5 second(s)

2022-03-30 15:38:10 - [MESSAGE][PASSED] - Delayed 5 second(s)

2022-03-30 15:38:10 - [TEST_STEP][PASSED] - click(findTestObject("Object Repository/Inquiry_Status/Cek_DokumenResume/button_Pengurus"), OPTIONAL): Object: 'Object Repository/Inquiry_Status/Cek_DokumenResume/button_Pengurus' is clicked on

2022-03-30 15:38:11 - [MESSAGE][PASSED] - Object: 'Object Repository/Inquiry_Status/Cek_DokumenResume/button_Pengurus' is clicked on

2022-03-30 15:38:11 - [TEST_STEP][PASSED] - delay(5): Delayed 5 second(s)

2022-03-30 15:38:16 - [MESSAGE][PASSED] - Delayed 5 second(s)

2022-03-30 15:38:16 - [TEST_STEP][PASSED] - takeFullPageScreenshotAsCheckpoint(userDir + sprint4WebScreenshootPath + "scenario-3-menu-pengurus-pengajuan-1.png"): Taking screenshot successfully

2022-03-30 15:38:17 - [MESSAGE][INFO] - 0 hidden object(s)

2022-03-30 15:38:17 - [MESSAGE][PASSED] - Taking screenshot successfully
[[ATTACHMENT|D:\PROJECT\BCA\BCAF_MEAPP_i3\BCAF_MEAPP_i3\Screenshoot\Sprint4\Web\keyes\keyes-scenario-3-menu-pengurus-pengajuan-1.png]]

2022-03-30 15:38:17 - [TEST_STEP][PASSED] - markPassed("scenario 3 - menu pengurus pengajuan-1"): scenario 3 - menu pengurus pengajuan-1

2022-03-30 15:38:17 - [MESSAGE][PASSED] - scenario 3 - menu pengurus pengajuan-1

2022-03-30 15:38:17 - [TEST_STEP][PASSED] - delay(5): Delayed 5 second(s)

2022-03-30 15:38:22 - [MESSAGE][PASSED] - Delayed 5 second(s)

2022-03-30 15:38:22 - [TEST_STEP][PASSED] - click(findTestObject("Object Repository/Inquiry_Status/Cek_DokumenResume/button_Data Pendukung"), OPTIONAL): Object: 'Object Repository/Inquiry_Status/Cek_DokumenResume/button_Data Pendukung' is clicked on

2022-03-30 15:38:22 - [MESSAGE][PASSED] - Object: 'Object Repository/Inquiry_Status/Cek_DokumenResume/button_Data Pendukung' is clicked on

2022-03-30 15:38:22 - [TEST_STEP][PASSED] - delay(5): Delayed 5 second(s)

2022-03-30 15:38:27 - [MESSAGE][PASSED] - Delayed 5 second(s)

2022-03-30 15:38:27 - [TEST_STEP][PASSED] - takeFullPageScreenshotAsCheckpoint(userDir + sprint4WebScreenshootPath + "scenario-3-menu-data-pendukung-pengajuan-1.png"): Taking screenshot successfully

2022-03-30 15:38:28 - [MESSAGE][INFO] - 0 hidden object(s)

2022-03-30 15:38:29 - [MESSAGE][PASSED] - Taking screenshot successfully
[[ATTACHMENT|D:\PROJECT\BCA\BCAF_MEAPP_i3\BCAF_MEAPP_i3\Screenshoot\Sprint4\Web\keyes\keyes-scenario-3-menu-data-pendukung-pengajuan-1.png]]

2022-03-30 15:38:29 - [TEST_STEP][PASSED] - markPassed("scenario 3 - menu data pendukung pengajuan-1"): scenario 3 - menu data pendukung pengajuan-1

2022-03-30 15:38:29 - [MESSAGE][PASSED] - scenario 3 - menu data pendukung pengajuan-1

2022-03-30 15:38:29 - [TEST_STEP][PASSED] - delay(5): Delayed 5 second(s)

2022-03-30 15:38:34 - [MESSAGE][PASSED] - Delayed 5 second(s)

2022-03-30 15:38:34 - [TEST_STEP][PASSED] - scrollToElement(findTestObject("Object Repository/Inquiry_Status/Cek_DokumenResume/a_Back"), 60, OPTIONAL): Scroll to object 'Object Repository/Inquiry_Status/Cek_DokumenResume/a_Back' successfully

2022-03-30 15:38:34 - [MESSAGE][PASSED] - Scroll to object 'Object Repository/Inquiry_Status/Cek_DokumenResume/a_Back' successfully

2022-03-30 15:38:34 - [TEST_STEP][PASSED] - click(findTestObject("Object Repository/Inquiry_Status/Cek_DokumenResume/a_Back"), OPTIONAL): Object: 'Object Repository/Inquiry_Status/Cek_DokumenResume/a_Back' is clicked on

2022-03-30 15:38:35 - [MESSAGE][PASSED] - Object: 'Object Repository/Inquiry_Status/Cek_DokumenResume/a_Back' is clicked on

2022-03-30 15:38:35 - [TEST_STEP][PASSED] - delay(1): Delayed 1 second(s)

2022-03-30 15:38:36 - [MESSAGE][PASSED] - Delayed 1 second(s)

2022-03-30 15:38:36 - [TEST_STEP][PASSED] - setText(findTestObject("Object Repository/Inquiry_Status/input_Mobile ID  Application ID_form-control ng-untouched ng-pristine ng-valid"), id2, OPTIONAL): Text '4003911' is set on object 'Object Repository/Inquiry_Status/input_Mobile ID  Application ID_form-control ng-untouched ng-pristine ng-valid'

2022-03-30 15:38:36 - [MESSAGE][PASSED] - Text '4003911' is set on object 'Object Repository/Inquiry_Status/input_Mobile ID  Application ID_form-control ng-untouched ng-pristine ng-valid'

2022-03-30 15:38:36 - [TEST_STEP][PASSED] - delay(2): Delayed 2 second(s)

2022-03-30 15:38:38 - [MESSAGE][PASSED] - Delayed 2 second(s)

2022-03-30 15:38:38 - [TEST_STEP][PASSED] - click(findTestObject("Object Repository/Inquiry_Status/span_Search"), OPTIONAL): Object: 'Object Repository/Inquiry_Status/span_Search' is clicked on

2022-03-30 15:38:39 - [MESSAGE][PASSED] - Object: 'Object Repository/Inquiry_Status/span_Search' is clicked on

2022-03-30 15:38:39 - [TEST_STEP][PASSED] - takeFullPageScreenshotAsCheckpoint(userDir + sprint4WebScreenshootPath + "scenario-3-input-search-inquiry-status-data-pengajuan-2.png"): Taking screenshot successfully

2022-03-30 15:38:39 - [MESSAGE][INFO] - 0 hidden object(s)

2022-03-30 15:38:39 - [MESSAGE][PASSED] - Taking screenshot successfully
[[ATTACHMENT|D:\PROJECT\BCA\BCAF_MEAPP_i3\BCAF_MEAPP_i3\Screenshoot\Sprint4\Web\keyes\keyes-scenario-3-input-search-inquiry-status-data-pengajuan-2.png]]

2022-03-30 15:38:39 - [TEST_STEP][PASSED] - markPassed("scenario 3 - input search inquiry status data pengajuan 2"): scenario 3 - input search inquiry status data pengajuan 2

2022-03-30 15:38:39 - [MESSAGE][PASSED] - scenario 3 - input search inquiry status data pengajuan 2

2022-03-30 15:38:39 - [TEST_STEP][PASSED] - delay(2): Delayed 2 second(s)

2022-03-30 15:38:41 - [MESSAGE][PASSED] - Delayed 2 second(s)

2022-03-30 15:38:41 - [TEST_STEP][PASSED] - click(findTestObject("Object Repository/Inquiry_Status/Cek_DokumenResume/a_list"), OPTIONAL): Object: 'Object Repository/Inquiry_Status/Cek_DokumenResume/a_list' is clicked on

2022-03-30 15:38:42 - [MESSAGE][PASSED] - Object: 'Object Repository/Inquiry_Status/Cek_DokumenResume/a_list' is clicked on

2022-03-30 15:38:42 - [TEST_STEP][PASSED] - delay(1): Delayed 1 second(s)

2022-03-30 15:38:43 - [MESSAGE][PASSED] - Delayed 1 second(s)

2022-03-30 15:38:43 - [TEST_STEP][PASSED] - click(findTestObject("Object Repository/Inquiry_Status/Cek_DokumenResume/button_Resume"), OPTIONAL): Object: 'Object Repository/Inquiry_Status/Cek_DokumenResume/button_Resume' is clicked on

2022-03-30 15:38:44 - [MESSAGE][PASSED] - Object: 'Object Repository/Inquiry_Status/Cek_DokumenResume/button_Resume' is clicked on

2022-03-30 15:38:44 - [TEST_STEP][PASSED] - delay(5): Delayed 5 second(s)

2022-03-30 15:38:49 - [MESSAGE][PASSED] - Delayed 5 second(s)

2022-03-30 15:38:49 - [TEST_STEP][PASSED] - click(findTestObject("Object Repository/Inquiry_Status/Cek_DokumenResume/button_Resume Internal"), OPTIONAL): Object: 'Object Repository/Inquiry_Status/Cek_DokumenResume/button_Resume Internal' is clicked on

2022-03-30 15:38:49 - [MESSAGE][PASSED] - Object: 'Object Repository/Inquiry_Status/Cek_DokumenResume/button_Resume Internal' is clicked on

2022-03-30 15:38:49 - [TEST_STEP][PASSED] - delay(5): Delayed 5 second(s)

2022-03-30 15:38:54 - [MESSAGE][PASSED] - Delayed 5 second(s)

2022-03-30 15:38:54 - [TEST_STEP][PASSED] - takeFullPageScreenshotAsCheckpoint(userDir + sprint4WebScreenshootPath + "scenario-3-menu-resume-internal-pengajuan-2.png"): Taking screenshot successfully

2022-03-30 15:38:55 - [MESSAGE][INFO] - 0 hidden object(s)

2022-03-30 15:38:56 - [MESSAGE][PASSED] - Taking screenshot successfully
[[ATTACHMENT|D:\PROJECT\BCA\BCAF_MEAPP_i3\BCAF_MEAPP_i3\Screenshoot\Sprint4\Web\keyes\keyes-scenario-3-menu-resume-internal-pengajuan-2.png]]

2022-03-30 15:38:56 - [TEST_STEP][PASSED] - markPassed("scenario 3 - menu resume internal pengajuan-2"): scenario 3 - menu resume internal pengajuan-2

2022-03-30 15:38:56 - [MESSAGE][PASSED] - scenario 3 - menu resume internal pengajuan-2

2022-03-30 15:38:56 - [TEST_STEP][PASSED] - delay(5): Delayed 5 second(s)

2022-03-30 15:39:01 - [MESSAGE][PASSED] - Delayed 5 second(s)

2022-03-30 15:39:01 - [TEST_STEP][PASSED] - click(findTestObject("Object Repository/Inquiry_Status/Cek_DokumenResume/button_Anggaran Dasar Dan Perubahan"), OPTIONAL): Object: 'Object Repository/Inquiry_Status/Cek_DokumenResume/button_Anggaran Dasar Dan Perubahan' is clicked on

2022-03-30 15:39:01 - [MESSAGE][PASSED] - Object: 'Object Repository/Inquiry_Status/Cek_DokumenResume/button_Anggaran Dasar Dan Perubahan' is clicked on

2022-03-30 15:39:01 - [TEST_STEP][PASSED] - delay(5): Delayed 5 second(s)

2022-03-30 15:39:06 - [MESSAGE][PASSED] - Delayed 5 second(s)

2022-03-30 15:39:06 - [TEST_STEP][PASSED] - takeFullPageScreenshotAsCheckpoint(userDir + sprint4WebScreenshootPath + "scenario-3-menu-anggaran-dasar-dan-perubahan-pengajuan-2.png"): Taking screenshot successfully

2022-03-30 15:39:07 - [MESSAGE][INFO] - 0 hidden object(s)

2022-03-30 15:39:07 - [MESSAGE][PASSED] - Taking screenshot successfully
[[ATTACHMENT|D:\PROJECT\BCA\BCAF_MEAPP_i3\BCAF_MEAPP_i3\Screenshoot\Sprint4\Web\keyes\keyes-scenario-3-menu-anggaran-dasar-dan-perubahan-pengajuan-2.png]]

2022-03-30 15:39:07 - [TEST_STEP][PASSED] - markPassed("scenario 3 - menu anggaran dasar dan perubahan pengajuan-2"): scenario 3 - menu anggaran dasar dan perubahan pengajuan-2

2022-03-30 15:39:07 - [MESSAGE][PASSED] - scenario 3 - menu anggaran dasar dan perubahan pengajuan-2

2022-03-30 15:39:07 - [TEST_STEP][PASSED] - delay(5): Delayed 5 second(s)

2022-03-30 15:39:12 - [MESSAGE][PASSED] - Delayed 5 second(s)

2022-03-30 15:39:12 - [TEST_STEP][PASSED] - click(findTestObject("Object Repository/Inquiry_Status/Cek_DokumenResume/button_Pengurus"), OPTIONAL): Object: 'Object Repository/Inquiry_Status/Cek_DokumenResume/button_Pengurus' is clicked on

2022-03-30 15:39:13 - [MESSAGE][PASSED] - Object: 'Object Repository/Inquiry_Status/Cek_DokumenResume/button_Pengurus' is clicked on

2022-03-30 15:39:13 - [TEST_STEP][PASSED] - delay(5): Delayed 5 second(s)

2022-03-30 15:39:18 - [MESSAGE][PASSED] - Delayed 5 second(s)

2022-03-30 15:39:18 - [TEST_STEP][PASSED] - takeFullPageScreenshotAsCheckpoint(userDir + sprint4WebScreenshootPath + "scenario-3-menu-pengurus-pengajuan-2.png"): Taking screenshot successfully

2022-03-30 15:39:19 - [MESSAGE][INFO] - 0 hidden object(s)

2022-03-30 15:39:19 - [MESSAGE][PASSED] - Taking screenshot successfully
[[ATTACHMENT|D:\PROJECT\BCA\BCAF_MEAPP_i3\BCAF_MEAPP_i3\Screenshoot\Sprint4\Web\keyes\keyes-scenario-3-menu-pengurus-pengajuan-2.png]]

2022-03-30 15:39:19 - [TEST_STEP][PASSED] - markPassed("scenario 3 - menu pengurus pengajuan-2"): scenario 3 - menu pengurus pengajuan-2

2022-03-30 15:39:19 - [MESSAGE][PASSED] - scenario 3 - menu pengurus pengajuan-2

2022-03-30 15:39:19 - [TEST_STEP][PASSED] - delay(5): Delayed 5 second(s)

2022-03-30 15:39:24 - [MESSAGE][PASSED] - Delayed 5 second(s)

2022-03-30 15:39:24 - [TEST_STEP][PASSED] - click(findTestObject("Object Repository/Inquiry_Status/Cek_DokumenResume/button_Data Pendukung"), OPTIONAL): Object: 'Object Repository/Inquiry_Status/Cek_DokumenResume/button_Data Pendukung' is clicked on

2022-03-30 15:39:25 - [MESSAGE][PASSED] - Object: 'Object Repository/Inquiry_Status/Cek_DokumenResume/button_Data Pendukung' is clicked on

2022-03-30 15:39:25 - [TEST_STEP][PASSED] - delay(5): Delayed 5 second(s)

2022-03-30 15:39:30 - [MESSAGE][PASSED] - Delayed 5 second(s)

2022-03-30 15:39:30 - [TEST_STEP][PASSED] - takeFullPageScreenshotAsCheckpoint(userDir + sprint4WebScreenshootPath + "scenario-3-menu-data-pendukung-pengajuan-2.png"): Taking screenshot successfully

2022-03-30 15:39:31 - [MESSAGE][INFO] - 0 hidden object(s)

2022-03-30 15:39:31 - [MESSAGE][PASSED] - Taking screenshot successfully
[[ATTACHMENT|D:\PROJECT\BCA\BCAF_MEAPP_i3\BCAF_MEAPP_i3\Screenshoot\Sprint4\Web\keyes\keyes-scenario-3-menu-data-pendukung-pengajuan-2.png]]

2022-03-30 15:39:31 - [TEST_STEP][PASSED] - markPassed("scenario 3 - menu data pendukung pengajuan-2"): scenario 3 - menu data pendukung pengajuan-2

2022-03-30 15:39:31 - [MESSAGE][PASSED] - scenario 3 - menu data pendukung pengajuan-2

2022-03-30 15:39:31 - [TEST_STEP][PASSED] - delay(5): Delayed 5 second(s)

2022-03-30 15:39:36 - [MESSAGE][PASSED] - Delayed 5 second(s)

2022-03-30 15:39:36 - [TEST_STEP][PASSED] - scrollToElement(findTestObject("Object Repository/Inquiry_Status/Cek_DokumenResume/a_Back"), 60, OPTIONAL): Scroll to object 'Object Repository/Inquiry_Status/Cek_DokumenResume/a_Back' successfully

2022-03-30 15:39:36 - [MESSAGE][PASSED] - Scroll to object 'Object Repository/Inquiry_Status/Cek_DokumenResume/a_Back' successfully

2022-03-30 15:39:36 - [TEST_STEP][PASSED] - click(findTestObject("Object Repository/Inquiry_Status/Cek_DokumenResume/a_Back"), OPTIONAL): Object: 'Object Repository/Inquiry_Status/Cek_DokumenResume/a_Back' is clicked on

2022-03-30 15:39:37 - [MESSAGE][PASSED] - Object: 'Object Repository/Inquiry_Status/Cek_DokumenResume/a_Back' is clicked on

2022-03-30 15:39:37 - [TEST_STEP][PASSED] - delay(1): Delayed 1 second(s)

2022-03-30 15:39:38 - [MESSAGE][PASSED] - Delayed 1 second(s)

2022-03-30 15:39:38 - [TEST_STEP][PASSED] - setText(findTestObject("Object Repository/Inquiry_Status/input_Mobile ID  Application ID_form-control ng-untouched ng-pristine ng-valid"), id3, OPTIONAL): Text '4003914' is set on object 'Object Repository/Inquiry_Status/input_Mobile ID  Application ID_form-control ng-untouched ng-pristine ng-valid'

2022-03-30 15:39:38 - [MESSAGE][PASSED] - Text '4003914' is set on object 'Object Repository/Inquiry_Status/input_Mobile ID  Application ID_form-control ng-untouched ng-pristine ng-valid'

2022-03-30 15:39:38 - [TEST_STEP][PASSED] - delay(2): Delayed 2 second(s)

2022-03-30 15:39:40 - [MESSAGE][PASSED] - Delayed 2 second(s)

2022-03-30 15:39:40 - [TEST_STEP][PASSED] - click(findTestObject("Object Repository/Inquiry_Status/span_Search"), OPTIONAL): Object: 'Object Repository/Inquiry_Status/span_Search' is clicked on

2022-03-30 15:39:41 - [MESSAGE][PASSED] - Object: 'Object Repository/Inquiry_Status/span_Search' is clicked on

2022-03-30 15:39:41 - [TEST_STEP][PASSED] - takeFullPageScreenshotAsCheckpoint(userDir + sprint4WebScreenshootPath + "scenario-3-input-search-inquiry-status-data-pengajuan-3.png"): Taking screenshot successfully

2022-03-30 15:39:41 - [MESSAGE][INFO] - 0 hidden object(s)

2022-03-30 15:39:42 - [MESSAGE][PASSED] - Taking screenshot successfully
[[ATTACHMENT|D:\PROJECT\BCA\BCAF_MEAPP_i3\BCAF_MEAPP_i3\Screenshoot\Sprint4\Web\keyes\keyes-scenario-3-input-search-inquiry-status-data-pengajuan-3.png]]

2022-03-30 15:39:42 - [TEST_STEP][PASSED] - markPassed("scenario 3 - input search inquiry status data pengajuan 3"): scenario 3 - input search inquiry status data pengajuan 3

2022-03-30 15:39:42 - [MESSAGE][PASSED] - scenario 3 - input search inquiry status data pengajuan 3

2022-03-30 15:39:42 - [TEST_STEP][PASSED] - delay(2): Delayed 2 second(s)

2022-03-30 15:39:44 - [MESSAGE][PASSED] - Delayed 2 second(s)

2022-03-30 15:39:44 - [TEST_STEP][PASSED] - click(findTestObject("Object Repository/Inquiry_Status/Cek_DokumenResume/a_list"), OPTIONAL): Object: 'Object Repository/Inquiry_Status/Cek_DokumenResume/a_list' is clicked on

2022-03-30 15:39:44 - [MESSAGE][PASSED] - Object: 'Object Repository/Inquiry_Status/Cek_DokumenResume/a_list' is clicked on

2022-03-30 15:39:44 - [TEST_STEP][PASSED] - delay(1): Delayed 1 second(s)

2022-03-30 15:39:45 - [MESSAGE][PASSED] - Delayed 1 second(s)

2022-03-30 15:39:45 - [TEST_STEP][PASSED] - click(findTestObject("Object Repository/Inquiry_Status/Cek_DokumenResume/button_Resume"), OPTIONAL): Object: 'Object Repository/Inquiry_Status/Cek_DokumenResume/button_Resume' is clicked on

2022-03-30 15:39:46 - [MESSAGE][PASSED] - Object: 'Object Repository/Inquiry_Status/Cek_DokumenResume/button_Resume' is clicked on

2022-03-30 15:39:46 - [TEST_STEP][PASSED] - delay(5): Delayed 5 second(s)

2022-03-30 15:39:51 - [MESSAGE][PASSED] - Delayed 5 second(s)

2022-03-30 15:39:51 - [TEST_STEP][PASSED] - click(findTestObject("Object Repository/Inquiry_Status/Cek_DokumenResume/button_Resume Internal"), OPTIONAL): Object: 'Object Repository/Inquiry_Status/Cek_DokumenResume/button_Resume Internal' is clicked on

2022-03-30 15:39:51 - [MESSAGE][PASSED] - Object: 'Object Repository/Inquiry_Status/Cek_DokumenResume/button_Resume Internal' is clicked on

2022-03-30 15:39:51 - [TEST_STEP][PASSED] - delay(5): Delayed 5 second(s)

2022-03-30 15:39:56 - [MESSAGE][PASSED] - Delayed 5 second(s)

2022-03-30 15:39:56 - [TEST_STEP][PASSED] - takeFullPageScreenshotAsCheckpoint(userDir + sprint4WebScreenshootPath + "scenario-3-menu-resume-internal-pengajuan-3.png"): Taking screenshot successfully

2022-03-30 15:39:57 - [MESSAGE][INFO] - 0 hidden object(s)

2022-03-30 15:39:58 - [MESSAGE][PASSED] - Taking screenshot successfully
[[ATTACHMENT|D:\PROJECT\BCA\BCAF_MEAPP_i3\BCAF_MEAPP_i3\Screenshoot\Sprint4\Web\keyes\keyes-scenario-3-menu-resume-internal-pengajuan-3.png]]

2022-03-30 15:39:58 - [TEST_STEP][PASSED] - markPassed("scenario 3 - menu resume internal pengajuan-3"): scenario 3 - menu resume internal pengajuan-3

2022-03-30 15:39:58 - [MESSAGE][PASSED] - scenario 3 - menu resume internal pengajuan-3

2022-03-30 15:39:58 - [TEST_STEP][PASSED] - delay(5): Delayed 5 second(s)

2022-03-30 15:40:03 - [MESSAGE][PASSED] - Delayed 5 second(s)

2022-03-30 15:40:03 - [TEST_STEP][PASSED] - click(findTestObject("Object Repository/Inquiry_Status/Cek_DokumenResume/button_Anggaran Dasar Dan Perubahan"), OPTIONAL): Object: 'Object Repository/Inquiry_Status/Cek_DokumenResume/button_Anggaran Dasar Dan Perubahan' is clicked on

2022-03-30 15:40:03 - [MESSAGE][PASSED] - Object: 'Object Repository/Inquiry_Status/Cek_DokumenResume/button_Anggaran Dasar Dan Perubahan' is clicked on

2022-03-30 15:40:03 - [TEST_STEP][PASSED] - delay(5): Delayed 5 second(s)

2022-03-30 15:40:08 - [MESSAGE][PASSED] - Delayed 5 second(s)

2022-03-30 15:40:08 - [TEST_STEP][PASSED] - takeFullPageScreenshotAsCheckpoint(userDir + sprint4WebScreenshootPath + "scenario-3-menu-anggaran-dasar-dan-perubahan-pengajuan-3.png"): Taking screenshot successfully

2022-03-30 15:40:09 - [MESSAGE][INFO] - 0 hidden object(s)

2022-03-30 15:40:10 - [MESSAGE][PASSED] - Taking screenshot successfully
[[ATTACHMENT|D:\PROJECT\BCA\BCAF_MEAPP_i3\BCAF_MEAPP_i3\Screenshoot\Sprint4\Web\keyes\keyes-scenario-3-menu-anggaran-dasar-dan-perubahan-pengajuan-3.png]]

2022-03-30 15:40:10 - [TEST_STEP][PASSED] - markPassed("scenario 3 - menu anggaran dasar dan perubahan pengajuan-3"): scenario 3 - menu anggaran dasar dan perubahan pengajuan-3

2022-03-30 15:40:10 - [MESSAGE][PASSED] - scenario 3 - menu anggaran dasar dan perubahan pengajuan-3

2022-03-30 15:40:10 - [TEST_STEP][PASSED] - delay(5): Delayed 5 second(s)

2022-03-30 15:40:15 - [MESSAGE][PASSED] - Delayed 5 second(s)

2022-03-30 15:40:15 - [TEST_STEP][PASSED] - click(findTestObject("Object Repository/Inquiry_Status/Cek_DokumenResume/button_Pengurus"), OPTIONAL): Object: 'Object Repository/Inquiry_Status/Cek_DokumenResume/button_Pengurus' is clicked on

2022-03-30 15:40:15 - [MESSAGE][PASSED] - Object: 'Object Repository/Inquiry_Status/Cek_DokumenResume/button_Pengurus' is clicked on

2022-03-30 15:40:15 - [TEST_STEP][PASSED] - delay(5): Delayed 5 second(s)

2022-03-30 15:40:20 - [MESSAGE][PASSED] - Delayed 5 second(s)

2022-03-30 15:40:20 - [TEST_STEP][PASSED] - takeFullPageScreenshotAsCheckpoint(userDir + sprint4WebScreenshootPath + "scenario-3-menu-pengurus-pengajuan-3.png"): Taking screenshot successfully

2022-03-30 15:40:21 - [MESSAGE][INFO] - 0 hidden object(s)

2022-03-30 15:40:21 - [MESSAGE][PASSED] - Taking screenshot successfully
[[ATTACHMENT|D:\PROJECT\BCA\BCAF_MEAPP_i3\BCAF_MEAPP_i3\Screenshoot\Sprint4\Web\keyes\keyes-scenario-3-menu-pengurus-pengajuan-3.png]]

2022-03-30 15:40:21 - [TEST_STEP][PASSED] - markPassed("scenario 3 - menu pengurus pengajuan-3"): scenario 3 - menu pengurus pengajuan-3

2022-03-30 15:40:21 - [MESSAGE][PASSED] - scenario 3 - menu pengurus pengajuan-3

2022-03-30 15:40:21 - [TEST_STEP][PASSED] - delay(5): Delayed 5 second(s)

2022-03-30 15:40:26 - [MESSAGE][PASSED] - Delayed 5 second(s)

2022-03-30 15:40:26 - [TEST_STEP][PASSED] - click(findTestObject("Object Repository/Inquiry_Status/Cek_DokumenResume/button_Data Pendukung"), OPTIONAL): Object: 'Object Repository/Inquiry_Status/Cek_DokumenResume/button_Data Pendukung' is clicked on

2022-03-30 15:40:27 - [MESSAGE][PASSED] - Object: 'Object Repository/Inquiry_Status/Cek_DokumenResume/button_Data Pendukung' is clicked on

2022-03-30 15:40:27 - [TEST_STEP][PASSED] - delay(5): Delayed 5 second(s)

2022-03-30 15:40:32 - [MESSAGE][PASSED] - Delayed 5 second(s)

2022-03-30 15:40:32 - [TEST_STEP][PASSED] - takeFullPageScreenshotAsCheckpoint(userDir + sprint4WebScreenshootPath + "scenario-3-menu-data-pendukung-pengajuan-3.png"): Taking screenshot successfully

2022-03-30 15:40:33 - [MESSAGE][INFO] - 0 hidden object(s)

2022-03-30 15:40:33 - [MESSAGE][PASSED] - Taking screenshot successfully
[[ATTACHMENT|D:\PROJECT\BCA\BCAF_MEAPP_i3\BCAF_MEAPP_i3\Screenshoot\Sprint4\Web\keyes\keyes-scenario-3-menu-data-pendukung-pengajuan-3.png]]

2022-03-30 15:40:33 - [TEST_STEP][PASSED] - markPassed("scenario 3 - menu data pendukung pengajuan-3"): scenario 3 - menu data pendukung pengajuan-3

2022-03-30 15:40:33 - [MESSAGE][PASSED] - scenario 3 - menu data pendukung pengajuan-3

2022-03-30 15:40:33 - [TEST_STEP][PASSED] - delay(5): Delayed 5 second(s)

2022-03-30 15:40:38 - [MESSAGE][PASSED] - Delayed 5 second(s)

2022-03-30 15:40:38 - [TEST_STEP][PASSED] - scrollToElement(findTestObject("Object Repository/Inquiry_Status/Cek_DokumenResume/a_Back"), 60, OPTIONAL): Scroll to object 'Object Repository/Inquiry_Status/Cek_DokumenResume/a_Back' successfully

2022-03-30 15:40:39 - [MESSAGE][PASSED] - Scroll to object 'Object Repository/Inquiry_Status/Cek_DokumenResume/a_Back' successfully

2022-03-30 15:40:39 - [TEST_STEP][PASSED] - click(findTestObject("Object Repository/Inquiry_Status/Cek_DokumenResume/a_Back"), OPTIONAL): Object: 'Object Repository/Inquiry_Status/Cek_DokumenResume/a_Back' is clicked on

2022-03-30 15:40:39 - [MESSAGE][PASSED] - Object: 'Object Repository/Inquiry_Status/Cek_DokumenResume/a_Back' is clicked on]]></system-out>
         <system-err><![CDATA[]]></system-err>
      </testcase>
      <testcase name="Test Cases/Sprint 4/Skenario 4/04-01-Transaction-AppBaru-InisiasiKonsumenBaru" time="71.699" classname="Test Cases/Sprint 4/Skenario 4/04-01-Transaction-AppBaru-InisiasiKonsumenBaru" status="PASSED">
         <system-out><![CDATA[2022-03-30 15:40:39 - [TEST_CASE][PASSED] - Test Cases/Sprint 4/Skenario 4/04-01-Transaction-AppBaru-InisiasiKonsumenBaru: Test Cases/Sprint 4/Skenario 4/04-01-Transaction-AppBaru-InisiasiKonsumenBaru

2022-03-30 15:40:39 - [TEST_STEP][PASSED] - robot = new java.awt.Robot(): null

2022-03-30 15:40:39 - [TEST_STEP][PASSED] - userDir = getProjectDir(): null

2022-03-30 15:40:39 - [TEST_STEP][PASSED] - openBrowser(""): Browser is opened with url: ''

2022-03-30 15:40:39 - [MESSAGE][WARNING] - A browser is already opened. Closing browser and opening a new one

2022-03-30 15:40:40 - [MESSAGE][INFO] - Starting 'Chrome' driver

2022-03-30 15:40:40 - [MESSAGE][INFO] - Action delay is set to 0 milliseconds

2022-03-30 15:40:41 - [MESSAGE][PASSED] - Browser is opened with url: ''

2022-03-30 15:40:41 - [TEST_STEP][PASSED] - driver = getWebDriver(): null

2022-03-30 15:40:41 - [TEST_STEP][PASSED] - navigateToUrl(ME_url): Navigate to 'https://mecorporate.idofocus.co.id:25443/login' successfully

2022-03-30 15:40:42 - [MESSAGE][PASSED] - Navigate to 'https://mecorporate.idofocus.co.id:25443/login' successfully

2022-03-30 15:40:42 - [TEST_STEP][PASSED] - maximizeWindow(): Current window maximized

2022-03-30 15:40:42 - [MESSAGE][PASSED] - Current window maximized

2022-03-30 15:40:42 - [TEST_STEP][PASSED] - delay(5): Delayed 5 second(s)

2022-03-30 15:40:47 - [MESSAGE][PASSED] - Delayed 5 second(s)

2022-03-30 15:40:47 - [TEST_STEP][PASSED] - setText(findTestObject("MEApp_AppBaru_InisiasiKonsumen/input_User ID_login"), CMO): Text '20190364' is set on object 'Object Repository/MEApp_AppBaru_InisiasiKonsumen/input_User ID_login'

2022-03-30 15:40:48 - [MESSAGE][PASSED] - Text '20190364' is set on object 'Object Repository/MEApp_AppBaru_InisiasiKonsumen/input_User ID_login'

2022-03-30 15:40:48 - [TEST_STEP][PASSED] - setText(findTestObject("MEApp_AppBaru_InisiasiKonsumen/input_User Password_login"), password): Text 'Mobile123+' is set on object 'Object Repository/MEApp_AppBaru_InisiasiKonsumen/input_User Password_login'

2022-03-30 15:40:49 - [MESSAGE][PASSED] - Text 'Mobile123+' is set on object 'Object Repository/MEApp_AppBaru_InisiasiKonsumen/input_User Password_login'

2022-03-30 15:40:49 - [TEST_STEP][PASSED] - takeFullPageScreenshotAsCheckpoint(userDir + sprint4WebScreenshootPath + "scenario-4-aplikasi-baru-login.png"): Taking screenshot successfully

2022-03-30 15:40:49 - [MESSAGE][INFO] - 0 hidden object(s)

2022-03-30 15:40:49 - [MESSAGE][PASSED] - Taking screenshot successfully
[[ATTACHMENT|D:\PROJECT\BCA\BCAF_MEAPP_i3\BCAF_MEAPP_i3\Screenshoot\Sprint4\Web\keyes\keyes-scenario-4-aplikasi-baru-login.png]]

2022-03-30 15:40:49 - [TEST_STEP][PASSED] - markPassed("scenario 4 - Memastikan login berhasil"): scenario 4 - Memastikan login berhasil

2022-03-30 15:40:49 - [MESSAGE][PASSED] - scenario 4 - Memastikan login berhasil

2022-03-30 15:40:49 - [TEST_STEP][PASSED] - click(findTestObject("MEApp_AppBaru_InisiasiKonsumen/button_Login")): Object: 'Object Repository/MEApp_AppBaru_InisiasiKonsumen/button_Login' is clicked on

2022-03-30 15:40:50 - [MESSAGE][PASSED] - Object: 'Object Repository/MEApp_AppBaru_InisiasiKonsumen/button_Login' is clicked on

2022-03-30 15:40:50 - [TEST_STEP][PASSED] - delay(2): Delayed 2 second(s)

2022-03-30 15:40:52 - [MESSAGE][PASSED] - Delayed 2 second(s)

2022-03-30 15:40:52 - [TEST_STEP][PASSED] - verifyElementPresent(findTestObject("MEApp_AppBaru_InisiasiKonsumen/span_Transaksi"), 0): Object 'Object Repository/MEApp_AppBaru_InisiasiKonsumen/span_Transaksi' is present

2022-03-30 15:40:52 - [MESSAGE][WARNING] - Timeout '0' is invalid. Using default page load timeout: '30'

2022-03-30 15:40:52 - [MESSAGE][PASSED] - Object 'Object Repository/MEApp_AppBaru_InisiasiKonsumen/span_Transaksi' is present

2022-03-30 15:40:52 - [TEST_STEP][PASSED] - click(findTestObject("MEApp_AppBaru_InisiasiKonsumen/span_Transaksi")): Object: 'Object Repository/MEApp_AppBaru_InisiasiKonsumen/span_Transaksi' is clicked on

2022-03-30 15:40:52 - [MESSAGE][PASSED] - Object: 'Object Repository/MEApp_AppBaru_InisiasiKonsumen/span_Transaksi' is clicked on

2022-03-30 15:40:52 - [TEST_STEP][PASSED] - delay(1): Delayed 1 second(s)

2022-03-30 15:40:53 - [MESSAGE][PASSED] - Delayed 1 second(s)

2022-03-30 15:40:53 - [TEST_STEP][PASSED] - click(findTestObject("MEApp_AppBaru_InisiasiKonsumen/span_Aplikasi Baru")): Object: 'Object Repository/MEApp_AppBaru_InisiasiKonsumen/span_Aplikasi Baru' is clicked on

2022-03-30 15:40:54 - [MESSAGE][PASSED] - Object: 'Object Repository/MEApp_AppBaru_InisiasiKonsumen/span_Aplikasi Baru' is clicked on

2022-03-30 15:40:54 - [TEST_STEP][PASSED] - delay(1): Delayed 1 second(s)

2022-03-30 15:40:55 - [MESSAGE][PASSED] - Delayed 1 second(s)

2022-03-30 15:40:55 - [TEST_STEP][PASSED] - takeFullPageScreenshotAsCheckpoint(userDir + sprint4WebScreenshootPath + "scenario-4-memilih-button-transaksi-dan-aplikasi-baru.png"): Taking screenshot successfully

2022-03-30 15:40:55 - [MESSAGE][INFO] - 0 hidden object(s)

2022-03-30 15:40:56 - [MESSAGE][PASSED] - Taking screenshot successfully
[[ATTACHMENT|D:\PROJECT\BCA\BCAF_MEAPP_i3\BCAF_MEAPP_i3\Screenshoot\Sprint4\Web\keyes\keyes-scenario-4-memilih-button-transaksi-dan-aplikasi-baru.png]]

2022-03-30 15:40:56 - [TEST_STEP][PASSED] - markPassed("scenario 4 - Memilih button transaksi dan aplikasi baru"): scenario 4 - Memilih button transaksi dan aplikasi baru

2022-03-30 15:40:56 - [MESSAGE][PASSED] - scenario 4 - Memilih button transaksi dan aplikasi baru

2022-03-30 15:40:56 - [TEST_STEP][PASSED] - click(findTestObject("MEApp_AppBaru_InisiasiKonsumen/input_perorangan_radios-apptype")): Object: 'Object Repository/MEApp_AppBaru_InisiasiKonsumen/input_perorangan_radios-apptype' is clicked on

2022-03-30 15:40:56 - [MESSAGE][PASSED] - Object: 'Object Repository/MEApp_AppBaru_InisiasiKonsumen/input_perorangan_radios-apptype' is clicked on

2022-03-30 15:40:56 - [TEST_STEP][PASSED] - delay(1): Delayed 1 second(s)

2022-03-30 15:40:57 - [MESSAGE][PASSED] - Delayed 1 second(s)

2022-03-30 15:40:57 - [TEST_STEP][PASSED] - click(findTestObject("MEApp_AppBaru_InisiasiKonsumen/input_korporasi_radios-apptype")): Object: 'Object Repository/MEApp_AppBaru_InisiasiKonsumen/input_korporasi_radios-apptype' is clicked on

2022-03-30 15:40:57 - [MESSAGE][PASSED] - Object: 'Object Repository/MEApp_AppBaru_InisiasiKonsumen/input_korporasi_radios-apptype' is clicked on

2022-03-30 15:40:57 - [TEST_STEP][PASSED] - delay(1): Delayed 1 second(s)

2022-03-30 15:40:58 - [MESSAGE][PASSED] - Delayed 1 second(s)

2022-03-30 15:40:58 - [TEST_STEP][PASSED] - click(findTestObject("MEApp_AppBaru_InisiasiKonsumen/input-badanusaha")): Object: 'Object Repository/MEApp_AppBaru_InisiasiKonsumen/input-badanusaha' is clicked on

2022-03-30 15:40:59 - [MESSAGE][PASSED] - Object: 'Object Repository/MEApp_AppBaru_InisiasiKonsumen/input-badanusaha' is clicked on

2022-03-30 15:40:59 - [TEST_STEP][PASSED] - delay(1): Delayed 1 second(s)

2022-03-30 15:41:00 - [MESSAGE][PASSED] - Delayed 1 second(s)

2022-03-30 15:41:00 - [TEST_STEP][PASSED] - setText(findTestObject("MEApp_AppBaru_InisiasiKonsumen/input-badanusaha"), "Perseroan Terbatas ( PT. , NV. , LTD. )"): Text 'Perseroan Terbatas ( PT. , NV. , LTD. )' is set on object 'Object Repository/MEApp_AppBaru_InisiasiKonsumen/input-badanusaha'

2022-03-30 15:41:00 - [MESSAGE][PASSED] - Text 'Perseroan Terbatas ( PT. , NV. , LTD. )' is set on object 'Object Repository/MEApp_AppBaru_InisiasiKonsumen/input-badanusaha'

2022-03-30 15:41:00 - [TEST_STEP][PASSED] - delay(1): Delayed 1 second(s)

2022-03-30 15:41:01 - [MESSAGE][PASSED] - Delayed 1 second(s)

2022-03-30 15:41:01 - [TEST_STEP][PASSED] - takeFullPageScreenshotAsCheckpoint(userDir + sprint4WebScreenshootPath + "scenario-4-input-badan-usaha.png"): Taking screenshot successfully

2022-03-30 15:41:02 - [MESSAGE][INFO] - 0 hidden object(s)

2022-03-30 15:41:02 - [MESSAGE][PASSED] - Taking screenshot successfully
[[ATTACHMENT|D:\PROJECT\BCA\BCAF_MEAPP_i3\BCAF_MEAPP_i3\Screenshoot\Sprint4\Web\keyes\keyes-scenario-4-input-badan-usaha.png]]

2022-03-30 15:41:02 - [TEST_STEP][PASSED] - markPassed("scenario 4 - Input badan usaha"): scenario 4 - Input badan usaha

2022-03-30 15:41:02 - [MESSAGE][PASSED] - scenario 4 - Input badan usaha

2022-03-30 15:41:02 - [TEST_STEP][PASSED] - delay(2): Delayed 2 second(s)

2022-03-30 15:41:04 - [MESSAGE][PASSED] - Delayed 2 second(s)

2022-03-30 15:41:04 - [TEST_STEP][PASSED] - click(findTestObject("MEApp_AppBaru_InisiasiKonsumen/span_Perseroan Terbatas ( PT. , NV. , LTD. )")): Object: 'Object Repository/MEApp_AppBaru_InisiasiKonsumen/span_Perseroan Terbatas ( PT. , NV. , LTD. )' is clicked on

2022-03-30 15:41:04 - [MESSAGE][PASSED] - Object: 'Object Repository/MEApp_AppBaru_InisiasiKonsumen/span_Perseroan Terbatas ( PT. , NV. , LTD. )' is clicked on

2022-03-30 15:41:04 - [TEST_STEP][PASSED] - delay(2): Delayed 2 second(s)

2022-03-30 15:41:06 - [MESSAGE][PASSED] - Delayed 2 second(s)

2022-03-30 15:41:06 - [TEST_STEP][PASSED] - takeFullPageScreenshotAsCheckpoint(userDir + sprint4WebScreenshootPath + "scenario-4-page-sebelum-input-capture.png"): Taking screenshot successfully

2022-03-30 15:41:07 - [MESSAGE][INFO] - 0 hidden object(s)

2022-03-30 15:41:07 - [MESSAGE][PASSED] - Taking screenshot successfully
[[ATTACHMENT|D:\PROJECT\BCA\BCAF_MEAPP_i3\BCAF_MEAPP_i3\Screenshoot\Sprint4\Web\keyes\keyes-scenario-4-page-sebelum-input-capture.png]]

2022-03-30 15:41:07 - [TEST_STEP][PASSED] - markPassed("scenario 4 - Sebelum input capture npwp + SIUP + TDP"): scenario 4 - Sebelum input capture npwp + SIUP + TDP

2022-03-30 15:41:07 - [MESSAGE][PASSED] - scenario 4 - Sebelum input capture npwp + SIUP + TDP

2022-03-30 15:41:07 - [TEST_STEP][PASSED] - delay(2): Delayed 2 second(s)

2022-03-30 15:41:09 - [MESSAGE][PASSED] - Delayed 2 second(s)

2022-03-30 15:41:09 - [TEST_STEP][PASSED] - click(findTestObject("MEApp_AppBaru_InisiasiKonsumen/button_Capture_npwp")): Object: 'Object Repository/MEApp_AppBaru_InisiasiKonsumen/button_Capture_npwp' is clicked on

2022-03-30 15:41:10 - [MESSAGE][PASSED] - Object: 'Object Repository/MEApp_AppBaru_InisiasiKonsumen/button_Capture_npwp' is clicked on

2022-03-30 15:41:10 - [TEST_STEP][PASSED] - delay(2): Delayed 2 second(s)

2022-03-30 15:41:12 - [MESSAGE][PASSED] - Delayed 2 second(s)

2022-03-30 15:41:12 - [TEST_STEP][PASSED] - uploadFile(findTestObject("MEApp_AppBaru_InisiasiKonsumen/Capture_"), userDir + pathfinder_npwp): File 'D:/PROJECT/BCA/BCAF_MEAPP_i3/BCAF_MEAPP_i3/Assets/npwp-dummy.jpg' sent to object: 'Object Repository/MEApp_AppBaru_InisiasiKonsumen/Capture_'

2022-03-30 15:41:12 - [MESSAGE][PASSED] - File 'D:/PROJECT/BCA/BCAF_MEAPP_i3/BCAF_MEAPP_i3/Assets/npwp-dummy.jpg' sent to object: 'Object Repository/MEApp_AppBaru_InisiasiKonsumen/Capture_'

2022-03-30 15:41:12 - [TEST_STEP][PASSED] - waitForElementPresent(findTestObject("MEApp_AppBaru_InisiasiKonsumen/button_NPWP"), 0): Object 'Object Repository/MEApp_AppBaru_InisiasiKonsumen/button_NPWP' is present

2022-03-30 15:41:12 - [MESSAGE][WARNING] - Timeout '0' is invalid. Using default page load timeout: '30'

2022-03-30 15:41:15 - [MESSAGE][PASSED] - Object 'Object Repository/MEApp_AppBaru_InisiasiKonsumen/button_NPWP' is present

2022-03-30 15:41:15 - [TEST_STEP][PASSED] - setText(findTestObject("MEApp_AppBaru_InisiasiKonsumen/input_NPWP No fix"), NPWP_Cancel): Text '032792012047000' is set on object 'Object Repository/MEApp_AppBaru_InisiasiKonsumen/input_NPWP No fix'

2022-03-30 15:41:15 - [MESSAGE][PASSED] - Text '032792012047000' is set on object 'Object Repository/MEApp_AppBaru_InisiasiKonsumen/input_NPWP No fix'

2022-03-30 15:41:15 - [TEST_STEP][PASSED] - delay(1): Delayed 1 second(s)

2022-03-30 15:41:16 - [MESSAGE][PASSED] - Delayed 1 second(s)

2022-03-30 15:41:16 - [TEST_STEP][PASSED] - setText(findTestObject("MEApp_AppBaru_InisiasiKonsumen/input_Name fix"), CN_Cancel): Text 'ARMITNIA NEERAA     T ' is set on object 'Object Repository/MEApp_AppBaru_InisiasiKonsumen/input_Name fix'

2022-03-30 15:41:17 - [MESSAGE][PASSED] - Text 'ARMITNIA NEERAA     T ' is set on object 'Object Repository/MEApp_AppBaru_InisiasiKonsumen/input_Name fix'

2022-03-30 15:41:17 - [TEST_STEP][PASSED] - click(findTestObject("MEApp_AppBaru_InisiasiKonsumen/button_Capture_siupfix")): Object: 'Object Repository/MEApp_AppBaru_InisiasiKonsumen/button_Capture_siupfix' is clicked on

2022-03-30 15:41:17 - [MESSAGE][PASSED] - Object: 'Object Repository/MEApp_AppBaru_InisiasiKonsumen/button_Capture_siupfix' is clicked on

2022-03-30 15:41:17 - [TEST_STEP][PASSED] - delay(2): Delayed 2 second(s)

2022-03-30 15:41:19 - [MESSAGE][PASSED] - Delayed 2 second(s)

2022-03-30 15:41:19 - [TEST_STEP][PASSED] - uploadFile(findTestObject("MEApp_AppBaru_InisiasiKonsumen/Capture_"), userDir + pathfinder_siup): File 'D:/PROJECT/BCA/BCAF_MEAPP_i3/BCAF_MEAPP_i3/Assets/siup-dummy.jpg' sent to object: 'Object Repository/MEApp_AppBaru_InisiasiKonsumen/Capture_'

2022-03-30 15:41:20 - [MESSAGE][PASSED] - File 'D:/PROJECT/BCA/BCAF_MEAPP_i3/BCAF_MEAPP_i3/Assets/siup-dummy.jpg' sent to object: 'Object Repository/MEApp_AppBaru_InisiasiKonsumen/Capture_'

2022-03-30 15:41:20 - [TEST_STEP][PASSED] - delay(2): Delayed 2 second(s)

2022-03-30 15:41:22 - [MESSAGE][PASSED] - Delayed 2 second(s)

2022-03-30 15:41:22 - [TEST_STEP][PASSED] - click(findTestObject("MEApp_AppBaru_InisiasiKonsumen/button_Capture_TDP")): Object: 'Object Repository/MEApp_AppBaru_InisiasiKonsumen/button_Capture_TDP' is clicked on

2022-03-30 15:41:22 - [MESSAGE][PASSED] - Object: 'Object Repository/MEApp_AppBaru_InisiasiKonsumen/button_Capture_TDP' is clicked on

2022-03-30 15:41:22 - [TEST_STEP][PASSED] - delay(2): Delayed 2 second(s)

2022-03-30 15:41:24 - [MESSAGE][PASSED] - Delayed 2 second(s)

2022-03-30 15:41:24 - [TEST_STEP][PASSED] - uploadFile(findTestObject("MEApp_AppBaru_InisiasiKonsumen/Capture_"), userDir + pathfinder_tdp): File 'D:/PROJECT/BCA/BCAF_MEAPP_i3/BCAF_MEAPP_i3/Assets/tdp-dummy.jpg' sent to object: 'Object Repository/MEApp_AppBaru_InisiasiKonsumen/Capture_'

2022-03-30 15:41:24 - [MESSAGE][PASSED] - File 'D:/PROJECT/BCA/BCAF_MEAPP_i3/BCAF_MEAPP_i3/Assets/tdp-dummy.jpg' sent to object: 'Object Repository/MEApp_AppBaru_InisiasiKonsumen/Capture_'

2022-03-30 15:41:24 - [TEST_STEP][PASSED] - delay(2): Delayed 2 second(s)

2022-03-30 15:41:26 - [MESSAGE][PASSED] - Delayed 2 second(s)

2022-03-30 15:41:26 - [TEST_STEP][PASSED] - takeFullPageScreenshotAsCheckpoint(userDir + sprint4WebScreenshootPath + "scenario-4-Capture-npwp-siup-tdp.png"): Taking screenshot successfully

2022-03-30 15:41:27 - [MESSAGE][INFO] - 0 hidden object(s)

2022-03-30 15:41:27 - [MESSAGE][PASSED] - Taking screenshot successfully
[[ATTACHMENT|D:\PROJECT\BCA\BCAF_MEAPP_i3\BCAF_MEAPP_i3\Screenshoot\Sprint4\Web\keyes\keyes-scenario-4-Capture-npwp-siup-tdp.png]]

2022-03-30 15:41:27 - [TEST_STEP][PASSED] - markPassed("scenario 4 - Capture NPWP + SIUP + TDP"): scenario 4 - Capture NPWP + SIUP + TDP

2022-03-30 15:41:27 - [MESSAGE][PASSED] - scenario 4 - Capture NPWP + SIUP + TDP

2022-03-30 15:41:27 - [TEST_STEP][PASSED] - delay(2): Delayed 2 second(s)

2022-03-30 15:41:29 - [MESSAGE][PASSED] - Delayed 2 second(s)

2022-03-30 15:41:29 - [TEST_STEP][PASSED] - click(findTestObject("MEApp_AppBaru_InisiasiKonsumen/input_Ada Perubahan Data Tidak")): Object: 'Object Repository/MEApp_AppBaru_InisiasiKonsumen/input_Ada Perubahan Data Tidak' is clicked on

2022-03-30 15:41:30 - [MESSAGE][PASSED] - Object: 'Object Repository/MEApp_AppBaru_InisiasiKonsumen/input_Ada Perubahan Data Tidak' is clicked on

2022-03-30 15:41:30 - [TEST_STEP][PASSED] - delay(1): Delayed 1 second(s)

2022-03-30 15:41:31 - [MESSAGE][PASSED] - Delayed 1 second(s)

2022-03-30 15:41:31 - [TEST_STEP][PASSED] - click(findTestObject("MEApp_AppBaru_InisiasiKonsumen/input_Ada Perubahan Data YA")): Object: 'Object Repository/MEApp_AppBaru_InisiasiKonsumen/input_Ada Perubahan Data YA' is clicked on

2022-03-30 15:41:31 - [MESSAGE][PASSED] - Object: 'Object Repository/MEApp_AppBaru_InisiasiKonsumen/input_Ada Perubahan Data YA' is clicked on

2022-03-30 15:41:31 - [TEST_STEP][PASSED] - delay(1): Delayed 1 second(s)

2022-03-30 15:41:32 - [MESSAGE][PASSED] - Delayed 1 second(s)

2022-03-30 15:41:32 - [TEST_STEP][PASSED] - takeFullPageScreenshotAsCheckpoint(userDir + sprint4WebScreenshootPath + "scenario-4-Memilih-Radio-Button-Perubahan-Data.png"): Taking screenshot successfully

2022-03-30 15:41:33 - [MESSAGE][INFO] - 0 hidden object(s)

2022-03-30 15:41:33 - [MESSAGE][PASSED] - Taking screenshot successfully
[[ATTACHMENT|D:\PROJECT\BCA\BCAF_MEAPP_i3\BCAF_MEAPP_i3\Screenshoot\Sprint4\Web\keyes\keyes-scenario-4-Memilih-Radio-Button-Perubahan-Data.png]]

2022-03-30 15:41:33 - [TEST_STEP][PASSED] - markPassed("scenario 4 - Memilih Radio Button Perubahan Data"): scenario 4 - Memilih Radio Button Perubahan Data

2022-03-30 15:41:33 - [MESSAGE][PASSED] - scenario 4 - Memilih Radio Button Perubahan Data

2022-03-30 15:41:33 - [TEST_STEP][PASSED] - delay(2): Delayed 2 second(s)

2022-03-30 15:41:35 - [MESSAGE][PASSED] - Delayed 2 second(s)

2022-03-30 15:41:35 - [TEST_STEP][PASSED] - click(findTestObject("MEApp_AppBaru_InisiasiKonsumen/button_Prosesfix")): Object: 'Object Repository/MEApp_AppBaru_InisiasiKonsumen/button_Prosesfix' is clicked on

2022-03-30 15:41:36 - [MESSAGE][PASSED] - Object: 'Object Repository/MEApp_AppBaru_InisiasiKonsumen/button_Prosesfix' is clicked on

2022-03-30 15:41:36 - [TEST_STEP][PASSED] - delay(2): Delayed 2 second(s)

2022-03-30 15:41:38 - [MESSAGE][PASSED] - Delayed 2 second(s)

2022-03-30 15:41:38 - [TEST_STEP][PASSED] - waitForElementPresent(findTestObject("MEApp_AppBaru_InisiasiKonsumen/AplikasiBaruMatching"), 300): Object 'Object Repository/MEApp_AppBaru_InisiasiKonsumen/AplikasiBaruMatching' is present

2022-03-30 15:41:40 - [MESSAGE][PASSED] - Object 'Object Repository/MEApp_AppBaru_InisiasiKonsumen/AplikasiBaruMatching' is present

2022-03-30 15:41:40 - [TEST_STEP][PASSED] - takeFullPageScreenshotAsCheckpoint(userDir + sprint4WebScreenshootPath + "scenario-4-Masuk-aplikasi-matching.png"): Taking screenshot successfully

2022-03-30 15:41:40 - [MESSAGE][INFO] - 0 hidden object(s)

2022-03-30 15:41:40 - [MESSAGE][PASSED] - Taking screenshot successfully
[[ATTACHMENT|D:\PROJECT\BCA\BCAF_MEAPP_i3\BCAF_MEAPP_i3\Screenshoot\Sprint4\Web\keyes\keyes-scenario-4-Masuk-aplikasi-matching.png]]

2022-03-30 15:41:40 - [TEST_STEP][PASSED] - markPassed("scenario 4 - Masuk aplikasi matching"): scenario 4 - Masuk aplikasi matching

2022-03-30 15:41:40 - [MESSAGE][PASSED] - scenario 4 - Masuk aplikasi matching

2022-03-30 15:41:40 - [TEST_STEP][PASSED] - delay(2): Delayed 2 second(s)

2022-03-30 15:41:42 - [MESSAGE][PASSED] - Delayed 2 second(s)

2022-03-30 15:41:42 - [TEST_STEP][PASSED] - click(findTestObject("MEApp_AppBaru_InisiasiKonsumen/a_Ok")): Object: 'Object Repository/MEApp_AppBaru_InisiasiKonsumen/a_Ok' is clicked on

2022-03-30 15:41:43 - [MESSAGE][PASSED] - Object: 'Object Repository/MEApp_AppBaru_InisiasiKonsumen/a_Ok' is clicked on

2022-03-30 15:41:43 - [TEST_STEP][PASSED] - delay(1): Delayed 1 second(s)

2022-03-30 15:41:44 - [MESSAGE][PASSED] - Delayed 1 second(s)

2022-03-30 15:41:44 - [TEST_STEP][PASSED] - click(findTestObject("MEApp_AppBaru_InisiasiKonsumen/button_Ya")): Object: 'Object Repository/MEApp_AppBaru_InisiasiKonsumen/button_Ya' is clicked on

2022-03-30 15:41:44 - [MESSAGE][PASSED] - Object: 'Object Repository/MEApp_AppBaru_InisiasiKonsumen/button_Ya' is clicked on

2022-03-30 15:41:44 - [TEST_STEP][PASSED] - delay(3): Delayed 3 second(s)

2022-03-30 15:41:47 - [MESSAGE][PASSED] - Delayed 3 second(s)

2022-03-30 15:41:47 - [TEST_STEP][PASSED] - takeFullPageScreenshotAsCheckpoint(userDir + sprint4WebScreenshootPath + "scenario-4-Berhasil-dilakukan-inisiasi-konsumen-baru.png"): Taking screenshot successfully

2022-03-30 15:41:48 - [MESSAGE][INFO] - 0 hidden object(s)

2022-03-30 15:41:49 - [MESSAGE][PASSED] - Taking screenshot successfully
[[ATTACHMENT|D:\PROJECT\BCA\BCAF_MEAPP_i3\BCAF_MEAPP_i3\Screenshoot\Sprint4\Web\keyes\keyes-scenario-4-Berhasil-dilakukan-inisiasi-konsumen-baru.png]]

2022-03-30 15:41:49 - [TEST_STEP][PASSED] - markPassed("scenario 4 - Berhasil dilakukan inisiasi konsumen baru"): scenario 4 - Berhasil dilakukan inisiasi konsumen baru

2022-03-30 15:41:49 - [MESSAGE][PASSED] - scenario 4 - Berhasil dilakukan inisiasi konsumen baru

2022-03-30 15:41:49 - [TEST_STEP][PASSED] - delay(2): Delayed 2 second(s)

2022-03-30 15:41:51 - [MESSAGE][PASSED] - Delayed 2 second(s)]]></system-out>
         <system-err><![CDATA[]]></system-err>
      </testcase>
      <testcase name="Test Cases/Sprint 4/Skenario 4/04-02-Transaction-AppPending-InputCorporate" time="268.532" classname="Test Cases/Sprint 4/Skenario 4/04-02-Transaction-AppPending-InputCorporate" status="PASSED">
         <system-out><![CDATA[2022-03-30 15:41:51 - [TEST_CASE][PASSED] - Test Cases/Sprint 4/Skenario 4/04-02-Transaction-AppPending-InputCorporate: Test Cases/Sprint 4/Skenario 4/04-02-Transaction-AppPending-InputCorporate

2022-03-30 15:41:51 - [TEST_STEP][PASSED] - userDir = getProjectDir(): null

2022-03-30 15:41:51 - [TEST_STEP][PASSED] - setText(findTestObject("Object Repository/Input_Corporate/Input_Konsumen/input_SID Name_form-control ng-untouched ng-pristine ng-invalid"), konsumen_SID, OPTIONAL): Text '223213445' is set on object 'Object Repository/Input_Corporate/Input_Konsumen/input_SID Name_form-control ng-untouched ng-pristine ng-invalid'

2022-03-30 15:42:50 - [MESSAGE][PASSED] - Text '223213445' is set on object 'Object Repository/Input_Corporate/Input_Konsumen/input_SID Name_form-control ng-untouched ng-pristine ng-invalid'

2022-03-30 15:42:50 - [TEST_STEP][PASSED] - delay(1): Delayed 1 second(s)

2022-03-30 15:42:51 - [MESSAGE][PASSED] - Delayed 1 second(s)

2022-03-30 15:42:51 - [TEST_STEP][PASSED] - scrollToElement(findTestObject("Object Repository/Input_Corporate/Input_Konsumen/i_Fax 2_ri-arrow-right-line"), 60, OPTIONAL): Scroll to object 'Object Repository/Input_Corporate/Input_Konsumen/i_Fax 2_ri-arrow-right-line' successfully

2022-03-30 15:42:51 - [MESSAGE][PASSED] - Scroll to object 'Object Repository/Input_Corporate/Input_Konsumen/i_Fax 2_ri-arrow-right-line' successfully

2022-03-30 15:42:51 - [TEST_STEP][PASSED] - delay(1): Delayed 1 second(s)

2022-03-30 15:42:52 - [MESSAGE][PASSED] - Delayed 1 second(s)

2022-03-30 15:42:52 - [TEST_STEP][PASSED] - click(findTestObject("Object Repository/Input_Corporate/Input_Konsumen/button_Surat Keterangan Domisili"), OPTIONAL): Object: 'Object Repository/Input_Corporate/Input_Konsumen/button_Surat Keterangan Domisili' is clicked on

2022-03-30 15:42:53 - [MESSAGE][PASSED] - Object: 'Object Repository/Input_Corporate/Input_Konsumen/button_Surat Keterangan Domisili' is clicked on

2022-03-30 15:42:53 - [TEST_STEP][PASSED] - delay(1): Delayed 1 second(s)

2022-03-30 15:42:54 - [MESSAGE][PASSED] - Delayed 1 second(s)

2022-03-30 15:42:54 - [TEST_STEP][PASSED] - takeFullPageScreenshotAsCheckpoint(userDir + sprint4WebScreenshootPath + "scenario-4-masuk-submenu-surat-keterangan-domisili.png"): Taking screenshot successfully

2022-03-30 15:42:54 - [MESSAGE][INFO] - 0 hidden object(s)

2022-03-30 15:42:55 - [MESSAGE][PASSED] - Taking screenshot successfully
[[ATTACHMENT|D:\PROJECT\BCA\BCAF_MEAPP_i3\BCAF_MEAPP_i3\Screenshoot\Sprint4\Web\keyes\keyes-scenario-4-masuk-submenu-surat-keterangan-domisili.png]]

2022-03-30 15:42:55 - [TEST_STEP][PASSED] - markPassed("scenario 4 - Masuk submenu surat keterangan domisili"): scenario 4 - Masuk submenu surat keterangan domisili

2022-03-30 15:42:55 - [MESSAGE][PASSED] - scenario 4 - Masuk submenu surat keterangan domisili

2022-03-30 15:42:55 - [TEST_STEP][PASSED] - delay(1): Delayed 1 second(s)

2022-03-30 15:42:56 - [MESSAGE][PASSED] - Delayed 1 second(s)

2022-03-30 15:42:56 - [TEST_STEP][PASSED] - click(findTestObject("Object Repository/Input_Corporate/Input_Konsumen/button_Capture_Domisili"), OPTIONAL): Object: 'Object Repository/Input_Corporate/Input_Konsumen/button_Capture_Domisili' is clicked on

2022-03-30 15:42:56 - [MESSAGE][PASSED] - Object: 'Object Repository/Input_Corporate/Input_Konsumen/button_Capture_Domisili' is clicked on

2022-03-30 15:42:56 - [TEST_STEP][PASSED] - delay(1): Delayed 1 second(s)

2022-03-30 15:42:57 - [MESSAGE][PASSED] - Delayed 1 second(s)

2022-03-30 15:42:57 - [TEST_STEP][PASSED] - uploadFile(findTestObject("Input_Corporate/Capture_"), userDir + cobaKTP, OPTIONAL): File 'D:/PROJECT/BCA/BCAF_MEAPP_i3/BCAF_MEAPP_i3/Assets/ktp_dummy.png' sent to object: 'Object Repository/Input_Corporate/Capture_'

2022-03-30 15:42:58 - [MESSAGE][PASSED] - File 'D:/PROJECT/BCA/BCAF_MEAPP_i3/BCAF_MEAPP_i3/Assets/ktp_dummy.png' sent to object: 'Object Repository/Input_Corporate/Capture_'

2022-03-30 15:42:58 - [TEST_STEP][PASSED] - delay(1): Delayed 1 second(s)

2022-03-30 15:42:59 - [MESSAGE][PASSED] - Delayed 1 second(s)

2022-03-30 15:42:59 - [TEST_STEP][PASSED] - takeFullPageScreenshotAsCheckpoint(userDir + sprint4WebScreenshootPath + "scenario-4-capture-surat-keterangan-domisili-berhasil.png"): Taking screenshot successfully

2022-03-30 15:42:59 - [MESSAGE][INFO] - 0 hidden object(s)

2022-03-30 15:43:00 - [MESSAGE][PASSED] - Taking screenshot successfully
[[ATTACHMENT|D:\PROJECT\BCA\BCAF_MEAPP_i3\BCAF_MEAPP_i3\Screenshoot\Sprint4\Web\keyes\keyes-scenario-4-capture-surat-keterangan-domisili-berhasil.png]]

2022-03-30 15:43:00 - [TEST_STEP][PASSED] - markPassed("scenario 4 - Capture surat keterangan domisili berhasil"): scenario 4 - Capture surat keterangan domisili berhasil

2022-03-30 15:43:00 - [MESSAGE][PASSED] - scenario 4 - Capture surat keterangan domisili berhasil

2022-03-30 15:43:00 - [TEST_STEP][PASSED] - delay(1): Delayed 1 second(s)

2022-03-30 15:43:01 - [MESSAGE][PASSED] - Delayed 1 second(s)

2022-03-30 15:43:01 - [TEST_STEP][PASSED] - click(findTestObject("Object Repository/Input_Corporate/Input_Konsumen/button_FAP"), OPTIONAL): Object: 'Object Repository/Input_Corporate/Input_Konsumen/button_FAP' is clicked on

2022-03-30 15:43:01 - [MESSAGE][PASSED] - Object: 'Object Repository/Input_Corporate/Input_Konsumen/button_FAP' is clicked on

2022-03-30 15:43:01 - [TEST_STEP][PASSED] - delay(1): Delayed 1 second(s)

2022-03-30 15:43:02 - [MESSAGE][PASSED] - Delayed 1 second(s)

2022-03-30 15:43:02 - [TEST_STEP][PASSED] - takeFullPageScreenshotAsCheckpoint(userDir + sprint4WebScreenshootPath + "scenario-4-Masuk-submenu-FAP.png"): Taking screenshot successfully

2022-03-30 15:43:03 - [MESSAGE][INFO] - 0 hidden object(s)

2022-03-30 15:43:04 - [MESSAGE][PASSED] - Taking screenshot successfully
[[ATTACHMENT|D:\PROJECT\BCA\BCAF_MEAPP_i3\BCAF_MEAPP_i3\Screenshoot\Sprint4\Web\keyes\keyes-scenario-4-Masuk-submenu-FAP.png]]

2022-03-30 15:43:04 - [TEST_STEP][PASSED] - markPassed("scenario 4 - Masuk submenu FAP"): scenario 4 - Masuk submenu FAP

2022-03-30 15:43:04 - [MESSAGE][PASSED] - scenario 4 - Masuk submenu FAP

2022-03-30 15:43:04 - [TEST_STEP][PASSED] - delay(1): Delayed 1 second(s)

2022-03-30 15:43:05 - [MESSAGE][PASSED] - Delayed 1 second(s)

2022-03-30 15:43:05 - [TEST_STEP][PASSED] - click(findTestObject("Object Repository/Input_Corporate/Input_Konsumen/a_Add Capture_FAP"), OPTIONAL): Object: 'Object Repository/Input_Corporate/Input_Konsumen/a_Add Capture_FAP' is clicked on

2022-03-30 15:43:06 - [MESSAGE][PASSED] - Object: 'Object Repository/Input_Corporate/Input_Konsumen/a_Add Capture_FAP' is clicked on

2022-03-30 15:43:06 - [TEST_STEP][PASSED] - delay(1): Delayed 1 second(s)

2022-03-30 15:43:07 - [MESSAGE][PASSED] - Delayed 1 second(s)

2022-03-30 15:43:07 - [TEST_STEP][PASSED] - uploadFile(findTestObject("Input_Corporate/Capture_"), userDir + cobaKTP, OPTIONAL): File 'D:/PROJECT/BCA/BCAF_MEAPP_i3/BCAF_MEAPP_i3/Assets/ktp_dummy.png' sent to object: 'Object Repository/Input_Corporate/Capture_'

2022-03-30 15:43:07 - [MESSAGE][PASSED] - File 'D:/PROJECT/BCA/BCAF_MEAPP_i3/BCAF_MEAPP_i3/Assets/ktp_dummy.png' sent to object: 'Object Repository/Input_Corporate/Capture_'

2022-03-30 15:43:07 - [TEST_STEP][PASSED] - delay(1): Delayed 1 second(s)

2022-03-30 15:43:08 - [MESSAGE][PASSED] - Delayed 1 second(s)

2022-03-30 15:43:08 - [TEST_STEP][PASSED] - setText(findTestObject("Object Repository/Input_Corporate/Input_Konsumen/input_Jenis Usaha_form-control ng-untouched ng-pristine ng-invalid"), konsumen_jenisUsaha, OPTIONAL): Text 'Kontruksi' is set on object 'Object Repository/Input_Corporate/Input_Konsumen/input_Jenis Usaha_form-control ng-untouched ng-pristine ng-invalid'

2022-03-30 15:43:09 - [MESSAGE][PASSED] - Text 'Kontruksi' is set on object 'Object Repository/Input_Corporate/Input_Konsumen/input_Jenis Usaha_form-control ng-untouched ng-pristine ng-invalid'

2022-03-30 15:43:09 - [TEST_STEP][PASSED] - delay(1): Delayed 1 second(s)

2022-03-30 15:43:10 - [MESSAGE][PASSED] - Delayed 1 second(s)

2022-03-30 15:43:10 - [TEST_STEP][PASSED] - setText(findTestObject("Object Repository/Input_Corporate/Input_Konsumen/input_Economy Code_form-control bcaf-autocomplete ng-untouched ng-pristine ng-invalid"), konsumen_economyCode, OPTIONAL): Text '010103' is set on object 'Object Repository/Input_Corporate/Input_Konsumen/input_Economy Code_form-control bcaf-autocomplete ng-untouched ng-pristine ng-invalid'

2022-03-30 15:43:10 - [MESSAGE][PASSED] - Text '010103' is set on object 'Object Repository/Input_Corporate/Input_Konsumen/input_Economy Code_form-control bcaf-autocomplete ng-untouched ng-pristine ng-invalid'

2022-03-30 15:43:10 - [TEST_STEP][PASSED] - delay(1): Delayed 1 second(s)

2022-03-30 15:43:11 - [MESSAGE][PASSED] - Delayed 1 second(s)

2022-03-30 15:43:11 - [TEST_STEP][PASSED] - waitForElementPresent(findTestObject("Object Repository/Input_Corporate/Input_Konsumen/li_010103 Pertanian  Kehutanan-Pertanian  Pupuk-Importir"), 100, OPTIONAL): Object 'Object Repository/Input_Corporate/Input_Konsumen/li_010103 Pertanian  Kehutanan-Pertanian  Pupuk-Importir' is present

2022-03-30 15:43:12 - [MESSAGE][PASSED] - Object 'Object Repository/Input_Corporate/Input_Konsumen/li_010103 Pertanian  Kehutanan-Pertanian  Pupuk-Importir' is present

2022-03-30 15:43:12 - [TEST_STEP][PASSED] - delay(1): Delayed 1 second(s)

2022-03-30 15:43:13 - [MESSAGE][PASSED] - Delayed 1 second(s)

2022-03-30 15:43:13 - [TEST_STEP][PASSED] - click(findTestObject("Object Repository/Input_Corporate/Input_Konsumen/li_010103 Pertanian  Kehutanan-Pertanian  Pupuk-Importir"), OPTIONAL): Object: 'Object Repository/Input_Corporate/Input_Konsumen/li_010103 Pertanian  Kehutanan-Pertanian  Pupuk-Importir' is clicked on

2022-03-30 15:43:13 - [MESSAGE][PASSED] - Object: 'Object Repository/Input_Corporate/Input_Konsumen/li_010103 Pertanian  Kehutanan-Pertanian  Pupuk-Importir' is clicked on

2022-03-30 15:43:13 - [TEST_STEP][PASSED] - delay(1): Delayed 1 second(s)

2022-03-30 15:43:14 - [MESSAGE][PASSED] - Delayed 1 second(s)

2022-03-30 15:43:14 - [TEST_STEP][PASSED] - setText(findTestObject("Object Repository/Input_Corporate/Input_Konsumen/input_Kode Lokasi Proyek_form"), konsumen_kodeLokasi, OPTIONAL): Text '1213' is set on object 'Object Repository/Input_Corporate/Input_Konsumen/input_Kode Lokasi Proyek_form'

2022-03-30 15:43:15 - [MESSAGE][PASSED] - Text '1213' is set on object 'Object Repository/Input_Corporate/Input_Konsumen/input_Kode Lokasi Proyek_form'

2022-03-30 15:43:15 - [TEST_STEP][PASSED] - delay(1): Delayed 1 second(s)

2022-03-30 15:43:16 - [MESSAGE][PASSED] - Delayed 1 second(s)

2022-03-30 15:43:16 - [TEST_STEP][PASSED] - waitForElementPresent(findTestObject("Object Repository/Input_Corporate/Input_Konsumen/li_1213 - MALANG,KAB"), 100, OPTIONAL): Object 'Object Repository/Input_Corporate/Input_Konsumen/li_1213 - MALANG,KAB' is present

2022-03-30 15:43:16 - [MESSAGE][PASSED] - Object 'Object Repository/Input_Corporate/Input_Konsumen/li_1213 - MALANG,KAB' is present

2022-03-30 15:43:16 - [TEST_STEP][PASSED] - delay(1): Delayed 1 second(s)

2022-03-30 15:43:17 - [MESSAGE][PASSED] - Delayed 1 second(s)

2022-03-30 15:43:17 - [TEST_STEP][PASSED] - click(findTestObject("Object Repository/Input_Corporate/Input_Konsumen/li_1213 - MALANG,KAB"), OPTIONAL): Object: 'Object Repository/Input_Corporate/Input_Konsumen/li_1213 - MALANG,KAB' is clicked on

2022-03-30 15:43:18 - [MESSAGE][PASSED] - Object: 'Object Repository/Input_Corporate/Input_Konsumen/li_1213 - MALANG,KAB' is clicked on

2022-03-30 15:43:18 - [TEST_STEP][PASSED] - delay(1): Delayed 1 second(s)

2022-03-30 15:43:19 - [MESSAGE][PASSED] - Delayed 1 second(s)

2022-03-30 15:43:19 - [TEST_STEP][PASSED] - setText(findTestObject("Object Repository/Input_Corporate/Input_Konsumen/input_Berdiri Sejak Tahun_form-control ng-untouched ng-pristine ng-invalid"), konsumen_tahunBerdiri, OPTIONAL): Text '1995' is set on object 'Object Repository/Input_Corporate/Input_Konsumen/input_Berdiri Sejak Tahun_form-control ng-untouched ng-pristine ng-invalid'

2022-03-30 15:43:19 - [MESSAGE][PASSED] - Text '1995' is set on object 'Object Repository/Input_Corporate/Input_Konsumen/input_Berdiri Sejak Tahun_form-control ng-untouched ng-pristine ng-invalid'

2022-03-30 15:43:19 - [TEST_STEP][PASSED] - delay(1): Delayed 1 second(s)

2022-03-30 15:43:20 - [MESSAGE][PASSED] - Delayed 1 second(s)

2022-03-30 15:43:20 - [TEST_STEP][PASSED] - setText(findTestObject("Object Repository/Input_Corporate/Input_Konsumen/input_Omzet Usaha per Tahun_form-control text-right ng-untouched ng-pristine ng-invalid"), konsumen_omzetUsaha, OPTIONAL): Text '10000000000' is set on object 'Object Repository/Input_Corporate/Input_Konsumen/input_Omzet Usaha per Tahun_form-control text-right ng-untouched ng-pristine ng-invalid'

2022-03-30 15:43:21 - [MESSAGE][PASSED] - Text '10000000000' is set on object 'Object Repository/Input_Corporate/Input_Konsumen/input_Omzet Usaha per Tahun_form-control text-right ng-untouched ng-pristine ng-invalid'

2022-03-30 15:43:21 - [TEST_STEP][PASSED] - delay(1): Delayed 1 second(s)

2022-03-30 15:43:22 - [MESSAGE][PASSED] - Delayed 1 second(s)

2022-03-30 15:43:22 - [TEST_STEP][PASSED] - setText(findTestObject("Object Repository/Input_Corporate/Input_Konsumen/input_No. Rekening BCA_form-control ng-untouched ng-pristine ng-valid"), konsumen_noRekBCA, OPTIONAL): Text '413514512' is set on object 'Object Repository/Input_Corporate/Input_Konsumen/input_No. Rekening BCA_form-control ng-untouched ng-pristine ng-valid'

2022-03-30 15:43:23 - [MESSAGE][PASSED] - Text '413514512' is set on object 'Object Repository/Input_Corporate/Input_Konsumen/input_No. Rekening BCA_form-control ng-untouched ng-pristine ng-valid'

2022-03-30 15:43:23 - [TEST_STEP][PASSED] - delay(1): Delayed 1 second(s)

2022-03-30 15:43:24 - [MESSAGE][PASSED] - Delayed 1 second(s)

2022-03-30 15:43:24 - [TEST_STEP][PASSED] - setText(findTestObject("Object Repository/Input_Corporate/Input_Konsumen/input_Alamat Perusahaan_form-control ng-untouched ng-pristine ng-invalid"), konsumen_alamatPT, OPTIONAL): Text 'Jakarta, No. 45' is set on object 'Object Repository/Input_Corporate/Input_Konsumen/input_Alamat Perusahaan_form-control ng-untouched ng-pristine ng-invalid'

2022-03-30 15:43:25 - [MESSAGE][PASSED] - Text 'Jakarta, No. 45' is set on object 'Object Repository/Input_Corporate/Input_Konsumen/input_Alamat Perusahaan_form-control ng-untouched ng-pristine ng-invalid'

2022-03-30 15:43:25 - [TEST_STEP][PASSED] - delay(1): Delayed 1 second(s)

2022-03-30 15:43:26 - [MESSAGE][PASSED] - Delayed 1 second(s)

2022-03-30 15:43:26 - [TEST_STEP][PASSED] - setText(findTestObject("Object Repository/Input_Corporate/Input_Konsumen/input_Provinsi_form-control bcaf-autocomplete ng-untouched ng-pristine ng-invalid"), konsumen_provinsi, OPTIONAL): Text 'JAWA TIMUR' is set on object 'Object Repository/Input_Corporate/Input_Konsumen/input_Provinsi_form-control bcaf-autocomplete ng-untouched ng-pristine ng-invalid'

2022-03-30 15:43:27 - [MESSAGE][PASSED] - Text 'JAWA TIMUR' is set on object 'Object Repository/Input_Corporate/Input_Konsumen/input_Provinsi_form-control bcaf-autocomplete ng-untouched ng-pristine ng-invalid'

2022-03-30 15:43:27 - [TEST_STEP][PASSED] - delay(1): Delayed 1 second(s)

2022-03-30 15:43:28 - [MESSAGE][PASSED] - Delayed 1 second(s)

2022-03-30 15:43:28 - [TEST_STEP][PASSED] - waitForElementPresent(findTestObject("Object Repository/Input_Corporate/Input_Konsumen/li_JAWA TIMUR"), 100, OPTIONAL): Object 'Object Repository/Input_Corporate/Input_Konsumen/li_JAWA TIMUR' is present

2022-03-30 15:43:28 - [MESSAGE][PASSED] - Object 'Object Repository/Input_Corporate/Input_Konsumen/li_JAWA TIMUR' is present

2022-03-30 15:43:28 - [TEST_STEP][PASSED] - delay(1): Delayed 1 second(s)

2022-03-30 15:43:29 - [MESSAGE][PASSED] - Delayed 1 second(s)

2022-03-30 15:43:29 - [TEST_STEP][PASSED] - click(findTestObject("Object Repository/Input_Corporate/Input_Konsumen/li_JAWA TIMUR"), OPTIONAL): Object: 'Object Repository/Input_Corporate/Input_Konsumen/li_JAWA TIMUR' is clicked on

2022-03-30 15:43:29 - [MESSAGE][PASSED] - Object: 'Object Repository/Input_Corporate/Input_Konsumen/li_JAWA TIMUR' is clicked on

2022-03-30 15:43:29 - [TEST_STEP][PASSED] - delay(1): Delayed 1 second(s)

2022-03-30 15:43:30 - [MESSAGE][PASSED] - Delayed 1 second(s)

2022-03-30 15:43:30 - [TEST_STEP][PASSED] - setText(findTestObject("Object Repository/Input_Corporate/Input_Konsumen/input_KabKota_form-control bcaf-autocomplete ng-untouched ng-pristine ng-invalid"), konsumen_kabKota, OPTIONAL): Text 'Malang' is set on object 'Object Repository/Input_Corporate/Input_Konsumen/input_KabKota_form-control bcaf-autocomplete ng-untouched ng-pristine ng-invalid'

2022-03-30 15:43:31 - [MESSAGE][PASSED] - Text 'Malang' is set on object 'Object Repository/Input_Corporate/Input_Konsumen/input_KabKota_form-control bcaf-autocomplete ng-untouched ng-pristine ng-invalid'

2022-03-30 15:43:31 - [TEST_STEP][PASSED] - delay(1): Delayed 1 second(s)

2022-03-30 15:43:32 - [MESSAGE][PASSED] - Delayed 1 second(s)

2022-03-30 15:43:32 - [TEST_STEP][PASSED] - waitForElementPresent(findTestObject("Object Repository/Input_Corporate/Input_Konsumen/li_MALANG"), 100, OPTIONAL): Object 'Object Repository/Input_Corporate/Input_Konsumen/li_MALANG' is present

2022-03-30 15:43:32 - [MESSAGE][PASSED] - Object 'Object Repository/Input_Corporate/Input_Konsumen/li_MALANG' is present

2022-03-30 15:43:32 - [TEST_STEP][PASSED] - delay(1): Delayed 1 second(s)

2022-03-30 15:43:33 - [MESSAGE][PASSED] - Delayed 1 second(s)

2022-03-30 15:43:33 - [TEST_STEP][PASSED] - click(findTestObject("Object Repository/Input_Corporate/Input_Konsumen/li_MALANG"), OPTIONAL): Object: 'Object Repository/Input_Corporate/Input_Konsumen/li_MALANG' is clicked on

2022-03-30 15:43:34 - [MESSAGE][PASSED] - Object: 'Object Repository/Input_Corporate/Input_Konsumen/li_MALANG' is clicked on

2022-03-30 15:43:34 - [TEST_STEP][PASSED] - delay(1): Delayed 1 second(s)

2022-03-30 15:43:35 - [MESSAGE][PASSED] - Delayed 1 second(s)

2022-03-30 15:43:35 - [TEST_STEP][PASSED] - setText(findTestObject("Object Repository/Input_Corporate/Input_Konsumen/input_Kecamatan_form-control bcaf-autocomplete ng-untouched ng-pristine ng-invalid"), konsumen_kecamantan, OPTIONAL): Text 'lowokwaru' is set on object 'Object Repository/Input_Corporate/Input_Konsumen/input_Kecamatan_form-control bcaf-autocomplete ng-untouched ng-pristine ng-invalid'

2022-03-30 15:43:36 - [MESSAGE][PASSED] - Text 'lowokwaru' is set on object 'Object Repository/Input_Corporate/Input_Konsumen/input_Kecamatan_form-control bcaf-autocomplete ng-untouched ng-pristine ng-invalid'

2022-03-30 15:43:36 - [TEST_STEP][PASSED] - delay(1): Delayed 1 second(s)

2022-03-30 15:43:37 - [MESSAGE][PASSED] - Delayed 1 second(s)

2022-03-30 15:43:37 - [TEST_STEP][PASSED] - waitForElementPresent(findTestObject("Object Repository/Input_Corporate/Input_Konsumen/li_LOWOKWARU"), 0, OPTIONAL): Object 'Object Repository/Input_Corporate/Input_Konsumen/li_LOWOKWARU' is present

2022-03-30 15:43:37 - [MESSAGE][WARNING] - Timeout '0' is invalid. Using default page load timeout: '30'

2022-03-30 15:43:37 - [MESSAGE][PASSED] - Object 'Object Repository/Input_Corporate/Input_Konsumen/li_LOWOKWARU' is present

2022-03-30 15:43:37 - [TEST_STEP][PASSED] - delay(1): Delayed 1 second(s)

2022-03-30 15:43:38 - [MESSAGE][PASSED] - Delayed 1 second(s)

2022-03-30 15:43:38 - [TEST_STEP][PASSED] - click(findTestObject("Object Repository/Input_Corporate/Input_Konsumen/li_LOWOKWARU"), OPTIONAL): Object: 'Object Repository/Input_Corporate/Input_Konsumen/li_LOWOKWARU' is clicked on

2022-03-30 15:43:38 - [MESSAGE][PASSED] - Object: 'Object Repository/Input_Corporate/Input_Konsumen/li_LOWOKWARU' is clicked on

2022-03-30 15:43:38 - [TEST_STEP][PASSED] - delay(1): Delayed 1 second(s)

2022-03-30 15:43:39 - [MESSAGE][PASSED] - Delayed 1 second(s)

2022-03-30 15:43:39 - [TEST_STEP][PASSED] - setText(findTestObject("Object Repository/Input_Corporate/Input_Konsumen/input_Kelurahan_form-control bcaf-autocomplete ng-untouched ng-pristine ng-invalid"), konsumen_kelurahan, OPTIONAL): Text 'ketawanggede' is set on object 'Object Repository/Input_Corporate/Input_Konsumen/input_Kelurahan_form-control bcaf-autocomplete ng-untouched ng-pristine ng-invalid'

2022-03-30 15:43:40 - [MESSAGE][PASSED] - Text 'ketawanggede' is set on object 'Object Repository/Input_Corporate/Input_Konsumen/input_Kelurahan_form-control bcaf-autocomplete ng-untouched ng-pristine ng-invalid'

2022-03-30 15:43:40 - [TEST_STEP][PASSED] - delay(1): Delayed 1 second(s)

2022-03-30 15:43:41 - [MESSAGE][PASSED] - Delayed 1 second(s)

2022-03-30 15:43:41 - [TEST_STEP][PASSED] - waitForElementPresent(findTestObject("Object Repository/Input_Corporate/Input_Konsumen/li_KETAWANGGEDE"), 100, OPTIONAL): Object 'Object Repository/Input_Corporate/Input_Konsumen/li_KETAWANGGEDE' is present

2022-03-30 15:43:41 - [MESSAGE][PASSED] - Object 'Object Repository/Input_Corporate/Input_Konsumen/li_KETAWANGGEDE' is present

2022-03-30 15:43:41 - [TEST_STEP][PASSED] - delay(1): Delayed 1 second(s)

2022-03-30 15:43:42 - [MESSAGE][PASSED] - Delayed 1 second(s)

2022-03-30 15:43:42 - [TEST_STEP][PASSED] - click(findTestObject("Object Repository/Input_Corporate/Input_Konsumen/li_KETAWANGGEDE"), OPTIONAL): Object: 'Object Repository/Input_Corporate/Input_Konsumen/li_KETAWANGGEDE' is clicked on

2022-03-30 15:43:43 - [MESSAGE][PASSED] - Object: 'Object Repository/Input_Corporate/Input_Konsumen/li_KETAWANGGEDE' is clicked on

2022-03-30 15:43:43 - [TEST_STEP][PASSED] - delay(1): Delayed 1 second(s)

2022-03-30 15:43:44 - [MESSAGE][PASSED] - Delayed 1 second(s)

2022-03-30 15:43:44 - [TEST_STEP][PASSED] - setText(findTestObject("Object Repository/Input_Corporate/Input_Konsumen/input_Kode Pos_form-control bcaf-autocomplete ng-untouched ng-pristine ng-invalid"), konsumen_kodePos, OPTIONAL): Text '65145' is set on object 'Object Repository/Input_Corporate/Input_Konsumen/input_Kode Pos_form-control bcaf-autocomplete ng-untouched ng-pristine ng-invalid'

2022-03-30 15:43:45 - [MESSAGE][PASSED] - Text '65145' is set on object 'Object Repository/Input_Corporate/Input_Konsumen/input_Kode Pos_form-control bcaf-autocomplete ng-untouched ng-pristine ng-invalid'

2022-03-30 15:43:45 - [TEST_STEP][PASSED] - delay(1): Delayed 1 second(s)

2022-03-30 15:43:46 - [MESSAGE][PASSED] - Delayed 1 second(s)

2022-03-30 15:43:46 - [TEST_STEP][PASSED] - waitForElementPresent(findTestObject("Object Repository/Input_Corporate/Input_Konsumen/li_65145"), 100, OPTIONAL): Object 'Object Repository/Input_Corporate/Input_Konsumen/li_65145' is present

2022-03-30 15:43:46 - [MESSAGE][PASSED] - Object 'Object Repository/Input_Corporate/Input_Konsumen/li_65145' is present

2022-03-30 15:43:46 - [TEST_STEP][PASSED] - delay(1): Delayed 1 second(s)

2022-03-30 15:43:47 - [MESSAGE][PASSED] - Delayed 1 second(s)

2022-03-30 15:43:47 - [TEST_STEP][PASSED] - click(findTestObject("Object Repository/Input_Corporate/Input_Konsumen/li_65145"), OPTIONAL): Object: 'Object Repository/Input_Corporate/Input_Konsumen/li_65145' is clicked on

2022-03-30 15:43:47 - [MESSAGE][PASSED] - Object: 'Object Repository/Input_Corporate/Input_Konsumen/li_65145' is clicked on

2022-03-30 15:43:47 - [TEST_STEP][PASSED] - delay(1): Delayed 1 second(s)

2022-03-30 15:43:48 - [MESSAGE][PASSED] - Delayed 1 second(s)

2022-03-30 15:43:48 - [TEST_STEP][PASSED] - takeFullPageScreenshotAsCheckpoint(userDir + sprint4WebScreenshootPath + "scenario-4-Input-data-FAP.png"): Taking screenshot successfully

2022-03-30 15:43:50 - [MESSAGE][INFO] - 0 hidden object(s)

2022-03-30 15:43:50 - [MESSAGE][PASSED] - Taking screenshot successfully
[[ATTACHMENT|D:\PROJECT\BCA\BCAF_MEAPP_i3\BCAF_MEAPP_i3\Screenshoot\Sprint4\Web\keyes\keyes-scenario-4-Input-data-FAP.png]]

2022-03-30 15:43:50 - [TEST_STEP][PASSED] - markPassed("scenario 4 - Input data FAP"): scenario 4 - Input data FAP

2022-03-30 15:43:50 - [MESSAGE][PASSED] - scenario 4 - Input data FAP

2022-03-30 15:43:50 - [TEST_STEP][PASSED] - delay(1): Delayed 1 second(s)

2022-03-30 15:43:51 - [MESSAGE][PASSED] - Delayed 1 second(s)

2022-03-30 15:43:51 - [TEST_STEP][PASSED] - scrollToElement(findTestObject("Object Repository/Input_Corporate/Input_Konsumen/i_Fax 2_ri-arrow-right-line"), 60, OPTIONAL): Scroll to object 'Object Repository/Input_Corporate/Input_Konsumen/i_Fax 2_ri-arrow-right-line' successfully

2022-03-30 15:43:52 - [MESSAGE][PASSED] - Scroll to object 'Object Repository/Input_Corporate/Input_Konsumen/i_Fax 2_ri-arrow-right-line' successfully

2022-03-30 15:43:52 - [TEST_STEP][PASSED] - click(findTestObject("Object Repository/Input_Corporate/Input_Konsumen/input_Alamat Pengiriman Surat  Alamat Perusahaan_isAlamatPengirimanSurat"), OPTIONAL): Unable to click on object 'Object Repository/Input_Corporate/Input_Konsumen/input_Alamat Pengiriman Surat  Alamat Perusahaan_isAlamatPengirimanSurat' (Root cause: com.kms.katalon.core.exception.StepFailedException: Unable to click on object 'Object Repository/Input_Corporate/Input_Konsumen/input_Alamat Pengiriman Surat  Alamat Perusahaan_isAlamatPengirimanSurat'
	at com.kms.katalon.core.webui.keyword.internal.WebUIKeywordMain.stepFailed(WebUIKeywordMain.groovy:64)
	at com.kms.katalon.core.webui.keyword.internal.WebUIKeywordMain.runKeyword(WebUIKeywordMain.groovy:26)
	at com.kms.katalon.core.webui.keyword.builtin.ClickKeyword.click(ClickKeyword.groovy:74)
	at com.kms.katalon.core.webui.keyword.builtin.ClickKeyword.execute(ClickKeyword.groovy:40)
	at com.kms.katalon.core.keyword.internal.KeywordExecutor.executeKeywordForPlatform(KeywordExecutor.groovy:74)
	at com.kms.katalon.core.webui.keyword.WebUiBuiltInKeywords.click(WebUiBuiltInKeywords.groovy:608)
	at com.kms.katalon.core.webui.keyword.WebUiBuiltInKeywords$click$10.call(Unknown Source)
	at 04-02-Transaction-AppPending-InputCorporate.run(04-02-Transaction-AppPending-InputCorporate:294)
	at com.kms.katalon.core.main.ScriptEngine.run(ScriptEngine.java:194)
	at com.kms.katalon.core.main.ScriptEngine.runScriptAsRawText(ScriptEngine.java:119)
	at com.kms.katalon.core.main.TestCaseExecutor.runScript(TestCaseExecutor.java:442)
	at com.kms.katalon.core.main.TestCaseExecutor.doExecute(TestCaseExecutor.java:433)
	at com.kms.katalon.core.main.TestCaseExecutor.processExecutionPhase(TestCaseExecutor.java:412)
	at com.kms.katalon.core.main.TestCaseExecutor.accessMainPhase(TestCaseExecutor.java:404)
	at com.kms.katalon.core.main.TestCaseExecutor.execute(TestCaseExecutor.java:281)
	at com.kms.katalon.core.main.TestSuiteExecutor.accessTestCaseMainPhase(TestSuiteExecutor.java:202)
	at com.kms.katalon.core.main.TestSuiteExecutor.accessTestSuiteMainPhase(TestSuiteExecutor.java:164)
	at com.kms.katalon.core.main.TestSuiteExecutor.execute(TestSuiteExecutor.java:105)
	at com.kms.katalon.core.main.TestCaseMain.startTestSuite(TestCaseMain.java:185)
	at com.kms.katalon.core.main.TestCaseMain$startTestSuite$0.call(Unknown Source)
	at TempTestSuite1648627268077.run(TempTestSuite1648627268077.groovy:36)
Caused by: org.openqa.selenium.ElementClickInterceptedException: element click intercepted: Element <input _ngcontent-afi-c99="" formcontrolname="isAlamatPengirimanSurat" id="radio-perorangan" type="radio" value="ya" name="isAlamatPengirimanSurat" class="form-check-input ng-untouched ng-pristine ng-valid"> is not clickable at point (312, 6). Other element would receive the click: <header _ngcontent-afi-c84="" id="mainHeader" class="c-header c-header-light c-header-fixed">...</header>
  (Session info: chrome=99.0.4844.84)
Build info: version: '3.141.59', revision: 'e82be7d358', time: '2018-11-14T08:25:53'
System info: host: 'SAVIRAROHWINA', ip: '192.168.1.88', os.name: 'Windows 10', os.arch: 'amd64', os.version: '10.0', java.version: '1.8.0_282'
Driver info: com.kms.katalon.selenium.driver.CChromeDriver
Capabilities {acceptInsecureCerts: false, browserName: chrome, browserVersion: 99.0.4844.84, chrome: {chromedriverVersion: 98.0.4758.102 (273bf7ac8c90..., userDataDir: C:\Users\savir\AppData\Loca...}, goog:chromeOptions: {debuggerAddress: localhost:61887}, javascriptEnabled: true, networkConnectionEnabled: false, pageLoadStrategy: normal, platform: WINDOWS, platformName: WINDOWS, proxy: Proxy(), setWindowRect: true, strictFileInteractability: false, timeouts: {implicit: 0, pageLoad: 300000, script: 30000}, unhandledPromptBehavior: dismiss and notify, webauthn:extension:credBlob: true, webauthn:extension:largeBlob: true, webauthn:virtualAuthenticators: true}
Session ID: 265cd38c9badc0c105e59d0446ed467c
	at org.openqa.selenium.remote.http.W3CHttpResponseCodec.createException(W3CHttpResponseCodec.java:187)
	at org.openqa.selenium.remote.http.W3CHttpResponseCodec.decode(W3CHttpResponseCodec.java:122)
	at org.openqa.selenium.remote.http.W3CHttpResponseCodec.decode(W3CHttpResponseCodec.java:49)
	at org.openqa.selenium.remote.HttpCommandExecutor.execute(HttpCommandExecutor.java:158)
	at org.openqa.selenium.remote.service.DriverCommandExecutor.execute(DriverCommandExecutor.java:83)
	at org.openqa.selenium.remote.RemoteWebDriver.execute(RemoteWebDriver.java:552)
	at com.kms.katalon.selenium.driver.CChromeDriver.execute(CChromeDriver.java:19)
	at org.openqa.selenium.remote.RemoteWebElement.execute(RemoteWebElement.java:285)
	at org.openqa.selenium.remote.RemoteWebElement.click(RemoteWebElement.java:84)
	at org.openqa.selenium.support.events.EventFiringWebDriver$EventFiringWebElement.lambda$new$0(EventFiringWebDriver.java:404)
	at com.sun.proxy.$Proxy11.click(Unknown Source)
	at org.openqa.selenium.support.events.EventFiringWebDriver$EventFiringWebElement.click(EventFiringWebDriver.java:417)
	at org.openqa.selenium.WebElement$click.call(Unknown Source)
	at com.kms.katalon.core.webui.keyword.builtin.ClickKeyword.clickUntilSuccessWithTimeout(ClickKeyword.groovy:81)
	at com.kms.katalon.core.webui.keyword.builtin.ClickKeyword.clickUntilSuccessWithTimeout(ClickKeyword.groovy)
	at com.kms.katalon.core.webui.keyword.builtin.ClickKeyword$_click_closure1.doCall(ClickKeyword.groovy:67)
	at com.kms.katalon.core.webui.keyword.builtin.ClickKeyword$_click_closure1.call(ClickKeyword.groovy)
	at com.kms.katalon.core.webui.keyword.internal.WebUIKeywordMain.runKeyword(WebUIKeywordMain.groovy:20)
	at com.kms.katalon.core.webui.keyword.builtin.ClickKeyword.click(ClickKeyword.groovy:74)
	at com.kms.katalon.core.webui.keyword.builtin.ClickKeyword.execute(ClickKeyword.groovy:40)
	at com.kms.katalon.core.keyword.internal.KeywordExecutor.executeKeywordForPlatform(KeywordExecutor.groovy:74)
	at com.kms.katalon.core.webui.keyword.WebUiBuiltInKeywords.click(WebUiBuiltInKeywords.groovy:608)
	at com.kms.katalon.core.webui.keyword.WebUiBuiltInKeywords$click$10.call(Unknown Source)
	at Script1647432078315.run(Script1647432078315.groovy:294)
	... 13 more
)

2022-03-30 15:44:25 - [MESSAGE][WARNING] - Unable to click on object 'Object Repository/Input_Corporate/Input_Konsumen/input_Alamat Pengiriman Surat  Alamat Perusahaan_isAlamatPengirimanSurat' (Root cause: com.kms.katalon.core.exception.StepFailedException: Unable to click on object 'Object Repository/Input_Corporate/Input_Konsumen/input_Alamat Pengiriman Surat  Alamat Perusahaan_isAlamatPengirimanSurat'
	at com.kms.katalon.core.webui.keyword.internal.WebUIKeywordMain.stepFailed(WebUIKeywordMain.groovy:64)
	at com.kms.katalon.core.webui.keyword.internal.WebUIKeywordMain.runKeyword(WebUIKeywordMain.groovy:26)
	at com.kms.katalon.core.webui.keyword.builtin.ClickKeyword.click(ClickKeyword.groovy:74)
	at com.kms.katalon.core.webui.keyword.builtin.ClickKeyword.execute(ClickKeyword.groovy:40)
	at com.kms.katalon.core.keyword.internal.KeywordExecutor.executeKeywordForPlatform(KeywordExecutor.groovy:74)
	at com.kms.katalon.core.webui.keyword.WebUiBuiltInKeywords.click(WebUiBuiltInKeywords.groovy:608)
	at com.kms.katalon.core.webui.keyword.WebUiBuiltInKeywords$click$10.call(Unknown Source)
	at 04-02-Transaction-AppPending-InputCorporate.run(04-02-Transaction-AppPending-InputCorporate:294)
	at com.kms.katalon.core.main.ScriptEngine.run(ScriptEngine.java:194)
	at com.kms.katalon.core.main.ScriptEngine.runScriptAsRawText(ScriptEngine.java:119)
	at com.kms.katalon.core.main.TestCaseExecutor.runScript(TestCaseExecutor.java:442)
	at com.kms.katalon.core.main.TestCaseExecutor.doExecute(TestCaseExecutor.java:433)
	at com.kms.katalon.core.main.TestCaseExecutor.processExecutionPhase(TestCaseExecutor.java:412)
	at com.kms.katalon.core.main.TestCaseExecutor.accessMainPhase(TestCaseExecutor.java:404)
	at com.kms.katalon.core.main.TestCaseExecutor.execute(TestCaseExecutor.java:281)
	at com.kms.katalon.core.main.TestSuiteExecutor.accessTestCaseMainPhase(TestSuiteExecutor.java:202)
	at com.kms.katalon.core.main.TestSuiteExecutor.accessTestSuiteMainPhase(TestSuiteExecutor.java:164)
	at com.kms.katalon.core.main.TestSuiteExecutor.execute(TestSuiteExecutor.java:105)
	at com.kms.katalon.core.main.TestCaseMain.startTestSuite(TestCaseMain.java:185)
	at com.kms.katalon.core.main.TestCaseMain$startTestSuite$0.call(Unknown Source)
	at TempTestSuite1648627268077.run(TempTestSuite1648627268077.groovy:36)
Caused by: org.openqa.selenium.ElementClickInterceptedException: element click intercepted: Element <input _ngcontent-afi-c99="" formcontrolname="isAlamatPengirimanSurat" id="radio-perorangan" type="radio" value="ya" name="isAlamatPengirimanSurat" class="form-check-input ng-untouched ng-pristine ng-valid"> is not clickable at point (312, 6). Other element would receive the click: <header _ngcontent-afi-c84="" id="mainHeader" class="c-header c-header-light c-header-fixed">...</header>
  (Session info: chrome=99.0.4844.84)
Build info: version: '3.141.59', revision: 'e82be7d358', time: '2018-11-14T08:25:53'
System info: host: 'SAVIRAROHWINA', ip: '192.168.1.88', os.name: 'Windows 10', os.arch: 'amd64', os.version: '10.0', java.version: '1.8.0_282'
Driver info: com.kms.katalon.selenium.driver.CChromeDriver
Capabilities {acceptInsecureCerts: false, browserName: chrome, browserVersion: 99.0.4844.84, chrome: {chromedriverVersion: 98.0.4758.102 (273bf7ac8c90..., userDataDir: C:\Users\savir\AppData\Loca...}, goog:chromeOptions: {debuggerAddress: localhost:61887}, javascriptEnabled: true, networkConnectionEnabled: false, pageLoadStrategy: normal, platform: WINDOWS, platformName: WINDOWS, proxy: Proxy(), setWindowRect: true, strictFileInteractability: false, timeouts: {implicit: 0, pageLoad: 300000, script: 30000}, unhandledPromptBehavior: dismiss and notify, webauthn:extension:credBlob: true, webauthn:extension:largeBlob: true, webauthn:virtualAuthenticators: true}
Session ID: 265cd38c9badc0c105e59d0446ed467c
	at org.openqa.selenium.remote.http.W3CHttpResponseCodec.createException(W3CHttpResponseCodec.java:187)
	at org.openqa.selenium.remote.http.W3CHttpResponseCodec.decode(W3CHttpResponseCodec.java:122)
	at org.openqa.selenium.remote.http.W3CHttpResponseCodec.decode(W3CHttpResponseCodec.java:49)
	at org.openqa.selenium.remote.HttpCommandExecutor.execute(HttpCommandExecutor.java:158)
	at org.openqa.selenium.remote.service.DriverCommandExecutor.execute(DriverCommandExecutor.java:83)
	at org.openqa.selenium.remote.RemoteWebDriver.execute(RemoteWebDriver.java:552)
	at com.kms.katalon.selenium.driver.CChromeDriver.execute(CChromeDriver.java:19)
	at org.openqa.selenium.remote.RemoteWebElement.execute(RemoteWebElement.java:285)
	at org.openqa.selenium.remote.RemoteWebElement.click(RemoteWebElement.java:84)
	at org.openqa.selenium.support.events.EventFiringWebDriver$EventFiringWebElement.lambda$new$0(EventFiringWebDriver.java:404)
	at com.sun.proxy.$Proxy11.click(Unknown Source)
	at org.openqa.selenium.support.events.EventFiringWebDriver$EventFiringWebElement.click(EventFiringWebDriver.java:417)
	at org.openqa.selenium.WebElement$click.call(Unknown Source)
	at com.kms.katalon.core.webui.keyword.builtin.ClickKeyword.clickUntilSuccessWithTimeout(ClickKeyword.groovy:81)
	at com.kms.katalon.core.webui.keyword.builtin.ClickKeyword.clickUntilSuccessWithTimeout(ClickKeyword.groovy)
	at com.kms.katalon.core.webui.keyword.builtin.ClickKeyword$_click_closure1.doCall(ClickKeyword.groovy:67)
	at com.kms.katalon.core.webui.keyword.builtin.ClickKeyword$_click_closure1.call(ClickKeyword.groovy)
	at com.kms.katalon.core.webui.keyword.internal.WebUIKeywordMain.runKeyword(WebUIKeywordMain.groovy:20)
	at com.kms.katalon.core.webui.keyword.builtin.ClickKeyword.click(ClickKeyword.groovy:74)
	at com.kms.katalon.core.webui.keyword.builtin.ClickKeyword.execute(ClickKeyword.groovy:40)
	at com.kms.katalon.core.keyword.internal.KeywordExecutor.executeKeywordForPlatform(KeywordExecutor.groovy:74)
	at com.kms.katalon.core.webui.keyword.WebUiBuiltInKeywords.click(WebUiBuiltInKeywords.groovy:608)
	at com.kms.katalon.core.webui.keyword.WebUiBuiltInKeywords$click$10.call(Unknown Source)
	at Script1647432078315.run(Script1647432078315.groovy:294)
	... 13 more
)
[[ATTACHMENT|D:\\PROJECT\\BCA\\BCAF_MEAPP_i3\\BCAF_MEAPP_i3\\Reports\\20220330_150108\\TS_4Scenario\\S1-S4\\20220330_150108\\1648629865022.png]]

2022-03-30 15:44:25 - [TEST_STEP][PASSED] - delay(1): Delayed 1 second(s)

2022-03-30 15:44:26 - [MESSAGE][PASSED] - Delayed 1 second(s)

2022-03-30 15:44:26 - [TEST_STEP][PASSED] - setText(findTestObject("Object Repository/Input_Corporate/Input_Konsumen/input_Email_form-control ng-untouched ng-pristine ng-valid"), konsumen_email, OPTIONAL): Text 'contoh@gmail.com' is set on object 'Object Repository/Input_Corporate/Input_Konsumen/input_Email_form-control ng-untouched ng-pristine ng-valid'

2022-03-30 15:44:27 - [MESSAGE][PASSED] - Text 'contoh@gmail.com' is set on object 'Object Repository/Input_Corporate/Input_Konsumen/input_Email_form-control ng-untouched ng-pristine ng-valid'

2022-03-30 15:44:27 - [TEST_STEP][PASSED] - delay(1): Delayed 1 second(s)

2022-03-30 15:44:28 - [MESSAGE][PASSED] - Delayed 1 second(s)

2022-03-30 15:44:28 - [TEST_STEP][PASSED] - setText(findTestObject("Object Repository/Input_Corporate/Input_Konsumen/input_Telepon 1_form-control ng-untouched ng-pristine ng-valid"), konsumen_telepon1, OPTIONAL): Text '089773662555' is set on object 'Object Repository/Input_Corporate/Input_Konsumen/input_Telepon 1_form-control ng-untouched ng-pristine ng-valid'

2022-03-30 15:44:28 - [MESSAGE][PASSED] - Text '089773662555' is set on object 'Object Repository/Input_Corporate/Input_Konsumen/input_Telepon 1_form-control ng-untouched ng-pristine ng-valid'

2022-03-30 15:44:28 - [TEST_STEP][PASSED] - delay(1): Delayed 1 second(s)

2022-03-30 15:44:29 - [MESSAGE][PASSED] - Delayed 1 second(s)

2022-03-30 15:44:29 - [TEST_STEP][PASSED] - takeFullPageScreenshotAsCheckpoint(userDir + sprint4WebScreenshootPath + "scenario-4-Input-data-alamat-pengirim-surat.png"): Taking screenshot successfully

2022-03-30 15:44:31 - [MESSAGE][INFO] - 0 hidden object(s)

2022-03-30 15:44:32 - [MESSAGE][PASSED] - Taking screenshot successfully
[[ATTACHMENT|D:\PROJECT\BCA\BCAF_MEAPP_i3\BCAF_MEAPP_i3\Screenshoot\Sprint4\Web\keyes\keyes-scenario-4-Input-data-alamat-pengirim-surat.png]]

2022-03-30 15:44:32 - [TEST_STEP][PASSED] - markPassed("scenario 4 - Input data alamat pengirim surat"): scenario 4 - Input data alamat pengirim surat

2022-03-30 15:44:32 - [MESSAGE][PASSED] - scenario 4 - Input data alamat pengirim surat

2022-03-30 15:44:32 - [TEST_STEP][PASSED] - scrollToPosition(0, 0, OPTIONAL): Browser is scrolled to position x = 0, y = 0

2022-03-30 15:44:32 - [MESSAGE][PASSED] - Browser is scrolled to position x = 0, y = 0

2022-03-30 15:44:32 - [TEST_STEP][PASSED] - delay(2): Delayed 2 second(s)

2022-03-30 15:44:34 - [MESSAGE][PASSED] - Delayed 2 second(s)

2022-03-30 15:44:34 - [TEST_STEP][PASSED] - delay(1): Delayed 1 second(s)

2022-03-30 15:44:35 - [MESSAGE][PASSED] - Delayed 1 second(s)

2022-03-30 15:44:35 - [TEST_STEP][PASSED] - click(findTestObject("Input_Corporate/Pengurus/1_a_Pengurus"), OPTIONAL): Object: 'Object Repository/Input_Corporate/Pengurus/1_a_Pengurus' is clicked on

2022-03-30 15:44:35 - [MESSAGE][PASSED] - Object: 'Object Repository/Input_Corporate/Pengurus/1_a_Pengurus' is clicked on

2022-03-30 15:44:35 - [TEST_STEP][PASSED] - delay(1): Delayed 1 second(s)

2022-03-30 15:44:36 - [MESSAGE][PASSED] - Delayed 1 second(s)

2022-03-30 15:44:36 - [TEST_STEP][PASSED] - takeFullPageScreenshotAsCheckpoint(userDir + sprint4WebScreenshootPath + "scenario-4-Input-data-pengurus.png"): Taking screenshot successfully

2022-03-30 15:44:37 - [MESSAGE][INFO] - 0 hidden object(s)

2022-03-30 15:44:37 - [MESSAGE][PASSED] - Taking screenshot successfully
[[ATTACHMENT|D:\PROJECT\BCA\BCAF_MEAPP_i3\BCAF_MEAPP_i3\Screenshoot\Sprint4\Web\keyes\keyes-scenario-4-Input-data-pengurus.png]]

2022-03-30 15:44:37 - [TEST_STEP][PASSED] - markPassed("scenario 4 - Input data pengurus"): scenario 4 - Input data pengurus

2022-03-30 15:44:37 - [MESSAGE][PASSED] - scenario 4 - Input data pengurus

2022-03-30 15:44:37 - [TEST_STEP][PASSED] - delay(1): Delayed 1 second(s)

2022-03-30 15:44:38 - [MESSAGE][PASSED] - Delayed 1 second(s)

2022-03-30 15:44:38 - [TEST_STEP][PASSED] - click(findTestObject("Input_Corporate/Pengurus/2_i_Add_ri-file-add-line ( Add_Pengurus )"), OPTIONAL): Object: 'Object Repository/Input_Corporate/Pengurus/2_i_Add_ri-file-add-line ( Add_Pengurus )' is clicked on

2022-03-30 15:44:38 - [MESSAGE][PASSED] - Object: 'Object Repository/Input_Corporate/Pengurus/2_i_Add_ri-file-add-line ( Add_Pengurus )' is clicked on

2022-03-30 15:44:38 - [TEST_STEP][PASSED] - delay(1): Delayed 1 second(s)

2022-03-30 15:44:39 - [MESSAGE][PASSED] - Delayed 1 second(s)

2022-03-30 15:44:39 - [TEST_STEP][PASSED] - click(findTestObject("Input_Corporate/Pengurus/3_button_Pengurus 1"), OPTIONAL): Object: 'Object Repository/Input_Corporate/Pengurus/3_button_Pengurus 1' is clicked on

2022-03-30 15:44:40 - [MESSAGE][PASSED] - Object: 'Object Repository/Input_Corporate/Pengurus/3_button_Pengurus 1' is clicked on

2022-03-30 15:44:40 - [TEST_STEP][PASSED] - delay(1): Delayed 1 second(s)

2022-03-30 15:44:41 - [MESSAGE][PASSED] - Delayed 1 second(s)

2022-03-30 15:44:41 - [TEST_STEP][PASSED] - takeFullPageScreenshotAsCheckpoint(userDir + sprint4WebScreenshootPath + "scenario-4-Masuk-submenu-data-pengurus-1.png"): Taking screenshot successfully

2022-03-30 15:44:42 - [MESSAGE][INFO] - 0 hidden object(s)

2022-03-30 15:44:42 - [MESSAGE][PASSED] - Taking screenshot successfully
[[ATTACHMENT|D:\PROJECT\BCA\BCAF_MEAPP_i3\BCAF_MEAPP_i3\Screenshoot\Sprint4\Web\keyes\keyes-scenario-4-Masuk-submenu-data-pengurus-1.png]]

2022-03-30 15:44:42 - [TEST_STEP][PASSED] - markPassed("scenario 4 - Masuk submenu data pengurus 1"): scenario 4 - Masuk submenu data pengurus 1

2022-03-30 15:44:42 - [MESSAGE][PASSED] - scenario 4 - Masuk submenu data pengurus 1

2022-03-30 15:44:42 - [TEST_STEP][PASSED] - delay(1): Delayed 1 second(s)

2022-03-30 15:44:43 - [MESSAGE][PASSED] - Delayed 1 second(s)

2022-03-30 15:44:43 - [TEST_STEP][PASSED] - click(findTestObject("Input_Corporate/Pengurus/4_a_Capture File"), OPTIONAL): Object: 'Object Repository/Input_Corporate/Pengurus/4_a_Capture File' is clicked on

2022-03-30 15:44:44 - [MESSAGE][PASSED] - Object: 'Object Repository/Input_Corporate/Pengurus/4_a_Capture File' is clicked on

2022-03-30 15:44:44 - [TEST_STEP][PASSED] - delay(1): Delayed 1 second(s)

2022-03-30 15:44:45 - [MESSAGE][PASSED] - Delayed 1 second(s)

2022-03-30 15:44:45 - [TEST_STEP][PASSED] - uploadFile(findTestObject("Input_Corporate/Capture_"), userDir + cobaKTP, OPTIONAL): File 'D:/PROJECT/BCA/BCAF_MEAPP_i3/BCAF_MEAPP_i3/Assets/ktp_dummy.png' sent to object: 'Object Repository/Input_Corporate/Capture_'

2022-03-30 15:44:45 - [MESSAGE][PASSED] - File 'D:/PROJECT/BCA/BCAF_MEAPP_i3/BCAF_MEAPP_i3/Assets/ktp_dummy.png' sent to object: 'Object Repository/Input_Corporate/Capture_'

2022-03-30 15:44:45 - [TEST_STEP][PASSED] - delay(1): Delayed 1 second(s)

2022-03-30 15:44:46 - [MESSAGE][PASSED] - Delayed 1 second(s)

2022-03-30 15:44:46 - [TEST_STEP][PASSED] - waitForElementClickable(findTestObject("Input_Corporate/Pengurus/5_input_Name_form-control ng-untouched ng-pristine ng-invalid"), 300): Object 'Object Repository/Input_Corporate/Pengurus/5_input_Name_form-control ng-untouched ng-pristine ng-invalid' is clickable

2022-03-30 15:44:56 - [MESSAGE][PASSED] - Object 'Object Repository/Input_Corporate/Pengurus/5_input_Name_form-control ng-untouched ng-pristine ng-invalid' is clickable

2022-03-30 15:44:56 - [TEST_STEP][PASSED] - delay(1): Delayed 1 second(s)

2022-03-30 15:44:57 - [MESSAGE][PASSED] - Delayed 1 second(s)

2022-03-30 15:44:57 - [TEST_STEP][PASSED] - takeFullPageScreenshotAsCheckpoint(userDir + sprint4WebScreenshootPath + "scenario-4-Berhasil-input-otomatis-data-pengurus-berdasarkan-data-capture-ktp-pengurus-yang-di-capture.png"): Taking screenshot successfully

2022-03-30 15:44:58 - [MESSAGE][INFO] - 0 hidden object(s)

2022-03-30 15:44:58 - [MESSAGE][PASSED] - Taking screenshot successfully
[[ATTACHMENT|D:\PROJECT\BCA\BCAF_MEAPP_i3\BCAF_MEAPP_i3\Screenshoot\Sprint4\Web\keyes\keyes-scenario-4-Berhasil-input-otomatis-data-pengurus-berdasarkan-data-capture-ktp-pengurus-yang-di-capture.png]]

2022-03-30 15:44:58 - [TEST_STEP][PASSED] - markPassed("scenario 4 - Berhasil input otomatis data pengurus berdasarkan data capture ktp pengurus yang di capture "): scenario 4 - Berhasil input otomatis data pengurus berdasarkan data capture ktp pengurus yang di capture 

2022-03-30 15:44:58 - [MESSAGE][PASSED] - scenario 4 - Berhasil input otomatis data pengurus berdasarkan data capture ktp pengurus yang di capture 

2022-03-30 15:44:58 - [TEST_STEP][PASSED] - delay(1): Delayed 1 second(s)

2022-03-30 15:44:59 - [MESSAGE][PASSED] - Delayed 1 second(s)

2022-03-30 15:44:59 - [TEST_STEP][PASSED] - setText(findTestObject("Input_Corporate/Pengurus/8_input_SID Pengurus_form-control ng-pristine ng-invalid is-invalid ng-touched"), pengurus_SID, OPTIONAL): Text '3345434656' is set on object 'Object Repository/Input_Corporate/Pengurus/8_input_SID Pengurus_form-control ng-pristine ng-invalid is-invalid ng-touched'

2022-03-30 15:45:00 - [MESSAGE][PASSED] - Text '3345434656' is set on object 'Object Repository/Input_Corporate/Pengurus/8_input_SID Pengurus_form-control ng-pristine ng-invalid is-invalid ng-touched'

2022-03-30 15:45:00 - [TEST_STEP][PASSED] - delay(1): Delayed 1 second(s)

2022-03-30 15:45:01 - [MESSAGE][PASSED] - Delayed 1 second(s)

2022-03-30 15:45:01 - [TEST_STEP][PASSED] - scrollToElement(findTestObject("Input_Corporate/Pengurus/2_i_Add_ri-file-add-line ( Add_Pengurus )"), 30, OPTIONAL): Scroll to object 'Object Repository/Input_Corporate/Pengurus/2_i_Add_ri-file-add-line ( Add_Pengurus )' successfully

2022-03-30 15:45:01 - [MESSAGE][PASSED] - Scroll to object 'Object Repository/Input_Corporate/Pengurus/2_i_Add_ri-file-add-line ( Add_Pengurus )' successfully

2022-03-30 15:45:01 - [TEST_STEP][PASSED] - delay(1): Delayed 1 second(s)

2022-03-30 15:45:02 - [MESSAGE][PASSED] - Delayed 1 second(s)

2022-03-30 15:45:02 - [TEST_STEP][PASSED] - setText(findTestObject("Input_Corporate/Pengurus/15_input_Kode Pos_form-control bcaf-autocomplete ng-pristine ng-invalid ng-touched"), pengurus_kodePos, OPTIONAL): Text '56643' is set on object 'Object Repository/Input_Corporate/Pengurus/15_input_Kode Pos_form-control bcaf-autocomplete ng-pristine ng-invalid ng-touched'

2022-03-30 15:45:03 - [MESSAGE][PASSED] - Text '56643' is set on object 'Object Repository/Input_Corporate/Pengurus/15_input_Kode Pos_form-control bcaf-autocomplete ng-pristine ng-invalid ng-touched'

2022-03-30 15:45:03 - [TEST_STEP][PASSED] - delay(1): Delayed 1 second(s)

2022-03-30 15:45:04 - [MESSAGE][PASSED] - Delayed 1 second(s)

2022-03-30 15:45:04 - [TEST_STEP][PASSED] - click(findTestObject("Input_Corporate/Pengurus/13_div_Pilih Role"), OPTIONAL): Object: 'Object Repository/Input_Corporate/Pengurus/13_div_Pilih Role' is clicked on

2022-03-30 15:45:04 - [MESSAGE][PASSED] - Object: 'Object Repository/Input_Corporate/Pengurus/13_div_Pilih Role' is clicked on

2022-03-30 15:45:04 - [TEST_STEP][PASSED] - delay(1): Delayed 1 second(s)

2022-03-30 15:45:05 - [MESSAGE][PASSED] - Delayed 1 second(s)

2022-03-30 15:45:05 - [TEST_STEP][PASSED] - setText(findTestObject("Input_Corporate/Pengurus/13_div_Pilih Role"), pengurus_role, OPTIONAL): Text 'not set' is set on object 'Object Repository/Input_Corporate/Pengurus/13_div_Pilih Role'

2022-03-30 15:45:06 - [MESSAGE][PASSED] - Text 'not set' is set on object 'Object Repository/Input_Corporate/Pengurus/13_div_Pilih Role'

2022-03-30 15:45:06 - [TEST_STEP][PASSED] - delay(1): Delayed 1 second(s)

2022-03-30 15:45:07 - [MESSAGE][PASSED] - Delayed 1 second(s)

2022-03-30 15:45:07 - [TEST_STEP][PASSED] - click(findTestObject("Input_Corporate/Pengurus/14_div_Not Set"), OPTIONAL): Object: 'Object Repository/Input_Corporate/Pengurus/14_div_Not Set' is clicked on

2022-03-30 15:45:07 - [MESSAGE][PASSED] - Object: 'Object Repository/Input_Corporate/Pengurus/14_div_Not Set' is clicked on

2022-03-30 15:45:07 - [TEST_STEP][PASSED] - delay(1): Delayed 1 second(s)

2022-03-30 15:45:09 - [MESSAGE][PASSED] - Delayed 1 second(s)

2022-03-30 15:45:09 - [TEST_STEP][PASSED] - click(findTestObject("Input_Corporate/Pengurus/21_div_Pilih Jabatan"), OPTIONAL): Object: 'Object Repository/Input_Corporate/Pengurus/21_div_Pilih Jabatan' is clicked on

2022-03-30 15:45:09 - [MESSAGE][PASSED] - Object: 'Object Repository/Input_Corporate/Pengurus/21_div_Pilih Jabatan' is clicked on

2022-03-30 15:45:09 - [TEST_STEP][PASSED] - delay(1): Delayed 1 second(s)

2022-03-30 15:45:10 - [MESSAGE][PASSED] - Delayed 1 second(s)

2022-03-30 15:45:10 - [TEST_STEP][PASSED] - setText(findTestObject("Object Repository/Input_Corporate/Pengurus/21_div_Pilih Jabatan"), pengurus_jabatan, OPTIONAL): Text 'komisaris utama' is set on object 'Object Repository/Input_Corporate/Pengurus/21_div_Pilih Jabatan'

2022-03-30 15:45:11 - [MESSAGE][PASSED] - Text 'komisaris utama' is set on object 'Object Repository/Input_Corporate/Pengurus/21_div_Pilih Jabatan'

2022-03-30 15:45:11 - [TEST_STEP][PASSED] - delay(1): Delayed 1 second(s)

2022-03-30 15:45:12 - [MESSAGE][PASSED] - Delayed 1 second(s)

2022-03-30 15:45:12 - [TEST_STEP][PASSED] - click(findTestObject("Input_Corporate/Pengurus/22_span_Komisaris Utama"), OPTIONAL): Object: 'Object Repository/Input_Corporate/Pengurus/22_span_Komisaris Utama' is clicked on

2022-03-30 15:45:12 - [MESSAGE][PASSED] - Object: 'Object Repository/Input_Corporate/Pengurus/22_span_Komisaris Utama' is clicked on

2022-03-30 15:45:12 - [TEST_STEP][PASSED] - takeFullPageScreenshotAsCheckpoint(userDir + sprint4WebScreenshootPath + "scenario-4-Berhasil-input-otomatis-data-pengurus-1.png"): Taking screenshot successfully

2022-03-30 15:45:13 - [MESSAGE][INFO] - 0 hidden object(s)

2022-03-30 15:45:14 - [MESSAGE][PASSED] - Taking screenshot successfully
[[ATTACHMENT|D:\PROJECT\BCA\BCAF_MEAPP_i3\BCAF_MEAPP_i3\Screenshoot\Sprint4\Web\keyes\keyes-scenario-4-Berhasil-input-otomatis-data-pengurus-1.png]]

2022-03-30 15:45:14 - [TEST_STEP][PASSED] - markPassed("scenario 4 - Berhasil input data pengurus 1"): scenario 4 - Berhasil input data pengurus 1

2022-03-30 15:45:14 - [MESSAGE][PASSED] - scenario 4 - Berhasil input data pengurus 1

2022-03-30 15:45:14 - [TEST_STEP][PASSED] - delay(1): Delayed 1 second(s)

2022-03-30 15:45:15 - [MESSAGE][PASSED] - Delayed 1 second(s)

2022-03-30 15:45:15 - [TEST_STEP][PASSED] - delay(1): Delayed 1 second(s)

2022-03-30 15:45:16 - [MESSAGE][PASSED] - Delayed 1 second(s)

2022-03-30 15:45:16 - [TEST_STEP][PASSED] - scrollToPosition(0, 133, OPTIONAL): Browser is scrolled to position x = 0, y = 133

2022-03-30 15:45:16 - [MESSAGE][PASSED] - Browser is scrolled to position x = 0, y = 133

2022-03-30 15:45:16 - [TEST_STEP][PASSED] - delay(1): Delayed 1 second(s)

2022-03-30 15:45:17 - [MESSAGE][PASSED] - Delayed 1 second(s)

2022-03-30 15:45:17 - [TEST_STEP][PASSED] - click(findTestObject("Input_Corporate/Pemegang_saham/1_a_Pemegang Saham"), OPTIONAL): Object: 'Object Repository/Input_Corporate/Pemegang_saham/1_a_Pemegang Saham' is clicked on

2022-03-30 15:45:17 - [MESSAGE][PASSED] - Object: 'Object Repository/Input_Corporate/Pemegang_saham/1_a_Pemegang Saham' is clicked on

2022-03-30 15:45:17 - [TEST_STEP][PASSED] - delay(1): Delayed 1 second(s)

2022-03-30 15:45:18 - [MESSAGE][PASSED] - Delayed 1 second(s)

2022-03-30 15:45:18 - [TEST_STEP][PASSED] - takeFullPageScreenshotAsCheckpoint(userDir + sprint4WebScreenshootPath + "scenario-4-Masuk-Submenu-pemegang-saham-1.png"): Taking screenshot successfully

2022-03-30 15:45:19 - [MESSAGE][INFO] - 0 hidden object(s)

2022-03-30 15:45:19 - [MESSAGE][PASSED] - Taking screenshot successfully
[[ATTACHMENT|D:\PROJECT\BCA\BCAF_MEAPP_i3\BCAF_MEAPP_i3\Screenshoot\Sprint4\Web\keyes\keyes-scenario-4-Masuk-Submenu-pemegang-saham-1.png]]

2022-03-30 15:45:19 - [TEST_STEP][PASSED] - markPassed("scenario 4 - Berhasil masuk menu pemegang saham "): scenario 4 - Berhasil masuk menu pemegang saham 

2022-03-30 15:45:19 - [MESSAGE][PASSED] - scenario 4 - Berhasil masuk menu pemegang saham 

2022-03-30 15:45:19 - [TEST_STEP][PASSED] - delay(1): Delayed 1 second(s)

2022-03-30 15:45:20 - [MESSAGE][PASSED] - Delayed 1 second(s)

2022-03-30 15:45:20 - [TEST_STEP][PASSED] - click(findTestObject("Input_Corporate/Pemegang_saham/2_a_Add"), OPTIONAL): Object: 'Object Repository/Input_Corporate/Pemegang_saham/2_a_Add' is clicked on

2022-03-30 15:45:21 - [MESSAGE][PASSED] - Object: 'Object Repository/Input_Corporate/Pemegang_saham/2_a_Add' is clicked on

2022-03-30 15:45:21 - [TEST_STEP][PASSED] - delay(1): Delayed 1 second(s)

2022-03-30 15:45:22 - [MESSAGE][PASSED] - Delayed 1 second(s)

2022-03-30 15:45:22 - [TEST_STEP][PASSED] - click(findTestObject("Input_Corporate/Pemegang_saham/input_Perorangan_radios"), OPTIONAL): Object: 'Object Repository/Input_Corporate/Pemegang_saham/input_Perorangan_radios' is clicked on

2022-03-30 15:45:22 - [MESSAGE][PASSED] - Object: 'Object Repository/Input_Corporate/Pemegang_saham/input_Perorangan_radios' is clicked on

2022-03-30 15:45:22 - [TEST_STEP][PASSED] - click(findTestObject("Input_Corporate/Pemegang_saham/input_Jenis Pemegang Saham_radios"), OPTIONAL): Object: 'Object Repository/Input_Corporate/Pemegang_saham/input_Jenis Pemegang Saham_radios' is clicked on

2022-03-30 15:45:22 - [MESSAGE][PASSED] - Object: 'Object Repository/Input_Corporate/Pemegang_saham/input_Jenis Pemegang Saham_radios' is clicked on

2022-03-30 15:45:22 - [TEST_STEP][PASSED] - delay(1): Delayed 1 second(s)

2022-03-30 15:45:23 - [MESSAGE][PASSED] - Delayed 1 second(s)

2022-03-30 15:45:23 - [TEST_STEP][PASSED] - takeFullPageScreenshotAsCheckpoint(userDir + sprint4WebScreenshootPath + "scenario-4-Memilih-radio-button-pemegang-saham.png"): Taking screenshot successfully

2022-03-30 15:45:24 - [MESSAGE][INFO] - 0 hidden object(s)

2022-03-30 15:45:24 - [MESSAGE][PASSED] - Taking screenshot successfully
[[ATTACHMENT|D:\PROJECT\BCA\BCAF_MEAPP_i3\BCAF_MEAPP_i3\Screenshoot\Sprint4\Web\keyes\keyes-scenario-4-Memilih-radio-button-pemegang-saham.png]]

2022-03-30 15:45:24 - [TEST_STEP][PASSED] - markPassed("scenario 4 - Memilih radio button pemegang saham"): scenario 4 - Memilih radio button pemegang saham

2022-03-30 15:45:24 - [MESSAGE][PASSED] - scenario 4 - Memilih radio button pemegang saham

2022-03-30 15:45:24 - [TEST_STEP][PASSED] - delay(1): Delayed 1 second(s)

2022-03-30 15:45:25 - [MESSAGE][PASSED] - Delayed 1 second(s)

2022-03-30 15:45:25 - [TEST_STEP][PASSED] - click(findTestObject("Input_Corporate/Pemegang_saham/4_button_OK"), OPTIONAL): Object: 'Object Repository/Input_Corporate/Pemegang_saham/4_button_OK' is clicked on

2022-03-30 15:45:26 - [MESSAGE][PASSED] - Object: 'Object Repository/Input_Corporate/Pemegang_saham/4_button_OK' is clicked on

2022-03-30 15:45:26 - [TEST_STEP][PASSED] - delay(1): Delayed 1 second(s)

2022-03-30 15:45:27 - [MESSAGE][PASSED] - Delayed 1 second(s)

2022-03-30 15:45:27 - [TEST_STEP][PASSED] - click(findTestObject("Input_Corporate/Pemegang_saham/5_button_Pemegang Saham 1"), OPTIONAL): Object: 'Object Repository/Input_Corporate/Pemegang_saham/5_button_Pemegang Saham 1' is clicked on

2022-03-30 15:45:27 - [MESSAGE][PASSED] - Object: 'Object Repository/Input_Corporate/Pemegang_saham/5_button_Pemegang Saham 1' is clicked on

2022-03-30 15:45:27 - [TEST_STEP][PASSED] - delay(1): Delayed 1 second(s)

2022-03-30 15:45:28 - [MESSAGE][PASSED] - Delayed 1 second(s)

2022-03-30 15:45:28 - [TEST_STEP][PASSED] - takeFullPageScreenshotAsCheckpoint(userDir + sprint4WebScreenshootPath + "scenario-4-Masuk-Submenu-pemegang-saham-1.png"): Taking screenshot successfully

2022-03-30 15:45:29 - [MESSAGE][INFO] - 0 hidden object(s)

2022-03-30 15:45:29 - [MESSAGE][PASSED] - Taking screenshot successfully
[[ATTACHMENT|D:\PROJECT\BCA\BCAF_MEAPP_i3\BCAF_MEAPP_i3\Screenshoot\Sprint4\Web\keyes\keyes-scenario-4-Masuk-Submenu-pemegang-saham-1.png]]

2022-03-30 15:45:29 - [TEST_STEP][PASSED] - markPassed("scenario 4 - Masuk submenu pemegang saham 1"): scenario 4 - Masuk submenu pemegang saham 1

2022-03-30 15:45:29 - [MESSAGE][PASSED] - scenario 4 - Masuk submenu pemegang saham 1

2022-03-30 15:45:29 - [TEST_STEP][PASSED] - delay(1): Delayed 1 second(s)

2022-03-30 15:45:30 - [MESSAGE][PASSED] - Delayed 1 second(s)

2022-03-30 15:45:30 - [TEST_STEP][PASSED] - click(findTestObject("Input_Corporate/Pemegang_saham/6_a_Capture File"), OPTIONAL): Object: 'Object Repository/Input_Corporate/Pemegang_saham/6_a_Capture File' is clicked on

2022-03-30 15:45:31 - [MESSAGE][PASSED] - Object: 'Object Repository/Input_Corporate/Pemegang_saham/6_a_Capture File' is clicked on

2022-03-30 15:45:31 - [TEST_STEP][PASSED] - delay(1): Delayed 1 second(s)

2022-03-30 15:45:32 - [MESSAGE][PASSED] - Delayed 1 second(s)

2022-03-30 15:45:32 - [TEST_STEP][PASSED] - uploadFile(findTestObject("Input_Corporate/Capture_"), userDir + cobaKTP, OPTIONAL): File 'D:/PROJECT/BCA/BCAF_MEAPP_i3/BCAF_MEAPP_i3/Assets/ktp_dummy.png' sent to object: 'Object Repository/Input_Corporate/Capture_'

2022-03-30 15:45:32 - [MESSAGE][PASSED] - File 'D:/PROJECT/BCA/BCAF_MEAPP_i3/BCAF_MEAPP_i3/Assets/ktp_dummy.png' sent to object: 'Object Repository/Input_Corporate/Capture_'

2022-03-30 15:45:32 - [TEST_STEP][PASSED] - delay(1): Delayed 1 second(s)

2022-03-30 15:45:33 - [MESSAGE][PASSED] - Delayed 1 second(s)

2022-03-30 15:45:33 - [TEST_STEP][PASSED] - scrollToPosition(0, 200, OPTIONAL): Browser is scrolled to position x = 0, y = 200

2022-03-30 15:45:33 - [MESSAGE][PASSED] - Browser is scrolled to position x = 0, y = 200

2022-03-30 15:45:33 - [TEST_STEP][PASSED] - delay(1): Delayed 1 second(s)

2022-03-30 15:45:34 - [MESSAGE][PASSED] - Delayed 1 second(s)

2022-03-30 15:45:34 - [TEST_STEP][PASSED] - setText(findTestObject("Object Repository/Input_Corporate/Pemegang_saham/input_Kode Pos_2"), pemegangShm_kodePos): Text '12345' is set on object 'Object Repository/Input_Corporate/Pemegang_saham/input_Kode Pos_2'

2022-03-30 15:45:43 - [MESSAGE][PASSED] - Text '12345' is set on object 'Object Repository/Input_Corporate/Pemegang_saham/input_Kode Pos_2'

2022-03-30 15:45:43 - [TEST_STEP][PASSED] - delay(1): Delayed 1 second(s)

2022-03-30 15:45:44 - [MESSAGE][PASSED] - Delayed 1 second(s)

2022-03-30 15:45:44 - [TEST_STEP][PASSED] - scrollToPosition(0, 133, OPTIONAL): Browser is scrolled to position x = 0, y = 133

2022-03-30 15:45:44 - [MESSAGE][PASSED] - Browser is scrolled to position x = 0, y = 133

2022-03-30 15:45:44 - [TEST_STEP][PASSED] - click(findTestObject("Input_Corporate/Penjamin/1_a_Penjamin"), OPTIONAL): Object: 'Object Repository/Input_Corporate/Penjamin/1_a_Penjamin' is clicked on

2022-03-30 15:45:45 - [MESSAGE][PASSED] - Object: 'Object Repository/Input_Corporate/Penjamin/1_a_Penjamin' is clicked on

2022-03-30 15:45:45 - [TEST_STEP][PASSED] - delay(1): Delayed 1 second(s)

2022-03-30 15:45:46 - [MESSAGE][PASSED] - Delayed 1 second(s)

2022-03-30 15:45:46 - [TEST_STEP][PASSED] - click(findTestObject("Input_Corporate/Penjamin/2_input_Ya_guarantor_Tidak"), OPTIONAL): Object: 'Object Repository/Input_Corporate/Penjamin/2_input_Ya_guarantor_Tidak' is clicked on

2022-03-30 15:45:46 - [MESSAGE][PASSED] - Object: 'Object Repository/Input_Corporate/Penjamin/2_input_Ya_guarantor_Tidak' is clicked on

2022-03-30 15:45:46 - [TEST_STEP][PASSED] - delay(1): Delayed 1 second(s)

2022-03-30 15:45:47 - [MESSAGE][PASSED] - Delayed 1 second(s)

2022-03-30 15:45:47 - [TEST_STEP][PASSED] - takeFullPageScreenshotAsCheckpoint(userDir + sprint4WebScreenshootPath + "scenario-4-Berhasil-pemegang-saham-1.png"): Taking screenshot successfully

2022-03-30 15:45:48 - [MESSAGE][INFO] - 0 hidden object(s)

2022-03-30 15:45:48 - [MESSAGE][PASSED] - Taking screenshot successfully
[[ATTACHMENT|D:\PROJECT\BCA\BCAF_MEAPP_i3\BCAF_MEAPP_i3\Screenshoot\Sprint4\Web\keyes\keyes-scenario-4-Berhasil-pemegang-saham-1.png]]

2022-03-30 15:45:48 - [TEST_STEP][PASSED] - markPassed("scenario 4 - Berhasil input pemegang saham 1"): scenario 4 - Berhasil input pemegang saham 1

2022-03-30 15:45:48 - [MESSAGE][PASSED] - scenario 4 - Berhasil input pemegang saham 1

2022-03-30 15:45:48 - [TEST_STEP][PASSED] - delay(1): Delayed 1 second(s)

2022-03-30 15:45:49 - [MESSAGE][PASSED] - Delayed 1 second(s)

2022-03-30 15:45:49 - [TEST_STEP][PASSED] - click(findTestObject("Input_Corporate/Financial/li_Financial"), OPTIONAL): Object: 'Object Repository/Input_Corporate/Financial/li_Financial' is clicked on

2022-03-30 15:45:50 - [MESSAGE][PASSED] - Object: 'Object Repository/Input_Corporate/Financial/li_Financial' is clicked on

2022-03-30 15:45:50 - [TEST_STEP][PASSED] - delay(1): Delayed 1 second(s)

2022-03-30 15:45:51 - [MESSAGE][PASSED] - Delayed 1 second(s)

2022-03-30 15:45:51 - [TEST_STEP][PASSED] - takeFullPageScreenshotAsCheckpoint(userDir + sprint4WebScreenshootPath + "scenario-4-Masuk-Submenu-financial.png"): Taking screenshot successfully

2022-03-30 15:45:51 - [MESSAGE][INFO] - 0 hidden object(s)

2022-03-30 15:45:51 - [MESSAGE][PASSED] - Taking screenshot successfully
[[ATTACHMENT|D:\PROJECT\BCA\BCAF_MEAPP_i3\BCAF_MEAPP_i3\Screenshoot\Sprint4\Web\keyes\keyes-scenario-4-Masuk-Submenu-financial.png]]

2022-03-30 15:45:51 - [TEST_STEP][PASSED] - markPassed("scenario 4 - Masuk submenu financial"): scenario 4 - Masuk submenu financial

2022-03-30 15:45:51 - [MESSAGE][PASSED] - scenario 4 - Masuk submenu financial

2022-03-30 15:45:51 - [TEST_STEP][PASSED] - delay(1): Delayed 1 second(s)

2022-03-30 15:45:52 - [MESSAGE][PASSED] - Delayed 1 second(s)

2022-03-30 15:45:52 - [TEST_STEP][PASSED] - click(findTestObject("Input_Corporate/Financial/button_Laporan Keuangan"), OPTIONAL): Object: 'Object Repository/Input_Corporate/Financial/button_Laporan Keuangan' is clicked on

2022-03-30 15:45:53 - [MESSAGE][PASSED] - Object: 'Object Repository/Input_Corporate/Financial/button_Laporan Keuangan' is clicked on

2022-03-30 15:45:53 - [TEST_STEP][PASSED] - delay(1): Delayed 1 second(s)

2022-03-30 15:45:54 - [MESSAGE][PASSED] - Delayed 1 second(s)

2022-03-30 15:45:54 - [TEST_STEP][PASSED] - click(findTestObject("Input_Corporate/Financial/a_Capture File"), OPTIONAL): Object: 'Object Repository/Input_Corporate/Financial/a_Capture File' is clicked on

2022-03-30 15:45:54 - [MESSAGE][PASSED] - Object: 'Object Repository/Input_Corporate/Financial/a_Capture File' is clicked on

2022-03-30 15:45:54 - [TEST_STEP][PASSED] - delay(1): Delayed 1 second(s)

2022-03-30 15:45:55 - [MESSAGE][PASSED] - Delayed 1 second(s)

2022-03-30 15:45:55 - [TEST_STEP][PASSED] - uploadFile(findTestObject("Input_Corporate/Capture_"), userDir + cobaKTP, OPTIONAL): File 'D:/PROJECT/BCA/BCAF_MEAPP_i3/BCAF_MEAPP_i3/Assets/ktp_dummy.png' sent to object: 'Object Repository/Input_Corporate/Capture_'

2022-03-30 15:45:56 - [MESSAGE][PASSED] - File 'D:/PROJECT/BCA/BCAF_MEAPP_i3/BCAF_MEAPP_i3/Assets/ktp_dummy.png' sent to object: 'Object Repository/Input_Corporate/Capture_'

2022-03-30 15:45:56 - [TEST_STEP][PASSED] - delay(1): Delayed 1 second(s)

2022-03-30 15:45:57 - [MESSAGE][PASSED] - Delayed 1 second(s)

2022-03-30 15:45:57 - [TEST_STEP][PASSED] - takeFullPageScreenshotAsCheckpoint(userDir + sprint4WebScreenshootPath + "scenario-4-berhasil-input-capture-laporan-keuangan.png"): Taking screenshot successfully

2022-03-30 15:45:57 - [MESSAGE][INFO] - 0 hidden object(s)

2022-03-30 15:45:58 - [MESSAGE][PASSED] - Taking screenshot successfully
[[ATTACHMENT|D:\PROJECT\BCA\BCAF_MEAPP_i3\BCAF_MEAPP_i3\Screenshoot\Sprint4\Web\keyes\keyes-scenario-4-berhasil-input-capture-laporan-keuangan.png]]

2022-03-30 15:45:58 - [TEST_STEP][PASSED] - markPassed("scenario 4 - berhasil input capture laporan keuangan"): scenario 4 - berhasil input capture laporan keuangan

2022-03-30 15:45:58 - [MESSAGE][PASSED] - scenario 4 - berhasil input capture laporan keuangan

2022-03-30 15:45:58 - [TEST_STEP][PASSED] - delay(1): Delayed 1 second(s)

2022-03-30 15:45:59 - [MESSAGE][PASSED] - Delayed 1 second(s)

2022-03-30 15:45:59 - [TEST_STEP][PASSED] - click(findTestObject("Input_Corporate/Financial/button_Bukti Kepemilikan Rekening"), OPTIONAL): Object: 'Object Repository/Input_Corporate/Financial/button_Bukti Kepemilikan Rekening' is clicked on

2022-03-30 15:45:59 - [MESSAGE][PASSED] - Object: 'Object Repository/Input_Corporate/Financial/button_Bukti Kepemilikan Rekening' is clicked on

2022-03-30 15:45:59 - [TEST_STEP][PASSED] - delay(1): Delayed 1 second(s)

2022-03-30 15:46:00 - [MESSAGE][PASSED] - Delayed 1 second(s)

2022-03-30 15:46:00 - [TEST_STEP][PASSED] - click(findTestObject("Input_Corporate/Financial/a_Capture File"), OPTIONAL): Object: 'Object Repository/Input_Corporate/Financial/a_Capture File' is clicked on

2022-03-30 15:46:01 - [MESSAGE][PASSED] - Object: 'Object Repository/Input_Corporate/Financial/a_Capture File' is clicked on

2022-03-30 15:46:01 - [TEST_STEP][PASSED] - delay(1): Delayed 1 second(s)

2022-03-30 15:46:02 - [MESSAGE][PASSED] - Delayed 1 second(s)

2022-03-30 15:46:02 - [TEST_STEP][PASSED] - uploadFile(findTestObject("Input_Corporate/Capture_"), userDir + cobaKTP, OPTIONAL): File 'D:/PROJECT/BCA/BCAF_MEAPP_i3/BCAF_MEAPP_i3/Assets/ktp_dummy.png' sent to object: 'Object Repository/Input_Corporate/Capture_'

2022-03-30 15:46:02 - [MESSAGE][PASSED] - File 'D:/PROJECT/BCA/BCAF_MEAPP_i3/BCAF_MEAPP_i3/Assets/ktp_dummy.png' sent to object: 'Object Repository/Input_Corporate/Capture_'

2022-03-30 15:46:02 - [TEST_STEP][PASSED] - delay(1): Delayed 1 second(s)

2022-03-30 15:46:03 - [MESSAGE][PASSED] - Delayed 1 second(s)

2022-03-30 15:46:03 - [TEST_STEP][PASSED] - takeFullPageScreenshotAsCheckpoint(userDir + sprint4WebScreenshootPath + "scenario-4-behasil-input-capture-laporan-bukti-kepemilikan.png"): Taking screenshot successfully

2022-03-30 15:46:04 - [MESSAGE][INFO] - 0 hidden object(s)

2022-03-30 15:46:04 - [MESSAGE][PASSED] - Taking screenshot successfully
[[ATTACHMENT|D:\PROJECT\BCA\BCAF_MEAPP_i3\BCAF_MEAPP_i3\Screenshoot\Sprint4\Web\keyes\keyes-scenario-4-behasil-input-capture-laporan-bukti-kepemilikan.png]]

2022-03-30 15:46:04 - [TEST_STEP][PASSED] - markPassed("scenario 4 - berhasil input capture laporan bukti kepemilikan"): scenario 4 - berhasil input capture laporan bukti kepemilikan

2022-03-30 15:46:04 - [MESSAGE][PASSED] - scenario 4 - berhasil input capture laporan bukti kepemilikan

2022-03-30 15:46:04 - [TEST_STEP][PASSED] - delay(1): Delayed 1 second(s)

2022-03-30 15:46:05 - [MESSAGE][PASSED] - Delayed 1 second(s)

2022-03-30 15:46:05 - [TEST_STEP][PASSED] - setText(findTestObject("Input_Corporate/Financial/input_BCA Branch_form-control ng-untouched ng-pristine ng-valid"), financial_BCABranch, OPTIONAL): Text 'BCA' is set on object 'Object Repository/Input_Corporate/Financial/input_BCA Branch_form-control ng-untouched ng-pristine ng-valid'

2022-03-30 15:46:06 - [MESSAGE][PASSED] - Text 'BCA' is set on object 'Object Repository/Input_Corporate/Financial/input_BCA Branch_form-control ng-untouched ng-pristine ng-valid'

2022-03-30 15:46:06 - [TEST_STEP][PASSED] - delay(1): Delayed 1 second(s)

2022-03-30 15:46:07 - [MESSAGE][PASSED] - Delayed 1 second(s)

2022-03-30 15:46:07 - [TEST_STEP][PASSED] - setText(findTestObject("Input_Corporate/Financial/input_Account No. 10 Digit_form-control ng-untouched ng-pristine ng-valid"), financial_rekNum, OPTIONAL): Text '2343235657' is set on object 'Object Repository/Input_Corporate/Financial/input_Account No. 10 Digit_form-control ng-untouched ng-pristine ng-valid'

2022-03-30 15:46:08 - [MESSAGE][PASSED] - Text '2343235657' is set on object 'Object Repository/Input_Corporate/Financial/input_Account No. 10 Digit_form-control ng-untouched ng-pristine ng-valid'

2022-03-30 15:46:08 - [TEST_STEP][PASSED] - delay(1): Delayed 1 second(s)

2022-03-30 15:46:09 - [MESSAGE][PASSED] - Delayed 1 second(s)

2022-03-30 15:46:09 - [TEST_STEP][PASSED] - takeFullPageScreenshotAsCheckpoint(userDir + sprint4WebScreenshootPath + "scenario-4-berhasil-input-branch-dan-account-10digit-pada-submenu-financial.png"): Taking screenshot successfully

2022-03-30 15:46:09 - [MESSAGE][INFO] - 0 hidden object(s)

2022-03-30 15:46:10 - [MESSAGE][PASSED] - Taking screenshot successfully
[[ATTACHMENT|D:\PROJECT\BCA\BCAF_MEAPP_i3\BCAF_MEAPP_i3\Screenshoot\Sprint4\Web\keyes\keyes-scenario-4-berhasil-input-branch-dan-account-10digit-pada-submenu-financial.png]]

2022-03-30 15:46:10 - [TEST_STEP][PASSED] - markPassed("scenario 4 - berhasil input branch dan account 10 digit pada submenu financial"): scenario 4 - berhasil input branch dan account 10 digit pada submenu financial

2022-03-30 15:46:10 - [MESSAGE][PASSED] - scenario 4 - berhasil input branch dan account 10 digit pada submenu financial

2022-03-30 15:46:10 - [TEST_STEP][PASSED] - delay(1): Delayed 1 second(s)

2022-03-30 15:46:11 - [MESSAGE][PASSED] - Delayed 1 second(s)

2022-03-30 15:46:11 - [TEST_STEP][PASSED] - click(findTestObject("Input_Corporate/Contact_Person/a_Contact Person"), OPTIONAL): Object: 'Object Repository/Input_Corporate/Contact_Person/a_Contact Person' is clicked on

2022-03-30 15:46:11 - [MESSAGE][PASSED] - Object: 'Object Repository/Input_Corporate/Contact_Person/a_Contact Person' is clicked on

2022-03-30 15:46:11 - [TEST_STEP][PASSED] - delay(1): Delayed 1 second(s)

2022-03-30 15:46:12 - [MESSAGE][PASSED] - Delayed 1 second(s)

2022-03-30 15:46:12 - [TEST_STEP][PASSED] - click(findTestObject("Input_Corporate/Contact_Person/input_Yes_inline-radios_No"), OPTIONAL): Object: 'Object Repository/Input_Corporate/Contact_Person/input_Yes_inline-radios_No' is clicked on

2022-03-30 15:46:13 - [MESSAGE][PASSED] - Object: 'Object Repository/Input_Corporate/Contact_Person/input_Yes_inline-radios_No' is clicked on

2022-03-30 15:46:13 - [TEST_STEP][PASSED] - delay(1): Delayed 1 second(s)

2022-03-30 15:46:14 - [MESSAGE][PASSED] - Delayed 1 second(s)

2022-03-30 15:46:14 - [TEST_STEP][PASSED] - takeFullPageScreenshotAsCheckpoint(userDir + sprint4WebScreenshootPath + "scenario-4-berhasil-input-contact-person.png"): Taking screenshot successfully

2022-03-30 15:46:15 - [MESSAGE][INFO] - 0 hidden object(s)

2022-03-30 15:46:15 - [MESSAGE][PASSED] - Taking screenshot successfully
[[ATTACHMENT|D:\PROJECT\BCA\BCAF_MEAPP_i3\BCAF_MEAPP_i3\Screenshoot\Sprint4\Web\keyes\keyes-scenario-4-berhasil-input-contact-person.png]]

2022-03-30 15:46:15 - [TEST_STEP][PASSED] - markPassed("scenario 4 - berhasil input contact person"): scenario 4 - berhasil input contact person

2022-03-30 15:46:15 - [MESSAGE][PASSED] - scenario 4 - berhasil input contact person

2022-03-30 15:46:15 - [TEST_STEP][PASSED] - delay(1): Delayed 1 second(s)

2022-03-30 15:46:16 - [MESSAGE][PASSED] - Delayed 1 second(s)

2022-03-30 15:46:16 - [TEST_STEP][PASSED] - click(findTestObject("Input_Corporate/Other_Document/a_Other Document"), OPTIONAL): Object: 'Object Repository/Input_Corporate/Other_Document/a_Other Document' is clicked on

2022-03-30 15:46:16 - [MESSAGE][PASSED] - Object: 'Object Repository/Input_Corporate/Other_Document/a_Other Document' is clicked on

2022-03-30 15:46:16 - [TEST_STEP][PASSED] - delay(1): Delayed 1 second(s)

2022-03-30 15:46:17 - [MESSAGE][PASSED] - Delayed 1 second(s)

2022-03-30 15:46:17 - [TEST_STEP][PASSED] - takeFullPageScreenshotAsCheckpoint(userDir + sprint4WebScreenshootPath + "scenario-4-Masuk-menu-other-document.png"): Taking screenshot successfully

2022-03-30 15:46:18 - [MESSAGE][INFO] - 0 hidden object(s)

2022-03-30 15:46:18 - [MESSAGE][PASSED] - Taking screenshot successfully
[[ATTACHMENT|D:\PROJECT\BCA\BCAF_MEAPP_i3\BCAF_MEAPP_i3\Screenshoot\Sprint4\Web\keyes\keyes-scenario-4-Masuk-menu-other-document.png]]

2022-03-30 15:46:18 - [TEST_STEP][PASSED] - markPassed("scenario 4 - Masuk menu other document"): scenario 4 - Masuk menu other document

2022-03-30 15:46:18 - [MESSAGE][PASSED] - scenario 4 - Masuk menu other document

2022-03-30 15:46:18 - [TEST_STEP][PASSED] - delay(1): Delayed 1 second(s)

2022-03-30 15:46:19 - [MESSAGE][PASSED] - Delayed 1 second(s)]]></system-out>
         <system-err><![CDATA[]]></system-err>
      </testcase>
      <testcase name="Test Cases/Sprint 4/Skenario 4/04-03-01-Transaction-AppPending-InputData-Information" time="67.149" classname="Test Cases/Sprint 4/Skenario 4/04-03-01-Transaction-AppPending-InputData-Information" status="PASSED">
         <system-out><![CDATA[2022-03-30 15:46:19 - [TEST_CASE][PASSED] - Test Cases/Sprint 4/Skenario 4/04-03-01-Transaction-AppPending-InputData-Information: Test Cases/Sprint 4/Skenario 4/04-03-01-Transaction-AppPending-InputData-Information

2022-03-30 15:46:20 - [TEST_STEP][PASSED] - userDir = getProjectDir(): null

2022-03-30 15:46:20 - [TEST_STEP][PASSED] - delay(1): Delayed 1 second(s)

2022-03-30 15:46:21 - [MESSAGE][PASSED] - Delayed 1 second(s)

2022-03-30 15:46:21 - [TEST_STEP][PASSED] - click(findTestObject("ME_AppPending/span_Collateral dan Loan")): Object: 'Object Repository/ME_AppPending/span_Collateral dan Loan' is clicked on

2022-03-30 15:46:21 - [MESSAGE][PASSED] - Object: 'Object Repository/ME_AppPending/span_Collateral dan Loan' is clicked on

2022-03-30 15:46:21 - [TEST_STEP][PASSED] - delay(1): Delayed 1 second(s)

2022-03-30 15:46:22 - [MESSAGE][PASSED] - Delayed 1 second(s)

2022-03-30 15:46:22 - [TEST_STEP][PASSED] - takeFullPageScreenshotAsCheckpoint(userDir + sprint4WebScreenshootPath + "scenario-4-masuk-menu-collateral-dan-loan.png"): Taking screenshot successfully

2022-03-30 15:46:23 - [MESSAGE][INFO] - 0 hidden object(s)

2022-03-30 15:46:23 - [MESSAGE][PASSED] - Taking screenshot successfully
[[ATTACHMENT|D:\PROJECT\BCA\BCAF_MEAPP_i3\BCAF_MEAPP_i3\Screenshoot\Sprint4\Web\keyes\keyes-scenario-4-masuk-menu-collateral-dan-loan.png]]

2022-03-30 15:46:23 - [TEST_STEP][PASSED] - markPassed("scenario 4 - Masuk menu collateral dan loan"): scenario 4 - Masuk menu collateral dan loan

2022-03-30 15:46:23 - [MESSAGE][PASSED] - scenario 4 - Masuk menu collateral dan loan

2022-03-30 15:46:23 - [TEST_STEP][PASSED] - delay(1): Delayed 1 second(s)

2022-03-30 15:46:24 - [MESSAGE][PASSED] - Delayed 1 second(s)

2022-03-30 15:46:24 - [TEST_STEP][PASSED] - click(findTestObject("ME_CollateralandLoan_information/li_Information")): Object: 'Object Repository/ME_CollateralandLoan_information/li_Information' is clicked on

2022-03-30 15:46:24 - [MESSAGE][PASSED] - Object: 'Object Repository/ME_CollateralandLoan_information/li_Information' is clicked on

2022-03-30 15:46:24 - [TEST_STEP][PASSED] - delay(1): Delayed 1 second(s)

2022-03-30 15:46:25 - [MESSAGE][PASSED] - Delayed 1 second(s)

2022-03-30 15:46:25 - [TEST_STEP][PASSED] - click(findTestObject("ME_CollateralandLoan_information/input_jenispengajuan1"), OPTIONAL): Object: 'Object Repository/ME_CollateralandLoan_information/input_jenispengajuan1' is clicked on

2022-03-30 15:46:26 - [MESSAGE][PASSED] - Object: 'Object Repository/ME_CollateralandLoan_information/input_jenispengajuan1' is clicked on

2022-03-30 15:46:26 - [TEST_STEP][PASSED] - delay(1): Delayed 1 second(s)

2022-03-30 15:46:27 - [MESSAGE][PASSED] - Delayed 1 second(s)

2022-03-30 15:46:27 - [TEST_STEP][PASSED] - setText(findTestObject("ME_CollateralandLoan_information/input_jenispengajuan1"), information_jenisPengajuan, OPTIONAL): Text 'mobil bekas' is set on object 'Object Repository/ME_CollateralandLoan_information/input_jenispengajuan1'

2022-03-30 15:46:28 - [MESSAGE][PASSED] - Text 'mobil bekas' is set on object 'Object Repository/ME_CollateralandLoan_information/input_jenispengajuan1'

2022-03-30 15:46:28 - [TEST_STEP][PASSED] - delay(1): Delayed 1 second(s)

2022-03-30 15:46:29 - [MESSAGE][PASSED] - Delayed 1 second(s)

2022-03-30 15:46:29 - [TEST_STEP][PASSED] - takeFullPageScreenshotAsCheckpoint(userDir + sprint4WebScreenshootPath + "scenario-4-input-jenis-pengajuan.png"): Taking screenshot successfully

2022-03-30 15:46:29 - [MESSAGE][INFO] - 0 hidden object(s)

2022-03-30 15:46:30 - [MESSAGE][PASSED] - Taking screenshot successfully
[[ATTACHMENT|D:\PROJECT\BCA\BCAF_MEAPP_i3\BCAF_MEAPP_i3\Screenshoot\Sprint4\Web\keyes\keyes-scenario-4-input-jenis-pengajuan.png]]

2022-03-30 15:46:30 - [TEST_STEP][PASSED] - markPassed("scenario 4 - Input Jenis Pengajuan"): scenario 4 - Input Jenis Pengajuan

2022-03-30 15:46:30 - [MESSAGE][PASSED] - scenario 4 - Input Jenis Pengajuan

2022-03-30 15:46:30 - [TEST_STEP][PASSED] - delay(1): Delayed 1 second(s)

2022-03-30 15:46:31 - [MESSAGE][PASSED] - Delayed 1 second(s)

2022-03-30 15:46:31 - [TEST_STEP][PASSED] - click(findTestObject("ME_CollateralandLoan_information/div_Mobil Bekas")): Object: 'Object Repository/ME_CollateralandLoan_information/div_Mobil Bekas' is clicked on

2022-03-30 15:46:31 - [MESSAGE][PASSED] - Object: 'Object Repository/ME_CollateralandLoan_information/div_Mobil Bekas' is clicked on

2022-03-30 15:46:31 - [TEST_STEP][PASSED] - delay(1): Delayed 1 second(s)

2022-03-30 15:46:32 - [MESSAGE][PASSED] - Delayed 1 second(s)

2022-03-30 15:46:32 - [TEST_STEP][PASSED] - click(findTestObject("ME_CollateralandLoan_information/input_tujuankredit"), OPTIONAL): Object: 'Object Repository/ME_CollateralandLoan_information/input_tujuankredit' is clicked on

2022-03-30 15:46:33 - [MESSAGE][PASSED] - Object: 'Object Repository/ME_CollateralandLoan_information/input_tujuankredit' is clicked on

2022-03-30 15:46:33 - [TEST_STEP][PASSED] - delay(1): Delayed 1 second(s)

2022-03-30 15:46:34 - [MESSAGE][PASSED] - Delayed 1 second(s)

2022-03-30 15:46:34 - [TEST_STEP][PASSED] - setText(findTestObject("ME_CollateralandLoan_information/input_tujuankredit"), information_tujuanKredit, OPTIONAL): Text 'pembelian aset' is set on object 'Object Repository/ME_CollateralandLoan_information/input_tujuankredit'

2022-03-30 15:46:35 - [MESSAGE][PASSED] - Text 'pembelian aset' is set on object 'Object Repository/ME_CollateralandLoan_information/input_tujuankredit'

2022-03-30 15:46:35 - [TEST_STEP][PASSED] - delay(1): Delayed 1 second(s)

2022-03-30 15:46:36 - [MESSAGE][PASSED] - Delayed 1 second(s)

2022-03-30 15:46:36 - [TEST_STEP][PASSED] - takeFullPageScreenshotAsCheckpoint(userDir + sprint4WebScreenshootPath + "scenario-4-input-tujuan-pengajuan.png"): Taking screenshot successfully

2022-03-30 15:46:36 - [MESSAGE][INFO] - 0 hidden object(s)

2022-03-30 15:46:37 - [MESSAGE][PASSED] - Taking screenshot successfully
[[ATTACHMENT|D:\PROJECT\BCA\BCAF_MEAPP_i3\BCAF_MEAPP_i3\Screenshoot\Sprint4\Web\keyes\keyes-scenario-4-input-tujuan-pengajuan.png]]

2022-03-30 15:46:37 - [TEST_STEP][PASSED] - markPassed("scenario 4 - Input Tujuan Pengajuan"): scenario 4 - Input Tujuan Pengajuan

2022-03-30 15:46:37 - [MESSAGE][PASSED] - scenario 4 - Input Tujuan Pengajuan

2022-03-30 15:46:37 - [TEST_STEP][PASSED] - delay(1): Delayed 1 second(s)

2022-03-30 15:46:38 - [MESSAGE][PASSED] - Delayed 1 second(s)

2022-03-30 15:46:38 - [TEST_STEP][PASSED] - click(findTestObject("ME_CollateralandLoan_information/div_Pembelian Aset")): Object: 'Object Repository/ME_CollateralandLoan_information/div_Pembelian Aset' is clicked on

2022-03-30 15:46:38 - [MESSAGE][PASSED] - Object: 'Object Repository/ME_CollateralandLoan_information/div_Pembelian Aset' is clicked on

2022-03-30 15:46:38 - [TEST_STEP][PASSED] - delay(1): Delayed 1 second(s)

2022-03-30 15:46:39 - [MESSAGE][PASSED] - Delayed 1 second(s)

2022-03-30 15:46:39 - [TEST_STEP][PASSED] - click(findTestObject("ME_CollateralandLoan_information/button_Payment")): Object: 'Object Repository/ME_CollateralandLoan_information/button_Payment' is clicked on

2022-03-30 15:46:40 - [MESSAGE][PASSED] - Object: 'Object Repository/ME_CollateralandLoan_information/button_Payment' is clicked on

2022-03-30 15:46:40 - [TEST_STEP][PASSED] - delay(1): Delayed 1 second(s)

2022-03-30 15:46:41 - [MESSAGE][PASSED] - Delayed 1 second(s)

2022-03-30 15:46:41 - [TEST_STEP][PASSED] - click(findTestObject("ME_CollateralandLoan_information/input_autodebet")): Object: 'Object Repository/ME_CollateralandLoan_information/input_autodebet' is clicked on

2022-03-30 15:46:41 - [MESSAGE][PASSED] - Object: 'Object Repository/ME_CollateralandLoan_information/input_autodebet' is clicked on

2022-03-30 15:46:41 - [TEST_STEP][PASSED] - delay(1): Delayed 1 second(s)

2022-03-30 15:46:42 - [MESSAGE][PASSED] - Delayed 1 second(s)

2022-03-30 15:46:42 - [TEST_STEP][PASSED] - takeFullPageScreenshotAsCheckpoint(userDir + sprint4WebScreenshootPath + "scenario-4-input-payment.png"): Taking screenshot successfully

2022-03-30 15:46:43 - [MESSAGE][INFO] - 0 hidden object(s)

2022-03-30 15:46:43 - [MESSAGE][PASSED] - Taking screenshot successfully
[[ATTACHMENT|D:\PROJECT\BCA\BCAF_MEAPP_i3\BCAF_MEAPP_i3\Screenshoot\Sprint4\Web\keyes\keyes-scenario-4-input-payment.png]]

2022-03-30 15:46:43 - [TEST_STEP][PASSED] - markPassed("scenario 4 - Input Payment"): scenario 4 - Input Payment

2022-03-30 15:46:43 - [MESSAGE][PASSED] - scenario 4 - Input Payment

2022-03-30 15:46:43 - [TEST_STEP][PASSED] - delay(1): Delayed 1 second(s)

2022-03-30 15:46:44 - [MESSAGE][PASSED] - Delayed 1 second(s)

2022-03-30 15:46:44 - [TEST_STEP][PASSED] - click(findTestObject("ME_CollateralandLoan_information/div_Auto Debet")): Object: 'Object Repository/ME_CollateralandLoan_information/div_Auto Debet' is clicked on

2022-03-30 15:46:45 - [MESSAGE][PASSED] - Object: 'Object Repository/ME_CollateralandLoan_information/div_Auto Debet' is clicked on

2022-03-30 15:46:45 - [TEST_STEP][PASSED] - delay(1): Delayed 1 second(s)

2022-03-30 15:46:46 - [MESSAGE][PASSED] - Delayed 1 second(s)

2022-03-30 15:46:46 - [TEST_STEP][PASSED] - setText(findTestObject("ME_CollateralandLoan_information/input_Account No. 10 Digit_text-input-account-no"), information_accountNum): Text '11111111111' is set on object 'Object Repository/ME_CollateralandLoan_information/input_Account No. 10 Digit_text-input-account-no'

2022-03-30 15:46:46 - [MESSAGE][PASSED] - Text '11111111111' is set on object 'Object Repository/ME_CollateralandLoan_information/input_Account No. 10 Digit_text-input-account-no'

2022-03-30 15:46:46 - [TEST_STEP][PASSED] - delay(1): Delayed 1 second(s)

2022-03-30 15:46:47 - [MESSAGE][PASSED] - Delayed 1 second(s)

2022-03-30 15:46:47 - [TEST_STEP][PASSED] - click(findTestObject("ME_CollateralandLoan_information/input_Account No. 10 Digit_inline-checkbox-autodebetNoRek"), OPTIONAL): Object: 'Object Repository/ME_CollateralandLoan_information/input_Account No. 10 Digit_inline-checkbox-autodebetNoRek' is clicked on

2022-03-30 15:46:48 - [MESSAGE][PASSED] - Object: 'Object Repository/ME_CollateralandLoan_information/input_Account No. 10 Digit_inline-checkbox-autodebetNoRek' is clicked on

2022-03-30 15:46:48 - [TEST_STEP][PASSED] - click(findTestObject("ME_CollateralandLoan_information/Capture_rekeningautodebet")): Object: 'Object Repository/ME_CollateralandLoan_information/Capture_rekeningautodebet' is clicked on

2022-03-30 15:46:49 - [MESSAGE][PASSED] - Object: 'Object Repository/ME_CollateralandLoan_information/Capture_rekeningautodebet' is clicked on

2022-03-30 15:46:49 - [TEST_STEP][PASSED] - delay(1): Delayed 1 second(s)

2022-03-30 15:46:50 - [MESSAGE][PASSED] - Delayed 1 second(s)

2022-03-30 15:46:50 - [TEST_STEP][PASSED] - uploadFile(findTestObject("MEApp_AppBaru_InisiasiKonsumen/Capture_"), userDir + pathfinder_npwp): File 'D:/PROJECT/BCA/BCAF_MEAPP_i3/BCAF_MEAPP_i3/Assets/npwp-dummy.jpg' sent to object: 'Object Repository/MEApp_AppBaru_InisiasiKonsumen/Capture_'

2022-03-30 15:46:50 - [MESSAGE][PASSED] - File 'D:/PROJECT/BCA/BCAF_MEAPP_i3/BCAF_MEAPP_i3/Assets/npwp-dummy.jpg' sent to object: 'Object Repository/MEApp_AppBaru_InisiasiKonsumen/Capture_'

2022-03-30 15:46:50 - [TEST_STEP][PASSED] - setText(findTestObject("ME_CollateralandLoan_information/input_Account No. 10 Digit_noRekening"), information_accountNum2): Text '11111111111' is set on object 'Object Repository/ME_CollateralandLoan_information/input_Account No. 10 Digit_noRekening'

2022-03-30 15:46:52 - [MESSAGE][PASSED] - Text '11111111111' is set on object 'Object Repository/ME_CollateralandLoan_information/input_Account No. 10 Digit_noRekening'

2022-03-30 15:46:52 - [TEST_STEP][PASSED] - delay(1): Delayed 1 second(s)

2022-03-30 15:46:53 - [MESSAGE][PASSED] - Delayed 1 second(s)

2022-03-30 15:46:53 - [TEST_STEP][PASSED] - setText(findTestObject("ME_CollateralandLoan_information/input_Cabang BCA_cabangBca"), information_cabang): Text 'jakarta selatan' is set on object 'Object Repository/ME_CollateralandLoan_information/input_Cabang BCA_cabangBca'

2022-03-30 15:46:53 - [MESSAGE][PASSED] - Text 'jakarta selatan' is set on object 'Object Repository/ME_CollateralandLoan_information/input_Cabang BCA_cabangBca'

2022-03-30 15:46:53 - [TEST_STEP][PASSED] - delay(1): Delayed 1 second(s)

2022-03-30 15:46:54 - [MESSAGE][PASSED] - Delayed 1 second(s)

2022-03-30 15:46:54 - [TEST_STEP][PASSED] - setText(findTestObject("ME_CollateralandLoan_information/input_Nama Pemilik Rekening_form-control ng-untouched ng-pristine ng-invalid"), information_namaPemilikRek): Text 'afgan' is set on object 'Object Repository/ME_CollateralandLoan_information/input_Nama Pemilik Rekening_form-control ng-untouched ng-pristine ng-invalid'

2022-03-30 15:46:55 - [MESSAGE][PASSED] - Text 'afgan' is set on object 'Object Repository/ME_CollateralandLoan_information/input_Nama Pemilik Rekening_form-control ng-untouched ng-pristine ng-invalid'

2022-03-30 15:46:55 - [TEST_STEP][PASSED] - delay(1): Delayed 1 second(s)

2022-03-30 15:46:56 - [MESSAGE][PASSED] - Delayed 1 second(s)

2022-03-30 15:46:56 - [TEST_STEP][PASSED] - setText(findTestObject("ME_CollateralandLoan_information/input_No KTP_form-control ng-untouched ng-pristine ng-invalid"), information_noKTP): Text '22222222222222' is set on object 'Object Repository/ME_CollateralandLoan_information/input_No KTP_form-control ng-untouched ng-pristine ng-invalid'

2022-03-30 15:46:57 - [MESSAGE][PASSED] - Text '22222222222222' is set on object 'Object Repository/ME_CollateralandLoan_information/input_No KTP_form-control ng-untouched ng-pristine ng-invalid'

2022-03-30 15:46:57 - [TEST_STEP][PASSED] - delay(1): Delayed 1 second(s)

2022-03-30 15:46:58 - [MESSAGE][PASSED] - Delayed 1 second(s)

2022-03-30 15:46:58 - [TEST_STEP][PASSED] - takeFullPageScreenshotAsCheckpoint(userDir + sprint4WebScreenshootPath + "scenario-4-input-data-autodebit.png"): Taking screenshot successfully

2022-03-30 15:46:59 - [MESSAGE][INFO] - 0 hidden object(s)

2022-03-30 15:46:59 - [MESSAGE][PASSED] - Taking screenshot successfully
[[ATTACHMENT|D:\PROJECT\BCA\BCAF_MEAPP_i3\BCAF_MEAPP_i3\Screenshoot\Sprint4\Web\keyes\keyes-scenario-4-input-data-autodebit.png]]

2022-03-30 15:46:59 - [TEST_STEP][PASSED] - markPassed("scenario 4 - Input data autodebit"): scenario 4 - Input data autodebit

2022-03-30 15:46:59 - [MESSAGE][PASSED] - scenario 4 - Input data autodebit

2022-03-30 15:46:59 - [TEST_STEP][PASSED] - delay(1): Delayed 1 second(s)

2022-03-30 15:47:00 - [MESSAGE][PASSED] - Delayed 1 second(s)

2022-03-30 15:47:00 - [TEST_STEP][PASSED] - click(findTestObject("ME_CollateralandLoan_information/button_Mutasi Rekening")): Object: 'Object Repository/ME_CollateralandLoan_information/button_Mutasi Rekening' is clicked on

2022-03-30 15:47:01 - [MESSAGE][PASSED] - Object: 'Object Repository/ME_CollateralandLoan_information/button_Mutasi Rekening' is clicked on

2022-03-30 15:47:01 - [TEST_STEP][PASSED] - delay(1): Delayed 1 second(s)

2022-03-30 15:47:02 - [MESSAGE][PASSED] - Delayed 1 second(s)

2022-03-30 15:47:02 - [TEST_STEP][PASSED] - takeFullPageScreenshotAsCheckpoint(userDir + sprint4WebScreenshootPath + "scenario-4-masuk-submenu-input-mutasi-rekening.png"): Taking screenshot successfully

2022-03-30 15:47:03 - [MESSAGE][INFO] - 0 hidden object(s)

2022-03-30 15:47:03 - [MESSAGE][PASSED] - Taking screenshot successfully
[[ATTACHMENT|D:\PROJECT\BCA\BCAF_MEAPP_i3\BCAF_MEAPP_i3\Screenshoot\Sprint4\Web\keyes\keyes-scenario-4-masuk-submenu-input-mutasi-rekening.png]]

2022-03-30 15:47:03 - [TEST_STEP][PASSED] - markPassed("scenario 4 - Masuk submenu input mutasi rekening"): scenario 4 - Masuk submenu input mutasi rekening

2022-03-30 15:47:03 - [MESSAGE][PASSED] - scenario 4 - Masuk submenu input mutasi rekening

2022-03-30 15:47:03 - [TEST_STEP][PASSED] - delay(1): Delayed 1 second(s)

2022-03-30 15:47:04 - [MESSAGE][PASSED] - Delayed 1 second(s)

2022-03-30 15:47:04 - [TEST_STEP][PASSED] - click(findTestObject("ME_CollateralandLoan_information/button_Add Mutasi Rekening")): Object: 'Object Repository/ME_CollateralandLoan_information/button_Add Mutasi Rekening' is clicked on

2022-03-30 15:47:05 - [MESSAGE][PASSED] - Object: 'Object Repository/ME_CollateralandLoan_information/button_Add Mutasi Rekening' is clicked on

2022-03-30 15:47:05 - [TEST_STEP][PASSED] - delay(1): Delayed 1 second(s)

2022-03-30 15:47:06 - [MESSAGE][PASSED] - Delayed 1 second(s)

2022-03-30 15:47:06 - [TEST_STEP][PASSED] - takeFullPageScreenshotAsCheckpoint(userDir + sprint4WebScreenshootPath + "scenario-4-sebelum-input-data-mutasi-rekening.png"): Taking screenshot successfully

2022-03-30 15:47:06 - [MESSAGE][INFO] - 0 hidden object(s)

2022-03-30 15:47:07 - [MESSAGE][PASSED] - Taking screenshot successfully
[[ATTACHMENT|D:\PROJECT\BCA\BCAF_MEAPP_i3\BCAF_MEAPP_i3\Screenshoot\Sprint4\Web\keyes\keyes-scenario-4-sebelum-input-data-mutasi-rekening.png]]

2022-03-30 15:47:07 - [TEST_STEP][PASSED] - markPassed("scenario 4 - sebelum input data mutasi rekening"): scenario 4 - sebelum input data mutasi rekening

2022-03-30 15:47:07 - [MESSAGE][PASSED] - scenario 4 - sebelum input data mutasi rekening

2022-03-30 15:47:07 - [TEST_STEP][PASSED] - delay(1): Delayed 1 second(s)

2022-03-30 15:47:08 - [MESSAGE][PASSED] - Delayed 1 second(s)

2022-03-30 15:47:08 - [TEST_STEP][PASSED] - click(findTestObject("ME_CollateralandLoan_information/a_Capture File_mutasirek")): Object: 'Object Repository/ME_CollateralandLoan_information/a_Capture File_mutasirek' is clicked on

2022-03-30 15:47:08 - [MESSAGE][PASSED] - Object: 'Object Repository/ME_CollateralandLoan_information/a_Capture File_mutasirek' is clicked on

2022-03-30 15:47:08 - [TEST_STEP][PASSED] - delay(1): Delayed 1 second(s)

2022-03-30 15:47:09 - [MESSAGE][PASSED] - Delayed 1 second(s)

2022-03-30 15:47:09 - [TEST_STEP][PASSED] - uploadFile(findTestObject("MEApp_AppBaru_InisiasiKonsumen/Capture_"), userDir + pathfinder_npwp): File 'D:/PROJECT/BCA/BCAF_MEAPP_i3/BCAF_MEAPP_i3/Assets/npwp-dummy.jpg' sent to object: 'Object Repository/MEApp_AppBaru_InisiasiKonsumen/Capture_'

2022-03-30 15:47:09 - [MESSAGE][PASSED] - File 'D:/PROJECT/BCA/BCAF_MEAPP_i3/BCAF_MEAPP_i3/Assets/npwp-dummy.jpg' sent to object: 'Object Repository/MEApp_AppBaru_InisiasiKonsumen/Capture_'

2022-03-30 15:47:09 - [TEST_STEP][PASSED] - delay(1): Delayed 1 second(s)

2022-03-30 15:47:10 - [MESSAGE][PASSED] - Delayed 1 second(s)

2022-03-30 15:47:10 - [TEST_STEP][PASSED] - setText(findTestObject("ME_CollateralandLoan_information/input_Mutasi Debit_form-control text-right ng-untouched ng-pristine ng-valid"), information_mutasiDebit): Text '10000000' is set on object 'Object Repository/ME_CollateralandLoan_information/input_Mutasi Debit_form-control text-right ng-untouched ng-pristine ng-valid'

2022-03-30 15:47:11 - [MESSAGE][PASSED] - Text '10000000' is set on object 'Object Repository/ME_CollateralandLoan_information/input_Mutasi Debit_form-control text-right ng-untouched ng-pristine ng-valid'

2022-03-30 15:47:11 - [TEST_STEP][PASSED] - delay(1): Delayed 1 second(s)

2022-03-30 15:47:12 - [MESSAGE][PASSED] - Delayed 1 second(s)

2022-03-30 15:47:12 - [TEST_STEP][PASSED] - setText(findTestObject("ME_CollateralandLoan_information/input_Mutasi Kredit_form-control text-right ng-untouched ng-pristine ng-valid"), information_mutasiKredit): Text '10000000' is set on object 'Object Repository/ME_CollateralandLoan_information/input_Mutasi Kredit_form-control text-right ng-untouched ng-pristine ng-valid'

2022-03-30 15:47:13 - [MESSAGE][PASSED] - Text '10000000' is set on object 'Object Repository/ME_CollateralandLoan_information/input_Mutasi Kredit_form-control text-right ng-untouched ng-pristine ng-valid'

2022-03-30 15:47:13 - [TEST_STEP][PASSED] - delay(1): Delayed 1 second(s)

2022-03-30 15:47:14 - [MESSAGE][PASSED] - Delayed 1 second(s)

2022-03-30 15:47:14 - [TEST_STEP][PASSED] - setText(findTestObject("ME_CollateralandLoan_information/input_Mutasi Saldo_form-control text-right ng-untouched ng-pristine ng-valid"), information_mutasiSaldo): Text '10000000' is set on object 'Object Repository/ME_CollateralandLoan_information/input_Mutasi Saldo_form-control text-right ng-untouched ng-pristine ng-valid'

2022-03-30 15:47:15 - [MESSAGE][PASSED] - Text '10000000' is set on object 'Object Repository/ME_CollateralandLoan_information/input_Mutasi Saldo_form-control text-right ng-untouched ng-pristine ng-valid'

2022-03-30 15:47:15 - [TEST_STEP][PASSED] - delay(1): Delayed 1 second(s)

2022-03-30 15:47:16 - [MESSAGE][PASSED] - Delayed 1 second(s)

2022-03-30 15:47:16 - [TEST_STEP][PASSED] - takeFullPageScreenshotAsCheckpoint(userDir + sprint4WebScreenshootPath + "scenario-4-input-data-mutasi-rekening.png"): Taking screenshot successfully

2022-03-30 15:47:17 - [MESSAGE][INFO] - 0 hidden object(s)

2022-03-30 15:47:17 - [MESSAGE][PASSED] - Taking screenshot successfully
[[ATTACHMENT|D:\PROJECT\BCA\BCAF_MEAPP_i3\BCAF_MEAPP_i3\Screenshoot\Sprint4\Web\keyes\keyes-scenario-4-input-data-mutasi-rekening.png]]

2022-03-30 15:47:17 - [TEST_STEP][PASSED] - markPassed("scenario 4 - input data mutasi rekening"): scenario 4 - input data mutasi rekening

2022-03-30 15:47:17 - [MESSAGE][PASSED] - scenario 4 - input data mutasi rekening

2022-03-30 15:47:17 - [TEST_STEP][PASSED] - delay(1): Delayed 1 second(s)

2022-03-30 15:47:18 - [MESSAGE][PASSED] - Delayed 1 second(s)

2022-03-30 15:47:18 - [TEST_STEP][PASSED] - click(findTestObject("ME_CollateralandLoan_information/button_Add"), OPTIONAL): Object: 'Object Repository/ME_CollateralandLoan_information/button_Add' is clicked on

2022-03-30 15:47:19 - [MESSAGE][PASSED] - Object: 'Object Repository/ME_CollateralandLoan_information/button_Add' is clicked on

2022-03-30 15:47:19 - [TEST_STEP][PASSED] - delay(1): Delayed 1 second(s)

2022-03-30 15:47:20 - [MESSAGE][PASSED] - Delayed 1 second(s)

2022-03-30 15:47:20 - [TEST_STEP][PASSED] - click(findTestObject("ME_CollateralandLoan_information/button_View Detail_btn btn-edit ng-star-inserted"), OPTIONAL): Object: 'Object Repository/ME_CollateralandLoan_information/button_View Detail_btn btn-edit ng-star-inserted' is clicked on

2022-03-30 15:47:20 - [MESSAGE][PASSED] - Object: 'Object Repository/ME_CollateralandLoan_information/button_View Detail_btn btn-edit ng-star-inserted' is clicked on

2022-03-30 15:47:20 - [TEST_STEP][PASSED] - delay(1): Delayed 1 second(s)

2022-03-30 15:47:21 - [MESSAGE][PASSED] - Delayed 1 second(s)

2022-03-30 15:47:21 - [TEST_STEP][PASSED] - click(findTestObject("ME_CollateralandLoan_information/button_Save"), OPTIONAL): Object: 'Object Repository/ME_CollateralandLoan_information/button_Save' is clicked on

2022-03-30 15:47:22 - [MESSAGE][PASSED] - Object: 'Object Repository/ME_CollateralandLoan_information/button_Save' is clicked on

2022-03-30 15:47:22 - [TEST_STEP][PASSED] - delay(1): Delayed 1 second(s)

2022-03-30 15:47:23 - [MESSAGE][PASSED] - Delayed 1 second(s)

2022-03-30 15:47:23 - [TEST_STEP][PASSED] - click(findTestObject("ME_CollateralandLoan_information/a_View Detail_mutasirekening"), OPTIONAL): Object: 'Object Repository/ME_CollateralandLoan_information/a_View Detail_mutasirekening' is clicked on

2022-03-30 15:47:23 - [MESSAGE][PASSED] - Object: 'Object Repository/ME_CollateralandLoan_information/a_View Detail_mutasirekening' is clicked on

2022-03-30 15:47:23 - [TEST_STEP][PASSED] - delay(1): Delayed 1 second(s)

2022-03-30 15:47:24 - [MESSAGE][PASSED] - Delayed 1 second(s)

2022-03-30 15:47:24 - [TEST_STEP][PASSED] - takeFullPageScreenshotAsCheckpoint(userDir + sprint4WebScreenshootPath + "scenario-4-berhasil-mengisi-data-information.png"): Taking screenshot successfully

2022-03-30 15:47:25 - [MESSAGE][INFO] - 0 hidden object(s)

2022-03-30 15:47:25 - [MESSAGE][PASSED] - Taking screenshot successfully
[[ATTACHMENT|D:\PROJECT\BCA\BCAF_MEAPP_i3\BCAF_MEAPP_i3\Screenshoot\Sprint4\Web\keyes\keyes-scenario-4-berhasil-mengisi-data-information.png]]

2022-03-30 15:47:25 - [TEST_STEP][PASSED] - markPassed("scenario 4 - Berhasil mengisi data information"): scenario 4 - Berhasil mengisi data information

2022-03-30 15:47:25 - [MESSAGE][PASSED] - scenario 4 - Berhasil mengisi data information

2022-03-30 15:47:25 - [TEST_STEP][PASSED] - delay(1): Delayed 1 second(s)

2022-03-30 15:47:26 - [MESSAGE][PASSED] - Delayed 1 second(s)]]></system-out>
         <system-err><![CDATA[]]></system-err>
      </testcase>
      <testcase name="Test Cases/Sprint 4/Skenario 4/04-03-02-Transaction-AppPending-InputData-Vehicle" time="242.862" classname="Test Cases/Sprint 4/Skenario 4/04-03-02-Transaction-AppPending-InputData-Vehicle" status="PASSED">
         <system-out><![CDATA[2022-03-30 15:47:26 - [TEST_CASE][PASSED] - Test Cases/Sprint 4/Skenario 4/04-03-02-Transaction-AppPending-InputData-Vehicle: Test Cases/Sprint 4/Skenario 4/04-03-02-Transaction-AppPending-InputData-Vehicle

2022-03-30 15:47:27 - [TEST_STEP][PASSED] - userDir = getProjectDir(): null

2022-03-30 15:47:27 - [TEST_STEP][PASSED] - delay(1): Delayed 1 second(s)

2022-03-30 15:47:28 - [MESSAGE][PASSED] - Delayed 1 second(s)

2022-03-30 15:47:28 - [TEST_STEP][PASSED] - scrollToPosition(0, 130): Browser is scrolled to position x = 0, y = 130

2022-03-30 15:47:28 - [MESSAGE][PASSED] - Browser is scrolled to position x = 0, y = 130

2022-03-30 15:47:28 - [TEST_STEP][PASSED] - takeFullPageScreenshotAsCheckpoint(userDir + sprint4WebScreenshootPath + "scenario-4-masuk-halaman-collateral-loan-vehicle.png"): Taking screenshot successfully

2022-03-30 15:47:29 - [MESSAGE][INFO] - 0 hidden object(s)

2022-03-30 15:47:29 - [MESSAGE][PASSED] - Taking screenshot successfully
[[ATTACHMENT|D:\PROJECT\BCA\BCAF_MEAPP_i3\BCAF_MEAPP_i3\Screenshoot\Sprint4\Web\keyes\keyes-scenario-4-masuk-halaman-collateral-loan-vehicle.png]]

2022-03-30 15:47:29 - [TEST_STEP][PASSED] - markPassed("scenario 4 - Masuk halaman collateral loan vehicle"): scenario 4 - Masuk halaman collateral loan vehicle

2022-03-30 15:47:29 - [MESSAGE][PASSED] - scenario 4 - Masuk halaman collateral loan vehicle

2022-03-30 15:47:29 - [TEST_STEP][PASSED] - delay(1): Delayed 1 second(s)

2022-03-30 15:47:30 - [MESSAGE][PASSED] - Delayed 1 second(s)

2022-03-30 15:47:30 - [TEST_STEP][PASSED] - click(findTestObject("ME_CollateralAndLoan_Vehicle/li_Vehicle")): Object: 'Object Repository/ME_CollateralAndLoan_Vehicle/li_Vehicle' is clicked on

2022-03-30 15:47:31 - [MESSAGE][PASSED] - Object: 'Object Repository/ME_CollateralAndLoan_Vehicle/li_Vehicle' is clicked on

2022-03-30 15:47:31 - [TEST_STEP][PASSED] - delay(1): Delayed 1 second(s)

2022-03-30 15:47:32 - [MESSAGE][PASSED] - Delayed 1 second(s)

2022-03-30 15:47:32 - [TEST_STEP][PASSED] - waitForElementPresent(findTestObject("ME_CollateralAndLoan_Vehicle/input_dealername_ketiga"), 0): Object 'Object Repository/ME_CollateralAndLoan_Vehicle/input_dealername_ketiga' is present

2022-03-30 15:47:32 - [MESSAGE][WARNING] - Timeout '0' is invalid. Using default page load timeout: '30'

2022-03-30 15:47:32 - [MESSAGE][PASSED] - Object 'Object Repository/ME_CollateralAndLoan_Vehicle/input_dealername_ketiga' is present

2022-03-30 15:47:32 - [TEST_STEP][PASSED] - click(findTestObject("ME_CollateralAndLoan_Vehicle/input_dealername_ketiga"), OPTIONAL): Object: 'Object Repository/ME_CollateralAndLoan_Vehicle/input_dealername_ketiga' is clicked on

2022-03-30 15:47:32 - [MESSAGE][PASSED] - Object: 'Object Repository/ME_CollateralAndLoan_Vehicle/input_dealername_ketiga' is clicked on

2022-03-30 15:47:32 - [TEST_STEP][PASSED] - delay(1): Delayed 1 second(s)

2022-03-30 15:47:33 - [MESSAGE][PASSED] - Delayed 1 second(s)

2022-03-30 15:47:33 - [TEST_STEP][PASSED] - setText(findTestObject("ME_CollateralAndLoan_Vehicle/input_dealername_ketiga"), "Akita Prima Mobilindo, PT", OPTIONAL): Text 'Akita Prima Mobilindo, PT' is set on object 'Object Repository/ME_CollateralAndLoan_Vehicle/input_dealername_ketiga'

2022-03-30 15:47:35 - [MESSAGE][PASSED] - Text 'Akita Prima Mobilindo, PT' is set on object 'Object Repository/ME_CollateralAndLoan_Vehicle/input_dealername_ketiga'

2022-03-30 15:47:35 - [TEST_STEP][PASSED] - delay(1): Delayed 1 second(s)

2022-03-30 15:47:36 - [MESSAGE][PASSED] - Delayed 1 second(s)

2022-03-30 15:47:36 - [TEST_STEP][PASSED] - click(findTestObject("ME_CollateralAndLoan_Vehicle/span_Akita Prima Mobilindo, PT")): Object: 'Object Repository/ME_CollateralAndLoan_Vehicle/span_Akita Prima Mobilindo, PT' is clicked on

2022-03-30 15:47:36 - [MESSAGE][PASSED] - Object: 'Object Repository/ME_CollateralAndLoan_Vehicle/span_Akita Prima Mobilindo, PT' is clicked on

2022-03-30 15:47:36 - [TEST_STEP][PASSED] - delay(1): Delayed 1 second(s)

2022-03-30 15:47:37 - [MESSAGE][PASSED] - Delayed 1 second(s)

2022-03-30 15:47:37 - [TEST_STEP][PASSED] - waitForElementPresent(findTestObject("ME_CollateralAndLoan_Vehicle/input_branch_ketiga"), 0): Object 'Object Repository/ME_CollateralAndLoan_Vehicle/input_branch_ketiga' is present

2022-03-30 15:47:37 - [MESSAGE][WARNING] - Timeout '0' is invalid. Using default page load timeout: '30'

2022-03-30 15:47:37 - [MESSAGE][PASSED] - Object 'Object Repository/ME_CollateralAndLoan_Vehicle/input_branch_ketiga' is present

2022-03-30 15:47:37 - [TEST_STEP][PASSED] - click(findTestObject("ME_CollateralAndLoan_Vehicle/input_branch_ketiga")): Object: 'Object Repository/ME_CollateralAndLoan_Vehicle/input_branch_ketiga' is clicked on

2022-03-30 15:47:38 - [MESSAGE][PASSED] - Object: 'Object Repository/ME_CollateralAndLoan_Vehicle/input_branch_ketiga' is clicked on

2022-03-30 15:47:38 - [TEST_STEP][PASSED] - delay(1): Delayed 1 second(s)

2022-03-30 15:47:39 - [MESSAGE][PASSED] - Delayed 1 second(s)

2022-03-30 15:47:39 - [TEST_STEP][PASSED] - setText(findTestObject("ME_CollateralAndLoan_Vehicle/input_branch_ketiga"), "Akita Prima Mobilindo - Pondok Cabe"): Text 'Akita Prima Mobilindo - Pondok Cabe' is set on object 'Object Repository/ME_CollateralAndLoan_Vehicle/input_branch_ketiga'

2022-03-30 15:47:40 - [MESSAGE][PASSED] - Text 'Akita Prima Mobilindo - Pondok Cabe' is set on object 'Object Repository/ME_CollateralAndLoan_Vehicle/input_branch_ketiga'

2022-03-30 15:47:40 - [TEST_STEP][PASSED] - delay(1): Delayed 1 second(s)

2022-03-30 15:47:41 - [MESSAGE][PASSED] - Delayed 1 second(s)

2022-03-30 15:47:41 - [TEST_STEP][PASSED] - waitForElementPresent(findTestObject("ME_CollateralAndLoan_Vehicle/span_A1617 - Akita Prima Mobilindo - Pondok Cabe"), 0): Object 'Object Repository/ME_CollateralAndLoan_Vehicle/span_A1617 - Akita Prima Mobilindo - Pondok Cabe' is present

2022-03-30 15:47:41 - [MESSAGE][WARNING] - Timeout '0' is invalid. Using default page load timeout: '30'

2022-03-30 15:47:42 - [MESSAGE][PASSED] - Object 'Object Repository/ME_CollateralAndLoan_Vehicle/span_A1617 - Akita Prima Mobilindo - Pondok Cabe' is present

2022-03-30 15:47:42 - [TEST_STEP][PASSED] - click(findTestObject("ME_CollateralAndLoan_Vehicle/span_A1617 - Akita Prima Mobilindo - Pondok Cabe")): Object: 'Object Repository/ME_CollateralAndLoan_Vehicle/span_A1617 - Akita Prima Mobilindo - Pondok Cabe' is clicked on

2022-03-30 15:47:42 - [MESSAGE][PASSED] - Object: 'Object Repository/ME_CollateralAndLoan_Vehicle/span_A1617 - Akita Prima Mobilindo - Pondok Cabe' is clicked on

2022-03-30 15:47:42 - [TEST_STEP][PASSED] - delay(1): Delayed 1 second(s)

2022-03-30 15:47:43 - [MESSAGE][PASSED] - Delayed 1 second(s)

2022-03-30 15:47:43 - [TEST_STEP][PASSED] - verifyElementPresent(findTestObject("ME_CollateralAndLoan_Vehicle/input_Address_address"), 0): Object 'Object Repository/ME_CollateralAndLoan_Vehicle/input_Address_address' is present

2022-03-30 15:47:43 - [MESSAGE][WARNING] - Timeout '0' is invalid. Using default page load timeout: '30'

2022-03-30 15:47:43 - [MESSAGE][PASSED] - Object 'Object Repository/ME_CollateralAndLoan_Vehicle/input_Address_address' is present

2022-03-30 15:47:43 - [TEST_STEP][PASSED] - delay(1): Delayed 1 second(s)

2022-03-30 15:47:44 - [MESSAGE][PASSED] - Delayed 1 second(s)

2022-03-30 15:47:44 - [TEST_STEP][PASSED] - verifyElementPresent(findTestObject("ME_CollateralAndLoan_Vehicle/input_City_city"), 0): Object 'Object Repository/ME_CollateralAndLoan_Vehicle/input_City_city' is present

2022-03-30 15:47:44 - [MESSAGE][WARNING] - Timeout '0' is invalid. Using default page load timeout: '30'

2022-03-30 15:47:45 - [MESSAGE][PASSED] - Object 'Object Repository/ME_CollateralAndLoan_Vehicle/input_City_city' is present

2022-03-30 15:47:45 - [TEST_STEP][PASSED] - delay(1): Delayed 1 second(s)

2022-03-30 15:47:46 - [MESSAGE][PASSED] - Delayed 1 second(s)

2022-03-30 15:47:46 - [TEST_STEP][PASSED] - verifyElementPresent(findTestObject("ME_CollateralAndLoan_Vehicle/input_Telephone_phone"), 0): Object 'Object Repository/ME_CollateralAndLoan_Vehicle/input_Telephone_phone' is present

2022-03-30 15:47:46 - [MESSAGE][WARNING] - Timeout '0' is invalid. Using default page load timeout: '30'

2022-03-30 15:47:46 - [MESSAGE][PASSED] - Object 'Object Repository/ME_CollateralAndLoan_Vehicle/input_Telephone_phone' is present

2022-03-30 15:47:46 - [TEST_STEP][PASSED] - delay(1): Delayed 1 second(s)

2022-03-30 15:47:47 - [MESSAGE][PASSED] - Delayed 1 second(s)

2022-03-30 15:47:47 - [TEST_STEP][PASSED] - verifyElementPresent(findTestObject("ME_CollateralAndLoan_Vehicle/input_Authorize Dealer_authorizedDealer"), 0): Object 'Object Repository/ME_CollateralAndLoan_Vehicle/input_Authorize Dealer_authorizedDealer' is present

2022-03-30 15:47:47 - [MESSAGE][WARNING] - Timeout '0' is invalid. Using default page load timeout: '30'

2022-03-30 15:47:47 - [MESSAGE][PASSED] - Object 'Object Repository/ME_CollateralAndLoan_Vehicle/input_Authorize Dealer_authorizedDealer' is present

2022-03-30 15:47:47 - [TEST_STEP][PASSED] - delay(1): Delayed 1 second(s)

2022-03-30 15:47:48 - [MESSAGE][PASSED] - Delayed 1 second(s)

2022-03-30 15:47:48 - [TEST_STEP][PASSED] - verifyElementPresent(findTestObject("ME_CollateralAndLoan_Vehicle/input_Fax_fax"), 0): Object 'Object Repository/ME_CollateralAndLoan_Vehicle/input_Fax_fax' is present

2022-03-30 15:47:48 - [MESSAGE][WARNING] - Timeout '0' is invalid. Using default page load timeout: '30'

2022-03-30 15:47:49 - [MESSAGE][PASSED] - Object 'Object Repository/ME_CollateralAndLoan_Vehicle/input_Fax_fax' is present

2022-03-30 15:47:49 - [TEST_STEP][PASSED] - delay(1): Delayed 1 second(s)

2022-03-30 15:47:50 - [MESSAGE][PASSED] - Delayed 1 second(s)

2022-03-30 15:47:50 - [TEST_STEP][PASSED] - verifyElementPresent(findTestObject("ME_CollateralAndLoan_Vehicle/td_1-nomorrekening"), 0): Object 'Object Repository/ME_CollateralAndLoan_Vehicle/td_1-nomorrekening' is present

2022-03-30 15:47:50 - [MESSAGE][WARNING] - Timeout '0' is invalid. Using default page load timeout: '30'

2022-03-30 15:47:50 - [MESSAGE][PASSED] - Object 'Object Repository/ME_CollateralAndLoan_Vehicle/td_1-nomorrekening' is present

2022-03-30 15:47:50 - [TEST_STEP][PASSED] - takeFullPageScreenshotAsCheckpoint(userDir + sprint4WebScreenshootPath + "scenario-4-masuk-halaman-collateral-loan-vehicle.png"): Taking screenshot successfully

2022-03-30 15:47:51 - [MESSAGE][INFO] - 0 hidden object(s)

2022-03-30 15:47:51 - [MESSAGE][PASSED] - Taking screenshot successfully
[[ATTACHMENT|D:\PROJECT\BCA\BCAF_MEAPP_i3\BCAF_MEAPP_i3\Screenshoot\Sprint4\Web\keyes\keyes-scenario-4-masuk-halaman-collateral-loan-vehicle.png]]

2022-03-30 15:47:51 - [TEST_STEP][PASSED] - markPassed("scenario 4 - Masuk halaman collateral loan vehicle"): scenario 4 - Masuk halaman collateral loan vehicle

2022-03-30 15:47:51 - [MESSAGE][PASSED] - scenario 4 - Masuk halaman collateral loan vehicle

2022-03-30 15:47:51 - [TEST_STEP][PASSED] - delay(1): Delayed 1 second(s)

2022-03-30 15:47:52 - [MESSAGE][PASSED] - Delayed 1 second(s)

2022-03-30 15:47:52 - [TEST_STEP][PASSED] - delay(1): Delayed 1 second(s)

2022-03-30 15:47:53 - [MESSAGE][PASSED] - Delayed 1 second(s)

2022-03-30 15:47:53 - [TEST_STEP][PASSED] - delay(1): Delayed 1 second(s)

2022-03-30 15:47:54 - [MESSAGE][PASSED] - Delayed 1 second(s)

2022-03-30 15:47:54 - [TEST_STEP][PASSED] - click(findTestObject("ME_CollateralAndLoan_Vehicle/button_Data Vehicle")): Object: 'Object Repository/ME_CollateralAndLoan_Vehicle/button_Data Vehicle' is clicked on

2022-03-30 15:47:55 - [MESSAGE][PASSED] - Object: 'Object Repository/ME_CollateralAndLoan_Vehicle/button_Data Vehicle' is clicked on

2022-03-30 15:47:55 - [TEST_STEP][PASSED] - delay(1): Delayed 1 second(s)

2022-03-30 15:47:56 - [MESSAGE][PASSED] - Delayed 1 second(s)

2022-03-30 15:47:56 - [TEST_STEP][PASSED] - takeFullPageScreenshotAsCheckpoint(userDir + sprint4WebScreenshootPath + "scenario-4-halaman-input-data-vehicle.png"): Taking screenshot successfully

2022-03-30 15:47:57 - [MESSAGE][INFO] - 0 hidden object(s)

2022-03-30 15:47:58 - [MESSAGE][PASSED] - Taking screenshot successfully
[[ATTACHMENT|D:\PROJECT\BCA\BCAF_MEAPP_i3\BCAF_MEAPP_i3\Screenshoot\Sprint4\Web\keyes\keyes-scenario-4-halaman-input-data-vehicle.png]]

2022-03-30 15:47:58 - [TEST_STEP][PASSED] - markPassed("scenario 4 - halaman input data vehicle"): scenario 4 - halaman input data vehicle

2022-03-30 15:47:58 - [MESSAGE][PASSED] - scenario 4 - halaman input data vehicle

2022-03-30 15:47:58 - [TEST_STEP][PASSED] - delay(2): Delayed 2 second(s)

2022-03-30 15:48:00 - [MESSAGE][PASSED] - Delayed 2 second(s)

2022-03-30 15:48:00 - [TEST_STEP][PASSED] - scrollToElement(findTestObject("ME_CollateralAndLoan_Vehicle/button_Data Vehicle"), 0, STOP_ON_FAILURE): Scroll to object 'Object Repository/ME_CollateralAndLoan_Vehicle/button_Data Vehicle' successfully

2022-03-30 15:48:00 - [MESSAGE][WARNING] - Timeout '0' is invalid. Using default page load timeout: '30'

2022-03-30 15:48:00 - [MESSAGE][PASSED] - Scroll to object 'Object Repository/ME_CollateralAndLoan_Vehicle/button_Data Vehicle' successfully

2022-03-30 15:48:00 - [TEST_STEP][PASSED] - click(findTestObject("ME_CollateralAndLoan_Vehicle/input_used_carCondition-radio")): Object: 'Object Repository/ME_CollateralAndLoan_Vehicle/input_used_carCondition-radio' is clicked on

2022-03-30 15:48:00 - [MESSAGE][PASSED] - Object: 'Object Repository/ME_CollateralAndLoan_Vehicle/input_used_carCondition-radio' is clicked on

2022-03-30 15:48:00 - [TEST_STEP][PASSED] - delay(1): Delayed 1 second(s)

2022-03-30 15:48:01 - [MESSAGE][PASSED] - Delayed 1 second(s)

2022-03-30 15:48:01 - [TEST_STEP][PASSED] - click(findTestObject("Object Repository/ME_CollateralAndLoan_Vehicle/div_Pilih Product Code"), OPTIONAL): Object: 'Object Repository/ME_CollateralAndLoan_Vehicle/div_Pilih Product Code' is clicked on

2022-03-30 15:48:02 - [MESSAGE][PASSED] - Object: 'Object Repository/ME_CollateralAndLoan_Vehicle/div_Pilih Product Code' is clicked on

2022-03-30 15:48:02 - [TEST_STEP][PASSED] - delay(1): Delayed 1 second(s)

2022-03-30 15:48:03 - [MESSAGE][PASSED] - Delayed 1 second(s)

2022-03-30 15:48:03 - [TEST_STEP][PASSED] - setText(findTestObject("ME_CollateralAndLoan_Vehicle/input_productcode2"), "leasing"): Text 'leasing' is set on object 'Object Repository/ME_CollateralAndLoan_Vehicle/input_productcode2'

2022-03-30 15:48:04 - [MESSAGE][PASSED] - Text 'leasing' is set on object 'Object Repository/ME_CollateralAndLoan_Vehicle/input_productcode2'

2022-03-30 15:48:04 - [TEST_STEP][PASSED] - delay(1): Delayed 1 second(s)

2022-03-30 15:48:05 - [MESSAGE][PASSED] - Delayed 1 second(s)

2022-03-30 15:48:05 - [TEST_STEP][PASSED] - click(findTestObject("ME_CollateralAndLoan_Vehicle/span_Leasing")): Object: 'Object Repository/ME_CollateralAndLoan_Vehicle/span_Leasing' is clicked on

2022-03-30 15:48:05 - [MESSAGE][PASSED] - Object: 'Object Repository/ME_CollateralAndLoan_Vehicle/span_Leasing' is clicked on

2022-03-30 15:48:05 - [TEST_STEP][PASSED] - delay(1): Delayed 1 second(s)

2022-03-30 15:48:06 - [MESSAGE][PASSED] - Delayed 1 second(s)

2022-03-30 15:48:06 - [TEST_STEP][PASSED] - click(findTestObject("vehiclekedua/input_brand_kedua")): Object: 'Object Repository/vehiclekedua/input_brand_kedua' is clicked on

2022-03-30 15:48:07 - [MESSAGE][PASSED] - Object: 'Object Repository/vehiclekedua/input_brand_kedua' is clicked on

2022-03-30 15:48:07 - [TEST_STEP][PASSED] - delay(1): Delayed 1 second(s)

2022-03-30 15:48:08 - [MESSAGE][PASSED] - Delayed 1 second(s)

2022-03-30 15:48:08 - [TEST_STEP][PASSED] - setText(findTestObject("vehiclekedua/input_brand_kedua"), "toyota"): Text 'toyota' is set on object 'Object Repository/vehiclekedua/input_brand_kedua'

2022-03-30 15:48:08 - [MESSAGE][PASSED] - Text 'toyota' is set on object 'Object Repository/vehiclekedua/input_brand_kedua'

2022-03-30 15:48:08 - [TEST_STEP][PASSED] - delay(1): Delayed 1 second(s)

2022-03-30 15:48:09 - [MESSAGE][PASSED] - Delayed 1 second(s)

2022-03-30 15:48:09 - [TEST_STEP][PASSED] - click(findTestObject("ME_CollateralAndLoan_Vehicle/div_TOYOTA_brand")): Object: 'Object Repository/ME_CollateralAndLoan_Vehicle/div_TOYOTA_brand' is clicked on

2022-03-30 15:48:10 - [MESSAGE][PASSED] - Object: 'Object Repository/ME_CollateralAndLoan_Vehicle/div_TOYOTA_brand' is clicked on

2022-03-30 15:48:10 - [TEST_STEP][PASSED] - delay(1): Delayed 1 second(s)

2022-03-30 15:48:11 - [MESSAGE][PASSED] - Delayed 1 second(s)

2022-03-30 15:48:11 - [TEST_STEP][PASSED] - click(findTestObject("vehiclekedua/input_model_kedua"), OPTIONAL): Object: 'Object Repository/vehiclekedua/input_model_kedua' is clicked on

2022-03-30 15:48:11 - [MESSAGE][PASSED] - Object: 'Object Repository/vehiclekedua/input_model_kedua' is clicked on

2022-03-30 15:48:11 - [TEST_STEP][PASSED] - delay(1): Delayed 1 second(s)

2022-03-30 15:48:12 - [MESSAGE][PASSED] - Delayed 1 second(s)

2022-03-30 15:48:12 - [TEST_STEP][PASSED] - setText(findTestObject("vehiclekedua/input_model_kedua"), "ALL NEW HILUX", OPTIONAL): Text 'ALL NEW HILUX' is set on object 'Object Repository/vehiclekedua/input_model_kedua'

2022-03-30 15:48:13 - [MESSAGE][PASSED] - Text 'ALL NEW HILUX' is set on object 'Object Repository/vehiclekedua/input_model_kedua'

2022-03-30 15:48:13 - [TEST_STEP][PASSED] - delay(1): Delayed 1 second(s)

2022-03-30 15:48:14 - [MESSAGE][PASSED] - Delayed 1 second(s)

2022-03-30 15:48:14 - [TEST_STEP][PASSED] - click(findTestObject("ME_CollateralAndLoan_Vehicle/div_ALL NEW HILUX_model_datavehicle"), OPTIONAL): Object: 'Object Repository/ME_CollateralAndLoan_Vehicle/div_ALL NEW HILUX_model_datavehicle' is clicked on

2022-03-30 15:48:15 - [MESSAGE][PASSED] - Object: 'Object Repository/ME_CollateralAndLoan_Vehicle/div_ALL NEW HILUX_model_datavehicle' is clicked on

2022-03-30 15:48:15 - [TEST_STEP][PASSED] - delay(1): Delayed 1 second(s)

2022-03-30 15:48:16 - [MESSAGE][PASSED] - Delayed 1 second(s)

2022-03-30 15:48:16 - [TEST_STEP][PASSED] - waitForElementPresent(findTestObject("ME_CollateralAndLoan_Vehicle/input_typekendaraan"), 0): Object 'Object Repository/ME_CollateralAndLoan_Vehicle/input_typekendaraan' is present

2022-03-30 15:48:16 - [MESSAGE][WARNING] - Timeout '0' is invalid. Using default page load timeout: '30'

2022-03-30 15:48:16 - [MESSAGE][PASSED] - Object 'Object Repository/ME_CollateralAndLoan_Vehicle/input_typekendaraan' is present

2022-03-30 15:48:16 - [TEST_STEP][PASSED] - click(findTestObject("ME_CollateralAndLoan_Vehicle/input_typekendaraan"), OPTIONAL): Object: 'Object Repository/ME_CollateralAndLoan_Vehicle/input_typekendaraan' is clicked on

2022-03-30 15:48:17 - [MESSAGE][PASSED] - Object: 'Object Repository/ME_CollateralAndLoan_Vehicle/input_typekendaraan' is clicked on

2022-03-30 15:48:17 - [TEST_STEP][PASSED] - delay(1): Delayed 1 second(s)

2022-03-30 15:48:18 - [MESSAGE][PASSED] - Delayed 1 second(s)

2022-03-30 15:48:18 - [TEST_STEP][PASSED] - setText(findTestObject("ME_CollateralAndLoan_Vehicle/input_typekendaraan"), "ALL NEW HI LUX DOUBLE CABIN 2.4 G (4X4) M/T DIESEL 2017", OPTIONAL): Text 'ALL NEW HI LUX DOUBLE CABIN 2.4 G (4X4) M/T DIESEL 2017' is set on object 'Object Repository/ME_CollateralAndLoan_Vehicle/input_typekendaraan'

2022-03-30 15:48:20 - [MESSAGE][PASSED] - Text 'ALL NEW HI LUX DOUBLE CABIN 2.4 G (4X4) M/T DIESEL 2017' is set on object 'Object Repository/ME_CollateralAndLoan_Vehicle/input_typekendaraan'

2022-03-30 15:48:20 - [TEST_STEP][PASSED] - delay(1): Delayed 1 second(s)

2022-03-30 15:48:21 - [MESSAGE][PASSED] - Delayed 1 second(s)

2022-03-30 15:48:21 - [TEST_STEP][PASSED] - waitForElementPresent(findTestObject("ME_CollateralAndLoan_Vehicle/div_ALL NEW HI LUX DOUBLE CABIN 2.4 G (4X4) MT DIESEL 2017_type_datavehicle"), 0): Object 'Object Repository/ME_CollateralAndLoan_Vehicle/div_ALL NEW HI LUX DOUBLE CABIN 2.4 G (4X4) MT DIESEL 2017_type_datavehicle' is present

2022-03-30 15:48:21 - [MESSAGE][WARNING] - Timeout '0' is invalid. Using default page load timeout: '30'

2022-03-30 15:48:21 - [MESSAGE][PASSED] - Object 'Object Repository/ME_CollateralAndLoan_Vehicle/div_ALL NEW HI LUX DOUBLE CABIN 2.4 G (4X4) MT DIESEL 2017_type_datavehicle' is present

2022-03-30 15:48:21 - [TEST_STEP][PASSED] - click(findTestObject("ME_CollateralAndLoan_Vehicle/div_ALL NEW HI LUX DOUBLE CABIN 2.4 G (4X4) MT DIESEL 2017_type_datavehicle"), OPTIONAL): Object: 'Object Repository/ME_CollateralAndLoan_Vehicle/div_ALL NEW HI LUX DOUBLE CABIN 2.4 G (4X4) MT DIESEL 2017_type_datavehicle' is clicked on

2022-03-30 15:48:21 - [MESSAGE][PASSED] - Object: 'Object Repository/ME_CollateralAndLoan_Vehicle/div_ALL NEW HI LUX DOUBLE CABIN 2.4 G (4X4) MT DIESEL 2017_type_datavehicle' is clicked on

2022-03-30 15:48:21 - [TEST_STEP][PASSED] - delay(1): Delayed 1 second(s)

2022-03-30 15:48:23 - [MESSAGE][PASSED] - Delayed 1 second(s)

2022-03-30 15:48:23 - [TEST_STEP][PASSED] - click(findTestObject("vehiclekedua/input_packet_kedua"), OPTIONAL): Object: 'Object Repository/vehiclekedua/input_packet_kedua' is clicked on

2022-03-30 15:48:23 - [MESSAGE][PASSED] - Object: 'Object Repository/vehiclekedua/input_packet_kedua' is clicked on

2022-03-30 15:48:23 - [TEST_STEP][PASSED] - delay(1): Delayed 1 second(s)

2022-03-30 15:48:24 - [MESSAGE][PASSED] - Delayed 1 second(s)

2022-03-30 15:48:24 - [TEST_STEP][PASSED] - setText(findTestObject("vehiclekedua/input_packet_kedua"), "BCAI - IIMS - SUBS OTR ADDB", OPTIONAL): Text 'BCAI - IIMS - SUBS OTR ADDB' is set on object 'Object Repository/vehiclekedua/input_packet_kedua'

2022-03-30 15:48:52 - [MESSAGE][PASSED] - Text 'BCAI - IIMS - SUBS OTR ADDB' is set on object 'Object Repository/vehiclekedua/input_packet_kedua'

2022-03-30 15:48:52 - [TEST_STEP][PASSED] - delay(1): Delayed 1 second(s)

2022-03-30 15:48:53 - [MESSAGE][PASSED] - Delayed 1 second(s)

2022-03-30 15:48:53 - [TEST_STEP][PASSED] - waitForElementPresent(findTestObject("ME_CollateralAndLoan_Vehicle/div_BCAI - IIMS - SUBS OTR ADDB"), 300): Object 'Object Repository/ME_CollateralAndLoan_Vehicle/div_BCAI - IIMS - SUBS OTR ADDB' is present

2022-03-30 15:48:54 - [MESSAGE][PASSED] - Object 'Object Repository/ME_CollateralAndLoan_Vehicle/div_BCAI - IIMS - SUBS OTR ADDB' is present

2022-03-30 15:48:54 - [TEST_STEP][PASSED] - delay(1): Delayed 1 second(s)

2022-03-30 15:48:55 - [MESSAGE][PASSED] - Delayed 1 second(s)

2022-03-30 15:48:55 - [TEST_STEP][PASSED] - click(findTestObject("ME_CollateralAndLoan_Vehicle/div_BCAI - IIMS - SUBS OTR ADDB")): Object: 'Object Repository/ME_CollateralAndLoan_Vehicle/div_BCAI - IIMS - SUBS OTR ADDB' is clicked on

2022-03-30 15:48:56 - [MESSAGE][PASSED] - Object: 'Object Repository/ME_CollateralAndLoan_Vehicle/div_BCAI - IIMS - SUBS OTR ADDB' is clicked on

2022-03-30 15:48:56 - [TEST_STEP][PASSED] - delay(1): Delayed 1 second(s)

2022-03-30 15:48:57 - [MESSAGE][PASSED] - Delayed 1 second(s)

2022-03-30 15:48:57 - [TEST_STEP][PASSED] - setText(findTestObject("ME_CollateralAndLoan_Vehicle/input_Keterangan Type Kendaraan_keteranganType"), "bekas"): Text 'bekas' is set on object 'Object Repository/ME_CollateralAndLoan_Vehicle/input_Keterangan Type Kendaraan_keteranganType'

2022-03-30 15:48:57 - [MESSAGE][PASSED] - Text 'bekas' is set on object 'Object Repository/ME_CollateralAndLoan_Vehicle/input_Keterangan Type Kendaraan_keteranganType'

2022-03-30 15:48:57 - [TEST_STEP][PASSED] - delay(1): Delayed 1 second(s)

2022-03-30 15:48:58 - [MESSAGE][PASSED] - Delayed 1 second(s)

2022-03-30 15:48:58 - [TEST_STEP][PASSED] - setText(findTestObject("ME_CollateralAndLoan_Vehicle/input_Year_year (1)"), "2020"): Text '2020' is set on object 'Object Repository/ME_CollateralAndLoan_Vehicle/input_Year_year (1)'

2022-03-30 15:48:59 - [MESSAGE][PASSED] - Text '2020' is set on object 'Object Repository/ME_CollateralAndLoan_Vehicle/input_Year_year (1)'

2022-03-30 15:48:59 - [TEST_STEP][PASSED] - delay(1): Delayed 1 second(s)

2022-03-30 15:49:00 - [MESSAGE][PASSED] - Delayed 1 second(s)

2022-03-30 15:49:00 - [TEST_STEP][PASSED] - click(findTestObject("ME_CollateralAndLoan_Vehicle/a_Capture File_bpkb")): Object: 'Object Repository/ME_CollateralAndLoan_Vehicle/a_Capture File_bpkb' is clicked on

2022-03-30 15:49:01 - [MESSAGE][PASSED] - Object: 'Object Repository/ME_CollateralAndLoan_Vehicle/a_Capture File_bpkb' is clicked on

2022-03-30 15:49:01 - [TEST_STEP][PASSED] - delay(1): Delayed 1 second(s)

2022-03-30 15:49:02 - [MESSAGE][PASSED] - Delayed 1 second(s)

2022-03-30 15:49:02 - [TEST_STEP][PASSED] - uploadFile(findTestObject("MEApp_AppBaru_InisiasiKonsumen/Capture_"), userDir + pathfinder_npwp): File 'D:/PROJECT/BCA/BCAF_MEAPP_i3/BCAF_MEAPP_i3/Assets/npwp-dummy.jpg' sent to object: 'Object Repository/MEApp_AppBaru_InisiasiKonsumen/Capture_'

2022-03-30 15:49:02 - [MESSAGE][PASSED] - File 'D:/PROJECT/BCA/BCAF_MEAPP_i3/BCAF_MEAPP_i3/Assets/npwp-dummy.jpg' sent to object: 'Object Repository/MEApp_AppBaru_InisiasiKonsumen/Capture_'

2022-03-30 15:49:02 - [TEST_STEP][PASSED] - delay(1): Delayed 1 second(s)

2022-03-30 15:49:03 - [MESSAGE][PASSED] - Delayed 1 second(s)

2022-03-30 15:49:03 - [TEST_STEP][PASSED] - click(findTestObject("ME_CollateralAndLoan_Vehicle/a_Capture Files_stnk_datavehicle")): Object: 'Object Repository/ME_CollateralAndLoan_Vehicle/a_Capture Files_stnk_datavehicle' is clicked on

2022-03-30 15:49:04 - [MESSAGE][PASSED] - Object: 'Object Repository/ME_CollateralAndLoan_Vehicle/a_Capture Files_stnk_datavehicle' is clicked on

2022-03-30 15:49:04 - [TEST_STEP][PASSED] - delay(1): Delayed 1 second(s)

2022-03-30 15:49:05 - [MESSAGE][PASSED] - Delayed 1 second(s)

2022-03-30 15:49:05 - [TEST_STEP][PASSED] - uploadFile(findTestObject("MEApp_AppBaru_InisiasiKonsumen/Capture_"), userDir + pathfinder_npwp): File 'D:/PROJECT/BCA/BCAF_MEAPP_i3/BCAF_MEAPP_i3/Assets/npwp-dummy.jpg' sent to object: 'Object Repository/MEApp_AppBaru_InisiasiKonsumen/Capture_'

2022-03-30 15:49:05 - [MESSAGE][PASSED] - File 'D:/PROJECT/BCA/BCAF_MEAPP_i3/BCAF_MEAPP_i3/Assets/npwp-dummy.jpg' sent to object: 'Object Repository/MEApp_AppBaru_InisiasiKonsumen/Capture_'

2022-03-30 15:49:05 - [TEST_STEP][PASSED] - delay(1): Delayed 1 second(s)

2022-03-30 15:49:06 - [MESSAGE][PASSED] - Delayed 1 second(s)

2022-03-30 15:49:06 - [TEST_STEP][PASSED] - setText(findTestObject("ME_CollateralAndLoan_Vehicle/input_Color_text-input (1)"), "hitam"): Text 'hitam' is set on object 'Object Repository/ME_CollateralAndLoan_Vehicle/input_Color_text-input (1)'

2022-03-30 15:49:07 - [MESSAGE][PASSED] - Text 'hitam' is set on object 'Object Repository/ME_CollateralAndLoan_Vehicle/input_Color_text-input (1)'

2022-03-30 15:49:07 - [TEST_STEP][PASSED] - delay(1): Delayed 1 second(s)

2022-03-30 15:49:08 - [MESSAGE][PASSED] - Delayed 1 second(s)

2022-03-30 15:49:08 - [TEST_STEP][PASSED] - setText(findTestObject("ME_CollateralAndLoan_Vehicle/input_BPKB No_text-input"), "1111111111"): Text '1111111111' is set on object 'Object Repository/ME_CollateralAndLoan_Vehicle/input_BPKB No_text-input'

2022-03-30 15:49:08 - [MESSAGE][PASSED] - Text '1111111111' is set on object 'Object Repository/ME_CollateralAndLoan_Vehicle/input_BPKB No_text-input'

2022-03-30 15:49:08 - [TEST_STEP][PASSED] - delay(1): Delayed 1 second(s)

2022-03-30 15:49:09 - [MESSAGE][PASSED] - Delayed 1 second(s)

2022-03-30 15:49:09 - [TEST_STEP][PASSED] - setText(findTestObject("ME_CollateralAndLoan_Vehicle/input_Engine No_text-input"), "1111111111"): Text '1111111111' is set on object 'Object Repository/ME_CollateralAndLoan_Vehicle/input_Engine No_text-input'

2022-03-30 15:49:10 - [MESSAGE][PASSED] - Text '1111111111' is set on object 'Object Repository/ME_CollateralAndLoan_Vehicle/input_Engine No_text-input'

2022-03-30 15:49:10 - [TEST_STEP][PASSED] - delay(1): Delayed 1 second(s)

2022-03-30 15:49:11 - [MESSAGE][PASSED] - Delayed 1 second(s)

2022-03-30 15:49:11 - [TEST_STEP][PASSED] - setText(findTestObject("ME_CollateralAndLoan_Vehicle/input_Police No_text-input"), "B1234AB"): Text 'B1234AB' is set on object 'Object Repository/ME_CollateralAndLoan_Vehicle/input_Police No_text-input'

2022-03-30 15:49:12 - [MESSAGE][PASSED] - Text 'B1234AB' is set on object 'Object Repository/ME_CollateralAndLoan_Vehicle/input_Police No_text-input'

2022-03-30 15:49:12 - [TEST_STEP][PASSED] - delay(1): Delayed 1 second(s)

2022-03-30 15:49:13 - [MESSAGE][PASSED] - Delayed 1 second(s)

2022-03-30 15:49:13 - [TEST_STEP][PASSED] - setText(findTestObject("ME_CollateralAndLoan_Vehicle/input_Body No_text-input"), "1111111111"): Text '1111111111' is set on object 'Object Repository/ME_CollateralAndLoan_Vehicle/input_Body No_text-input'

2022-03-30 15:49:14 - [MESSAGE][PASSED] - Text '1111111111' is set on object 'Object Repository/ME_CollateralAndLoan_Vehicle/input_Body No_text-input'

2022-03-30 15:49:14 - [TEST_STEP][PASSED] - delay(1): Delayed 1 second(s)

2022-03-30 15:49:15 - [MESSAGE][PASSED] - Delayed 1 second(s)

2022-03-30 15:49:15 - [TEST_STEP][PASSED] - click(findTestObject("vehiclekedua/input_purpose_kedua"), OPTIONAL): Object: 'Object Repository/vehiclekedua/input_purpose_kedua' is clicked on

2022-03-30 15:49:15 - [MESSAGE][PASSED] - Object: 'Object Repository/vehiclekedua/input_purpose_kedua' is clicked on

2022-03-30 15:49:15 - [TEST_STEP][PASSED] - delay(1): Delayed 1 second(s)

2022-03-30 15:49:16 - [MESSAGE][PASSED] - Delayed 1 second(s)

2022-03-30 15:49:16 - [TEST_STEP][PASSED] - setText(findTestObject("vehiclekedua/input_purpose_kedua"), "operasional", OPTIONAL): Text 'operasional' is set on object 'Object Repository/vehiclekedua/input_purpose_kedua'

2022-03-30 15:49:17 - [MESSAGE][PASSED] - Text 'operasional' is set on object 'Object Repository/vehiclekedua/input_purpose_kedua'

2022-03-30 15:49:17 - [TEST_STEP][PASSED] - delay(1): Delayed 1 second(s)

2022-03-30 15:49:18 - [MESSAGE][PASSED] - Delayed 1 second(s)

2022-03-30 15:49:18 - [TEST_STEP][PASSED] - click(findTestObject("ME_CollateralAndLoan_Vehicle/div_Operasional"), OPTIONAL): Object: 'Object Repository/ME_CollateralAndLoan_Vehicle/div_Operasional' is clicked on

2022-03-30 15:49:19 - [MESSAGE][PASSED] - Object: 'Object Repository/ME_CollateralAndLoan_Vehicle/div_Operasional' is clicked on

2022-03-30 15:49:19 - [TEST_STEP][PASSED] - delay(1): Delayed 1 second(s)

2022-03-30 15:49:20 - [MESSAGE][PASSED] - Delayed 1 second(s)

2022-03-30 15:49:20 - [TEST_STEP][PASSED] - setText(findTestObject("ME_CollateralAndLoan_Vehicle/input_BPKB Owner_text-input"), "sendiri"): Text 'sendiri' is set on object 'Object Repository/ME_CollateralAndLoan_Vehicle/input_BPKB Owner_text-input'

2022-03-30 15:49:20 - [MESSAGE][PASSED] - Text 'sendiri' is set on object 'Object Repository/ME_CollateralAndLoan_Vehicle/input_BPKB Owner_text-input'

2022-03-30 15:49:20 - [TEST_STEP][PASSED] - delay(1): Delayed 1 second(s)

2022-03-30 15:49:21 - [MESSAGE][PASSED] - Delayed 1 second(s)

2022-03-30 15:49:21 - [TEST_STEP][PASSED] - click(findTestObject("vehiclekedua/input_hubungan_bpkbownerdgdebitur_kedua"), OPTIONAL): Object: 'Object Repository/vehiclekedua/input_hubungan_bpkbownerdgdebitur_kedua' is clicked on

2022-03-30 15:49:22 - [MESSAGE][PASSED] - Object: 'Object Repository/vehiclekedua/input_hubungan_bpkbownerdgdebitur_kedua' is clicked on

2022-03-30 15:49:22 - [TEST_STEP][PASSED] - delay(1): Delayed 1 second(s)

2022-03-30 15:49:23 - [MESSAGE][PASSED] - Delayed 1 second(s)

2022-03-30 15:49:23 - [TEST_STEP][PASSED] - setText(findTestObject("vehiclekedua/input_hubungan_bpkbownerdgdebitur_kedua"), "pasangan", OPTIONAL): Text 'pasangan' is set on object 'Object Repository/vehiclekedua/input_hubungan_bpkbownerdgdebitur_kedua'

2022-03-30 15:49:24 - [MESSAGE][PASSED] - Text 'pasangan' is set on object 'Object Repository/vehiclekedua/input_hubungan_bpkbownerdgdebitur_kedua'

2022-03-30 15:49:24 - [TEST_STEP][PASSED] - delay(1): Delayed 1 second(s)

2022-03-30 15:49:25 - [MESSAGE][PASSED] - Delayed 1 second(s)

2022-03-30 15:49:25 - [TEST_STEP][PASSED] - click(findTestObject("ME_CollateralAndLoan_Vehicle/div_pasangan"), OPTIONAL): Object: 'Object Repository/ME_CollateralAndLoan_Vehicle/div_pasangan' is clicked on

2022-03-30 15:49:25 - [MESSAGE][PASSED] - Object: 'Object Repository/ME_CollateralAndLoan_Vehicle/div_pasangan' is clicked on

2022-03-30 15:49:25 - [TEST_STEP][PASSED] - delay(1): Delayed 1 second(s)

2022-03-30 15:49:26 - [MESSAGE][PASSED] - Delayed 1 second(s)

2022-03-30 15:49:26 - [TEST_STEP][PASSED] - click(findTestObject("ME_CollateralAndLoan_Vehicle/input_Tujuan Penggunaan Kendaraan_nonproduktif"), OPTIONAL): Object: 'Object Repository/ME_CollateralAndLoan_Vehicle/input_Tujuan Penggunaan Kendaraan_nonproduktif' is clicked on

2022-03-30 15:49:27 - [MESSAGE][PASSED] - Object: 'Object Repository/ME_CollateralAndLoan_Vehicle/input_Tujuan Penggunaan Kendaraan_nonproduktif' is clicked on

2022-03-30 15:49:27 - [TEST_STEP][PASSED] - delay(1): Delayed 1 second(s)

2022-03-30 15:49:28 - [MESSAGE][PASSED] - Delayed 1 second(s)

2022-03-30 15:49:28 - [TEST_STEP][PASSED] - click(findTestObject("ME_CollateralAndLoan_Vehicle/input_Tujuan Penggunaan Kendaraan_produktif"), OPTIONAL): Object: 'Object Repository/ME_CollateralAndLoan_Vehicle/input_Tujuan Penggunaan Kendaraan_produktif' is clicked on

2022-03-30 15:49:28 - [MESSAGE][PASSED] - Object: 'Object Repository/ME_CollateralAndLoan_Vehicle/input_Tujuan Penggunaan Kendaraan_produktif' is clicked on

2022-03-30 15:49:28 - [TEST_STEP][PASSED] - delay(1): Delayed 1 second(s)

2022-03-30 15:49:29 - [MESSAGE][PASSED] - Delayed 1 second(s)

2022-03-30 15:49:29 - [TEST_STEP][PASSED] - takeFullPageScreenshotAsCheckpoint(userDir + sprint4WebScreenshootPath + "scenario-4-berhasil-input-data-vehicle.png"): Taking screenshot successfully

2022-03-30 15:49:31 - [MESSAGE][INFO] - 0 hidden object(s)

2022-03-30 15:49:31 - [MESSAGE][PASSED] - Taking screenshot successfully
[[ATTACHMENT|D:\PROJECT\BCA\BCAF_MEAPP_i3\BCAF_MEAPP_i3\Screenshoot\Sprint4\Web\keyes\keyes-scenario-4-berhasil-input-data-vehicle.png]]

2022-03-30 15:49:31 - [TEST_STEP][PASSED] - markPassed("scenario 4 - berhasil input data vehicle"): scenario 4 - berhasil input data vehicle

2022-03-30 15:49:31 - [MESSAGE][PASSED] - scenario 4 - berhasil input data vehicle

2022-03-30 15:49:31 - [TEST_STEP][PASSED] - delay(1): Delayed 1 second(s)

2022-03-30 15:49:32 - [MESSAGE][PASSED] - Delayed 1 second(s)

2022-03-30 15:49:32 - [TEST_STEP][PASSED] - delay(1): Delayed 1 second(s)

2022-03-30 15:49:33 - [MESSAGE][PASSED] - Delayed 1 second(s)

2022-03-30 15:49:33 - [TEST_STEP][PASSED] - click(findTestObject("ME_CollateralAndLoan_Vehicle/button_Loan Data"), OPTIONAL): Object: 'Object Repository/ME_CollateralAndLoan_Vehicle/button_Loan Data' is clicked on

2022-03-30 15:49:34 - [MESSAGE][PASSED] - Object: 'Object Repository/ME_CollateralAndLoan_Vehicle/button_Loan Data' is clicked on

2022-03-30 15:49:34 - [TEST_STEP][PASSED] - delay(1): Delayed 1 second(s)

2022-03-30 15:49:35 - [MESSAGE][PASSED] - Delayed 1 second(s)

2022-03-30 15:49:35 - [TEST_STEP][PASSED] - takeFullPageScreenshotAsCheckpoint(userDir + sprint4WebScreenshootPath + "scenario-4-halaman-input-loan-data.png"): Taking screenshot successfully

2022-03-30 15:49:36 - [MESSAGE][INFO] - 0 hidden object(s)

2022-03-30 15:49:37 - [MESSAGE][PASSED] - Taking screenshot successfully
[[ATTACHMENT|D:\PROJECT\BCA\BCAF_MEAPP_i3\BCAF_MEAPP_i3\Screenshoot\Sprint4\Web\keyes\keyes-scenario-4-halaman-input-loan-data.png]]

2022-03-30 15:49:37 - [TEST_STEP][PASSED] - markPassed("scenario 4 - halaman input loan data"): scenario 4 - halaman input loan data

2022-03-30 15:49:37 - [MESSAGE][PASSED] - scenario 4 - halaman input loan data

2022-03-30 15:49:37 - [TEST_STEP][PASSED] - delay(1): Delayed 1 second(s)

2022-03-30 15:49:38 - [MESSAGE][PASSED] - Delayed 1 second(s)

2022-03-30 15:49:38 - [TEST_STEP][PASSED] - scrollToElement(findTestObject("ME_CollateralAndLoan_Vehicle/button_Loan Data"), 0): Scroll to object 'Object Repository/ME_CollateralAndLoan_Vehicle/button_Loan Data' successfully

2022-03-30 15:49:38 - [MESSAGE][WARNING] - Timeout '0' is invalid. Using default page load timeout: '30'

2022-03-30 15:49:39 - [MESSAGE][PASSED] - Scroll to object 'Object Repository/ME_CollateralAndLoan_Vehicle/button_Loan Data' successfully

2022-03-30 15:49:39 - [TEST_STEP][PASSED] - delay(1): Delayed 1 second(s)

2022-03-30 15:49:40 - [MESSAGE][PASSED] - Delayed 1 second(s)

2022-03-30 15:49:40 - [TEST_STEP][PASSED] - setText(findTestObject("ME_CollateralAndLoan_Vehicle/input_On The Road Price_otr"), "150000000"): Text '150000000' is set on object 'Object Repository/ME_CollateralAndLoan_Vehicle/input_On The Road Price_otr'

2022-03-30 15:49:40 - [MESSAGE][PASSED] - Text '150000000' is set on object 'Object Repository/ME_CollateralAndLoan_Vehicle/input_On The Road Price_otr'

2022-03-30 15:49:40 - [TEST_STEP][PASSED] - delay(1): Delayed 1 second(s)

2022-03-30 15:49:41 - [MESSAGE][PASSED] - Delayed 1 second(s)

2022-03-30 15:49:41 - [TEST_STEP][PASSED] - setText(findTestObject("ME_CollateralAndLoan_Vehicle/input_Down Payment_dpNominal"), "0"): Text '0' is set on object 'Object Repository/ME_CollateralAndLoan_Vehicle/input_Down Payment_dpNominal'

2022-03-30 15:49:42 - [MESSAGE][PASSED] - Text '0' is set on object 'Object Repository/ME_CollateralAndLoan_Vehicle/input_Down Payment_dpNominal'

2022-03-30 15:49:42 - [TEST_STEP][PASSED] - delay(1): Delayed 1 second(s)

2022-03-30 15:49:43 - [MESSAGE][PASSED] - Delayed 1 second(s)

2022-03-30 15:49:43 - [TEST_STEP][PASSED] - setText(findTestObject("ME_CollateralAndLoan_Vehicle/input_DP_dpPercent"), "30"): Text '30' is set on object 'Object Repository/ME_CollateralAndLoan_Vehicle/input_DP_dpPercent'

2022-03-30 15:49:44 - [MESSAGE][PASSED] - Text '30' is set on object 'Object Repository/ME_CollateralAndLoan_Vehicle/input_DP_dpPercent'

2022-03-30 15:49:44 - [TEST_STEP][PASSED] - delay(1): Delayed 1 second(s)

2022-03-30 15:49:45 - [MESSAGE][PASSED] - Delayed 1 second(s)

2022-03-30 15:49:45 - [TEST_STEP][PASSED] - setText(findTestObject("ME_CollateralAndLoan_Vehicle/input_Tenor (bulan)_tenor1"), "48"): Text '48' is set on object 'Object Repository/ME_CollateralAndLoan_Vehicle/input_Tenor (bulan)_tenor1'

2022-03-30 15:49:46 - [MESSAGE][PASSED] - Text '48' is set on object 'Object Repository/ME_CollateralAndLoan_Vehicle/input_Tenor (bulan)_tenor1'

2022-03-30 15:49:46 - [TEST_STEP][PASSED] - delay(1): Delayed 1 second(s)

2022-03-30 15:49:47 - [MESSAGE][PASSED] - Delayed 1 second(s)

2022-03-30 15:49:47 - [TEST_STEP][PASSED] - click(findTestObject("ME_CollateralAndLoan_Vehicle/input_Loan Type_inadvance"), OPTIONAL): Object: 'Object Repository/ME_CollateralAndLoan_Vehicle/input_Loan Type_inadvance' is clicked on

2022-03-30 15:49:47 - [MESSAGE][PASSED] - Object: 'Object Repository/ME_CollateralAndLoan_Vehicle/input_Loan Type_inadvance' is clicked on

2022-03-30 15:49:47 - [TEST_STEP][PASSED] - delay(1): Delayed 1 second(s)

2022-03-30 15:49:48 - [MESSAGE][PASSED] - Delayed 1 second(s)

2022-03-30 15:49:48 - [TEST_STEP][PASSED] - setText(findTestObject("ME_CollateralAndLoan_Vehicle/input_Flat Rate_flatRate"), "7"): Text '7' is set on object 'Object Repository/ME_CollateralAndLoan_Vehicle/input_Flat Rate_flatRate'

2022-03-30 15:49:49 - [MESSAGE][PASSED] - Text '7' is set on object 'Object Repository/ME_CollateralAndLoan_Vehicle/input_Flat Rate_flatRate'

2022-03-30 15:49:49 - [TEST_STEP][PASSED] - delay(1): Delayed 1 second(s)

2022-03-30 15:49:50 - [MESSAGE][PASSED] - Delayed 1 second(s)

2022-03-30 15:49:50 - [TEST_STEP][PASSED] - setText(findTestObject("ME_CollateralAndLoan_Vehicle/input_Flat Rate 2_flatRate2"), "7"): Text '7' is set on object 'Object Repository/ME_CollateralAndLoan_Vehicle/input_Flat Rate 2_flatRate2'

2022-03-30 15:49:50 - [MESSAGE][PASSED] - Text '7' is set on object 'Object Repository/ME_CollateralAndLoan_Vehicle/input_Flat Rate 2_flatRate2'

2022-03-30 15:49:50 - [TEST_STEP][PASSED] - delay(1): Delayed 1 second(s)

2022-03-30 15:49:51 - [MESSAGE][PASSED] - Delayed 1 second(s)

2022-03-30 15:49:51 - [TEST_STEP][PASSED] - click(findTestObject("ME_CollateralAndLoan_Vehicle/input_Effective Rate_effectiveRate"), OPTIONAL): Object: 'Object Repository/ME_CollateralAndLoan_Vehicle/input_Effective Rate_effectiveRate' is clicked on

2022-03-30 15:49:52 - [MESSAGE][PASSED] - Object: 'Object Repository/ME_CollateralAndLoan_Vehicle/input_Effective Rate_effectiveRate' is clicked on

2022-03-30 15:49:52 - [TEST_STEP][PASSED] - delay(1): Delayed 1 second(s)

2022-03-30 15:49:53 - [MESSAGE][PASSED] - Delayed 1 second(s)

2022-03-30 15:49:53 - [TEST_STEP][PASSED] - click(findTestObject("ME_CollateralAndLoan_Vehicle/input_Effective Rate 2_effectiveRate2"), OPTIONAL): Object: 'Object Repository/ME_CollateralAndLoan_Vehicle/input_Effective Rate 2_effectiveRate2' is clicked on

2022-03-30 15:49:53 - [MESSAGE][PASSED] - Object: 'Object Repository/ME_CollateralAndLoan_Vehicle/input_Effective Rate 2_effectiveRate2' is clicked on

2022-03-30 15:49:53 - [TEST_STEP][PASSED] - delay(1): Delayed 1 second(s)

2022-03-30 15:49:54 - [MESSAGE][PASSED] - Delayed 1 second(s)

2022-03-30 15:49:54 - [TEST_STEP][PASSED] - setText(findTestObject("ME_CollateralAndLoan_Vehicle/input_Provisional Percent_provisionPercent"), "2"): Text '2' is set on object 'Object Repository/ME_CollateralAndLoan_Vehicle/input_Provisional Percent_provisionPercent'

2022-03-30 15:49:55 - [MESSAGE][PASSED] - Text '2' is set on object 'Object Repository/ME_CollateralAndLoan_Vehicle/input_Provisional Percent_provisionPercent'

2022-03-30 15:49:55 - [TEST_STEP][PASSED] - delay(1): Delayed 1 second(s)

2022-03-30 15:49:56 - [MESSAGE][PASSED] - Delayed 1 second(s)

2022-03-30 15:49:56 - [TEST_STEP][PASSED] - click(findTestObject("ME_CollateralAndLoan_Vehicle/input_Provisional Payment_prepaid"), OPTIONAL): Object: 'Object Repository/ME_CollateralAndLoan_Vehicle/input_Provisional Payment_prepaid' is clicked on

2022-03-30 15:49:57 - [MESSAGE][PASSED] - Object: 'Object Repository/ME_CollateralAndLoan_Vehicle/input_Provisional Payment_prepaid' is clicked on

2022-03-30 15:49:57 - [TEST_STEP][PASSED] - delay(1): Delayed 1 second(s)

2022-03-30 15:49:58 - [MESSAGE][PASSED] - Delayed 1 second(s)

2022-03-30 15:49:58 - [TEST_STEP][PASSED] - setText(findTestObject("ME_CollateralAndLoan_Vehicle/input_Adm Fee_admFee"), "2000000"): Text '2000000' is set on object 'Object Repository/ME_CollateralAndLoan_Vehicle/input_Adm Fee_admFee'

2022-03-30 15:49:58 - [MESSAGE][PASSED] - Text '2000000' is set on object 'Object Repository/ME_CollateralAndLoan_Vehicle/input_Adm Fee_admFee'

2022-03-30 15:49:58 - [TEST_STEP][PASSED] - delay(1): Delayed 1 second(s)

2022-03-30 15:49:59 - [MESSAGE][PASSED] - Delayed 1 second(s)

2022-03-30 15:49:59 - [TEST_STEP][PASSED] - click(findTestObject("ME_CollateralAndLoan_Vehicle/input_Adm Fee Payment_onloan"), OPTIONAL): Object: 'Object Repository/ME_CollateralAndLoan_Vehicle/input_Adm Fee Payment_onloan' is clicked on

2022-03-30 15:50:00 - [MESSAGE][PASSED] - Object: 'Object Repository/ME_CollateralAndLoan_Vehicle/input_Adm Fee Payment_onloan' is clicked on

2022-03-30 15:50:00 - [TEST_STEP][PASSED] - delay(1): Delayed 1 second(s)

2022-03-30 15:50:01 - [MESSAGE][PASSED] - Delayed 1 second(s)

2022-03-30 15:50:01 - [TEST_STEP][PASSED] - click(findTestObject("ME_CollateralAndLoan_Vehicle/input_Adm Fee Payment_prepaid"), OPTIONAL): Object: 'Object Repository/ME_CollateralAndLoan_Vehicle/input_Adm Fee Payment_prepaid' is clicked on

2022-03-30 15:50:01 - [MESSAGE][PASSED] - Object: 'Object Repository/ME_CollateralAndLoan_Vehicle/input_Adm Fee Payment_prepaid' is clicked on

2022-03-30 15:50:01 - [TEST_STEP][PASSED] - delay(1): Delayed 1 second(s)

2022-03-30 15:50:02 - [MESSAGE][PASSED] - Delayed 1 second(s)

2022-03-30 15:50:02 - [TEST_STEP][PASSED] - click(findTestObject("ME_CollateralAndLoan_Vehicle/input_gabung_jenisUnit20"), OPTIONAL): Object: 'Object Repository/ME_CollateralAndLoan_Vehicle/input_gabung_jenisUnit20' is clicked on

2022-03-30 15:50:03 - [MESSAGE][PASSED] - Object: 'Object Repository/ME_CollateralAndLoan_Vehicle/input_gabung_jenisUnit20' is clicked on

2022-03-30 15:50:03 - [TEST_STEP][PASSED] - takeFullPageScreenshotAsCheckpoint(userDir + sprint4WebScreenshootPath + "scenario-4-berhasil-input-data-loan.png"): Taking screenshot successfully

2022-03-30 15:50:04 - [MESSAGE][INFO] - 0 hidden object(s)

2022-03-30 15:50:05 - [MESSAGE][PASSED] - Taking screenshot successfully
[[ATTACHMENT|D:\PROJECT\BCA\BCAF_MEAPP_i3\BCAF_MEAPP_i3\Screenshoot\Sprint4\Web\keyes\keyes-scenario-4-berhasil-input-data-loan.png]]

2022-03-30 15:50:05 - [TEST_STEP][PASSED] - markPassed("scenario 4 - berhasil input data loan"): scenario 4 - berhasil input data loan

2022-03-30 15:50:05 - [MESSAGE][PASSED] - scenario 4 - berhasil input data loan

2022-03-30 15:50:05 - [TEST_STEP][PASSED] - delay(1): Delayed 1 second(s)

2022-03-30 15:50:06 - [MESSAGE][PASSED] - Delayed 1 second(s)

2022-03-30 15:50:06 - [TEST_STEP][PASSED] - delay(1): Delayed 1 second(s)

2022-03-30 15:50:07 - [MESSAGE][PASSED] - Delayed 1 second(s)

2022-03-30 15:50:07 - [TEST_STEP][PASSED] - click(findTestObject("ME_CollateralAndLoan_Vehicle/button_Insurance"), OPTIONAL): Object: 'Object Repository/ME_CollateralAndLoan_Vehicle/button_Insurance' is clicked on

2022-03-30 15:50:08 - [MESSAGE][PASSED] - Object: 'Object Repository/ME_CollateralAndLoan_Vehicle/button_Insurance' is clicked on

2022-03-30 15:50:08 - [TEST_STEP][PASSED] - delay(1): Delayed 1 second(s)

2022-03-30 15:50:09 - [MESSAGE][PASSED] - Delayed 1 second(s)

2022-03-30 15:50:09 - [TEST_STEP][PASSED] - click(findTestObject("ME_CollateralAndLoan_Vehicle/input_Insurance_inline-checkbox1"), OPTIONAL): Object: 'Object Repository/ME_CollateralAndLoan_Vehicle/input_Insurance_inline-checkbox1' is clicked on

2022-03-30 15:50:09 - [MESSAGE][PASSED] - Object: 'Object Repository/ME_CollateralAndLoan_Vehicle/input_Insurance_inline-checkbox1' is clicked on

2022-03-30 15:50:09 - [TEST_STEP][PASSED] - delay(1): Delayed 1 second(s)

2022-03-30 15:50:10 - [MESSAGE][PASSED] - Delayed 1 second(s)

2022-03-30 15:50:10 - [TEST_STEP][PASSED] - takeFullPageScreenshotAsCheckpoint(userDir + sprint4WebScreenshootPath + "scenario-4-halaman-input-insurance.png"): Taking screenshot successfully

2022-03-30 15:50:12 - [MESSAGE][INFO] - 0 hidden object(s)

2022-03-30 15:50:12 - [MESSAGE][PASSED] - Taking screenshot successfully
[[ATTACHMENT|D:\PROJECT\BCA\BCAF_MEAPP_i3\BCAF_MEAPP_i3\Screenshoot\Sprint4\Web\keyes\keyes-scenario-4-halaman-input-insurance.png]]

2022-03-30 15:50:12 - [TEST_STEP][PASSED] - markPassed("scenario 4 - halaman input insurance"): scenario 4 - halaman input insurance

2022-03-30 15:50:12 - [MESSAGE][PASSED] - scenario 4 - halaman input insurance

2022-03-30 15:50:12 - [TEST_STEP][PASSED] - delay(1): Delayed 1 second(s)

2022-03-30 15:50:13 - [MESSAGE][PASSED] - Delayed 1 second(s)

2022-03-30 15:50:13 - [TEST_STEP][PASSED] - setText(findTestObject("vehiclekedua/input_carinsurance_kedua"), "NO INSURANCE"): Text 'NO INSURANCE' is set on object 'Object Repository/vehiclekedua/input_carinsurance_kedua'

2022-03-30 15:50:14 - [MESSAGE][PASSED] - Text 'NO INSURANCE' is set on object 'Object Repository/vehiclekedua/input_carinsurance_kedua'

2022-03-30 15:50:14 - [TEST_STEP][PASSED] - delay(1): Delayed 1 second(s)

2022-03-30 15:50:15 - [MESSAGE][PASSED] - Delayed 1 second(s)

2022-03-30 15:50:15 - [TEST_STEP][PASSED] - click(findTestObject("vehiclekedua/div_NO INSURANCE_kedua"), OPTIONAL): Object: 'Object Repository/vehiclekedua/div_NO INSURANCE_kedua' is clicked on

2022-03-30 15:50:16 - [MESSAGE][PASSED] - Object: 'Object Repository/vehiclekedua/div_NO INSURANCE_kedua' is clicked on

2022-03-30 15:50:16 - [TEST_STEP][PASSED] - delay(1): Delayed 1 second(s)

2022-03-30 15:50:17 - [MESSAGE][PASSED] - Delayed 1 second(s)

2022-03-30 15:50:17 - [TEST_STEP][PASSED] - click(findTestObject("vehiclekedua/input_carinsurancebranch_kedua"), OPTIONAL): Object: 'Object Repository/vehiclekedua/input_carinsurancebranch_kedua' is clicked on

2022-03-30 15:50:17 - [MESSAGE][PASSED] - Object: 'Object Repository/vehiclekedua/input_carinsurancebranch_kedua' is clicked on

2022-03-30 15:50:17 - [TEST_STEP][PASSED] - delay(1): Delayed 1 second(s)

2022-03-30 15:50:18 - [MESSAGE][PASSED] - Delayed 1 second(s)

2022-03-30 15:50:18 - [TEST_STEP][PASSED] - setText(findTestObject("vehiclekedua/input_carinsurancebranch_kedua"), "NO INSURANCE", OPTIONAL): Text 'NO INSURANCE' is set on object 'Object Repository/vehiclekedua/input_carinsurancebranch_kedua'

2022-03-30 15:50:19 - [MESSAGE][PASSED] - Text 'NO INSURANCE' is set on object 'Object Repository/vehiclekedua/input_carinsurancebranch_kedua'

2022-03-30 15:50:19 - [TEST_STEP][PASSED] - delay(1): Delayed 1 second(s)

2022-03-30 15:50:20 - [MESSAGE][PASSED] - Delayed 1 second(s)

2022-03-30 15:50:20 - [TEST_STEP][PASSED] - click(findTestObject("ME_CollateralAndLoan_Vehicle/div_NO INSURANCE_branch"), OPTIONAL): Object: 'Object Repository/ME_CollateralAndLoan_Vehicle/div_NO INSURANCE_branch' is clicked on

2022-03-30 15:50:21 - [MESSAGE][PASSED] - Object: 'Object Repository/ME_CollateralAndLoan_Vehicle/div_NO INSURANCE_branch' is clicked on

2022-03-30 15:50:21 - [TEST_STEP][PASSED] - delay(1): Delayed 1 second(s)

2022-03-30 15:50:22 - [MESSAGE][PASSED] - Delayed 1 second(s)

2022-03-30 15:50:22 - [TEST_STEP][PASSED] - click(findTestObject("vehiclekedua/input_carinsurancetype_kedua")): Object: 'Object Repository/vehiclekedua/input_carinsurancetype_kedua' is clicked on

2022-03-30 15:50:22 - [MESSAGE][PASSED] - Object: 'Object Repository/vehiclekedua/input_carinsurancetype_kedua' is clicked on

2022-03-30 15:50:22 - [TEST_STEP][PASSED] - delay(1): Delayed 1 second(s)

2022-03-30 15:50:23 - [MESSAGE][PASSED] - Delayed 1 second(s)

2022-03-30 15:50:23 - [TEST_STEP][PASSED] - setText(findTestObject("vehiclekedua/input_carinsurancetype_kedua"), "all risk"): Text 'all risk' is set on object 'Object Repository/vehiclekedua/input_carinsurancetype_kedua'

2022-03-30 15:50:24 - [MESSAGE][PASSED] - Text 'all risk' is set on object 'Object Repository/vehiclekedua/input_carinsurancetype_kedua'

2022-03-30 15:50:24 - [TEST_STEP][PASSED] - delay(1): Delayed 1 second(s)

2022-03-30 15:50:25 - [MESSAGE][PASSED] - Delayed 1 second(s)

2022-03-30 15:50:25 - [TEST_STEP][PASSED] - click(findTestObject("vehiclekedua/div_All Risk_kedua")): Object: 'Object Repository/vehiclekedua/div_All Risk_kedua' is clicked on

2022-03-30 15:50:25 - [MESSAGE][PASSED] - Object: 'Object Repository/vehiclekedua/div_All Risk_kedua' is clicked on

2022-03-30 15:50:25 - [TEST_STEP][PASSED] - delay(1): Delayed 1 second(s)

2022-03-30 15:50:26 - [MESSAGE][PASSED] - Delayed 1 second(s)

2022-03-30 15:50:26 - [TEST_STEP][PASSED] - click(findTestObject("ME_CollateralAndLoan_Vehicle/input_RSCC_carInsuranceRscc0")): Object: 'Object Repository/ME_CollateralAndLoan_Vehicle/input_RSCC_carInsuranceRscc0' is clicked on

2022-03-30 15:50:27 - [MESSAGE][PASSED] - Object: 'Object Repository/ME_CollateralAndLoan_Vehicle/input_RSCC_carInsuranceRscc0' is clicked on

2022-03-30 15:50:27 - [TEST_STEP][PASSED] - delay(1): Delayed 1 second(s)

2022-03-30 15:50:28 - [MESSAGE][PASSED] - Delayed 1 second(s)

2022-03-30 15:50:28 - [TEST_STEP][PASSED] - click(findTestObject("ME_CollateralAndLoan_Vehicle/input_RSMB_carInsuranceRsmb0")): Object: 'Object Repository/ME_CollateralAndLoan_Vehicle/input_RSMB_carInsuranceRsmb0' is clicked on

2022-03-30 15:50:28 - [MESSAGE][PASSED] - Object: 'Object Repository/ME_CollateralAndLoan_Vehicle/input_RSMB_carInsuranceRsmb0' is clicked on

2022-03-30 15:50:28 - [TEST_STEP][PASSED] - delay(1): Delayed 1 second(s)

2022-03-30 15:50:29 - [MESSAGE][PASSED] - Delayed 1 second(s)

2022-03-30 15:50:29 - [TEST_STEP][PASSED] - click(findTestObject("ME_CollateralAndLoan_Vehicle/input_Insurance Payment_prepaid")): Object: 'Object Repository/ME_CollateralAndLoan_Vehicle/input_Insurance Payment_prepaid' is clicked on

2022-03-30 15:50:30 - [MESSAGE][PASSED] - Object: 'Object Repository/ME_CollateralAndLoan_Vehicle/input_Insurance Payment_prepaid' is clicked on

2022-03-30 15:50:30 - [TEST_STEP][PASSED] - delay(1): Delayed 1 second(s)

2022-03-30 15:50:31 - [MESSAGE][PASSED] - Delayed 1 second(s)

2022-03-30 15:50:31 - [TEST_STEP][PASSED] - click(findTestObject("ME_CollateralAndLoan_Vehicle/input_Machine Warranty_lifeInsurance")): Object: 'Object Repository/ME_CollateralAndLoan_Vehicle/input_Machine Warranty_lifeInsurance' is clicked on

2022-03-30 15:50:31 - [MESSAGE][PASSED] - Object: 'Object Repository/ME_CollateralAndLoan_Vehicle/input_Machine Warranty_lifeInsurance' is clicked on

2022-03-30 15:50:31 - [TEST_STEP][PASSED] - delay(1): Delayed 1 second(s)

2022-03-30 15:50:32 - [MESSAGE][PASSED] - Delayed 1 second(s)

2022-03-30 15:50:32 - [TEST_STEP][PASSED] - takeFullPageScreenshotAsCheckpoint(userDir + sprint4WebScreenshootPath + "scenario-4-halaman-input-life-insurance.png"): Taking screenshot successfully

2022-03-30 15:50:34 - [MESSAGE][INFO] - 0 hidden object(s)

2022-03-30 15:50:34 - [MESSAGE][PASSED] - Taking screenshot successfully
[[ATTACHMENT|D:\PROJECT\BCA\BCAF_MEAPP_i3\BCAF_MEAPP_i3\Screenshoot\Sprint4\Web\keyes\keyes-scenario-4-halaman-input-life-insurance.png]]

2022-03-30 15:50:34 - [TEST_STEP][PASSED] - markPassed("scenario 4 - halaman input life insurance"): scenario 4 - halaman input life insurance

2022-03-30 15:50:34 - [MESSAGE][PASSED] - scenario 4 - halaman input life insurance

2022-03-30 15:50:34 - [TEST_STEP][PASSED] - delay(1): Delayed 1 second(s)

2022-03-30 15:50:35 - [MESSAGE][PASSED] - Delayed 1 second(s)

2022-03-30 15:50:35 - [TEST_STEP][PASSED] - scrollToElement(findTestObject("ME_CollateralAndLoan_Vehicle/a_Calculate All Unit (1)"), 0): Scroll to object 'Object Repository/ME_CollateralAndLoan_Vehicle/a_Calculate All Unit (1)' successfully

2022-03-30 15:50:35 - [MESSAGE][WARNING] - Timeout '0' is invalid. Using default page load timeout: '30'

2022-03-30 15:50:36 - [MESSAGE][PASSED] - Scroll to object 'Object Repository/ME_CollateralAndLoan_Vehicle/a_Calculate All Unit (1)' successfully

2022-03-30 15:50:36 - [TEST_STEP][PASSED] - delay(1): Delayed 1 second(s)

2022-03-30 15:50:37 - [MESSAGE][PASSED] - Delayed 1 second(s)

2022-03-30 15:50:37 - [TEST_STEP][PASSED] - click(findTestObject("vehiclekedua/input_lifeinsurancecorp_kedua"), OPTIONAL): Object: 'Object Repository/vehiclekedua/input_lifeinsurancecorp_kedua' is clicked on

2022-03-30 15:50:37 - [MESSAGE][PASSED] - Object: 'Object Repository/vehiclekedua/input_lifeinsurancecorp_kedua' is clicked on

2022-03-30 15:50:37 - [TEST_STEP][PASSED] - delay(1): Delayed 1 second(s)

2022-03-30 15:50:38 - [MESSAGE][PASSED] - Delayed 1 second(s)

2022-03-30 15:50:38 - [TEST_STEP][PASSED] - setText(findTestObject("vehiclekedua/input_lifeinsurancecorp_kedua"), "ASURANSI LAINNYA", OPTIONAL): Text 'ASURANSI LAINNYA' is set on object 'Object Repository/vehiclekedua/input_lifeinsurancecorp_kedua'

2022-03-30 15:50:39 - [MESSAGE][PASSED] - Text 'ASURANSI LAINNYA' is set on object 'Object Repository/vehiclekedua/input_lifeinsurancecorp_kedua'

2022-03-30 15:50:39 - [TEST_STEP][PASSED] - delay(1): Delayed 1 second(s)

2022-03-30 15:50:40 - [MESSAGE][PASSED] - Delayed 1 second(s)

2022-03-30 15:50:40 - [TEST_STEP][PASSED] - click(findTestObject("vehiclekedua/div_ASURANSI LAINNYA_kedua"), OPTIONAL): Object: 'Object Repository/vehiclekedua/div_ASURANSI LAINNYA_kedua' is clicked on

2022-03-30 15:50:41 - [MESSAGE][PASSED] - Object: 'Object Repository/vehiclekedua/div_ASURANSI LAINNYA_kedua' is clicked on

2022-03-30 15:50:41 - [TEST_STEP][PASSED] - delay(1): Delayed 1 second(s)

2022-03-30 15:50:42 - [MESSAGE][PASSED] - Delayed 1 second(s)

2022-03-30 15:50:42 - [TEST_STEP][PASSED] - click(findTestObject("vehiclekedua/input_lifeinsurancebranch_kedua"), OPTIONAL): Object: 'Object Repository/vehiclekedua/input_lifeinsurancebranch_kedua' is clicked on

2022-03-30 15:50:42 - [MESSAGE][PASSED] - Object: 'Object Repository/vehiclekedua/input_lifeinsurancebranch_kedua' is clicked on

2022-03-30 15:50:42 - [TEST_STEP][PASSED] - delay(1): Delayed 1 second(s)

2022-03-30 15:50:43 - [MESSAGE][PASSED] - Delayed 1 second(s)

2022-03-30 15:50:43 - [TEST_STEP][PASSED] - setText(findTestObject("vehiclekedua/input_lifeinsurancebranch_kedua"), "AS. LAINNYA", OPTIONAL): Text 'AS. LAINNYA' is set on object 'Object Repository/vehiclekedua/input_lifeinsurancebranch_kedua'

2022-03-30 15:50:44 - [MESSAGE][PASSED] - Text 'AS. LAINNYA' is set on object 'Object Repository/vehiclekedua/input_lifeinsurancebranch_kedua'

2022-03-30 15:50:44 - [TEST_STEP][PASSED] - delay(1): Delayed 1 second(s)

2022-03-30 15:50:45 - [MESSAGE][PASSED] - Delayed 1 second(s)

2022-03-30 15:50:45 - [TEST_STEP][PASSED] - click(findTestObject("ME_CollateralAndLoan_Vehicle/div_AS. LAINNYA_lifeinsurance"), OPTIONAL): Object: 'Object Repository/ME_CollateralAndLoan_Vehicle/div_AS. LAINNYA_lifeinsurance' is clicked on

2022-03-30 15:50:46 - [MESSAGE][PASSED] - Object: 'Object Repository/ME_CollateralAndLoan_Vehicle/div_AS. LAINNYA_lifeinsurance' is clicked on

2022-03-30 15:50:46 - [TEST_STEP][PASSED] - delay(1): Delayed 1 second(s)

2022-03-30 15:50:47 - [MESSAGE][PASSED] - Delayed 1 second(s)

2022-03-30 15:50:47 - [TEST_STEP][PASSED] - click(findTestObject("ME_CollateralAndLoan_Vehicle/input_Annual_lifeInsurancePayment"), OPTIONAL): Object: 'Object Repository/ME_CollateralAndLoan_Vehicle/input_Annual_lifeInsurancePayment' is clicked on

2022-03-30 15:50:47 - [MESSAGE][PASSED] - Object: 'Object Repository/ME_CollateralAndLoan_Vehicle/input_Annual_lifeInsurancePayment' is clicked on

2022-03-30 15:50:47 - [TEST_STEP][PASSED] - delay(1): Delayed 1 second(s)

2022-03-30 15:50:48 - [MESSAGE][PASSED] - Delayed 1 second(s)

2022-03-30 15:50:48 - [TEST_STEP][PASSED] - takeFullPageScreenshotAsCheckpoint(userDir + sprint4WebScreenshootPath + "scenario-4-berhasil-input-data-insurance.png"): Taking screenshot successfully

2022-03-30 15:50:50 - [MESSAGE][INFO] - 0 hidden object(s)

2022-03-30 15:50:50 - [MESSAGE][PASSED] - Taking screenshot successfully
[[ATTACHMENT|D:\PROJECT\BCA\BCAF_MEAPP_i3\BCAF_MEAPP_i3\Screenshoot\Sprint4\Web\keyes\keyes-scenario-4-berhasil-input-data-insurance.png]]

2022-03-30 15:50:50 - [TEST_STEP][PASSED] - markPassed("scenario 4 - berhasil input data insurance"): scenario 4 - berhasil input data insurance

2022-03-30 15:50:50 - [MESSAGE][PASSED] - scenario 4 - berhasil input data insurance

2022-03-30 15:50:50 - [TEST_STEP][PASSED] - delay(1): Delayed 1 second(s)

2022-03-30 15:50:51 - [MESSAGE][PASSED] - Delayed 1 second(s)

2022-03-30 15:50:51 - [TEST_STEP][PASSED] - click(findTestObject("ME_CollateralAndLoan_Vehicle/button_Note"), OPTIONAL): Object: 'Object Repository/ME_CollateralAndLoan_Vehicle/button_Note' is clicked on

2022-03-30 15:50:52 - [MESSAGE][PASSED] - Object: 'Object Repository/ME_CollateralAndLoan_Vehicle/button_Note' is clicked on

2022-03-30 15:50:52 - [TEST_STEP][PASSED] - delay(1): Delayed 1 second(s)

2022-03-30 15:50:53 - [MESSAGE][PASSED] - Delayed 1 second(s)

2022-03-30 15:50:53 - [TEST_STEP][PASSED] - takeFullPageScreenshotAsCheckpoint(userDir + sprint4WebScreenshootPath + "scenario-4-submenu-notes.png"): Taking screenshot successfully

2022-03-30 15:50:54 - [MESSAGE][INFO] - 0 hidden object(s)

2022-03-30 15:50:55 - [MESSAGE][PASSED] - Taking screenshot successfully
[[ATTACHMENT|D:\PROJECT\BCA\BCAF_MEAPP_i3\BCAF_MEAPP_i3\Screenshoot\Sprint4\Web\keyes\keyes-scenario-4-submenu-notes.png]]

2022-03-30 15:50:55 - [TEST_STEP][PASSED] - markPassed("scenario 4 - submenu notes"): scenario 4 - submenu notes

2022-03-30 15:50:55 - [MESSAGE][PASSED] - scenario 4 - submenu notes

2022-03-30 15:50:55 - [TEST_STEP][PASSED] - delay(1): Delayed 1 second(s)

2022-03-30 15:50:56 - [MESSAGE][PASSED] - Delayed 1 second(s)

2022-03-30 15:50:56 - [TEST_STEP][PASSED] - setText(findTestObject("ME_CollateralAndLoan_Vehicle/textarea_Note CMO_noteCMO"), "notes cmo note cmo"): Text 'notes cmo note cmo' is set on object 'Object Repository/ME_CollateralAndLoan_Vehicle/textarea_Note CMO_noteCMO'

2022-03-30 15:50:57 - [MESSAGE][PASSED] - Text 'notes cmo note cmo' is set on object 'Object Repository/ME_CollateralAndLoan_Vehicle/textarea_Note CMO_noteCMO'

2022-03-30 15:50:57 - [TEST_STEP][PASSED] - delay(1): Delayed 1 second(s)

2022-03-30 15:50:58 - [MESSAGE][PASSED] - Delayed 1 second(s)

2022-03-30 15:50:58 - [TEST_STEP][PASSED] - takeFullPageScreenshotAsCheckpoint(userDir + sprint4WebScreenshootPath + "scenario-4-submenu-notes.png"): Taking screenshot successfully

2022-03-30 15:50:59 - [MESSAGE][INFO] - 0 hidden object(s)

2022-03-30 15:50:59 - [MESSAGE][PASSED] - Taking screenshot successfully
[[ATTACHMENT|D:\PROJECT\BCA\BCAF_MEAPP_i3\BCAF_MEAPP_i3\Screenshoot\Sprint4\Web\keyes\keyes-scenario-4-submenu-notes.png]]

2022-03-30 15:50:59 - [TEST_STEP][PASSED] - markPassed("scenario 4 - berhasil input  notes CMO"): scenario 4 - berhasil input  notes CMO

2022-03-30 15:50:59 - [MESSAGE][PASSED] - scenario 4 - berhasil input  notes CMO

2022-03-30 15:50:59 - [TEST_STEP][PASSED] - delay(1): Delayed 1 second(s)

2022-03-30 15:51:00 - [MESSAGE][PASSED] - Delayed 1 second(s)

2022-03-30 15:51:00 - [TEST_STEP][PASSED] - click(findTestObject("vehiclekedua/a_Add Unit Kendaraan_kedua")): Object: 'Object Repository/vehiclekedua/a_Add Unit Kendaraan_kedua' is clicked on

2022-03-30 15:51:01 - [MESSAGE][PASSED] - Object: 'Object Repository/vehiclekedua/a_Add Unit Kendaraan_kedua' is clicked on

2022-03-30 15:51:01 - [TEST_STEP][PASSED] - delay(1): Delayed 1 second(s)

2022-03-30 15:51:02 - [MESSAGE][PASSED] - Delayed 1 second(s)

2022-03-30 15:51:02 - [TEST_STEP][PASSED] - takeFullPageScreenshotAsCheckpoint(userDir + sprint4WebScreenshootPath + "scenario-4-pop-up-add-kendaraan.png"): Taking screenshot successfully

2022-03-30 15:51:03 - [MESSAGE][INFO] - 0 hidden object(s)

2022-03-30 15:51:03 - [MESSAGE][PASSED] - Taking screenshot successfully
[[ATTACHMENT|D:\PROJECT\BCA\BCAF_MEAPP_i3\BCAF_MEAPP_i3\Screenshoot\Sprint4\Web\keyes\keyes-scenario-4-pop-up-add-kendaraan.png]]

2022-03-30 15:51:03 - [TEST_STEP][PASSED] - markPassed("scenario 4 - Popup add unit kendaraan"): scenario 4 - Popup add unit kendaraan

2022-03-30 15:51:03 - [MESSAGE][PASSED] - scenario 4 - Popup add unit kendaraan

2022-03-30 15:51:03 - [TEST_STEP][PASSED] - delay(1): Delayed 1 second(s)

2022-03-30 15:51:04 - [MESSAGE][PASSED] - Delayed 1 second(s)

2022-03-30 15:51:04 - [TEST_STEP][PASSED] - setText(findTestObject("vehiclekedua/input_Jumlah unit_kedua"), "2"): Text '2' is set on object 'Object Repository/vehiclekedua/input_Jumlah unit_kedua'

2022-03-30 15:51:05 - [MESSAGE][PASSED] - Text '2' is set on object 'Object Repository/vehiclekedua/input_Jumlah unit_kedua'

2022-03-30 15:51:05 - [TEST_STEP][PASSED] - delay(1): Delayed 1 second(s)

2022-03-30 15:51:06 - [MESSAGE][PASSED] - Delayed 1 second(s)

2022-03-30 15:51:06 - [TEST_STEP][PASSED] - click(findTestObject("ME_CollateralAndLoan_Vehicle/input_ya_copy_addunit")): Object: 'Object Repository/ME_CollateralAndLoan_Vehicle/input_ya_copy_addunit' is clicked on

2022-03-30 15:51:06 - [MESSAGE][PASSED] - Object: 'Object Repository/ME_CollateralAndLoan_Vehicle/input_ya_copy_addunit' is clicked on

2022-03-30 15:51:06 - [TEST_STEP][PASSED] - delay(1): Delayed 1 second(s)

2022-03-30 15:51:07 - [MESSAGE][PASSED] - Delayed 1 second(s)

2022-03-30 15:51:07 - [TEST_STEP][PASSED] - click(findTestObject("ME_CollateralAndLoan_Vehicle/span_Pilih Unit")): Object: 'Object Repository/ME_CollateralAndLoan_Vehicle/span_Pilih Unit' is clicked on

2022-03-30 15:51:08 - [MESSAGE][PASSED] - Object: 'Object Repository/ME_CollateralAndLoan_Vehicle/span_Pilih Unit' is clicked on

2022-03-30 15:51:08 - [TEST_STEP][PASSED] - delay(1): Delayed 1 second(s)

2022-03-30 15:51:09 - [MESSAGE][PASSED] - Delayed 1 second(s)

2022-03-30 15:51:09 - [TEST_STEP][PASSED] - setText(findTestObject("vehiclekedua/input_Add_select2-search__field-UNIT_yangakandicopy_kedua"), "Unit 1"): Text 'Unit 1' is set on object 'Object Repository/vehiclekedua/input_Add_select2-search__field-UNIT_yangakandicopy_kedua'

2022-03-30 15:51:10 - [MESSAGE][PASSED] - Text 'Unit 1' is set on object 'Object Repository/vehiclekedua/input_Add_select2-search__field-UNIT_yangakandicopy_kedua'

2022-03-30 15:51:10 - [TEST_STEP][PASSED] - delay(1): Delayed 1 second(s)

2022-03-30 15:51:11 - [MESSAGE][PASSED] - Delayed 1 second(s)

2022-03-30 15:51:11 - [TEST_STEP][PASSED] - sendKeys(findTestObject("vehiclekedua/input_Add_select2-search__field-UNIT_yangakandicopy_kedua"), Keys.chord(ENTER)): Keys 'ENTER + ' sent to object: 'Object Repository/vehiclekedua/input_Add_select2-search__field-UNIT_yangakandicopy_kedua'

2022-03-30 15:51:11 - [MESSAGE][PASSED] - Keys 'ENTER + ' sent to object: 'Object Repository/vehiclekedua/input_Add_select2-search__field-UNIT_yangakandicopy_kedua'

2022-03-30 15:51:11 - [TEST_STEP][PASSED] - delay(1): Delayed 1 second(s)

2022-03-30 15:51:12 - [MESSAGE][PASSED] - Delayed 1 second(s)

2022-03-30 15:51:12 - [TEST_STEP][PASSED] - takeFullPageScreenshotAsCheckpoint(userDir + sprint4WebScreenshootPath + "scenario-4-berhasil-add-kendaraan.png"): Taking screenshot successfully

2022-03-30 15:51:13 - [MESSAGE][INFO] - 0 hidden object(s)

2022-03-30 15:51:14 - [MESSAGE][PASSED] - Taking screenshot successfully
[[ATTACHMENT|D:\PROJECT\BCA\BCAF_MEAPP_i3\BCAF_MEAPP_i3\Screenshoot\Sprint4\Web\keyes\keyes-scenario-4-berhasil-add-kendaraan.png]]

2022-03-30 15:51:14 - [TEST_STEP][PASSED] - markPassed("scenario 4 - berhasil add unit kendaraan"): scenario 4 - berhasil add unit kendaraan

2022-03-30 15:51:14 - [MESSAGE][PASSED] - scenario 4 - berhasil add unit kendaraan

2022-03-30 15:51:14 - [TEST_STEP][PASSED] - delay(1): Delayed 1 second(s)

2022-03-30 15:51:15 - [MESSAGE][PASSED] - Delayed 1 second(s)

2022-03-30 15:51:15 - [TEST_STEP][PASSED] - click(findTestObject("ME_CollateralAndLoan_Vehicle/button_Add_unit")): Object: 'Object Repository/ME_CollateralAndLoan_Vehicle/button_Add_unit' is clicked on

2022-03-30 15:51:15 - [MESSAGE][PASSED] - Object: 'Object Repository/ME_CollateralAndLoan_Vehicle/button_Add_unit' is clicked on

2022-03-30 15:51:15 - [TEST_STEP][PASSED] - delay(1): Delayed 1 second(s)

2022-03-30 15:51:16 - [MESSAGE][PASSED] - Delayed 1 second(s)

2022-03-30 15:51:16 - [TEST_STEP][PASSED] - click(findTestObject("ME_CollateralAndLoan_Vehicle/a_Calculate All Unit")): Object: 'Object Repository/ME_CollateralAndLoan_Vehicle/a_Calculate All Unit' is clicked on

2022-03-30 15:51:19 - [MESSAGE][PASSED] - Object: 'Object Repository/ME_CollateralAndLoan_Vehicle/a_Calculate All Unit' is clicked on

2022-03-30 15:51:19 - [TEST_STEP][PASSED] - delay(1): Delayed 1 second(s)

2022-03-30 15:51:20 - [MESSAGE][PASSED] - Delayed 1 second(s)

2022-03-30 15:51:20 - [TEST_STEP][PASSED] - verifyElementPresent(findTestObject("ME_CollateralAndLoan_Vehicle/label_Summary Total"), 0): Object 'Object Repository/ME_CollateralAndLoan_Vehicle/label_Summary Total' is present

2022-03-30 15:51:20 - [MESSAGE][WARNING] - Timeout '0' is invalid. Using default page load timeout: '30'

2022-03-30 15:51:23 - [MESSAGE][PASSED] - Object 'Object Repository/ME_CollateralAndLoan_Vehicle/label_Summary Total' is present

2022-03-30 15:51:23 - [TEST_STEP][PASSED] - delay(1): Delayed 1 second(s)

2022-03-30 15:51:24 - [MESSAGE][PASSED] - Delayed 1 second(s)

2022-03-30 15:51:24 - [TEST_STEP][PASSED] - takeFullPageScreenshotAsCheckpoint(userDir + sprint4WebScreenshootPath + "scenario-4-pop-up-summary-total.png"): Taking screenshot successfully

2022-03-30 15:51:26 - [MESSAGE][INFO] - 0 hidden object(s)

2022-03-30 15:51:26 - [MESSAGE][PASSED] - Taking screenshot successfully
[[ATTACHMENT|D:\PROJECT\BCA\BCAF_MEAPP_i3\BCAF_MEAPP_i3\Screenshoot\Sprint4\Web\keyes\keyes-scenario-4-pop-up-summary-total.png]]

2022-03-30 15:51:26 - [TEST_STEP][PASSED] - markPassed("scenario 4 - Popup summary total"): scenario 4 - Popup summary total

2022-03-30 15:51:26 - [MESSAGE][PASSED] - scenario 4 - Popup summary total

2022-03-30 15:51:26 - [TEST_STEP][PASSED] - delay(1): Delayed 1 second(s)

2022-03-30 15:51:27 - [MESSAGE][PASSED] - Delayed 1 second(s)

2022-03-30 15:51:27 - [TEST_STEP][PASSED] - verifyElementPresent(findTestObject("ME_CollateralAndLoan_Vehicle/div_Calculating Summary_mx-0 proceed-state state-1_success"), 0): Object 'Object Repository/ME_CollateralAndLoan_Vehicle/div_Calculating Summary_mx-0 proceed-state state-1_success' is present

2022-03-30 15:51:27 - [MESSAGE][WARNING] - Timeout '0' is invalid. Using default page load timeout: '30'

2022-03-30 15:51:28 - [MESSAGE][PASSED] - Object 'Object Repository/ME_CollateralAndLoan_Vehicle/div_Calculating Summary_mx-0 proceed-state state-1_success' is present

2022-03-30 15:51:28 - [TEST_STEP][PASSED] - delay(1): Delayed 1 second(s)

2022-03-30 15:51:29 - [MESSAGE][PASSED] - Delayed 1 second(s)

2022-03-30 15:51:29 - [TEST_STEP][PASSED] - click(findTestObject("ME_CollateralAndLoan_Vehicle/a_Close_calculate")): Object: 'Object Repository/ME_CollateralAndLoan_Vehicle/a_Close_calculate' is clicked on

2022-03-30 15:51:29 - [MESSAGE][PASSED] - Object: 'Object Repository/ME_CollateralAndLoan_Vehicle/a_Close_calculate' is clicked on]]></system-out>
         <system-err><![CDATA[]]></system-err>
      </testcase>
      <testcase name="Test Cases/Sprint 4/Skenario 4/04-04-Transaction-InputPenyimpangan-ProcessBM" time="29.178" classname="Test Cases/Sprint 4/Skenario 4/04-04-Transaction-InputPenyimpangan-ProcessBM" status="PASSED">
         <system-out><![CDATA[2022-03-30 15:51:29 - [TEST_CASE][PASSED] - Test Cases/Sprint 4/Skenario 4/04-04-Transaction-InputPenyimpangan-ProcessBM: Test Cases/Sprint 4/Skenario 4/04-04-Transaction-InputPenyimpangan-ProcessBM

2022-03-30 15:51:29 - [TEST_STEP][PASSED] - userDir = getProjectDir(): null

2022-03-30 15:51:29 - [TEST_STEP][PASSED] - scrollToPosition(0, 0): Browser is scrolled to position x = 0, y = 0

2022-03-30 15:51:30 - [MESSAGE][PASSED] - Browser is scrolled to position x = 0, y = 0

2022-03-30 15:51:30 - [TEST_STEP][PASSED] - click(findTestObject("Object Repository/Penyimpangan/span_Penyimpangan"), OPTIONAL): Object: 'Object Repository/Penyimpangan/span_Penyimpangan' is clicked on

2022-03-30 15:51:30 - [MESSAGE][PASSED] - Object: 'Object Repository/Penyimpangan/span_Penyimpangan' is clicked on

2022-03-30 15:51:30 - [TEST_STEP][PASSED] - delay(1): Delayed 1 second(s)

2022-03-30 15:51:31 - [MESSAGE][PASSED] - Delayed 1 second(s)

2022-03-30 15:51:31 - [TEST_STEP][PASSED] - takeFullPageScreenshotAsCheckpoint(userDir + sprint4WebScreenshootPath + "scenario-4-masuk-menu-penyimpangan.png"): Taking screenshot successfully

2022-03-30 15:51:32 - [MESSAGE][INFO] - 0 hidden object(s)

2022-03-30 15:51:33 - [MESSAGE][PASSED] - Taking screenshot successfully
[[ATTACHMENT|D:\PROJECT\BCA\BCAF_MEAPP_i3\BCAF_MEAPP_i3\Screenshoot\Sprint4\Web\keyes\keyes-scenario-4-masuk-menu-penyimpangan.png]]

2022-03-30 15:51:33 - [TEST_STEP][PASSED] - markPassed("scenario 4 - Masuk menu penyimpangan"): scenario 4 - Masuk menu penyimpangan

2022-03-30 15:51:33 - [MESSAGE][PASSED] - scenario 4 - Masuk menu penyimpangan

2022-03-30 15:51:33 - [TEST_STEP][PASSED] - delay(1): Delayed 1 second(s)

2022-03-30 15:51:34 - [MESSAGE][PASSED] - Delayed 1 second(s)

2022-03-30 15:51:34 - [TEST_STEP][PASSED] - setText(findTestObject("Object Repository/Penyimpangan/input_keyword"), processBM_keyword, OPTIONAL): Text 'BM - (Tidak berlaku lagi) Bukti rumah berupa AJB / PBB / PPJB / HGB / Perjanjian Kredit KPR yang menunjukkan alamat sesuai dengan tempat tinggal konsumen (dapat atas nama pemohon / pasangan / anak / orang tua / mertua) (CS)' is set on object 'Object Repository/Penyimpangan/input_keyword'

2022-03-30 15:51:41 - [MESSAGE][PASSED] - Text 'BM - (Tidak berlaku lagi) Bukti rumah berupa AJB / PBB / PPJB / HGB / Perjanjian Kredit KPR yang menunjukkan alamat sesuai dengan tempat tinggal konsumen (dapat atas nama pemohon / pasangan / anak / orang tua / mertua) (CS)' is set on object 'Object Repository/Penyimpangan/input_keyword'

2022-03-30 15:51:41 - [TEST_STEP][PASSED] - takeFullPageScreenshotAsCheckpoint(userDir + sprint4WebScreenshootPath + "scenario-4-input-penyimpangan.png"): Taking screenshot successfully

2022-03-30 15:51:43 - [MESSAGE][INFO] - 0 hidden object(s)

2022-03-30 15:51:43 - [MESSAGE][PASSED] - Taking screenshot successfully
[[ATTACHMENT|D:\PROJECT\BCA\BCAF_MEAPP_i3\BCAF_MEAPP_i3\Screenshoot\Sprint4\Web\keyes\keyes-scenario-4-input-penyimpangan.png]]

2022-03-30 15:51:43 - [TEST_STEP][PASSED] - markPassed("scenario 4 - Input penyimpangan"): scenario 4 - Input penyimpangan

2022-03-30 15:51:43 - [MESSAGE][PASSED] - scenario 4 - Input penyimpangan

2022-03-30 15:51:43 - [TEST_STEP][PASSED] - delay(1): Delayed 1 second(s)

2022-03-30 15:51:44 - [MESSAGE][PASSED] - Delayed 1 second(s)

2022-03-30 15:51:44 - [TEST_STEP][PASSED] - click(findTestObject("Object Repository/Penyimpangan/span_BM 1"), OPTIONAL): Object: 'Object Repository/Penyimpangan/span_BM 1' is clicked on

2022-03-30 15:51:45 - [MESSAGE][PASSED] - Object: 'Object Repository/Penyimpangan/span_BM 1' is clicked on

2022-03-30 15:51:45 - [TEST_STEP][PASSED] - delay(1): Delayed 1 second(s)

2022-03-30 15:51:46 - [MESSAGE][PASSED] - Delayed 1 second(s)

2022-03-30 15:51:46 - [TEST_STEP][PASSED] - scrollToElement(findTestObject("Object Repository/Penyimpangan/textarea_Catatan_note"), 0, OPTIONAL): Scroll to object 'Object Repository/Penyimpangan/textarea_Catatan_note' successfully

2022-03-30 15:51:46 - [MESSAGE][WARNING] - Timeout '0' is invalid. Using default page load timeout: '30'

2022-03-30 15:51:46 - [MESSAGE][PASSED] - Scroll to object 'Object Repository/Penyimpangan/textarea_Catatan_note' successfully

2022-03-30 15:51:46 - [TEST_STEP][PASSED] - delay(1): Delayed 1 second(s)

2022-03-30 15:51:47 - [MESSAGE][PASSED] - Delayed 1 second(s)

2022-03-30 15:51:47 - [TEST_STEP][PASSED] - setText(findTestObject("Object Repository/Penyimpangan/textarea_Catatan_note"), processBM_catatanNote, OPTIONAL): Text 'Pengajuan 4' is set on object 'Object Repository/Penyimpangan/textarea_Catatan_note'

2022-03-30 15:51:48 - [MESSAGE][PASSED] - Text 'Pengajuan 4' is set on object 'Object Repository/Penyimpangan/textarea_Catatan_note'

2022-03-30 15:51:48 - [TEST_STEP][PASSED] - delay(1): Delayed 1 second(s)

2022-03-30 15:51:49 - [MESSAGE][PASSED] - Delayed 1 second(s)

2022-03-30 15:51:49 - [TEST_STEP][PASSED] - takeFullPageScreenshotAsCheckpoint(userDir + sprint4WebScreenshootPath + "scenario-4-input-penyimpangan-selesai.png"): Taking screenshot successfully

2022-03-30 15:51:50 - [MESSAGE][INFO] - 0 hidden object(s)

2022-03-30 15:51:50 - [MESSAGE][PASSED] - Taking screenshot successfully
[[ATTACHMENT|D:\PROJECT\BCA\BCAF_MEAPP_i3\BCAF_MEAPP_i3\Screenshoot\Sprint4\Web\keyes\keyes-scenario-4-input-penyimpangan-selesai.png]]

2022-03-30 15:51:50 - [TEST_STEP][PASSED] - markPassed("scenario 4 - Input penyimpangan selesai"): scenario 4 - Input penyimpangan selesai

2022-03-30 15:51:50 - [MESSAGE][PASSED] - scenario 4 - Input penyimpangan selesai

2022-03-30 15:51:50 - [TEST_STEP][PASSED] - delay(1): Delayed 1 second(s)

2022-03-30 15:51:51 - [MESSAGE][PASSED] - Delayed 1 second(s)

2022-03-30 15:51:51 - [TEST_STEP][PASSED] - click(findTestObject("Object Repository/Penyimpangan/span_Proceed"), OPTIONAL): Object: 'Object Repository/Penyimpangan/span_Proceed' is clicked on

2022-03-30 15:51:52 - [MESSAGE][PASSED] - Object: 'Object Repository/Penyimpangan/span_Proceed' is clicked on

2022-03-30 15:51:52 - [TEST_STEP][PASSED] - takeFullPageScreenshotAsCheckpoint(userDir + sprint4WebScreenshootPath + "scenario-4-berhasil-proceed.png"): Taking screenshot successfully

2022-03-30 15:51:53 - [MESSAGE][INFO] - 0 hidden object(s)

2022-03-30 15:51:53 - [MESSAGE][PASSED] - Taking screenshot successfully
[[ATTACHMENT|D:\PROJECT\BCA\BCAF_MEAPP_i3\BCAF_MEAPP_i3\Screenshoot\Sprint4\Web\keyes\keyes-scenario-4-berhasil-proceed.png]]

2022-03-30 15:51:53 - [TEST_STEP][PASSED] - markPassed("scenario 4 - berhasil proceed"): scenario 4 - berhasil proceed

2022-03-30 15:51:53 - [MESSAGE][PASSED] - scenario 4 - berhasil proceed

2022-03-30 15:51:53 - [TEST_STEP][PASSED] - delay(5): Delayed 5 second(s)

2022-03-30 15:51:58 - [MESSAGE][PASSED] - Delayed 5 second(s)

2022-03-30 15:51:58 - [TEST_STEP][PASSED] - getSearch4 = getText(findTestObject("Object Repository/Penyimpangan/SetSearch")): Text of object 'Object Repository/Penyimpangan/SetSearch' is: '4003917'

2022-03-30 15:51:58 - [MESSAGE][PASSED] - Text of object 'Object Repository/Penyimpangan/SetSearch' is: '4003917'

2022-03-30 15:51:58 - [TEST_STEP][PASSED] - println(getSearch4): null

2022-03-30 15:51:58 - [TEST_STEP][PASSED] - Search4 = getSearch4: null]]></system-out>
         <system-err><![CDATA[]]></system-err>
      </testcase>
      <testcase name="Test Cases/Sprint 4/Skenario 4/04-05-Transaction-InquiryStatus-SearchPengajuan" time="19.735" classname="Test Cases/Sprint 4/Skenario 4/04-05-Transaction-InquiryStatus-SearchPengajuan" status="PASSED">
         <system-out><![CDATA[2022-03-30 15:51:58 - [TEST_CASE][PASSED] - Test Cases/Sprint 4/Skenario 4/04-05-Transaction-InquiryStatus-SearchPengajuan: Test Cases/Sprint 4/Skenario 4/04-05-Transaction-InquiryStatus-SearchPengajuan

2022-03-30 15:51:59 - [TEST_STEP][PASSED] - userDir = getProjectDir(): null

2022-03-30 15:51:59 - [TEST_STEP][PASSED] - click(findTestObject("Inquiry_Status/a_Close")): Object: 'Object Repository/Inquiry_Status/a_Close' is clicked on

2022-03-30 15:51:59 - [MESSAGE][PASSED] - Object: 'Object Repository/Inquiry_Status/a_Close' is clicked on

2022-03-30 15:51:59 - [TEST_STEP][PASSED] - id4 = Search4: null

2022-03-30 15:51:59 - [TEST_STEP][PASSED] - println(id4): null

2022-03-30 15:51:59 - [TEST_STEP][PASSED] - delay(1): Delayed 1 second(s)

2022-03-30 15:52:00 - [MESSAGE][PASSED] - Delayed 1 second(s)

2022-03-30 15:52:00 - [TEST_STEP][PASSED] - click(findTestObject("Object Repository/Inquiry_Status/span_Inquiry Status Aplikasi")): Object: 'Object Repository/Inquiry_Status/span_Inquiry Status Aplikasi' is clicked on

2022-03-30 15:52:01 - [MESSAGE][PASSED] - Object: 'Object Repository/Inquiry_Status/span_Inquiry Status Aplikasi' is clicked on

2022-03-30 15:52:01 - [TEST_STEP][PASSED] - delay(1): Delayed 1 second(s)

2022-03-30 15:52:02 - [MESSAGE][PASSED] - Delayed 1 second(s)

2022-03-30 15:52:02 - [TEST_STEP][PASSED] - takeFullPageScreenshotAsCheckpoint(userDir + sprint4WebScreenshootPath + "scenario-4-menu-inquiry-status.png"): Taking screenshot successfully

2022-03-30 15:52:02 - [MESSAGE][INFO] - 0 hidden object(s)

2022-03-30 15:52:02 - [MESSAGE][PASSED] - Taking screenshot successfully
[[ATTACHMENT|D:\PROJECT\BCA\BCAF_MEAPP_i3\BCAF_MEAPP_i3\Screenshoot\Sprint4\Web\keyes\keyes-scenario-4-menu-inquiry-status.png]]

2022-03-30 15:52:02 - [TEST_STEP][PASSED] - markPassed("scenario 4 - menu inquiry status"): scenario 4 - menu inquiry status

2022-03-30 15:52:02 - [MESSAGE][PASSED] - scenario 4 - menu inquiry status

2022-03-30 15:52:02 - [TEST_STEP][PASSED] - delay(1): Delayed 1 second(s)

2022-03-30 15:52:03 - [MESSAGE][PASSED] - Delayed 1 second(s)

2022-03-30 15:52:03 - [TEST_STEP][PASSED] - setText(findTestObject("Object Repository/Inquiry_Status/input_Mobile ID  Application ID_form-control ng-untouched ng-pristine ng-valid"), id4): Text '4003917' is set on object 'Object Repository/Inquiry_Status/input_Mobile ID  Application ID_form-control ng-untouched ng-pristine ng-valid'

2022-03-30 15:52:04 - [MESSAGE][PASSED] - Text '4003917' is set on object 'Object Repository/Inquiry_Status/input_Mobile ID  Application ID_form-control ng-untouched ng-pristine ng-valid'

2022-03-30 15:52:04 - [TEST_STEP][PASSED] - delay(2): Delayed 2 second(s)

2022-03-30 15:52:06 - [MESSAGE][PASSED] - Delayed 2 second(s)

2022-03-30 15:52:06 - [TEST_STEP][PASSED] - click(findTestObject("Object Repository/Inquiry_Status/span_Search")): Object: 'Object Repository/Inquiry_Status/span_Search' is clicked on

2022-03-30 15:52:06 - [MESSAGE][PASSED] - Object: 'Object Repository/Inquiry_Status/span_Search' is clicked on

2022-03-30 15:52:06 - [TEST_STEP][PASSED] - takeFullPageScreenshotAsCheckpoint(userDir + sprint4WebScreenshootPath + "scenario-4-input-search-inquiry-status-data-pengajuan-4.png"): Taking screenshot successfully

2022-03-30 15:52:07 - [MESSAGE][INFO] - 0 hidden object(s)

2022-03-30 15:52:07 - [MESSAGE][PASSED] - Taking screenshot successfully
[[ATTACHMENT|D:\PROJECT\BCA\BCAF_MEAPP_i3\BCAF_MEAPP_i3\Screenshoot\Sprint4\Web\keyes\keyes-scenario-4-input-search-inquiry-status-data-pengajuan-4.png]]

2022-03-30 15:52:07 - [TEST_STEP][PASSED] - markPassed("scenario 4 - input search inquiry status data pengajuan 4"): scenario 4 - input search inquiry status data pengajuan 4

2022-03-30 15:52:07 - [MESSAGE][PASSED] - scenario 4 - input search inquiry status data pengajuan 4

2022-03-30 15:52:07 - [TEST_STEP][PASSED] - delay(1): Delayed 1 second(s)

2022-03-30 15:52:08 - [MESSAGE][PASSED] - Delayed 1 second(s)

2022-03-30 15:52:08 - [TEST_STEP][PASSED] - delay(10): Delayed 10 second(s)

2022-03-30 15:52:18 - [MESSAGE][PASSED] - Delayed 10 second(s)]]></system-out>
         <system-err><![CDATA[]]></system-err>
      </testcase>
      <system-out><![CDATA[2022-03-30 15:01:18 - [TEST_SUITE][PASSED] - S1-S4: Test Cases/Sprint 4/Skenario 4/04-05-Transaction-InquiryStatus-SearchPengajuan]]></system-out>
      <system-err><![CDATA[]]></system-err>
   </testsuite>
</testsuites>
