<?xml version="1.0" encoding="UTF-8"?>
<testsuites name="MECORP" time="13.917" tests="1" failures="0" errors="0">
   <testsuite name="MECORP" tests="1" failures="0" errors="0" time="13.917" skipped="0" timestamp="2024-01-09 11:25:08" hostname="Jerry - DESKTOP-R03MSOE" id="Test Suites/MECORP/MECORP">
      <properties>
         <property name="deviceName" value=""/>
         <property name="devicePlatform" value=""/>
         <property name="logFolder" value="C:\\Users\\Jerry\\Katalon Studio\\me-corp-add-data\\Reports\\20240109_112455\\MECORP\\MECORP\\20240109_112455"/>
         <property name="logFiles" value="C:\\Users\\Jerry\\Katalon Studio\\me-corp-add-data\\Reports\\20240109_112455\\MECORP\\MECORP\\20240109_112455\\execution0.log"/>
         <property name="attachments" value=""/>
         <property name="hostName" value="Jerry - DESKTOP-R03MSOE"/>
         <property name="os" value="Windows 10 64bit"/>
         <property name="katalonVersion" value="8.6.6.208"/>
         <property name="browser" value="Firefox 121.0"/>
         <property name="hostAddress" value="192.168.136.1"/>
         <property name="sessionId" value="7d579d95-a55f-4169-b623-b22761e9c87e"/>
         <property name="seleniumVersion" value="3.141.59"/>
         <property name="proxyInformation" value="ProxyInformation { proxyOption=NO_PROXY, proxyServerType=HTTP, username=, password=********, proxyServerAddress=, proxyServerPort=0, executionList=&quot;&quot;, isApplyToDesiredCapabilities=true }"/>
         <property name="platform" value="Windows 10"/>
      </properties>
      <testcase name="Test Cases/me corp/Login" time="13.327" classname="Test Cases/me corp/Login" status="PASSED">
         <system-out><![CDATA[2024-01-09 11:25:09 - [TEST_CASE][PASSED] - Test Cases/me corp/Login: Test Cases/me corp/Login

2024-01-09 11:25:09 - [TEST_STEP][PASSED] - username = <not implemented yet for class: org.codehaus.groovy.ast.expr.EmptyExpression>: null

2024-01-09 11:25:09 - [TEST_STEP][PASSED] - password = "Mobile123+": null

2024-01-09 11:25:09 - [TEST_STEP][PASSED] - switch (role): null

2024-01-09 11:25:09 - [TEST_STEP][PASSED] - case "cmo":: null

2024-01-09 11:25:09 - [TEST_STEP][PASSED] - username = CMO: null

2024-01-09 11:25:11 - [TEST_STEP][PASSED] - break: null

2024-01-09 11:25:11 - [TEST_STEP][PASSED] - openBrowser(""): Browser is opened with url: ''

2024-01-09 11:25:12 - [MESSAGE][INFO] - Starting 'Firefox' driver

2024-01-09 11:25:12 - [MESSAGE][INFO] - Action delay is set to 0 milliseconds

2024-01-09 11:25:18 - [MESSAGE][PASSED] - Browser is opened with url: ''

2024-01-09 11:25:18 - [TEST_STEP][PASSED] - navigateToUrl(ME_url): Navigate to 'https://mecorporate.idofocus.co.id:25443/login' successfully

2024-01-09 11:25:19 - [MESSAGE][PASSED] - Navigate to 'https://mecorporate.idofocus.co.id:25443/login' successfully

2024-01-09 11:25:19 - [TEST_STEP][PASSED] - maximizeWindow(): Current window maximized

2024-01-09 11:25:20 - [MESSAGE][PASSED] - Current window maximized

2024-01-09 11:25:20 - [TEST_STEP][PASSED] - setText(findTestObject("MEApp_AppBaru_InisiasiKonsumen/input_User ID_login"), username): Text '20160535' is set on object 'Object Repository/MEApp_AppBaru_InisiasiKonsumen/input_User ID_login'

2024-01-09 11:25:20 - [MESSAGE][PASSED] - Text '20160535' is set on object 'Object Repository/MEApp_AppBaru_InisiasiKonsumen/input_User ID_login'

2024-01-09 11:25:20 - [TEST_STEP][PASSED] - setText(findTestObject("MEApp_AppBaru_InisiasiKonsumen/input_User Password_login"), password): Text 'Mobile123+' is set on object 'Object Repository/MEApp_AppBaru_InisiasiKonsumen/input_User Password_login'

2024-01-09 11:25:21 - [MESSAGE][PASSED] - Text 'Mobile123+' is set on object 'Object Repository/MEApp_AppBaru_InisiasiKonsumen/input_User Password_login'

2024-01-09 11:25:21 - [TEST_STEP][PASSED] - click(findTestObject("MEApp_AppBaru_InisiasiKonsumen/button_Login")): Object: 'Object Repository/MEApp_AppBaru_InisiasiKonsumen/button_Login' is clicked on

2024-01-09 11:25:22 - [MESSAGE][PASSED] - Object: 'Object Repository/MEApp_AppBaru_InisiasiKonsumen/button_Login' is clicked on]]></system-out>
         <system-err><![CDATA[]]></system-err>
      </testcase>
      <system-out><![CDATA[2024-01-09 11:25:08 - [TEST_SUITE][PASSED] - MECORP: Test Cases/me corp/Login]]></system-out>
      <system-err><![CDATA[]]></system-err>
   </testsuite>
</testsuites>
