<?xml version="1.0" encoding="UTF-8"?>
<testsuites name="MECORP" time="277.544" tests="3" failures="0" errors="0">
   <testsuite name="MECORP" tests="3" failures="0" errors="0" time="277.544" skipped="0" timestamp="2024-01-10 15:49:34" hostname="Jerry - DESKTOP-R03MSOE" id="Test Suites/MECORP/MECORP">
      <properties>
         <property name="deviceName" value=""/>
         <property name="devicePlatform" value=""/>
         <property name="logFolder" value="C:\\Users\\Jerry\\Katalon Studio\\me-corp-add-data\\Reports\\20240110_154925\\MECORP\\MECORP\\20240110_154925"/>
         <property name="logFiles" value="C:\\Users\\Jerry\\Katalon Studio\\me-corp-add-data\\Reports\\20240110_154925\\MECORP\\MECORP\\20240110_154925\\execution0.log"/>
         <property name="attachments" value="C:\Users\Jerry\Katalon Studio\me-corp-add-data\Screenshoot\Sprint2\Web\keyes\keyes-0-memilih-button-transaksi-dan-aplikasi-baru.png, C:\Users\Jerry\Katalon Studio\me-corp-add-data\Screenshoot\Sprint2\Web\keyes\keyes-0-input-badan-usaha.png, C:\Users\Jerry\Katalon Studio\me-corp-add-data\Screenshoot\Sprint2\Web\keyes\keyes-0-page-sebelum-input-capture.png, C:\Users\Jerry\Katalon Studio\me-corp-add-data\Screenshoot\Sprint2\Web\keyes\keyes-0-Capture-npwp-siup-tdp.png, C:\Users\Jerry\Katalon Studio\me-corp-add-data\Screenshoot\Sprint2\Web\keyes\keyes-0-Memilih-Radio-Button-Perubahan-Data.png, C:\Users\Jerry\Katalon Studio\me-corp-add-data\Screenshoot\Sprint2\Web\keyes\keyes-0-Masuk-aplikasi-matching.png, C:\Users\Jerry\Katalon Studio\me-corp-add-data\Screenshoot\Sprint4\Web\keyes\keyes-scenario-1-Berhasil-dilakukan-inisiasi-konsumen-baru.png, C:\Users\Jerry\Katalon Studio\me-corp-add-data\Screenshoot\Sprint4\Web\keyes\keyes-scenario-1-masuk-submenu-surat-keterangan-domisili.png, C:\Users\Jerry\Katalon Studio\me-corp-add-data\Screenshoot\Sprint4\Web\keyes\keyes-scenario-1-capture-surat-keterangan-domisili-berhasil.png, C:\Users\Jerry\Katalon Studio\me-corp-add-data\Screenshoot\Sprint4\Web\keyes\keyes-scenario-1-Masuk-submenu-FAP.png, C:\Users\Jerry\Katalon Studio\me-corp-add-data\Screenshoot\Sprint4\Web\keyes\keyes-scenario-1-Input-data-FAP.png, C:\Users\Jerry\Katalon Studio\me-corp-add-data\Screenshoot\Sprint4\Web\keyes\keyes-scenario-1-Input-data-alamat-pengirim-surat.png, C:\Users\Jerry\Katalon Studio\me-corp-add-data\Screenshoot\Sprint4\Web\keyes\keyes-scenario-1-Input-data-pengurus.png, C:\Users\Jerry\Katalon Studio\me-corp-add-data\Screenshoot\Sprint4\Web\keyes\keyes-scenario-1-Masuk-submenu-data-pengurus-1.png, C:\Users\Jerry\Katalon Studio\me-corp-add-data\Screenshoot\Sprint4\Web\keyes\keyes-scenario-1-Berhasil-input-otomatis-data-pengurus-berdasarkan-data-capture-ktp-pengurus-yang-di-capture.png, C:\Users\Jerry\Katalon Studio\me-corp-add-data\Screenshoot\Sprint4\Web\keyes\keyes-scenario-1-Berhasil-input-otomatis-data-pengurus-1.png, C:\Users\Jerry\Katalon Studio\me-corp-add-data\Screenshoot\Sprint4\Web\keyes\keyes-scenario-1-Masuk-Submenu-pemegang-saham-1.png, C:\Users\Jerry\Katalon Studio\me-corp-add-data\Screenshoot\Sprint4\Web\keyes\keyes-scenario-1-Memilih-radio-button-pemegang-saham.png, C:\Users\Jerry\Katalon Studio\me-corp-add-data\Screenshoot\Sprint4\Web\keyes\keyes-scenario-1-Masuk-Submenu-pemegang-saham-1.png, C:\Users\Jerry\Katalon Studio\me-corp-add-data\Screenshoot\Sprint4\Web\keyes\keyes-scenario-1-Berhasil-pemegang-saham-1.png, C:\Users\Jerry\Katalon Studio\me-corp-add-data\Screenshoot\Sprint4\Web\keyes\keyes-scenario-1-Masuk-Submenu-financial.png, C:\Users\Jerry\Katalon Studio\me-corp-add-data\Screenshoot\Sprint4\Web\keyes\keyes-scenario-1-berhasil-input-capture-laporan-keuangan.png, C:\Users\Jerry\Katalon Studio\me-corp-add-data\Screenshoot\Sprint4\Web\keyes\keyes-scenario-1-behasil-input-capture-laporan-bukti-kepemilikan.png, C:\\Users\\Jerry\\Katalon Studio\\me-corp-add-data\\Reports\\20240110_154925\\MECORP\\MECORP\\20240110_154925\\1704876846358.png, C:\Users\Jerry\Katalon Studio\me-corp-add-data\Screenshoot\Sprint4\Web\keyes\keyes-scenario-1-berhasil-input-branch-dan-account-10digit-pada-submenu-financial.png, C:\Users\Jerry\Katalon Studio\me-corp-add-data\Screenshoot\Sprint4\Web\keyes\keyes-scenario-1-berhasil-input-contact-person.png, C:\Users\Jerry\Katalon Studio\me-corp-add-data\Screenshoot\Sprint4\Web\keyes\keyes-scenario-1-Masuk-menu-other-document.png"/>
         <property name="hostName" value="Jerry - DESKTOP-R03MSOE"/>
         <property name="os" value="Windows 10 64bit"/>
         <property name="katalonVersion" value="8.6.6.208"/>
         <property name="browser" value="Firefox 121.0"/>
         <property name="hostAddress" value="192.168.136.1"/>
         <property name="sessionId" value="72c1e9a6-3b45-4a9b-a434-b0d5743fa90f"/>
         <property name="seleniumVersion" value="3.141.59"/>
         <property name="proxyInformation" value="ProxyInformation { proxyOption=NO_PROXY, proxyServerType=HTTP, username=, password=********, proxyServerAddress=, proxyServerPort=0, executionList=&quot;&quot;, isApplyToDesiredCapabilities=true }"/>
         <property name="platform" value="Windows 10"/>
      </properties>
      <testcase name="Test Cases/me corp/Login" time="11.365" classname="Test Cases/me corp/Login" status="PASSED">
         <system-out><![CDATA[2024-01-10 15:49:35 - [TEST_CASE][PASSED] - Test Cases/me corp/Login: Test Cases/me corp/Login

2024-01-10 15:49:36 - [TEST_STEP][PASSED] - username = <not implemented yet for class: org.codehaus.groovy.ast.expr.EmptyExpression>: null

2024-01-10 15:49:36 - [TEST_STEP][PASSED] - password = "Mobile123+": null

2024-01-10 15:49:36 - [TEST_STEP][PASSED] - switch (role): null

2024-01-10 15:49:36 - [TEST_STEP][PASSED] - case "cmo":: null

2024-01-10 15:49:36 - [TEST_STEP][PASSED] - username = CMO: null

2024-01-10 15:49:37 - [TEST_STEP][PASSED] - break: null

2024-01-10 15:49:37 - [TEST_STEP][PASSED] - openBrowser(""): Browser is opened with url: ''

2024-01-10 15:49:38 - [MESSAGE][INFO] - Starting 'Firefox' driver

2024-01-10 15:49:38 - [MESSAGE][INFO] - Action delay is set to 0 milliseconds

2024-01-10 15:49:43 - [MESSAGE][PASSED] - Browser is opened with url: ''

2024-01-10 15:49:43 - [TEST_STEP][PASSED] - navigateToUrl(ME_url): Navigate to 'https://mecorporate.idofocus.co.id:25443/login' successfully

2024-01-10 15:49:44 - [MESSAGE][PASSED] - Navigate to 'https://mecorporate.idofocus.co.id:25443/login' successfully

2024-01-10 15:49:44 - [TEST_STEP][PASSED] - maximizeWindow(): Current window maximized

2024-01-10 15:49:44 - [MESSAGE][PASSED] - Current window maximized

2024-01-10 15:49:44 - [TEST_STEP][PASSED] - setText(findTestObject("MEApp_AppBaru_InisiasiKonsumen/input_User ID_login"), username): Text '20160535' is set on object 'Object Repository/MEApp_AppBaru_InisiasiKonsumen/input_User ID_login'

2024-01-10 15:49:45 - [MESSAGE][PASSED] - Text '20160535' is set on object 'Object Repository/MEApp_AppBaru_InisiasiKonsumen/input_User ID_login'

2024-01-10 15:49:45 - [TEST_STEP][PASSED] - setText(findTestObject("MEApp_AppBaru_InisiasiKonsumen/input_User Password_login"), password): Text 'Mobile123+' is set on object 'Object Repository/MEApp_AppBaru_InisiasiKonsumen/input_User Password_login'

2024-01-10 15:49:46 - [MESSAGE][PASSED] - Text 'Mobile123+' is set on object 'Object Repository/MEApp_AppBaru_InisiasiKonsumen/input_User Password_login'

2024-01-10 15:49:46 - [TEST_STEP][PASSED] - click(findTestObject("MEApp_AppBaru_InisiasiKonsumen/button_Login")): Object: 'Object Repository/MEApp_AppBaru_InisiasiKonsumen/button_Login' is clicked on

2024-01-10 15:49:46 - [MESSAGE][PASSED] - Object: 'Object Repository/MEApp_AppBaru_InisiasiKonsumen/button_Login' is clicked on]]></system-out>
         <system-err><![CDATA[]]></system-err>
      </testcase>
      <testcase name="Test Cases/me corp/inisiasi" time="83.633" classname="Test Cases/me corp/inisiasi" status="PASSED">
         <system-out><![CDATA[2024-01-10 15:49:46 - [TEST_CASE][PASSED] - Test Cases/me corp/inisiasi: Test Cases/me corp/inisiasi

2024-01-10 15:49:48 - [TEST_STEP][PASSED] - robot = new java.awt.Robot(): null

2024-01-10 15:49:48 - [TEST_STEP][PASSED] - driver = getWebDriver(): null

2024-01-10 15:49:48 - [TEST_STEP][PASSED] - userDir = getProjectDir(): null

2024-01-10 15:49:48 - [TEST_STEP][PASSED] - ssDir = userDir + sprint2WebScreenshotPath: null

2024-01-10 15:49:48 - [TEST_STEP][PASSED] - click(findTestObject("MEApp_AppBaru_InisiasiKonsumen/span_Transaksi")): Object: 'Object Repository/MEApp_AppBaru_InisiasiKonsumen/span_Transaksi' is clicked on

2024-01-10 15:49:49 - [MESSAGE][PASSED] - Object: 'Object Repository/MEApp_AppBaru_InisiasiKonsumen/span_Transaksi' is clicked on

2024-01-10 15:49:49 - [TEST_STEP][PASSED] - click(findTestObject("MEApp_AppBaru_InisiasiKonsumen/span_Aplikasi Baru")): Object: 'Object Repository/MEApp_AppBaru_InisiasiKonsumen/span_Aplikasi Baru' is clicked on

2024-01-10 15:49:49 - [MESSAGE][PASSED] - Object: 'Object Repository/MEApp_AppBaru_InisiasiKonsumen/span_Aplikasi Baru' is clicked on

2024-01-10 15:49:49 - [TEST_STEP][PASSED] - takeFullPageScreenshotAsCheckpoint(ssDir + matrix + "-memilih-button-transaksi-dan-aplikasi-baru.png"): Taking screenshot successfully

2024-01-10 15:49:50 - [MESSAGE][INFO] - 0 hidden object(s)

2024-01-10 15:49:50 - [MESSAGE][PASSED] - Taking screenshot successfully
[[ATTACHMENT|C:\Users\Jerry\Katalon Studio\me-corp-add-data\Screenshoot\Sprint2\Web\keyes\keyes-0-memilih-button-transaksi-dan-aplikasi-baru.png]]

2024-01-10 15:49:50 - [TEST_STEP][PASSED] - if (tipeKonsumen == "Perorangan"): null

2024-01-10 15:49:50 - [TEST_STEP][PASSED] - else: Object: 'Object Repository/MEApp_AppBaru_InisiasiKonsumen/input_korporasi_radios-apptype' is clicked on

2024-01-10 15:49:50 - [TEST_STEP][PASSED] - click(findTestObject("MEApp_AppBaru_InisiasiKonsumen/input_korporasi_radios-apptype")): Object: 'Object Repository/MEApp_AppBaru_InisiasiKonsumen/input_korporasi_radios-apptype' is clicked on

2024-01-10 15:49:51 - [MESSAGE][PASSED] - Object: 'Object Repository/MEApp_AppBaru_InisiasiKonsumen/input_korporasi_radios-apptype' is clicked on

2024-01-10 15:49:51 - [TEST_STEP][PASSED] - click(findTestObject("MEApp_AppBaru_InisiasiKonsumen/input-badanusaha")): Object: 'Object Repository/MEApp_AppBaru_InisiasiKonsumen/input-badanusaha' is clicked on

2024-01-10 15:49:51 - [MESSAGE][PASSED] - Object: 'Object Repository/MEApp_AppBaru_InisiasiKonsumen/input-badanusaha' is clicked on

2024-01-10 15:49:51 - [TEST_STEP][PASSED] - setText(findTestObject("MEApp_AppBaru_InisiasiKonsumen/input-badanusaha"), badanUsaha): Text 'Perseroan Terbatas' is set on object 'Object Repository/MEApp_AppBaru_InisiasiKonsumen/input-badanusaha'

2024-01-10 15:49:52 - [MESSAGE][PASSED] - Text 'Perseroan Terbatas' is set on object 'Object Repository/MEApp_AppBaru_InisiasiKonsumen/input-badanusaha'

2024-01-10 15:49:52 - [TEST_STEP][PASSED] - takeFullPageScreenshotAsCheckpoint(ssDir + matrix + "-input-badan-usaha.png"): Taking screenshot successfully

2024-01-10 15:49:52 - [MESSAGE][INFO] - 0 hidden object(s)

2024-01-10 15:49:53 - [MESSAGE][PASSED] - Taking screenshot successfully
[[ATTACHMENT|C:\Users\Jerry\Katalon Studio\me-corp-add-data\Screenshoot\Sprint2\Web\keyes\keyes-0-input-badan-usaha.png]]

2024-01-10 15:49:53 - [TEST_STEP][PASSED] - click(findTestObject("MEApp_AppBaru_InisiasiKonsumen/span_Perseroan Terbatas ( PT. , NV. , LTD. )")): Object: 'Object Repository/MEApp_AppBaru_InisiasiKonsumen/span_Perseroan Terbatas ( PT. , NV. , LTD. )' is clicked on

2024-01-10 15:49:53 - [MESSAGE][PASSED] - Object: 'Object Repository/MEApp_AppBaru_InisiasiKonsumen/span_Perseroan Terbatas ( PT. , NV. , LTD. )' is clicked on

2024-01-10 15:49:53 - [TEST_STEP][PASSED] - takeFullPageScreenshotAsCheckpoint(ssDir + matrix + "-page-sebelum-input-capture.png"): Taking screenshot successfully

2024-01-10 15:49:54 - [MESSAGE][INFO] - 0 hidden object(s)

2024-01-10 15:49:54 - [MESSAGE][PASSED] - Taking screenshot successfully
[[ATTACHMENT|C:\Users\Jerry\Katalon Studio\me-corp-add-data\Screenshoot\Sprint2\Web\keyes\keyes-0-page-sebelum-input-capture.png]]

2024-01-10 15:49:54 - [TEST_STEP][PASSED] - click(findTestObject("MEApp_AppBaru_InisiasiKonsumen/button_Capture_npwp")): Object: 'Object Repository/MEApp_AppBaru_InisiasiKonsumen/button_Capture_npwp' is clicked on

2024-01-10 15:49:54 - [MESSAGE][PASSED] - Object: 'Object Repository/MEApp_AppBaru_InisiasiKonsumen/button_Capture_npwp' is clicked on

2024-01-10 15:49:54 - [TEST_STEP][PASSED] - npwpPath = userDir + pathNPWP: null

2024-01-10 15:49:54 - [TEST_STEP][PASSED] - siupPath = userDir + pathSIUP: null

2024-01-10 15:49:54 - [TEST_STEP][PASSED] - tdpPath = userDir + pathTDP: null

2024-01-10 15:49:54 - [TEST_STEP][PASSED] - npwpPath = npwpPath.replace("/", "\"): null

2024-01-10 15:49:54 - [TEST_STEP][PASSED] - siupPath = siupPath.replace("/", "\"): null

2024-01-10 15:49:54 - [TEST_STEP][PASSED] - tdpPath = tdpPath.replace("/", "\"): null

2024-01-10 15:49:54 - [TEST_STEP][PASSED] - popup.popup.uploadFile(findTestObject("Object Repository/MEApp_AppBaru_InisiasiKonsumen/Page_Mobile Entry - BCAF/button_Local File"), npwpPath): popup.popup.uploadFile is PASSED

2024-01-10 15:49:55 - [MESSAGE][PASSED] - Object: 'Object Repository/MEApp_AppBaru_InisiasiKonsumen/Page_Mobile Entry - BCAF/button_Local File' is clicked on

2024-01-10 15:49:56 - [MESSAGE][PASSED] - Delayed 0.5 second(s)

2024-01-10 15:49:56 - [MESSAGE][PASSED] - popup.popup.uploadFile is PASSED

2024-01-10 15:49:56 - [TEST_STEP][PASSED] - waitForElementPresent(findTestObject("MEApp_AppBaru_InisiasiKonsumen/button_NPWP"), 0): Object 'Object Repository/MEApp_AppBaru_InisiasiKonsumen/button_NPWP' is present

2024-01-10 15:49:56 - [MESSAGE][WARNING] - Timeout '0' is invalid. Using default page load timeout: '30'

2024-01-10 15:49:57 - [MESSAGE][PASSED] - Object 'Object Repository/MEApp_AppBaru_InisiasiKonsumen/button_NPWP' is present

2024-01-10 15:49:57 - [TEST_STEP][PASSED] - setText(findTestObject("MEApp_AppBaru_InisiasiKonsumen/input_NPWP No fix"), npwp): Text '856745874747577' is set on object 'Object Repository/MEApp_AppBaru_InisiasiKonsumen/input_NPWP No fix'

2024-01-10 15:50:39 - [MESSAGE][PASSED] - Text '856745874747577' is set on object 'Object Repository/MEApp_AppBaru_InisiasiKonsumen/input_NPWP No fix'

2024-01-10 15:50:39 - [TEST_STEP][PASSED] - setText(findTestObject("MEApp_AppBaru_InisiasiKonsumen/input_Name fix"), nama): Text 'Tester1' is set on object 'Object Repository/MEApp_AppBaru_InisiasiKonsumen/input_Name fix'

2024-01-10 15:50:40 - [MESSAGE][PASSED] - Text 'Tester1' is set on object 'Object Repository/MEApp_AppBaru_InisiasiKonsumen/input_Name fix'

2024-01-10 15:50:40 - [TEST_STEP][PASSED] - click(findTestObject("MEApp_AppBaru_InisiasiKonsumen/button_Capture_siupfix")): Object: 'Object Repository/MEApp_AppBaru_InisiasiKonsumen/button_Capture_siupfix' is clicked on

2024-01-10 15:50:41 - [MESSAGE][PASSED] - Object: 'Object Repository/MEApp_AppBaru_InisiasiKonsumen/button_Capture_siupfix' is clicked on

2024-01-10 15:50:41 - [TEST_STEP][PASSED] - popup.popup.uploadFile(findTestObject("Object Repository/MEApp_AppBaru_InisiasiKonsumen/Page_Mobile Entry - BCAF/button_Local File"), siupPath): popup.popup.uploadFile is PASSED

2024-01-10 15:50:42 - [MESSAGE][PASSED] - Object: 'Object Repository/MEApp_AppBaru_InisiasiKonsumen/Page_Mobile Entry - BCAF/button_Local File' is clicked on

2024-01-10 15:50:43 - [MESSAGE][PASSED] - Delayed 0.5 second(s)

2024-01-10 15:50:43 - [MESSAGE][PASSED] - popup.popup.uploadFile is PASSED

2024-01-10 15:50:43 - [TEST_STEP][PASSED] - click(findTestObject("MEApp_AppBaru_InisiasiKonsumen/button_Capture_TDP")): Object: 'Object Repository/MEApp_AppBaru_InisiasiKonsumen/button_Capture_TDP' is clicked on

2024-01-10 15:50:45 - [MESSAGE][PASSED] - Object: 'Object Repository/MEApp_AppBaru_InisiasiKonsumen/button_Capture_TDP' is clicked on

2024-01-10 15:50:45 - [TEST_STEP][PASSED] - popup.popup.uploadFile(findTestObject("Object Repository/MEApp_AppBaru_InisiasiKonsumen/Page_Mobile Entry - BCAF/button_Local File"), tdpPath): popup.popup.uploadFile is PASSED

2024-01-10 15:50:46 - [MESSAGE][PASSED] - Object: 'Object Repository/MEApp_AppBaru_InisiasiKonsumen/Page_Mobile Entry - BCAF/button_Local File' is clicked on

2024-01-10 15:50:46 - [MESSAGE][PASSED] - Delayed 0.5 second(s)

2024-01-10 15:50:46 - [MESSAGE][PASSED] - popup.popup.uploadFile is PASSED

2024-01-10 15:50:46 - [TEST_STEP][PASSED] - takeFullPageScreenshotAsCheckpoint(ssDir + matrix + "-Capture-npwp-siup-tdp.png"): Taking screenshot successfully

2024-01-10 15:50:47 - [MESSAGE][INFO] - 0 hidden object(s)

2024-01-10 15:50:47 - [MESSAGE][PASSED] - Taking screenshot successfully
[[ATTACHMENT|C:\Users\Jerry\Katalon Studio\me-corp-add-data\Screenshoot\Sprint2\Web\keyes\keyes-0-Capture-npwp-siup-tdp.png]]

2024-01-10 15:50:47 - [TEST_STEP][PASSED] - if (isPerubahanData == "ya"): null

2024-01-10 15:50:47 - [TEST_STEP][PASSED] - else: Object: 'Object Repository/MEApp_AppBaru_InisiasiKonsumen/input_Ada Perubahan Data Tidak' is clicked on

2024-01-10 15:50:47 - [TEST_STEP][PASSED] - click(findTestObject("MEApp_AppBaru_InisiasiKonsumen/input_Ada Perubahan Data Tidak")): Object: 'Object Repository/MEApp_AppBaru_InisiasiKonsumen/input_Ada Perubahan Data Tidak' is clicked on

2024-01-10 15:50:48 - [MESSAGE][PASSED] - Object: 'Object Repository/MEApp_AppBaru_InisiasiKonsumen/input_Ada Perubahan Data Tidak' is clicked on

2024-01-10 15:50:48 - [TEST_STEP][PASSED] - takeFullPageScreenshotAsCheckpoint(ssDir + matrix + "-Memilih-Radio-Button-Perubahan-Data.png"): Taking screenshot successfully

2024-01-10 15:50:48 - [MESSAGE][INFO] - 0 hidden object(s)

2024-01-10 15:50:49 - [MESSAGE][PASSED] - Taking screenshot successfully
[[ATTACHMENT|C:\Users\Jerry\Katalon Studio\me-corp-add-data\Screenshoot\Sprint2\Web\keyes\keyes-0-Memilih-Radio-Button-Perubahan-Data.png]]

2024-01-10 15:50:49 - [TEST_STEP][PASSED] - click(findTestObject("MEApp_AppBaru_InisiasiKonsumen/button_Prosesfix")): Object: 'Object Repository/MEApp_AppBaru_InisiasiKonsumen/button_Prosesfix' is clicked on

2024-01-10 15:50:49 - [MESSAGE][PASSED] - Object: 'Object Repository/MEApp_AppBaru_InisiasiKonsumen/button_Prosesfix' is clicked on

2024-01-10 15:50:49 - [TEST_STEP][PASSED] - waitForElementPresent(findTestObject("MEApp_AppBaru_InisiasiKonsumen/AplikasiBaruMatching"), 300): Object 'Object Repository/MEApp_AppBaru_InisiasiKonsumen/AplikasiBaruMatching' is present

2024-01-10 15:50:57 - [MESSAGE][PASSED] - Object 'Object Repository/MEApp_AppBaru_InisiasiKonsumen/AplikasiBaruMatching' is present

2024-01-10 15:50:57 - [TEST_STEP][PASSED] - takeFullPageScreenshotAsCheckpoint(ssDir + matrix + "-Masuk-aplikasi-matching.png"): Taking screenshot successfully

2024-01-10 15:50:57 - [MESSAGE][INFO] - 0 hidden object(s)

2024-01-10 15:50:58 - [MESSAGE][PASSED] - Taking screenshot successfully
[[ATTACHMENT|C:\Users\Jerry\Katalon Studio\me-corp-add-data\Screenshoot\Sprint2\Web\keyes\keyes-0-Masuk-aplikasi-matching.png]]

2024-01-10 15:50:58 - [TEST_STEP][PASSED] - click(findTestObject("Object Repository/MEApp_AppBaru_InisiasiKonsumen/Page_Mobile Entry - BCAF/a_In Process")): Object: 'Object Repository/MEApp_AppBaru_InisiasiKonsumen/Page_Mobile Entry - BCAF/a_In Process' is clicked on

2024-01-10 15:50:58 - [MESSAGE][PASSED] - Object: 'Object Repository/MEApp_AppBaru_InisiasiKonsumen/Page_Mobile Entry - BCAF/a_In Process' is clicked on

2024-01-10 15:50:58 - [TEST_STEP][PASSED] - click(findTestObject("Object Repository/MEApp_AppBaru_InisiasiKonsumen/Page_Mobile Entry - BCAF/a_Blacklist")): Object: 'Object Repository/MEApp_AppBaru_InisiasiKonsumen/Page_Mobile Entry - BCAF/a_Blacklist' is clicked on

2024-01-10 15:50:59 - [MESSAGE][PASSED] - Object: 'Object Repository/MEApp_AppBaru_InisiasiKonsumen/Page_Mobile Entry - BCAF/a_Blacklist' is clicked on

2024-01-10 15:50:59 - [TEST_STEP][PASSED] - click(findTestObject("Object Repository/MEApp_AppBaru_InisiasiKonsumen/Page_Mobile Entry - BCAF/a_Rejectlist")): Object: 'Object Repository/MEApp_AppBaru_InisiasiKonsumen/Page_Mobile Entry - BCAF/a_Rejectlist' is clicked on

2024-01-10 15:51:00 - [MESSAGE][PASSED] - Object: 'Object Repository/MEApp_AppBaru_InisiasiKonsumen/Page_Mobile Entry - BCAF/a_Rejectlist' is clicked on

2024-01-10 15:51:00 - [TEST_STEP][PASSED] - delay(3): Delayed 3 second(s)

2024-01-10 15:51:03 - [MESSAGE][PASSED] - Delayed 3 second(s)

2024-01-10 15:51:03 - [TEST_STEP][PASSED] - click(findTestObject("Object Repository/MEApp_AppBaru_InisiasiKonsumen/Page_Mobile Entry - BCAF/button_OK")): Object: 'Object Repository/MEApp_AppBaru_InisiasiKonsumen/Page_Mobile Entry - BCAF/button_OK' is clicked on

2024-01-10 15:51:03 - [MESSAGE][PASSED] - Object: 'Object Repository/MEApp_AppBaru_InisiasiKonsumen/Page_Mobile Entry - BCAF/button_OK' is clicked on

2024-01-10 15:51:03 - [TEST_STEP][PASSED] - click(findTestObject("Object Repository/MEApp_AppBaru_InisiasiKonsumen/Page_Mobile Entry - BCAF/button_Ya")): Object: 'Object Repository/MEApp_AppBaru_InisiasiKonsumen/Page_Mobile Entry - BCAF/button_Ya' is clicked on

2024-01-10 15:51:05 - [MESSAGE][PASSED] - Object: 'Object Repository/MEApp_AppBaru_InisiasiKonsumen/Page_Mobile Entry - BCAF/button_Ya' is clicked on

2024-01-10 15:51:05 - [TEST_STEP][PASSED] - delay(3): Delayed 3 second(s)

2024-01-10 15:51:08 - [MESSAGE][PASSED] - Delayed 3 second(s)

2024-01-10 15:51:08 - [TEST_STEP][PASSED] - takeFullPageScreenshotAsCheckpoint(userDir + sprint4WebScreenshootPath + "scenario-1-Berhasil-dilakukan-inisiasi-konsumen-baru.png"): Taking screenshot successfully

2024-01-10 15:51:10 - [MESSAGE][INFO] - 0 hidden object(s)

2024-01-10 15:51:10 - [MESSAGE][PASSED] - Taking screenshot successfully
[[ATTACHMENT|C:\Users\Jerry\Katalon Studio\me-corp-add-data\Screenshoot\Sprint4\Web\keyes\keyes-scenario-1-Berhasil-dilakukan-inisiasi-konsumen-baru.png]]]]></system-out>
         <system-err><![CDATA[]]></system-err>
      </testcase>
      <testcase name="Test Cases/me corp/data-entry-aplikasi-pending" time="181.842" classname="Test Cases/me corp/data-entry-aplikasi-pending" status="PASSED">
         <system-out><![CDATA[2024-01-10 15:51:10 - [TEST_CASE][PASSED] - Test Cases/me corp/data-entry-aplikasi-pending: Test Cases/me corp/data-entry-aplikasi-pending

2024-01-10 15:51:11 - [TEST_STEP][PASSED] - userDir = getProjectDir(): null

2024-01-10 15:51:11 - [TEST_STEP][PASSED] - setText(findTestObject("Object Repository/Input_Corporate/Input_Konsumen/input_SID Name_form-control ng-untouched ng-pristine ng-invalid"), konsumen_SID, OPTIONAL): Text '223213445' is set on object 'Object Repository/Input_Corporate/Input_Konsumen/input_SID Name_form-control ng-untouched ng-pristine ng-invalid'

2024-01-10 15:51:13 - [MESSAGE][PASSED] - Text '223213445' is set on object 'Object Repository/Input_Corporate/Input_Konsumen/input_SID Name_form-control ng-untouched ng-pristine ng-invalid'

2024-01-10 15:51:13 - [TEST_STEP][PASSED] - scrollToElement(findTestObject("Object Repository/Input_Corporate/Input_Konsumen/i_Fax 2_ri-arrow-right-line"), 60, OPTIONAL): Scroll to object 'Object Repository/Input_Corporate/Input_Konsumen/i_Fax 2_ri-arrow-right-line' successfully

2024-01-10 15:51:13 - [MESSAGE][PASSED] - Scroll to object 'Object Repository/Input_Corporate/Input_Konsumen/i_Fax 2_ri-arrow-right-line' successfully

2024-01-10 15:51:13 - [TEST_STEP][PASSED] - click(findTestObject("Object Repository/Input_Corporate/Input_Konsumen/button_Surat Keterangan Domisili"), OPTIONAL): Object: 'Object Repository/Input_Corporate/Input_Konsumen/button_Surat Keterangan Domisili' is clicked on

2024-01-10 15:51:14 - [MESSAGE][PASSED] - Object: 'Object Repository/Input_Corporate/Input_Konsumen/button_Surat Keterangan Domisili' is clicked on

2024-01-10 15:51:14 - [TEST_STEP][PASSED] - takeFullPageScreenshotAsCheckpoint(userDir + sprint4WebScreenshootPath + "scenario-1-masuk-submenu-surat-keterangan-domisili.png"): Taking screenshot successfully

2024-01-10 15:51:15 - [MESSAGE][INFO] - 0 hidden object(s)

2024-01-10 15:51:15 - [MESSAGE][PASSED] - Taking screenshot successfully
[[ATTACHMENT|C:\Users\Jerry\Katalon Studio\me-corp-add-data\Screenshoot\Sprint4\Web\keyes\keyes-scenario-1-masuk-submenu-surat-keterangan-domisili.png]]

2024-01-10 15:51:15 - [TEST_STEP][PASSED] - markPassed("scenario 1 - Masuk submenu surat keterangan domisili"): scenario 1 - Masuk submenu surat keterangan domisili

2024-01-10 15:51:15 - [MESSAGE][PASSED] - scenario 1 - Masuk submenu surat keterangan domisili

2024-01-10 15:51:15 - [TEST_STEP][PASSED] - click(findTestObject("Object Repository/Input_Corporate/Input_Konsumen/button_Capture_Domisili"), OPTIONAL): Object: 'Object Repository/Input_Corporate/Input_Konsumen/button_Capture_Domisili' is clicked on

2024-01-10 15:51:16 - [MESSAGE][PASSED] - Object: 'Object Repository/Input_Corporate/Input_Konsumen/button_Capture_Domisili' is clicked on

2024-01-10 15:51:16 - [TEST_STEP][PASSED] - popup.popup.uploadFile(findTestObject("Object Repository/MEApp_AppBaru_InisiasiKonsumen/Page_Mobile Entry - BCAF/button_Local File"), userDir + cobaKTP.replace("/", "\")): popup.popup.uploadFile is PASSED

2024-01-10 15:51:17 - [MESSAGE][PASSED] - Object: 'Object Repository/MEApp_AppBaru_InisiasiKonsumen/Page_Mobile Entry - BCAF/button_Local File' is clicked on

2024-01-10 15:51:17 - [MESSAGE][PASSED] - Delayed 0.5 second(s)

2024-01-10 15:51:17 - [MESSAGE][PASSED] - popup.popup.uploadFile is PASSED

2024-01-10 15:51:17 - [TEST_STEP][PASSED] - takeFullPageScreenshotAsCheckpoint(userDir + sprint4WebScreenshootPath + "scenario-1-capture-surat-keterangan-domisili-berhasil.png"): Taking screenshot successfully

2024-01-10 15:51:19 - [MESSAGE][INFO] - 0 hidden object(s)

2024-01-10 15:51:19 - [MESSAGE][PASSED] - Taking screenshot successfully
[[ATTACHMENT|C:\Users\Jerry\Katalon Studio\me-corp-add-data\Screenshoot\Sprint4\Web\keyes\keyes-scenario-1-capture-surat-keterangan-domisili-berhasil.png]]

2024-01-10 15:51:19 - [TEST_STEP][PASSED] - markPassed("scenario 1 - Capture surat keterangan domisili berhasil"): scenario 1 - Capture surat keterangan domisili berhasil

2024-01-10 15:51:19 - [MESSAGE][PASSED] - scenario 1 - Capture surat keterangan domisili berhasil

2024-01-10 15:51:19 - [TEST_STEP][PASSED] - click(findTestObject("Object Repository/Input_Corporate/Input_Konsumen/button_FAP"), OPTIONAL): Object: 'Object Repository/Input_Corporate/Input_Konsumen/button_FAP' is clicked on

2024-01-10 15:51:20 - [MESSAGE][PASSED] - Object: 'Object Repository/Input_Corporate/Input_Konsumen/button_FAP' is clicked on

2024-01-10 15:51:20 - [TEST_STEP][PASSED] - takeFullPageScreenshotAsCheckpoint(userDir + sprint4WebScreenshootPath + "scenario-1-Masuk-submenu-FAP.png"): Taking screenshot successfully

2024-01-10 15:51:22 - [MESSAGE][INFO] - 0 hidden object(s)

2024-01-10 15:51:22 - [MESSAGE][PASSED] - Taking screenshot successfully
[[ATTACHMENT|C:\Users\Jerry\Katalon Studio\me-corp-add-data\Screenshoot\Sprint4\Web\keyes\keyes-scenario-1-Masuk-submenu-FAP.png]]

2024-01-10 15:51:22 - [TEST_STEP][PASSED] - markPassed("scenario 1 - Masuk submenu FAP"): scenario 1 - Masuk submenu FAP

2024-01-10 15:51:22 - [MESSAGE][PASSED] - scenario 1 - Masuk submenu FAP

2024-01-10 15:51:22 - [TEST_STEP][PASSED] - click(findTestObject("Object Repository/Input_Corporate/Input_Konsumen/a_Add Capture_FAP"), OPTIONAL): Object: 'Object Repository/Input_Corporate/Input_Konsumen/a_Add Capture_FAP' is clicked on

2024-01-10 15:51:23 - [MESSAGE][PASSED] - Object: 'Object Repository/Input_Corporate/Input_Konsumen/a_Add Capture_FAP' is clicked on

2024-01-10 15:51:23 - [TEST_STEP][PASSED] - popup.popup.uploadFile(findTestObject("Object Repository/MEApp_AppBaru_InisiasiKonsumen/Page_Mobile Entry - BCAF/button_Local File"), userDir + cobaKTP.replace("/", "\")): popup.popup.uploadFile is PASSED

2024-01-10 15:51:25 - [MESSAGE][PASSED] - Object: 'Object Repository/MEApp_AppBaru_InisiasiKonsumen/Page_Mobile Entry - BCAF/button_Local File' is clicked on

2024-01-10 15:51:25 - [MESSAGE][PASSED] - Delayed 0.5 second(s)

2024-01-10 15:51:25 - [MESSAGE][PASSED] - popup.popup.uploadFile is PASSED

2024-01-10 15:51:25 - [TEST_STEP][PASSED] - setText(findTestObject("Object Repository/Input_Corporate/Input_Konsumen/input_Jenis Usaha_form-control ng-untouched ng-pristine ng-invalid"), konsumen_jenisUsaha, OPTIONAL): Text 'Kontruksi' is set on object 'Object Repository/Input_Corporate/Input_Konsumen/input_Jenis Usaha_form-control ng-untouched ng-pristine ng-invalid'

2024-01-10 15:51:27 - [MESSAGE][PASSED] - Text 'Kontruksi' is set on object 'Object Repository/Input_Corporate/Input_Konsumen/input_Jenis Usaha_form-control ng-untouched ng-pristine ng-invalid'

2024-01-10 15:51:27 - [TEST_STEP][PASSED] - setText(findTestObject("Object Repository/Input_Corporate/Input_Konsumen/input_Economy Code_form-control bcaf-autocomplete ng-untouched ng-pristine ng-invalid"), konsumen_economyCode, OPTIONAL): Text '010103' is set on object 'Object Repository/Input_Corporate/Input_Konsumen/input_Economy Code_form-control bcaf-autocomplete ng-untouched ng-pristine ng-invalid'

2024-01-10 15:51:28 - [MESSAGE][PASSED] - Text '010103' is set on object 'Object Repository/Input_Corporate/Input_Konsumen/input_Economy Code_form-control bcaf-autocomplete ng-untouched ng-pristine ng-invalid'

2024-01-10 15:51:28 - [TEST_STEP][PASSED] - waitForElementPresent(findTestObject("Object Repository/Input_Corporate/Input_Konsumen/li_010103 Pertanian  Kehutanan-Pertanian  Pupuk-Importir"), 100, OPTIONAL): Object 'Object Repository/Input_Corporate/Input_Konsumen/li_010103 Pertanian  Kehutanan-Pertanian  Pupuk-Importir' is present

2024-01-10 15:51:29 - [MESSAGE][PASSED] - Object 'Object Repository/Input_Corporate/Input_Konsumen/li_010103 Pertanian  Kehutanan-Pertanian  Pupuk-Importir' is present

2024-01-10 15:51:29 - [TEST_STEP][PASSED] - click(findTestObject("Object Repository/Input_Corporate/Input_Konsumen/li_010103 Pertanian  Kehutanan-Pertanian  Pupuk-Importir"), OPTIONAL): Object: 'Object Repository/Input_Corporate/Input_Konsumen/li_010103 Pertanian  Kehutanan-Pertanian  Pupuk-Importir' is clicked on

2024-01-10 15:51:30 - [MESSAGE][PASSED] - Object: 'Object Repository/Input_Corporate/Input_Konsumen/li_010103 Pertanian  Kehutanan-Pertanian  Pupuk-Importir' is clicked on

2024-01-10 15:51:30 - [TEST_STEP][PASSED] - setText(findTestObject("Object Repository/Input_Corporate/Input_Konsumen/input_Kode Lokasi Proyek_form"), konsumen_kodeLokasi, OPTIONAL): Text '1213' is set on object 'Object Repository/Input_Corporate/Input_Konsumen/input_Kode Lokasi Proyek_form'

2024-01-10 15:51:31 - [MESSAGE][PASSED] - Text '1213' is set on object 'Object Repository/Input_Corporate/Input_Konsumen/input_Kode Lokasi Proyek_form'

2024-01-10 15:51:31 - [TEST_STEP][PASSED] - waitForElementPresent(findTestObject("Object Repository/Input_Corporate/Input_Konsumen/li_1213 - MALANG,KAB"), 100, OPTIONAL): Object 'Object Repository/Input_Corporate/Input_Konsumen/li_1213 - MALANG,KAB' is present

2024-01-10 15:51:32 - [MESSAGE][PASSED] - Object 'Object Repository/Input_Corporate/Input_Konsumen/li_1213 - MALANG,KAB' is present

2024-01-10 15:51:32 - [TEST_STEP][PASSED] - click(findTestObject("Object Repository/Input_Corporate/Input_Konsumen/li_1213 - MALANG,KAB"), OPTIONAL): Object: 'Object Repository/Input_Corporate/Input_Konsumen/li_1213 - MALANG,KAB' is clicked on

2024-01-10 15:51:33 - [MESSAGE][PASSED] - Object: 'Object Repository/Input_Corporate/Input_Konsumen/li_1213 - MALANG,KAB' is clicked on

2024-01-10 15:51:33 - [TEST_STEP][PASSED] - setText(findTestObject("Object Repository/Input_Corporate/Input_Konsumen/input_Berdiri Sejak Tahun_form-control ng-untouched ng-pristine ng-invalid"), konsumen_tahunBerdiri, OPTIONAL): Text '1995' is set on object 'Object Repository/Input_Corporate/Input_Konsumen/input_Berdiri Sejak Tahun_form-control ng-untouched ng-pristine ng-invalid'

2024-01-10 15:51:34 - [MESSAGE][PASSED] - Text '1995' is set on object 'Object Repository/Input_Corporate/Input_Konsumen/input_Berdiri Sejak Tahun_form-control ng-untouched ng-pristine ng-invalid'

2024-01-10 15:51:34 - [TEST_STEP][PASSED] - setText(findTestObject("Object Repository/Input_Corporate/Input_Konsumen/input_Omzet Usaha per Tahun_form-control text-right ng-untouched ng-pristine ng-invalid"), konsumen_omzetUsaha, OPTIONAL): Text '10000000000' is set on object 'Object Repository/Input_Corporate/Input_Konsumen/input_Omzet Usaha per Tahun_form-control text-right ng-untouched ng-pristine ng-invalid'

2024-01-10 15:51:35 - [MESSAGE][PASSED] - Text '10000000000' is set on object 'Object Repository/Input_Corporate/Input_Konsumen/input_Omzet Usaha per Tahun_form-control text-right ng-untouched ng-pristine ng-invalid'

2024-01-10 15:51:35 - [TEST_STEP][PASSED] - setText(findTestObject("Object Repository/Input_Corporate/Input_Konsumen/input_No. Rekening BCA_form-control ng-untouched ng-pristine ng-valid"), konsumen_noRekBCA, OPTIONAL): Text '413514512' is set on object 'Object Repository/Input_Corporate/Input_Konsumen/input_No. Rekening BCA_form-control ng-untouched ng-pristine ng-valid'

2024-01-10 15:51:36 - [MESSAGE][PASSED] - Text '413514512' is set on object 'Object Repository/Input_Corporate/Input_Konsumen/input_No. Rekening BCA_form-control ng-untouched ng-pristine ng-valid'

2024-01-10 15:51:36 - [TEST_STEP][PASSED] - setText(findTestObject("Object Repository/Input_Corporate/Input_Konsumen/input_Alamat Perusahaan_form-control ng-untouched ng-pristine ng-invalid"), konsumen_alamatPT, OPTIONAL): Text 'Jakarta, No. 45' is set on object 'Object Repository/Input_Corporate/Input_Konsumen/input_Alamat Perusahaan_form-control ng-untouched ng-pristine ng-invalid'

2024-01-10 15:51:36 - [MESSAGE][PASSED] - Text 'Jakarta, No. 45' is set on object 'Object Repository/Input_Corporate/Input_Konsumen/input_Alamat Perusahaan_form-control ng-untouched ng-pristine ng-invalid'

2024-01-10 15:51:36 - [TEST_STEP][PASSED] - setText(findTestObject("Object Repository/Input_Corporate/Input_Konsumen/input_Provinsi_form-control bcaf-autocomplete ng-untouched ng-pristine ng-invalid"), konsumen_provinsi, OPTIONAL): Text 'JAWA TIMUR' is set on object 'Object Repository/Input_Corporate/Input_Konsumen/input_Provinsi_form-control bcaf-autocomplete ng-untouched ng-pristine ng-invalid'

2024-01-10 15:51:38 - [MESSAGE][PASSED] - Text 'JAWA TIMUR' is set on object 'Object Repository/Input_Corporate/Input_Konsumen/input_Provinsi_form-control bcaf-autocomplete ng-untouched ng-pristine ng-invalid'

2024-01-10 15:51:38 - [TEST_STEP][PASSED] - waitForElementPresent(findTestObject("Object Repository/Input_Corporate/Input_Konsumen/li_JAWA TIMUR"), 100, OPTIONAL): Object 'Object Repository/Input_Corporate/Input_Konsumen/li_JAWA TIMUR' is present

2024-01-10 15:51:39 - [MESSAGE][PASSED] - Object 'Object Repository/Input_Corporate/Input_Konsumen/li_JAWA TIMUR' is present

2024-01-10 15:51:39 - [TEST_STEP][PASSED] - click(findTestObject("Object Repository/Input_Corporate/Input_Konsumen/li_JAWA TIMUR"), OPTIONAL): Object: 'Object Repository/Input_Corporate/Input_Konsumen/li_JAWA TIMUR' is clicked on

2024-01-10 15:51:39 - [MESSAGE][PASSED] - Object: 'Object Repository/Input_Corporate/Input_Konsumen/li_JAWA TIMUR' is clicked on

2024-01-10 15:51:39 - [TEST_STEP][PASSED] - setText(findTestObject("Object Repository/Input_Corporate/Input_Konsumen/input_KabKota_form-control bcaf-autocomplete ng-untouched ng-pristine ng-invalid"), konsumen_kabKota, OPTIONAL): Text 'Malang' is set on object 'Object Repository/Input_Corporate/Input_Konsumen/input_KabKota_form-control bcaf-autocomplete ng-untouched ng-pristine ng-invalid'

2024-01-10 15:51:40 - [MESSAGE][PASSED] - Text 'Malang' is set on object 'Object Repository/Input_Corporate/Input_Konsumen/input_KabKota_form-control bcaf-autocomplete ng-untouched ng-pristine ng-invalid'

2024-01-10 15:51:40 - [TEST_STEP][PASSED] - waitForElementPresent(findTestObject("Object Repository/Input_Corporate/Input_Konsumen/li_MALANG"), 100, OPTIONAL): Object 'Object Repository/Input_Corporate/Input_Konsumen/li_MALANG' is present

2024-01-10 15:51:41 - [MESSAGE][PASSED] - Object 'Object Repository/Input_Corporate/Input_Konsumen/li_MALANG' is present

2024-01-10 15:51:41 - [TEST_STEP][PASSED] - click(findTestObject("Object Repository/Input_Corporate/Input_Konsumen/li_MALANG"), OPTIONAL): Object: 'Object Repository/Input_Corporate/Input_Konsumen/li_MALANG' is clicked on

2024-01-10 15:51:42 - [MESSAGE][PASSED] - Object: 'Object Repository/Input_Corporate/Input_Konsumen/li_MALANG' is clicked on

2024-01-10 15:51:42 - [TEST_STEP][PASSED] - setText(findTestObject("Object Repository/Input_Corporate/Input_Konsumen/input_Kecamatan_form-control bcaf-autocomplete ng-untouched ng-pristine ng-invalid"), konsumen_kecamantan, OPTIONAL): Text 'lowokwaru' is set on object 'Object Repository/Input_Corporate/Input_Konsumen/input_Kecamatan_form-control bcaf-autocomplete ng-untouched ng-pristine ng-invalid'

2024-01-10 15:51:43 - [MESSAGE][PASSED] - Text 'lowokwaru' is set on object 'Object Repository/Input_Corporate/Input_Konsumen/input_Kecamatan_form-control bcaf-autocomplete ng-untouched ng-pristine ng-invalid'

2024-01-10 15:51:43 - [TEST_STEP][PASSED] - waitForElementPresent(findTestObject("Object Repository/Input_Corporate/Input_Konsumen/li_LOWOKWARU"), 0, OPTIONAL): Object 'Object Repository/Input_Corporate/Input_Konsumen/li_LOWOKWARU' is present

2024-01-10 15:51:43 - [MESSAGE][WARNING] - Timeout '0' is invalid. Using default page load timeout: '30'

2024-01-10 15:51:44 - [MESSAGE][PASSED] - Object 'Object Repository/Input_Corporate/Input_Konsumen/li_LOWOKWARU' is present

2024-01-10 15:51:44 - [TEST_STEP][PASSED] - click(findTestObject("Object Repository/Input_Corporate/Input_Konsumen/li_LOWOKWARU"), OPTIONAL): Object: 'Object Repository/Input_Corporate/Input_Konsumen/li_LOWOKWARU' is clicked on

2024-01-10 15:51:45 - [MESSAGE][PASSED] - Object: 'Object Repository/Input_Corporate/Input_Konsumen/li_LOWOKWARU' is clicked on

2024-01-10 15:51:45 - [TEST_STEP][PASSED] - setText(findTestObject("Object Repository/Input_Corporate/Input_Konsumen/input_Kelurahan_form-control bcaf-autocomplete ng-untouched ng-pristine ng-invalid"), konsumen_kelurahan, OPTIONAL): Text 'ketawanggede' is set on object 'Object Repository/Input_Corporate/Input_Konsumen/input_Kelurahan_form-control bcaf-autocomplete ng-untouched ng-pristine ng-invalid'

2024-01-10 15:51:46 - [MESSAGE][PASSED] - Text 'ketawanggede' is set on object 'Object Repository/Input_Corporate/Input_Konsumen/input_Kelurahan_form-control bcaf-autocomplete ng-untouched ng-pristine ng-invalid'

2024-01-10 15:51:46 - [TEST_STEP][PASSED] - waitForElementPresent(findTestObject("Object Repository/Input_Corporate/Input_Konsumen/li_KETAWANGGEDE"), 100, OPTIONAL): Object 'Object Repository/Input_Corporate/Input_Konsumen/li_KETAWANGGEDE' is present

2024-01-10 15:51:47 - [MESSAGE][PASSED] - Object 'Object Repository/Input_Corporate/Input_Konsumen/li_KETAWANGGEDE' is present

2024-01-10 15:51:47 - [TEST_STEP][PASSED] - click(findTestObject("Object Repository/Input_Corporate/Input_Konsumen/li_KETAWANGGEDE"), OPTIONAL): Object: 'Object Repository/Input_Corporate/Input_Konsumen/li_KETAWANGGEDE' is clicked on

2024-01-10 15:51:48 - [MESSAGE][PASSED] - Object: 'Object Repository/Input_Corporate/Input_Konsumen/li_KETAWANGGEDE' is clicked on

2024-01-10 15:51:48 - [TEST_STEP][PASSED] - setText(findTestObject("Object Repository/Input_Corporate/Input_Konsumen/input_Kode Pos_form-control bcaf-autocomplete ng-untouched ng-pristine ng-invalid"), konsumen_kodePos, OPTIONAL): Text '65145' is set on object 'Object Repository/Input_Corporate/Input_Konsumen/input_Kode Pos_form-control bcaf-autocomplete ng-untouched ng-pristine ng-invalid'

2024-01-10 15:51:49 - [MESSAGE][PASSED] - Text '65145' is set on object 'Object Repository/Input_Corporate/Input_Konsumen/input_Kode Pos_form-control bcaf-autocomplete ng-untouched ng-pristine ng-invalid'

2024-01-10 15:51:49 - [TEST_STEP][PASSED] - waitForElementPresent(findTestObject("Object Repository/Input_Corporate/Input_Konsumen/li_65145"), 100, OPTIONAL): Object 'Object Repository/Input_Corporate/Input_Konsumen/li_65145' is present

2024-01-10 15:51:50 - [MESSAGE][PASSED] - Object 'Object Repository/Input_Corporate/Input_Konsumen/li_65145' is present

2024-01-10 15:51:50 - [TEST_STEP][PASSED] - click(findTestObject("Object Repository/Input_Corporate/Input_Konsumen/li_65145"), OPTIONAL): Object: 'Object Repository/Input_Corporate/Input_Konsumen/li_65145' is clicked on

2024-01-10 15:51:51 - [MESSAGE][PASSED] - Object: 'Object Repository/Input_Corporate/Input_Konsumen/li_65145' is clicked on

2024-01-10 15:51:51 - [TEST_STEP][PASSED] - takeFullPageScreenshotAsCheckpoint(userDir + sprint4WebScreenshootPath + "scenario-1-Input-data-FAP.png"): Taking screenshot successfully

2024-01-10 15:51:53 - [MESSAGE][INFO] - 0 hidden object(s)

2024-01-10 15:51:53 - [MESSAGE][PASSED] - Taking screenshot successfully
[[ATTACHMENT|C:\Users\Jerry\Katalon Studio\me-corp-add-data\Screenshoot\Sprint4\Web\keyes\keyes-scenario-1-Input-data-FAP.png]]

2024-01-10 15:51:53 - [TEST_STEP][PASSED] - markPassed("scenario 1 - Input data FAP"): scenario 1 - Input data FAP

2024-01-10 15:51:53 - [MESSAGE][PASSED] - scenario 1 - Input data FAP

2024-01-10 15:51:53 - [TEST_STEP][PASSED] - scrollToElement(findTestObject("Object Repository/Input_Corporate/Input_Konsumen/i_Fax 2_ri-arrow-right-line"), 60, OPTIONAL): Scroll to object 'Object Repository/Input_Corporate/Input_Konsumen/i_Fax 2_ri-arrow-right-line' successfully

2024-01-10 15:51:54 - [MESSAGE][PASSED] - Scroll to object 'Object Repository/Input_Corporate/Input_Konsumen/i_Fax 2_ri-arrow-right-line' successfully

2024-01-10 15:51:54 - [TEST_STEP][PASSED] - click(findTestObject("Object Repository/Input_Corporate/Input_Konsumen/input_Alamat Pengiriman Surat  Alamat Perusahaan_isAlamatPengirimanSurat"), OPTIONAL): Object: 'Object Repository/Input_Corporate/Input_Konsumen/input_Alamat Pengiriman Surat  Alamat Perusahaan_isAlamatPengirimanSurat' is clicked on

2024-01-10 15:51:54 - [MESSAGE][PASSED] - Object: 'Object Repository/Input_Corporate/Input_Konsumen/input_Alamat Pengiriman Surat  Alamat Perusahaan_isAlamatPengirimanSurat' is clicked on

2024-01-10 15:51:54 - [TEST_STEP][PASSED] - setText(findTestObject("Object Repository/Input_Corporate/Input_Konsumen/input_Email_form-control ng-untouched ng-pristine ng-valid"), konsumen_email, OPTIONAL): Text 'contoh@gmail.com' is set on object 'Object Repository/Input_Corporate/Input_Konsumen/input_Email_form-control ng-untouched ng-pristine ng-valid'

2024-01-10 15:51:55 - [MESSAGE][PASSED] - Text 'contoh@gmail.com' is set on object 'Object Repository/Input_Corporate/Input_Konsumen/input_Email_form-control ng-untouched ng-pristine ng-valid'

2024-01-10 15:51:55 - [TEST_STEP][PASSED] - setText(findTestObject("Object Repository/Input_Corporate/Input_Konsumen/input_Telepon 1_form-control ng-untouched ng-pristine ng-valid"), konsumen_telepon1, OPTIONAL): Text '089773662555' is set on object 'Object Repository/Input_Corporate/Input_Konsumen/input_Telepon 1_form-control ng-untouched ng-pristine ng-valid'

2024-01-10 15:51:56 - [MESSAGE][PASSED] - Text '089773662555' is set on object 'Object Repository/Input_Corporate/Input_Konsumen/input_Telepon 1_form-control ng-untouched ng-pristine ng-valid'

2024-01-10 15:51:56 - [TEST_STEP][PASSED] - takeFullPageScreenshotAsCheckpoint(userDir + sprint4WebScreenshootPath + "scenario-1-Input-data-alamat-pengirim-surat.png"): Taking screenshot successfully

2024-01-10 15:51:59 - [MESSAGE][INFO] - 0 hidden object(s)

2024-01-10 15:51:59 - [MESSAGE][PASSED] - Taking screenshot successfully
[[ATTACHMENT|C:\Users\Jerry\Katalon Studio\me-corp-add-data\Screenshoot\Sprint4\Web\keyes\keyes-scenario-1-Input-data-alamat-pengirim-surat.png]]

2024-01-10 15:51:59 - [TEST_STEP][PASSED] - markPassed("scenario 1 - Input data alamat pengirim surat"): scenario 1 - Input data alamat pengirim surat

2024-01-10 15:51:59 - [MESSAGE][PASSED] - scenario 1 - Input data alamat pengirim surat

2024-01-10 15:51:59 - [TEST_STEP][PASSED] - scrollToPosition(0, 0, OPTIONAL): Browser is scrolled to position x = 0, y = 0

2024-01-10 15:51:59 - [MESSAGE][PASSED] - Browser is scrolled to position x = 0, y = 0

2024-01-10 15:51:59 - [TEST_STEP][PASSED] - delay(2): Delayed 2 second(s)

2024-01-10 15:52:01 - [MESSAGE][PASSED] - Delayed 2 second(s)

2024-01-10 15:52:01 - [TEST_STEP][PASSED] - click(findTestObject("Input_Corporate/Pengurus/1_a_Pengurus"), OPTIONAL): Object: 'Object Repository/Input_Corporate/Pengurus/1_a_Pengurus' is clicked on

2024-01-10 15:52:02 - [MESSAGE][PASSED] - Object: 'Object Repository/Input_Corporate/Pengurus/1_a_Pengurus' is clicked on

2024-01-10 15:52:02 - [TEST_STEP][PASSED] - takeFullPageScreenshotAsCheckpoint(userDir + sprint4WebScreenshootPath + "scenario-1-Input-data-pengurus.png"): Taking screenshot successfully

2024-01-10 15:52:02 - [MESSAGE][INFO] - 0 hidden object(s)

2024-01-10 15:52:02 - [MESSAGE][PASSED] - Taking screenshot successfully
[[ATTACHMENT|C:\Users\Jerry\Katalon Studio\me-corp-add-data\Screenshoot\Sprint4\Web\keyes\keyes-scenario-1-Input-data-pengurus.png]]

2024-01-10 15:52:02 - [TEST_STEP][PASSED] - markPassed("scenario 1 - Input data pengurus"): scenario 1 - Input data pengurus

2024-01-10 15:52:02 - [MESSAGE][PASSED] - scenario 1 - Input data pengurus

2024-01-10 15:52:02 - [TEST_STEP][PASSED] - click(findTestObject("Input_Corporate/Pengurus/2_i_Add_ri-file-add-line ( Add_Pengurus )"), OPTIONAL): Object: 'Object Repository/Input_Corporate/Pengurus/2_i_Add_ri-file-add-line ( Add_Pengurus )' is clicked on

2024-01-10 15:52:03 - [MESSAGE][PASSED] - Object: 'Object Repository/Input_Corporate/Pengurus/2_i_Add_ri-file-add-line ( Add_Pengurus )' is clicked on

2024-01-10 15:52:03 - [TEST_STEP][PASSED] - click(findTestObject("Input_Corporate/Pengurus/3_button_Pengurus 1"), OPTIONAL): Object: 'Object Repository/Input_Corporate/Pengurus/3_button_Pengurus 1' is clicked on

2024-01-10 15:52:04 - [MESSAGE][PASSED] - Object: 'Object Repository/Input_Corporate/Pengurus/3_button_Pengurus 1' is clicked on

2024-01-10 15:52:04 - [TEST_STEP][PASSED] - takeFullPageScreenshotAsCheckpoint(userDir + sprint4WebScreenshootPath + "scenario-1-Masuk-submenu-data-pengurus-1.png"): Taking screenshot successfully

2024-01-10 15:52:05 - [MESSAGE][INFO] - 0 hidden object(s)

2024-01-10 15:52:06 - [MESSAGE][PASSED] - Taking screenshot successfully
[[ATTACHMENT|C:\Users\Jerry\Katalon Studio\me-corp-add-data\Screenshoot\Sprint4\Web\keyes\keyes-scenario-1-Masuk-submenu-data-pengurus-1.png]]

2024-01-10 15:52:06 - [TEST_STEP][PASSED] - markPassed("scenario 1 - Masuk submenu data pengurus 1"): scenario 1 - Masuk submenu data pengurus 1

2024-01-10 15:52:06 - [MESSAGE][PASSED] - scenario 1 - Masuk submenu data pengurus 1

2024-01-10 15:52:06 - [TEST_STEP][PASSED] - click(findTestObject("Input_Corporate/Pengurus/4_a_Capture File"), OPTIONAL): Object: 'Object Repository/Input_Corporate/Pengurus/4_a_Capture File' is clicked on

2024-01-10 15:52:06 - [MESSAGE][PASSED] - Object: 'Object Repository/Input_Corporate/Pengurus/4_a_Capture File' is clicked on

2024-01-10 15:52:06 - [TEST_STEP][PASSED] - popup.popup.uploadFile(findTestObject("Object Repository/MEApp_AppBaru_InisiasiKonsumen/Page_Mobile Entry - BCAF/button_Local File"), userDir + cobaKTP.replace("/", "\")): popup.popup.uploadFile is PASSED

2024-01-10 15:52:08 - [MESSAGE][PASSED] - Object: 'Object Repository/MEApp_AppBaru_InisiasiKonsumen/Page_Mobile Entry - BCAF/button_Local File' is clicked on

2024-01-10 15:52:08 - [MESSAGE][PASSED] - Delayed 0.5 second(s)

2024-01-10 15:52:08 - [MESSAGE][PASSED] - popup.popup.uploadFile is PASSED

2024-01-10 15:52:08 - [TEST_STEP][PASSED] - waitForElementClickable(findTestObject("Input_Corporate/Pengurus/5_input_Name_form-control ng-untouched ng-pristine ng-invalid"), 300): Object 'Object Repository/Input_Corporate/Pengurus/5_input_Name_form-control ng-untouched ng-pristine ng-invalid' is clickable

2024-01-10 15:52:32 - [MESSAGE][PASSED] - Object 'Object Repository/Input_Corporate/Pengurus/5_input_Name_form-control ng-untouched ng-pristine ng-invalid' is clickable

2024-01-10 15:52:32 - [TEST_STEP][PASSED] - takeFullPageScreenshotAsCheckpoint(userDir + sprint4WebScreenshootPath + "scenario-1-Berhasil-input-otomatis-data-pengurus-berdasarkan-data-capture-ktp-pengurus-yang-di-capture.png"): Taking screenshot successfully

2024-01-10 15:52:34 - [MESSAGE][INFO] - 0 hidden object(s)

2024-01-10 15:52:34 - [MESSAGE][PASSED] - Taking screenshot successfully
[[ATTACHMENT|C:\Users\Jerry\Katalon Studio\me-corp-add-data\Screenshoot\Sprint4\Web\keyes\keyes-scenario-1-Berhasil-input-otomatis-data-pengurus-berdasarkan-data-capture-ktp-pengurus-yang-di-capture.png]]

2024-01-10 15:52:34 - [TEST_STEP][PASSED] - markPassed("scenario 1 - Berhasil input otomatis data pengurus berdasarkan data capture ktp pengurus yang di capture "): scenario 1 - Berhasil input otomatis data pengurus berdasarkan data capture ktp pengurus yang di capture 

2024-01-10 15:52:34 - [MESSAGE][PASSED] - scenario 1 - Berhasil input otomatis data pengurus berdasarkan data capture ktp pengurus yang di capture 

2024-01-10 15:52:34 - [TEST_STEP][PASSED] - setText(findTestObject("Input_Corporate/Pengurus/8_input_SID Pengurus_form-control ng-pristine ng-invalid is-invalid ng-touched"), pengurus_SID, OPTIONAL): Text '3345434656' is set on object 'Object Repository/Input_Corporate/Pengurus/8_input_SID Pengurus_form-control ng-pristine ng-invalid is-invalid ng-touched'

2024-01-10 15:52:35 - [MESSAGE][PASSED] - Text '3345434656' is set on object 'Object Repository/Input_Corporate/Pengurus/8_input_SID Pengurus_form-control ng-pristine ng-invalid is-invalid ng-touched'

2024-01-10 15:52:35 - [TEST_STEP][PASSED] - scrollToElement(findTestObject("Input_Corporate/Pengurus/2_i_Add_ri-file-add-line ( Add_Pengurus )"), 30, OPTIONAL): Scroll to object 'Object Repository/Input_Corporate/Pengurus/2_i_Add_ri-file-add-line ( Add_Pengurus )' successfully

2024-01-10 15:52:36 - [MESSAGE][PASSED] - Scroll to object 'Object Repository/Input_Corporate/Pengurus/2_i_Add_ri-file-add-line ( Add_Pengurus )' successfully

2024-01-10 15:52:36 - [TEST_STEP][PASSED] - setText(findTestObject("Input_Corporate/Pengurus/15_input_Kode Pos_form-control bcaf-autocomplete ng-pristine ng-invalid ng-touched"), pengurus_kodePos, OPTIONAL): Text '56643' is set on object 'Object Repository/Input_Corporate/Pengurus/15_input_Kode Pos_form-control bcaf-autocomplete ng-pristine ng-invalid ng-touched'

2024-01-10 15:52:37 - [MESSAGE][PASSED] - Text '56643' is set on object 'Object Repository/Input_Corporate/Pengurus/15_input_Kode Pos_form-control bcaf-autocomplete ng-pristine ng-invalid ng-touched'

2024-01-10 15:52:37 - [TEST_STEP][PASSED] - click(findTestObject("Input_Corporate/Pengurus/13_div_Pilih Role"), OPTIONAL): Object: 'Object Repository/Input_Corporate/Pengurus/13_div_Pilih Role' is clicked on

2024-01-10 15:52:38 - [MESSAGE][PASSED] - Object: 'Object Repository/Input_Corporate/Pengurus/13_div_Pilih Role' is clicked on

2024-01-10 15:52:38 - [TEST_STEP][PASSED] - setText(findTestObject("Input_Corporate/Pengurus/13_div_Pilih Role"), pengurus_role, OPTIONAL): Text 'not set' is set on object 'Object Repository/Input_Corporate/Pengurus/13_div_Pilih Role'

2024-01-10 15:52:38 - [MESSAGE][PASSED] - Text 'not set' is set on object 'Object Repository/Input_Corporate/Pengurus/13_div_Pilih Role'

2024-01-10 15:52:38 - [TEST_STEP][PASSED] - click(findTestObject("Input_Corporate/Pengurus/14_div_Not Set"), OPTIONAL): Object: 'Object Repository/Input_Corporate/Pengurus/14_div_Not Set' is clicked on

2024-01-10 15:52:39 - [MESSAGE][PASSED] - Object: 'Object Repository/Input_Corporate/Pengurus/14_div_Not Set' is clicked on

2024-01-10 15:52:39 - [TEST_STEP][PASSED] - click(findTestObject("Input_Corporate/Pengurus/21_div_Pilih Jabatan"), OPTIONAL): Object: 'Object Repository/Input_Corporate/Pengurus/21_div_Pilih Jabatan' is clicked on

2024-01-10 15:52:40 - [MESSAGE][PASSED] - Object: 'Object Repository/Input_Corporate/Pengurus/21_div_Pilih Jabatan' is clicked on

2024-01-10 15:52:40 - [TEST_STEP][PASSED] - setText(findTestObject("Object Repository/Input_Corporate/Pengurus/21_div_Pilih Jabatan"), pengurus_jabatan, OPTIONAL): Text 'komisaris utama' is set on object 'Object Repository/Input_Corporate/Pengurus/21_div_Pilih Jabatan'

2024-01-10 15:52:41 - [MESSAGE][PASSED] - Text 'komisaris utama' is set on object 'Object Repository/Input_Corporate/Pengurus/21_div_Pilih Jabatan'

2024-01-10 15:52:41 - [TEST_STEP][PASSED] - click(findTestObject("Input_Corporate/Pengurus/22_span_Komisaris Utama"), OPTIONAL): Object: 'Object Repository/Input_Corporate/Pengurus/22_span_Komisaris Utama' is clicked on

2024-01-10 15:52:42 - [MESSAGE][PASSED] - Object: 'Object Repository/Input_Corporate/Pengurus/22_span_Komisaris Utama' is clicked on

2024-01-10 15:52:42 - [TEST_STEP][PASSED] - takeFullPageScreenshotAsCheckpoint(userDir + sprint4WebScreenshootPath + "scenario-1-Berhasil-input-otomatis-data-pengurus-1.png"): Taking screenshot successfully

2024-01-10 15:52:43 - [MESSAGE][INFO] - 0 hidden object(s)

2024-01-10 15:52:43 - [MESSAGE][PASSED] - Taking screenshot successfully
[[ATTACHMENT|C:\Users\Jerry\Katalon Studio\me-corp-add-data\Screenshoot\Sprint4\Web\keyes\keyes-scenario-1-Berhasil-input-otomatis-data-pengurus-1.png]]

2024-01-10 15:52:43 - [TEST_STEP][PASSED] - markPassed("scenario 1 - Berhasil input data pengurus 1"): scenario 1 - Berhasil input data pengurus 1

2024-01-10 15:52:43 - [MESSAGE][PASSED] - scenario 1 - Berhasil input data pengurus 1

2024-01-10 15:52:43 - [TEST_STEP][PASSED] - scrollToPosition(0, 133, OPTIONAL): Browser is scrolled to position x = 0, y = 133

2024-01-10 15:52:43 - [MESSAGE][PASSED] - Browser is scrolled to position x = 0, y = 133

2024-01-10 15:52:43 - [TEST_STEP][PASSED] - click(findTestObject("Input_Corporate/Pemegang_saham/1_a_Pemegang Saham"), OPTIONAL): Object: 'Object Repository/Input_Corporate/Pemegang_saham/1_a_Pemegang Saham' is clicked on

2024-01-10 15:52:44 - [MESSAGE][PASSED] - Object: 'Object Repository/Input_Corporate/Pemegang_saham/1_a_Pemegang Saham' is clicked on

2024-01-10 15:52:44 - [TEST_STEP][PASSED] - takeFullPageScreenshotAsCheckpoint(userDir + sprint4WebScreenshootPath + "scenario-1-Masuk-Submenu-pemegang-saham-1.png"): Taking screenshot successfully

2024-01-10 15:52:45 - [MESSAGE][INFO] - 0 hidden object(s)

2024-01-10 15:52:45 - [MESSAGE][PASSED] - Taking screenshot successfully
[[ATTACHMENT|C:\Users\Jerry\Katalon Studio\me-corp-add-data\Screenshoot\Sprint4\Web\keyes\keyes-scenario-1-Masuk-Submenu-pemegang-saham-1.png]]

2024-01-10 15:52:45 - [TEST_STEP][PASSED] - markPassed("scenario 1 - Berhasil masuk menu pemegang saham "): scenario 1 - Berhasil masuk menu pemegang saham 

2024-01-10 15:52:45 - [MESSAGE][PASSED] - scenario 1 - Berhasil masuk menu pemegang saham 

2024-01-10 15:52:45 - [TEST_STEP][PASSED] - click(findTestObject("Input_Corporate/Pemegang_saham/2_a_Add"), OPTIONAL): Object: 'Object Repository/Input_Corporate/Pemegang_saham/2_a_Add' is clicked on

2024-01-10 15:52:46 - [MESSAGE][PASSED] - Object: 'Object Repository/Input_Corporate/Pemegang_saham/2_a_Add' is clicked on

2024-01-10 15:52:46 - [TEST_STEP][PASSED] - click(findTestObject("Input_Corporate/Pemegang_saham/input_Perorangan_radios"), OPTIONAL): Object: 'Object Repository/Input_Corporate/Pemegang_saham/input_Perorangan_radios' is clicked on

2024-01-10 15:52:46 - [MESSAGE][PASSED] - Object: 'Object Repository/Input_Corporate/Pemegang_saham/input_Perorangan_radios' is clicked on

2024-01-10 15:52:46 - [TEST_STEP][PASSED] - click(findTestObject("Input_Corporate/Pemegang_saham/input_Jenis Pemegang Saham_radios"), OPTIONAL): Object: 'Object Repository/Input_Corporate/Pemegang_saham/input_Jenis Pemegang Saham_radios' is clicked on

2024-01-10 15:52:47 - [MESSAGE][PASSED] - Object: 'Object Repository/Input_Corporate/Pemegang_saham/input_Jenis Pemegang Saham_radios' is clicked on

2024-01-10 15:52:47 - [TEST_STEP][PASSED] - takeFullPageScreenshotAsCheckpoint(userDir + sprint4WebScreenshootPath + "scenario-1-Memilih-radio-button-pemegang-saham.png"): Taking screenshot successfully

2024-01-10 15:52:48 - [MESSAGE][INFO] - 0 hidden object(s)

2024-01-10 15:52:48 - [MESSAGE][PASSED] - Taking screenshot successfully
[[ATTACHMENT|C:\Users\Jerry\Katalon Studio\me-corp-add-data\Screenshoot\Sprint4\Web\keyes\keyes-scenario-1-Memilih-radio-button-pemegang-saham.png]]

2024-01-10 15:52:48 - [TEST_STEP][PASSED] - markPassed("scenario 1 - Memilih radio button pemegang saham"): scenario 1 - Memilih radio button pemegang saham

2024-01-10 15:52:48 - [MESSAGE][PASSED] - scenario 1 - Memilih radio button pemegang saham

2024-01-10 15:52:48 - [TEST_STEP][PASSED] - click(findTestObject("Input_Corporate/Pemegang_saham/4_button_OK"), OPTIONAL): Object: 'Object Repository/Input_Corporate/Pemegang_saham/4_button_OK' is clicked on

2024-01-10 15:52:49 - [MESSAGE][PASSED] - Object: 'Object Repository/Input_Corporate/Pemegang_saham/4_button_OK' is clicked on

2024-01-10 15:52:49 - [TEST_STEP][PASSED] - click(findTestObject("Input_Corporate/Pemegang_saham/5_button_Pemegang Saham 1"), OPTIONAL): Object: 'Object Repository/Input_Corporate/Pemegang_saham/5_button_Pemegang Saham 1' is clicked on

2024-01-10 15:52:50 - [MESSAGE][PASSED] - Object: 'Object Repository/Input_Corporate/Pemegang_saham/5_button_Pemegang Saham 1' is clicked on

2024-01-10 15:52:50 - [TEST_STEP][PASSED] - takeFullPageScreenshotAsCheckpoint(userDir + sprint4WebScreenshootPath + "scenario-1-Masuk-Submenu-pemegang-saham-1.png"): Taking screenshot successfully

2024-01-10 15:52:51 - [MESSAGE][INFO] - 0 hidden object(s)

2024-01-10 15:52:51 - [MESSAGE][PASSED] - Taking screenshot successfully
[[ATTACHMENT|C:\Users\Jerry\Katalon Studio\me-corp-add-data\Screenshoot\Sprint4\Web\keyes\keyes-scenario-1-Masuk-Submenu-pemegang-saham-1.png]]

2024-01-10 15:52:51 - [TEST_STEP][PASSED] - markPassed("scenario 1 - Masuk submenu pemegang saham 1"): scenario 1 - Masuk submenu pemegang saham 1

2024-01-10 15:52:51 - [MESSAGE][PASSED] - scenario 1 - Masuk submenu pemegang saham 1

2024-01-10 15:52:51 - [TEST_STEP][PASSED] - click(findTestObject("Input_Corporate/Pemegang_saham/6_a_Capture File"), OPTIONAL): Object: 'Object Repository/Input_Corporate/Pemegang_saham/6_a_Capture File' is clicked on

2024-01-10 15:52:52 - [MESSAGE][PASSED] - Object: 'Object Repository/Input_Corporate/Pemegang_saham/6_a_Capture File' is clicked on

2024-01-10 15:52:52 - [TEST_STEP][PASSED] - popup.popup.uploadFile(findTestObject("Object Repository/MEApp_AppBaru_InisiasiKonsumen/Page_Mobile Entry - BCAF/button_Local File"), userDir + cobaKTP.replace("/", "\")): popup.popup.uploadFile is PASSED

2024-01-10 15:52:54 - [MESSAGE][PASSED] - Object: 'Object Repository/MEApp_AppBaru_InisiasiKonsumen/Page_Mobile Entry - BCAF/button_Local File' is clicked on

2024-01-10 15:52:54 - [MESSAGE][PASSED] - Delayed 0.5 second(s)

2024-01-10 15:52:54 - [MESSAGE][PASSED] - popup.popup.uploadFile is PASSED

2024-01-10 15:52:54 - [TEST_STEP][PASSED] - scrollToPosition(0, 200, OPTIONAL): Browser is scrolled to position x = 0, y = 200

2024-01-10 15:52:55 - [MESSAGE][PASSED] - Browser is scrolled to position x = 0, y = 200

2024-01-10 15:52:55 - [TEST_STEP][PASSED] - setText(findTestObject("Object Repository/Input_Corporate/Pemegang_saham/input_Kode Pos_2"), pemegangShm_kodePos): Text '12345' is set on object 'Object Repository/Input_Corporate/Pemegang_saham/input_Kode Pos_2'

2024-01-10 15:53:19 - [MESSAGE][PASSED] - Text '12345' is set on object 'Object Repository/Input_Corporate/Pemegang_saham/input_Kode Pos_2'

2024-01-10 15:53:19 - [TEST_STEP][PASSED] - scrollToPosition(0, 133, OPTIONAL): Browser is scrolled to position x = 0, y = 133

2024-01-10 15:53:19 - [MESSAGE][PASSED] - Browser is scrolled to position x = 0, y = 133

2024-01-10 15:53:19 - [TEST_STEP][PASSED] - click(findTestObject("Input_Corporate/Penjamin/1_a_Penjamin"), OPTIONAL): Object: 'Object Repository/Input_Corporate/Penjamin/1_a_Penjamin' is clicked on

2024-01-10 15:53:20 - [MESSAGE][PASSED] - Object: 'Object Repository/Input_Corporate/Penjamin/1_a_Penjamin' is clicked on

2024-01-10 15:53:20 - [TEST_STEP][PASSED] - click(findTestObject("Input_Corporate/Penjamin/2_input_Ya_guarantor_Tidak"), OPTIONAL): Object: 'Object Repository/Input_Corporate/Penjamin/2_input_Ya_guarantor_Tidak' is clicked on

2024-01-10 15:53:21 - [MESSAGE][PASSED] - Object: 'Object Repository/Input_Corporate/Penjamin/2_input_Ya_guarantor_Tidak' is clicked on

2024-01-10 15:53:21 - [TEST_STEP][PASSED] - takeFullPageScreenshotAsCheckpoint(userDir + sprint4WebScreenshootPath + "scenario-1-Berhasil-pemegang-saham-1.png"): Taking screenshot successfully

2024-01-10 15:53:22 - [MESSAGE][INFO] - 0 hidden object(s)

2024-01-10 15:53:22 - [MESSAGE][PASSED] - Taking screenshot successfully
[[ATTACHMENT|C:\Users\Jerry\Katalon Studio\me-corp-add-data\Screenshoot\Sprint4\Web\keyes\keyes-scenario-1-Berhasil-pemegang-saham-1.png]]

2024-01-10 15:53:22 - [TEST_STEP][PASSED] - markPassed("scenario 1 - Berhasil input pemegang saham 1"): scenario 1 - Berhasil input pemegang saham 1

2024-01-10 15:53:22 - [MESSAGE][PASSED] - scenario 1 - Berhasil input pemegang saham 1

2024-01-10 15:53:22 - [TEST_STEP][PASSED] - click(findTestObject("Input_Corporate/Financial/li_Financial"), OPTIONAL): Object: 'Object Repository/Input_Corporate/Financial/li_Financial' is clicked on

2024-01-10 15:53:22 - [MESSAGE][PASSED] - Object: 'Object Repository/Input_Corporate/Financial/li_Financial' is clicked on

2024-01-10 15:53:22 - [TEST_STEP][PASSED] - takeFullPageScreenshotAsCheckpoint(userDir + sprint4WebScreenshootPath + "scenario-1-Masuk-Submenu-financial.png"): Taking screenshot successfully

2024-01-10 15:53:23 - [MESSAGE][INFO] - 0 hidden object(s)

2024-01-10 15:53:23 - [MESSAGE][PASSED] - Taking screenshot successfully
[[ATTACHMENT|C:\Users\Jerry\Katalon Studio\me-corp-add-data\Screenshoot\Sprint4\Web\keyes\keyes-scenario-1-Masuk-Submenu-financial.png]]

2024-01-10 15:53:23 - [TEST_STEP][PASSED] - markPassed("scenario 1 - Masuk submenu financial"): scenario 1 - Masuk submenu financial

2024-01-10 15:53:23 - [MESSAGE][PASSED] - scenario 1 - Masuk submenu financial

2024-01-10 15:53:23 - [TEST_STEP][PASSED] - click(findTestObject("Input_Corporate/Financial/button_Laporan Keuangan"), OPTIONAL): Object: 'Object Repository/Input_Corporate/Financial/button_Laporan Keuangan' is clicked on

2024-01-10 15:53:24 - [MESSAGE][PASSED] - Object: 'Object Repository/Input_Corporate/Financial/button_Laporan Keuangan' is clicked on

2024-01-10 15:53:24 - [TEST_STEP][PASSED] - click(findTestObject("Input_Corporate/Financial/a_Capture File"), OPTIONAL): Object: 'Object Repository/Input_Corporate/Financial/a_Capture File' is clicked on

2024-01-10 15:53:25 - [MESSAGE][PASSED] - Object: 'Object Repository/Input_Corporate/Financial/a_Capture File' is clicked on

2024-01-10 15:53:25 - [TEST_STEP][PASSED] - popup.popup.uploadFile(findTestObject("Object Repository/MEApp_AppBaru_InisiasiKonsumen/Page_Mobile Entry - BCAF/button_Local File"), userDir + cobaKTP.replace("/", "\")): popup.popup.uploadFile is PASSED

2024-01-10 15:53:26 - [MESSAGE][PASSED] - Object: 'Object Repository/MEApp_AppBaru_InisiasiKonsumen/Page_Mobile Entry - BCAF/button_Local File' is clicked on

2024-01-10 15:53:27 - [MESSAGE][PASSED] - Delayed 0.5 second(s)

2024-01-10 15:53:27 - [MESSAGE][PASSED] - popup.popup.uploadFile is PASSED

2024-01-10 15:53:27 - [TEST_STEP][PASSED] - takeFullPageScreenshotAsCheckpoint(userDir + sprint4WebScreenshootPath + "scenario-1-berhasil-input-capture-laporan-keuangan.png"): Taking screenshot successfully

2024-01-10 15:53:28 - [MESSAGE][INFO] - 0 hidden object(s)

2024-01-10 15:53:28 - [MESSAGE][PASSED] - Taking screenshot successfully
[[ATTACHMENT|C:\Users\Jerry\Katalon Studio\me-corp-add-data\Screenshoot\Sprint4\Web\keyes\keyes-scenario-1-berhasil-input-capture-laporan-keuangan.png]]

2024-01-10 15:53:28 - [TEST_STEP][PASSED] - markPassed("scenario 1 - berhasil input capture laporan keuangan"): scenario 1 - berhasil input capture laporan keuangan

2024-01-10 15:53:28 - [MESSAGE][PASSED] - scenario 1 - berhasil input capture laporan keuangan

2024-01-10 15:53:28 - [TEST_STEP][PASSED] - click(findTestObject("Input_Corporate/Financial/button_Bukti Kepemilikan Rekening"), OPTIONAL): Object: 'Object Repository/Input_Corporate/Financial/button_Bukti Kepemilikan Rekening' is clicked on

2024-01-10 15:53:29 - [MESSAGE][PASSED] - Object: 'Object Repository/Input_Corporate/Financial/button_Bukti Kepemilikan Rekening' is clicked on

2024-01-10 15:53:29 - [TEST_STEP][PASSED] - click(findTestObject("Input_Corporate/Financial/a_Capture File"), OPTIONAL): Object: 'Object Repository/Input_Corporate/Financial/a_Capture File' is clicked on

2024-01-10 15:53:30 - [MESSAGE][PASSED] - Object: 'Object Repository/Input_Corporate/Financial/a_Capture File' is clicked on

2024-01-10 15:53:30 - [TEST_STEP][PASSED] - popup.popup.uploadFile(findTestObject("Object Repository/MEApp_AppBaru_InisiasiKonsumen/Page_Mobile Entry - BCAF/button_Local File"), userDir + cobaKTP.replace("/", "\")): popup.popup.uploadFile is PASSED

2024-01-10 15:53:31 - [MESSAGE][PASSED] - Object: 'Object Repository/MEApp_AppBaru_InisiasiKonsumen/Page_Mobile Entry - BCAF/button_Local File' is clicked on

2024-01-10 15:53:32 - [MESSAGE][PASSED] - Delayed 0.5 second(s)

2024-01-10 15:53:32 - [MESSAGE][PASSED] - popup.popup.uploadFile is PASSED

2024-01-10 15:53:32 - [TEST_STEP][PASSED] - takeFullPageScreenshotAsCheckpoint(userDir + sprint4WebScreenshootPath + "scenario-1-behasil-input-capture-laporan-bukti-kepemilikan.png"): Taking screenshot successfully

2024-01-10 15:53:34 - [MESSAGE][INFO] - 0 hidden object(s)

2024-01-10 15:53:34 - [MESSAGE][PASSED] - Taking screenshot successfully
[[ATTACHMENT|C:\Users\Jerry\Katalon Studio\me-corp-add-data\Screenshoot\Sprint4\Web\keyes\keyes-scenario-1-behasil-input-capture-laporan-bukti-kepemilikan.png]]

2024-01-10 15:53:34 - [TEST_STEP][PASSED] - markPassed("scenario 1 - berhasil input capture laporan bukti kepemilikan"): scenario 1 - berhasil input capture laporan bukti kepemilikan

2024-01-10 15:53:34 - [MESSAGE][PASSED] - scenario 1 - berhasil input capture laporan bukti kepemilikan

2024-01-10 15:53:34 - [TEST_STEP][PASSED] - setText(findTestObject("Input_Corporate/Financial/input_BCA Branch_form-control ng-untouched ng-pristine ng-valid"), financial_BCABranch, OPTIONAL): Text 'BCA' is set on object 'Object Repository/Input_Corporate/Financial/input_BCA Branch_form-control ng-untouched ng-pristine ng-valid'

2024-01-10 15:53:34 - [MESSAGE][PASSED] - Text 'BCA' is set on object 'Object Repository/Input_Corporate/Financial/input_BCA Branch_form-control ng-untouched ng-pristine ng-valid'

2024-01-10 15:53:34 - [TEST_STEP][PASSED] - setText(findTestObject("Input_Corporate/Financial/input_Account No. 10 Digit_form-control ng-untouched ng-pristine ng-valid"), financial_rekNum, OPTIONAL): Unable to set text '2343235657' of object 'Object Repository/Input_Corporate/Financial/input_Account No. 10 Digit_form-control ng-untouched ng-pristine ng-valid' (Root cause: com.kms.katalon.core.exception.StepFailedException: Unable to set text '2343235657' of object 'Object Repository/Input_Corporate/Financial/input_Account No. 10 Digit_form-control ng-untouched ng-pristine ng-valid'
	at com.kms.katalon.core.webui.keyword.internal.WebUIKeywordMain.stepFailed(WebUIKeywordMain.groovy:64)
	at com.kms.katalon.core.webui.keyword.internal.WebUIKeywordMain.runKeyword(WebUIKeywordMain.groovy:26)
	at com.kms.katalon.core.webui.keyword.builtin.SetTextKeyword.setText(SetTextKeyword.groovy:66)
	at com.kms.katalon.core.webui.keyword.builtin.SetTextKeyword.execute(SetTextKeyword.groovy:37)
	at com.kms.katalon.core.keyword.internal.KeywordExecutor.executeKeywordForPlatform(KeywordExecutor.groovy:74)
	at com.kms.katalon.core.webui.keyword.WebUiBuiltInKeywords.setText(WebUiBuiltInKeywords.groovy:966)
	at com.kms.katalon.core.webui.keyword.WebUiBuiltInKeywords$setText$6.call(Unknown Source)
	at data-entry-aplikasi-pending.run(data-entry-aplikasi-pending:293)
	at com.kms.katalon.core.main.ScriptEngine.run(ScriptEngine.java:194)
	at com.kms.katalon.core.main.ScriptEngine.runScriptAsRawText(ScriptEngine.java:119)
	at com.kms.katalon.core.main.TestCaseExecutor.runScript(TestCaseExecutor.java:448)
	at com.kms.katalon.core.main.TestCaseExecutor.doExecute(TestCaseExecutor.java:439)
	at com.kms.katalon.core.main.TestCaseExecutor.processExecutionPhase(TestCaseExecutor.java:418)
	at com.kms.katalon.core.main.TestCaseExecutor.accessMainPhase(TestCaseExecutor.java:410)
	at com.kms.katalon.core.main.TestCaseExecutor.execute(TestCaseExecutor.java:285)
	at com.kms.katalon.core.common.CommonExecutor.accessTestCaseMainPhase(CommonExecutor.java:65)
	at com.kms.katalon.core.main.TestSuiteExecutor.accessTestSuiteMainPhase(TestSuiteExecutor.java:148)
	at com.kms.katalon.core.main.TestSuiteExecutor.execute(TestSuiteExecutor.java:106)
	at com.kms.katalon.core.main.TestCaseMain.startTestSuite(TestCaseMain.java:187)
	at com.kms.katalon.core.main.TestCaseMain$startTestSuite$0.call(Unknown Source)
	at TempTestSuite1704876565622.run(TempTestSuite1704876565622.groovy:36)
Caused by: com.kms.katalon.core.webui.exception.WebElementNotFoundException: Web element with id: 'Object Repository/Input_Corporate/Financial/input_Account No. 10 Digit_form-control ng-untouched ng-pristine ng-valid' located by '//input[@type = 'text' and @maxlength = '10' and @minlength = '10' and @formcontrolname = 'accountNoBca']' not found
	at com.kms.katalon.core.webui.common.WebUiCommonHelper.findWebElement(WebUiCommonHelper.java:1381)
	at com.kms.katalon.core.webui.keyword.internal.WebUIAbstractKeyword.findWebElement(WebUIAbstractKeyword.groovy:27)
	at com.kms.katalon.core.webui.keyword.internal.WebUIAbstractKeyword.findWebElement(WebUIAbstractKeyword.groovy:26)
	at com.kms.katalon.core.webui.keyword.builtin.SetTextKeyword$_setText_closure1.doCall(SetTextKeyword.groovy:51)
	at com.kms.katalon.core.webui.keyword.builtin.SetTextKeyword$_setText_closure1.call(SetTextKeyword.groovy)
	at com.kms.katalon.core.webui.keyword.internal.WebUIKeywordMain.runKeyword(WebUIKeywordMain.groovy:20)
	at com.kms.katalon.core.webui.keyword.builtin.SetTextKeyword.setText(SetTextKeyword.groovy:66)
	at com.kms.katalon.core.webui.keyword.builtin.SetTextKeyword.execute(SetTextKeyword.groovy:37)
	at com.kms.katalon.core.keyword.internal.KeywordExecutor.executeKeywordForPlatform(KeywordExecutor.groovy:74)
	at com.kms.katalon.core.webui.keyword.WebUiBuiltInKeywords.setText(WebUiBuiltInKeywords.groovy:966)
	at com.kms.katalon.core.webui.keyword.WebUiBuiltInKeywords$setText$6.call(Unknown Source)
	at Script1704858636805.run(Script1704858636805.groovy:293)
	... 13 more
)

2024-01-10 15:54:06 - [MESSAGE][INFO] - Unable to find the element located by 'By.xpath: //input[@type = 'text' and @maxlength = '10' and @minlength = '10' and @formcontrolname = 'accountNoBca']'. Please recheck the objects properties to make sure the desired element is located. 

2024-01-10 15:54:06 - [MESSAGE][WARNING] - Unable to set text '2343235657' of object 'Object Repository/Input_Corporate/Financial/input_Account No. 10 Digit_form-control ng-untouched ng-pristine ng-valid' (Root cause: com.kms.katalon.core.exception.StepFailedException: Unable to set text '2343235657' of object 'Object Repository/Input_Corporate/Financial/input_Account No. 10 Digit_form-control ng-untouched ng-pristine ng-valid'
	at com.kms.katalon.core.webui.keyword.internal.WebUIKeywordMain.stepFailed(WebUIKeywordMain.groovy:64)
	at com.kms.katalon.core.webui.keyword.internal.WebUIKeywordMain.runKeyword(WebUIKeywordMain.groovy:26)
	at com.kms.katalon.core.webui.keyword.builtin.SetTextKeyword.setText(SetTextKeyword.groovy:66)
	at com.kms.katalon.core.webui.keyword.builtin.SetTextKeyword.execute(SetTextKeyword.groovy:37)
	at com.kms.katalon.core.keyword.internal.KeywordExecutor.executeKeywordForPlatform(KeywordExecutor.groovy:74)
	at com.kms.katalon.core.webui.keyword.WebUiBuiltInKeywords.setText(WebUiBuiltInKeywords.groovy:966)
	at com.kms.katalon.core.webui.keyword.WebUiBuiltInKeywords$setText$6.call(Unknown Source)
	at data-entry-aplikasi-pending.run(data-entry-aplikasi-pending:293)
	at com.kms.katalon.core.main.ScriptEngine.run(ScriptEngine.java:194)
	at com.kms.katalon.core.main.ScriptEngine.runScriptAsRawText(ScriptEngine.java:119)
	at com.kms.katalon.core.main.TestCaseExecutor.runScript(TestCaseExecutor.java:448)
	at com.kms.katalon.core.main.TestCaseExecutor.doExecute(TestCaseExecutor.java:439)
	at com.kms.katalon.core.main.TestCaseExecutor.processExecutionPhase(TestCaseExecutor.java:418)
	at com.kms.katalon.core.main.TestCaseExecutor.accessMainPhase(TestCaseExecutor.java:410)
	at com.kms.katalon.core.main.TestCaseExecutor.execute(TestCaseExecutor.java:285)
	at com.kms.katalon.core.common.CommonExecutor.accessTestCaseMainPhase(CommonExecutor.java:65)
	at com.kms.katalon.core.main.TestSuiteExecutor.accessTestSuiteMainPhase(TestSuiteExecutor.java:148)
	at com.kms.katalon.core.main.TestSuiteExecutor.execute(TestSuiteExecutor.java:106)
	at com.kms.katalon.core.main.TestCaseMain.startTestSuite(TestCaseMain.java:187)
	at com.kms.katalon.core.main.TestCaseMain$startTestSuite$0.call(Unknown Source)
	at TempTestSuite1704876565622.run(TempTestSuite1704876565622.groovy:36)
Caused by: com.kms.katalon.core.webui.exception.WebElementNotFoundException: Web element with id: 'Object Repository/Input_Corporate/Financial/input_Account No. 10 Digit_form-control ng-untouched ng-pristine ng-valid' located by '//input[@type = 'text' and @maxlength = '10' and @minlength = '10' and @formcontrolname = 'accountNoBca']' not found
	at com.kms.katalon.core.webui.common.WebUiCommonHelper.findWebElement(WebUiCommonHelper.java:1381)
	at com.kms.katalon.core.webui.keyword.internal.WebUIAbstractKeyword.findWebElement(WebUIAbstractKeyword.groovy:27)
	at com.kms.katalon.core.webui.keyword.internal.WebUIAbstractKeyword.findWebElement(WebUIAbstractKeyword.groovy:26)
	at com.kms.katalon.core.webui.keyword.builtin.SetTextKeyword$_setText_closure1.doCall(SetTextKeyword.groovy:51)
	at com.kms.katalon.core.webui.keyword.builtin.SetTextKeyword$_setText_closure1.call(SetTextKeyword.groovy)
	at com.kms.katalon.core.webui.keyword.internal.WebUIKeywordMain.runKeyword(WebUIKeywordMain.groovy:20)
	at com.kms.katalon.core.webui.keyword.builtin.SetTextKeyword.setText(SetTextKeyword.groovy:66)
	at com.kms.katalon.core.webui.keyword.builtin.SetTextKeyword.execute(SetTextKeyword.groovy:37)
	at com.kms.katalon.core.keyword.internal.KeywordExecutor.executeKeywordForPlatform(KeywordExecutor.groovy:74)
	at com.kms.katalon.core.webui.keyword.WebUiBuiltInKeywords.setText(WebUiBuiltInKeywords.groovy:966)
	at com.kms.katalon.core.webui.keyword.WebUiBuiltInKeywords$setText$6.call(Unknown Source)
	at Script1704858636805.run(Script1704858636805.groovy:293)
	... 13 more
)
[[ATTACHMENT|C:\\Users\\Jerry\\Katalon Studio\\me-corp-add-data\\Reports\\20240110_154925\\MECORP\\MECORP\\20240110_154925\\1704876846358.png]]

2024-01-10 15:54:06 - [TEST_STEP][PASSED] - takeFullPageScreenshotAsCheckpoint(userDir + sprint4WebScreenshootPath + "scenario-1-berhasil-input-branch-dan-account-10digit-pada-submenu-financial.png"): Taking screenshot successfully

2024-01-10 15:54:07 - [MESSAGE][INFO] - 0 hidden object(s)

2024-01-10 15:54:08 - [MESSAGE][PASSED] - Taking screenshot successfully
[[ATTACHMENT|C:\Users\Jerry\Katalon Studio\me-corp-add-data\Screenshoot\Sprint4\Web\keyes\keyes-scenario-1-berhasil-input-branch-dan-account-10digit-pada-submenu-financial.png]]

2024-01-10 15:54:08 - [TEST_STEP][PASSED] - markPassed("scenario 1 - berhasil input branch dan account 10 digit pada submenu financial"): scenario 1 - berhasil input branch dan account 10 digit pada submenu financial

2024-01-10 15:54:08 - [MESSAGE][PASSED] - scenario 1 - berhasil input branch dan account 10 digit pada submenu financial

2024-01-10 15:54:08 - [TEST_STEP][PASSED] - click(findTestObject("Input_Corporate/Contact_Person/a_Contact Person"), OPTIONAL): Object: 'Object Repository/Input_Corporate/Contact_Person/a_Contact Person' is clicked on

2024-01-10 15:54:09 - [MESSAGE][PASSED] - Object: 'Object Repository/Input_Corporate/Contact_Person/a_Contact Person' is clicked on

2024-01-10 15:54:09 - [TEST_STEP][PASSED] - click(findTestObject("Input_Corporate/Contact_Person/input_Yes_inline-radios_No"), OPTIONAL): Object: 'Object Repository/Input_Corporate/Contact_Person/input_Yes_inline-radios_No' is clicked on

2024-01-10 15:54:10 - [MESSAGE][PASSED] - Object: 'Object Repository/Input_Corporate/Contact_Person/input_Yes_inline-radios_No' is clicked on

2024-01-10 15:54:10 - [TEST_STEP][PASSED] - takeFullPageScreenshotAsCheckpoint(userDir + sprint4WebScreenshootPath + "scenario-1-berhasil-input-contact-person.png"): Taking screenshot successfully

2024-01-10 15:54:10 - [MESSAGE][INFO] - 0 hidden object(s)

2024-01-10 15:54:11 - [MESSAGE][PASSED] - Taking screenshot successfully
[[ATTACHMENT|C:\Users\Jerry\Katalon Studio\me-corp-add-data\Screenshoot\Sprint4\Web\keyes\keyes-scenario-1-berhasil-input-contact-person.png]]

2024-01-10 15:54:11 - [TEST_STEP][PASSED] - markPassed("scenario 1 - berhasil input contact person"): scenario 1 - berhasil input contact person

2024-01-10 15:54:11 - [MESSAGE][PASSED] - scenario 1 - berhasil input contact person

2024-01-10 15:54:11 - [TEST_STEP][PASSED] - click(findTestObject("Input_Corporate/Other_Document/a_Other Document"), OPTIONAL): Object: 'Object Repository/Input_Corporate/Other_Document/a_Other Document' is clicked on

2024-01-10 15:54:11 - [MESSAGE][PASSED] - Object: 'Object Repository/Input_Corporate/Other_Document/a_Other Document' is clicked on

2024-01-10 15:54:11 - [TEST_STEP][PASSED] - takeFullPageScreenshotAsCheckpoint(userDir + sprint4WebScreenshootPath + "scenario-1-Masuk-menu-other-document.png"): Taking screenshot successfully

2024-01-10 15:54:12 - [MESSAGE][INFO] - 0 hidden object(s)

2024-01-10 15:54:12 - [MESSAGE][PASSED] - Taking screenshot successfully
[[ATTACHMENT|C:\Users\Jerry\Katalon Studio\me-corp-add-data\Screenshoot\Sprint4\Web\keyes\keyes-scenario-1-Masuk-menu-other-document.png]]

2024-01-10 15:54:12 - [TEST_STEP][PASSED] - markPassed("scenario 1 - Masuk menu other document"): scenario 1 - Masuk menu other document

2024-01-10 15:54:12 - [MESSAGE][PASSED] - scenario 1 - Masuk menu other document]]></system-out>
         <system-err><![CDATA[]]></system-err>
      </testcase>
      <system-out><![CDATA[2024-01-10 15:49:34 - [TEST_SUITE][PASSED] - MECORP: Test Cases/me corp/data-entry-aplikasi-pending]]></system-out>
      <system-err><![CDATA[]]></system-err>
   </testsuite>
</testsuites>
