<?xml version="1.0" encoding="UTF-8"?>
<testsuites name="S1-S4" time="2819.349" tests="23" failures="0" errors="0">
   <testsuite name="S1-S4" tests="23" failures="0" errors="0" time="2819.349" skipped="0" timestamp="2022-03-28 12:21:22" hostname="elanf - LAPTOP-U713VIND" id="Test Suites/TS_4Scenario/S1-S4">
      <properties>
         <property name="deviceName" value=""/>
         <property name="devicePlatform" value=""/>
         <property name="logFolder" value="C:\\Users\\elanf\\git\\BCAF_MEAPP_i3\\Reports\\20220328_122114\\TS_4Scenario\\S1-S4\\20220328_122114"/>
         <property name="logFiles" value="C:\\Users\\elanf\\git\\BCAF_MEAPP_i3\\Reports\\20220328_122114\\TS_4Scenario\\S1-S4\\20220328_122114\\execution0.log"/>
         <property name="attachments" value="C:\Users\elanf\git\BCAF_MEAPP_i3\Screenshoot\Sprint4\Web\keyes\keyes-scenario-1-aplikasi-baru-login.png, C:\Users\elanf\git\BCAF_MEAPP_i3\Screenshoot\Sprint4\Web\keyes\keyes-scenario-1-memilih-button-transaksi-dan-aplikasi-baru.png, C:\Users\elanf\git\BCAF_MEAPP_i3\Screenshoot\Sprint4\Web\keyes\keyes-scenario-1-input-badan-usaha.png, C:\Users\elanf\git\BCAF_MEAPP_i3\Screenshoot\Sprint4\Web\keyes\keyes-scenario-1-page-sebelum-input-capture.png, C:\Users\elanf\git\BCAF_MEAPP_i3\Screenshoot\Sprint4\Web\keyes\keyes-scenario-1-Capture-npwp-siup-tdp.png, C:\Users\elanf\git\BCAF_MEAPP_i3\Screenshoot\Sprint4\Web\keyes\keyes-scenario-1-Memilih-Radio-Button-Perubahan-Data.png, C:\Users\elanf\git\BCAF_MEAPP_i3\Screenshoot\Sprint4\Web\keyes\keyes-scenario-1-Masuk-aplikasi-matching.png, C:\Users\elanf\git\BCAF_MEAPP_i3\Screenshoot\Sprint4\Web\keyes\keyes-scenario-1-Berhasil-dilakukan-inisiasi-konsumen-baru.png, C:\Users\elanf\git\BCAF_MEAPP_i3\Screenshoot\Sprint4\Web\keyes\keyes-scenario-1-masuk-submenu-surat-keterangan-domisili.png, C:\Users\elanf\git\BCAF_MEAPP_i3\Screenshoot\Sprint4\Web\keyes\keyes-scenario-1-capture-surat-keterangan-domisili-berhasil.png, C:\Users\elanf\git\BCAF_MEAPP_i3\Screenshoot\Sprint4\Web\keyes\keyes-scenario-1-Masuk-submenu-FAP.png, C:\Users\elanf\git\BCAF_MEAPP_i3\Screenshoot\Sprint4\Web\keyes\keyes-scenario-1-Input-data-FAP.png, C:\Users\elanf\git\BCAF_MEAPP_i3\Screenshoot\Sprint4\Web\keyes\keyes-scenario-1-Input-data-alamat-pengirim-surat.png, C:\Users\elanf\git\BCAF_MEAPP_i3\Screenshoot\Sprint4\Web\keyes\keyes-scenario-1-Input-data-pengurus.png, C:\Users\elanf\git\BCAF_MEAPP_i3\Screenshoot\Sprint4\Web\keyes\keyes-scenario-1-Masuk-submenu-data-pengurus-1.png, C:\Users\elanf\git\BCAF_MEAPP_i3\Screenshoot\Sprint4\Web\keyes\keyes-scenario-1-Berhasil-input-otomatis-data-pengurus-berdasarkan-data-capture-ktp-pengurus-yang-di-capture.png, C:\Users\elanf\git\BCAF_MEAPP_i3\Screenshoot\Sprint4\Web\keyes\keyes-scenario-1-Berhasil-input-otomatis-data-pengurus-1.png, C:\Users\elanf\git\BCAF_MEAPP_i3\Screenshoot\Sprint4\Web\keyes\keyes-scenario-1-Masuk-Submenu-pemegang-saham-1.png, C:\Users\elanf\git\BCAF_MEAPP_i3\Screenshoot\Sprint4\Web\keyes\keyes-scenario-1-Memilih-radio-button-pemegang-saham.png, C:\Users\elanf\git\BCAF_MEAPP_i3\Screenshoot\Sprint4\Web\keyes\keyes-scenario-1-Masuk-Submenu-pemegang-saham-1.png, C:\Users\elanf\git\BCAF_MEAPP_i3\Screenshoot\Sprint4\Web\keyes\keyes-scenario-1-Berhasil-pemegang-saham-1.png, C:\Users\elanf\git\BCAF_MEAPP_i3\Screenshoot\Sprint4\Web\keyes\keyes-scenario-1-Masuk-Submenu-financial.png, C:\Users\elanf\git\BCAF_MEAPP_i3\Screenshoot\Sprint4\Web\keyes\keyes-scenario-1-berhasil-input-capture-laporan-keuangan.png, C:\Users\elanf\git\BCAF_MEAPP_i3\Screenshoot\Sprint4\Web\keyes\keyes-scenario-1-behasil-input-capture-laporan-bukti-kepemilikan.png, C:\Users\elanf\git\BCAF_MEAPP_i3\Screenshoot\Sprint4\Web\keyes\keyes-scenario-1-berhasil-input-branch-dan-account-10digit-pada-submenu-financial.png, C:\Users\elanf\git\BCAF_MEAPP_i3\Screenshoot\Sprint4\Web\keyes\keyes-scenario-1-berhasil-input-contact-person.png, C:\Users\elanf\git\BCAF_MEAPP_i3\Screenshoot\Sprint4\Web\keyes\keyes-scenario-1-Masuk-menu-other-document.png, C:\Users\elanf\git\BCAF_MEAPP_i3\Screenshoot\Sprint4\Web\keyes\keyes-scenario-1-masuk-menu-collateral-dan-loan.png, C:\Users\elanf\git\BCAF_MEAPP_i3\Screenshoot\Sprint4\Web\keyes\keyes-scenario-1-input-jenis-pengajuan.png, C:\Users\elanf\git\BCAF_MEAPP_i3\Screenshoot\Sprint4\Web\keyes\keyes-scenario-1-input-tujuan-pengajuan.png, C:\Users\elanf\git\BCAF_MEAPP_i3\Screenshoot\Sprint4\Web\keyes\keyes-scenario-1-input-payment.png, C:\Users\elanf\git\BCAF_MEAPP_i3\Screenshoot\Sprint4\Web\keyes\keyes-scenario-1-input-data-autodebit.png, C:\Users\elanf\git\BCAF_MEAPP_i3\Screenshoot\Sprint4\Web\keyes\keyes-scenario-1-masuk-submenu-input-mutasi-rekening.png, C:\Users\elanf\git\BCAF_MEAPP_i3\Screenshoot\Sprint4\Web\keyes\keyes-scenario-1-sebelum-input-data-mutasi-rekening.png, C:\Users\elanf\git\BCAF_MEAPP_i3\Screenshoot\Sprint4\Web\keyes\keyes-scenario-1-input-data-mutasi-rekening.png, C:\Users\elanf\git\BCAF_MEAPP_i3\Screenshoot\Sprint4\Web\keyes\keyes-scenario-1-berhasil-mengisi-data-information.png, C:\Users\elanf\git\BCAF_MEAPP_i3\Screenshoot\Sprint4\Web\keyes\keyes-scenario-1-masuk-halaman-collateral-loan-vehicle.png, C:\Users\elanf\git\BCAF_MEAPP_i3\Screenshoot\Sprint4\Web\keyes\keyes-scenario-1-masuk-halaman-collateral-loan-vehicle.png, C:\Users\elanf\git\BCAF_MEAPP_i3\Screenshoot\Sprint4\Web\keyes\keyes-scenario-1-halaman-input-data-vehicle.png, C:\Users\elanf\git\BCAF_MEAPP_i3\Screenshoot\Sprint4\Web\keyes\keyes-scenario-1-berhasil-input-data-vehicle.png, C:\Users\elanf\git\BCAF_MEAPP_i3\Screenshoot\Sprint4\Web\keyes\keyes-scenario-1-halaman-input-loan-data.png, C:\Users\elanf\git\BCAF_MEAPP_i3\Screenshoot\Sprint4\Web\keyes\keyes-scenario-1-berhasil-input-data-loan.png, C:\Users\elanf\git\BCAF_MEAPP_i3\Screenshoot\Sprint4\Web\keyes\keyes-scenario-1-halaman-input-insurance.png, C:\Users\elanf\git\BCAF_MEAPP_i3\Screenshoot\Sprint4\Web\keyes\keyes-scenario-1-halaman-input-life-insurance.png, C:\Users\elanf\git\BCAF_MEAPP_i3\Screenshoot\Sprint4\Web\keyes\keyes-scenario-1-berhasil-input-data-insurance.png, C:\Users\elanf\git\BCAF_MEAPP_i3\Screenshoot\Sprint4\Web\keyes\keyes-scenario-1-submenu-notes.png, C:\Users\elanf\git\BCAF_MEAPP_i3\Screenshoot\Sprint4\Web\keyes\keyes-scenario-1-submenu-notes.png, C:\Users\elanf\git\BCAF_MEAPP_i3\Screenshoot\Sprint4\Web\keyes\keyes-scenario-1-pop-up-add-kendaraan.png, C:\Users\elanf\git\BCAF_MEAPP_i3\Screenshoot\Sprint4\Web\keyes\keyes-scenario-1-berhasil-add-kendaraan.png, C:\Users\elanf\git\BCAF_MEAPP_i3\Screenshoot\Sprint4\Web\keyes\keyes-scenario-1-pop-up-summary-total.png, C:\Users\elanf\git\BCAF_MEAPP_i3\Screenshoot\Sprint4\Web\keyes\keyes-scenario-1-masuk-menu-penyimpangan.png, C:\Users\elanf\git\BCAF_MEAPP_i3\Screenshoot\Sprint4\Web\keyes\keyes-scenario-1-input-penyimpangan.png, C:\Users\elanf\git\BCAF_MEAPP_i3\Screenshoot\Sprint4\Web\keyes\keyes-scenario-1-input-penyimpangan-selesai.png, C:\Users\elanf\git\BCAF_MEAPP_i3\Screenshoot\Sprint4\Web\keyes\keyes-scenario-1-berhasil-proceed.png, C:\Users\elanf\git\BCAF_MEAPP_i3\Screenshoot\Sprint4\Web\keyes\keyes-scenario-1-aplikasi-baru-login.png, C:\Users\elanf\git\BCAF_MEAPP_i3\Screenshoot\Sprint4\Web\keyes\keyes-scenario-1-memilih-button-transaksi-dan-aplikasi-baru.png, C:\Users\elanf\git\BCAF_MEAPP_i3\Screenshoot\Sprint4\Web\keyes\keyes-scenario-1-input-badan-usaha.png, C:\Users\elanf\git\BCAF_MEAPP_i3\Screenshoot\Sprint4\Web\keyes\keyes-scenario-1-page-sebelum-input-capture.png, C:\Users\elanf\git\BCAF_MEAPP_i3\Screenshoot\Sprint4\Web\keyes\keyes-scenario-1-Capture-npwp-siup-tdp.png, C:\Users\elanf\git\BCAF_MEAPP_i3\Screenshoot\Sprint4\Web\keyes\keyes-scenario-1-Memilih-Radio-Button-Perubahan-Data.png, C:\Users\elanf\git\BCAF_MEAPP_i3\Screenshoot\Sprint4\Web\keyes\keyes-scenario-1-Masuk-aplikasi-matching.png, C:\Users\elanf\git\BCAF_MEAPP_i3\Screenshoot\Sprint4\Web\keyes\keyes-scenario-1-Berhasil-dilakukan-inisiasi-konsumen-baru.png, C:\Users\elanf\git\BCAF_MEAPP_i3\Screenshoot\Sprint4\Web\keyes\keyes-scenario-1-masuk-submenu-surat-keterangan-domisili.png, C:\Users\elanf\git\BCAF_MEAPP_i3\Screenshoot\Sprint4\Web\keyes\keyes-scenario-1-capture-surat-keterangan-domisili-berhasil.png, C:\Users\elanf\git\BCAF_MEAPP_i3\Screenshoot\Sprint4\Web\keyes\keyes-scenario-1-Masuk-submenu-FAP.png, C:\Users\elanf\git\BCAF_MEAPP_i3\Screenshoot\Sprint4\Web\keyes\keyes-scenario-1-Input-data-FAP.png, C:\Users\elanf\git\BCAF_MEAPP_i3\Screenshoot\Sprint4\Web\keyes\keyes-scenario-1-Input-data-alamat-pengirim-surat.png, C:\Users\elanf\git\BCAF_MEAPP_i3\Screenshoot\Sprint4\Web\keyes\keyes-scenario-1-Input-data-pengurus.png, C:\Users\elanf\git\BCAF_MEAPP_i3\Screenshoot\Sprint4\Web\keyes\keyes-scenario-1-Masuk-submenu-data-pengurus-1.png, C:\Users\elanf\git\BCAF_MEAPP_i3\Screenshoot\Sprint4\Web\keyes\keyes-scenario-1-Berhasil-input-otomatis-data-pengurus-berdasarkan-data-capture-ktp-pengurus-yang-di-capture.png, C:\Users\elanf\git\BCAF_MEAPP_i3\Screenshoot\Sprint4\Web\keyes\keyes-scenario-1-Berhasil-input-otomatis-data-pengurus-1.png, C:\Users\elanf\git\BCAF_MEAPP_i3\Screenshoot\Sprint4\Web\keyes\keyes-scenario-1-Masuk-Submenu-pemegang-saham-1.png, C:\Users\elanf\git\BCAF_MEAPP_i3\Screenshoot\Sprint4\Web\keyes\keyes-scenario-1-Memilih-radio-button-pemegang-saham.png, C:\Users\elanf\git\BCAF_MEAPP_i3\Screenshoot\Sprint4\Web\keyes\keyes-scenario-1-Masuk-Submenu-pemegang-saham-1.png, C:\Users\elanf\git\BCAF_MEAPP_i3\Screenshoot\Sprint4\Web\keyes\keyes-scenario-1-Berhasil-pemegang-saham-1.png, C:\Users\elanf\git\BCAF_MEAPP_i3\Screenshoot\Sprint4\Web\keyes\keyes-scenario-1-Masuk-Submenu-financial.png, C:\Users\elanf\git\BCAF_MEAPP_i3\Screenshoot\Sprint4\Web\keyes\keyes-scenario-1-berhasil-input-capture-laporan-keuangan.png, C:\Users\elanf\git\BCAF_MEAPP_i3\Screenshoot\Sprint4\Web\keyes\keyes-scenario-1-behasil-input-capture-laporan-bukti-kepemilikan.png, C:\Users\elanf\git\BCAF_MEAPP_i3\Screenshoot\Sprint4\Web\keyes\keyes-scenario-1-berhasil-input-branch-dan-account-10digit-pada-submenu-financial.png, C:\Users\elanf\git\BCAF_MEAPP_i3\Screenshoot\Sprint4\Web\keyes\keyes-scenario-1-berhasil-input-contact-person.png, C:\Users\elanf\git\BCAF_MEAPP_i3\Screenshoot\Sprint4\Web\keyes\keyes-scenario-1-Masuk-menu-other-document.png, C:\Users\elanf\git\BCAF_MEAPP_i3\Screenshoot\Sprint4\Web\keyes\keyes-scenario-1-masuk-menu-collateral-dan-loan.png, C:\Users\elanf\git\BCAF_MEAPP_i3\Screenshoot\Sprint4\Web\keyes\keyes-scenario-1-input-jenis-pengajuan.png, C:\Users\elanf\git\BCAF_MEAPP_i3\Screenshoot\Sprint4\Web\keyes\keyes-scenario-1-input-tujuan-pengajuan.png, C:\Users\elanf\git\BCAF_MEAPP_i3\Screenshoot\Sprint4\Web\keyes\keyes-scenario-1-input-payment.png, C:\Users\elanf\git\BCAF_MEAPP_i3\Screenshoot\Sprint4\Web\keyes\keyes-scenario-1-input-data-autodebit.png, C:\Users\elanf\git\BCAF_MEAPP_i3\Screenshoot\Sprint4\Web\keyes\keyes-scenario-1-masuk-submenu-input-mutasi-rekening.png, C:\Users\elanf\git\BCAF_MEAPP_i3\Screenshoot\Sprint4\Web\keyes\keyes-scenario-1-sebelum-input-data-mutasi-rekening.png, C:\Users\elanf\git\BCAF_MEAPP_i3\Screenshoot\Sprint4\Web\keyes\keyes-scenario-1-input-data-mutasi-rekening.png, C:\Users\elanf\git\BCAF_MEAPP_i3\Screenshoot\Sprint4\Web\keyes\keyes-scenario-1-berhasil-mengisi-data-information.png, C:\Users\elanf\git\BCAF_MEAPP_i3\Screenshoot\Sprint4\Web\keyes\keyes-scenario-1-masuk-halaman-collateral-loan-vehicle.png, C:\Users\elanf\git\BCAF_MEAPP_i3\Screenshoot\Sprint4\Web\keyes\keyes-scenario-1-masuk-halaman-collateral-loan-vehicle.png, C:\Users\elanf\git\BCAF_MEAPP_i3\Screenshoot\Sprint4\Web\keyes\keyes-scenario-1-halaman-input-data-vehicle.png, C:\Users\elanf\git\BCAF_MEAPP_i3\Screenshoot\Sprint4\Web\keyes\keyes-scenario-1-berhasil-input-data-vehicle.png, C:\Users\elanf\git\BCAF_MEAPP_i3\Screenshoot\Sprint4\Web\keyes\keyes-scenario-1-halaman-input-loan-data.png, C:\Users\elanf\git\BCAF_MEAPP_i3\Screenshoot\Sprint4\Web\keyes\keyes-scenario-1-berhasil-input-data-loan.png, C:\Users\elanf\git\BCAF_MEAPP_i3\Screenshoot\Sprint4\Web\keyes\keyes-scenario-1-halaman-input-insurance.png, C:\Users\elanf\git\BCAF_MEAPP_i3\Screenshoot\Sprint4\Web\keyes\keyes-scenario-1-halaman-input-life-insurance.png, C:\Users\elanf\git\BCAF_MEAPP_i3\Screenshoot\Sprint4\Web\keyes\keyes-scenario-1-berhasil-input-data-insurance.png, C:\Users\elanf\git\BCAF_MEAPP_i3\Screenshoot\Sprint4\Web\keyes\keyes-scenario-1-submenu-notes.png, C:\Users\elanf\git\BCAF_MEAPP_i3\Screenshoot\Sprint4\Web\keyes\keyes-scenario-1-submenu-notes.png, C:\Users\elanf\git\BCAF_MEAPP_i3\Screenshoot\Sprint4\Web\keyes\keyes-scenario-1-pop-up-add-kendaraan.png, C:\Users\elanf\git\BCAF_MEAPP_i3\Screenshoot\Sprint4\Web\keyes\keyes-scenario-1-berhasil-add-kendaraan.png, C:\Users\elanf\git\BCAF_MEAPP_i3\Screenshoot\Sprint4\Web\keyes\keyes-scenario-1-pop-up-summary-total.png, C:\Users\elanf\git\BCAF_MEAPP_i3\Screenshoot\Sprint4\Web\keyes\keyes-scenario-2-masuk-menu-penyimpangan.png, C:\Users\elanf\git\BCAF_MEAPP_i3\Screenshoot\Sprint4\Web\keyes\keyes-scenario-2-input-penyimpangan.png, C:\Users\elanf\git\BCAF_MEAPP_i3\Screenshoot\Sprint4\Web\keyes\keyes-scenario-2-input-penyimpangan-selesai.png, C:\Users\elanf\git\BCAF_MEAPP_i3\Screenshoot\Sprint4\Web\keyes\keyes-scenario-2-berhasil-proceed.png, C:\Users\elanf\git\BCAF_MEAPP_i3\Screenshoot\Sprint4\Web\keyes\keyes-scenario-2-menu-inquiry-status.png, C:\Users\elanf\git\BCAF_MEAPP_i3\Screenshoot\Sprint4\Web\keyes\keyes-scenario-3-input-search-inquiry-status-data-pengajuan-1.png, C:\Users\elanf\git\BCAF_MEAPP_i3\Screenshoot\Sprint4\Web\keyes\keyes-scenario-3-input-search-inquiry-status-data-pengajuan-2.png, C:\Users\elanf\git\BCAF_MEAPP_i3\Screenshoot\Sprint4\Web\keyes\keyes-scenario-1-aplikasi-baru-login.png, C:\Users\elanf\git\BCAF_MEAPP_i3\Screenshoot\Sprint4\Web\keyes\keyes-scenario-1-memilih-button-transaksi-dan-aplikasi-baru.png, C:\Users\elanf\git\BCAF_MEAPP_i3\Screenshoot\Sprint4\Web\keyes\keyes-scenario-1-input-badan-usaha.png, C:\Users\elanf\git\BCAF_MEAPP_i3\Screenshoot\Sprint4\Web\keyes\keyes-scenario-1-page-sebelum-input-capture.png, C:\Users\elanf\git\BCAF_MEAPP_i3\Screenshoot\Sprint4\Web\keyes\keyes-scenario-1-Capture-npwp-siup-tdp.png, C:\Users\elanf\git\BCAF_MEAPP_i3\Screenshoot\Sprint4\Web\keyes\keyes-scenario-1-Memilih-Radio-Button-Perubahan-Data.png, C:\Users\elanf\git\BCAF_MEAPP_i3\Screenshoot\Sprint4\Web\keyes\keyes-scenario-1-Masuk-aplikasi-matching.png, C:\Users\elanf\git\BCAF_MEAPP_i3\Screenshoot\Sprint4\Web\keyes\keyes-scenario-1-Berhasil-dilakukan-inisiasi-konsumen-baru.png, C:\Users\elanf\git\BCAF_MEAPP_i3\Screenshoot\Sprint4\Web\keyes\keyes-scenario-1-masuk-submenu-surat-keterangan-domisili.png, C:\Users\elanf\git\BCAF_MEAPP_i3\Screenshoot\Sprint4\Web\keyes\keyes-scenario-1-capture-surat-keterangan-domisili-berhasil.png, C:\Users\elanf\git\BCAF_MEAPP_i3\Screenshoot\Sprint4\Web\keyes\keyes-scenario-1-Masuk-submenu-FAP.png, C:\Users\elanf\git\BCAF_MEAPP_i3\Screenshoot\Sprint4\Web\keyes\keyes-scenario-1-Input-data-FAP.png, C:\Users\elanf\git\BCAF_MEAPP_i3\Screenshoot\Sprint4\Web\keyes\keyes-scenario-1-Input-data-alamat-pengirim-surat.png, C:\Users\elanf\git\BCAF_MEAPP_i3\Screenshoot\Sprint4\Web\keyes\keyes-scenario-1-Input-data-pengurus.png, C:\Users\elanf\git\BCAF_MEAPP_i3\Screenshoot\Sprint4\Web\keyes\keyes-scenario-1-Masuk-submenu-data-pengurus-1.png, C:\Users\elanf\git\BCAF_MEAPP_i3\Screenshoot\Sprint4\Web\keyes\keyes-scenario-1-Berhasil-input-otomatis-data-pengurus-berdasarkan-data-capture-ktp-pengurus-yang-di-capture.png, C:\Users\elanf\git\BCAF_MEAPP_i3\Screenshoot\Sprint4\Web\keyes\keyes-scenario-1-Berhasil-input-otomatis-data-pengurus-1.png, C:\Users\elanf\git\BCAF_MEAPP_i3\Screenshoot\Sprint4\Web\keyes\keyes-scenario-1-Masuk-Submenu-pemegang-saham-1.png, C:\Users\elanf\git\BCAF_MEAPP_i3\Screenshoot\Sprint4\Web\keyes\keyes-scenario-1-Memilih-radio-button-pemegang-saham.png, C:\Users\elanf\git\BCAF_MEAPP_i3\Screenshoot\Sprint4\Web\keyes\keyes-scenario-1-Masuk-Submenu-pemegang-saham-1.png, C:\Users\elanf\git\BCAF_MEAPP_i3\Screenshoot\Sprint4\Web\keyes\keyes-scenario-1-Berhasil-pemegang-saham-1.png, C:\Users\elanf\git\BCAF_MEAPP_i3\Screenshoot\Sprint4\Web\keyes\keyes-scenario-1-Masuk-Submenu-financial.png, C:\Users\elanf\git\BCAF_MEAPP_i3\Screenshoot\Sprint4\Web\keyes\keyes-scenario-1-berhasil-input-capture-laporan-keuangan.png, C:\Users\elanf\git\BCAF_MEAPP_i3\Screenshoot\Sprint4\Web\keyes\keyes-scenario-1-behasil-input-capture-laporan-bukti-kepemilikan.png, C:\Users\elanf\git\BCAF_MEAPP_i3\Screenshoot\Sprint4\Web\keyes\keyes-scenario-1-berhasil-input-branch-dan-account-10digit-pada-submenu-financial.png, C:\Users\elanf\git\BCAF_MEAPP_i3\Screenshoot\Sprint4\Web\keyes\keyes-scenario-1-berhasil-input-contact-person.png, C:\Users\elanf\git\BCAF_MEAPP_i3\Screenshoot\Sprint4\Web\keyes\keyes-scenario-1-Masuk-menu-other-document.png, C:\Users\elanf\git\BCAF_MEAPP_i3\Screenshoot\Sprint4\Web\keyes\keyes-scenario-1-masuk-menu-collateral-dan-loan.png, C:\Users\elanf\git\BCAF_MEAPP_i3\Screenshoot\Sprint4\Web\keyes\keyes-scenario-1-input-jenis-pengajuan.png, C:\Users\elanf\git\BCAF_MEAPP_i3\Screenshoot\Sprint4\Web\keyes\keyes-scenario-1-input-tujuan-pengajuan.png, C:\Users\elanf\git\BCAF_MEAPP_i3\Screenshoot\Sprint4\Web\keyes\keyes-scenario-1-input-payment.png, C:\Users\elanf\git\BCAF_MEAPP_i3\Screenshoot\Sprint4\Web\keyes\keyes-scenario-1-input-data-autodebit.png, C:\Users\elanf\git\BCAF_MEAPP_i3\Screenshoot\Sprint4\Web\keyes\keyes-scenario-1-masuk-submenu-input-mutasi-rekening.png, C:\Users\elanf\git\BCAF_MEAPP_i3\Screenshoot\Sprint4\Web\keyes\keyes-scenario-1-sebelum-input-data-mutasi-rekening.png, C:\Users\elanf\git\BCAF_MEAPP_i3\Screenshoot\Sprint4\Web\keyes\keyes-scenario-1-input-data-mutasi-rekening.png, C:\Users\elanf\git\BCAF_MEAPP_i3\Screenshoot\Sprint4\Web\keyes\keyes-scenario-1-berhasil-mengisi-data-information.png, C:\Users\elanf\git\BCAF_MEAPP_i3\Screenshoot\Sprint4\Web\keyes\keyes-scenario-1-masuk-halaman-collateral-loan-vehicle.png, C:\Users\elanf\git\BCAF_MEAPP_i3\Screenshoot\Sprint4\Web\keyes\keyes-scenario-1-masuk-halaman-collateral-loan-vehicle.png, C:\Users\elanf\git\BCAF_MEAPP_i3\Screenshoot\Sprint4\Web\keyes\keyes-scenario-1-halaman-input-data-vehicle.png, C:\Users\elanf\git\BCAF_MEAPP_i3\Screenshoot\Sprint4\Web\keyes\keyes-scenario-1-berhasil-input-data-vehicle.png, C:\Users\elanf\git\BCAF_MEAPP_i3\Screenshoot\Sprint4\Web\keyes\keyes-scenario-1-halaman-input-loan-data.png, C:\Users\elanf\git\BCAF_MEAPP_i3\Screenshoot\Sprint4\Web\keyes\keyes-scenario-1-berhasil-input-data-loan.png, C:\Users\elanf\git\BCAF_MEAPP_i3\Screenshoot\Sprint4\Web\keyes\keyes-scenario-1-halaman-input-insurance.png, C:\Users\elanf\git\BCAF_MEAPP_i3\Screenshoot\Sprint4\Web\keyes\keyes-scenario-1-halaman-input-life-insurance.png, C:\Users\elanf\git\BCAF_MEAPP_i3\Screenshoot\Sprint4\Web\keyes\keyes-scenario-1-berhasil-input-data-insurance.png, C:\Users\elanf\git\BCAF_MEAPP_i3\Screenshoot\Sprint4\Web\keyes\keyes-scenario-1-submenu-notes.png, C:\Users\elanf\git\BCAF_MEAPP_i3\Screenshoot\Sprint4\Web\keyes\keyes-scenario-1-submenu-notes.png, C:\Users\elanf\git\BCAF_MEAPP_i3\Screenshoot\Sprint4\Web\keyes\keyes-scenario-1-pop-up-add-kendaraan.png, C:\Users\elanf\git\BCAF_MEAPP_i3\Screenshoot\Sprint4\Web\keyes\keyes-scenario-1-berhasil-add-kendaraan.png, C:\Users\elanf\git\BCAF_MEAPP_i3\Screenshoot\Sprint4\Web\keyes\keyes-scenario-1-pop-up-summary-total.png, C:\Users\elanf\git\BCAF_MEAPP_i3\Screenshoot\Sprint4\Web\keyes\keyes-scenario-3-masuk-menu-penyimpangan.png, C:\Users\elanf\git\BCAF_MEAPP_i3\Screenshoot\Sprint4\Web\keyes\keyes-scenario-3-input-penyimpangan.png, C:\Users\elanf\git\BCAF_MEAPP_i3\Screenshoot\Sprint4\Web\keyes\keyes-scenario-3-input-penyimpangan-selesai.png, C:\Users\elanf\git\BCAF_MEAPP_i3\Screenshoot\Sprint4\Web\keyes\keyes-scenario-3-berhasil-proceed.png, C:\Users\elanf\git\BCAF_MEAPP_i3\Screenshoot\Sprint4\Web\keyes\keyes-scenario-1-menu-inquiry-status.png, C:\Users\elanf\git\BCAF_MEAPP_i3\Screenshoot\Sprint4\Web\keyes\keyes-scenario-3-input-search-inquiry-status-data-pengajuan-1.png, C:\Users\elanf\git\BCAF_MEAPP_i3\Screenshoot\Sprint4\Web\keyes\keyes-scenario-3-input-search-inquiry-status-data-pengajuan-2.png, C:\Users\elanf\git\BCAF_MEAPP_i3\Screenshoot\Sprint4\Web\keyes\keyes-scenario-3-input-search-inquiry-status-data-pengajuan-3.png, C:\Users\elanf\git\BCAF_MEAPP_i3\Screenshoot\Sprint4\Web\keyes\keyes-scenario-3-input-search-inquiry-status-data-pengajuan-1.png, C:\Users\elanf\git\BCAF_MEAPP_i3\Screenshoot\Sprint4\Web\keyes\keyes-scenario-3-menu-resume-internal-pengajuan-1.png, C:\Users\elanf\git\BCAF_MEAPP_i3\Screenshoot\Sprint4\Web\keyes\keyes-scenario-3-menu-anggaran-dasar-dan-perubahan-pengajuan-1.png, C:\Users\elanf\git\BCAF_MEAPP_i3\Screenshoot\Sprint4\Web\keyes\keyes-scenario-3-menu-pengurus-pengajuan-1.png, C:\Users\elanf\git\BCAF_MEAPP_i3\Screenshoot\Sprint4\Web\keyes\keyes-scenario-3-menu-data-pendukung-pengajuan-1.png, C:\Users\elanf\git\BCAF_MEAPP_i3\Screenshoot\Sprint4\Web\keyes\keyes-scenario-3-input-search-inquiry-status-data-pengajuan-2.png, C:\Users\elanf\git\BCAF_MEAPP_i3\Screenshoot\Sprint4\Web\keyes\keyes-scenario-3-menu-resume-internal-pengajuan-2.png, C:\Users\elanf\git\BCAF_MEAPP_i3\Screenshoot\Sprint4\Web\keyes\keyes-scenario-3-menu-anggaran-dasar-dan-perubahan-pengajuan-2.png, C:\Users\elanf\git\BCAF_MEAPP_i3\Screenshoot\Sprint4\Web\keyes\keyes-scenario-3-menu-pengurus-pengajuan-2.png, C:\Users\elanf\git\BCAF_MEAPP_i3\Screenshoot\Sprint4\Web\keyes\keyes-scenario-3-menu-data-pendukung-pengajuan-2.png, C:\Users\elanf\git\BCAF_MEAPP_i3\Screenshoot\Sprint4\Web\keyes\keyes-scenario-3-input-search-inquiry-status-data-pengajuan-3.png, C:\Users\elanf\git\BCAF_MEAPP_i3\Screenshoot\Sprint4\Web\keyes\keyes-scenario-3-menu-resume-internal-pengajuan-3.png, C:\Users\elanf\git\BCAF_MEAPP_i3\Screenshoot\Sprint4\Web\keyes\keyes-scenario-3-menu-anggaran-dasar-dan-perubahan-pengajuan-3.png, C:\Users\elanf\git\BCAF_MEAPP_i3\Screenshoot\Sprint4\Web\keyes\keyes-scenario-3-menu-pengurus-pengajuan-3.png, C:\Users\elanf\git\BCAF_MEAPP_i3\Screenshoot\Sprint4\Web\keyes\keyes-scenario-3-menu-data-pendukung-pengajuan-3.png, C:\Users\elanf\git\BCAF_MEAPP_i3\Screenshoot\Sprint4\Web\keyes\keyes-scenario-1-aplikasi-baru-login.png, C:\Users\elanf\git\BCAF_MEAPP_i3\Screenshoot\Sprint4\Web\keyes\keyes-scenario-1-memilih-button-transaksi-dan-aplikasi-baru.png, C:\Users\elanf\git\BCAF_MEAPP_i3\Screenshoot\Sprint4\Web\keyes\keyes-scenario-1-input-badan-usaha.png, C:\Users\elanf\git\BCAF_MEAPP_i3\Screenshoot\Sprint4\Web\keyes\keyes-scenario-1-page-sebelum-input-capture.png, C:\Users\elanf\git\BCAF_MEAPP_i3\Screenshoot\Sprint4\Web\keyes\keyes-scenario-1-Capture-npwp-siup-tdp.png, C:\Users\elanf\git\BCAF_MEAPP_i3\Screenshoot\Sprint4\Web\keyes\keyes-scenario-1-Memilih-Radio-Button-Perubahan-Data.png, C:\Users\elanf\git\BCAF_MEAPP_i3\Screenshoot\Sprint4\Web\keyes\keyes-scenario-1-Masuk-aplikasi-matching.png, C:\Users\elanf\git\BCAF_MEAPP_i3\Screenshoot\Sprint4\Web\keyes\keyes-scenario-1-Berhasil-dilakukan-inisiasi-konsumen-baru.png, C:\Users\elanf\git\BCAF_MEAPP_i3\Screenshoot\Sprint4\Web\keyes\keyes-scenario-1-masuk-submenu-surat-keterangan-domisili.png, C:\Users\elanf\git\BCAF_MEAPP_i3\Screenshoot\Sprint4\Web\keyes\keyes-scenario-1-capture-surat-keterangan-domisili-berhasil.png, C:\Users\elanf\git\BCAF_MEAPP_i3\Screenshoot\Sprint4\Web\keyes\keyes-scenario-1-Masuk-submenu-FAP.png, C:\Users\elanf\git\BCAF_MEAPP_i3\Screenshoot\Sprint4\Web\keyes\keyes-scenario-1-Input-data-FAP.png, C:\Users\elanf\git\BCAF_MEAPP_i3\Screenshoot\Sprint4\Web\keyes\keyes-scenario-1-Input-data-alamat-pengirim-surat.png, C:\Users\elanf\git\BCAF_MEAPP_i3\Screenshoot\Sprint4\Web\keyes\keyes-scenario-1-Input-data-pengurus.png, C:\Users\elanf\git\BCAF_MEAPP_i3\Screenshoot\Sprint4\Web\keyes\keyes-scenario-1-Masuk-submenu-data-pengurus-1.png, C:\Users\elanf\git\BCAF_MEAPP_i3\Screenshoot\Sprint4\Web\keyes\keyes-scenario-1-Berhasil-input-otomatis-data-pengurus-berdasarkan-data-capture-ktp-pengurus-yang-di-capture.png, C:\Users\elanf\git\BCAF_MEAPP_i3\Screenshoot\Sprint4\Web\keyes\keyes-scenario-1-Berhasil-input-otomatis-data-pengurus-1.png, C:\Users\elanf\git\BCAF_MEAPP_i3\Screenshoot\Sprint4\Web\keyes\keyes-scenario-1-Masuk-Submenu-pemegang-saham-1.png, C:\Users\elanf\git\BCAF_MEAPP_i3\Screenshoot\Sprint4\Web\keyes\keyes-scenario-1-Memilih-radio-button-pemegang-saham.png, C:\Users\elanf\git\BCAF_MEAPP_i3\Screenshoot\Sprint4\Web\keyes\keyes-scenario-1-Masuk-Submenu-pemegang-saham-1.png, C:\Users\elanf\git\BCAF_MEAPP_i3\Screenshoot\Sprint4\Web\keyes\keyes-scenario-1-Berhasil-pemegang-saham-1.png, C:\Users\elanf\git\BCAF_MEAPP_i3\Screenshoot\Sprint4\Web\keyes\keyes-scenario-1-Masuk-Submenu-financial.png, C:\Users\elanf\git\BCAF_MEAPP_i3\Screenshoot\Sprint4\Web\keyes\keyes-scenario-1-berhasil-input-capture-laporan-keuangan.png, C:\Users\elanf\git\BCAF_MEAPP_i3\Screenshoot\Sprint4\Web\keyes\keyes-scenario-1-behasil-input-capture-laporan-bukti-kepemilikan.png, C:\Users\elanf\git\BCAF_MEAPP_i3\Screenshoot\Sprint4\Web\keyes\keyes-scenario-1-berhasil-input-branch-dan-account-10digit-pada-submenu-financial.png, C:\Users\elanf\git\BCAF_MEAPP_i3\Screenshoot\Sprint4\Web\keyes\keyes-scenario-1-berhasil-input-contact-person.png, C:\Users\elanf\git\BCAF_MEAPP_i3\Screenshoot\Sprint4\Web\keyes\keyes-scenario-1-Masuk-menu-other-document.png, C:\Users\elanf\git\BCAF_MEAPP_i3\Screenshoot\Sprint4\Web\keyes\keyes-scenario-1-masuk-menu-collateral-dan-loan.png, C:\Users\elanf\git\BCAF_MEAPP_i3\Screenshoot\Sprint4\Web\keyes\keyes-scenario-1-input-jenis-pengajuan.png, C:\Users\elanf\git\BCAF_MEAPP_i3\Screenshoot\Sprint4\Web\keyes\keyes-scenario-1-input-tujuan-pengajuan.png, C:\Users\elanf\git\BCAF_MEAPP_i3\Screenshoot\Sprint4\Web\keyes\keyes-scenario-1-input-payment.png, C:\Users\elanf\git\BCAF_MEAPP_i3\Screenshoot\Sprint4\Web\keyes\keyes-scenario-1-input-data-autodebit.png, C:\Users\elanf\git\BCAF_MEAPP_i3\Screenshoot\Sprint4\Web\keyes\keyes-scenario-1-masuk-submenu-input-mutasi-rekening.png, C:\Users\elanf\git\BCAF_MEAPP_i3\Screenshoot\Sprint4\Web\keyes\keyes-scenario-1-sebelum-input-data-mutasi-rekening.png, C:\Users\elanf\git\BCAF_MEAPP_i3\Screenshoot\Sprint4\Web\keyes\keyes-scenario-1-input-data-mutasi-rekening.png, C:\Users\elanf\git\BCAF_MEAPP_i3\Screenshoot\Sprint4\Web\keyes\keyes-scenario-1-berhasil-mengisi-data-information.png, C:\Users\elanf\git\BCAF_MEAPP_i3\Screenshoot\Sprint4\Web\keyes\keyes-scenario-1-masuk-halaman-collateral-loan-vehicle.png, C:\Users\elanf\git\BCAF_MEAPP_i3\Screenshoot\Sprint4\Web\keyes\keyes-scenario-1-masuk-halaman-collateral-loan-vehicle.png, C:\Users\elanf\git\BCAF_MEAPP_i3\Screenshoot\Sprint4\Web\keyes\keyes-scenario-1-halaman-input-data-vehicle.png, C:\Users\elanf\git\BCAF_MEAPP_i3\Screenshoot\Sprint4\Web\keyes\keyes-scenario-1-berhasil-input-data-vehicle.png, C:\Users\elanf\git\BCAF_MEAPP_i3\Screenshoot\Sprint4\Web\keyes\keyes-scenario-1-halaman-input-loan-data.png, C:\Users\elanf\git\BCAF_MEAPP_i3\Screenshoot\Sprint4\Web\keyes\keyes-scenario-1-berhasil-input-data-loan.png, C:\Users\elanf\git\BCAF_MEAPP_i3\Screenshoot\Sprint4\Web\keyes\keyes-scenario-1-halaman-input-insurance.png, C:\Users\elanf\git\BCAF_MEAPP_i3\Screenshoot\Sprint4\Web\keyes\keyes-scenario-1-halaman-input-life-insurance.png, C:\Users\elanf\git\BCAF_MEAPP_i3\Screenshoot\Sprint4\Web\keyes\keyes-scenario-1-berhasil-input-data-insurance.png, C:\Users\elanf\git\BCAF_MEAPP_i3\Screenshoot\Sprint4\Web\keyes\keyes-scenario-1-submenu-notes.png, C:\Users\elanf\git\BCAF_MEAPP_i3\Screenshoot\Sprint4\Web\keyes\keyes-scenario-1-submenu-notes.png, C:\Users\elanf\git\BCAF_MEAPP_i3\Screenshoot\Sprint4\Web\keyes\keyes-scenario-1-pop-up-add-kendaraan.png, C:\Users\elanf\git\BCAF_MEAPP_i3\Screenshoot\Sprint4\Web\keyes\keyes-scenario-1-berhasil-add-kendaraan.png, C:\Users\elanf\git\BCAF_MEAPP_i3\Screenshoot\Sprint4\Web\keyes\keyes-scenario-1-pop-up-summary-total.png, C:\Users\elanf\git\BCAF_MEAPP_i3\Screenshoot\Sprint4\Web\keyes\keyes-scenario-1-masuk-menu-penyimpangan.png, C:\Users\elanf\git\BCAF_MEAPP_i3\Screenshoot\Sprint4\Web\keyes\keyes-scenario-1-input-penyimpangan.png, C:\Users\elanf\git\BCAF_MEAPP_i3\Screenshoot\Sprint4\Web\keyes\keyes-scenario-1-input-penyimpangan-selesai.png, C:\Users\elanf\git\BCAF_MEAPP_i3\Screenshoot\Sprint4\Web\keyes\keyes-scenario-1-berhasil-proceed.png, C:\Users\elanf\git\BCAF_MEAPP_i3\Screenshoot\Sprint4\Web\keyes\keyes-scenario-3-menu-inquiry-status.png, C:\Users\elanf\git\BCAF_MEAPP_i3\Screenshoot\Sprint4\Web\keyes\keyes-scenario-3-input-search-inquiry-status-data-pengajuan-4.png"/>
         <property name="hostName" value="elanf - LAPTOP-U713VIND"/>
         <property name="os" value="Windows 10 64bit"/>
         <property name="katalonVersion" value="8.2.5.208"/>
         <property name="browser" value="Chrome 99.0.4844.82"/>
         <property name="hostAddress" value="192.168.1.36"/>
         <property name="sessionId" value="447398d76de0b2735634c3b22f2dd49c"/>
         <property name="seleniumVersion" value="3.141.59"/>
         <property name="proxyInformation" value="ProxyInformation { proxyOption=NO_PROXY, proxyServerType=HTTP, username=, password=********, proxyServerAddress=, proxyServerPort=0, executionList=&quot;&quot;, isApplyToDesiredCapabilities=true }"/>
         <property name="platform" value="Windows 10"/>
      </properties>
      <testcase name="Test Cases/Sprint 4/Skenario 1/01-01-Transaction-AppBaru-InisiasiKonsumenBaru" time="87.815" classname="Test Cases/Sprint 4/Skenario 1/01-01-Transaction-AppBaru-InisiasiKonsumenBaru" status="PASSED">
         <system-out><![CDATA[2022-03-28 12:21:23 - [TEST_CASE][PASSED] - Test Cases/Sprint 4/Skenario 1/01-01-Transaction-AppBaru-InisiasiKonsumenBaru: Test Cases/Sprint 4/Skenario 1/01-01-Transaction-AppBaru-InisiasiKonsumenBaru

2022-03-28 12:21:23 - [TEST_STEP][PASSED] - robot = new java.awt.Robot(): null

2022-03-28 12:21:23 - [TEST_STEP][PASSED] - userDir = getProjectDir(): null

2022-03-28 12:21:23 - [TEST_STEP][PASSED] - openBrowser(""): Browser is opened with url: ''

2022-03-28 12:21:24 - [MESSAGE][INFO] - Starting 'Chrome' driver

2022-03-28 12:21:24 - [MESSAGE][INFO] - Action delay is set to 0 milliseconds

2022-03-28 12:21:26 - [MESSAGE][PASSED] - Browser is opened with url: ''

2022-03-28 12:21:26 - [TEST_STEP][PASSED] - driver = getWebDriver(): null

2022-03-28 12:21:26 - [TEST_STEP][PASSED] - navigateToUrl(ME_url): Navigate to 'https://mecorporate.idofocus.co.id:25443/login' successfully

2022-03-28 12:21:27 - [MESSAGE][PASSED] - Navigate to 'https://mecorporate.idofocus.co.id:25443/login' successfully

2022-03-28 12:21:27 - [TEST_STEP][PASSED] - maximizeWindow(): Current window maximized

2022-03-28 12:21:27 - [MESSAGE][PASSED] - Current window maximized

2022-03-28 12:21:27 - [TEST_STEP][PASSED] - delay(5): Delayed 5 second(s)

2022-03-28 12:21:32 - [MESSAGE][PASSED] - Delayed 5 second(s)

2022-03-28 12:21:32 - [TEST_STEP][PASSED] - setText(findTestObject("MEApp_AppBaru_InisiasiKonsumen/input_User ID_login"), CMO): Text '20190364' is set on object 'Object Repository/MEApp_AppBaru_InisiasiKonsumen/input_User ID_login'

2022-03-28 12:21:33 - [MESSAGE][PASSED] - Text '20190364' is set on object 'Object Repository/MEApp_AppBaru_InisiasiKonsumen/input_User ID_login'

2022-03-28 12:21:33 - [TEST_STEP][PASSED] - setText(findTestObject("MEApp_AppBaru_InisiasiKonsumen/input_User Password_login"), password): Text 'Mobile123+' is set on object 'Object Repository/MEApp_AppBaru_InisiasiKonsumen/input_User Password_login'

2022-03-28 12:21:34 - [MESSAGE][PASSED] - Text 'Mobile123+' is set on object 'Object Repository/MEApp_AppBaru_InisiasiKonsumen/input_User Password_login'

2022-03-28 12:21:34 - [TEST_STEP][PASSED] - takeFullPageScreenshotAsCheckpoint(userDir + sprint4WebScreenshootPath + "scenario-1-aplikasi-baru-login.png"): Taking screenshot successfully

2022-03-28 12:21:35 - [MESSAGE][INFO] - 0 hidden object(s)

2022-03-28 12:21:35 - [MESSAGE][PASSED] - Taking screenshot successfully
[[ATTACHMENT|C:\Users\elanf\git\BCAF_MEAPP_i3\Screenshoot\Sprint4\Web\keyes\keyes-scenario-1-aplikasi-baru-login.png]]

2022-03-28 12:21:35 - [TEST_STEP][PASSED] - markPassed("Scenario 1 - Memastikan login berhasil"): Scenario 1 - Memastikan login berhasil

2022-03-28 12:21:35 - [MESSAGE][PASSED] - Scenario 1 - Memastikan login berhasil

2022-03-28 12:21:35 - [TEST_STEP][PASSED] - click(findTestObject("MEApp_AppBaru_InisiasiKonsumen/button_Login")): Object: 'Object Repository/MEApp_AppBaru_InisiasiKonsumen/button_Login' is clicked on

2022-03-28 12:21:35 - [MESSAGE][PASSED] - Object: 'Object Repository/MEApp_AppBaru_InisiasiKonsumen/button_Login' is clicked on

2022-03-28 12:21:35 - [TEST_STEP][PASSED] - delay(2): Delayed 2 second(s)

2022-03-28 12:21:37 - [MESSAGE][PASSED] - Delayed 2 second(s)

2022-03-28 12:21:37 - [TEST_STEP][PASSED] - verifyElementPresent(findTestObject("MEApp_AppBaru_InisiasiKonsumen/span_Transaksi"), 0): Object 'Object Repository/MEApp_AppBaru_InisiasiKonsumen/span_Transaksi' is present

2022-03-28 12:21:37 - [MESSAGE][WARNING] - Timeout '0' is invalid. Using default page load timeout: '30'

2022-03-28 12:21:37 - [MESSAGE][PASSED] - Object 'Object Repository/MEApp_AppBaru_InisiasiKonsumen/span_Transaksi' is present

2022-03-28 12:21:37 - [TEST_STEP][PASSED] - click(findTestObject("MEApp_AppBaru_InisiasiKonsumen/span_Transaksi")): Object: 'Object Repository/MEApp_AppBaru_InisiasiKonsumen/span_Transaksi' is clicked on

2022-03-28 12:21:38 - [MESSAGE][PASSED] - Object: 'Object Repository/MEApp_AppBaru_InisiasiKonsumen/span_Transaksi' is clicked on

2022-03-28 12:21:38 - [TEST_STEP][PASSED] - delay(1): Delayed 1 second(s)

2022-03-28 12:21:39 - [MESSAGE][PASSED] - Delayed 1 second(s)

2022-03-28 12:21:39 - [TEST_STEP][PASSED] - click(findTestObject("MEApp_AppBaru_InisiasiKonsumen/span_Aplikasi Baru")): Object: 'Object Repository/MEApp_AppBaru_InisiasiKonsumen/span_Aplikasi Baru' is clicked on

2022-03-28 12:21:39 - [MESSAGE][PASSED] - Object: 'Object Repository/MEApp_AppBaru_InisiasiKonsumen/span_Aplikasi Baru' is clicked on

2022-03-28 12:21:39 - [TEST_STEP][PASSED] - delay(1): Delayed 1 second(s)

2022-03-28 12:21:40 - [MESSAGE][PASSED] - Delayed 1 second(s)

2022-03-28 12:21:40 - [TEST_STEP][PASSED] - takeFullPageScreenshotAsCheckpoint(userDir + sprint4WebScreenshootPath + "scenario-1-memilih-button-transaksi-dan-aplikasi-baru.png"): Taking screenshot successfully

2022-03-28 12:21:41 - [MESSAGE][INFO] - 0 hidden object(s)

2022-03-28 12:21:41 - [MESSAGE][PASSED] - Taking screenshot successfully
[[ATTACHMENT|C:\Users\elanf\git\BCAF_MEAPP_i3\Screenshoot\Sprint4\Web\keyes\keyes-scenario-1-memilih-button-transaksi-dan-aplikasi-baru.png]]

2022-03-28 12:21:41 - [TEST_STEP][PASSED] - markPassed("Scenario 1 - Memilih button transaksi dan aplikasi baru"): Scenario 1 - Memilih button transaksi dan aplikasi baru

2022-03-28 12:21:41 - [MESSAGE][PASSED] - Scenario 1 - Memilih button transaksi dan aplikasi baru

2022-03-28 12:21:41 - [TEST_STEP][PASSED] - click(findTestObject("MEApp_AppBaru_InisiasiKonsumen/input_perorangan_radios-apptype")): Object: 'Object Repository/MEApp_AppBaru_InisiasiKonsumen/input_perorangan_radios-apptype' is clicked on

2022-03-28 12:21:41 - [MESSAGE][PASSED] - Object: 'Object Repository/MEApp_AppBaru_InisiasiKonsumen/input_perorangan_radios-apptype' is clicked on

2022-03-28 12:21:41 - [TEST_STEP][PASSED] - delay(1): Delayed 1 second(s)

2022-03-28 12:21:42 - [MESSAGE][PASSED] - Delayed 1 second(s)

2022-03-28 12:21:42 - [TEST_STEP][PASSED] - click(findTestObject("MEApp_AppBaru_InisiasiKonsumen/input_korporasi_radios-apptype")): Object: 'Object Repository/MEApp_AppBaru_InisiasiKonsumen/input_korporasi_radios-apptype' is clicked on

2022-03-28 12:21:42 - [MESSAGE][PASSED] - Object: 'Object Repository/MEApp_AppBaru_InisiasiKonsumen/input_korporasi_radios-apptype' is clicked on

2022-03-28 12:21:42 - [TEST_STEP][PASSED] - delay(1): Delayed 1 second(s)

2022-03-28 12:21:43 - [MESSAGE][PASSED] - Delayed 1 second(s)

2022-03-28 12:21:43 - [TEST_STEP][PASSED] - click(findTestObject("MEApp_AppBaru_InisiasiKonsumen/input-badanusaha")): Object: 'Object Repository/MEApp_AppBaru_InisiasiKonsumen/input-badanusaha' is clicked on

2022-03-28 12:21:44 - [MESSAGE][PASSED] - Object: 'Object Repository/MEApp_AppBaru_InisiasiKonsumen/input-badanusaha' is clicked on

2022-03-28 12:21:44 - [TEST_STEP][PASSED] - delay(1): Delayed 1 second(s)

2022-03-28 12:21:45 - [MESSAGE][PASSED] - Delayed 1 second(s)

2022-03-28 12:21:45 - [TEST_STEP][PASSED] - setText(findTestObject("MEApp_AppBaru_InisiasiKonsumen/input-badanusaha"), "Perseroan Terbatas ( PT. , NV. , LTD. )"): Text 'Perseroan Terbatas ( PT. , NV. , LTD. )' is set on object 'Object Repository/MEApp_AppBaru_InisiasiKonsumen/input-badanusaha'

2022-03-28 12:21:46 - [MESSAGE][PASSED] - Text 'Perseroan Terbatas ( PT. , NV. , LTD. )' is set on object 'Object Repository/MEApp_AppBaru_InisiasiKonsumen/input-badanusaha'

2022-03-28 12:21:46 - [TEST_STEP][PASSED] - delay(1): Delayed 1 second(s)

2022-03-28 12:21:47 - [MESSAGE][PASSED] - Delayed 1 second(s)

2022-03-28 12:21:47 - [TEST_STEP][PASSED] - takeFullPageScreenshotAsCheckpoint(userDir + sprint4WebScreenshootPath + "scenario-1-input-badan-usaha.png"): Taking screenshot successfully

2022-03-28 12:21:47 - [MESSAGE][INFO] - 0 hidden object(s)

2022-03-28 12:21:47 - [MESSAGE][PASSED] - Taking screenshot successfully
[[ATTACHMENT|C:\Users\elanf\git\BCAF_MEAPP_i3\Screenshoot\Sprint4\Web\keyes\keyes-scenario-1-input-badan-usaha.png]]

2022-03-28 12:21:47 - [TEST_STEP][PASSED] - markPassed("Scenario 1 - Input badan usaha"): Scenario 1 - Input badan usaha

2022-03-28 12:21:47 - [MESSAGE][PASSED] - Scenario 1 - Input badan usaha

2022-03-28 12:21:47 - [TEST_STEP][PASSED] - delay(2): Delayed 2 second(s)

2022-03-28 12:21:49 - [MESSAGE][PASSED] - Delayed 2 second(s)

2022-03-28 12:21:49 - [TEST_STEP][PASSED] - click(findTestObject("MEApp_AppBaru_InisiasiKonsumen/span_Perseroan Terbatas ( PT. , NV. , LTD. )")): Object: 'Object Repository/MEApp_AppBaru_InisiasiKonsumen/span_Perseroan Terbatas ( PT. , NV. , LTD. )' is clicked on

2022-03-28 12:21:50 - [MESSAGE][PASSED] - Object: 'Object Repository/MEApp_AppBaru_InisiasiKonsumen/span_Perseroan Terbatas ( PT. , NV. , LTD. )' is clicked on

2022-03-28 12:21:50 - [TEST_STEP][PASSED] - delay(2): Delayed 2 second(s)

2022-03-28 12:21:52 - [MESSAGE][PASSED] - Delayed 2 second(s)

2022-03-28 12:21:52 - [TEST_STEP][PASSED] - takeFullPageScreenshotAsCheckpoint(userDir + sprint4WebScreenshootPath + "scenario-1-page-sebelum-input-capture.png"): Taking screenshot successfully

2022-03-28 12:21:52 - [MESSAGE][INFO] - 0 hidden object(s)

2022-03-28 12:21:52 - [MESSAGE][PASSED] - Taking screenshot successfully
[[ATTACHMENT|C:\Users\elanf\git\BCAF_MEAPP_i3\Screenshoot\Sprint4\Web\keyes\keyes-scenario-1-page-sebelum-input-capture.png]]

2022-03-28 12:21:52 - [TEST_STEP][PASSED] - markPassed("Scenario 1 - Sebelum input capture npwp + SIUP + TDP"): Scenario 1 - Sebelum input capture npwp + SIUP + TDP

2022-03-28 12:21:52 - [MESSAGE][PASSED] - Scenario 1 - Sebelum input capture npwp + SIUP + TDP

2022-03-28 12:21:52 - [TEST_STEP][PASSED] - delay(2): Delayed 2 second(s)

2022-03-28 12:21:54 - [MESSAGE][PASSED] - Delayed 2 second(s)

2022-03-28 12:21:54 - [TEST_STEP][PASSED] - click(findTestObject("MEApp_AppBaru_InisiasiKonsumen/button_Capture_npwp")): Object: 'Object Repository/MEApp_AppBaru_InisiasiKonsumen/button_Capture_npwp' is clicked on

2022-03-28 12:21:55 - [MESSAGE][PASSED] - Object: 'Object Repository/MEApp_AppBaru_InisiasiKonsumen/button_Capture_npwp' is clicked on

2022-03-28 12:21:55 - [TEST_STEP][PASSED] - delay(2): Delayed 2 second(s)

2022-03-28 12:21:57 - [MESSAGE][PASSED] - Delayed 2 second(s)

2022-03-28 12:21:57 - [TEST_STEP][PASSED] - uploadFile(findTestObject("MEApp_AppBaru_InisiasiKonsumen/Capture_"), userDir + pathfinder_npwp): File 'C:/Users/elanf/git/BCAF_MEAPP_i3/Assets/npwp-dummy.jpg' sent to object: 'Object Repository/MEApp_AppBaru_InisiasiKonsumen/Capture_'

2022-03-28 12:21:57 - [MESSAGE][PASSED] - File 'C:/Users/elanf/git/BCAF_MEAPP_i3/Assets/npwp-dummy.jpg' sent to object: 'Object Repository/MEApp_AppBaru_InisiasiKonsumen/Capture_'

2022-03-28 12:21:57 - [TEST_STEP][PASSED] - waitForElementPresent(findTestObject("MEApp_AppBaru_InisiasiKonsumen/button_NPWP"), 0): Object 'Object Repository/MEApp_AppBaru_InisiasiKonsumen/button_NPWP' is present

2022-03-28 12:21:57 - [MESSAGE][WARNING] - Timeout '0' is invalid. Using default page load timeout: '30'

2022-03-28 12:21:59 - [MESSAGE][PASSED] - Object 'Object Repository/MEApp_AppBaru_InisiasiKonsumen/button_NPWP' is present

2022-03-28 12:21:59 - [TEST_STEP][PASSED] - setText(findTestObject("MEApp_AppBaru_InisiasiKonsumen/input_NPWP No fix"), NPWP_tidakBerlaku): Text '018368167428000' is set on object 'Object Repository/MEApp_AppBaru_InisiasiKonsumen/input_NPWP No fix'

2022-03-28 12:22:00 - [MESSAGE][PASSED] - Text '018368167428000' is set on object 'Object Repository/MEApp_AppBaru_InisiasiKonsumen/input_NPWP No fix'

2022-03-28 12:22:00 - [TEST_STEP][PASSED] - delay(1): Delayed 1 second(s)

2022-03-28 12:22:01 - [MESSAGE][PASSED] - Delayed 1 second(s)

2022-03-28 12:22:01 - [TEST_STEP][PASSED] - setText(findTestObject("MEApp_AppBaru_InisiasiKonsumen/input_Name fix"), CN_tidakBerlaku): Text 'NIGUUNUNANETI  AASA DS' is set on object 'Object Repository/MEApp_AppBaru_InisiasiKonsumen/input_Name fix'

2022-03-28 12:22:02 - [MESSAGE][PASSED] - Text 'NIGUUNUNANETI  AASA DS' is set on object 'Object Repository/MEApp_AppBaru_InisiasiKonsumen/input_Name fix'

2022-03-28 12:22:02 - [TEST_STEP][PASSED] - click(findTestObject("MEApp_AppBaru_InisiasiKonsumen/button_Capture_siupfix")): Object: 'Object Repository/MEApp_AppBaru_InisiasiKonsumen/button_Capture_siupfix' is clicked on

2022-03-28 12:22:02 - [MESSAGE][PASSED] - Object: 'Object Repository/MEApp_AppBaru_InisiasiKonsumen/button_Capture_siupfix' is clicked on

2022-03-28 12:22:02 - [TEST_STEP][PASSED] - delay(2): Delayed 2 second(s)

2022-03-28 12:22:04 - [MESSAGE][PASSED] - Delayed 2 second(s)

2022-03-28 12:22:04 - [TEST_STEP][PASSED] - uploadFile(findTestObject("MEApp_AppBaru_InisiasiKonsumen/Capture_"), userDir + pathfinder_siup): File 'C:/Users/elanf/git/BCAF_MEAPP_i3/Assets/siup-dummy.jpg' sent to object: 'Object Repository/MEApp_AppBaru_InisiasiKonsumen/Capture_'

2022-03-28 12:22:04 - [MESSAGE][PASSED] - File 'C:/Users/elanf/git/BCAF_MEAPP_i3/Assets/siup-dummy.jpg' sent to object: 'Object Repository/MEApp_AppBaru_InisiasiKonsumen/Capture_'

2022-03-28 12:22:04 - [TEST_STEP][PASSED] - delay(2): Delayed 2 second(s)

2022-03-28 12:22:06 - [MESSAGE][PASSED] - Delayed 2 second(s)

2022-03-28 12:22:06 - [TEST_STEP][PASSED] - click(findTestObject("MEApp_AppBaru_InisiasiKonsumen/button_Capture_TDP")): Object: 'Object Repository/MEApp_AppBaru_InisiasiKonsumen/button_Capture_TDP' is clicked on

2022-03-28 12:22:07 - [MESSAGE][PASSED] - Object: 'Object Repository/MEApp_AppBaru_InisiasiKonsumen/button_Capture_TDP' is clicked on

2022-03-28 12:22:07 - [TEST_STEP][PASSED] - delay(2): Delayed 2 second(s)

2022-03-28 12:22:09 - [MESSAGE][PASSED] - Delayed 2 second(s)

2022-03-28 12:22:09 - [TEST_STEP][PASSED] - uploadFile(findTestObject("MEApp_AppBaru_InisiasiKonsumen/Capture_"), userDir + pathfinder_tdp): File 'C:/Users/elanf/git/BCAF_MEAPP_i3/Assets/tdp-dummy.jpg' sent to object: 'Object Repository/MEApp_AppBaru_InisiasiKonsumen/Capture_'

2022-03-28 12:22:09 - [MESSAGE][PASSED] - File 'C:/Users/elanf/git/BCAF_MEAPP_i3/Assets/tdp-dummy.jpg' sent to object: 'Object Repository/MEApp_AppBaru_InisiasiKonsumen/Capture_'

2022-03-28 12:22:09 - [TEST_STEP][PASSED] - delay(2): Delayed 2 second(s)

2022-03-28 12:22:11 - [MESSAGE][PASSED] - Delayed 2 second(s)

2022-03-28 12:22:11 - [TEST_STEP][PASSED] - takeFullPageScreenshotAsCheckpoint(userDir + sprint4WebScreenshootPath + "scenario-1-Capture-npwp-siup-tdp.png"): Taking screenshot successfully

2022-03-28 12:22:12 - [MESSAGE][INFO] - 0 hidden object(s)

2022-03-28 12:22:12 - [MESSAGE][PASSED] - Taking screenshot successfully
[[ATTACHMENT|C:\Users\elanf\git\BCAF_MEAPP_i3\Screenshoot\Sprint4\Web\keyes\keyes-scenario-1-Capture-npwp-siup-tdp.png]]

2022-03-28 12:22:12 - [TEST_STEP][PASSED] - markPassed("Scenario 1 - Capture NPWP + SIUP + TDP"): Scenario 1 - Capture NPWP + SIUP + TDP

2022-03-28 12:22:12 - [MESSAGE][PASSED] - Scenario 1 - Capture NPWP + SIUP + TDP

2022-03-28 12:22:12 - [TEST_STEP][PASSED] - delay(2): Delayed 2 second(s)

2022-03-28 12:22:14 - [MESSAGE][PASSED] - Delayed 2 second(s)

2022-03-28 12:22:14 - [TEST_STEP][PASSED] - click(findTestObject("MEApp_AppBaru_InisiasiKonsumen/input_Ada Perubahan Data Tidak")): Object: 'Object Repository/MEApp_AppBaru_InisiasiKonsumen/input_Ada Perubahan Data Tidak' is clicked on

2022-03-28 12:22:14 - [MESSAGE][PASSED] - Object: 'Object Repository/MEApp_AppBaru_InisiasiKonsumen/input_Ada Perubahan Data Tidak' is clicked on

2022-03-28 12:22:14 - [TEST_STEP][PASSED] - delay(1): Delayed 1 second(s)

2022-03-28 12:22:15 - [MESSAGE][PASSED] - Delayed 1 second(s)

2022-03-28 12:22:15 - [TEST_STEP][PASSED] - click(findTestObject("MEApp_AppBaru_InisiasiKonsumen/input_Ada Perubahan Data YA")): Object: 'Object Repository/MEApp_AppBaru_InisiasiKonsumen/input_Ada Perubahan Data YA' is clicked on

2022-03-28 12:22:16 - [MESSAGE][PASSED] - Object: 'Object Repository/MEApp_AppBaru_InisiasiKonsumen/input_Ada Perubahan Data YA' is clicked on

2022-03-28 12:22:16 - [TEST_STEP][PASSED] - delay(1): Delayed 1 second(s)

2022-03-28 12:22:17 - [MESSAGE][PASSED] - Delayed 1 second(s)

2022-03-28 12:22:17 - [TEST_STEP][PASSED] - takeFullPageScreenshotAsCheckpoint(userDir + sprint4WebScreenshootPath + "scenario-1-Memilih-Radio-Button-Perubahan-Data.png"): Taking screenshot successfully

2022-03-28 12:22:17 - [MESSAGE][INFO] - 0 hidden object(s)

2022-03-28 12:22:18 - [MESSAGE][PASSED] - Taking screenshot successfully
[[ATTACHMENT|C:\Users\elanf\git\BCAF_MEAPP_i3\Screenshoot\Sprint4\Web\keyes\keyes-scenario-1-Memilih-Radio-Button-Perubahan-Data.png]]

2022-03-28 12:22:18 - [TEST_STEP][PASSED] - markPassed("Scenario 1 - Memilih Radio Button Perubahan Data"): Scenario 1 - Memilih Radio Button Perubahan Data

2022-03-28 12:22:18 - [MESSAGE][PASSED] - Scenario 1 - Memilih Radio Button Perubahan Data

2022-03-28 12:22:18 - [TEST_STEP][PASSED] - delay(2): Delayed 2 second(s)

2022-03-28 12:22:20 - [MESSAGE][PASSED] - Delayed 2 second(s)

2022-03-28 12:22:20 - [TEST_STEP][PASSED] - click(findTestObject("MEApp_AppBaru_InisiasiKonsumen/button_Prosesfix")): Object: 'Object Repository/MEApp_AppBaru_InisiasiKonsumen/button_Prosesfix' is clicked on

2022-03-28 12:22:20 - [MESSAGE][PASSED] - Object: 'Object Repository/MEApp_AppBaru_InisiasiKonsumen/button_Prosesfix' is clicked on

2022-03-28 12:22:20 - [TEST_STEP][PASSED] - delay(2): Delayed 2 second(s)

2022-03-28 12:22:22 - [MESSAGE][PASSED] - Delayed 2 second(s)

2022-03-28 12:22:22 - [TEST_STEP][PASSED] - waitForElementPresent(findTestObject("MEApp_AppBaru_InisiasiKonsumen/AplikasiBaruMatching"), 300): Object 'Object Repository/MEApp_AppBaru_InisiasiKonsumen/AplikasiBaruMatching' is present

2022-03-28 12:22:40 - [MESSAGE][PASSED] - Object 'Object Repository/MEApp_AppBaru_InisiasiKonsumen/AplikasiBaruMatching' is present

2022-03-28 12:22:40 - [TEST_STEP][PASSED] - takeFullPageScreenshotAsCheckpoint(userDir + sprint4WebScreenshootPath + "scenario-1-Masuk-aplikasi-matching.png"): Taking screenshot successfully

2022-03-28 12:22:40 - [MESSAGE][INFO] - 0 hidden object(s)

2022-03-28 12:22:41 - [MESSAGE][PASSED] - Taking screenshot successfully
[[ATTACHMENT|C:\Users\elanf\git\BCAF_MEAPP_i3\Screenshoot\Sprint4\Web\keyes\keyes-scenario-1-Masuk-aplikasi-matching.png]]

2022-03-28 12:22:41 - [TEST_STEP][PASSED] - markPassed("Scenario 1 - Masuk aplikasi matching"): Scenario 1 - Masuk aplikasi matching

2022-03-28 12:22:41 - [MESSAGE][PASSED] - Scenario 1 - Masuk aplikasi matching

2022-03-28 12:22:41 - [TEST_STEP][PASSED] - delay(2): Delayed 2 second(s)

2022-03-28 12:22:43 - [MESSAGE][PASSED] - Delayed 2 second(s)

2022-03-28 12:22:43 - [TEST_STEP][PASSED] - click(findTestObject("MEApp_AppBaru_InisiasiKonsumen/a_Ok")): Object: 'Object Repository/MEApp_AppBaru_InisiasiKonsumen/a_Ok' is clicked on

2022-03-28 12:22:43 - [MESSAGE][PASSED] - Object: 'Object Repository/MEApp_AppBaru_InisiasiKonsumen/a_Ok' is clicked on

2022-03-28 12:22:43 - [TEST_STEP][PASSED] - delay(1): Delayed 1 second(s)

2022-03-28 12:22:44 - [MESSAGE][PASSED] - Delayed 1 second(s)

2022-03-28 12:22:44 - [TEST_STEP][PASSED] - click(findTestObject("MEApp_AppBaru_InisiasiKonsumen/button_Ya")): Object: 'Object Repository/MEApp_AppBaru_InisiasiKonsumen/button_Ya' is clicked on

2022-03-28 12:22:44 - [MESSAGE][PASSED] - Object: 'Object Repository/MEApp_AppBaru_InisiasiKonsumen/button_Ya' is clicked on

2022-03-28 12:22:44 - [TEST_STEP][PASSED] - delay(3): Delayed 3 second(s)

2022-03-28 12:22:47 - [MESSAGE][PASSED] - Delayed 3 second(s)

2022-03-28 12:22:47 - [TEST_STEP][PASSED] - takeFullPageScreenshotAsCheckpoint(userDir + sprint4WebScreenshootPath + "scenario-1-Berhasil-dilakukan-inisiasi-konsumen-baru.png"): Taking screenshot successfully

2022-03-28 12:22:48 - [MESSAGE][INFO] - 0 hidden object(s)

2022-03-28 12:22:48 - [MESSAGE][PASSED] - Taking screenshot successfully
[[ATTACHMENT|C:\Users\elanf\git\BCAF_MEAPP_i3\Screenshoot\Sprint4\Web\keyes\keyes-scenario-1-Berhasil-dilakukan-inisiasi-konsumen-baru.png]]

2022-03-28 12:22:48 - [TEST_STEP][PASSED] - markPassed("Scenario 1 - Berhasil dilakukan inisiasi konsumen baru"): Scenario 1 - Berhasil dilakukan inisiasi konsumen baru

2022-03-28 12:22:48 - [MESSAGE][PASSED] - Scenario 1 - Berhasil dilakukan inisiasi konsumen baru

2022-03-28 12:22:48 - [TEST_STEP][PASSED] - delay(2): Delayed 2 second(s)

2022-03-28 12:22:50 - [MESSAGE][PASSED] - Delayed 2 second(s)]]></system-out>
         <system-err><![CDATA[]]></system-err>
      </testcase>
      <testcase name="Test Cases/Sprint 4/Skenario 1/01-02-Transaction-AppPending-InputCorporate" time="233.901" classname="Test Cases/Sprint 4/Skenario 1/01-02-Transaction-AppPending-InputCorporate" status="PASSED">
         <system-out><![CDATA[2022-03-28 12:22:50 - [TEST_CASE][PASSED] - Test Cases/Sprint 4/Skenario 1/01-02-Transaction-AppPending-InputCorporate: Test Cases/Sprint 4/Skenario 1/01-02-Transaction-AppPending-InputCorporate

2022-03-28 12:22:51 - [TEST_STEP][PASSED] - userDir = getProjectDir(): null

2022-03-28 12:22:51 - [TEST_STEP][PASSED] - setText(findTestObject("Object Repository/Input_Corporate/Input_Konsumen/input_SID Name_form-control ng-untouched ng-pristine ng-invalid"), konsumen_SID, OPTIONAL): Text '223213445' is set on object 'Object Repository/Input_Corporate/Input_Konsumen/input_SID Name_form-control ng-untouched ng-pristine ng-invalid'

2022-03-28 12:23:51 - [MESSAGE][PASSED] - Text '223213445' is set on object 'Object Repository/Input_Corporate/Input_Konsumen/input_SID Name_form-control ng-untouched ng-pristine ng-invalid'

2022-03-28 12:23:51 - [TEST_STEP][PASSED] - delay(1): Delayed 1 second(s)

2022-03-28 12:23:52 - [MESSAGE][PASSED] - Delayed 1 second(s)

2022-03-28 12:23:52 - [TEST_STEP][PASSED] - scrollToElement(findTestObject("Object Repository/Input_Corporate/Input_Konsumen/i_Fax 2_ri-arrow-right-line"), 60, OPTIONAL): Scroll to object 'Object Repository/Input_Corporate/Input_Konsumen/i_Fax 2_ri-arrow-right-line' successfully

2022-03-28 12:23:57 - [MESSAGE][PASSED] - Scroll to object 'Object Repository/Input_Corporate/Input_Konsumen/i_Fax 2_ri-arrow-right-line' successfully

2022-03-28 12:23:57 - [TEST_STEP][PASSED] - delay(1): Delayed 1 second(s)

2022-03-28 12:23:58 - [MESSAGE][PASSED] - Delayed 1 second(s)

2022-03-28 12:23:58 - [TEST_STEP][PASSED] - click(findTestObject("Object Repository/Input_Corporate/Input_Konsumen/button_Surat Keterangan Domisili"), OPTIONAL): Object: 'Object Repository/Input_Corporate/Input_Konsumen/button_Surat Keterangan Domisili' is clicked on

2022-03-28 12:23:58 - [MESSAGE][PASSED] - Object: 'Object Repository/Input_Corporate/Input_Konsumen/button_Surat Keterangan Domisili' is clicked on

2022-03-28 12:23:58 - [TEST_STEP][PASSED] - delay(1): Delayed 1 second(s)

2022-03-28 12:23:59 - [MESSAGE][PASSED] - Delayed 1 second(s)

2022-03-28 12:23:59 - [TEST_STEP][PASSED] - takeFullPageScreenshotAsCheckpoint(userDir + sprint4WebScreenshootPath + "scenario-1-masuk-submenu-surat-keterangan-domisili.png"): Taking screenshot successfully

2022-03-28 12:24:00 - [MESSAGE][INFO] - 0 hidden object(s)

2022-03-28 12:24:00 - [MESSAGE][PASSED] - Taking screenshot successfully
[[ATTACHMENT|C:\Users\elanf\git\BCAF_MEAPP_i3\Screenshoot\Sprint4\Web\keyes\keyes-scenario-1-masuk-submenu-surat-keterangan-domisili.png]]

2022-03-28 12:24:00 - [TEST_STEP][PASSED] - markPassed("scenario 1 - Masuk submenu surat keterangan domisili"): scenario 1 - Masuk submenu surat keterangan domisili

2022-03-28 12:24:00 - [MESSAGE][PASSED] - scenario 1 - Masuk submenu surat keterangan domisili

2022-03-28 12:24:00 - [TEST_STEP][PASSED] - delay(1): Delayed 1 second(s)

2022-03-28 12:24:01 - [MESSAGE][PASSED] - Delayed 1 second(s)

2022-03-28 12:24:01 - [TEST_STEP][PASSED] - click(findTestObject("Object Repository/Input_Corporate/Input_Konsumen/button_Capture_Domisili"), OPTIONAL): Object: 'Object Repository/Input_Corporate/Input_Konsumen/button_Capture_Domisili' is clicked on

2022-03-28 12:24:02 - [MESSAGE][PASSED] - Object: 'Object Repository/Input_Corporate/Input_Konsumen/button_Capture_Domisili' is clicked on

2022-03-28 12:24:02 - [TEST_STEP][PASSED] - delay(1): Delayed 1 second(s)

2022-03-28 12:24:03 - [MESSAGE][PASSED] - Delayed 1 second(s)

2022-03-28 12:24:03 - [TEST_STEP][PASSED] - uploadFile(findTestObject("Input_Corporate/Capture_"), userDir + cobaKTP, OPTIONAL): File 'C:/Users/elanf/git/BCAF_MEAPP_i3/Assets/ktp_dummy.png' sent to object: 'Object Repository/Input_Corporate/Capture_'

2022-03-28 12:24:03 - [MESSAGE][PASSED] - File 'C:/Users/elanf/git/BCAF_MEAPP_i3/Assets/ktp_dummy.png' sent to object: 'Object Repository/Input_Corporate/Capture_'

2022-03-28 12:24:03 - [TEST_STEP][PASSED] - delay(1): Delayed 1 second(s)

2022-03-28 12:24:04 - [MESSAGE][PASSED] - Delayed 1 second(s)

2022-03-28 12:24:04 - [TEST_STEP][PASSED] - takeFullPageScreenshotAsCheckpoint(userDir + sprint4WebScreenshootPath + "scenario-1-capture-surat-keterangan-domisili-berhasil.png"): Taking screenshot successfully

2022-03-28 12:24:05 - [MESSAGE][INFO] - 0 hidden object(s)

2022-03-28 12:24:05 - [MESSAGE][PASSED] - Taking screenshot successfully
[[ATTACHMENT|C:\Users\elanf\git\BCAF_MEAPP_i3\Screenshoot\Sprint4\Web\keyes\keyes-scenario-1-capture-surat-keterangan-domisili-berhasil.png]]

2022-03-28 12:24:05 - [TEST_STEP][PASSED] - markPassed("scenario 1 - Capture surat keterangan domisili berhasil"): scenario 1 - Capture surat keterangan domisili berhasil

2022-03-28 12:24:05 - [MESSAGE][PASSED] - scenario 1 - Capture surat keterangan domisili berhasil

2022-03-28 12:24:05 - [TEST_STEP][PASSED] - delay(1): Delayed 1 second(s)

2022-03-28 12:24:06 - [MESSAGE][PASSED] - Delayed 1 second(s)

2022-03-28 12:24:06 - [TEST_STEP][PASSED] - click(findTestObject("Object Repository/Input_Corporate/Input_Konsumen/button_FAP"), OPTIONAL): Object: 'Object Repository/Input_Corporate/Input_Konsumen/button_FAP' is clicked on

2022-03-28 12:24:06 - [MESSAGE][PASSED] - Object: 'Object Repository/Input_Corporate/Input_Konsumen/button_FAP' is clicked on

2022-03-28 12:24:06 - [TEST_STEP][PASSED] - delay(1): Delayed 1 second(s)

2022-03-28 12:24:07 - [MESSAGE][PASSED] - Delayed 1 second(s)

2022-03-28 12:24:07 - [TEST_STEP][PASSED] - takeFullPageScreenshotAsCheckpoint(userDir + sprint4WebScreenshootPath + "scenario-1-Masuk-submenu-FAP.png"): Taking screenshot successfully

2022-03-28 12:24:09 - [MESSAGE][INFO] - 0 hidden object(s)

2022-03-28 12:24:09 - [MESSAGE][PASSED] - Taking screenshot successfully
[[ATTACHMENT|C:\Users\elanf\git\BCAF_MEAPP_i3\Screenshoot\Sprint4\Web\keyes\keyes-scenario-1-Masuk-submenu-FAP.png]]

2022-03-28 12:24:09 - [TEST_STEP][PASSED] - markPassed("scenario 1 - Masuk submenu FAP"): scenario 1 - Masuk submenu FAP

2022-03-28 12:24:09 - [MESSAGE][PASSED] - scenario 1 - Masuk submenu FAP

2022-03-28 12:24:09 - [TEST_STEP][PASSED] - delay(1): Delayed 1 second(s)

2022-03-28 12:24:10 - [MESSAGE][PASSED] - Delayed 1 second(s)

2022-03-28 12:24:10 - [TEST_STEP][PASSED] - click(findTestObject("Object Repository/Input_Corporate/Input_Konsumen/a_Add Capture_FAP"), OPTIONAL): Object: 'Object Repository/Input_Corporate/Input_Konsumen/a_Add Capture_FAP' is clicked on

2022-03-28 12:24:10 - [MESSAGE][PASSED] - Object: 'Object Repository/Input_Corporate/Input_Konsumen/a_Add Capture_FAP' is clicked on

2022-03-28 12:24:10 - [TEST_STEP][PASSED] - delay(1): Delayed 1 second(s)

2022-03-28 12:24:11 - [MESSAGE][PASSED] - Delayed 1 second(s)

2022-03-28 12:24:11 - [TEST_STEP][PASSED] - uploadFile(findTestObject("Input_Corporate/Capture_"), userDir + cobaKTP, OPTIONAL): File 'C:/Users/elanf/git/BCAF_MEAPP_i3/Assets/ktp_dummy.png' sent to object: 'Object Repository/Input_Corporate/Capture_'

2022-03-28 12:24:12 - [MESSAGE][PASSED] - File 'C:/Users/elanf/git/BCAF_MEAPP_i3/Assets/ktp_dummy.png' sent to object: 'Object Repository/Input_Corporate/Capture_'

2022-03-28 12:24:12 - [TEST_STEP][PASSED] - delay(1): Delayed 1 second(s)

2022-03-28 12:24:13 - [MESSAGE][PASSED] - Delayed 1 second(s)

2022-03-28 12:24:13 - [TEST_STEP][PASSED] - setText(findTestObject("Object Repository/Input_Corporate/Input_Konsumen/input_Jenis Usaha_form-control ng-untouched ng-pristine ng-invalid"), konsumen_jenisUsaha, OPTIONAL): Text 'Kontruksi' is set on object 'Object Repository/Input_Corporate/Input_Konsumen/input_Jenis Usaha_form-control ng-untouched ng-pristine ng-invalid'

2022-03-28 12:24:13 - [MESSAGE][PASSED] - Text 'Kontruksi' is set on object 'Object Repository/Input_Corporate/Input_Konsumen/input_Jenis Usaha_form-control ng-untouched ng-pristine ng-invalid'

2022-03-28 12:24:13 - [TEST_STEP][PASSED] - delay(1): Delayed 1 second(s)

2022-03-28 12:24:14 - [MESSAGE][PASSED] - Delayed 1 second(s)

2022-03-28 12:24:14 - [TEST_STEP][PASSED] - setText(findTestObject("Object Repository/Input_Corporate/Input_Konsumen/input_Economy Code_form-control bcaf-autocomplete ng-untouched ng-pristine ng-invalid"), konsumen_economyCode, OPTIONAL): Text '010103' is set on object 'Object Repository/Input_Corporate/Input_Konsumen/input_Economy Code_form-control bcaf-autocomplete ng-untouched ng-pristine ng-invalid'

2022-03-28 12:24:15 - [MESSAGE][PASSED] - Text '010103' is set on object 'Object Repository/Input_Corporate/Input_Konsumen/input_Economy Code_form-control bcaf-autocomplete ng-untouched ng-pristine ng-invalid'

2022-03-28 12:24:15 - [TEST_STEP][PASSED] - delay(1): Delayed 1 second(s)

2022-03-28 12:24:16 - [MESSAGE][PASSED] - Delayed 1 second(s)

2022-03-28 12:24:16 - [TEST_STEP][PASSED] - waitForElementPresent(findTestObject("Object Repository/Input_Corporate/Input_Konsumen/li_010103 Pertanian  Kehutanan-Pertanian  Pupuk-Importir"), 100, OPTIONAL): Object 'Object Repository/Input_Corporate/Input_Konsumen/li_010103 Pertanian  Kehutanan-Pertanian  Pupuk-Importir' is present

2022-03-28 12:24:16 - [MESSAGE][PASSED] - Object 'Object Repository/Input_Corporate/Input_Konsumen/li_010103 Pertanian  Kehutanan-Pertanian  Pupuk-Importir' is present

2022-03-28 12:24:16 - [TEST_STEP][PASSED] - delay(1): Delayed 1 second(s)

2022-03-28 12:24:17 - [MESSAGE][PASSED] - Delayed 1 second(s)

2022-03-28 12:24:17 - [TEST_STEP][PASSED] - click(findTestObject("Object Repository/Input_Corporate/Input_Konsumen/li_010103 Pertanian  Kehutanan-Pertanian  Pupuk-Importir"), OPTIONAL): Object: 'Object Repository/Input_Corporate/Input_Konsumen/li_010103 Pertanian  Kehutanan-Pertanian  Pupuk-Importir' is clicked on

2022-03-28 12:24:18 - [MESSAGE][PASSED] - Object: 'Object Repository/Input_Corporate/Input_Konsumen/li_010103 Pertanian  Kehutanan-Pertanian  Pupuk-Importir' is clicked on

2022-03-28 12:24:18 - [TEST_STEP][PASSED] - delay(1): Delayed 1 second(s)

2022-03-28 12:24:19 - [MESSAGE][PASSED] - Delayed 1 second(s)

2022-03-28 12:24:19 - [TEST_STEP][PASSED] - setText(findTestObject("Object Repository/Input_Corporate/Input_Konsumen/input_Kode Lokasi Proyek_form"), konsumen_kodeLokasi, OPTIONAL): Text '1213' is set on object 'Object Repository/Input_Corporate/Input_Konsumen/input_Kode Lokasi Proyek_form'

2022-03-28 12:24:20 - [MESSAGE][PASSED] - Text '1213' is set on object 'Object Repository/Input_Corporate/Input_Konsumen/input_Kode Lokasi Proyek_form'

2022-03-28 12:24:20 - [TEST_STEP][PASSED] - delay(1): Delayed 1 second(s)

2022-03-28 12:24:21 - [MESSAGE][PASSED] - Delayed 1 second(s)

2022-03-28 12:24:21 - [TEST_STEP][PASSED] - waitForElementPresent(findTestObject("Object Repository/Input_Corporate/Input_Konsumen/li_1213 - MALANG,KAB"), 100, OPTIONAL): Object 'Object Repository/Input_Corporate/Input_Konsumen/li_1213 - MALANG,KAB' is present

2022-03-28 12:24:21 - [MESSAGE][PASSED] - Object 'Object Repository/Input_Corporate/Input_Konsumen/li_1213 - MALANG,KAB' is present

2022-03-28 12:24:21 - [TEST_STEP][PASSED] - delay(1): Delayed 1 second(s)

2022-03-28 12:24:22 - [MESSAGE][PASSED] - Delayed 1 second(s)

2022-03-28 12:24:22 - [TEST_STEP][PASSED] - click(findTestObject("Object Repository/Input_Corporate/Input_Konsumen/li_1213 - MALANG,KAB"), OPTIONAL): Object: 'Object Repository/Input_Corporate/Input_Konsumen/li_1213 - MALANG,KAB' is clicked on

2022-03-28 12:24:22 - [MESSAGE][PASSED] - Object: 'Object Repository/Input_Corporate/Input_Konsumen/li_1213 - MALANG,KAB' is clicked on

2022-03-28 12:24:22 - [TEST_STEP][PASSED] - delay(1): Delayed 1 second(s)

2022-03-28 12:24:23 - [MESSAGE][PASSED] - Delayed 1 second(s)

2022-03-28 12:24:23 - [TEST_STEP][PASSED] - setText(findTestObject("Object Repository/Input_Corporate/Input_Konsumen/input_Berdiri Sejak Tahun_form-control ng-untouched ng-pristine ng-invalid"), konsumen_tahunBerdiri, OPTIONAL): Text '1995' is set on object 'Object Repository/Input_Corporate/Input_Konsumen/input_Berdiri Sejak Tahun_form-control ng-untouched ng-pristine ng-invalid'

2022-03-28 12:24:24 - [MESSAGE][PASSED] - Text '1995' is set on object 'Object Repository/Input_Corporate/Input_Konsumen/input_Berdiri Sejak Tahun_form-control ng-untouched ng-pristine ng-invalid'

2022-03-28 12:24:24 - [TEST_STEP][PASSED] - delay(1): Delayed 1 second(s)

2022-03-28 12:24:25 - [MESSAGE][PASSED] - Delayed 1 second(s)

2022-03-28 12:24:25 - [TEST_STEP][PASSED] - setText(findTestObject("Object Repository/Input_Corporate/Input_Konsumen/input_Omzet Usaha per Tahun_form-control text-right ng-untouched ng-pristine ng-invalid"), konsumen_omzetUsaha, OPTIONAL): Text '10000000000' is set on object 'Object Repository/Input_Corporate/Input_Konsumen/input_Omzet Usaha per Tahun_form-control text-right ng-untouched ng-pristine ng-invalid'

2022-03-28 12:24:26 - [MESSAGE][PASSED] - Text '10000000000' is set on object 'Object Repository/Input_Corporate/Input_Konsumen/input_Omzet Usaha per Tahun_form-control text-right ng-untouched ng-pristine ng-invalid'

2022-03-28 12:24:26 - [TEST_STEP][PASSED] - delay(1): Delayed 1 second(s)

2022-03-28 12:24:27 - [MESSAGE][PASSED] - Delayed 1 second(s)

2022-03-28 12:24:27 - [TEST_STEP][PASSED] - setText(findTestObject("Object Repository/Input_Corporate/Input_Konsumen/input_No. Rekening BCA_form-control ng-untouched ng-pristine ng-valid"), konsumen_noRekBCA, OPTIONAL): Text '413514512' is set on object 'Object Repository/Input_Corporate/Input_Konsumen/input_No. Rekening BCA_form-control ng-untouched ng-pristine ng-valid'

2022-03-28 12:24:28 - [MESSAGE][PASSED] - Text '413514512' is set on object 'Object Repository/Input_Corporate/Input_Konsumen/input_No. Rekening BCA_form-control ng-untouched ng-pristine ng-valid'

2022-03-28 12:24:28 - [TEST_STEP][PASSED] - delay(1): Delayed 1 second(s)

2022-03-28 12:24:29 - [MESSAGE][PASSED] - Delayed 1 second(s)

2022-03-28 12:24:29 - [TEST_STEP][PASSED] - setText(findTestObject("Object Repository/Input_Corporate/Input_Konsumen/input_Alamat Perusahaan_form-control ng-untouched ng-pristine ng-invalid"), konsumen_alamatPT, OPTIONAL): Text 'Jakarta, No. 45' is set on object 'Object Repository/Input_Corporate/Input_Konsumen/input_Alamat Perusahaan_form-control ng-untouched ng-pristine ng-invalid'

2022-03-28 12:24:29 - [MESSAGE][PASSED] - Text 'Jakarta, No. 45' is set on object 'Object Repository/Input_Corporate/Input_Konsumen/input_Alamat Perusahaan_form-control ng-untouched ng-pristine ng-invalid'

2022-03-28 12:24:29 - [TEST_STEP][PASSED] - delay(1): Delayed 1 second(s)

2022-03-28 12:24:30 - [MESSAGE][PASSED] - Delayed 1 second(s)

2022-03-28 12:24:30 - [TEST_STEP][PASSED] - setText(findTestObject("Object Repository/Input_Corporate/Input_Konsumen/input_Provinsi_form-control bcaf-autocomplete ng-untouched ng-pristine ng-invalid"), konsumen_provinsi, OPTIONAL): Text 'JAWA TIMUR' is set on object 'Object Repository/Input_Corporate/Input_Konsumen/input_Provinsi_form-control bcaf-autocomplete ng-untouched ng-pristine ng-invalid'

2022-03-28 12:24:31 - [MESSAGE][PASSED] - Text 'JAWA TIMUR' is set on object 'Object Repository/Input_Corporate/Input_Konsumen/input_Provinsi_form-control bcaf-autocomplete ng-untouched ng-pristine ng-invalid'

2022-03-28 12:24:31 - [TEST_STEP][PASSED] - delay(1): Delayed 1 second(s)

2022-03-28 12:24:32 - [MESSAGE][PASSED] - Delayed 1 second(s)

2022-03-28 12:24:32 - [TEST_STEP][PASSED] - waitForElementPresent(findTestObject("Object Repository/Input_Corporate/Input_Konsumen/li_JAWA TIMUR"), 100, OPTIONAL): Object 'Object Repository/Input_Corporate/Input_Konsumen/li_JAWA TIMUR' is present

2022-03-28 12:24:32 - [MESSAGE][PASSED] - Object 'Object Repository/Input_Corporate/Input_Konsumen/li_JAWA TIMUR' is present

2022-03-28 12:24:32 - [TEST_STEP][PASSED] - delay(1): Delayed 1 second(s)

2022-03-28 12:24:33 - [MESSAGE][PASSED] - Delayed 1 second(s)

2022-03-28 12:24:33 - [TEST_STEP][PASSED] - click(findTestObject("Object Repository/Input_Corporate/Input_Konsumen/li_JAWA TIMUR"), OPTIONAL): Object: 'Object Repository/Input_Corporate/Input_Konsumen/li_JAWA TIMUR' is clicked on

2022-03-28 12:24:34 - [MESSAGE][PASSED] - Object: 'Object Repository/Input_Corporate/Input_Konsumen/li_JAWA TIMUR' is clicked on

2022-03-28 12:24:34 - [TEST_STEP][PASSED] - delay(1): Delayed 1 second(s)

2022-03-28 12:24:35 - [MESSAGE][PASSED] - Delayed 1 second(s)

2022-03-28 12:24:35 - [TEST_STEP][PASSED] - setText(findTestObject("Object Repository/Input_Corporate/Input_Konsumen/input_KabKota_form-control bcaf-autocomplete ng-untouched ng-pristine ng-invalid"), konsumen_kabKota, OPTIONAL): Text 'Malang' is set on object 'Object Repository/Input_Corporate/Input_Konsumen/input_KabKota_form-control bcaf-autocomplete ng-untouched ng-pristine ng-invalid'

2022-03-28 12:24:36 - [MESSAGE][PASSED] - Text 'Malang' is set on object 'Object Repository/Input_Corporate/Input_Konsumen/input_KabKota_form-control bcaf-autocomplete ng-untouched ng-pristine ng-invalid'

2022-03-28 12:24:36 - [TEST_STEP][PASSED] - delay(1): Delayed 1 second(s)

2022-03-28 12:24:37 - [MESSAGE][PASSED] - Delayed 1 second(s)

2022-03-28 12:24:37 - [TEST_STEP][PASSED] - waitForElementPresent(findTestObject("Object Repository/Input_Corporate/Input_Konsumen/li_MALANG"), 100, OPTIONAL): Object 'Object Repository/Input_Corporate/Input_Konsumen/li_MALANG' is present

2022-03-28 12:24:37 - [MESSAGE][PASSED] - Object 'Object Repository/Input_Corporate/Input_Konsumen/li_MALANG' is present

2022-03-28 12:24:37 - [TEST_STEP][PASSED] - delay(1): Delayed 1 second(s)

2022-03-28 12:24:38 - [MESSAGE][PASSED] - Delayed 1 second(s)

2022-03-28 12:24:38 - [TEST_STEP][PASSED] - click(findTestObject("Object Repository/Input_Corporate/Input_Konsumen/li_MALANG"), OPTIONAL): Object: 'Object Repository/Input_Corporate/Input_Konsumen/li_MALANG' is clicked on

2022-03-28 12:24:38 - [MESSAGE][PASSED] - Object: 'Object Repository/Input_Corporate/Input_Konsumen/li_MALANG' is clicked on

2022-03-28 12:24:38 - [TEST_STEP][PASSED] - delay(1): Delayed 1 second(s)

2022-03-28 12:24:39 - [MESSAGE][PASSED] - Delayed 1 second(s)

2022-03-28 12:24:39 - [TEST_STEP][PASSED] - setText(findTestObject("Object Repository/Input_Corporate/Input_Konsumen/input_Kecamatan_form-control bcaf-autocomplete ng-untouched ng-pristine ng-invalid"), konsumen_kecamantan, OPTIONAL): Text 'lowokwaru' is set on object 'Object Repository/Input_Corporate/Input_Konsumen/input_Kecamatan_form-control bcaf-autocomplete ng-untouched ng-pristine ng-invalid'

2022-03-28 12:24:40 - [MESSAGE][PASSED] - Text 'lowokwaru' is set on object 'Object Repository/Input_Corporate/Input_Konsumen/input_Kecamatan_form-control bcaf-autocomplete ng-untouched ng-pristine ng-invalid'

2022-03-28 12:24:40 - [TEST_STEP][PASSED] - delay(1): Delayed 1 second(s)

2022-03-28 12:24:41 - [MESSAGE][PASSED] - Delayed 1 second(s)

2022-03-28 12:24:41 - [TEST_STEP][PASSED] - waitForElementPresent(findTestObject("Object Repository/Input_Corporate/Input_Konsumen/li_LOWOKWARU"), 0, OPTIONAL): Object 'Object Repository/Input_Corporate/Input_Konsumen/li_LOWOKWARU' is present

2022-03-28 12:24:41 - [MESSAGE][WARNING] - Timeout '0' is invalid. Using default page load timeout: '30'

2022-03-28 12:24:41 - [MESSAGE][PASSED] - Object 'Object Repository/Input_Corporate/Input_Konsumen/li_LOWOKWARU' is present

2022-03-28 12:24:41 - [TEST_STEP][PASSED] - delay(1): Delayed 1 second(s)

2022-03-28 12:24:42 - [MESSAGE][PASSED] - Delayed 1 second(s)

2022-03-28 12:24:42 - [TEST_STEP][PASSED] - click(findTestObject("Object Repository/Input_Corporate/Input_Konsumen/li_LOWOKWARU"), OPTIONAL): Object: 'Object Repository/Input_Corporate/Input_Konsumen/li_LOWOKWARU' is clicked on

2022-03-28 12:24:43 - [MESSAGE][PASSED] - Object: 'Object Repository/Input_Corporate/Input_Konsumen/li_LOWOKWARU' is clicked on

2022-03-28 12:24:43 - [TEST_STEP][PASSED] - delay(1): Delayed 1 second(s)

2022-03-28 12:24:44 - [MESSAGE][PASSED] - Delayed 1 second(s)

2022-03-28 12:24:44 - [TEST_STEP][PASSED] - setText(findTestObject("Object Repository/Input_Corporate/Input_Konsumen/input_Kelurahan_form-control bcaf-autocomplete ng-untouched ng-pristine ng-invalid"), konsumen_kelurahan, OPTIONAL): Text 'ketawanggede' is set on object 'Object Repository/Input_Corporate/Input_Konsumen/input_Kelurahan_form-control bcaf-autocomplete ng-untouched ng-pristine ng-invalid'

2022-03-28 12:24:45 - [MESSAGE][PASSED] - Text 'ketawanggede' is set on object 'Object Repository/Input_Corporate/Input_Konsumen/input_Kelurahan_form-control bcaf-autocomplete ng-untouched ng-pristine ng-invalid'

2022-03-28 12:24:45 - [TEST_STEP][PASSED] - delay(1): Delayed 1 second(s)

2022-03-28 12:24:46 - [MESSAGE][PASSED] - Delayed 1 second(s)

2022-03-28 12:24:46 - [TEST_STEP][PASSED] - waitForElementPresent(findTestObject("Object Repository/Input_Corporate/Input_Konsumen/li_KETAWANGGEDE"), 100, OPTIONAL): Object 'Object Repository/Input_Corporate/Input_Konsumen/li_KETAWANGGEDE' is present

2022-03-28 12:24:46 - [MESSAGE][PASSED] - Object 'Object Repository/Input_Corporate/Input_Konsumen/li_KETAWANGGEDE' is present

2022-03-28 12:24:46 - [TEST_STEP][PASSED] - delay(1): Delayed 1 second(s)

2022-03-28 12:24:47 - [MESSAGE][PASSED] - Delayed 1 second(s)

2022-03-28 12:24:47 - [TEST_STEP][PASSED] - click(findTestObject("Object Repository/Input_Corporate/Input_Konsumen/li_KETAWANGGEDE"), OPTIONAL): Object: 'Object Repository/Input_Corporate/Input_Konsumen/li_KETAWANGGEDE' is clicked on

2022-03-28 12:24:47 - [MESSAGE][PASSED] - Object: 'Object Repository/Input_Corporate/Input_Konsumen/li_KETAWANGGEDE' is clicked on

2022-03-28 12:24:47 - [TEST_STEP][PASSED] - delay(1): Delayed 1 second(s)

2022-03-28 12:24:48 - [MESSAGE][PASSED] - Delayed 1 second(s)

2022-03-28 12:24:48 - [TEST_STEP][PASSED] - setText(findTestObject("Object Repository/Input_Corporate/Input_Konsumen/input_Kode Pos_form-control bcaf-autocomplete ng-untouched ng-pristine ng-invalid"), konsumen_kodePos, OPTIONAL): Text '65145' is set on object 'Object Repository/Input_Corporate/Input_Konsumen/input_Kode Pos_form-control bcaf-autocomplete ng-untouched ng-pristine ng-invalid'

2022-03-28 12:24:49 - [MESSAGE][PASSED] - Text '65145' is set on object 'Object Repository/Input_Corporate/Input_Konsumen/input_Kode Pos_form-control bcaf-autocomplete ng-untouched ng-pristine ng-invalid'

2022-03-28 12:24:49 - [TEST_STEP][PASSED] - delay(1): Delayed 1 second(s)

2022-03-28 12:24:50 - [MESSAGE][PASSED] - Delayed 1 second(s)

2022-03-28 12:24:50 - [TEST_STEP][PASSED] - waitForElementPresent(findTestObject("Object Repository/Input_Corporate/Input_Konsumen/li_65145"), 100, OPTIONAL): Object 'Object Repository/Input_Corporate/Input_Konsumen/li_65145' is present

2022-03-28 12:24:50 - [MESSAGE][PASSED] - Object 'Object Repository/Input_Corporate/Input_Konsumen/li_65145' is present

2022-03-28 12:24:50 - [TEST_STEP][PASSED] - delay(1): Delayed 1 second(s)

2022-03-28 12:24:51 - [MESSAGE][PASSED] - Delayed 1 second(s)

2022-03-28 12:24:51 - [TEST_STEP][PASSED] - click(findTestObject("Object Repository/Input_Corporate/Input_Konsumen/li_65145"), OPTIONAL): Object: 'Object Repository/Input_Corporate/Input_Konsumen/li_65145' is clicked on

2022-03-28 12:24:52 - [MESSAGE][PASSED] - Object: 'Object Repository/Input_Corporate/Input_Konsumen/li_65145' is clicked on

2022-03-28 12:24:52 - [TEST_STEP][PASSED] - delay(1): Delayed 1 second(s)

2022-03-28 12:24:53 - [MESSAGE][PASSED] - Delayed 1 second(s)

2022-03-28 12:24:53 - [TEST_STEP][PASSED] - takeFullPageScreenshotAsCheckpoint(userDir + sprint4WebScreenshootPath + "scenario-1-Input-data-FAP.png"): Taking screenshot successfully

2022-03-28 12:24:54 - [MESSAGE][INFO] - 0 hidden object(s)

2022-03-28 12:24:54 - [MESSAGE][PASSED] - Taking screenshot successfully
[[ATTACHMENT|C:\Users\elanf\git\BCAF_MEAPP_i3\Screenshoot\Sprint4\Web\keyes\keyes-scenario-1-Input-data-FAP.png]]

2022-03-28 12:24:54 - [TEST_STEP][PASSED] - markPassed("scenario 1 - Input data FAP"): scenario 1 - Input data FAP

2022-03-28 12:24:54 - [MESSAGE][PASSED] - scenario 1 - Input data FAP

2022-03-28 12:24:54 - [TEST_STEP][PASSED] - delay(1): Delayed 1 second(s)

2022-03-28 12:24:55 - [MESSAGE][PASSED] - Delayed 1 second(s)

2022-03-28 12:24:55 - [TEST_STEP][PASSED] - scrollToElement(findTestObject("Object Repository/Input_Corporate/Input_Konsumen/i_Fax 2_ri-arrow-right-line"), 60, OPTIONAL): Scroll to object 'Object Repository/Input_Corporate/Input_Konsumen/i_Fax 2_ri-arrow-right-line' successfully

2022-03-28 12:24:56 - [MESSAGE][PASSED] - Scroll to object 'Object Repository/Input_Corporate/Input_Konsumen/i_Fax 2_ri-arrow-right-line' successfully

2022-03-28 12:24:56 - [TEST_STEP][PASSED] - click(findTestObject("Object Repository/Input_Corporate/Input_Konsumen/input_Alamat Pengiriman Surat  Alamat Perusahaan_isAlamatPengirimanSurat"), OPTIONAL): Object: 'Object Repository/Input_Corporate/Input_Konsumen/input_Alamat Pengiriman Surat  Alamat Perusahaan_isAlamatPengirimanSurat' is clicked on

2022-03-28 12:24:56 - [MESSAGE][PASSED] - Object: 'Object Repository/Input_Corporate/Input_Konsumen/input_Alamat Pengiriman Surat  Alamat Perusahaan_isAlamatPengirimanSurat' is clicked on

2022-03-28 12:24:56 - [TEST_STEP][PASSED] - delay(1): Delayed 1 second(s)

2022-03-28 12:24:57 - [MESSAGE][PASSED] - Delayed 1 second(s)

2022-03-28 12:24:57 - [TEST_STEP][PASSED] - setText(findTestObject("Object Repository/Input_Corporate/Input_Konsumen/input_Email_form-control ng-untouched ng-pristine ng-valid"), konsumen_email, OPTIONAL): Text 'contoh@gmail.com' is set on object 'Object Repository/Input_Corporate/Input_Konsumen/input_Email_form-control ng-untouched ng-pristine ng-valid'

2022-03-28 12:24:58 - [MESSAGE][PASSED] - Text 'contoh@gmail.com' is set on object 'Object Repository/Input_Corporate/Input_Konsumen/input_Email_form-control ng-untouched ng-pristine ng-valid'

2022-03-28 12:24:58 - [TEST_STEP][PASSED] - delay(1): Delayed 1 second(s)

2022-03-28 12:24:59 - [MESSAGE][PASSED] - Delayed 1 second(s)

2022-03-28 12:24:59 - [TEST_STEP][PASSED] - setText(findTestObject("Object Repository/Input_Corporate/Input_Konsumen/input_Telepon 1_form-control ng-untouched ng-pristine ng-valid"), konsumen_telepon1, OPTIONAL): Text '089773662555' is set on object 'Object Repository/Input_Corporate/Input_Konsumen/input_Telepon 1_form-control ng-untouched ng-pristine ng-valid'

2022-03-28 12:25:00 - [MESSAGE][PASSED] - Text '089773662555' is set on object 'Object Repository/Input_Corporate/Input_Konsumen/input_Telepon 1_form-control ng-untouched ng-pristine ng-valid'

2022-03-28 12:25:00 - [TEST_STEP][PASSED] - delay(1): Delayed 1 second(s)

2022-03-28 12:25:01 - [MESSAGE][PASSED] - Delayed 1 second(s)

2022-03-28 12:25:01 - [TEST_STEP][PASSED] - takeFullPageScreenshotAsCheckpoint(userDir + sprint4WebScreenshootPath + "scenario-1-Input-data-alamat-pengirim-surat.png"): Taking screenshot successfully

2022-03-28 12:25:02 - [MESSAGE][INFO] - 0 hidden object(s)

2022-03-28 12:25:02 - [MESSAGE][PASSED] - Taking screenshot successfully
[[ATTACHMENT|C:\Users\elanf\git\BCAF_MEAPP_i3\Screenshoot\Sprint4\Web\keyes\keyes-scenario-1-Input-data-alamat-pengirim-surat.png]]

2022-03-28 12:25:02 - [TEST_STEP][PASSED] - markPassed("scenario 1 - Input data alamat pengirim surat"): scenario 1 - Input data alamat pengirim surat

2022-03-28 12:25:02 - [MESSAGE][PASSED] - scenario 1 - Input data alamat pengirim surat

2022-03-28 12:25:02 - [TEST_STEP][PASSED] - scrollToPosition(0, 0, OPTIONAL): Browser is scrolled to position x = 0, y = 0

2022-03-28 12:25:02 - [MESSAGE][PASSED] - Browser is scrolled to position x = 0, y = 0

2022-03-28 12:25:02 - [TEST_STEP][PASSED] - delay(2): Delayed 2 second(s)

2022-03-28 12:25:04 - [MESSAGE][PASSED] - Delayed 2 second(s)

2022-03-28 12:25:04 - [TEST_STEP][PASSED] - delay(1): Delayed 1 second(s)

2022-03-28 12:25:05 - [MESSAGE][PASSED] - Delayed 1 second(s)

2022-03-28 12:25:05 - [TEST_STEP][PASSED] - click(findTestObject("Input_Corporate/Pengurus/1_a_Pengurus"), OPTIONAL): Object: 'Object Repository/Input_Corporate/Pengurus/1_a_Pengurus' is clicked on

2022-03-28 12:25:06 - [MESSAGE][PASSED] - Object: 'Object Repository/Input_Corporate/Pengurus/1_a_Pengurus' is clicked on

2022-03-28 12:25:06 - [TEST_STEP][PASSED] - delay(1): Delayed 1 second(s)

2022-03-28 12:25:07 - [MESSAGE][PASSED] - Delayed 1 second(s)

2022-03-28 12:25:07 - [TEST_STEP][PASSED] - takeFullPageScreenshotAsCheckpoint(userDir + sprint4WebScreenshootPath + "scenario-1-Input-data-pengurus.png"): Taking screenshot successfully

2022-03-28 12:25:07 - [MESSAGE][INFO] - 0 hidden object(s)

2022-03-28 12:25:07 - [MESSAGE][PASSED] - Taking screenshot successfully
[[ATTACHMENT|C:\Users\elanf\git\BCAF_MEAPP_i3\Screenshoot\Sprint4\Web\keyes\keyes-scenario-1-Input-data-pengurus.png]]

2022-03-28 12:25:07 - [TEST_STEP][PASSED] - markPassed("scenario 1 - Input data pengurus"): scenario 1 - Input data pengurus

2022-03-28 12:25:07 - [MESSAGE][PASSED] - scenario 1 - Input data pengurus

2022-03-28 12:25:07 - [TEST_STEP][PASSED] - delay(1): Delayed 1 second(s)

2022-03-28 12:25:08 - [MESSAGE][PASSED] - Delayed 1 second(s)

2022-03-28 12:25:08 - [TEST_STEP][PASSED] - click(findTestObject("Input_Corporate/Pengurus/2_i_Add_ri-file-add-line ( Add_Pengurus )"), OPTIONAL): Object: 'Object Repository/Input_Corporate/Pengurus/2_i_Add_ri-file-add-line ( Add_Pengurus )' is clicked on

2022-03-28 12:25:09 - [MESSAGE][PASSED] - Object: 'Object Repository/Input_Corporate/Pengurus/2_i_Add_ri-file-add-line ( Add_Pengurus )' is clicked on

2022-03-28 12:25:09 - [TEST_STEP][PASSED] - delay(1): Delayed 1 second(s)

2022-03-28 12:25:10 - [MESSAGE][PASSED] - Delayed 1 second(s)

2022-03-28 12:25:10 - [TEST_STEP][PASSED] - click(findTestObject("Input_Corporate/Pengurus/3_button_Pengurus 1"), OPTIONAL): Object: 'Object Repository/Input_Corporate/Pengurus/3_button_Pengurus 1' is clicked on

2022-03-28 12:25:10 - [MESSAGE][PASSED] - Object: 'Object Repository/Input_Corporate/Pengurus/3_button_Pengurus 1' is clicked on

2022-03-28 12:25:10 - [TEST_STEP][PASSED] - delay(1): Delayed 1 second(s)

2022-03-28 12:25:11 - [MESSAGE][PASSED] - Delayed 1 second(s)

2022-03-28 12:25:11 - [TEST_STEP][PASSED] - takeFullPageScreenshotAsCheckpoint(userDir + sprint4WebScreenshootPath + "scenario-1-Masuk-submenu-data-pengurus-1.png"): Taking screenshot successfully

2022-03-28 12:25:12 - [MESSAGE][INFO] - 0 hidden object(s)

2022-03-28 12:25:12 - [MESSAGE][PASSED] - Taking screenshot successfully
[[ATTACHMENT|C:\Users\elanf\git\BCAF_MEAPP_i3\Screenshoot\Sprint4\Web\keyes\keyes-scenario-1-Masuk-submenu-data-pengurus-1.png]]

2022-03-28 12:25:12 - [TEST_STEP][PASSED] - markPassed("scenario 1 - Masuk submenu data pengurus 1"): scenario 1 - Masuk submenu data pengurus 1

2022-03-28 12:25:12 - [MESSAGE][PASSED] - scenario 1 - Masuk submenu data pengurus 1

2022-03-28 12:25:12 - [TEST_STEP][PASSED] - delay(1): Delayed 1 second(s)

2022-03-28 12:25:13 - [MESSAGE][PASSED] - Delayed 1 second(s)

2022-03-28 12:25:13 - [TEST_STEP][PASSED] - click(findTestObject("Input_Corporate/Pengurus/4_a_Capture File"), OPTIONAL): Object: 'Object Repository/Input_Corporate/Pengurus/4_a_Capture File' is clicked on

2022-03-28 12:25:14 - [MESSAGE][PASSED] - Object: 'Object Repository/Input_Corporate/Pengurus/4_a_Capture File' is clicked on

2022-03-28 12:25:14 - [TEST_STEP][PASSED] - delay(1): Delayed 1 second(s)

2022-03-28 12:25:15 - [MESSAGE][PASSED] - Delayed 1 second(s)

2022-03-28 12:25:15 - [TEST_STEP][PASSED] - uploadFile(findTestObject("Input_Corporate/Capture_"), userDir + cobaKTP, OPTIONAL): File 'C:/Users/elanf/git/BCAF_MEAPP_i3/Assets/ktp_dummy.png' sent to object: 'Object Repository/Input_Corporate/Capture_'

2022-03-28 12:25:15 - [MESSAGE][PASSED] - File 'C:/Users/elanf/git/BCAF_MEAPP_i3/Assets/ktp_dummy.png' sent to object: 'Object Repository/Input_Corporate/Capture_'

2022-03-28 12:25:15 - [TEST_STEP][PASSED] - delay(1): Delayed 1 second(s)

2022-03-28 12:25:16 - [MESSAGE][PASSED] - Delayed 1 second(s)

2022-03-28 12:25:16 - [TEST_STEP][PASSED] - waitForElementClickable(findTestObject("Input_Corporate/Pengurus/5_input_Name_form-control ng-untouched ng-pristine ng-invalid"), 300): Object 'Object Repository/Input_Corporate/Pengurus/5_input_Name_form-control ng-untouched ng-pristine ng-invalid' is clickable

2022-03-28 12:25:25 - [MESSAGE][PASSED] - Object 'Object Repository/Input_Corporate/Pengurus/5_input_Name_form-control ng-untouched ng-pristine ng-invalid' is clickable

2022-03-28 12:25:25 - [TEST_STEP][PASSED] - delay(1): Delayed 1 second(s)

2022-03-28 12:25:26 - [MESSAGE][PASSED] - Delayed 1 second(s)

2022-03-28 12:25:26 - [TEST_STEP][PASSED] - takeFullPageScreenshotAsCheckpoint(userDir + sprint4WebScreenshootPath + "scenario-1-Berhasil-input-otomatis-data-pengurus-berdasarkan-data-capture-ktp-pengurus-yang-di-capture.png"): Taking screenshot successfully

2022-03-28 12:25:27 - [MESSAGE][INFO] - 0 hidden object(s)

2022-03-28 12:25:27 - [MESSAGE][PASSED] - Taking screenshot successfully
[[ATTACHMENT|C:\Users\elanf\git\BCAF_MEAPP_i3\Screenshoot\Sprint4\Web\keyes\keyes-scenario-1-Berhasil-input-otomatis-data-pengurus-berdasarkan-data-capture-ktp-pengurus-yang-di-capture.png]]

2022-03-28 12:25:27 - [TEST_STEP][PASSED] - markPassed("scenario 1 - Berhasil input otomatis data pengurus berdasarkan data capture ktp pengurus yang di capture "): scenario 1 - Berhasil input otomatis data pengurus berdasarkan data capture ktp pengurus yang di capture 

2022-03-28 12:25:27 - [MESSAGE][PASSED] - scenario 1 - Berhasil input otomatis data pengurus berdasarkan data capture ktp pengurus yang di capture 

2022-03-28 12:25:27 - [TEST_STEP][PASSED] - delay(1): Delayed 1 second(s)

2022-03-28 12:25:28 - [MESSAGE][PASSED] - Delayed 1 second(s)

2022-03-28 12:25:28 - [TEST_STEP][PASSED] - setText(findTestObject("Input_Corporate/Pengurus/8_input_SID Pengurus_form-control ng-pristine ng-invalid is-invalid ng-touched"), pengurus_SID, OPTIONAL): Text '3345434656' is set on object 'Object Repository/Input_Corporate/Pengurus/8_input_SID Pengurus_form-control ng-pristine ng-invalid is-invalid ng-touched'

2022-03-28 12:25:29 - [MESSAGE][PASSED] - Text '3345434656' is set on object 'Object Repository/Input_Corporate/Pengurus/8_input_SID Pengurus_form-control ng-pristine ng-invalid is-invalid ng-touched'

2022-03-28 12:25:29 - [TEST_STEP][PASSED] - delay(1): Delayed 1 second(s)

2022-03-28 12:25:30 - [MESSAGE][PASSED] - Delayed 1 second(s)

2022-03-28 12:25:30 - [TEST_STEP][PASSED] - scrollToElement(findTestObject("Input_Corporate/Pengurus/2_i_Add_ri-file-add-line ( Add_Pengurus )"), 30, OPTIONAL): Scroll to object 'Object Repository/Input_Corporate/Pengurus/2_i_Add_ri-file-add-line ( Add_Pengurus )' successfully

2022-03-28 12:25:30 - [MESSAGE][PASSED] - Scroll to object 'Object Repository/Input_Corporate/Pengurus/2_i_Add_ri-file-add-line ( Add_Pengurus )' successfully

2022-03-28 12:25:30 - [TEST_STEP][PASSED] - delay(1): Delayed 1 second(s)

2022-03-28 12:25:31 - [MESSAGE][PASSED] - Delayed 1 second(s)

2022-03-28 12:25:31 - [TEST_STEP][PASSED] - setText(findTestObject("Input_Corporate/Pengurus/15_input_Kode Pos_form-control bcaf-autocomplete ng-pristine ng-invalid ng-touched"), pengurus_kodePos, OPTIONAL): Text '56643' is set on object 'Object Repository/Input_Corporate/Pengurus/15_input_Kode Pos_form-control bcaf-autocomplete ng-pristine ng-invalid ng-touched'

2022-03-28 12:25:32 - [MESSAGE][PASSED] - Text '56643' is set on object 'Object Repository/Input_Corporate/Pengurus/15_input_Kode Pos_form-control bcaf-autocomplete ng-pristine ng-invalid ng-touched'

2022-03-28 12:25:32 - [TEST_STEP][PASSED] - delay(1): Delayed 1 second(s)

2022-03-28 12:25:33 - [MESSAGE][PASSED] - Delayed 1 second(s)

2022-03-28 12:25:33 - [TEST_STEP][PASSED] - click(findTestObject("Input_Corporate/Pengurus/13_div_Pilih Role"), OPTIONAL): Object: 'Object Repository/Input_Corporate/Pengurus/13_div_Pilih Role' is clicked on

2022-03-28 12:25:33 - [MESSAGE][PASSED] - Object: 'Object Repository/Input_Corporate/Pengurus/13_div_Pilih Role' is clicked on

2022-03-28 12:25:33 - [TEST_STEP][PASSED] - delay(1): Delayed 1 second(s)

2022-03-28 12:25:34 - [MESSAGE][PASSED] - Delayed 1 second(s)

2022-03-28 12:25:34 - [TEST_STEP][PASSED] - setText(findTestObject("Input_Corporate/Pengurus/13_div_Pilih Role"), pengurus_role, OPTIONAL): Text 'not set' is set on object 'Object Repository/Input_Corporate/Pengurus/13_div_Pilih Role'

2022-03-28 12:25:35 - [MESSAGE][PASSED] - Text 'not set' is set on object 'Object Repository/Input_Corporate/Pengurus/13_div_Pilih Role'

2022-03-28 12:25:35 - [TEST_STEP][PASSED] - delay(1): Delayed 1 second(s)

2022-03-28 12:25:36 - [MESSAGE][PASSED] - Delayed 1 second(s)

2022-03-28 12:25:36 - [TEST_STEP][PASSED] - click(findTestObject("Input_Corporate/Pengurus/14_div_Not Set"), OPTIONAL): Object: 'Object Repository/Input_Corporate/Pengurus/14_div_Not Set' is clicked on

2022-03-28 12:25:36 - [MESSAGE][PASSED] - Object: 'Object Repository/Input_Corporate/Pengurus/14_div_Not Set' is clicked on

2022-03-28 12:25:36 - [TEST_STEP][PASSED] - delay(1): Delayed 1 second(s)

2022-03-28 12:25:37 - [MESSAGE][PASSED] - Delayed 1 second(s)

2022-03-28 12:25:37 - [TEST_STEP][PASSED] - click(findTestObject("Input_Corporate/Pengurus/21_div_Pilih Jabatan"), OPTIONAL): Object: 'Object Repository/Input_Corporate/Pengurus/21_div_Pilih Jabatan' is clicked on

2022-03-28 12:25:38 - [MESSAGE][PASSED] - Object: 'Object Repository/Input_Corporate/Pengurus/21_div_Pilih Jabatan' is clicked on

2022-03-28 12:25:38 - [TEST_STEP][PASSED] - delay(1): Delayed 1 second(s)

2022-03-28 12:25:39 - [MESSAGE][PASSED] - Delayed 1 second(s)

2022-03-28 12:25:39 - [TEST_STEP][PASSED] - setText(findTestObject("Object Repository/Input_Corporate/Pengurus/21_div_Pilih Jabatan"), pengurus_jabatan, OPTIONAL): Text 'komisaris utama' is set on object 'Object Repository/Input_Corporate/Pengurus/21_div_Pilih Jabatan'

2022-03-28 12:25:40 - [MESSAGE][PASSED] - Text 'komisaris utama' is set on object 'Object Repository/Input_Corporate/Pengurus/21_div_Pilih Jabatan'

2022-03-28 12:25:40 - [TEST_STEP][PASSED] - delay(1): Delayed 1 second(s)

2022-03-28 12:25:41 - [MESSAGE][PASSED] - Delayed 1 second(s)

2022-03-28 12:25:41 - [TEST_STEP][PASSED] - click(findTestObject("Input_Corporate/Pengurus/22_span_Komisaris Utama"), OPTIONAL): Object: 'Object Repository/Input_Corporate/Pengurus/22_span_Komisaris Utama' is clicked on

2022-03-28 12:25:41 - [MESSAGE][PASSED] - Object: 'Object Repository/Input_Corporate/Pengurus/22_span_Komisaris Utama' is clicked on

2022-03-28 12:25:41 - [TEST_STEP][PASSED] - takeFullPageScreenshotAsCheckpoint(userDir + sprint4WebScreenshootPath + "scenario-1-Berhasil-input-otomatis-data-pengurus-1.png"): Taking screenshot successfully

2022-03-28 12:25:42 - [MESSAGE][INFO] - 0 hidden object(s)

2022-03-28 12:25:42 - [MESSAGE][PASSED] - Taking screenshot successfully
[[ATTACHMENT|C:\Users\elanf\git\BCAF_MEAPP_i3\Screenshoot\Sprint4\Web\keyes\keyes-scenario-1-Berhasil-input-otomatis-data-pengurus-1.png]]

2022-03-28 12:25:42 - [TEST_STEP][PASSED] - markPassed("scenario 1 - Berhasil input data pengurus 1"): scenario 1 - Berhasil input data pengurus 1

2022-03-28 12:25:42 - [MESSAGE][PASSED] - scenario 1 - Berhasil input data pengurus 1

2022-03-28 12:25:42 - [TEST_STEP][PASSED] - delay(1): Delayed 1 second(s)

2022-03-28 12:25:43 - [MESSAGE][PASSED] - Delayed 1 second(s)

2022-03-28 12:25:43 - [TEST_STEP][PASSED] - delay(1): Delayed 1 second(s)

2022-03-28 12:25:44 - [MESSAGE][PASSED] - Delayed 1 second(s)

2022-03-28 12:25:44 - [TEST_STEP][PASSED] - scrollToPosition(0, 133, OPTIONAL): Browser is scrolled to position x = 0, y = 133

2022-03-28 12:25:44 - [MESSAGE][PASSED] - Browser is scrolled to position x = 0, y = 133

2022-03-28 12:25:44 - [TEST_STEP][PASSED] - delay(1): Delayed 1 second(s)

2022-03-28 12:25:45 - [MESSAGE][PASSED] - Delayed 1 second(s)

2022-03-28 12:25:45 - [TEST_STEP][PASSED] - click(findTestObject("Input_Corporate/Pemegang_saham/1_a_Pemegang Saham"), OPTIONAL): Object: 'Object Repository/Input_Corporate/Pemegang_saham/1_a_Pemegang Saham' is clicked on

2022-03-28 12:25:46 - [MESSAGE][PASSED] - Object: 'Object Repository/Input_Corporate/Pemegang_saham/1_a_Pemegang Saham' is clicked on

2022-03-28 12:25:46 - [TEST_STEP][PASSED] - delay(1): Delayed 1 second(s)

2022-03-28 12:25:47 - [MESSAGE][PASSED] - Delayed 1 second(s)

2022-03-28 12:25:47 - [TEST_STEP][PASSED] - takeFullPageScreenshotAsCheckpoint(userDir + sprint4WebScreenshootPath + "scenario-1-Masuk-Submenu-pemegang-saham-1.png"): Taking screenshot successfully

2022-03-28 12:25:47 - [MESSAGE][INFO] - 0 hidden object(s)

2022-03-28 12:25:47 - [MESSAGE][PASSED] - Taking screenshot successfully
[[ATTACHMENT|C:\Users\elanf\git\BCAF_MEAPP_i3\Screenshoot\Sprint4\Web\keyes\keyes-scenario-1-Masuk-Submenu-pemegang-saham-1.png]]

2022-03-28 12:25:47 - [TEST_STEP][PASSED] - markPassed("scenario 1 - Berhasil masuk menu pemegang saham "): scenario 1 - Berhasil masuk menu pemegang saham 

2022-03-28 12:25:47 - [MESSAGE][PASSED] - scenario 1 - Berhasil masuk menu pemegang saham 

2022-03-28 12:25:47 - [TEST_STEP][PASSED] - delay(1): Delayed 1 second(s)

2022-03-28 12:25:48 - [MESSAGE][PASSED] - Delayed 1 second(s)

2022-03-28 12:25:48 - [TEST_STEP][PASSED] - click(findTestObject("Input_Corporate/Pemegang_saham/2_a_Add"), OPTIONAL): Object: 'Object Repository/Input_Corporate/Pemegang_saham/2_a_Add' is clicked on

2022-03-28 12:25:49 - [MESSAGE][PASSED] - Object: 'Object Repository/Input_Corporate/Pemegang_saham/2_a_Add' is clicked on

2022-03-28 12:25:49 - [TEST_STEP][PASSED] - delay(1): Delayed 1 second(s)

2022-03-28 12:25:50 - [MESSAGE][PASSED] - Delayed 1 second(s)

2022-03-28 12:25:50 - [TEST_STEP][PASSED] - click(findTestObject("Input_Corporate/Pemegang_saham/input_Perorangan_radios"), OPTIONAL): Object: 'Object Repository/Input_Corporate/Pemegang_saham/input_Perorangan_radios' is clicked on

2022-03-28 12:25:50 - [MESSAGE][PASSED] - Object: 'Object Repository/Input_Corporate/Pemegang_saham/input_Perorangan_radios' is clicked on

2022-03-28 12:25:50 - [TEST_STEP][PASSED] - click(findTestObject("Input_Corporate/Pemegang_saham/input_Jenis Pemegang Saham_radios"), OPTIONAL): Object: 'Object Repository/Input_Corporate/Pemegang_saham/input_Jenis Pemegang Saham_radios' is clicked on

2022-03-28 12:25:51 - [MESSAGE][PASSED] - Object: 'Object Repository/Input_Corporate/Pemegang_saham/input_Jenis Pemegang Saham_radios' is clicked on

2022-03-28 12:25:51 - [TEST_STEP][PASSED] - delay(1): Delayed 1 second(s)

2022-03-28 12:25:52 - [MESSAGE][PASSED] - Delayed 1 second(s)

2022-03-28 12:25:52 - [TEST_STEP][PASSED] - takeFullPageScreenshotAsCheckpoint(userDir + sprint4WebScreenshootPath + "scenario-1-Memilih-radio-button-pemegang-saham.png"): Taking screenshot successfully

2022-03-28 12:25:52 - [MESSAGE][INFO] - 0 hidden object(s)

2022-03-28 12:25:52 - [MESSAGE][PASSED] - Taking screenshot successfully
[[ATTACHMENT|C:\Users\elanf\git\BCAF_MEAPP_i3\Screenshoot\Sprint4\Web\keyes\keyes-scenario-1-Memilih-radio-button-pemegang-saham.png]]

2022-03-28 12:25:52 - [TEST_STEP][PASSED] - markPassed("scenario 1 - Memilih radio button pemegang saham"): scenario 1 - Memilih radio button pemegang saham

2022-03-28 12:25:52 - [MESSAGE][PASSED] - scenario 1 - Memilih radio button pemegang saham

2022-03-28 12:25:52 - [TEST_STEP][PASSED] - delay(1): Delayed 1 second(s)

2022-03-28 12:25:53 - [MESSAGE][PASSED] - Delayed 1 second(s)

2022-03-28 12:25:53 - [TEST_STEP][PASSED] - click(findTestObject("Input_Corporate/Pemegang_saham/4_button_OK"), OPTIONAL): Object: 'Object Repository/Input_Corporate/Pemegang_saham/4_button_OK' is clicked on

2022-03-28 12:25:54 - [MESSAGE][PASSED] - Object: 'Object Repository/Input_Corporate/Pemegang_saham/4_button_OK' is clicked on

2022-03-28 12:25:54 - [TEST_STEP][PASSED] - delay(1): Delayed 1 second(s)

2022-03-28 12:25:55 - [MESSAGE][PASSED] - Delayed 1 second(s)

2022-03-28 12:25:55 - [TEST_STEP][PASSED] - click(findTestObject("Input_Corporate/Pemegang_saham/5_button_Pemegang Saham 1"), OPTIONAL): Object: 'Object Repository/Input_Corporate/Pemegang_saham/5_button_Pemegang Saham 1' is clicked on

2022-03-28 12:25:55 - [MESSAGE][PASSED] - Object: 'Object Repository/Input_Corporate/Pemegang_saham/5_button_Pemegang Saham 1' is clicked on

2022-03-28 12:25:55 - [TEST_STEP][PASSED] - delay(1): Delayed 1 second(s)

2022-03-28 12:25:56 - [MESSAGE][PASSED] - Delayed 1 second(s)

2022-03-28 12:25:56 - [TEST_STEP][PASSED] - takeFullPageScreenshotAsCheckpoint(userDir + sprint4WebScreenshootPath + "scenario-1-Masuk-Submenu-pemegang-saham-1.png"): Taking screenshot successfully

2022-03-28 12:25:57 - [MESSAGE][INFO] - 0 hidden object(s)

2022-03-28 12:25:57 - [MESSAGE][PASSED] - Taking screenshot successfully
[[ATTACHMENT|C:\Users\elanf\git\BCAF_MEAPP_i3\Screenshoot\Sprint4\Web\keyes\keyes-scenario-1-Masuk-Submenu-pemegang-saham-1.png]]

2022-03-28 12:25:57 - [TEST_STEP][PASSED] - markPassed("scenario 1 - Masuk submenu pemegang saham 1"): scenario 1 - Masuk submenu pemegang saham 1

2022-03-28 12:25:57 - [MESSAGE][PASSED] - scenario 1 - Masuk submenu pemegang saham 1

2022-03-28 12:25:57 - [TEST_STEP][PASSED] - delay(1): Delayed 1 second(s)

2022-03-28 12:25:58 - [MESSAGE][PASSED] - Delayed 1 second(s)

2022-03-28 12:25:58 - [TEST_STEP][PASSED] - click(findTestObject("Input_Corporate/Pemegang_saham/6_a_Capture File"), OPTIONAL): Object: 'Object Repository/Input_Corporate/Pemegang_saham/6_a_Capture File' is clicked on

2022-03-28 12:25:59 - [MESSAGE][PASSED] - Object: 'Object Repository/Input_Corporate/Pemegang_saham/6_a_Capture File' is clicked on

2022-03-28 12:25:59 - [TEST_STEP][PASSED] - delay(1): Delayed 1 second(s)

2022-03-28 12:26:00 - [MESSAGE][PASSED] - Delayed 1 second(s)

2022-03-28 12:26:00 - [TEST_STEP][PASSED] - uploadFile(findTestObject("Input_Corporate/Capture_"), userDir + cobaKTP, OPTIONAL): File 'C:/Users/elanf/git/BCAF_MEAPP_i3/Assets/ktp_dummy.png' sent to object: 'Object Repository/Input_Corporate/Capture_'

2022-03-28 12:26:00 - [MESSAGE][PASSED] - File 'C:/Users/elanf/git/BCAF_MEAPP_i3/Assets/ktp_dummy.png' sent to object: 'Object Repository/Input_Corporate/Capture_'

2022-03-28 12:26:00 - [TEST_STEP][PASSED] - delay(1): Delayed 1 second(s)

2022-03-28 12:26:01 - [MESSAGE][PASSED] - Delayed 1 second(s)

2022-03-28 12:26:01 - [TEST_STEP][PASSED] - scrollToPosition(0, 200, OPTIONAL): Browser is scrolled to position x = 0, y = 200

2022-03-28 12:26:01 - [MESSAGE][PASSED] - Browser is scrolled to position x = 0, y = 200

2022-03-28 12:26:01 - [TEST_STEP][PASSED] - delay(1): Delayed 1 second(s)

2022-03-28 12:26:02 - [MESSAGE][PASSED] - Delayed 1 second(s)

2022-03-28 12:26:02 - [TEST_STEP][PASSED] - setText(findTestObject("Object Repository/Input_Corporate/Pemegang_saham/input_Kode Pos_2"), pemegangShm_kodePos): Text '12345' is set on object 'Object Repository/Input_Corporate/Pemegang_saham/input_Kode Pos_2'

2022-03-28 12:26:10 - [MESSAGE][PASSED] - Text '12345' is set on object 'Object Repository/Input_Corporate/Pemegang_saham/input_Kode Pos_2'

2022-03-28 12:26:10 - [TEST_STEP][PASSED] - delay(1): Delayed 1 second(s)

2022-03-28 12:26:11 - [MESSAGE][PASSED] - Delayed 1 second(s)

2022-03-28 12:26:11 - [TEST_STEP][PASSED] - scrollToPosition(0, 133, OPTIONAL): Browser is scrolled to position x = 0, y = 133

2022-03-28 12:26:11 - [MESSAGE][PASSED] - Browser is scrolled to position x = 0, y = 133

2022-03-28 12:26:11 - [TEST_STEP][PASSED] - click(findTestObject("Input_Corporate/Penjamin/1_a_Penjamin"), OPTIONAL): Object: 'Object Repository/Input_Corporate/Penjamin/1_a_Penjamin' is clicked on

2022-03-28 12:26:12 - [MESSAGE][PASSED] - Object: 'Object Repository/Input_Corporate/Penjamin/1_a_Penjamin' is clicked on

2022-03-28 12:26:12 - [TEST_STEP][PASSED] - delay(1): Delayed 1 second(s)

2022-03-28 12:26:13 - [MESSAGE][PASSED] - Delayed 1 second(s)

2022-03-28 12:26:13 - [TEST_STEP][PASSED] - click(findTestObject("Input_Corporate/Penjamin/2_input_Ya_guarantor_Tidak"), OPTIONAL): Object: 'Object Repository/Input_Corporate/Penjamin/2_input_Ya_guarantor_Tidak' is clicked on

2022-03-28 12:26:13 - [MESSAGE][PASSED] - Object: 'Object Repository/Input_Corporate/Penjamin/2_input_Ya_guarantor_Tidak' is clicked on

2022-03-28 12:26:13 - [TEST_STEP][PASSED] - delay(1): Delayed 1 second(s)

2022-03-28 12:26:14 - [MESSAGE][PASSED] - Delayed 1 second(s)

2022-03-28 12:26:14 - [TEST_STEP][PASSED] - takeFullPageScreenshotAsCheckpoint(userDir + sprint4WebScreenshootPath + "scenario-1-Berhasil-pemegang-saham-1.png"): Taking screenshot successfully

2022-03-28 12:26:15 - [MESSAGE][INFO] - 0 hidden object(s)

2022-03-28 12:26:15 - [MESSAGE][PASSED] - Taking screenshot successfully
[[ATTACHMENT|C:\Users\elanf\git\BCAF_MEAPP_i3\Screenshoot\Sprint4\Web\keyes\keyes-scenario-1-Berhasil-pemegang-saham-1.png]]

2022-03-28 12:26:15 - [TEST_STEP][PASSED] - markPassed("scenario 1 - Berhasil input pemegang saham 1"): scenario 1 - Berhasil input pemegang saham 1

2022-03-28 12:26:15 - [MESSAGE][PASSED] - scenario 1 - Berhasil input pemegang saham 1

2022-03-28 12:26:15 - [TEST_STEP][PASSED] - delay(1): Delayed 1 second(s)

2022-03-28 12:26:16 - [MESSAGE][PASSED] - Delayed 1 second(s)

2022-03-28 12:26:16 - [TEST_STEP][PASSED] - click(findTestObject("Input_Corporate/Financial/li_Financial"), OPTIONAL): Object: 'Object Repository/Input_Corporate/Financial/li_Financial' is clicked on

2022-03-28 12:26:16 - [MESSAGE][PASSED] - Object: 'Object Repository/Input_Corporate/Financial/li_Financial' is clicked on

2022-03-28 12:26:16 - [TEST_STEP][PASSED] - delay(1): Delayed 1 second(s)

2022-03-28 12:26:17 - [MESSAGE][PASSED] - Delayed 1 second(s)

2022-03-28 12:26:17 - [TEST_STEP][PASSED] - takeFullPageScreenshotAsCheckpoint(userDir + sprint4WebScreenshootPath + "scenario-1-Masuk-Submenu-financial.png"): Taking screenshot successfully

2022-03-28 12:26:18 - [MESSAGE][INFO] - 0 hidden object(s)

2022-03-28 12:26:18 - [MESSAGE][PASSED] - Taking screenshot successfully
[[ATTACHMENT|C:\Users\elanf\git\BCAF_MEAPP_i3\Screenshoot\Sprint4\Web\keyes\keyes-scenario-1-Masuk-Submenu-financial.png]]

2022-03-28 12:26:18 - [TEST_STEP][PASSED] - markPassed("scenario 1 - Masuk submenu financial"): scenario 1 - Masuk submenu financial

2022-03-28 12:26:18 - [MESSAGE][PASSED] - scenario 1 - Masuk submenu financial

2022-03-28 12:26:18 - [TEST_STEP][PASSED] - delay(1): Delayed 1 second(s)

2022-03-28 12:26:19 - [MESSAGE][PASSED] - Delayed 1 second(s)

2022-03-28 12:26:19 - [TEST_STEP][PASSED] - click(findTestObject("Input_Corporate/Financial/button_Laporan Keuangan"), OPTIONAL): Object: 'Object Repository/Input_Corporate/Financial/button_Laporan Keuangan' is clicked on

2022-03-28 12:26:19 - [MESSAGE][PASSED] - Object: 'Object Repository/Input_Corporate/Financial/button_Laporan Keuangan' is clicked on

2022-03-28 12:26:19 - [TEST_STEP][PASSED] - delay(1): Delayed 1 second(s)

2022-03-28 12:26:20 - [MESSAGE][PASSED] - Delayed 1 second(s)

2022-03-28 12:26:20 - [TEST_STEP][PASSED] - click(findTestObject("Input_Corporate/Financial/a_Capture File"), OPTIONAL): Object: 'Object Repository/Input_Corporate/Financial/a_Capture File' is clicked on

2022-03-28 12:26:21 - [MESSAGE][PASSED] - Object: 'Object Repository/Input_Corporate/Financial/a_Capture File' is clicked on

2022-03-28 12:26:21 - [TEST_STEP][PASSED] - delay(1): Delayed 1 second(s)

2022-03-28 12:26:22 - [MESSAGE][PASSED] - Delayed 1 second(s)

2022-03-28 12:26:22 - [TEST_STEP][PASSED] - uploadFile(findTestObject("Input_Corporate/Capture_"), userDir + cobaKTP, OPTIONAL): File 'C:/Users/elanf/git/BCAF_MEAPP_i3/Assets/ktp_dummy.png' sent to object: 'Object Repository/Input_Corporate/Capture_'

2022-03-28 12:26:22 - [MESSAGE][PASSED] - File 'C:/Users/elanf/git/BCAF_MEAPP_i3/Assets/ktp_dummy.png' sent to object: 'Object Repository/Input_Corporate/Capture_'

2022-03-28 12:26:22 - [TEST_STEP][PASSED] - delay(1): Delayed 1 second(s)

2022-03-28 12:26:23 - [MESSAGE][PASSED] - Delayed 1 second(s)

2022-03-28 12:26:23 - [TEST_STEP][PASSED] - takeFullPageScreenshotAsCheckpoint(userDir + sprint4WebScreenshootPath + "scenario-1-berhasil-input-capture-laporan-keuangan.png"): Taking screenshot successfully

2022-03-28 12:26:24 - [MESSAGE][INFO] - 0 hidden object(s)

2022-03-28 12:26:24 - [MESSAGE][PASSED] - Taking screenshot successfully
[[ATTACHMENT|C:\Users\elanf\git\BCAF_MEAPP_i3\Screenshoot\Sprint4\Web\keyes\keyes-scenario-1-berhasil-input-capture-laporan-keuangan.png]]

2022-03-28 12:26:24 - [TEST_STEP][PASSED] - markPassed("scenario 1 - berhasil input capture laporan keuangan"): scenario 1 - berhasil input capture laporan keuangan

2022-03-28 12:26:24 - [MESSAGE][PASSED] - scenario 1 - berhasil input capture laporan keuangan

2022-03-28 12:26:24 - [TEST_STEP][PASSED] - delay(1): Delayed 1 second(s)

2022-03-28 12:26:25 - [MESSAGE][PASSED] - Delayed 1 second(s)

2022-03-28 12:26:25 - [TEST_STEP][PASSED] - click(findTestObject("Input_Corporate/Financial/button_Bukti Kepemilikan Rekening"), OPTIONAL): Object: 'Object Repository/Input_Corporate/Financial/button_Bukti Kepemilikan Rekening' is clicked on

2022-03-28 12:26:25 - [MESSAGE][PASSED] - Object: 'Object Repository/Input_Corporate/Financial/button_Bukti Kepemilikan Rekening' is clicked on

2022-03-28 12:26:25 - [TEST_STEP][PASSED] - delay(1): Delayed 1 second(s)

2022-03-28 12:26:26 - [MESSAGE][PASSED] - Delayed 1 second(s)

2022-03-28 12:26:26 - [TEST_STEP][PASSED] - click(findTestObject("Input_Corporate/Financial/a_Capture File"), OPTIONAL): Object: 'Object Repository/Input_Corporate/Financial/a_Capture File' is clicked on

2022-03-28 12:26:27 - [MESSAGE][PASSED] - Object: 'Object Repository/Input_Corporate/Financial/a_Capture File' is clicked on

2022-03-28 12:26:27 - [TEST_STEP][PASSED] - delay(1): Delayed 1 second(s)

2022-03-28 12:26:28 - [MESSAGE][PASSED] - Delayed 1 second(s)

2022-03-28 12:26:28 - [TEST_STEP][PASSED] - uploadFile(findTestObject("Input_Corporate/Capture_"), userDir + cobaKTP, OPTIONAL): File 'C:/Users/elanf/git/BCAF_MEAPP_i3/Assets/ktp_dummy.png' sent to object: 'Object Repository/Input_Corporate/Capture_'

2022-03-28 12:26:28 - [MESSAGE][PASSED] - File 'C:/Users/elanf/git/BCAF_MEAPP_i3/Assets/ktp_dummy.png' sent to object: 'Object Repository/Input_Corporate/Capture_'

2022-03-28 12:26:28 - [TEST_STEP][PASSED] - delay(1): Delayed 1 second(s)

2022-03-28 12:26:29 - [MESSAGE][PASSED] - Delayed 1 second(s)

2022-03-28 12:26:29 - [TEST_STEP][PASSED] - takeFullPageScreenshotAsCheckpoint(userDir + sprint4WebScreenshootPath + "scenario-1-behasil-input-capture-laporan-bukti-kepemilikan.png"): Taking screenshot successfully

2022-03-28 12:26:30 - [MESSAGE][INFO] - 0 hidden object(s)

2022-03-28 12:26:30 - [MESSAGE][PASSED] - Taking screenshot successfully
[[ATTACHMENT|C:\Users\elanf\git\BCAF_MEAPP_i3\Screenshoot\Sprint4\Web\keyes\keyes-scenario-1-behasil-input-capture-laporan-bukti-kepemilikan.png]]

2022-03-28 12:26:30 - [TEST_STEP][PASSED] - markPassed("scenario 1 - berhasil input capture laporan bukti kepemilikan"): scenario 1 - berhasil input capture laporan bukti kepemilikan

2022-03-28 12:26:30 - [MESSAGE][PASSED] - scenario 1 - berhasil input capture laporan bukti kepemilikan

2022-03-28 12:26:30 - [TEST_STEP][PASSED] - delay(1): Delayed 1 second(s)

2022-03-28 12:26:31 - [MESSAGE][PASSED] - Delayed 1 second(s)

2022-03-28 12:26:31 - [TEST_STEP][PASSED] - setText(findTestObject("Input_Corporate/Financial/input_BCA Branch_form-control ng-untouched ng-pristine ng-valid"), financial_BCABranch, OPTIONAL): Text 'BCA' is set on object 'Object Repository/Input_Corporate/Financial/input_BCA Branch_form-control ng-untouched ng-pristine ng-valid'

2022-03-28 12:26:32 - [MESSAGE][PASSED] - Text 'BCA' is set on object 'Object Repository/Input_Corporate/Financial/input_BCA Branch_form-control ng-untouched ng-pristine ng-valid'

2022-03-28 12:26:32 - [TEST_STEP][PASSED] - delay(1): Delayed 1 second(s)

2022-03-28 12:26:33 - [MESSAGE][PASSED] - Delayed 1 second(s)

2022-03-28 12:26:33 - [TEST_STEP][PASSED] - setText(findTestObject("Input_Corporate/Financial/input_Account No. 10 Digit_form-control ng-untouched ng-pristine ng-valid"), financial_rekNum, OPTIONAL): Text '2343235657' is set on object 'Object Repository/Input_Corporate/Financial/input_Account No. 10 Digit_form-control ng-untouched ng-pristine ng-valid'

2022-03-28 12:26:34 - [MESSAGE][PASSED] - Text '2343235657' is set on object 'Object Repository/Input_Corporate/Financial/input_Account No. 10 Digit_form-control ng-untouched ng-pristine ng-valid'

2022-03-28 12:26:34 - [TEST_STEP][PASSED] - delay(1): Delayed 1 second(s)

2022-03-28 12:26:35 - [MESSAGE][PASSED] - Delayed 1 second(s)

2022-03-28 12:26:35 - [TEST_STEP][PASSED] - takeFullPageScreenshotAsCheckpoint(userDir + sprint4WebScreenshootPath + "scenario-1-berhasil-input-branch-dan-account-10digit-pada-submenu-financial.png"): Taking screenshot successfully

2022-03-28 12:26:35 - [MESSAGE][INFO] - 0 hidden object(s)

2022-03-28 12:26:36 - [MESSAGE][PASSED] - Taking screenshot successfully
[[ATTACHMENT|C:\Users\elanf\git\BCAF_MEAPP_i3\Screenshoot\Sprint4\Web\keyes\keyes-scenario-1-berhasil-input-branch-dan-account-10digit-pada-submenu-financial.png]]

2022-03-28 12:26:36 - [TEST_STEP][PASSED] - markPassed("scenario 1 - berhasil input branch dan account 10 digit pada submenu financial"): scenario 1 - berhasil input branch dan account 10 digit pada submenu financial

2022-03-28 12:26:36 - [MESSAGE][PASSED] - scenario 1 - berhasil input branch dan account 10 digit pada submenu financial

2022-03-28 12:26:36 - [TEST_STEP][PASSED] - delay(1): Delayed 1 second(s)

2022-03-28 12:26:37 - [MESSAGE][PASSED] - Delayed 1 second(s)

2022-03-28 12:26:37 - [TEST_STEP][PASSED] - click(findTestObject("Input_Corporate/Contact_Person/a_Contact Person"), OPTIONAL): Object: 'Object Repository/Input_Corporate/Contact_Person/a_Contact Person' is clicked on

2022-03-28 12:26:37 - [MESSAGE][PASSED] - Object: 'Object Repository/Input_Corporate/Contact_Person/a_Contact Person' is clicked on

2022-03-28 12:26:37 - [TEST_STEP][PASSED] - delay(1): Delayed 1 second(s)

2022-03-28 12:26:38 - [MESSAGE][PASSED] - Delayed 1 second(s)

2022-03-28 12:26:38 - [TEST_STEP][PASSED] - click(findTestObject("Input_Corporate/Contact_Person/input_Yes_inline-radios_No"), OPTIONAL): Object: 'Object Repository/Input_Corporate/Contact_Person/input_Yes_inline-radios_No' is clicked on

2022-03-28 12:26:39 - [MESSAGE][PASSED] - Object: 'Object Repository/Input_Corporate/Contact_Person/input_Yes_inline-radios_No' is clicked on

2022-03-28 12:26:39 - [TEST_STEP][PASSED] - delay(1): Delayed 1 second(s)

2022-03-28 12:26:40 - [MESSAGE][PASSED] - Delayed 1 second(s)

2022-03-28 12:26:40 - [TEST_STEP][PASSED] - takeFullPageScreenshotAsCheckpoint(userDir + sprint4WebScreenshootPath + "scenario-1-berhasil-input-contact-person.png"): Taking screenshot successfully

2022-03-28 12:26:40 - [MESSAGE][INFO] - 0 hidden object(s)

2022-03-28 12:26:40 - [MESSAGE][PASSED] - Taking screenshot successfully
[[ATTACHMENT|C:\Users\elanf\git\BCAF_MEAPP_i3\Screenshoot\Sprint4\Web\keyes\keyes-scenario-1-berhasil-input-contact-person.png]]

2022-03-28 12:26:40 - [TEST_STEP][PASSED] - markPassed("scenario 1 - berhasil input contact person"): scenario 1 - berhasil input contact person

2022-03-28 12:26:40 - [MESSAGE][PASSED] - scenario 1 - berhasil input contact person

2022-03-28 12:26:40 - [TEST_STEP][PASSED] - delay(1): Delayed 1 second(s)

2022-03-28 12:26:41 - [MESSAGE][PASSED] - Delayed 1 second(s)

2022-03-28 12:26:41 - [TEST_STEP][PASSED] - click(findTestObject("Input_Corporate/Other_Document/a_Other Document"), OPTIONAL): Object: 'Object Repository/Input_Corporate/Other_Document/a_Other Document' is clicked on

2022-03-28 12:26:42 - [MESSAGE][PASSED] - Object: 'Object Repository/Input_Corporate/Other_Document/a_Other Document' is clicked on

2022-03-28 12:26:42 - [TEST_STEP][PASSED] - delay(1): Delayed 1 second(s)

2022-03-28 12:26:43 - [MESSAGE][PASSED] - Delayed 1 second(s)

2022-03-28 12:26:43 - [TEST_STEP][PASSED] - takeFullPageScreenshotAsCheckpoint(userDir + sprint4WebScreenshootPath + "scenario-1-Masuk-menu-other-document.png"): Taking screenshot successfully

2022-03-28 12:26:43 - [MESSAGE][INFO] - 0 hidden object(s)

2022-03-28 12:26:43 - [MESSAGE][PASSED] - Taking screenshot successfully
[[ATTACHMENT|C:\Users\elanf\git\BCAF_MEAPP_i3\Screenshoot\Sprint4\Web\keyes\keyes-scenario-1-Masuk-menu-other-document.png]]

2022-03-28 12:26:43 - [TEST_STEP][PASSED] - markPassed("scenario 1 - Masuk menu other document"): scenario 1 - Masuk menu other document

2022-03-28 12:26:43 - [MESSAGE][PASSED] - scenario 1 - Masuk menu other document

2022-03-28 12:26:43 - [TEST_STEP][PASSED] - delay(1): Delayed 1 second(s)

2022-03-28 12:26:44 - [MESSAGE][PASSED] - Delayed 1 second(s)]]></system-out>
         <system-err><![CDATA[]]></system-err>
      </testcase>
      <testcase name="Test Cases/Sprint 4/Skenario 1/01-03-01-Transaction-AppPending-InputData-Information" time="64.244" classname="Test Cases/Sprint 4/Skenario 1/01-03-01-Transaction-AppPending-InputData-Information" status="PASSED">
         <system-out><![CDATA[2022-03-28 12:26:44 - [TEST_CASE][PASSED] - Test Cases/Sprint 4/Skenario 1/01-03-01-Transaction-AppPending-InputData-Information: Test Cases/Sprint 4/Skenario 1/01-03-01-Transaction-AppPending-InputData-Information

2022-03-28 12:26:45 - [TEST_STEP][PASSED] - userDir = getProjectDir(): null

2022-03-28 12:26:45 - [TEST_STEP][PASSED] - delay(1): Delayed 1 second(s)

2022-03-28 12:26:46 - [MESSAGE][PASSED] - Delayed 1 second(s)

2022-03-28 12:26:46 - [TEST_STEP][PASSED] - click(findTestObject("ME_AppPending/span_Collateral dan Loan")): Object: 'Object Repository/ME_AppPending/span_Collateral dan Loan' is clicked on

2022-03-28 12:26:46 - [MESSAGE][PASSED] - Object: 'Object Repository/ME_AppPending/span_Collateral dan Loan' is clicked on

2022-03-28 12:26:46 - [TEST_STEP][PASSED] - delay(1): Delayed 1 second(s)

2022-03-28 12:26:47 - [MESSAGE][PASSED] - Delayed 1 second(s)

2022-03-28 12:26:47 - [TEST_STEP][PASSED] - takeFullPageScreenshotAsCheckpoint(userDir + sprint4WebScreenshootPath + "scenario-1-masuk-menu-collateral-dan-loan.png"): Taking screenshot successfully

2022-03-28 12:26:48 - [MESSAGE][INFO] - 0 hidden object(s)

2022-03-28 12:26:48 - [MESSAGE][PASSED] - Taking screenshot successfully
[[ATTACHMENT|C:\Users\elanf\git\BCAF_MEAPP_i3\Screenshoot\Sprint4\Web\keyes\keyes-scenario-1-masuk-menu-collateral-dan-loan.png]]

2022-03-28 12:26:48 - [TEST_STEP][PASSED] - markPassed("scenario 1 - Masuk menu collateral dan loan"): scenario 1 - Masuk menu collateral dan loan

2022-03-28 12:26:48 - [MESSAGE][PASSED] - scenario 1 - Masuk menu collateral dan loan

2022-03-28 12:26:48 - [TEST_STEP][PASSED] - delay(1): Delayed 1 second(s)

2022-03-28 12:26:49 - [MESSAGE][PASSED] - Delayed 1 second(s)

2022-03-28 12:26:49 - [TEST_STEP][PASSED] - click(findTestObject("ME_CollateralandLoan_information/li_Information")): Object: 'Object Repository/ME_CollateralandLoan_information/li_Information' is clicked on

2022-03-28 12:26:49 - [MESSAGE][PASSED] - Object: 'Object Repository/ME_CollateralandLoan_information/li_Information' is clicked on

2022-03-28 12:26:49 - [TEST_STEP][PASSED] - delay(1): Delayed 1 second(s)

2022-03-28 12:26:50 - [MESSAGE][PASSED] - Delayed 1 second(s)

2022-03-28 12:26:50 - [TEST_STEP][PASSED] - click(findTestObject("ME_CollateralandLoan_information/input_jenispengajuan1"), OPTIONAL): Object: 'Object Repository/ME_CollateralandLoan_information/input_jenispengajuan1' is clicked on

2022-03-28 12:26:51 - [MESSAGE][PASSED] - Object: 'Object Repository/ME_CollateralandLoan_information/input_jenispengajuan1' is clicked on

2022-03-28 12:26:51 - [TEST_STEP][PASSED] - delay(1): Delayed 1 second(s)

2022-03-28 12:26:52 - [MESSAGE][PASSED] - Delayed 1 second(s)

2022-03-28 12:26:52 - [TEST_STEP][PASSED] - setText(findTestObject("ME_CollateralandLoan_information/input_jenispengajuan1"), information_jenisPengajuan, OPTIONAL): Text 'mobil bekas' is set on object 'Object Repository/ME_CollateralandLoan_information/input_jenispengajuan1'

2022-03-28 12:26:53 - [MESSAGE][PASSED] - Text 'mobil bekas' is set on object 'Object Repository/ME_CollateralandLoan_information/input_jenispengajuan1'

2022-03-28 12:26:53 - [TEST_STEP][PASSED] - delay(1): Delayed 1 second(s)

2022-03-28 12:26:54 - [MESSAGE][PASSED] - Delayed 1 second(s)

2022-03-28 12:26:54 - [TEST_STEP][PASSED] - takeFullPageScreenshotAsCheckpoint(userDir + sprint4WebScreenshootPath + "scenario-1-input-jenis-pengajuan.png"): Taking screenshot successfully

2022-03-28 12:26:54 - [MESSAGE][INFO] - 0 hidden object(s)

2022-03-28 12:26:54 - [MESSAGE][PASSED] - Taking screenshot successfully
[[ATTACHMENT|C:\Users\elanf\git\BCAF_MEAPP_i3\Screenshoot\Sprint4\Web\keyes\keyes-scenario-1-input-jenis-pengajuan.png]]

2022-03-28 12:26:54 - [TEST_STEP][PASSED] - markPassed("scenario 1 - Input Jenis Pengajuan"): scenario 1 - Input Jenis Pengajuan

2022-03-28 12:26:54 - [MESSAGE][PASSED] - scenario 1 - Input Jenis Pengajuan

2022-03-28 12:26:54 - [TEST_STEP][PASSED] - delay(1): Delayed 1 second(s)

2022-03-28 12:26:55 - [MESSAGE][PASSED] - Delayed 1 second(s)

2022-03-28 12:26:55 - [TEST_STEP][PASSED] - click(findTestObject("ME_CollateralandLoan_information/div_Mobil Bekas")): Object: 'Object Repository/ME_CollateralandLoan_information/div_Mobil Bekas' is clicked on

2022-03-28 12:26:56 - [MESSAGE][PASSED] - Object: 'Object Repository/ME_CollateralandLoan_information/div_Mobil Bekas' is clicked on

2022-03-28 12:26:56 - [TEST_STEP][PASSED] - delay(1): Delayed 1 second(s)

2022-03-28 12:26:57 - [MESSAGE][PASSED] - Delayed 1 second(s)

2022-03-28 12:26:57 - [TEST_STEP][PASSED] - click(findTestObject("ME_CollateralandLoan_information/input_tujuankredit"), OPTIONAL): Object: 'Object Repository/ME_CollateralandLoan_information/input_tujuankredit' is clicked on

2022-03-28 12:26:57 - [MESSAGE][PASSED] - Object: 'Object Repository/ME_CollateralandLoan_information/input_tujuankredit' is clicked on

2022-03-28 12:26:57 - [TEST_STEP][PASSED] - delay(1): Delayed 1 second(s)

2022-03-28 12:26:58 - [MESSAGE][PASSED] - Delayed 1 second(s)

2022-03-28 12:26:58 - [TEST_STEP][PASSED] - setText(findTestObject("ME_CollateralandLoan_information/input_tujuankredit"), information_tujuanKredit, OPTIONAL): Text 'pembelian aset' is set on object 'Object Repository/ME_CollateralandLoan_information/input_tujuankredit'

2022-03-28 12:26:59 - [MESSAGE][PASSED] - Text 'pembelian aset' is set on object 'Object Repository/ME_CollateralandLoan_information/input_tujuankredit'

2022-03-28 12:26:59 - [TEST_STEP][PASSED] - delay(1): Delayed 1 second(s)

2022-03-28 12:27:00 - [MESSAGE][PASSED] - Delayed 1 second(s)

2022-03-28 12:27:00 - [TEST_STEP][PASSED] - takeFullPageScreenshotAsCheckpoint(userDir + sprint4WebScreenshootPath + "scenario-1-input-tujuan-pengajuan.png"): Taking screenshot successfully

2022-03-28 12:27:00 - [MESSAGE][INFO] - 0 hidden object(s)

2022-03-28 12:27:01 - [MESSAGE][PASSED] - Taking screenshot successfully
[[ATTACHMENT|C:\Users\elanf\git\BCAF_MEAPP_i3\Screenshoot\Sprint4\Web\keyes\keyes-scenario-1-input-tujuan-pengajuan.png]]

2022-03-28 12:27:01 - [TEST_STEP][PASSED] - markPassed("scenario 1 - Input Tujuan Pengajuan"): scenario 1 - Input Tujuan Pengajuan

2022-03-28 12:27:01 - [MESSAGE][PASSED] - scenario 1 - Input Tujuan Pengajuan

2022-03-28 12:27:01 - [TEST_STEP][PASSED] - delay(1): Delayed 1 second(s)

2022-03-28 12:27:02 - [MESSAGE][PASSED] - Delayed 1 second(s)

2022-03-28 12:27:02 - [TEST_STEP][PASSED] - click(findTestObject("ME_CollateralandLoan_information/div_Pembelian Aset")): Object: 'Object Repository/ME_CollateralandLoan_information/div_Pembelian Aset' is clicked on

2022-03-28 12:27:02 - [MESSAGE][PASSED] - Object: 'Object Repository/ME_CollateralandLoan_information/div_Pembelian Aset' is clicked on

2022-03-28 12:27:02 - [TEST_STEP][PASSED] - delay(1): Delayed 1 second(s)

2022-03-28 12:27:03 - [MESSAGE][PASSED] - Delayed 1 second(s)

2022-03-28 12:27:03 - [TEST_STEP][PASSED] - click(findTestObject("ME_CollateralandLoan_information/button_Payment")): Object: 'Object Repository/ME_CollateralandLoan_information/button_Payment' is clicked on

2022-03-28 12:27:03 - [MESSAGE][PASSED] - Object: 'Object Repository/ME_CollateralandLoan_information/button_Payment' is clicked on

2022-03-28 12:27:03 - [TEST_STEP][PASSED] - delay(1): Delayed 1 second(s)

2022-03-28 12:27:04 - [MESSAGE][PASSED] - Delayed 1 second(s)

2022-03-28 12:27:04 - [TEST_STEP][PASSED] - click(findTestObject("ME_CollateralandLoan_information/input_autodebet")): Object: 'Object Repository/ME_CollateralandLoan_information/input_autodebet' is clicked on

2022-03-28 12:27:05 - [MESSAGE][PASSED] - Object: 'Object Repository/ME_CollateralandLoan_information/input_autodebet' is clicked on

2022-03-28 12:27:05 - [TEST_STEP][PASSED] - delay(1): Delayed 1 second(s)

2022-03-28 12:27:06 - [MESSAGE][PASSED] - Delayed 1 second(s)

2022-03-28 12:27:06 - [TEST_STEP][PASSED] - takeFullPageScreenshotAsCheckpoint(userDir + sprint4WebScreenshootPath + "scenario-1-input-payment.png"): Taking screenshot successfully

2022-03-28 12:27:07 - [MESSAGE][INFO] - 0 hidden object(s)

2022-03-28 12:27:07 - [MESSAGE][PASSED] - Taking screenshot successfully
[[ATTACHMENT|C:\Users\elanf\git\BCAF_MEAPP_i3\Screenshoot\Sprint4\Web\keyes\keyes-scenario-1-input-payment.png]]

2022-03-28 12:27:07 - [TEST_STEP][PASSED] - markPassed("scenario 1 - Input Payment"): scenario 1 - Input Payment

2022-03-28 12:27:07 - [MESSAGE][PASSED] - scenario 1 - Input Payment

2022-03-28 12:27:07 - [TEST_STEP][PASSED] - delay(1): Delayed 1 second(s)

2022-03-28 12:27:08 - [MESSAGE][PASSED] - Delayed 1 second(s)

2022-03-28 12:27:08 - [TEST_STEP][PASSED] - click(findTestObject("ME_CollateralandLoan_information/div_Auto Debet")): Object: 'Object Repository/ME_CollateralandLoan_information/div_Auto Debet' is clicked on

2022-03-28 12:27:08 - [MESSAGE][PASSED] - Object: 'Object Repository/ME_CollateralandLoan_information/div_Auto Debet' is clicked on

2022-03-28 12:27:08 - [TEST_STEP][PASSED] - delay(1): Delayed 1 second(s)

2022-03-28 12:27:09 - [MESSAGE][PASSED] - Delayed 1 second(s)

2022-03-28 12:27:09 - [TEST_STEP][PASSED] - setText(findTestObject("ME_CollateralandLoan_information/input_Account No. 10 Digit_text-input-account-no"), information_accountNum): Text '11111111111' is set on object 'Object Repository/ME_CollateralandLoan_information/input_Account No. 10 Digit_text-input-account-no'

2022-03-28 12:27:10 - [MESSAGE][PASSED] - Text '11111111111' is set on object 'Object Repository/ME_CollateralandLoan_information/input_Account No. 10 Digit_text-input-account-no'

2022-03-28 12:27:10 - [TEST_STEP][PASSED] - delay(1): Delayed 1 second(s)

2022-03-28 12:27:11 - [MESSAGE][PASSED] - Delayed 1 second(s)

2022-03-28 12:27:11 - [TEST_STEP][PASSED] - click(findTestObject("ME_CollateralandLoan_information/input_Account No. 10 Digit_inline-checkbox-autodebetNoRek"), OPTIONAL): Object: 'Object Repository/ME_CollateralandLoan_information/input_Account No. 10 Digit_inline-checkbox-autodebetNoRek' is clicked on

2022-03-28 12:27:12 - [MESSAGE][PASSED] - Object: 'Object Repository/ME_CollateralandLoan_information/input_Account No. 10 Digit_inline-checkbox-autodebetNoRek' is clicked on

2022-03-28 12:27:12 - [TEST_STEP][PASSED] - click(findTestObject("ME_CollateralandLoan_information/Capture_rekeningautodebet")): Object: 'Object Repository/ME_CollateralandLoan_information/Capture_rekeningautodebet' is clicked on

2022-03-28 12:27:12 - [MESSAGE][PASSED] - Object: 'Object Repository/ME_CollateralandLoan_information/Capture_rekeningautodebet' is clicked on

2022-03-28 12:27:12 - [TEST_STEP][PASSED] - delay(1): Delayed 1 second(s)

2022-03-28 12:27:13 - [MESSAGE][PASSED] - Delayed 1 second(s)

2022-03-28 12:27:13 - [TEST_STEP][PASSED] - uploadFile(findTestObject("MEApp_AppBaru_InisiasiKonsumen/Capture_"), userDir + pathfinder_npwp): File 'C:/Users/elanf/git/BCAF_MEAPP_i3/Assets/npwp-dummy.jpg' sent to object: 'Object Repository/MEApp_AppBaru_InisiasiKonsumen/Capture_'

2022-03-28 12:27:14 - [MESSAGE][PASSED] - File 'C:/Users/elanf/git/BCAF_MEAPP_i3/Assets/npwp-dummy.jpg' sent to object: 'Object Repository/MEApp_AppBaru_InisiasiKonsumen/Capture_'

2022-03-28 12:27:14 - [TEST_STEP][PASSED] - setText(findTestObject("ME_CollateralandLoan_information/input_Account No. 10 Digit_noRekening"), information_accountNum2): Text '11111111111' is set on object 'Object Repository/ME_CollateralandLoan_information/input_Account No. 10 Digit_noRekening'

2022-03-28 12:27:15 - [MESSAGE][PASSED] - Text '11111111111' is set on object 'Object Repository/ME_CollateralandLoan_information/input_Account No. 10 Digit_noRekening'

2022-03-28 12:27:15 - [TEST_STEP][PASSED] - delay(1): Delayed 1 second(s)

2022-03-28 12:27:16 - [MESSAGE][PASSED] - Delayed 1 second(s)

2022-03-28 12:27:16 - [TEST_STEP][PASSED] - setText(findTestObject("ME_CollateralandLoan_information/input_Cabang BCA_cabangBca"), information_cabang): Text 'jakarta selatan' is set on object 'Object Repository/ME_CollateralandLoan_information/input_Cabang BCA_cabangBca'

2022-03-28 12:27:17 - [MESSAGE][PASSED] - Text 'jakarta selatan' is set on object 'Object Repository/ME_CollateralandLoan_information/input_Cabang BCA_cabangBca'

2022-03-28 12:27:17 - [TEST_STEP][PASSED] - delay(1): Delayed 1 second(s)

2022-03-28 12:27:18 - [MESSAGE][PASSED] - Delayed 1 second(s)

2022-03-28 12:27:18 - [TEST_STEP][PASSED] - setText(findTestObject("ME_CollateralandLoan_information/input_Nama Pemilik Rekening_form-control ng-untouched ng-pristine ng-invalid"), information_namaPemilikRek): Text 'afgan' is set on object 'Object Repository/ME_CollateralandLoan_information/input_Nama Pemilik Rekening_form-control ng-untouched ng-pristine ng-invalid'

2022-03-28 12:27:19 - [MESSAGE][PASSED] - Text 'afgan' is set on object 'Object Repository/ME_CollateralandLoan_information/input_Nama Pemilik Rekening_form-control ng-untouched ng-pristine ng-invalid'

2022-03-28 12:27:19 - [TEST_STEP][PASSED] - delay(1): Delayed 1 second(s)

2022-03-28 12:27:20 - [MESSAGE][PASSED] - Delayed 1 second(s)

2022-03-28 12:27:20 - [TEST_STEP][PASSED] - setText(findTestObject("ME_CollateralandLoan_information/input_No KTP_form-control ng-untouched ng-pristine ng-invalid"), information_noKTP): Text '22222222222222' is set on object 'Object Repository/ME_CollateralandLoan_information/input_No KTP_form-control ng-untouched ng-pristine ng-invalid'

2022-03-28 12:27:21 - [MESSAGE][PASSED] - Text '22222222222222' is set on object 'Object Repository/ME_CollateralandLoan_information/input_No KTP_form-control ng-untouched ng-pristine ng-invalid'

2022-03-28 12:27:21 - [TEST_STEP][PASSED] - delay(1): Delayed 1 second(s)

2022-03-28 12:27:22 - [MESSAGE][PASSED] - Delayed 1 second(s)

2022-03-28 12:27:22 - [TEST_STEP][PASSED] - takeFullPageScreenshotAsCheckpoint(userDir + sprint4WebScreenshootPath + "scenario-1-input-data-autodebit.png"): Taking screenshot successfully

2022-03-28 12:27:22 - [MESSAGE][INFO] - 0 hidden object(s)

2022-03-28 12:27:23 - [MESSAGE][PASSED] - Taking screenshot successfully
[[ATTACHMENT|C:\Users\elanf\git\BCAF_MEAPP_i3\Screenshoot\Sprint4\Web\keyes\keyes-scenario-1-input-data-autodebit.png]]

2022-03-28 12:27:23 - [TEST_STEP][PASSED] - markPassed("scenario 1 - Input data autodebit"): scenario 1 - Input data autodebit

2022-03-28 12:27:23 - [MESSAGE][PASSED] - scenario 1 - Input data autodebit

2022-03-28 12:27:23 - [TEST_STEP][PASSED] - delay(1): Delayed 1 second(s)

2022-03-28 12:27:24 - [MESSAGE][PASSED] - Delayed 1 second(s)

2022-03-28 12:27:24 - [TEST_STEP][PASSED] - click(findTestObject("ME_CollateralandLoan_information/button_Mutasi Rekening")): Object: 'Object Repository/ME_CollateralandLoan_information/button_Mutasi Rekening' is clicked on

2022-03-28 12:27:24 - [MESSAGE][PASSED] - Object: 'Object Repository/ME_CollateralandLoan_information/button_Mutasi Rekening' is clicked on

2022-03-28 12:27:24 - [TEST_STEP][PASSED] - delay(1): Delayed 1 second(s)

2022-03-28 12:27:25 - [MESSAGE][PASSED] - Delayed 1 second(s)

2022-03-28 12:27:25 - [TEST_STEP][PASSED] - takeFullPageScreenshotAsCheckpoint(userDir + sprint4WebScreenshootPath + "scenario-1-masuk-submenu-input-mutasi-rekening.png"): Taking screenshot successfully

2022-03-28 12:27:26 - [MESSAGE][INFO] - 0 hidden object(s)

2022-03-28 12:27:26 - [MESSAGE][PASSED] - Taking screenshot successfully
[[ATTACHMENT|C:\Users\elanf\git\BCAF_MEAPP_i3\Screenshoot\Sprint4\Web\keyes\keyes-scenario-1-masuk-submenu-input-mutasi-rekening.png]]

2022-03-28 12:27:26 - [TEST_STEP][PASSED] - markPassed("scenario 1 - Masuk submenu input mutasi rekening"): scenario 1 - Masuk submenu input mutasi rekening

2022-03-28 12:27:26 - [MESSAGE][PASSED] - scenario 1 - Masuk submenu input mutasi rekening

2022-03-28 12:27:26 - [TEST_STEP][PASSED] - delay(1): Delayed 1 second(s)

2022-03-28 12:27:27 - [MESSAGE][PASSED] - Delayed 1 second(s)

2022-03-28 12:27:27 - [TEST_STEP][PASSED] - click(findTestObject("ME_CollateralandLoan_information/button_Add Mutasi Rekening")): Object: 'Object Repository/ME_CollateralandLoan_information/button_Add Mutasi Rekening' is clicked on

2022-03-28 12:27:28 - [MESSAGE][PASSED] - Object: 'Object Repository/ME_CollateralandLoan_information/button_Add Mutasi Rekening' is clicked on

2022-03-28 12:27:28 - [TEST_STEP][PASSED] - delay(1): Delayed 1 second(s)

2022-03-28 12:27:29 - [MESSAGE][PASSED] - Delayed 1 second(s)

2022-03-28 12:27:29 - [TEST_STEP][PASSED] - takeFullPageScreenshotAsCheckpoint(userDir + sprint4WebScreenshootPath + "scenario-1-sebelum-input-data-mutasi-rekening.png"): Taking screenshot successfully

2022-03-28 12:27:29 - [MESSAGE][INFO] - 0 hidden object(s)

2022-03-28 12:27:30 - [MESSAGE][PASSED] - Taking screenshot successfully
[[ATTACHMENT|C:\Users\elanf\git\BCAF_MEAPP_i3\Screenshoot\Sprint4\Web\keyes\keyes-scenario-1-sebelum-input-data-mutasi-rekening.png]]

2022-03-28 12:27:30 - [TEST_STEP][PASSED] - markPassed("scenario 1 - sebelum input data mutasi rekening"): scenario 1 - sebelum input data mutasi rekening

2022-03-28 12:27:30 - [MESSAGE][PASSED] - scenario 1 - sebelum input data mutasi rekening

2022-03-28 12:27:30 - [TEST_STEP][PASSED] - delay(1): Delayed 1 second(s)

2022-03-28 12:27:31 - [MESSAGE][PASSED] - Delayed 1 second(s)

2022-03-28 12:27:31 - [TEST_STEP][PASSED] - click(findTestObject("ME_CollateralandLoan_information/a_Capture File_mutasirek")): Object: 'Object Repository/ME_CollateralandLoan_information/a_Capture File_mutasirek' is clicked on

2022-03-28 12:27:31 - [MESSAGE][PASSED] - Object: 'Object Repository/ME_CollateralandLoan_information/a_Capture File_mutasirek' is clicked on

2022-03-28 12:27:31 - [TEST_STEP][PASSED] - delay(1): Delayed 1 second(s)

2022-03-28 12:27:32 - [MESSAGE][PASSED] - Delayed 1 second(s)

2022-03-28 12:27:32 - [TEST_STEP][PASSED] - uploadFile(findTestObject("MEApp_AppBaru_InisiasiKonsumen/Capture_"), userDir + pathfinder_npwp): File 'C:/Users/elanf/git/BCAF_MEAPP_i3/Assets/npwp-dummy.jpg' sent to object: 'Object Repository/MEApp_AppBaru_InisiasiKonsumen/Capture_'

2022-03-28 12:27:32 - [MESSAGE][PASSED] - File 'C:/Users/elanf/git/BCAF_MEAPP_i3/Assets/npwp-dummy.jpg' sent to object: 'Object Repository/MEApp_AppBaru_InisiasiKonsumen/Capture_'

2022-03-28 12:27:32 - [TEST_STEP][PASSED] - delay(1): Delayed 1 second(s)

2022-03-28 12:27:33 - [MESSAGE][PASSED] - Delayed 1 second(s)

2022-03-28 12:27:33 - [TEST_STEP][PASSED] - setText(findTestObject("ME_CollateralandLoan_information/input_Mutasi Debit_form-control text-right ng-untouched ng-pristine ng-valid"), information_mutasiDebit): Text '10000000' is set on object 'Object Repository/ME_CollateralandLoan_information/input_Mutasi Debit_form-control text-right ng-untouched ng-pristine ng-valid'

2022-03-28 12:27:34 - [MESSAGE][PASSED] - Text '10000000' is set on object 'Object Repository/ME_CollateralandLoan_information/input_Mutasi Debit_form-control text-right ng-untouched ng-pristine ng-valid'

2022-03-28 12:27:34 - [TEST_STEP][PASSED] - delay(1): Delayed 1 second(s)

2022-03-28 12:27:35 - [MESSAGE][PASSED] - Delayed 1 second(s)

2022-03-28 12:27:35 - [TEST_STEP][PASSED] - setText(findTestObject("ME_CollateralandLoan_information/input_Mutasi Kredit_form-control text-right ng-untouched ng-pristine ng-valid"), information_mutasiKredit): Text '10000000' is set on object 'Object Repository/ME_CollateralandLoan_information/input_Mutasi Kredit_form-control text-right ng-untouched ng-pristine ng-valid'

2022-03-28 12:27:36 - [MESSAGE][PASSED] - Text '10000000' is set on object 'Object Repository/ME_CollateralandLoan_information/input_Mutasi Kredit_form-control text-right ng-untouched ng-pristine ng-valid'

2022-03-28 12:27:36 - [TEST_STEP][PASSED] - delay(1): Delayed 1 second(s)

2022-03-28 12:27:37 - [MESSAGE][PASSED] - Delayed 1 second(s)

2022-03-28 12:27:37 - [TEST_STEP][PASSED] - setText(findTestObject("ME_CollateralandLoan_information/input_Mutasi Saldo_form-control text-right ng-untouched ng-pristine ng-valid"), information_mutasiSaldo): Text '10000000' is set on object 'Object Repository/ME_CollateralandLoan_information/input_Mutasi Saldo_form-control text-right ng-untouched ng-pristine ng-valid'

2022-03-28 12:27:38 - [MESSAGE][PASSED] - Text '10000000' is set on object 'Object Repository/ME_CollateralandLoan_information/input_Mutasi Saldo_form-control text-right ng-untouched ng-pristine ng-valid'

2022-03-28 12:27:38 - [TEST_STEP][PASSED] - delay(1): Delayed 1 second(s)

2022-03-28 12:27:39 - [MESSAGE][PASSED] - Delayed 1 second(s)

2022-03-28 12:27:39 - [TEST_STEP][PASSED] - takeFullPageScreenshotAsCheckpoint(userDir + sprint4WebScreenshootPath + "scenario-1-input-data-mutasi-rekening.png"): Taking screenshot successfully

2022-03-28 12:27:39 - [MESSAGE][INFO] - 0 hidden object(s)

2022-03-28 12:27:40 - [MESSAGE][PASSED] - Taking screenshot successfully
[[ATTACHMENT|C:\Users\elanf\git\BCAF_MEAPP_i3\Screenshoot\Sprint4\Web\keyes\keyes-scenario-1-input-data-mutasi-rekening.png]]

2022-03-28 12:27:40 - [TEST_STEP][PASSED] - markPassed("scenario 1 - input data mutasi rekening"): scenario 1 - input data mutasi rekening

2022-03-28 12:27:40 - [MESSAGE][PASSED] - scenario 1 - input data mutasi rekening

2022-03-28 12:27:40 - [TEST_STEP][PASSED] - delay(1): Delayed 1 second(s)

2022-03-28 12:27:41 - [MESSAGE][PASSED] - Delayed 1 second(s)

2022-03-28 12:27:41 - [TEST_STEP][PASSED] - click(findTestObject("ME_CollateralandLoan_information/button_Add"), OPTIONAL): Object: 'Object Repository/ME_CollateralandLoan_information/button_Add' is clicked on

2022-03-28 12:27:41 - [MESSAGE][PASSED] - Object: 'Object Repository/ME_CollateralandLoan_information/button_Add' is clicked on

2022-03-28 12:27:41 - [TEST_STEP][PASSED] - delay(1): Delayed 1 second(s)

2022-03-28 12:27:42 - [MESSAGE][PASSED] - Delayed 1 second(s)

2022-03-28 12:27:42 - [TEST_STEP][PASSED] - click(findTestObject("ME_CollateralandLoan_information/button_View Detail_btn btn-edit ng-star-inserted"), OPTIONAL): Object: 'Object Repository/ME_CollateralandLoan_information/button_View Detail_btn btn-edit ng-star-inserted' is clicked on

2022-03-28 12:27:43 - [MESSAGE][PASSED] - Object: 'Object Repository/ME_CollateralandLoan_information/button_View Detail_btn btn-edit ng-star-inserted' is clicked on

2022-03-28 12:27:43 - [TEST_STEP][PASSED] - delay(1): Delayed 1 second(s)

2022-03-28 12:27:44 - [MESSAGE][PASSED] - Delayed 1 second(s)

2022-03-28 12:27:44 - [TEST_STEP][PASSED] - click(findTestObject("ME_CollateralandLoan_information/button_Save"), OPTIONAL): Object: 'Object Repository/ME_CollateralandLoan_information/button_Save' is clicked on

2022-03-28 12:27:44 - [MESSAGE][PASSED] - Object: 'Object Repository/ME_CollateralandLoan_information/button_Save' is clicked on

2022-03-28 12:27:44 - [TEST_STEP][PASSED] - delay(1): Delayed 1 second(s)

2022-03-28 12:27:45 - [MESSAGE][PASSED] - Delayed 1 second(s)

2022-03-28 12:27:45 - [TEST_STEP][PASSED] - click(findTestObject("ME_CollateralandLoan_information/a_View Detail_mutasirekening"), OPTIONAL): Object: 'Object Repository/ME_CollateralandLoan_information/a_View Detail_mutasirekening' is clicked on

2022-03-28 12:27:46 - [MESSAGE][PASSED] - Object: 'Object Repository/ME_CollateralandLoan_information/a_View Detail_mutasirekening' is clicked on

2022-03-28 12:27:46 - [TEST_STEP][PASSED] - delay(1): Delayed 1 second(s)

2022-03-28 12:27:47 - [MESSAGE][PASSED] - Delayed 1 second(s)

2022-03-28 12:27:47 - [TEST_STEP][PASSED] - takeFullPageScreenshotAsCheckpoint(userDir + sprint4WebScreenshootPath + "scenario-1-berhasil-mengisi-data-information.png"): Taking screenshot successfully

2022-03-28 12:27:47 - [MESSAGE][INFO] - 0 hidden object(s)

2022-03-28 12:27:48 - [MESSAGE][PASSED] - Taking screenshot successfully
[[ATTACHMENT|C:\Users\elanf\git\BCAF_MEAPP_i3\Screenshoot\Sprint4\Web\keyes\keyes-scenario-1-berhasil-mengisi-data-information.png]]

2022-03-28 12:27:48 - [TEST_STEP][PASSED] - markPassed("scenario 1 - Berhasil mengisi data information"): scenario 1 - Berhasil mengisi data information

2022-03-28 12:27:48 - [MESSAGE][PASSED] - scenario 1 - Berhasil mengisi data information

2022-03-28 12:27:48 - [TEST_STEP][PASSED] - delay(1): Delayed 1 second(s)

2022-03-28 12:27:49 - [MESSAGE][PASSED] - Delayed 1 second(s)]]></system-out>
         <system-err><![CDATA[]]></system-err>
      </testcase>
      <testcase name="Test Cases/Sprint 4/Skenario 1/01-03-02-Transaction-AppPending-InputData-Vehicle" time="235.083" classname="Test Cases/Sprint 4/Skenario 1/01-03-02-Transaction-AppPending-InputData-Vehicle" status="PASSED">
         <system-out><![CDATA[2022-03-28 12:27:49 - [TEST_CASE][PASSED] - Test Cases/Sprint 4/Skenario 1/01-03-02-Transaction-AppPending-InputData-Vehicle: Test Cases/Sprint 4/Skenario 1/01-03-02-Transaction-AppPending-InputData-Vehicle

2022-03-28 12:27:49 - [TEST_STEP][PASSED] - userDir = getProjectDir(): null

2022-03-28 12:27:49 - [TEST_STEP][PASSED] - delay(1): Delayed 1 second(s)

2022-03-28 12:27:50 - [MESSAGE][PASSED] - Delayed 1 second(s)

2022-03-28 12:27:50 - [TEST_STEP][PASSED] - scrollToPosition(0, 130): Browser is scrolled to position x = 0, y = 130

2022-03-28 12:27:50 - [MESSAGE][PASSED] - Browser is scrolled to position x = 0, y = 130

2022-03-28 12:27:50 - [TEST_STEP][PASSED] - takeFullPageScreenshotAsCheckpoint(userDir + sprint4WebScreenshootPath + "scenario-1-masuk-halaman-collateral-loan-vehicle.png"): Taking screenshot successfully

2022-03-28 12:27:51 - [MESSAGE][INFO] - 0 hidden object(s)

2022-03-28 12:27:51 - [MESSAGE][PASSED] - Taking screenshot successfully
[[ATTACHMENT|C:\Users\elanf\git\BCAF_MEAPP_i3\Screenshoot\Sprint4\Web\keyes\keyes-scenario-1-masuk-halaman-collateral-loan-vehicle.png]]

2022-03-28 12:27:51 - [TEST_STEP][PASSED] - markPassed("scenario 1 - Masuk halaman collateral loan vehicle"): scenario 1 - Masuk halaman collateral loan vehicle

2022-03-28 12:27:51 - [MESSAGE][PASSED] - scenario 1 - Masuk halaman collateral loan vehicle

2022-03-28 12:27:51 - [TEST_STEP][PASSED] - delay(1): Delayed 1 second(s)

2022-03-28 12:27:52 - [MESSAGE][PASSED] - Delayed 1 second(s)

2022-03-28 12:27:52 - [TEST_STEP][PASSED] - click(findTestObject("ME_CollateralAndLoan_Vehicle/li_Vehicle")): Object: 'Object Repository/ME_CollateralAndLoan_Vehicle/li_Vehicle' is clicked on

2022-03-28 12:27:53 - [MESSAGE][PASSED] - Object: 'Object Repository/ME_CollateralAndLoan_Vehicle/li_Vehicle' is clicked on

2022-03-28 12:27:53 - [TEST_STEP][PASSED] - delay(1): Delayed 1 second(s)

2022-03-28 12:27:54 - [MESSAGE][PASSED] - Delayed 1 second(s)

2022-03-28 12:27:54 - [TEST_STEP][PASSED] - waitForElementPresent(findTestObject("ME_CollateralAndLoan_Vehicle/input_dealername_ketiga"), 0): Object 'Object Repository/ME_CollateralAndLoan_Vehicle/input_dealername_ketiga' is present

2022-03-28 12:27:54 - [MESSAGE][WARNING] - Timeout '0' is invalid. Using default page load timeout: '30'

2022-03-28 12:27:54 - [MESSAGE][PASSED] - Object 'Object Repository/ME_CollateralAndLoan_Vehicle/input_dealername_ketiga' is present

2022-03-28 12:27:54 - [TEST_STEP][PASSED] - click(findTestObject("ME_CollateralAndLoan_Vehicle/input_dealername_ketiga"), OPTIONAL): Object: 'Object Repository/ME_CollateralAndLoan_Vehicle/input_dealername_ketiga' is clicked on

2022-03-28 12:27:55 - [MESSAGE][PASSED] - Object: 'Object Repository/ME_CollateralAndLoan_Vehicle/input_dealername_ketiga' is clicked on

2022-03-28 12:27:55 - [TEST_STEP][PASSED] - delay(1): Delayed 1 second(s)

2022-03-28 12:27:56 - [MESSAGE][PASSED] - Delayed 1 second(s)

2022-03-28 12:27:56 - [TEST_STEP][PASSED] - setText(findTestObject("ME_CollateralAndLoan_Vehicle/input_dealername_ketiga"), vehicle_dealerName, OPTIONAL): Text 'Akita Prima Mobilindo, PT' is set on object 'Object Repository/ME_CollateralAndLoan_Vehicle/input_dealername_ketiga'

2022-03-28 12:27:57 - [MESSAGE][PASSED] - Text 'Akita Prima Mobilindo, PT' is set on object 'Object Repository/ME_CollateralAndLoan_Vehicle/input_dealername_ketiga'

2022-03-28 12:27:57 - [TEST_STEP][PASSED] - delay(1): Delayed 1 second(s)

2022-03-28 12:27:58 - [MESSAGE][PASSED] - Delayed 1 second(s)

2022-03-28 12:27:58 - [TEST_STEP][PASSED] - click(findTestObject("ME_CollateralAndLoan_Vehicle/span_Akita Prima Mobilindo, PT")): Object: 'Object Repository/ME_CollateralAndLoan_Vehicle/span_Akita Prima Mobilindo, PT' is clicked on

2022-03-28 12:27:58 - [MESSAGE][PASSED] - Object: 'Object Repository/ME_CollateralAndLoan_Vehicle/span_Akita Prima Mobilindo, PT' is clicked on

2022-03-28 12:27:58 - [TEST_STEP][PASSED] - delay(1): Delayed 1 second(s)

2022-03-28 12:27:59 - [MESSAGE][PASSED] - Delayed 1 second(s)

2022-03-28 12:27:59 - [TEST_STEP][PASSED] - waitForElementPresent(findTestObject("ME_CollateralAndLoan_Vehicle/input_branch_ketiga"), 0): Object 'Object Repository/ME_CollateralAndLoan_Vehicle/input_branch_ketiga' is present

2022-03-28 12:27:59 - [MESSAGE][WARNING] - Timeout '0' is invalid. Using default page load timeout: '30'

2022-03-28 12:27:59 - [MESSAGE][PASSED] - Object 'Object Repository/ME_CollateralAndLoan_Vehicle/input_branch_ketiga' is present

2022-03-28 12:27:59 - [TEST_STEP][PASSED] - click(findTestObject("ME_CollateralAndLoan_Vehicle/input_branch_ketiga")): Object: 'Object Repository/ME_CollateralAndLoan_Vehicle/input_branch_ketiga' is clicked on

2022-03-28 12:28:00 - [MESSAGE][PASSED] - Object: 'Object Repository/ME_CollateralAndLoan_Vehicle/input_branch_ketiga' is clicked on

2022-03-28 12:28:00 - [TEST_STEP][PASSED] - delay(1): Delayed 1 second(s)

2022-03-28 12:28:01 - [MESSAGE][PASSED] - Delayed 1 second(s)

2022-03-28 12:28:01 - [TEST_STEP][PASSED] - setText(findTestObject("ME_CollateralAndLoan_Vehicle/input_branch_ketiga"), vehicle_branch): Text 'Akita Prima Mobilindo - Pondok Cabe' is set on object 'Object Repository/ME_CollateralAndLoan_Vehicle/input_branch_ketiga'

2022-03-28 12:28:02 - [MESSAGE][PASSED] - Text 'Akita Prima Mobilindo - Pondok Cabe' is set on object 'Object Repository/ME_CollateralAndLoan_Vehicle/input_branch_ketiga'

2022-03-28 12:28:02 - [TEST_STEP][PASSED] - delay(1): Delayed 1 second(s)

2022-03-28 12:28:03 - [MESSAGE][PASSED] - Delayed 1 second(s)

2022-03-28 12:28:03 - [TEST_STEP][PASSED] - waitForElementPresent(findTestObject("ME_CollateralAndLoan_Vehicle/span_A1617 - Akita Prima Mobilindo - Pondok Cabe"), 0): Object 'Object Repository/ME_CollateralAndLoan_Vehicle/span_A1617 - Akita Prima Mobilindo - Pondok Cabe' is present

2022-03-28 12:28:03 - [MESSAGE][WARNING] - Timeout '0' is invalid. Using default page load timeout: '30'

2022-03-28 12:28:03 - [MESSAGE][PASSED] - Object 'Object Repository/ME_CollateralAndLoan_Vehicle/span_A1617 - Akita Prima Mobilindo - Pondok Cabe' is present

2022-03-28 12:28:03 - [TEST_STEP][PASSED] - click(findTestObject("ME_CollateralAndLoan_Vehicle/span_A1617 - Akita Prima Mobilindo - Pondok Cabe")): Object: 'Object Repository/ME_CollateralAndLoan_Vehicle/span_A1617 - Akita Prima Mobilindo - Pondok Cabe' is clicked on

2022-03-28 12:28:04 - [MESSAGE][PASSED] - Object: 'Object Repository/ME_CollateralAndLoan_Vehicle/span_A1617 - Akita Prima Mobilindo - Pondok Cabe' is clicked on

2022-03-28 12:28:04 - [TEST_STEP][PASSED] - delay(1): Delayed 1 second(s)

2022-03-28 12:28:05 - [MESSAGE][PASSED] - Delayed 1 second(s)

2022-03-28 12:28:05 - [TEST_STEP][PASSED] - verifyElementPresent(findTestObject("ME_CollateralAndLoan_Vehicle/input_Address_address"), 0): Object 'Object Repository/ME_CollateralAndLoan_Vehicle/input_Address_address' is present

2022-03-28 12:28:05 - [MESSAGE][WARNING] - Timeout '0' is invalid. Using default page load timeout: '30'

2022-03-28 12:28:05 - [MESSAGE][PASSED] - Object 'Object Repository/ME_CollateralAndLoan_Vehicle/input_Address_address' is present

2022-03-28 12:28:05 - [TEST_STEP][PASSED] - delay(1): Delayed 1 second(s)

2022-03-28 12:28:06 - [MESSAGE][PASSED] - Delayed 1 second(s)

2022-03-28 12:28:06 - [TEST_STEP][PASSED] - verifyElementPresent(findTestObject("ME_CollateralAndLoan_Vehicle/input_City_city"), 0): Object 'Object Repository/ME_CollateralAndLoan_Vehicle/input_City_city' is present

2022-03-28 12:28:06 - [MESSAGE][WARNING] - Timeout '0' is invalid. Using default page load timeout: '30'

2022-03-28 12:28:06 - [MESSAGE][PASSED] - Object 'Object Repository/ME_CollateralAndLoan_Vehicle/input_City_city' is present

2022-03-28 12:28:06 - [TEST_STEP][PASSED] - delay(1): Delayed 1 second(s)

2022-03-28 12:28:08 - [MESSAGE][PASSED] - Delayed 1 second(s)

2022-03-28 12:28:08 - [TEST_STEP][PASSED] - verifyElementPresent(findTestObject("ME_CollateralAndLoan_Vehicle/input_Telephone_phone"), 0): Object 'Object Repository/ME_CollateralAndLoan_Vehicle/input_Telephone_phone' is present

2022-03-28 12:28:08 - [MESSAGE][WARNING] - Timeout '0' is invalid. Using default page load timeout: '30'

2022-03-28 12:28:08 - [MESSAGE][PASSED] - Object 'Object Repository/ME_CollateralAndLoan_Vehicle/input_Telephone_phone' is present

2022-03-28 12:28:08 - [TEST_STEP][PASSED] - delay(1): Delayed 1 second(s)

2022-03-28 12:28:09 - [MESSAGE][PASSED] - Delayed 1 second(s)

2022-03-28 12:28:09 - [TEST_STEP][PASSED] - verifyElementPresent(findTestObject("ME_CollateralAndLoan_Vehicle/input_Authorize Dealer_authorizedDealer"), 0): Object 'Object Repository/ME_CollateralAndLoan_Vehicle/input_Authorize Dealer_authorizedDealer' is present

2022-03-28 12:28:09 - [MESSAGE][WARNING] - Timeout '0' is invalid. Using default page load timeout: '30'

2022-03-28 12:28:09 - [MESSAGE][PASSED] - Object 'Object Repository/ME_CollateralAndLoan_Vehicle/input_Authorize Dealer_authorizedDealer' is present

2022-03-28 12:28:09 - [TEST_STEP][PASSED] - delay(1): Delayed 1 second(s)

2022-03-28 12:28:10 - [MESSAGE][PASSED] - Delayed 1 second(s)

2022-03-28 12:28:10 - [TEST_STEP][PASSED] - verifyElementPresent(findTestObject("ME_CollateralAndLoan_Vehicle/input_Fax_fax"), 0): Object 'Object Repository/ME_CollateralAndLoan_Vehicle/input_Fax_fax' is present

2022-03-28 12:28:10 - [MESSAGE][WARNING] - Timeout '0' is invalid. Using default page load timeout: '30'

2022-03-28 12:28:10 - [MESSAGE][PASSED] - Object 'Object Repository/ME_CollateralAndLoan_Vehicle/input_Fax_fax' is present

2022-03-28 12:28:10 - [TEST_STEP][PASSED] - delay(1): Delayed 1 second(s)

2022-03-28 12:28:11 - [MESSAGE][PASSED] - Delayed 1 second(s)

2022-03-28 12:28:11 - [TEST_STEP][PASSED] - verifyElementPresent(findTestObject("ME_CollateralAndLoan_Vehicle/td_1-nomorrekening"), 0): Object 'Object Repository/ME_CollateralAndLoan_Vehicle/td_1-nomorrekening' is present

2022-03-28 12:28:11 - [MESSAGE][WARNING] - Timeout '0' is invalid. Using default page load timeout: '30'

2022-03-28 12:28:12 - [MESSAGE][PASSED] - Object 'Object Repository/ME_CollateralAndLoan_Vehicle/td_1-nomorrekening' is present

2022-03-28 12:28:12 - [TEST_STEP][PASSED] - takeFullPageScreenshotAsCheckpoint(userDir + sprint4WebScreenshootPath + "scenario-1-masuk-halaman-collateral-loan-vehicle.png"): Taking screenshot successfully

2022-03-28 12:28:13 - [MESSAGE][INFO] - 0 hidden object(s)

2022-03-28 12:28:13 - [MESSAGE][PASSED] - Taking screenshot successfully
[[ATTACHMENT|C:\Users\elanf\git\BCAF_MEAPP_i3\Screenshoot\Sprint4\Web\keyes\keyes-scenario-1-masuk-halaman-collateral-loan-vehicle.png]]

2022-03-28 12:28:13 - [TEST_STEP][PASSED] - markPassed("scenario 1 - Masuk halaman collateral loan vehicle"): scenario 1 - Masuk halaman collateral loan vehicle

2022-03-28 12:28:13 - [MESSAGE][PASSED] - scenario 1 - Masuk halaman collateral loan vehicle

2022-03-28 12:28:13 - [TEST_STEP][PASSED] - delay(1): Delayed 1 second(s)

2022-03-28 12:28:14 - [MESSAGE][PASSED] - Delayed 1 second(s)

2022-03-28 12:28:14 - [TEST_STEP][PASSED] - delay(1): Delayed 1 second(s)

2022-03-28 12:28:15 - [MESSAGE][PASSED] - Delayed 1 second(s)

2022-03-28 12:28:15 - [TEST_STEP][PASSED] - delay(1): Delayed 1 second(s)

2022-03-28 12:28:16 - [MESSAGE][PASSED] - Delayed 1 second(s)

2022-03-28 12:28:16 - [TEST_STEP][PASSED] - click(findTestObject("ME_CollateralAndLoan_Vehicle/button_Data Vehicle")): Object: 'Object Repository/ME_CollateralAndLoan_Vehicle/button_Data Vehicle' is clicked on

2022-03-28 12:28:16 - [MESSAGE][PASSED] - Object: 'Object Repository/ME_CollateralAndLoan_Vehicle/button_Data Vehicle' is clicked on

2022-03-28 12:28:16 - [TEST_STEP][PASSED] - delay(1): Delayed 1 second(s)

2022-03-28 12:28:17 - [MESSAGE][PASSED] - Delayed 1 second(s)

2022-03-28 12:28:17 - [TEST_STEP][PASSED] - takeFullPageScreenshotAsCheckpoint(userDir + sprint4WebScreenshootPath + "scenario-1-halaman-input-data-vehicle.png"): Taking screenshot successfully

2022-03-28 12:28:18 - [MESSAGE][INFO] - 0 hidden object(s)

2022-03-28 12:28:19 - [MESSAGE][PASSED] - Taking screenshot successfully
[[ATTACHMENT|C:\Users\elanf\git\BCAF_MEAPP_i3\Screenshoot\Sprint4\Web\keyes\keyes-scenario-1-halaman-input-data-vehicle.png]]

2022-03-28 12:28:19 - [TEST_STEP][PASSED] - markPassed("scenario 1 - halaman input data vehicle"): scenario 1 - halaman input data vehicle

2022-03-28 12:28:19 - [MESSAGE][PASSED] - scenario 1 - halaman input data vehicle

2022-03-28 12:28:19 - [TEST_STEP][PASSED] - delay(2): Delayed 2 second(s)

2022-03-28 12:28:21 - [MESSAGE][PASSED] - Delayed 2 second(s)

2022-03-28 12:28:21 - [TEST_STEP][PASSED] - scrollToElement(findTestObject("ME_CollateralAndLoan_Vehicle/button_Data Vehicle"), 0, STOP_ON_FAILURE): Scroll to object 'Object Repository/ME_CollateralAndLoan_Vehicle/button_Data Vehicle' successfully

2022-03-28 12:28:21 - [MESSAGE][WARNING] - Timeout '0' is invalid. Using default page load timeout: '30'

2022-03-28 12:28:21 - [MESSAGE][PASSED] - Scroll to object 'Object Repository/ME_CollateralAndLoan_Vehicle/button_Data Vehicle' successfully

2022-03-28 12:28:21 - [TEST_STEP][PASSED] - click(findTestObject("ME_CollateralAndLoan_Vehicle/input_used_carCondition-radio")): Object: 'Object Repository/ME_CollateralAndLoan_Vehicle/input_used_carCondition-radio' is clicked on

2022-03-28 12:28:21 - [MESSAGE][PASSED] - Object: 'Object Repository/ME_CollateralAndLoan_Vehicle/input_used_carCondition-radio' is clicked on

2022-03-28 12:28:21 - [TEST_STEP][PASSED] - delay(1): Delayed 1 second(s)

2022-03-28 12:28:22 - [MESSAGE][PASSED] - Delayed 1 second(s)

2022-03-28 12:28:22 - [TEST_STEP][PASSED] - click(findTestObject("Object Repository/ME_CollateralAndLoan_Vehicle/div_Pilih Product Code"), OPTIONAL): Object: 'Object Repository/ME_CollateralAndLoan_Vehicle/div_Pilih Product Code' is clicked on

2022-03-28 12:28:23 - [MESSAGE][PASSED] - Object: 'Object Repository/ME_CollateralAndLoan_Vehicle/div_Pilih Product Code' is clicked on

2022-03-28 12:28:23 - [TEST_STEP][PASSED] - delay(1): Delayed 1 second(s)

2022-03-28 12:28:24 - [MESSAGE][PASSED] - Delayed 1 second(s)

2022-03-28 12:28:24 - [TEST_STEP][PASSED] - setText(findTestObject("ME_CollateralAndLoan_Vehicle/input_productcode2"), vehicle_productCode): Text 'leasing' is set on object 'Object Repository/ME_CollateralAndLoan_Vehicle/input_productcode2'

2022-03-28 12:28:25 - [MESSAGE][PASSED] - Text 'leasing' is set on object 'Object Repository/ME_CollateralAndLoan_Vehicle/input_productcode2'

2022-03-28 12:28:25 - [TEST_STEP][PASSED] - delay(1): Delayed 1 second(s)

2022-03-28 12:28:26 - [MESSAGE][PASSED] - Delayed 1 second(s)

2022-03-28 12:28:26 - [TEST_STEP][PASSED] - click(findTestObject("ME_CollateralAndLoan_Vehicle/span_Leasing")): Object: 'Object Repository/ME_CollateralAndLoan_Vehicle/span_Leasing' is clicked on

2022-03-28 12:28:26 - [MESSAGE][PASSED] - Object: 'Object Repository/ME_CollateralAndLoan_Vehicle/span_Leasing' is clicked on

2022-03-28 12:28:26 - [TEST_STEP][PASSED] - delay(1): Delayed 1 second(s)

2022-03-28 12:28:27 - [MESSAGE][PASSED] - Delayed 1 second(s)

2022-03-28 12:28:27 - [TEST_STEP][PASSED] - click(findTestObject("vehiclekedua/input_brand_kedua")): Object: 'Object Repository/vehiclekedua/input_brand_kedua' is clicked on

2022-03-28 12:28:28 - [MESSAGE][PASSED] - Object: 'Object Repository/vehiclekedua/input_brand_kedua' is clicked on

2022-03-28 12:28:28 - [TEST_STEP][PASSED] - delay(1): Delayed 1 second(s)

2022-03-28 12:28:29 - [MESSAGE][PASSED] - Delayed 1 second(s)

2022-03-28 12:28:29 - [TEST_STEP][PASSED] - setText(findTestObject("vehiclekedua/input_brand_kedua"), vehicle_brand): Text 'toyota' is set on object 'Object Repository/vehiclekedua/input_brand_kedua'

2022-03-28 12:28:29 - [MESSAGE][PASSED] - Text 'toyota' is set on object 'Object Repository/vehiclekedua/input_brand_kedua'

2022-03-28 12:28:29 - [TEST_STEP][PASSED] - delay(1): Delayed 1 second(s)

2022-03-28 12:28:30 - [MESSAGE][PASSED] - Delayed 1 second(s)

2022-03-28 12:28:30 - [TEST_STEP][PASSED] - click(findTestObject("ME_CollateralAndLoan_Vehicle/div_TOYOTA_brand")): Object: 'Object Repository/ME_CollateralAndLoan_Vehicle/div_TOYOTA_brand' is clicked on

2022-03-28 12:28:31 - [MESSAGE][PASSED] - Object: 'Object Repository/ME_CollateralAndLoan_Vehicle/div_TOYOTA_brand' is clicked on

2022-03-28 12:28:31 - [TEST_STEP][PASSED] - delay(1): Delayed 1 second(s)

2022-03-28 12:28:32 - [MESSAGE][PASSED] - Delayed 1 second(s)

2022-03-28 12:28:32 - [TEST_STEP][PASSED] - click(findTestObject("vehiclekedua/input_model_kedua"), OPTIONAL): Object: 'Object Repository/vehiclekedua/input_model_kedua' is clicked on

2022-03-28 12:28:32 - [MESSAGE][PASSED] - Object: 'Object Repository/vehiclekedua/input_model_kedua' is clicked on

2022-03-28 12:28:32 - [TEST_STEP][PASSED] - delay(1): Delayed 1 second(s)

2022-03-28 12:28:33 - [MESSAGE][PASSED] - Delayed 1 second(s)

2022-03-28 12:28:33 - [TEST_STEP][PASSED] - setText(findTestObject("vehiclekedua/input_model_kedua"), vehicle_model, OPTIONAL): Text 'ALL NEW HILUX' is set on object 'Object Repository/vehiclekedua/input_model_kedua'

2022-03-28 12:28:34 - [MESSAGE][PASSED] - Text 'ALL NEW HILUX' is set on object 'Object Repository/vehiclekedua/input_model_kedua'

2022-03-28 12:28:34 - [TEST_STEP][PASSED] - delay(1): Delayed 1 second(s)

2022-03-28 12:28:35 - [MESSAGE][PASSED] - Delayed 1 second(s)

2022-03-28 12:28:35 - [TEST_STEP][PASSED] - click(findTestObject("ME_CollateralAndLoan_Vehicle/div_ALL NEW HILUX_model_datavehicle"), OPTIONAL): Object: 'Object Repository/ME_CollateralAndLoan_Vehicle/div_ALL NEW HILUX_model_datavehicle' is clicked on

2022-03-28 12:28:36 - [MESSAGE][PASSED] - Object: 'Object Repository/ME_CollateralAndLoan_Vehicle/div_ALL NEW HILUX_model_datavehicle' is clicked on

2022-03-28 12:28:36 - [TEST_STEP][PASSED] - delay(1): Delayed 1 second(s)

2022-03-28 12:28:37 - [MESSAGE][PASSED] - Delayed 1 second(s)

2022-03-28 12:28:37 - [TEST_STEP][PASSED] - waitForElementPresent(findTestObject("ME_CollateralAndLoan_Vehicle/input_typekendaraan"), 0): Object 'Object Repository/ME_CollateralAndLoan_Vehicle/input_typekendaraan' is present

2022-03-28 12:28:37 - [MESSAGE][WARNING] - Timeout '0' is invalid. Using default page load timeout: '30'

2022-03-28 12:28:37 - [MESSAGE][PASSED] - Object 'Object Repository/ME_CollateralAndLoan_Vehicle/input_typekendaraan' is present

2022-03-28 12:28:37 - [TEST_STEP][PASSED] - click(findTestObject("ME_CollateralAndLoan_Vehicle/input_typekendaraan"), OPTIONAL): Object: 'Object Repository/ME_CollateralAndLoan_Vehicle/input_typekendaraan' is clicked on

2022-03-28 12:28:37 - [MESSAGE][PASSED] - Object: 'Object Repository/ME_CollateralAndLoan_Vehicle/input_typekendaraan' is clicked on

2022-03-28 12:28:37 - [TEST_STEP][PASSED] - delay(1): Delayed 1 second(s)

2022-03-28 12:28:38 - [MESSAGE][PASSED] - Delayed 1 second(s)

2022-03-28 12:28:38 - [TEST_STEP][PASSED] - setText(findTestObject("ME_CollateralAndLoan_Vehicle/input_typekendaraan"), vehicle_tipeKendaraan, OPTIONAL): Text 'ALL NEW HI LUX DOUBLE CABIN 2.4 G (4X4) M/T DIESEL 2017' is set on object 'Object Repository/ME_CollateralAndLoan_Vehicle/input_typekendaraan'

2022-03-28 12:28:40 - [MESSAGE][PASSED] - Text 'ALL NEW HI LUX DOUBLE CABIN 2.4 G (4X4) M/T DIESEL 2017' is set on object 'Object Repository/ME_CollateralAndLoan_Vehicle/input_typekendaraan'

2022-03-28 12:28:40 - [TEST_STEP][PASSED] - delay(1): Delayed 1 second(s)

2022-03-28 12:28:41 - [MESSAGE][PASSED] - Delayed 1 second(s)

2022-03-28 12:28:41 - [TEST_STEP][PASSED] - waitForElementPresent(findTestObject("ME_CollateralAndLoan_Vehicle/div_ALL NEW HI LUX DOUBLE CABIN 2.4 G (4X4) MT DIESEL 2017_type_datavehicle"), 0): Object 'Object Repository/ME_CollateralAndLoan_Vehicle/div_ALL NEW HI LUX DOUBLE CABIN 2.4 G (4X4) MT DIESEL 2017_type_datavehicle' is present

2022-03-28 12:28:41 - [MESSAGE][WARNING] - Timeout '0' is invalid. Using default page load timeout: '30'

2022-03-28 12:28:41 - [MESSAGE][PASSED] - Object 'Object Repository/ME_CollateralAndLoan_Vehicle/div_ALL NEW HI LUX DOUBLE CABIN 2.4 G (4X4) MT DIESEL 2017_type_datavehicle' is present

2022-03-28 12:28:41 - [TEST_STEP][PASSED] - click(findTestObject("ME_CollateralAndLoan_Vehicle/div_ALL NEW HI LUX DOUBLE CABIN 2.4 G (4X4) MT DIESEL 2017_type_datavehicle"), OPTIONAL): Object: 'Object Repository/ME_CollateralAndLoan_Vehicle/div_ALL NEW HI LUX DOUBLE CABIN 2.4 G (4X4) MT DIESEL 2017_type_datavehicle' is clicked on

2022-03-28 12:28:42 - [MESSAGE][PASSED] - Object: 'Object Repository/ME_CollateralAndLoan_Vehicle/div_ALL NEW HI LUX DOUBLE CABIN 2.4 G (4X4) MT DIESEL 2017_type_datavehicle' is clicked on

2022-03-28 12:28:42 - [TEST_STEP][PASSED] - delay(1): Delayed 1 second(s)

2022-03-28 12:28:43 - [MESSAGE][PASSED] - Delayed 1 second(s)

2022-03-28 12:28:43 - [TEST_STEP][PASSED] - click(findTestObject("vehiclekedua/input_packet_kedua"), OPTIONAL): Object: 'Object Repository/vehiclekedua/input_packet_kedua' is clicked on

2022-03-28 12:28:43 - [MESSAGE][PASSED] - Object: 'Object Repository/vehiclekedua/input_packet_kedua' is clicked on

2022-03-28 12:28:43 - [TEST_STEP][PASSED] - delay(1): Delayed 1 second(s)

2022-03-28 12:28:44 - [MESSAGE][PASSED] - Delayed 1 second(s)

2022-03-28 12:28:44 - [TEST_STEP][PASSED] - setText(findTestObject("vehiclekedua/input_packet_kedua"), vehicle_packet, OPTIONAL): Text 'BCAI - IIMS - SUBS OTR ADDB' is set on object 'Object Repository/vehiclekedua/input_packet_kedua'

2022-03-28 12:29:12 - [MESSAGE][PASSED] - Text 'BCAI - IIMS - SUBS OTR ADDB' is set on object 'Object Repository/vehiclekedua/input_packet_kedua'

2022-03-28 12:29:12 - [TEST_STEP][PASSED] - delay(1): Delayed 1 second(s)

2022-03-28 12:29:13 - [MESSAGE][PASSED] - Delayed 1 second(s)

2022-03-28 12:29:13 - [TEST_STEP][PASSED] - waitForElementPresent(findTestObject("ME_CollateralAndLoan_Vehicle/div_BCAI - IIMS - SUBS OTR ADDB"), 300): Object 'Object Repository/ME_CollateralAndLoan_Vehicle/div_BCAI - IIMS - SUBS OTR ADDB' is present

2022-03-28 12:29:14 - [MESSAGE][PASSED] - Object 'Object Repository/ME_CollateralAndLoan_Vehicle/div_BCAI - IIMS - SUBS OTR ADDB' is present

2022-03-28 12:29:14 - [TEST_STEP][PASSED] - delay(1): Delayed 1 second(s)

2022-03-28 12:29:15 - [MESSAGE][PASSED] - Delayed 1 second(s)

2022-03-28 12:29:15 - [TEST_STEP][PASSED] - click(findTestObject("ME_CollateralAndLoan_Vehicle/div_BCAI - IIMS - SUBS OTR ADDB")): Object: 'Object Repository/ME_CollateralAndLoan_Vehicle/div_BCAI - IIMS - SUBS OTR ADDB' is clicked on

2022-03-28 12:29:16 - [MESSAGE][PASSED] - Object: 'Object Repository/ME_CollateralAndLoan_Vehicle/div_BCAI - IIMS - SUBS OTR ADDB' is clicked on

2022-03-28 12:29:16 - [TEST_STEP][PASSED] - delay(1): Delayed 1 second(s)

2022-03-28 12:29:17 - [MESSAGE][PASSED] - Delayed 1 second(s)

2022-03-28 12:29:17 - [TEST_STEP][PASSED] - setText(findTestObject("ME_CollateralAndLoan_Vehicle/input_Keterangan Type Kendaraan_keteranganType"), vehicle_ketTypeKendaraan): Text 'bekas' is set on object 'Object Repository/ME_CollateralAndLoan_Vehicle/input_Keterangan Type Kendaraan_keteranganType'

2022-03-28 12:29:18 - [MESSAGE][PASSED] - Text 'bekas' is set on object 'Object Repository/ME_CollateralAndLoan_Vehicle/input_Keterangan Type Kendaraan_keteranganType'

2022-03-28 12:29:18 - [TEST_STEP][PASSED] - delay(1): Delayed 1 second(s)

2022-03-28 12:29:19 - [MESSAGE][PASSED] - Delayed 1 second(s)

2022-03-28 12:29:19 - [TEST_STEP][PASSED] - setText(findTestObject("ME_CollateralAndLoan_Vehicle/input_Year_year (1)"), vehicle_year): Text '2020' is set on object 'Object Repository/ME_CollateralAndLoan_Vehicle/input_Year_year (1)'

2022-03-28 12:29:19 - [MESSAGE][PASSED] - Text '2020' is set on object 'Object Repository/ME_CollateralAndLoan_Vehicle/input_Year_year (1)'

2022-03-28 12:29:19 - [TEST_STEP][PASSED] - delay(1): Delayed 1 second(s)

2022-03-28 12:29:20 - [MESSAGE][PASSED] - Delayed 1 second(s)

2022-03-28 12:29:20 - [TEST_STEP][PASSED] - click(findTestObject("ME_CollateralAndLoan_Vehicle/a_Capture File_bpkb")): Object: 'Object Repository/ME_CollateralAndLoan_Vehicle/a_Capture File_bpkb' is clicked on

2022-03-28 12:29:21 - [MESSAGE][PASSED] - Object: 'Object Repository/ME_CollateralAndLoan_Vehicle/a_Capture File_bpkb' is clicked on

2022-03-28 12:29:21 - [TEST_STEP][PASSED] - delay(1): Delayed 1 second(s)

2022-03-28 12:29:22 - [MESSAGE][PASSED] - Delayed 1 second(s)

2022-03-28 12:29:22 - [TEST_STEP][PASSED] - uploadFile(findTestObject("MEApp_AppBaru_InisiasiKonsumen/Capture_"), userDir + pathfinder_npwp): File 'C:/Users/elanf/git/BCAF_MEAPP_i3/Assets/npwp-dummy.jpg' sent to object: 'Object Repository/MEApp_AppBaru_InisiasiKonsumen/Capture_'

2022-03-28 12:29:22 - [MESSAGE][PASSED] - File 'C:/Users/elanf/git/BCAF_MEAPP_i3/Assets/npwp-dummy.jpg' sent to object: 'Object Repository/MEApp_AppBaru_InisiasiKonsumen/Capture_'

2022-03-28 12:29:22 - [TEST_STEP][PASSED] - delay(1): Delayed 1 second(s)

2022-03-28 12:29:23 - [MESSAGE][PASSED] - Delayed 1 second(s)

2022-03-28 12:29:23 - [TEST_STEP][PASSED] - click(findTestObject("ME_CollateralAndLoan_Vehicle/a_Capture Files_stnk_datavehicle")): Object: 'Object Repository/ME_CollateralAndLoan_Vehicle/a_Capture Files_stnk_datavehicle' is clicked on

2022-03-28 12:29:23 - [MESSAGE][PASSED] - Object: 'Object Repository/ME_CollateralAndLoan_Vehicle/a_Capture Files_stnk_datavehicle' is clicked on

2022-03-28 12:29:23 - [TEST_STEP][PASSED] - delay(1): Delayed 1 second(s)

2022-03-28 12:29:25 - [MESSAGE][PASSED] - Delayed 1 second(s)

2022-03-28 12:29:25 - [TEST_STEP][PASSED] - uploadFile(findTestObject("MEApp_AppBaru_InisiasiKonsumen/Capture_"), userDir + pathfinder_npwp): File 'C:/Users/elanf/git/BCAF_MEAPP_i3/Assets/npwp-dummy.jpg' sent to object: 'Object Repository/MEApp_AppBaru_InisiasiKonsumen/Capture_'

2022-03-28 12:29:25 - [MESSAGE][PASSED] - File 'C:/Users/elanf/git/BCAF_MEAPP_i3/Assets/npwp-dummy.jpg' sent to object: 'Object Repository/MEApp_AppBaru_InisiasiKonsumen/Capture_'

2022-03-28 12:29:25 - [TEST_STEP][PASSED] - delay(1): Delayed 1 second(s)

2022-03-28 12:29:26 - [MESSAGE][PASSED] - Delayed 1 second(s)

2022-03-28 12:29:26 - [TEST_STEP][PASSED] - setText(findTestObject("ME_CollateralAndLoan_Vehicle/input_Color_text-input (1)"), vehicle_color): Text 'hitam' is set on object 'Object Repository/ME_CollateralAndLoan_Vehicle/input_Color_text-input (1)'

2022-03-28 12:29:27 - [MESSAGE][PASSED] - Text 'hitam' is set on object 'Object Repository/ME_CollateralAndLoan_Vehicle/input_Color_text-input (1)'

2022-03-28 12:29:27 - [TEST_STEP][PASSED] - delay(1): Delayed 1 second(s)

2022-03-28 12:29:28 - [MESSAGE][PASSED] - Delayed 1 second(s)

2022-03-28 12:29:28 - [TEST_STEP][PASSED] - setText(findTestObject("ME_CollateralAndLoan_Vehicle/input_BPKB No_text-input"), vehicle_bpkbNum): Text '1111111111' is set on object 'Object Repository/ME_CollateralAndLoan_Vehicle/input_BPKB No_text-input'

2022-03-28 12:29:28 - [MESSAGE][PASSED] - Text '1111111111' is set on object 'Object Repository/ME_CollateralAndLoan_Vehicle/input_BPKB No_text-input'

2022-03-28 12:29:28 - [TEST_STEP][PASSED] - delay(1): Delayed 1 second(s)

2022-03-28 12:29:29 - [MESSAGE][PASSED] - Delayed 1 second(s)

2022-03-28 12:29:29 - [TEST_STEP][PASSED] - setText(findTestObject("ME_CollateralAndLoan_Vehicle/input_Engine No_text-input"), vehicle_engineNum): Text '1111111111' is set on object 'Object Repository/ME_CollateralAndLoan_Vehicle/input_Engine No_text-input'

2022-03-28 12:29:30 - [MESSAGE][PASSED] - Text '1111111111' is set on object 'Object Repository/ME_CollateralAndLoan_Vehicle/input_Engine No_text-input'

2022-03-28 12:29:30 - [TEST_STEP][PASSED] - delay(1): Delayed 1 second(s)

2022-03-28 12:29:31 - [MESSAGE][PASSED] - Delayed 1 second(s)

2022-03-28 12:29:31 - [TEST_STEP][PASSED] - setText(findTestObject("ME_CollateralAndLoan_Vehicle/input_Police No_text-input"), vehicle_policeNum): Text 'B1234AB' is set on object 'Object Repository/ME_CollateralAndLoan_Vehicle/input_Police No_text-input'

2022-03-28 12:29:32 - [MESSAGE][PASSED] - Text 'B1234AB' is set on object 'Object Repository/ME_CollateralAndLoan_Vehicle/input_Police No_text-input'

2022-03-28 12:29:32 - [TEST_STEP][PASSED] - delay(1): Delayed 1 second(s)

2022-03-28 12:29:33 - [MESSAGE][PASSED] - Delayed 1 second(s)

2022-03-28 12:29:33 - [TEST_STEP][PASSED] - setText(findTestObject("ME_CollateralAndLoan_Vehicle/input_Body No_text-input"), vehicle_bodyNum): Text '1111111111' is set on object 'Object Repository/ME_CollateralAndLoan_Vehicle/input_Body No_text-input'

2022-03-28 12:29:34 - [MESSAGE][PASSED] - Text '1111111111' is set on object 'Object Repository/ME_CollateralAndLoan_Vehicle/input_Body No_text-input'

2022-03-28 12:29:34 - [TEST_STEP][PASSED] - delay(1): Delayed 1 second(s)

2022-03-28 12:29:35 - [MESSAGE][PASSED] - Delayed 1 second(s)

2022-03-28 12:29:35 - [TEST_STEP][PASSED] - click(findTestObject("vehiclekedua/input_purpose_kedua"), OPTIONAL): Object: 'Object Repository/vehiclekedua/input_purpose_kedua' is clicked on

2022-03-28 12:29:35 - [MESSAGE][PASSED] - Object: 'Object Repository/vehiclekedua/input_purpose_kedua' is clicked on

2022-03-28 12:29:35 - [TEST_STEP][PASSED] - delay(1): Delayed 1 second(s)

2022-03-28 12:29:36 - [MESSAGE][PASSED] - Delayed 1 second(s)

2022-03-28 12:29:36 - [TEST_STEP][PASSED] - setText(findTestObject("vehiclekedua/input_purpose_kedua"), vehicle_purpose, OPTIONAL): Text 'operasional' is set on object 'Object Repository/vehiclekedua/input_purpose_kedua'

2022-03-28 12:29:37 - [MESSAGE][PASSED] - Text 'operasional' is set on object 'Object Repository/vehiclekedua/input_purpose_kedua'

2022-03-28 12:29:37 - [TEST_STEP][PASSED] - delay(1): Delayed 1 second(s)

2022-03-28 12:29:38 - [MESSAGE][PASSED] - Delayed 1 second(s)

2022-03-28 12:29:38 - [TEST_STEP][PASSED] - click(findTestObject("ME_CollateralAndLoan_Vehicle/div_Operasional"), OPTIONAL): Object: 'Object Repository/ME_CollateralAndLoan_Vehicle/div_Operasional' is clicked on

2022-03-28 12:29:38 - [MESSAGE][PASSED] - Object: 'Object Repository/ME_CollateralAndLoan_Vehicle/div_Operasional' is clicked on

2022-03-28 12:29:38 - [TEST_STEP][PASSED] - delay(1): Delayed 1 second(s)

2022-03-28 12:29:39 - [MESSAGE][PASSED] - Delayed 1 second(s)

2022-03-28 12:29:39 - [TEST_STEP][PASSED] - setText(findTestObject("ME_CollateralAndLoan_Vehicle/input_BPKB Owner_text-input"), vehicle_bpkbowner): Text 'sendiri' is set on object 'Object Repository/ME_CollateralAndLoan_Vehicle/input_BPKB Owner_text-input'

2022-03-28 12:29:40 - [MESSAGE][PASSED] - Text 'sendiri' is set on object 'Object Repository/ME_CollateralAndLoan_Vehicle/input_BPKB Owner_text-input'

2022-03-28 12:29:40 - [TEST_STEP][PASSED] - delay(1): Delayed 1 second(s)

2022-03-28 12:29:41 - [MESSAGE][PASSED] - Delayed 1 second(s)

2022-03-28 12:29:41 - [TEST_STEP][PASSED] - click(findTestObject("vehiclekedua/input_hubungan_bpkbownerdgdebitur_kedua"), OPTIONAL): Object: 'Object Repository/vehiclekedua/input_hubungan_bpkbownerdgdebitur_kedua' is clicked on

2022-03-28 12:29:42 - [MESSAGE][PASSED] - Object: 'Object Repository/vehiclekedua/input_hubungan_bpkbownerdgdebitur_kedua' is clicked on

2022-03-28 12:29:42 - [TEST_STEP][PASSED] - delay(1): Delayed 1 second(s)

2022-03-28 12:29:43 - [MESSAGE][PASSED] - Delayed 1 second(s)

2022-03-28 12:29:43 - [TEST_STEP][PASSED] - setText(findTestObject("vehiclekedua/input_hubungan_bpkbownerdgdebitur_kedua"), vehicle_hubunganBpkb, OPTIONAL): Text 'pasangan' is set on object 'Object Repository/vehiclekedua/input_hubungan_bpkbownerdgdebitur_kedua'

2022-03-28 12:29:43 - [MESSAGE][PASSED] - Text 'pasangan' is set on object 'Object Repository/vehiclekedua/input_hubungan_bpkbownerdgdebitur_kedua'

2022-03-28 12:29:43 - [TEST_STEP][PASSED] - delay(1): Delayed 1 second(s)

2022-03-28 12:29:44 - [MESSAGE][PASSED] - Delayed 1 second(s)

2022-03-28 12:29:44 - [TEST_STEP][PASSED] - click(findTestObject("ME_CollateralAndLoan_Vehicle/div_pasangan"), OPTIONAL): Object: 'Object Repository/ME_CollateralAndLoan_Vehicle/div_pasangan' is clicked on

2022-03-28 12:29:45 - [MESSAGE][PASSED] - Object: 'Object Repository/ME_CollateralAndLoan_Vehicle/div_pasangan' is clicked on

2022-03-28 12:29:45 - [TEST_STEP][PASSED] - delay(1): Delayed 1 second(s)

2022-03-28 12:29:46 - [MESSAGE][PASSED] - Delayed 1 second(s)

2022-03-28 12:29:46 - [TEST_STEP][PASSED] - click(findTestObject("ME_CollateralAndLoan_Vehicle/input_Tujuan Penggunaan Kendaraan_nonproduktif"), OPTIONAL): Object: 'Object Repository/ME_CollateralAndLoan_Vehicle/input_Tujuan Penggunaan Kendaraan_nonproduktif' is clicked on

2022-03-28 12:29:46 - [MESSAGE][PASSED] - Object: 'Object Repository/ME_CollateralAndLoan_Vehicle/input_Tujuan Penggunaan Kendaraan_nonproduktif' is clicked on

2022-03-28 12:29:46 - [TEST_STEP][PASSED] - delay(1): Delayed 1 second(s)

2022-03-28 12:29:47 - [MESSAGE][PASSED] - Delayed 1 second(s)

2022-03-28 12:29:47 - [TEST_STEP][PASSED] - click(findTestObject("ME_CollateralAndLoan_Vehicle/input_Tujuan Penggunaan Kendaraan_produktif"), OPTIONAL): Object: 'Object Repository/ME_CollateralAndLoan_Vehicle/input_Tujuan Penggunaan Kendaraan_produktif' is clicked on

2022-03-28 12:29:48 - [MESSAGE][PASSED] - Object: 'Object Repository/ME_CollateralAndLoan_Vehicle/input_Tujuan Penggunaan Kendaraan_produktif' is clicked on

2022-03-28 12:29:48 - [TEST_STEP][PASSED] - delay(1): Delayed 1 second(s)

2022-03-28 12:29:49 - [MESSAGE][PASSED] - Delayed 1 second(s)

2022-03-28 12:29:49 - [TEST_STEP][PASSED] - takeFullPageScreenshotAsCheckpoint(userDir + sprint4WebScreenshootPath + "scenario-1-berhasil-input-data-vehicle.png"): Taking screenshot successfully

2022-03-28 12:29:50 - [MESSAGE][INFO] - 0 hidden object(s)

2022-03-28 12:29:50 - [MESSAGE][PASSED] - Taking screenshot successfully
[[ATTACHMENT|C:\Users\elanf\git\BCAF_MEAPP_i3\Screenshoot\Sprint4\Web\keyes\keyes-scenario-1-berhasil-input-data-vehicle.png]]

2022-03-28 12:29:50 - [TEST_STEP][PASSED] - markPassed("scenario 1 - berhasil input data vehicle"): scenario 1 - berhasil input data vehicle

2022-03-28 12:29:50 - [MESSAGE][PASSED] - scenario 1 - berhasil input data vehicle

2022-03-28 12:29:50 - [TEST_STEP][PASSED] - delay(1): Delayed 1 second(s)

2022-03-28 12:29:51 - [MESSAGE][PASSED] - Delayed 1 second(s)

2022-03-28 12:29:51 - [TEST_STEP][PASSED] - delay(1): Delayed 1 second(s)

2022-03-28 12:29:52 - [MESSAGE][PASSED] - Delayed 1 second(s)

2022-03-28 12:29:52 - [TEST_STEP][PASSED] - click(findTestObject("ME_CollateralAndLoan_Vehicle/button_Loan Data"), OPTIONAL): Object: 'Object Repository/ME_CollateralAndLoan_Vehicle/button_Loan Data' is clicked on

2022-03-28 12:29:53 - [MESSAGE][PASSED] - Object: 'Object Repository/ME_CollateralAndLoan_Vehicle/button_Loan Data' is clicked on

2022-03-28 12:29:53 - [TEST_STEP][PASSED] - delay(1): Delayed 1 second(s)

2022-03-28 12:29:54 - [MESSAGE][PASSED] - Delayed 1 second(s)

2022-03-28 12:29:54 - [TEST_STEP][PASSED] - takeFullPageScreenshotAsCheckpoint(userDir + sprint4WebScreenshootPath + "scenario-1-halaman-input-loan-data.png"): Taking screenshot successfully

2022-03-28 12:29:55 - [MESSAGE][INFO] - 0 hidden object(s)

2022-03-28 12:29:56 - [MESSAGE][PASSED] - Taking screenshot successfully
[[ATTACHMENT|C:\Users\elanf\git\BCAF_MEAPP_i3\Screenshoot\Sprint4\Web\keyes\keyes-scenario-1-halaman-input-loan-data.png]]

2022-03-28 12:29:56 - [TEST_STEP][PASSED] - markPassed("scenario 1 - halaman input loan data"): scenario 1 - halaman input loan data

2022-03-28 12:29:56 - [MESSAGE][PASSED] - scenario 1 - halaman input loan data

2022-03-28 12:29:56 - [TEST_STEP][PASSED] - delay(1): Delayed 1 second(s)

2022-03-28 12:29:57 - [MESSAGE][PASSED] - Delayed 1 second(s)

2022-03-28 12:29:57 - [TEST_STEP][PASSED] - scrollToElement(findTestObject("ME_CollateralAndLoan_Vehicle/button_Loan Data"), 0): Scroll to object 'Object Repository/ME_CollateralAndLoan_Vehicle/button_Loan Data' successfully

2022-03-28 12:29:57 - [MESSAGE][WARNING] - Timeout '0' is invalid. Using default page load timeout: '30'

2022-03-28 12:29:57 - [MESSAGE][PASSED] - Scroll to object 'Object Repository/ME_CollateralAndLoan_Vehicle/button_Loan Data' successfully

2022-03-28 12:29:57 - [TEST_STEP][PASSED] - delay(1): Delayed 1 second(s)

2022-03-28 12:29:58 - [MESSAGE][PASSED] - Delayed 1 second(s)

2022-03-28 12:29:58 - [TEST_STEP][PASSED] - setText(findTestObject("ME_CollateralAndLoan_Vehicle/input_On The Road Price_otr"), vehicle_onTheroadPrice): Text '150000000' is set on object 'Object Repository/ME_CollateralAndLoan_Vehicle/input_On The Road Price_otr'

2022-03-28 12:29:59 - [MESSAGE][PASSED] - Text '150000000' is set on object 'Object Repository/ME_CollateralAndLoan_Vehicle/input_On The Road Price_otr'

2022-03-28 12:29:59 - [TEST_STEP][PASSED] - delay(1): Delayed 1 second(s)

2022-03-28 12:30:00 - [MESSAGE][PASSED] - Delayed 1 second(s)

2022-03-28 12:30:00 - [TEST_STEP][PASSED] - setText(findTestObject("ME_CollateralAndLoan_Vehicle/input_Down Payment_dpNominal"), vehicle_downPayment): Text '0' is set on object 'Object Repository/ME_CollateralAndLoan_Vehicle/input_Down Payment_dpNominal'

2022-03-28 12:30:01 - [MESSAGE][PASSED] - Text '0' is set on object 'Object Repository/ME_CollateralAndLoan_Vehicle/input_Down Payment_dpNominal'

2022-03-28 12:30:01 - [TEST_STEP][PASSED] - delay(1): Delayed 1 second(s)

2022-03-28 12:30:02 - [MESSAGE][PASSED] - Delayed 1 second(s)

2022-03-28 12:30:02 - [TEST_STEP][PASSED] - setText(findTestObject("ME_CollateralAndLoan_Vehicle/input_DP_dpPercent"), vehicle_dpPercent): Text '30' is set on object 'Object Repository/ME_CollateralAndLoan_Vehicle/input_DP_dpPercent'

2022-03-28 12:30:02 - [MESSAGE][PASSED] - Text '30' is set on object 'Object Repository/ME_CollateralAndLoan_Vehicle/input_DP_dpPercent'

2022-03-28 12:30:02 - [TEST_STEP][PASSED] - delay(1): Delayed 1 second(s)

2022-03-28 12:30:03 - [MESSAGE][PASSED] - Delayed 1 second(s)

2022-03-28 12:30:03 - [TEST_STEP][PASSED] - setText(findTestObject("ME_CollateralAndLoan_Vehicle/input_Tenor (bulan)_tenor1"), vehicle_tenorBulan): Text '48' is set on object 'Object Repository/ME_CollateralAndLoan_Vehicle/input_Tenor (bulan)_tenor1'

2022-03-28 12:30:04 - [MESSAGE][PASSED] - Text '48' is set on object 'Object Repository/ME_CollateralAndLoan_Vehicle/input_Tenor (bulan)_tenor1'

2022-03-28 12:30:04 - [TEST_STEP][PASSED] - delay(1): Delayed 1 second(s)

2022-03-28 12:30:05 - [MESSAGE][PASSED] - Delayed 1 second(s)

2022-03-28 12:30:05 - [TEST_STEP][PASSED] - click(findTestObject("ME_CollateralAndLoan_Vehicle/input_Loan Type_inadvance"), OPTIONAL): Object: 'Object Repository/ME_CollateralAndLoan_Vehicle/input_Loan Type_inadvance' is clicked on

2022-03-28 12:30:05 - [MESSAGE][PASSED] - Object: 'Object Repository/ME_CollateralAndLoan_Vehicle/input_Loan Type_inadvance' is clicked on

2022-03-28 12:30:05 - [TEST_STEP][PASSED] - delay(1): Delayed 1 second(s)

2022-03-28 12:30:06 - [MESSAGE][PASSED] - Delayed 1 second(s)

2022-03-28 12:30:06 - [TEST_STEP][PASSED] - setText(findTestObject("ME_CollateralAndLoan_Vehicle/input_Flat Rate_flatRate"), vehicle_flatRate1): Text '7' is set on object 'Object Repository/ME_CollateralAndLoan_Vehicle/input_Flat Rate_flatRate'

2022-03-28 12:30:07 - [MESSAGE][PASSED] - Text '7' is set on object 'Object Repository/ME_CollateralAndLoan_Vehicle/input_Flat Rate_flatRate'

2022-03-28 12:30:07 - [TEST_STEP][PASSED] - delay(1): Delayed 1 second(s)

2022-03-28 12:30:08 - [MESSAGE][PASSED] - Delayed 1 second(s)

2022-03-28 12:30:08 - [TEST_STEP][PASSED] - setText(findTestObject("ME_CollateralAndLoan_Vehicle/input_Flat Rate 2_flatRate2"), vehicle_flatRate2): Text '7' is set on object 'Object Repository/ME_CollateralAndLoan_Vehicle/input_Flat Rate 2_flatRate2'

2022-03-28 12:30:09 - [MESSAGE][PASSED] - Text '7' is set on object 'Object Repository/ME_CollateralAndLoan_Vehicle/input_Flat Rate 2_flatRate2'

2022-03-28 12:30:09 - [TEST_STEP][PASSED] - delay(1): Delayed 1 second(s)

2022-03-28 12:30:10 - [MESSAGE][PASSED] - Delayed 1 second(s)

2022-03-28 12:30:10 - [TEST_STEP][PASSED] - click(findTestObject("ME_CollateralAndLoan_Vehicle/input_Effective Rate_effectiveRate"), OPTIONAL): Object: 'Object Repository/ME_CollateralAndLoan_Vehicle/input_Effective Rate_effectiveRate' is clicked on

2022-03-28 12:30:10 - [MESSAGE][PASSED] - Object: 'Object Repository/ME_CollateralAndLoan_Vehicle/input_Effective Rate_effectiveRate' is clicked on

2022-03-28 12:30:10 - [TEST_STEP][PASSED] - delay(1): Delayed 1 second(s)

2022-03-28 12:30:11 - [MESSAGE][PASSED] - Delayed 1 second(s)

2022-03-28 12:30:11 - [TEST_STEP][PASSED] - click(findTestObject("ME_CollateralAndLoan_Vehicle/input_Effective Rate 2_effectiveRate2"), OPTIONAL): Object: 'Object Repository/ME_CollateralAndLoan_Vehicle/input_Effective Rate 2_effectiveRate2' is clicked on

2022-03-28 12:30:12 - [MESSAGE][PASSED] - Object: 'Object Repository/ME_CollateralAndLoan_Vehicle/input_Effective Rate 2_effectiveRate2' is clicked on

2022-03-28 12:30:12 - [TEST_STEP][PASSED] - delay(1): Delayed 1 second(s)

2022-03-28 12:30:13 - [MESSAGE][PASSED] - Delayed 1 second(s)

2022-03-28 12:30:13 - [TEST_STEP][PASSED] - setText(findTestObject("ME_CollateralAndLoan_Vehicle/input_Provisional Percent_provisionPercent"), vehicle_provPercent): Text '2' is set on object 'Object Repository/ME_CollateralAndLoan_Vehicle/input_Provisional Percent_provisionPercent'

2022-03-28 12:30:13 - [MESSAGE][PASSED] - Text '2' is set on object 'Object Repository/ME_CollateralAndLoan_Vehicle/input_Provisional Percent_provisionPercent'

2022-03-28 12:30:13 - [TEST_STEP][PASSED] - delay(1): Delayed 1 second(s)

2022-03-28 12:30:14 - [MESSAGE][PASSED] - Delayed 1 second(s)

2022-03-28 12:30:14 - [TEST_STEP][PASSED] - click(findTestObject("ME_CollateralAndLoan_Vehicle/input_Provisional Payment_prepaid"), OPTIONAL): Object: 'Object Repository/ME_CollateralAndLoan_Vehicle/input_Provisional Payment_prepaid' is clicked on

2022-03-28 12:30:15 - [MESSAGE][PASSED] - Object: 'Object Repository/ME_CollateralAndLoan_Vehicle/input_Provisional Payment_prepaid' is clicked on

2022-03-28 12:30:15 - [TEST_STEP][PASSED] - delay(1): Delayed 1 second(s)

2022-03-28 12:30:16 - [MESSAGE][PASSED] - Delayed 1 second(s)

2022-03-28 12:30:16 - [TEST_STEP][PASSED] - setText(findTestObject("ME_CollateralAndLoan_Vehicle/input_Adm Fee_admFee"), vehicle_admFee): Text '2000000' is set on object 'Object Repository/ME_CollateralAndLoan_Vehicle/input_Adm Fee_admFee'

2022-03-28 12:30:17 - [MESSAGE][PASSED] - Text '2000000' is set on object 'Object Repository/ME_CollateralAndLoan_Vehicle/input_Adm Fee_admFee'

2022-03-28 12:30:17 - [TEST_STEP][PASSED] - delay(1): Delayed 1 second(s)

2022-03-28 12:30:18 - [MESSAGE][PASSED] - Delayed 1 second(s)

2022-03-28 12:30:18 - [TEST_STEP][PASSED] - click(findTestObject("ME_CollateralAndLoan_Vehicle/input_Adm Fee Payment_onloan"), OPTIONAL): Object: 'Object Repository/ME_CollateralAndLoan_Vehicle/input_Adm Fee Payment_onloan' is clicked on

2022-03-28 12:30:18 - [MESSAGE][PASSED] - Object: 'Object Repository/ME_CollateralAndLoan_Vehicle/input_Adm Fee Payment_onloan' is clicked on

2022-03-28 12:30:18 - [TEST_STEP][PASSED] - delay(1): Delayed 1 second(s)

2022-03-28 12:30:19 - [MESSAGE][PASSED] - Delayed 1 second(s)

2022-03-28 12:30:19 - [TEST_STEP][PASSED] - click(findTestObject("ME_CollateralAndLoan_Vehicle/input_Adm Fee Payment_prepaid"), OPTIONAL): Object: 'Object Repository/ME_CollateralAndLoan_Vehicle/input_Adm Fee Payment_prepaid' is clicked on

2022-03-28 12:30:20 - [MESSAGE][PASSED] - Object: 'Object Repository/ME_CollateralAndLoan_Vehicle/input_Adm Fee Payment_prepaid' is clicked on

2022-03-28 12:30:20 - [TEST_STEP][PASSED] - delay(1): Delayed 1 second(s)

2022-03-28 12:30:21 - [MESSAGE][PASSED] - Delayed 1 second(s)

2022-03-28 12:30:21 - [TEST_STEP][PASSED] - click(findTestObject("ME_CollateralAndLoan_Vehicle/input_gabung_jenisUnit20"), OPTIONAL): Object: 'Object Repository/ME_CollateralAndLoan_Vehicle/input_gabung_jenisUnit20' is clicked on

2022-03-28 12:30:21 - [MESSAGE][PASSED] - Object: 'Object Repository/ME_CollateralAndLoan_Vehicle/input_gabung_jenisUnit20' is clicked on

2022-03-28 12:30:21 - [TEST_STEP][PASSED] - takeFullPageScreenshotAsCheckpoint(userDir + sprint4WebScreenshootPath + "scenario-1-berhasil-input-data-loan.png"): Taking screenshot successfully

2022-03-28 12:30:22 - [MESSAGE][INFO] - 0 hidden object(s)

2022-03-28 12:30:23 - [MESSAGE][PASSED] - Taking screenshot successfully
[[ATTACHMENT|C:\Users\elanf\git\BCAF_MEAPP_i3\Screenshoot\Sprint4\Web\keyes\keyes-scenario-1-berhasil-input-data-loan.png]]

2022-03-28 12:30:23 - [TEST_STEP][PASSED] - markPassed("scenario 1 - berhasil input data loan"): scenario 1 - berhasil input data loan

2022-03-28 12:30:23 - [MESSAGE][PASSED] - scenario 1 - berhasil input data loan

2022-03-28 12:30:23 - [TEST_STEP][PASSED] - delay(1): Delayed 1 second(s)

2022-03-28 12:30:24 - [MESSAGE][PASSED] - Delayed 1 second(s)

2022-03-28 12:30:24 - [TEST_STEP][PASSED] - delay(1): Delayed 1 second(s)

2022-03-28 12:30:25 - [MESSAGE][PASSED] - Delayed 1 second(s)

2022-03-28 12:30:25 - [TEST_STEP][PASSED] - click(findTestObject("ME_CollateralAndLoan_Vehicle/button_Insurance"), OPTIONAL): Object: 'Object Repository/ME_CollateralAndLoan_Vehicle/button_Insurance' is clicked on

2022-03-28 12:30:25 - [MESSAGE][PASSED] - Object: 'Object Repository/ME_CollateralAndLoan_Vehicle/button_Insurance' is clicked on

2022-03-28 12:30:25 - [TEST_STEP][PASSED] - delay(1): Delayed 1 second(s)

2022-03-28 12:30:26 - [MESSAGE][PASSED] - Delayed 1 second(s)

2022-03-28 12:30:26 - [TEST_STEP][PASSED] - click(findTestObject("ME_CollateralAndLoan_Vehicle/input_Insurance_inline-checkbox1"), OPTIONAL): Object: 'Object Repository/ME_CollateralAndLoan_Vehicle/input_Insurance_inline-checkbox1' is clicked on

2022-03-28 12:30:27 - [MESSAGE][PASSED] - Object: 'Object Repository/ME_CollateralAndLoan_Vehicle/input_Insurance_inline-checkbox1' is clicked on

2022-03-28 12:30:27 - [TEST_STEP][PASSED] - delay(1): Delayed 1 second(s)

2022-03-28 12:30:28 - [MESSAGE][PASSED] - Delayed 1 second(s)

2022-03-28 12:30:28 - [TEST_STEP][PASSED] - takeFullPageScreenshotAsCheckpoint(userDir + sprint4WebScreenshootPath + "scenario-1-halaman-input-insurance.png"): Taking screenshot successfully

2022-03-28 12:30:29 - [MESSAGE][INFO] - 0 hidden object(s)

2022-03-28 12:30:29 - [MESSAGE][PASSED] - Taking screenshot successfully
[[ATTACHMENT|C:\Users\elanf\git\BCAF_MEAPP_i3\Screenshoot\Sprint4\Web\keyes\keyes-scenario-1-halaman-input-insurance.png]]

2022-03-28 12:30:29 - [TEST_STEP][PASSED] - markPassed("scenario 1 - halaman input insurance"): scenario 1 - halaman input insurance

2022-03-28 12:30:29 - [MESSAGE][PASSED] - scenario 1 - halaman input insurance

2022-03-28 12:30:29 - [TEST_STEP][PASSED] - delay(1): Delayed 1 second(s)

2022-03-28 12:30:30 - [MESSAGE][PASSED] - Delayed 1 second(s)

2022-03-28 12:30:30 - [TEST_STEP][PASSED] - setText(findTestObject("vehiclekedua/input_carinsurance_kedua"), vehicle_carInsurance): Text 'NO INSURANCE' is set on object 'Object Repository/vehiclekedua/input_carinsurance_kedua'

2022-03-28 12:30:31 - [MESSAGE][PASSED] - Text 'NO INSURANCE' is set on object 'Object Repository/vehiclekedua/input_carinsurance_kedua'

2022-03-28 12:30:31 - [TEST_STEP][PASSED] - delay(1): Delayed 1 second(s)

2022-03-28 12:30:32 - [MESSAGE][PASSED] - Delayed 1 second(s)

2022-03-28 12:30:32 - [TEST_STEP][PASSED] - click(findTestObject("vehiclekedua/div_NO INSURANCE_kedua"), OPTIONAL): Object: 'Object Repository/vehiclekedua/div_NO INSURANCE_kedua' is clicked on

2022-03-28 12:30:33 - [MESSAGE][PASSED] - Object: 'Object Repository/vehiclekedua/div_NO INSURANCE_kedua' is clicked on

2022-03-28 12:30:33 - [TEST_STEP][PASSED] - delay(1): Delayed 1 second(s)

2022-03-28 12:30:34 - [MESSAGE][PASSED] - Delayed 1 second(s)

2022-03-28 12:30:34 - [TEST_STEP][PASSED] - click(findTestObject("vehiclekedua/input_carinsurancebranch_kedua"), OPTIONAL): Object: 'Object Repository/vehiclekedua/input_carinsurancebranch_kedua' is clicked on

2022-03-28 12:30:34 - [MESSAGE][PASSED] - Object: 'Object Repository/vehiclekedua/input_carinsurancebranch_kedua' is clicked on

2022-03-28 12:30:34 - [TEST_STEP][PASSED] - delay(1): Delayed 1 second(s)

2022-03-28 12:30:35 - [MESSAGE][PASSED] - Delayed 1 second(s)

2022-03-28 12:30:35 - [TEST_STEP][PASSED] - setText(findTestObject("vehiclekedua/input_carinsurancebranch_kedua"), vehicle_carInsuranceBranch, OPTIONAL): Text 'NO INSURANCE' is set on object 'Object Repository/vehiclekedua/input_carinsurancebranch_kedua'

2022-03-28 12:30:36 - [MESSAGE][PASSED] - Text 'NO INSURANCE' is set on object 'Object Repository/vehiclekedua/input_carinsurancebranch_kedua'

2022-03-28 12:30:36 - [TEST_STEP][PASSED] - delay(1): Delayed 1 second(s)

2022-03-28 12:30:37 - [MESSAGE][PASSED] - Delayed 1 second(s)

2022-03-28 12:30:37 - [TEST_STEP][PASSED] - click(findTestObject("ME_CollateralAndLoan_Vehicle/div_NO INSURANCE_branch"), OPTIONAL): Object: 'Object Repository/ME_CollateralAndLoan_Vehicle/div_NO INSURANCE_branch' is clicked on

2022-03-28 12:30:37 - [MESSAGE][PASSED] - Object: 'Object Repository/ME_CollateralAndLoan_Vehicle/div_NO INSURANCE_branch' is clicked on

2022-03-28 12:30:37 - [TEST_STEP][PASSED] - delay(1): Delayed 1 second(s)

2022-03-28 12:30:38 - [MESSAGE][PASSED] - Delayed 1 second(s)

2022-03-28 12:30:38 - [TEST_STEP][PASSED] - click(findTestObject("vehiclekedua/input_carinsurancetype_kedua")): Object: 'Object Repository/vehiclekedua/input_carinsurancetype_kedua' is clicked on

2022-03-28 12:30:40 - [MESSAGE][PASSED] - Object: 'Object Repository/vehiclekedua/input_carinsurancetype_kedua' is clicked on

2022-03-28 12:30:40 - [TEST_STEP][PASSED] - delay(1): Delayed 1 second(s)

2022-03-28 12:30:41 - [MESSAGE][PASSED] - Delayed 1 second(s)

2022-03-28 12:30:41 - [TEST_STEP][PASSED] - setText(findTestObject("vehiclekedua/input_carinsurancetype_kedua"), vehicle_carInsuransetype): Text 'all risk' is set on object 'Object Repository/vehiclekedua/input_carinsurancetype_kedua'

2022-03-28 12:30:41 - [MESSAGE][PASSED] - Text 'all risk' is set on object 'Object Repository/vehiclekedua/input_carinsurancetype_kedua'

2022-03-28 12:30:41 - [TEST_STEP][PASSED] - delay(1): Delayed 1 second(s)

2022-03-28 12:30:42 - [MESSAGE][PASSED] - Delayed 1 second(s)

2022-03-28 12:30:42 - [TEST_STEP][PASSED] - click(findTestObject("vehiclekedua/div_All Risk_kedua")): Object: 'Object Repository/vehiclekedua/div_All Risk_kedua' is clicked on

2022-03-28 12:30:43 - [MESSAGE][PASSED] - Object: 'Object Repository/vehiclekedua/div_All Risk_kedua' is clicked on

2022-03-28 12:30:43 - [TEST_STEP][PASSED] - delay(1): Delayed 1 second(s)

2022-03-28 12:30:44 - [MESSAGE][PASSED] - Delayed 1 second(s)

2022-03-28 12:30:44 - [TEST_STEP][PASSED] - click(findTestObject("ME_CollateralAndLoan_Vehicle/input_RSCC_carInsuranceRscc0")): Object: 'Object Repository/ME_CollateralAndLoan_Vehicle/input_RSCC_carInsuranceRscc0' is clicked on

2022-03-28 12:30:44 - [MESSAGE][PASSED] - Object: 'Object Repository/ME_CollateralAndLoan_Vehicle/input_RSCC_carInsuranceRscc0' is clicked on

2022-03-28 12:30:44 - [TEST_STEP][PASSED] - delay(1): Delayed 1 second(s)

2022-03-28 12:30:45 - [MESSAGE][PASSED] - Delayed 1 second(s)

2022-03-28 12:30:45 - [TEST_STEP][PASSED] - click(findTestObject("ME_CollateralAndLoan_Vehicle/input_RSMB_carInsuranceRsmb0")): Object: 'Object Repository/ME_CollateralAndLoan_Vehicle/input_RSMB_carInsuranceRsmb0' is clicked on

2022-03-28 12:30:46 - [MESSAGE][PASSED] - Object: 'Object Repository/ME_CollateralAndLoan_Vehicle/input_RSMB_carInsuranceRsmb0' is clicked on

2022-03-28 12:30:46 - [TEST_STEP][PASSED] - delay(1): Delayed 1 second(s)

2022-03-28 12:30:47 - [MESSAGE][PASSED] - Delayed 1 second(s)

2022-03-28 12:30:47 - [TEST_STEP][PASSED] - click(findTestObject("ME_CollateralAndLoan_Vehicle/input_Insurance Payment_prepaid")): Object: 'Object Repository/ME_CollateralAndLoan_Vehicle/input_Insurance Payment_prepaid' is clicked on

2022-03-28 12:30:47 - [MESSAGE][PASSED] - Object: 'Object Repository/ME_CollateralAndLoan_Vehicle/input_Insurance Payment_prepaid' is clicked on

2022-03-28 12:30:47 - [TEST_STEP][PASSED] - delay(1): Delayed 1 second(s)

2022-03-28 12:30:48 - [MESSAGE][PASSED] - Delayed 1 second(s)

2022-03-28 12:30:48 - [TEST_STEP][PASSED] - click(findTestObject("ME_CollateralAndLoan_Vehicle/input_Machine Warranty_lifeInsurance")): Object: 'Object Repository/ME_CollateralAndLoan_Vehicle/input_Machine Warranty_lifeInsurance' is clicked on

2022-03-28 12:30:49 - [MESSAGE][PASSED] - Object: 'Object Repository/ME_CollateralAndLoan_Vehicle/input_Machine Warranty_lifeInsurance' is clicked on

2022-03-28 12:30:49 - [TEST_STEP][PASSED] - delay(1): Delayed 1 second(s)

2022-03-28 12:30:50 - [MESSAGE][PASSED] - Delayed 1 second(s)

2022-03-28 12:30:50 - [TEST_STEP][PASSED] - takeFullPageScreenshotAsCheckpoint(userDir + sprint4WebScreenshootPath + "scenario-1-halaman-input-life-insurance.png"): Taking screenshot successfully

2022-03-28 12:30:51 - [MESSAGE][INFO] - 0 hidden object(s)

2022-03-28 12:30:51 - [MESSAGE][PASSED] - Taking screenshot successfully
[[ATTACHMENT|C:\Users\elanf\git\BCAF_MEAPP_i3\Screenshoot\Sprint4\Web\keyes\keyes-scenario-1-halaman-input-life-insurance.png]]

2022-03-28 12:30:51 - [TEST_STEP][PASSED] - markPassed("scenario 1 - halaman input life insurance"): scenario 1 - halaman input life insurance

2022-03-28 12:30:51 - [MESSAGE][PASSED] - scenario 1 - halaman input life insurance

2022-03-28 12:30:51 - [TEST_STEP][PASSED] - delay(1): Delayed 1 second(s)

2022-03-28 12:30:52 - [MESSAGE][PASSED] - Delayed 1 second(s)

2022-03-28 12:30:52 - [TEST_STEP][PASSED] - scrollToElement(findTestObject("ME_CollateralAndLoan_Vehicle/a_Calculate All Unit (1)"), 0): Scroll to object 'Object Repository/ME_CollateralAndLoan_Vehicle/a_Calculate All Unit (1)' successfully

2022-03-28 12:30:52 - [MESSAGE][WARNING] - Timeout '0' is invalid. Using default page load timeout: '30'

2022-03-28 12:30:52 - [MESSAGE][PASSED] - Scroll to object 'Object Repository/ME_CollateralAndLoan_Vehicle/a_Calculate All Unit (1)' successfully

2022-03-28 12:30:52 - [TEST_STEP][PASSED] - delay(1): Delayed 1 second(s)

2022-03-28 12:30:53 - [MESSAGE][PASSED] - Delayed 1 second(s)

2022-03-28 12:30:53 - [TEST_STEP][PASSED] - click(findTestObject("vehiclekedua/input_lifeinsurancecorp_kedua"), OPTIONAL): Object: 'Object Repository/vehiclekedua/input_lifeinsurancecorp_kedua' is clicked on

2022-03-28 12:30:54 - [MESSAGE][PASSED] - Object: 'Object Repository/vehiclekedua/input_lifeinsurancecorp_kedua' is clicked on

2022-03-28 12:30:54 - [TEST_STEP][PASSED] - delay(1): Delayed 1 second(s)

2022-03-28 12:30:55 - [MESSAGE][PASSED] - Delayed 1 second(s)

2022-03-28 12:30:55 - [TEST_STEP][PASSED] - setText(findTestObject("vehiclekedua/input_lifeinsurancecorp_kedua"), vehilcle_lifeInsurancecorp, OPTIONAL): Text 'ASURANSI LAINNYA' is set on object 'Object Repository/vehiclekedua/input_lifeinsurancecorp_kedua'

2022-03-28 12:30:56 - [MESSAGE][PASSED] - Text 'ASURANSI LAINNYA' is set on object 'Object Repository/vehiclekedua/input_lifeinsurancecorp_kedua'

2022-03-28 12:30:56 - [TEST_STEP][PASSED] - delay(1): Delayed 1 second(s)

2022-03-28 12:30:57 - [MESSAGE][PASSED] - Delayed 1 second(s)

2022-03-28 12:30:57 - [TEST_STEP][PASSED] - click(findTestObject("vehiclekedua/div_ASURANSI LAINNYA_kedua"), OPTIONAL): Object: 'Object Repository/vehiclekedua/div_ASURANSI LAINNYA_kedua' is clicked on

2022-03-28 12:30:57 - [MESSAGE][PASSED] - Object: 'Object Repository/vehiclekedua/div_ASURANSI LAINNYA_kedua' is clicked on

2022-03-28 12:30:57 - [TEST_STEP][PASSED] - delay(1): Delayed 1 second(s)

2022-03-28 12:30:58 - [MESSAGE][PASSED] - Delayed 1 second(s)

2022-03-28 12:30:58 - [TEST_STEP][PASSED] - click(findTestObject("vehiclekedua/input_lifeinsurancebranch_kedua"), OPTIONAL): Object: 'Object Repository/vehiclekedua/input_lifeinsurancebranch_kedua' is clicked on

2022-03-28 12:30:59 - [MESSAGE][PASSED] - Object: 'Object Repository/vehiclekedua/input_lifeinsurancebranch_kedua' is clicked on

2022-03-28 12:30:59 - [TEST_STEP][PASSED] - delay(1): Delayed 1 second(s)

2022-03-28 12:31:00 - [MESSAGE][PASSED] - Delayed 1 second(s)

2022-03-28 12:31:00 - [TEST_STEP][PASSED] - setText(findTestObject("vehiclekedua/input_lifeinsurancebranch_kedua"), vehicle_lifeInsurancebranch, OPTIONAL): Text 'AS. LAINNYA' is set on object 'Object Repository/vehiclekedua/input_lifeinsurancebranch_kedua'

2022-03-28 12:31:01 - [MESSAGE][PASSED] - Text 'AS. LAINNYA' is set on object 'Object Repository/vehiclekedua/input_lifeinsurancebranch_kedua'

2022-03-28 12:31:01 - [TEST_STEP][PASSED] - delay(1): Delayed 1 second(s)

2022-03-28 12:31:02 - [MESSAGE][PASSED] - Delayed 1 second(s)

2022-03-28 12:31:02 - [TEST_STEP][PASSED] - click(findTestObject("ME_CollateralAndLoan_Vehicle/div_AS. LAINNYA_lifeinsurance"), OPTIONAL): Object: 'Object Repository/ME_CollateralAndLoan_Vehicle/div_AS. LAINNYA_lifeinsurance' is clicked on

2022-03-28 12:31:02 - [MESSAGE][PASSED] - Object: 'Object Repository/ME_CollateralAndLoan_Vehicle/div_AS. LAINNYA_lifeinsurance' is clicked on

2022-03-28 12:31:02 - [TEST_STEP][PASSED] - delay(1): Delayed 1 second(s)

2022-03-28 12:31:03 - [MESSAGE][PASSED] - Delayed 1 second(s)

2022-03-28 12:31:03 - [TEST_STEP][PASSED] - click(findTestObject("ME_CollateralAndLoan_Vehicle/input_Annual_lifeInsurancePayment"), OPTIONAL): Object: 'Object Repository/ME_CollateralAndLoan_Vehicle/input_Annual_lifeInsurancePayment' is clicked on

2022-03-28 12:31:04 - [MESSAGE][PASSED] - Object: 'Object Repository/ME_CollateralAndLoan_Vehicle/input_Annual_lifeInsurancePayment' is clicked on

2022-03-28 12:31:04 - [TEST_STEP][PASSED] - delay(1): Delayed 1 second(s)

2022-03-28 12:31:05 - [MESSAGE][PASSED] - Delayed 1 second(s)

2022-03-28 12:31:05 - [TEST_STEP][PASSED] - takeFullPageScreenshotAsCheckpoint(userDir + sprint4WebScreenshootPath + "scenario-1-berhasil-input-data-insurance.png"): Taking screenshot successfully

2022-03-28 12:31:06 - [MESSAGE][INFO] - 0 hidden object(s)

2022-03-28 12:31:06 - [MESSAGE][PASSED] - Taking screenshot successfully
[[ATTACHMENT|C:\Users\elanf\git\BCAF_MEAPP_i3\Screenshoot\Sprint4\Web\keyes\keyes-scenario-1-berhasil-input-data-insurance.png]]

2022-03-28 12:31:06 - [TEST_STEP][PASSED] - markPassed("scenario 1 - berhasil input data insurance"): scenario 1 - berhasil input data insurance

2022-03-28 12:31:06 - [MESSAGE][PASSED] - scenario 1 - berhasil input data insurance

2022-03-28 12:31:06 - [TEST_STEP][PASSED] - delay(1): Delayed 1 second(s)

2022-03-28 12:31:07 - [MESSAGE][PASSED] - Delayed 1 second(s)

2022-03-28 12:31:07 - [TEST_STEP][PASSED] - click(findTestObject("ME_CollateralAndLoan_Vehicle/button_Note"), OPTIONAL): Object: 'Object Repository/ME_CollateralAndLoan_Vehicle/button_Note' is clicked on

2022-03-28 12:31:08 - [MESSAGE][PASSED] - Object: 'Object Repository/ME_CollateralAndLoan_Vehicle/button_Note' is clicked on

2022-03-28 12:31:08 - [TEST_STEP][PASSED] - delay(1): Delayed 1 second(s)

2022-03-28 12:31:09 - [MESSAGE][PASSED] - Delayed 1 second(s)

2022-03-28 12:31:09 - [TEST_STEP][PASSED] - takeFullPageScreenshotAsCheckpoint(userDir + sprint4WebScreenshootPath + "scenario-1-submenu-notes.png"): Taking screenshot successfully

2022-03-28 12:31:10 - [MESSAGE][INFO] - 0 hidden object(s)

2022-03-28 12:31:10 - [MESSAGE][PASSED] - Taking screenshot successfully
[[ATTACHMENT|C:\Users\elanf\git\BCAF_MEAPP_i3\Screenshoot\Sprint4\Web\keyes\keyes-scenario-1-submenu-notes.png]]

2022-03-28 12:31:10 - [TEST_STEP][PASSED] - markPassed("scenario 1 - submenu notes"): scenario 1 - submenu notes

2022-03-28 12:31:10 - [MESSAGE][PASSED] - scenario 1 - submenu notes

2022-03-28 12:31:10 - [TEST_STEP][PASSED] - delay(1): Delayed 1 second(s)

2022-03-28 12:31:11 - [MESSAGE][PASSED] - Delayed 1 second(s)

2022-03-28 12:31:11 - [TEST_STEP][PASSED] - setText(findTestObject("ME_CollateralAndLoan_Vehicle/textarea_Note CMO_noteCMO"), vehicle_noteCMO): Text 'pengajuan 1' is set on object 'Object Repository/ME_CollateralAndLoan_Vehicle/textarea_Note CMO_noteCMO'

2022-03-28 12:31:12 - [MESSAGE][PASSED] - Text 'pengajuan 1' is set on object 'Object Repository/ME_CollateralAndLoan_Vehicle/textarea_Note CMO_noteCMO'

2022-03-28 12:31:12 - [TEST_STEP][PASSED] - delay(1): Delayed 1 second(s)

2022-03-28 12:31:13 - [MESSAGE][PASSED] - Delayed 1 second(s)

2022-03-28 12:31:13 - [TEST_STEP][PASSED] - takeFullPageScreenshotAsCheckpoint(userDir + sprint4WebScreenshootPath + "scenario-1-submenu-notes.png"): Taking screenshot successfully

2022-03-28 12:31:14 - [MESSAGE][INFO] - 0 hidden object(s)

2022-03-28 12:31:14 - [MESSAGE][PASSED] - Taking screenshot successfully
[[ATTACHMENT|C:\Users\elanf\git\BCAF_MEAPP_i3\Screenshoot\Sprint4\Web\keyes\keyes-scenario-1-submenu-notes.png]]

2022-03-28 12:31:14 - [TEST_STEP][PASSED] - markPassed("scenario 1 - berhasil input  notes CMO"): scenario 1 - berhasil input  notes CMO

2022-03-28 12:31:14 - [MESSAGE][PASSED] - scenario 1 - berhasil input  notes CMO

2022-03-28 12:31:14 - [TEST_STEP][PASSED] - delay(1): Delayed 1 second(s)

2022-03-28 12:31:15 - [MESSAGE][PASSED] - Delayed 1 second(s)

2022-03-28 12:31:15 - [TEST_STEP][PASSED] - click(findTestObject("vehiclekedua/a_Add Unit Kendaraan_kedua")): Object: 'Object Repository/vehiclekedua/a_Add Unit Kendaraan_kedua' is clicked on

2022-03-28 12:31:16 - [MESSAGE][PASSED] - Object: 'Object Repository/vehiclekedua/a_Add Unit Kendaraan_kedua' is clicked on

2022-03-28 12:31:16 - [TEST_STEP][PASSED] - delay(1): Delayed 1 second(s)

2022-03-28 12:31:17 - [MESSAGE][PASSED] - Delayed 1 second(s)

2022-03-28 12:31:17 - [TEST_STEP][PASSED] - takeFullPageScreenshotAsCheckpoint(userDir + sprint4WebScreenshootPath + "scenario-1-pop-up-add-kendaraan.png"): Taking screenshot successfully

2022-03-28 12:31:18 - [MESSAGE][INFO] - 0 hidden object(s)

2022-03-28 12:31:18 - [MESSAGE][PASSED] - Taking screenshot successfully
[[ATTACHMENT|C:\Users\elanf\git\BCAF_MEAPP_i3\Screenshoot\Sprint4\Web\keyes\keyes-scenario-1-pop-up-add-kendaraan.png]]

2022-03-28 12:31:18 - [TEST_STEP][PASSED] - markPassed("scenario 1 - Popup add unit kendaraan"): scenario 1 - Popup add unit kendaraan

2022-03-28 12:31:18 - [MESSAGE][PASSED] - scenario 1 - Popup add unit kendaraan

2022-03-28 12:31:18 - [TEST_STEP][PASSED] - delay(1): Delayed 1 second(s)

2022-03-28 12:31:19 - [MESSAGE][PASSED] - Delayed 1 second(s)

2022-03-28 12:31:19 - [TEST_STEP][PASSED] - setText(findTestObject("vehiclekedua/input_Jumlah unit_kedua"), vehicle_jumlahUnit): Text '2' is set on object 'Object Repository/vehiclekedua/input_Jumlah unit_kedua'

2022-03-28 12:31:20 - [MESSAGE][PASSED] - Text '2' is set on object 'Object Repository/vehiclekedua/input_Jumlah unit_kedua'

2022-03-28 12:31:20 - [TEST_STEP][PASSED] - delay(1): Delayed 1 second(s)

2022-03-28 12:31:21 - [MESSAGE][PASSED] - Delayed 1 second(s)

2022-03-28 12:31:21 - [TEST_STEP][PASSED] - click(findTestObject("ME_CollateralAndLoan_Vehicle/input_ya_copy_addunit")): Object: 'Object Repository/ME_CollateralAndLoan_Vehicle/input_ya_copy_addunit' is clicked on

2022-03-28 12:31:21 - [MESSAGE][PASSED] - Object: 'Object Repository/ME_CollateralAndLoan_Vehicle/input_ya_copy_addunit' is clicked on

2022-03-28 12:31:21 - [TEST_STEP][PASSED] - delay(1): Delayed 1 second(s)

2022-03-28 12:31:22 - [MESSAGE][PASSED] - Delayed 1 second(s)

2022-03-28 12:31:22 - [TEST_STEP][PASSED] - click(findTestObject("ME_CollateralAndLoan_Vehicle/span_Pilih Unit")): Object: 'Object Repository/ME_CollateralAndLoan_Vehicle/span_Pilih Unit' is clicked on

2022-03-28 12:31:23 - [MESSAGE][PASSED] - Object: 'Object Repository/ME_CollateralAndLoan_Vehicle/span_Pilih Unit' is clicked on

2022-03-28 12:31:23 - [TEST_STEP][PASSED] - delay(1): Delayed 1 second(s)

2022-03-28 12:31:24 - [MESSAGE][PASSED] - Delayed 1 second(s)

2022-03-28 12:31:24 - [TEST_STEP][PASSED] - setText(findTestObject("vehiclekedua/input_Add_select2-search__field-UNIT_yangakandicopy_kedua"), vehicle_searchUnit): Text 'Unit 1' is set on object 'Object Repository/vehiclekedua/input_Add_select2-search__field-UNIT_yangakandicopy_kedua'

2022-03-28 12:31:24 - [MESSAGE][PASSED] - Text 'Unit 1' is set on object 'Object Repository/vehiclekedua/input_Add_select2-search__field-UNIT_yangakandicopy_kedua'

2022-03-28 12:31:24 - [TEST_STEP][PASSED] - delay(1): Delayed 1 second(s)

2022-03-28 12:31:25 - [MESSAGE][PASSED] - Delayed 1 second(s)

2022-03-28 12:31:25 - [TEST_STEP][PASSED] - sendKeys(findTestObject("vehiclekedua/input_Add_select2-search__field-UNIT_yangakandicopy_kedua"), Keys.chord(ENTER)): Keys 'ENTER + ' sent to object: 'Object Repository/vehiclekedua/input_Add_select2-search__field-UNIT_yangakandicopy_kedua'

2022-03-28 12:31:26 - [MESSAGE][PASSED] - Keys 'ENTER + ' sent to object: 'Object Repository/vehiclekedua/input_Add_select2-search__field-UNIT_yangakandicopy_kedua'

2022-03-28 12:31:26 - [TEST_STEP][PASSED] - delay(1): Delayed 1 second(s)

2022-03-28 12:31:27 - [MESSAGE][PASSED] - Delayed 1 second(s)

2022-03-28 12:31:27 - [TEST_STEP][PASSED] - takeFullPageScreenshotAsCheckpoint(userDir + sprint4WebScreenshootPath + "scenario-1-berhasil-add-kendaraan.png"): Taking screenshot successfully

2022-03-28 12:31:28 - [MESSAGE][INFO] - 0 hidden object(s)

2022-03-28 12:31:28 - [MESSAGE][PASSED] - Taking screenshot successfully
[[ATTACHMENT|C:\Users\elanf\git\BCAF_MEAPP_i3\Screenshoot\Sprint4\Web\keyes\keyes-scenario-1-berhasil-add-kendaraan.png]]

2022-03-28 12:31:28 - [TEST_STEP][PASSED] - markPassed("scenario 1 - berhasil add unit kendaraan"): scenario 1 - berhasil add unit kendaraan

2022-03-28 12:31:28 - [MESSAGE][PASSED] - scenario 1 - berhasil add unit kendaraan

2022-03-28 12:31:28 - [TEST_STEP][PASSED] - delay(1): Delayed 1 second(s)

2022-03-28 12:31:29 - [MESSAGE][PASSED] - Delayed 1 second(s)

2022-03-28 12:31:29 - [TEST_STEP][PASSED] - click(findTestObject("ME_CollateralAndLoan_Vehicle/button_Add_unit")): Object: 'Object Repository/ME_CollateralAndLoan_Vehicle/button_Add_unit' is clicked on

2022-03-28 12:31:30 - [MESSAGE][PASSED] - Object: 'Object Repository/ME_CollateralAndLoan_Vehicle/button_Add_unit' is clicked on

2022-03-28 12:31:30 - [TEST_STEP][PASSED] - delay(1): Delayed 1 second(s)

2022-03-28 12:31:31 - [MESSAGE][PASSED] - Delayed 1 second(s)

2022-03-28 12:31:31 - [TEST_STEP][PASSED] - click(findTestObject("ME_CollateralAndLoan_Vehicle/a_Calculate All Unit")): Object: 'Object Repository/ME_CollateralAndLoan_Vehicle/a_Calculate All Unit' is clicked on

2022-03-28 12:31:32 - [MESSAGE][PASSED] - Object: 'Object Repository/ME_CollateralAndLoan_Vehicle/a_Calculate All Unit' is clicked on

2022-03-28 12:31:32 - [TEST_STEP][PASSED] - delay(1): Delayed 1 second(s)

2022-03-28 12:31:33 - [MESSAGE][PASSED] - Delayed 1 second(s)

2022-03-28 12:31:33 - [TEST_STEP][PASSED] - verifyElementPresent(findTestObject("ME_CollateralAndLoan_Vehicle/label_Summary Total"), 0): Object 'Object Repository/ME_CollateralAndLoan_Vehicle/label_Summary Total' is present

2022-03-28 12:31:33 - [MESSAGE][WARNING] - Timeout '0' is invalid. Using default page load timeout: '30'

2022-03-28 12:31:38 - [MESSAGE][PASSED] - Object 'Object Repository/ME_CollateralAndLoan_Vehicle/label_Summary Total' is present

2022-03-28 12:31:38 - [TEST_STEP][PASSED] - delay(1): Delayed 1 second(s)

2022-03-28 12:31:39 - [MESSAGE][PASSED] - Delayed 1 second(s)

2022-03-28 12:31:39 - [TEST_STEP][PASSED] - takeFullPageScreenshotAsCheckpoint(userDir + sprint4WebScreenshootPath + "scenario-1-pop-up-summary-total.png"): Taking screenshot successfully

2022-03-28 12:31:40 - [MESSAGE][INFO] - 0 hidden object(s)

2022-03-28 12:31:41 - [MESSAGE][PASSED] - Taking screenshot successfully
[[ATTACHMENT|C:\Users\elanf\git\BCAF_MEAPP_i3\Screenshoot\Sprint4\Web\keyes\keyes-scenario-1-pop-up-summary-total.png]]

2022-03-28 12:31:41 - [TEST_STEP][PASSED] - markPassed("scenario 1 - Popup summary total"): scenario 1 - Popup summary total

2022-03-28 12:31:41 - [MESSAGE][PASSED] - scenario 1 - Popup summary total

2022-03-28 12:31:41 - [TEST_STEP][PASSED] - delay(1): Delayed 1 second(s)

2022-03-28 12:31:42 - [MESSAGE][PASSED] - Delayed 1 second(s)

2022-03-28 12:31:42 - [TEST_STEP][PASSED] - verifyElementPresent(findTestObject("ME_CollateralAndLoan_Vehicle/div_Calculating Summary_mx-0 proceed-state state-1_success"), 0): Object 'Object Repository/ME_CollateralAndLoan_Vehicle/div_Calculating Summary_mx-0 proceed-state state-1_success' is present

2022-03-28 12:31:42 - [MESSAGE][WARNING] - Timeout '0' is invalid. Using default page load timeout: '30'

2022-03-28 12:31:42 - [MESSAGE][PASSED] - Object 'Object Repository/ME_CollateralAndLoan_Vehicle/div_Calculating Summary_mx-0 proceed-state state-1_success' is present

2022-03-28 12:31:42 - [TEST_STEP][PASSED] - delay(1): Delayed 1 second(s)

2022-03-28 12:31:43 - [MESSAGE][PASSED] - Delayed 1 second(s)

2022-03-28 12:31:43 - [TEST_STEP][PASSED] - click(findTestObject("ME_CollateralAndLoan_Vehicle/a_Close_calculate")): Object: 'Object Repository/ME_CollateralAndLoan_Vehicle/a_Close_calculate' is clicked on

2022-03-28 12:31:44 - [MESSAGE][PASSED] - Object: 'Object Repository/ME_CollateralAndLoan_Vehicle/a_Close_calculate' is clicked on]]></system-out>
         <system-err><![CDATA[]]></system-err>
      </testcase>
      <testcase name="Test Cases/Sprint 4/Skenario 1/01-04-Transaction-InputPenyimpangan-ProcessBM" time="25.811" classname="Test Cases/Sprint 4/Skenario 1/01-04-Transaction-InputPenyimpangan-ProcessBM" status="PASSED">
         <system-out><![CDATA[2022-03-28 12:31:44 - [TEST_CASE][PASSED] - Test Cases/Sprint 4/Skenario 1/01-04-Transaction-InputPenyimpangan-ProcessBM: Test Cases/Sprint 4/Skenario 1/01-04-Transaction-InputPenyimpangan-ProcessBM

2022-03-28 12:31:44 - [TEST_STEP][PASSED] - userDir = getProjectDir(): null

2022-03-28 12:31:44 - [TEST_STEP][PASSED] - scrollToPosition(0, 0): Browser is scrolled to position x = 0, y = 0

2022-03-28 12:31:44 - [MESSAGE][PASSED] - Browser is scrolled to position x = 0, y = 0

2022-03-28 12:31:44 - [TEST_STEP][PASSED] - click(findTestObject("Object Repository/Penyimpangan/span_Penyimpangan"), OPTIONAL): Object: 'Object Repository/Penyimpangan/span_Penyimpangan' is clicked on

2022-03-28 12:31:45 - [MESSAGE][PASSED] - Object: 'Object Repository/Penyimpangan/span_Penyimpangan' is clicked on

2022-03-28 12:31:45 - [TEST_STEP][PASSED] - delay(1): Delayed 1 second(s)

2022-03-28 12:31:46 - [MESSAGE][PASSED] - Delayed 1 second(s)

2022-03-28 12:31:46 - [TEST_STEP][PASSED] - takeFullPageScreenshotAsCheckpoint(userDir + sprint4WebScreenshootPath + "scenario-1-masuk-menu-penyimpangan.png"): Taking screenshot successfully

2022-03-28 12:31:46 - [MESSAGE][INFO] - 0 hidden object(s)

2022-03-28 12:31:47 - [MESSAGE][PASSED] - Taking screenshot successfully
[[ATTACHMENT|C:\Users\elanf\git\BCAF_MEAPP_i3\Screenshoot\Sprint4\Web\keyes\keyes-scenario-1-masuk-menu-penyimpangan.png]]

2022-03-28 12:31:47 - [TEST_STEP][PASSED] - markPassed("scenario 1 - Masuk menu penyimpangan"): scenario 1 - Masuk menu penyimpangan

2022-03-28 12:31:47 - [MESSAGE][PASSED] - scenario 1 - Masuk menu penyimpangan

2022-03-28 12:31:47 - [TEST_STEP][PASSED] - delay(1): Delayed 1 second(s)

2022-03-28 12:31:48 - [MESSAGE][PASSED] - Delayed 1 second(s)

2022-03-28 12:31:48 - [TEST_STEP][PASSED] - setText(findTestObject("Object Repository/Penyimpangan/input_keyword"), processBM_keyword, OPTIONAL): Text 'BM - (Tidak berlaku lagi) Bukti rumah berupa AJB / PBB / PPJB / HGB / Perjanjian Kredit KPR yang menunjukkan alamat sesuai dengan tempat tinggal konsumen (dapat atas nama pemohon / pasangan / anak / orang tua / mertua) (CS)' is set on object 'Object Repository/Penyimpangan/input_keyword'

2022-03-28 12:31:53 - [MESSAGE][PASSED] - Text 'BM - (Tidak berlaku lagi) Bukti rumah berupa AJB / PBB / PPJB / HGB / Perjanjian Kredit KPR yang menunjukkan alamat sesuai dengan tempat tinggal konsumen (dapat atas nama pemohon / pasangan / anak / orang tua / mertua) (CS)' is set on object 'Object Repository/Penyimpangan/input_keyword'

2022-03-28 12:31:53 - [TEST_STEP][PASSED] - takeFullPageScreenshotAsCheckpoint(userDir + sprint4WebScreenshootPath + "scenario-1-input-penyimpangan.png"): Taking screenshot successfully

2022-03-28 12:31:55 - [MESSAGE][INFO] - 0 hidden object(s)

2022-03-28 12:31:55 - [MESSAGE][PASSED] - Taking screenshot successfully
[[ATTACHMENT|C:\Users\elanf\git\BCAF_MEAPP_i3\Screenshoot\Sprint4\Web\keyes\keyes-scenario-1-input-penyimpangan.png]]

2022-03-28 12:31:55 - [TEST_STEP][PASSED] - markPassed("scenario 1 - Input penyimpangan"): scenario 1 - Input penyimpangan

2022-03-28 12:31:55 - [MESSAGE][PASSED] - scenario 1 - Input penyimpangan

2022-03-28 12:31:55 - [TEST_STEP][PASSED] - delay(1): Delayed 1 second(s)

2022-03-28 12:31:56 - [MESSAGE][PASSED] - Delayed 1 second(s)

2022-03-28 12:31:56 - [TEST_STEP][PASSED] - click(findTestObject("Object Repository/Penyimpangan/span_BM 1"), OPTIONAL): Object: 'Object Repository/Penyimpangan/span_BM 1' is clicked on

2022-03-28 12:31:57 - [MESSAGE][PASSED] - Object: 'Object Repository/Penyimpangan/span_BM 1' is clicked on

2022-03-28 12:31:57 - [TEST_STEP][PASSED] - delay(1): Delayed 1 second(s)

2022-03-28 12:31:58 - [MESSAGE][PASSED] - Delayed 1 second(s)

2022-03-28 12:31:58 - [TEST_STEP][PASSED] - scrollToElement(findTestObject("Object Repository/Penyimpangan/textarea_Catatan_note"), 0, OPTIONAL): Scroll to object 'Object Repository/Penyimpangan/textarea_Catatan_note' successfully

2022-03-28 12:31:58 - [MESSAGE][WARNING] - Timeout '0' is invalid. Using default page load timeout: '30'

2022-03-28 12:31:58 - [MESSAGE][PASSED] - Scroll to object 'Object Repository/Penyimpangan/textarea_Catatan_note' successfully

2022-03-28 12:31:58 - [TEST_STEP][PASSED] - delay(1): Delayed 1 second(s)

2022-03-28 12:31:59 - [MESSAGE][PASSED] - Delayed 1 second(s)

2022-03-28 12:31:59 - [TEST_STEP][PASSED] - setText(findTestObject("Object Repository/Penyimpangan/textarea_Catatan_note"), processBM_catatanNote, OPTIONAL): Text 'Pengajuan 1' is set on object 'Object Repository/Penyimpangan/textarea_Catatan_note'

2022-03-28 12:32:00 - [MESSAGE][PASSED] - Text 'Pengajuan 1' is set on object 'Object Repository/Penyimpangan/textarea_Catatan_note'

2022-03-28 12:32:00 - [TEST_STEP][PASSED] - delay(1): Delayed 1 second(s)

2022-03-28 12:32:01 - [MESSAGE][PASSED] - Delayed 1 second(s)

2022-03-28 12:32:01 - [TEST_STEP][PASSED] - takeFullPageScreenshotAsCheckpoint(userDir + sprint4WebScreenshootPath + "scenario-1-input-penyimpangan-selesai.png"): Taking screenshot successfully

2022-03-28 12:32:01 - [MESSAGE][INFO] - 0 hidden object(s)

2022-03-28 12:32:02 - [MESSAGE][PASSED] - Taking screenshot successfully
[[ATTACHMENT|C:\Users\elanf\git\BCAF_MEAPP_i3\Screenshoot\Sprint4\Web\keyes\keyes-scenario-1-input-penyimpangan-selesai.png]]

2022-03-28 12:32:02 - [TEST_STEP][PASSED] - markPassed("scenario 1 - Input penyimpangan selesai"): scenario 1 - Input penyimpangan selesai

2022-03-28 12:32:02 - [MESSAGE][PASSED] - scenario 1 - Input penyimpangan selesai

2022-03-28 12:32:02 - [TEST_STEP][PASSED] - delay(1): Delayed 1 second(s)

2022-03-28 12:32:03 - [MESSAGE][PASSED] - Delayed 1 second(s)

2022-03-28 12:32:03 - [TEST_STEP][PASSED] - click(findTestObject("Object Repository/Penyimpangan/span_Proceed"), OPTIONAL): Object: 'Object Repository/Penyimpangan/span_Proceed' is clicked on

2022-03-28 12:32:03 - [MESSAGE][PASSED] - Object: 'Object Repository/Penyimpangan/span_Proceed' is clicked on

2022-03-28 12:32:03 - [TEST_STEP][PASSED] - takeFullPageScreenshotAsCheckpoint(userDir + sprint4WebScreenshootPath + "scenario-1-berhasil-proceed.png"): Taking screenshot successfully

2022-03-28 12:32:04 - [MESSAGE][INFO] - 0 hidden object(s)

2022-03-28 12:32:04 - [MESSAGE][PASSED] - Taking screenshot successfully
[[ATTACHMENT|C:\Users\elanf\git\BCAF_MEAPP_i3\Screenshoot\Sprint4\Web\keyes\keyes-scenario-1-berhasil-proceed.png]]

2022-03-28 12:32:04 - [TEST_STEP][PASSED] - markPassed("scenario 1 - berhasil proceed"): scenario 1 - berhasil proceed

2022-03-28 12:32:04 - [MESSAGE][PASSED] - scenario 1 - berhasil proceed

2022-03-28 12:32:04 - [TEST_STEP][PASSED] - delay(5): Delayed 5 second(s)

2022-03-28 12:32:09 - [MESSAGE][PASSED] - Delayed 5 second(s)

2022-03-28 12:32:09 - [TEST_STEP][PASSED] - getSearch1 = getText(findTestObject("Penyimpangan/SetSearch")): Text of object 'Object Repository/Penyimpangan/SetSearch' is: '4003889'

2022-03-28 12:32:10 - [MESSAGE][PASSED] - Text of object 'Object Repository/Penyimpangan/SetSearch' is: '4003889'

2022-03-28 12:32:10 - [TEST_STEP][PASSED] - println(getSearch1): null

2022-03-28 12:32:10 - [TEST_STEP][PASSED] - Search1 = getSearch1: null]]></system-out>
         <system-err><![CDATA[]]></system-err>
      </testcase>
      <testcase name="Test Cases/Sprint 4/Skenario 2/02-01-Transaction-AppBaru-InisiasiKonsumenBaru" time="84.784" classname="Test Cases/Sprint 4/Skenario 2/02-01-Transaction-AppBaru-InisiasiKonsumenBaru" status="PASSED">
         <system-out><![CDATA[2022-03-28 12:32:10 - [TEST_CASE][PASSED] - Test Cases/Sprint 4/Skenario 2/02-01-Transaction-AppBaru-InisiasiKonsumenBaru: Test Cases/Sprint 4/Skenario 2/02-01-Transaction-AppBaru-InisiasiKonsumenBaru

2022-03-28 12:32:10 - [TEST_STEP][PASSED] - robot = new java.awt.Robot(): null

2022-03-28 12:32:10 - [TEST_STEP][PASSED] - userDir = getProjectDir(): null

2022-03-28 12:32:10 - [TEST_STEP][PASSED] - openBrowser(""): Browser is opened with url: ''

2022-03-28 12:32:10 - [MESSAGE][WARNING] - A browser is already opened. Closing browser and opening a new one

2022-03-28 12:32:11 - [MESSAGE][INFO] - Starting 'Chrome' driver

2022-03-28 12:32:11 - [MESSAGE][INFO] - Action delay is set to 0 milliseconds

2022-03-28 12:32:12 - [MESSAGE][PASSED] - Browser is opened with url: ''

2022-03-28 12:32:12 - [TEST_STEP][PASSED] - driver = getWebDriver(): null

2022-03-28 12:32:12 - [TEST_STEP][PASSED] - navigateToUrl(ME_url): Navigate to 'https://mecorporate.idofocus.co.id:25443/login' successfully

2022-03-28 12:32:13 - [MESSAGE][PASSED] - Navigate to 'https://mecorporate.idofocus.co.id:25443/login' successfully

2022-03-28 12:32:13 - [TEST_STEP][PASSED] - maximizeWindow(): Current window maximized

2022-03-28 12:32:13 - [MESSAGE][PASSED] - Current window maximized

2022-03-28 12:32:13 - [TEST_STEP][PASSED] - delay(5): Delayed 5 second(s)

2022-03-28 12:32:18 - [MESSAGE][PASSED] - Delayed 5 second(s)

2022-03-28 12:32:18 - [TEST_STEP][PASSED] - setText(findTestObject("MEApp_AppBaru_InisiasiKonsumen/input_User ID_login"), CMO): Text '20190364' is set on object 'Object Repository/MEApp_AppBaru_InisiasiKonsumen/input_User ID_login'

2022-03-28 12:32:19 - [MESSAGE][PASSED] - Text '20190364' is set on object 'Object Repository/MEApp_AppBaru_InisiasiKonsumen/input_User ID_login'

2022-03-28 12:32:19 - [TEST_STEP][PASSED] - setText(findTestObject("MEApp_AppBaru_InisiasiKonsumen/input_User Password_login"), password): Text 'Mobile123+' is set on object 'Object Repository/MEApp_AppBaru_InisiasiKonsumen/input_User Password_login'

2022-03-28 12:32:19 - [MESSAGE][PASSED] - Text 'Mobile123+' is set on object 'Object Repository/MEApp_AppBaru_InisiasiKonsumen/input_User Password_login'

2022-03-28 12:32:19 - [TEST_STEP][PASSED] - takeFullPageScreenshotAsCheckpoint(userDir + sprint4WebScreenshootPath + "scenario-1-aplikasi-baru-login.png"): Taking screenshot successfully

2022-03-28 12:32:20 - [MESSAGE][INFO] - 0 hidden object(s)

2022-03-28 12:32:20 - [MESSAGE][PASSED] - Taking screenshot successfully
[[ATTACHMENT|C:\Users\elanf\git\BCAF_MEAPP_i3\Screenshoot\Sprint4\Web\keyes\keyes-scenario-1-aplikasi-baru-login.png]]

2022-03-28 12:32:20 - [TEST_STEP][PASSED] - markPassed("Scenario 1 - Memastikan login berhasil"): Scenario 1 - Memastikan login berhasil

2022-03-28 12:32:20 - [MESSAGE][PASSED] - Scenario 1 - Memastikan login berhasil

2022-03-28 12:32:20 - [TEST_STEP][PASSED] - click(findTestObject("MEApp_AppBaru_InisiasiKonsumen/button_Login")): Object: 'Object Repository/MEApp_AppBaru_InisiasiKonsumen/button_Login' is clicked on

2022-03-28 12:32:20 - [MESSAGE][PASSED] - Object: 'Object Repository/MEApp_AppBaru_InisiasiKonsumen/button_Login' is clicked on

2022-03-28 12:32:20 - [TEST_STEP][PASSED] - delay(2): Delayed 2 second(s)

2022-03-28 12:32:22 - [MESSAGE][PASSED] - Delayed 2 second(s)

2022-03-28 12:32:22 - [TEST_STEP][PASSED] - verifyElementPresent(findTestObject("MEApp_AppBaru_InisiasiKonsumen/span_Transaksi"), 0): Object 'Object Repository/MEApp_AppBaru_InisiasiKonsumen/span_Transaksi' is present

2022-03-28 12:32:22 - [MESSAGE][WARNING] - Timeout '0' is invalid. Using default page load timeout: '30'

2022-03-28 12:32:23 - [MESSAGE][PASSED] - Object 'Object Repository/MEApp_AppBaru_InisiasiKonsumen/span_Transaksi' is present

2022-03-28 12:32:23 - [TEST_STEP][PASSED] - click(findTestObject("MEApp_AppBaru_InisiasiKonsumen/span_Transaksi")): Object: 'Object Repository/MEApp_AppBaru_InisiasiKonsumen/span_Transaksi' is clicked on

2022-03-28 12:32:23 - [MESSAGE][PASSED] - Object: 'Object Repository/MEApp_AppBaru_InisiasiKonsumen/span_Transaksi' is clicked on

2022-03-28 12:32:23 - [TEST_STEP][PASSED] - delay(1): Delayed 1 second(s)

2022-03-28 12:32:24 - [MESSAGE][PASSED] - Delayed 1 second(s)

2022-03-28 12:32:24 - [TEST_STEP][PASSED] - click(findTestObject("MEApp_AppBaru_InisiasiKonsumen/span_Aplikasi Baru")): Object: 'Object Repository/MEApp_AppBaru_InisiasiKonsumen/span_Aplikasi Baru' is clicked on

2022-03-28 12:32:24 - [MESSAGE][PASSED] - Object: 'Object Repository/MEApp_AppBaru_InisiasiKonsumen/span_Aplikasi Baru' is clicked on

2022-03-28 12:32:24 - [TEST_STEP][PASSED] - delay(1): Delayed 1 second(s)

2022-03-28 12:32:25 - [MESSAGE][PASSED] - Delayed 1 second(s)

2022-03-28 12:32:25 - [TEST_STEP][PASSED] - takeFullPageScreenshotAsCheckpoint(userDir + sprint4WebScreenshootPath + "scenario-1-memilih-button-transaksi-dan-aplikasi-baru.png"): Taking screenshot successfully

2022-03-28 12:32:26 - [MESSAGE][INFO] - 0 hidden object(s)

2022-03-28 12:32:26 - [MESSAGE][PASSED] - Taking screenshot successfully
[[ATTACHMENT|C:\Users\elanf\git\BCAF_MEAPP_i3\Screenshoot\Sprint4\Web\keyes\keyes-scenario-1-memilih-button-transaksi-dan-aplikasi-baru.png]]

2022-03-28 12:32:26 - [TEST_STEP][PASSED] - markPassed("Scenario 1 - Memilih button transaksi dan aplikasi baru"): Scenario 1 - Memilih button transaksi dan aplikasi baru

2022-03-28 12:32:26 - [MESSAGE][PASSED] - Scenario 1 - Memilih button transaksi dan aplikasi baru

2022-03-28 12:32:26 - [TEST_STEP][PASSED] - click(findTestObject("MEApp_AppBaru_InisiasiKonsumen/input_perorangan_radios-apptype")): Object: 'Object Repository/MEApp_AppBaru_InisiasiKonsumen/input_perorangan_radios-apptype' is clicked on

2022-03-28 12:32:26 - [MESSAGE][PASSED] - Object: 'Object Repository/MEApp_AppBaru_InisiasiKonsumen/input_perorangan_radios-apptype' is clicked on

2022-03-28 12:32:26 - [TEST_STEP][PASSED] - delay(1): Delayed 1 second(s)

2022-03-28 12:32:27 - [MESSAGE][PASSED] - Delayed 1 second(s)

2022-03-28 12:32:27 - [TEST_STEP][PASSED] - click(findTestObject("MEApp_AppBaru_InisiasiKonsumen/input_korporasi_radios-apptype")): Object: 'Object Repository/MEApp_AppBaru_InisiasiKonsumen/input_korporasi_radios-apptype' is clicked on

2022-03-28 12:32:28 - [MESSAGE][PASSED] - Object: 'Object Repository/MEApp_AppBaru_InisiasiKonsumen/input_korporasi_radios-apptype' is clicked on

2022-03-28 12:32:28 - [TEST_STEP][PASSED] - delay(1): Delayed 1 second(s)

2022-03-28 12:32:29 - [MESSAGE][PASSED] - Delayed 1 second(s)

2022-03-28 12:32:29 - [TEST_STEP][PASSED] - click(findTestObject("MEApp_AppBaru_InisiasiKonsumen/input-badanusaha")): Object: 'Object Repository/MEApp_AppBaru_InisiasiKonsumen/input-badanusaha' is clicked on

2022-03-28 12:32:29 - [MESSAGE][PASSED] - Object: 'Object Repository/MEApp_AppBaru_InisiasiKonsumen/input-badanusaha' is clicked on

2022-03-28 12:32:29 - [TEST_STEP][PASSED] - delay(1): Delayed 1 second(s)

2022-03-28 12:32:30 - [MESSAGE][PASSED] - Delayed 1 second(s)

2022-03-28 12:32:30 - [TEST_STEP][PASSED] - setText(findTestObject("MEApp_AppBaru_InisiasiKonsumen/input-badanusaha"), "Perseroan Terbatas ( PT. , NV. , LTD. )"): Text 'Perseroan Terbatas ( PT. , NV. , LTD. )' is set on object 'Object Repository/MEApp_AppBaru_InisiasiKonsumen/input-badanusaha'

2022-03-28 12:32:31 - [MESSAGE][PASSED] - Text 'Perseroan Terbatas ( PT. , NV. , LTD. )' is set on object 'Object Repository/MEApp_AppBaru_InisiasiKonsumen/input-badanusaha'

2022-03-28 12:32:31 - [TEST_STEP][PASSED] - delay(1): Delayed 1 second(s)

2022-03-28 12:32:32 - [MESSAGE][PASSED] - Delayed 1 second(s)

2022-03-28 12:32:32 - [TEST_STEP][PASSED] - takeFullPageScreenshotAsCheckpoint(userDir + sprint4WebScreenshootPath + "scenario-1-input-badan-usaha.png"): Taking screenshot successfully

2022-03-28 12:32:32 - [MESSAGE][INFO] - 0 hidden object(s)

2022-03-28 12:32:32 - [MESSAGE][PASSED] - Taking screenshot successfully
[[ATTACHMENT|C:\Users\elanf\git\BCAF_MEAPP_i3\Screenshoot\Sprint4\Web\keyes\keyes-scenario-1-input-badan-usaha.png]]

2022-03-28 12:32:32 - [TEST_STEP][PASSED] - markPassed("Scenario 1 - Input badan usaha"): Scenario 1 - Input badan usaha

2022-03-28 12:32:32 - [MESSAGE][PASSED] - Scenario 1 - Input badan usaha

2022-03-28 12:32:32 - [TEST_STEP][PASSED] - delay(2): Delayed 2 second(s)

2022-03-28 12:32:34 - [MESSAGE][PASSED] - Delayed 2 second(s)

2022-03-28 12:32:34 - [TEST_STEP][PASSED] - click(findTestObject("MEApp_AppBaru_InisiasiKonsumen/span_Perseroan Terbatas ( PT. , NV. , LTD. )")): Object: 'Object Repository/MEApp_AppBaru_InisiasiKonsumen/span_Perseroan Terbatas ( PT. , NV. , LTD. )' is clicked on

2022-03-28 12:32:35 - [MESSAGE][PASSED] - Object: 'Object Repository/MEApp_AppBaru_InisiasiKonsumen/span_Perseroan Terbatas ( PT. , NV. , LTD. )' is clicked on

2022-03-28 12:32:35 - [TEST_STEP][PASSED] - delay(2): Delayed 2 second(s)

2022-03-28 12:32:37 - [MESSAGE][PASSED] - Delayed 2 second(s)

2022-03-28 12:32:37 - [TEST_STEP][PASSED] - takeFullPageScreenshotAsCheckpoint(userDir + sprint4WebScreenshootPath + "scenario-1-page-sebelum-input-capture.png"): Taking screenshot successfully

2022-03-28 12:32:37 - [MESSAGE][INFO] - 0 hidden object(s)

2022-03-28 12:32:37 - [MESSAGE][PASSED] - Taking screenshot successfully
[[ATTACHMENT|C:\Users\elanf\git\BCAF_MEAPP_i3\Screenshoot\Sprint4\Web\keyes\keyes-scenario-1-page-sebelum-input-capture.png]]

2022-03-28 12:32:37 - [TEST_STEP][PASSED] - markPassed("Scenario 1 - Sebelum input capture npwp + SIUP + TDP"): Scenario 1 - Sebelum input capture npwp + SIUP + TDP

2022-03-28 12:32:37 - [MESSAGE][PASSED] - Scenario 1 - Sebelum input capture npwp + SIUP + TDP

2022-03-28 12:32:37 - [TEST_STEP][PASSED] - delay(2): Delayed 2 second(s)

2022-03-28 12:32:39 - [MESSAGE][PASSED] - Delayed 2 second(s)

2022-03-28 12:32:39 - [TEST_STEP][PASSED] - click(findTestObject("MEApp_AppBaru_InisiasiKonsumen/button_Capture_npwp")): Object: 'Object Repository/MEApp_AppBaru_InisiasiKonsumen/button_Capture_npwp' is clicked on

2022-03-28 12:32:40 - [MESSAGE][PASSED] - Object: 'Object Repository/MEApp_AppBaru_InisiasiKonsumen/button_Capture_npwp' is clicked on

2022-03-28 12:32:40 - [TEST_STEP][PASSED] - delay(2): Delayed 2 second(s)

2022-03-28 12:32:42 - [MESSAGE][PASSED] - Delayed 2 second(s)

2022-03-28 12:32:42 - [TEST_STEP][PASSED] - uploadFile(findTestObject("MEApp_AppBaru_InisiasiKonsumen/Capture_"), userDir + pathfinder_npwp): File 'C:/Users/elanf/git/BCAF_MEAPP_i3/Assets/npwp-dummy.jpg' sent to object: 'Object Repository/MEApp_AppBaru_InisiasiKonsumen/Capture_'

2022-03-28 12:32:42 - [MESSAGE][PASSED] - File 'C:/Users/elanf/git/BCAF_MEAPP_i3/Assets/npwp-dummy.jpg' sent to object: 'Object Repository/MEApp_AppBaru_InisiasiKonsumen/Capture_'

2022-03-28 12:32:42 - [TEST_STEP][PASSED] - waitForElementPresent(findTestObject("MEApp_AppBaru_InisiasiKonsumen/button_NPWP"), 0): Object 'Object Repository/MEApp_AppBaru_InisiasiKonsumen/button_NPWP' is present

2022-03-28 12:32:42 - [MESSAGE][WARNING] - Timeout '0' is invalid. Using default page load timeout: '30'

2022-03-28 12:32:44 - [MESSAGE][PASSED] - Object 'Object Repository/MEApp_AppBaru_InisiasiKonsumen/button_NPWP' is present

2022-03-28 12:32:44 - [TEST_STEP][PASSED] - setText(findTestObject("MEApp_AppBaru_InisiasiKonsumen/input_NPWP No fix"), NPWP_tidakBerlaku): Text '018368167428000' is set on object 'Object Repository/MEApp_AppBaru_InisiasiKonsumen/input_NPWP No fix'

2022-03-28 12:32:45 - [MESSAGE][PASSED] - Text '018368167428000' is set on object 'Object Repository/MEApp_AppBaru_InisiasiKonsumen/input_NPWP No fix'

2022-03-28 12:32:45 - [TEST_STEP][PASSED] - delay(1): Delayed 1 second(s)

2022-03-28 12:32:46 - [MESSAGE][PASSED] - Delayed 1 second(s)

2022-03-28 12:32:46 - [TEST_STEP][PASSED] - setText(findTestObject("MEApp_AppBaru_InisiasiKonsumen/input_Name fix"), CN_tidakBerlaku): Text 'NIGUUNUNANETI  AASA DS' is set on object 'Object Repository/MEApp_AppBaru_InisiasiKonsumen/input_Name fix'

2022-03-28 12:32:46 - [MESSAGE][PASSED] - Text 'NIGUUNUNANETI  AASA DS' is set on object 'Object Repository/MEApp_AppBaru_InisiasiKonsumen/input_Name fix'

2022-03-28 12:32:46 - [TEST_STEP][PASSED] - click(findTestObject("MEApp_AppBaru_InisiasiKonsumen/button_Capture_siupfix")): Object: 'Object Repository/MEApp_AppBaru_InisiasiKonsumen/button_Capture_siupfix' is clicked on

2022-03-28 12:32:47 - [MESSAGE][PASSED] - Object: 'Object Repository/MEApp_AppBaru_InisiasiKonsumen/button_Capture_siupfix' is clicked on

2022-03-28 12:32:47 - [TEST_STEP][PASSED] - delay(2): Delayed 2 second(s)

2022-03-28 12:32:49 - [MESSAGE][PASSED] - Delayed 2 second(s)

2022-03-28 12:32:49 - [TEST_STEP][PASSED] - uploadFile(findTestObject("MEApp_AppBaru_InisiasiKonsumen/Capture_"), userDir + pathfinder_siup): File 'C:/Users/elanf/git/BCAF_MEAPP_i3/Assets/siup-dummy.jpg' sent to object: 'Object Repository/MEApp_AppBaru_InisiasiKonsumen/Capture_'

2022-03-28 12:32:49 - [MESSAGE][PASSED] - File 'C:/Users/elanf/git/BCAF_MEAPP_i3/Assets/siup-dummy.jpg' sent to object: 'Object Repository/MEApp_AppBaru_InisiasiKonsumen/Capture_'

2022-03-28 12:32:49 - [TEST_STEP][PASSED] - delay(2): Delayed 2 second(s)

2022-03-28 12:32:51 - [MESSAGE][PASSED] - Delayed 2 second(s)

2022-03-28 12:32:51 - [TEST_STEP][PASSED] - click(findTestObject("MEApp_AppBaru_InisiasiKonsumen/button_Capture_TDP")): Object: 'Object Repository/MEApp_AppBaru_InisiasiKonsumen/button_Capture_TDP' is clicked on

2022-03-28 12:32:51 - [MESSAGE][PASSED] - Object: 'Object Repository/MEApp_AppBaru_InisiasiKonsumen/button_Capture_TDP' is clicked on

2022-03-28 12:32:51 - [TEST_STEP][PASSED] - delay(2): Delayed 2 second(s)

2022-03-28 12:32:53 - [MESSAGE][PASSED] - Delayed 2 second(s)

2022-03-28 12:32:53 - [TEST_STEP][PASSED] - uploadFile(findTestObject("MEApp_AppBaru_InisiasiKonsumen/Capture_"), userDir + pathfinder_tdp): File 'C:/Users/elanf/git/BCAF_MEAPP_i3/Assets/tdp-dummy.jpg' sent to object: 'Object Repository/MEApp_AppBaru_InisiasiKonsumen/Capture_'

2022-03-28 12:32:54 - [MESSAGE][PASSED] - File 'C:/Users/elanf/git/BCAF_MEAPP_i3/Assets/tdp-dummy.jpg' sent to object: 'Object Repository/MEApp_AppBaru_InisiasiKonsumen/Capture_'

2022-03-28 12:32:54 - [TEST_STEP][PASSED] - delay(2): Delayed 2 second(s)

2022-03-28 12:32:56 - [MESSAGE][PASSED] - Delayed 2 second(s)

2022-03-28 12:32:56 - [TEST_STEP][PASSED] - takeFullPageScreenshotAsCheckpoint(userDir + sprint4WebScreenshootPath + "scenario-1-Capture-npwp-siup-tdp.png"): Taking screenshot successfully

2022-03-28 12:32:56 - [MESSAGE][INFO] - 0 hidden object(s)

2022-03-28 12:32:56 - [MESSAGE][PASSED] - Taking screenshot successfully
[[ATTACHMENT|C:\Users\elanf\git\BCAF_MEAPP_i3\Screenshoot\Sprint4\Web\keyes\keyes-scenario-1-Capture-npwp-siup-tdp.png]]

2022-03-28 12:32:56 - [TEST_STEP][PASSED] - markPassed("Scenario 1 - Capture NPWP + SIUP + TDP"): Scenario 1 - Capture NPWP + SIUP + TDP

2022-03-28 12:32:56 - [MESSAGE][PASSED] - Scenario 1 - Capture NPWP + SIUP + TDP

2022-03-28 12:32:56 - [TEST_STEP][PASSED] - delay(2): Delayed 2 second(s)

2022-03-28 12:32:58 - [MESSAGE][PASSED] - Delayed 2 second(s)

2022-03-28 12:32:58 - [TEST_STEP][PASSED] - click(findTestObject("MEApp_AppBaru_InisiasiKonsumen/input_Ada Perubahan Data Tidak")): Object: 'Object Repository/MEApp_AppBaru_InisiasiKonsumen/input_Ada Perubahan Data Tidak' is clicked on

2022-03-28 12:32:59 - [MESSAGE][PASSED] - Object: 'Object Repository/MEApp_AppBaru_InisiasiKonsumen/input_Ada Perubahan Data Tidak' is clicked on

2022-03-28 12:32:59 - [TEST_STEP][PASSED] - delay(1): Delayed 1 second(s)

2022-03-28 12:33:00 - [MESSAGE][PASSED] - Delayed 1 second(s)

2022-03-28 12:33:00 - [TEST_STEP][PASSED] - click(findTestObject("MEApp_AppBaru_InisiasiKonsumen/input_Ada Perubahan Data YA")): Object: 'Object Repository/MEApp_AppBaru_InisiasiKonsumen/input_Ada Perubahan Data YA' is clicked on

2022-03-28 12:33:00 - [MESSAGE][PASSED] - Object: 'Object Repository/MEApp_AppBaru_InisiasiKonsumen/input_Ada Perubahan Data YA' is clicked on

2022-03-28 12:33:00 - [TEST_STEP][PASSED] - delay(1): Delayed 1 second(s)

2022-03-28 12:33:01 - [MESSAGE][PASSED] - Delayed 1 second(s)

2022-03-28 12:33:01 - [TEST_STEP][PASSED] - takeFullPageScreenshotAsCheckpoint(userDir + sprint4WebScreenshootPath + "scenario-1-Memilih-Radio-Button-Perubahan-Data.png"): Taking screenshot successfully

2022-03-28 12:33:02 - [MESSAGE][INFO] - 0 hidden object(s)

2022-03-28 12:33:02 - [MESSAGE][PASSED] - Taking screenshot successfully
[[ATTACHMENT|C:\Users\elanf\git\BCAF_MEAPP_i3\Screenshoot\Sprint4\Web\keyes\keyes-scenario-1-Memilih-Radio-Button-Perubahan-Data.png]]

2022-03-28 12:33:02 - [TEST_STEP][PASSED] - markPassed("Scenario 1 - Memilih Radio Button Perubahan Data"): Scenario 1 - Memilih Radio Button Perubahan Data

2022-03-28 12:33:02 - [MESSAGE][PASSED] - Scenario 1 - Memilih Radio Button Perubahan Data

2022-03-28 12:33:02 - [TEST_STEP][PASSED] - delay(2): Delayed 2 second(s)

2022-03-28 12:33:04 - [MESSAGE][PASSED] - Delayed 2 second(s)

2022-03-28 12:33:04 - [TEST_STEP][PASSED] - click(findTestObject("MEApp_AppBaru_InisiasiKonsumen/button_Prosesfix")): Object: 'Object Repository/MEApp_AppBaru_InisiasiKonsumen/button_Prosesfix' is clicked on

2022-03-28 12:33:04 - [MESSAGE][PASSED] - Object: 'Object Repository/MEApp_AppBaru_InisiasiKonsumen/button_Prosesfix' is clicked on

2022-03-28 12:33:04 - [TEST_STEP][PASSED] - delay(2): Delayed 2 second(s)

2022-03-28 12:33:06 - [MESSAGE][PASSED] - Delayed 2 second(s)

2022-03-28 12:33:06 - [TEST_STEP][PASSED] - waitForElementPresent(findTestObject("MEApp_AppBaru_InisiasiKonsumen/AplikasiBaruMatching"), 300): Object 'Object Repository/MEApp_AppBaru_InisiasiKonsumen/AplikasiBaruMatching' is present

2022-03-28 12:33:24 - [MESSAGE][PASSED] - Object 'Object Repository/MEApp_AppBaru_InisiasiKonsumen/AplikasiBaruMatching' is present

2022-03-28 12:33:24 - [TEST_STEP][PASSED] - takeFullPageScreenshotAsCheckpoint(userDir + sprint4WebScreenshootPath + "scenario-1-Masuk-aplikasi-matching.png"): Taking screenshot successfully

2022-03-28 12:33:24 - [MESSAGE][INFO] - 0 hidden object(s)

2022-03-28 12:33:25 - [MESSAGE][PASSED] - Taking screenshot successfully
[[ATTACHMENT|C:\Users\elanf\git\BCAF_MEAPP_i3\Screenshoot\Sprint4\Web\keyes\keyes-scenario-1-Masuk-aplikasi-matching.png]]

2022-03-28 12:33:25 - [TEST_STEP][PASSED] - markPassed("Scenario 1 - Masuk aplikasi matching"): Scenario 1 - Masuk aplikasi matching

2022-03-28 12:33:25 - [MESSAGE][PASSED] - Scenario 1 - Masuk aplikasi matching

2022-03-28 12:33:25 - [TEST_STEP][PASSED] - delay(2): Delayed 2 second(s)

2022-03-28 12:33:27 - [MESSAGE][PASSED] - Delayed 2 second(s)

2022-03-28 12:33:27 - [TEST_STEP][PASSED] - click(findTestObject("MEApp_AppBaru_InisiasiKonsumen/a_Ok")): Object: 'Object Repository/MEApp_AppBaru_InisiasiKonsumen/a_Ok' is clicked on

2022-03-28 12:33:27 - [MESSAGE][PASSED] - Object: 'Object Repository/MEApp_AppBaru_InisiasiKonsumen/a_Ok' is clicked on

2022-03-28 12:33:27 - [TEST_STEP][PASSED] - delay(1): Delayed 1 second(s)

2022-03-28 12:33:28 - [MESSAGE][PASSED] - Delayed 1 second(s)

2022-03-28 12:33:28 - [TEST_STEP][PASSED] - click(findTestObject("MEApp_AppBaru_InisiasiKonsumen/button_Ya")): Object: 'Object Repository/MEApp_AppBaru_InisiasiKonsumen/button_Ya' is clicked on

2022-03-28 12:33:28 - [MESSAGE][PASSED] - Object: 'Object Repository/MEApp_AppBaru_InisiasiKonsumen/button_Ya' is clicked on

2022-03-28 12:33:28 - [TEST_STEP][PASSED] - delay(3): Delayed 3 second(s)

2022-03-28 12:33:31 - [MESSAGE][PASSED] - Delayed 3 second(s)

2022-03-28 12:33:31 - [TEST_STEP][PASSED] - takeFullPageScreenshotAsCheckpoint(userDir + sprint4WebScreenshootPath + "scenario-1-Berhasil-dilakukan-inisiasi-konsumen-baru.png"): Taking screenshot successfully

2022-03-28 12:33:32 - [MESSAGE][INFO] - 0 hidden object(s)

2022-03-28 12:33:32 - [MESSAGE][PASSED] - Taking screenshot successfully
[[ATTACHMENT|C:\Users\elanf\git\BCAF_MEAPP_i3\Screenshoot\Sprint4\Web\keyes\keyes-scenario-1-Berhasil-dilakukan-inisiasi-konsumen-baru.png]]

2022-03-28 12:33:32 - [TEST_STEP][PASSED] - markPassed("Scenario 1 - Berhasil dilakukan inisiasi konsumen baru"): Scenario 1 - Berhasil dilakukan inisiasi konsumen baru

2022-03-28 12:33:32 - [MESSAGE][PASSED] - Scenario 1 - Berhasil dilakukan inisiasi konsumen baru

2022-03-28 12:33:32 - [TEST_STEP][PASSED] - delay(2): Delayed 2 second(s)

2022-03-28 12:33:34 - [MESSAGE][PASSED] - Delayed 2 second(s)]]></system-out>
         <system-err><![CDATA[]]></system-err>
      </testcase>
      <testcase name="Test Cases/Sprint 4/Skenario 2/02-02-Transaction-AppPending-InputCorporate" time="228.137" classname="Test Cases/Sprint 4/Skenario 2/02-02-Transaction-AppPending-InputCorporate" status="PASSED">
         <system-out><![CDATA[2022-03-28 12:33:34 - [TEST_CASE][PASSED] - Test Cases/Sprint 4/Skenario 2/02-02-Transaction-AppPending-InputCorporate: Test Cases/Sprint 4/Skenario 2/02-02-Transaction-AppPending-InputCorporate

2022-03-28 12:33:35 - [TEST_STEP][PASSED] - userDir = getProjectDir(): null

2022-03-28 12:33:35 - [TEST_STEP][PASSED] - setText(findTestObject("Object Repository/Input_Corporate/Input_Konsumen/input_SID Name_form-control ng-untouched ng-pristine ng-invalid"), konsumen_SID, OPTIONAL): Text '223213445' is set on object 'Object Repository/Input_Corporate/Input_Konsumen/input_SID Name_form-control ng-untouched ng-pristine ng-invalid'

2022-03-28 12:34:31 - [MESSAGE][PASSED] - Text '223213445' is set on object 'Object Repository/Input_Corporate/Input_Konsumen/input_SID Name_form-control ng-untouched ng-pristine ng-invalid'

2022-03-28 12:34:31 - [TEST_STEP][PASSED] - delay(1): Delayed 1 second(s)

2022-03-28 12:34:32 - [MESSAGE][PASSED] - Delayed 1 second(s)

2022-03-28 12:34:32 - [TEST_STEP][PASSED] - scrollToElement(findTestObject("Object Repository/Input_Corporate/Input_Konsumen/i_Fax 2_ri-arrow-right-line"), 60, OPTIONAL): Scroll to object 'Object Repository/Input_Corporate/Input_Konsumen/i_Fax 2_ri-arrow-right-line' successfully

2022-03-28 12:34:33 - [MESSAGE][PASSED] - Scroll to object 'Object Repository/Input_Corporate/Input_Konsumen/i_Fax 2_ri-arrow-right-line' successfully

2022-03-28 12:34:33 - [TEST_STEP][PASSED] - delay(1): Delayed 1 second(s)

2022-03-28 12:34:34 - [MESSAGE][PASSED] - Delayed 1 second(s)

2022-03-28 12:34:34 - [TEST_STEP][PASSED] - click(findTestObject("Object Repository/Input_Corporate/Input_Konsumen/button_Surat Keterangan Domisili"), OPTIONAL): Object: 'Object Repository/Input_Corporate/Input_Konsumen/button_Surat Keterangan Domisili' is clicked on

2022-03-28 12:34:34 - [MESSAGE][PASSED] - Object: 'Object Repository/Input_Corporate/Input_Konsumen/button_Surat Keterangan Domisili' is clicked on

2022-03-28 12:34:34 - [TEST_STEP][PASSED] - delay(1): Delayed 1 second(s)

2022-03-28 12:34:35 - [MESSAGE][PASSED] - Delayed 1 second(s)

2022-03-28 12:34:35 - [TEST_STEP][PASSED] - takeFullPageScreenshotAsCheckpoint(userDir + sprint4WebScreenshootPath + "scenario-1-masuk-submenu-surat-keterangan-domisili.png"): Taking screenshot successfully

2022-03-28 12:34:36 - [MESSAGE][INFO] - 0 hidden object(s)

2022-03-28 12:34:36 - [MESSAGE][PASSED] - Taking screenshot successfully
[[ATTACHMENT|C:\Users\elanf\git\BCAF_MEAPP_i3\Screenshoot\Sprint4\Web\keyes\keyes-scenario-1-masuk-submenu-surat-keterangan-domisili.png]]

2022-03-28 12:34:36 - [TEST_STEP][PASSED] - markPassed("scenario 1 - Masuk submenu surat keterangan domisili"): scenario 1 - Masuk submenu surat keterangan domisili

2022-03-28 12:34:36 - [MESSAGE][PASSED] - scenario 1 - Masuk submenu surat keterangan domisili

2022-03-28 12:34:36 - [TEST_STEP][PASSED] - delay(1): Delayed 1 second(s)

2022-03-28 12:34:37 - [MESSAGE][PASSED] - Delayed 1 second(s)

2022-03-28 12:34:37 - [TEST_STEP][PASSED] - click(findTestObject("Object Repository/Input_Corporate/Input_Konsumen/button_Capture_Domisili"), OPTIONAL): Object: 'Object Repository/Input_Corporate/Input_Konsumen/button_Capture_Domisili' is clicked on

2022-03-28 12:34:37 - [MESSAGE][PASSED] - Object: 'Object Repository/Input_Corporate/Input_Konsumen/button_Capture_Domisili' is clicked on

2022-03-28 12:34:37 - [TEST_STEP][PASSED] - delay(1): Delayed 1 second(s)

2022-03-28 12:34:38 - [MESSAGE][PASSED] - Delayed 1 second(s)

2022-03-28 12:34:38 - [TEST_STEP][PASSED] - uploadFile(findTestObject("Input_Corporate/Capture_"), userDir + cobaKTP, OPTIONAL): File 'C:/Users/elanf/git/BCAF_MEAPP_i3/Assets/ktp_dummy.png' sent to object: 'Object Repository/Input_Corporate/Capture_'

2022-03-28 12:34:39 - [MESSAGE][PASSED] - File 'C:/Users/elanf/git/BCAF_MEAPP_i3/Assets/ktp_dummy.png' sent to object: 'Object Repository/Input_Corporate/Capture_'

2022-03-28 12:34:39 - [TEST_STEP][PASSED] - delay(1): Delayed 1 second(s)

2022-03-28 12:34:40 - [MESSAGE][PASSED] - Delayed 1 second(s)

2022-03-28 12:34:40 - [TEST_STEP][PASSED] - takeFullPageScreenshotAsCheckpoint(userDir + sprint4WebScreenshootPath + "scenario-1-capture-surat-keterangan-domisili-berhasil.png"): Taking screenshot successfully

2022-03-28 12:34:41 - [MESSAGE][INFO] - 0 hidden object(s)

2022-03-28 12:34:41 - [MESSAGE][PASSED] - Taking screenshot successfully
[[ATTACHMENT|C:\Users\elanf\git\BCAF_MEAPP_i3\Screenshoot\Sprint4\Web\keyes\keyes-scenario-1-capture-surat-keterangan-domisili-berhasil.png]]

2022-03-28 12:34:41 - [TEST_STEP][PASSED] - markPassed("scenario 1 - Capture surat keterangan domisili berhasil"): scenario 1 - Capture surat keterangan domisili berhasil

2022-03-28 12:34:41 - [MESSAGE][PASSED] - scenario 1 - Capture surat keterangan domisili berhasil

2022-03-28 12:34:41 - [TEST_STEP][PASSED] - delay(1): Delayed 1 second(s)

2022-03-28 12:34:42 - [MESSAGE][PASSED] - Delayed 1 second(s)

2022-03-28 12:34:42 - [TEST_STEP][PASSED] - click(findTestObject("Object Repository/Input_Corporate/Input_Konsumen/button_FAP"), OPTIONAL): Object: 'Object Repository/Input_Corporate/Input_Konsumen/button_FAP' is clicked on

2022-03-28 12:34:42 - [MESSAGE][PASSED] - Object: 'Object Repository/Input_Corporate/Input_Konsumen/button_FAP' is clicked on

2022-03-28 12:34:42 - [TEST_STEP][PASSED] - delay(1): Delayed 1 second(s)

2022-03-28 12:34:43 - [MESSAGE][PASSED] - Delayed 1 second(s)

2022-03-28 12:34:43 - [TEST_STEP][PASSED] - takeFullPageScreenshotAsCheckpoint(userDir + sprint4WebScreenshootPath + "scenario-1-Masuk-submenu-FAP.png"): Taking screenshot successfully

2022-03-28 12:34:44 - [MESSAGE][INFO] - 0 hidden object(s)

2022-03-28 12:34:45 - [MESSAGE][PASSED] - Taking screenshot successfully
[[ATTACHMENT|C:\Users\elanf\git\BCAF_MEAPP_i3\Screenshoot\Sprint4\Web\keyes\keyes-scenario-1-Masuk-submenu-FAP.png]]

2022-03-28 12:34:45 - [TEST_STEP][PASSED] - markPassed("scenario 1 - Masuk submenu FAP"): scenario 1 - Masuk submenu FAP

2022-03-28 12:34:45 - [MESSAGE][PASSED] - scenario 1 - Masuk submenu FAP

2022-03-28 12:34:45 - [TEST_STEP][PASSED] - delay(1): Delayed 1 second(s)

2022-03-28 12:34:46 - [MESSAGE][PASSED] - Delayed 1 second(s)

2022-03-28 12:34:46 - [TEST_STEP][PASSED] - click(findTestObject("Object Repository/Input_Corporate/Input_Konsumen/a_Add Capture_FAP"), OPTIONAL): Object: 'Object Repository/Input_Corporate/Input_Konsumen/a_Add Capture_FAP' is clicked on

2022-03-28 12:34:46 - [MESSAGE][PASSED] - Object: 'Object Repository/Input_Corporate/Input_Konsumen/a_Add Capture_FAP' is clicked on

2022-03-28 12:34:46 - [TEST_STEP][PASSED] - delay(1): Delayed 1 second(s)

2022-03-28 12:34:47 - [MESSAGE][PASSED] - Delayed 1 second(s)

2022-03-28 12:34:47 - [TEST_STEP][PASSED] - uploadFile(findTestObject("Input_Corporate/Capture_"), userDir + cobaKTP, OPTIONAL): File 'C:/Users/elanf/git/BCAF_MEAPP_i3/Assets/ktp_dummy.png' sent to object: 'Object Repository/Input_Corporate/Capture_'

2022-03-28 12:34:47 - [MESSAGE][PASSED] - File 'C:/Users/elanf/git/BCAF_MEAPP_i3/Assets/ktp_dummy.png' sent to object: 'Object Repository/Input_Corporate/Capture_'

2022-03-28 12:34:47 - [TEST_STEP][PASSED] - delay(1): Delayed 1 second(s)

2022-03-28 12:34:48 - [MESSAGE][PASSED] - Delayed 1 second(s)

2022-03-28 12:34:48 - [TEST_STEP][PASSED] - setText(findTestObject("Object Repository/Input_Corporate/Input_Konsumen/input_Jenis Usaha_form-control ng-untouched ng-pristine ng-invalid"), konsumen_jenisUsaha, OPTIONAL): Text 'Kontruksi' is set on object 'Object Repository/Input_Corporate/Input_Konsumen/input_Jenis Usaha_form-control ng-untouched ng-pristine ng-invalid'

2022-03-28 12:34:49 - [MESSAGE][PASSED] - Text 'Kontruksi' is set on object 'Object Repository/Input_Corporate/Input_Konsumen/input_Jenis Usaha_form-control ng-untouched ng-pristine ng-invalid'

2022-03-28 12:34:49 - [TEST_STEP][PASSED] - delay(1): Delayed 1 second(s)

2022-03-28 12:34:50 - [MESSAGE][PASSED] - Delayed 1 second(s)

2022-03-28 12:34:50 - [TEST_STEP][PASSED] - setText(findTestObject("Object Repository/Input_Corporate/Input_Konsumen/input_Economy Code_form-control bcaf-autocomplete ng-untouched ng-pristine ng-invalid"), konsumen_economyCode, OPTIONAL): Text '010103' is set on object 'Object Repository/Input_Corporate/Input_Konsumen/input_Economy Code_form-control bcaf-autocomplete ng-untouched ng-pristine ng-invalid'

2022-03-28 12:34:51 - [MESSAGE][PASSED] - Text '010103' is set on object 'Object Repository/Input_Corporate/Input_Konsumen/input_Economy Code_form-control bcaf-autocomplete ng-untouched ng-pristine ng-invalid'

2022-03-28 12:34:51 - [TEST_STEP][PASSED] - delay(1): Delayed 1 second(s)

2022-03-28 12:34:52 - [MESSAGE][PASSED] - Delayed 1 second(s)

2022-03-28 12:34:52 - [TEST_STEP][PASSED] - waitForElementPresent(findTestObject("Object Repository/Input_Corporate/Input_Konsumen/li_010103 Pertanian  Kehutanan-Pertanian  Pupuk-Importir"), 100, OPTIONAL): Object 'Object Repository/Input_Corporate/Input_Konsumen/li_010103 Pertanian  Kehutanan-Pertanian  Pupuk-Importir' is present

2022-03-28 12:34:52 - [MESSAGE][PASSED] - Object 'Object Repository/Input_Corporate/Input_Konsumen/li_010103 Pertanian  Kehutanan-Pertanian  Pupuk-Importir' is present

2022-03-28 12:34:52 - [TEST_STEP][PASSED] - delay(1): Delayed 1 second(s)

2022-03-28 12:34:53 - [MESSAGE][PASSED] - Delayed 1 second(s)

2022-03-28 12:34:53 - [TEST_STEP][PASSED] - click(findTestObject("Object Repository/Input_Corporate/Input_Konsumen/li_010103 Pertanian  Kehutanan-Pertanian  Pupuk-Importir"), OPTIONAL): Object: 'Object Repository/Input_Corporate/Input_Konsumen/li_010103 Pertanian  Kehutanan-Pertanian  Pupuk-Importir' is clicked on

2022-03-28 12:34:54 - [MESSAGE][PASSED] - Object: 'Object Repository/Input_Corporate/Input_Konsumen/li_010103 Pertanian  Kehutanan-Pertanian  Pupuk-Importir' is clicked on

2022-03-28 12:34:54 - [TEST_STEP][PASSED] - delay(1): Delayed 1 second(s)

2022-03-28 12:34:55 - [MESSAGE][PASSED] - Delayed 1 second(s)

2022-03-28 12:34:55 - [TEST_STEP][PASSED] - setText(findTestObject("Object Repository/Input_Corporate/Input_Konsumen/input_Kode Lokasi Proyek_form"), konsumen_kodeLokasi, OPTIONAL): Text '1213' is set on object 'Object Repository/Input_Corporate/Input_Konsumen/input_Kode Lokasi Proyek_form'

2022-03-28 12:34:55 - [MESSAGE][PASSED] - Text '1213' is set on object 'Object Repository/Input_Corporate/Input_Konsumen/input_Kode Lokasi Proyek_form'

2022-03-28 12:34:55 - [TEST_STEP][PASSED] - delay(1): Delayed 1 second(s)

2022-03-28 12:34:56 - [MESSAGE][PASSED] - Delayed 1 second(s)

2022-03-28 12:34:56 - [TEST_STEP][PASSED] - waitForElementPresent(findTestObject("Object Repository/Input_Corporate/Input_Konsumen/li_1213 - MALANG,KAB"), 100, OPTIONAL): Object 'Object Repository/Input_Corporate/Input_Konsumen/li_1213 - MALANG,KAB' is present

2022-03-28 12:34:57 - [MESSAGE][PASSED] - Object 'Object Repository/Input_Corporate/Input_Konsumen/li_1213 - MALANG,KAB' is present

2022-03-28 12:34:57 - [TEST_STEP][PASSED] - delay(1): Delayed 1 second(s)

2022-03-28 12:34:58 - [MESSAGE][PASSED] - Delayed 1 second(s)

2022-03-28 12:34:58 - [TEST_STEP][PASSED] - click(findTestObject("Object Repository/Input_Corporate/Input_Konsumen/li_1213 - MALANG,KAB"), OPTIONAL): Object: 'Object Repository/Input_Corporate/Input_Konsumen/li_1213 - MALANG,KAB' is clicked on

2022-03-28 12:34:58 - [MESSAGE][PASSED] - Object: 'Object Repository/Input_Corporate/Input_Konsumen/li_1213 - MALANG,KAB' is clicked on

2022-03-28 12:34:58 - [TEST_STEP][PASSED] - delay(1): Delayed 1 second(s)

2022-03-28 12:34:59 - [MESSAGE][PASSED] - Delayed 1 second(s)

2022-03-28 12:34:59 - [TEST_STEP][PASSED] - setText(findTestObject("Object Repository/Input_Corporate/Input_Konsumen/input_Berdiri Sejak Tahun_form-control ng-untouched ng-pristine ng-invalid"), konsumen_tahunBerdiri, OPTIONAL): Text '1995' is set on object 'Object Repository/Input_Corporate/Input_Konsumen/input_Berdiri Sejak Tahun_form-control ng-untouched ng-pristine ng-invalid'

2022-03-28 12:35:00 - [MESSAGE][PASSED] - Text '1995' is set on object 'Object Repository/Input_Corporate/Input_Konsumen/input_Berdiri Sejak Tahun_form-control ng-untouched ng-pristine ng-invalid'

2022-03-28 12:35:00 - [TEST_STEP][PASSED] - delay(1): Delayed 1 second(s)

2022-03-28 12:35:01 - [MESSAGE][PASSED] - Delayed 1 second(s)

2022-03-28 12:35:01 - [TEST_STEP][PASSED] - setText(findTestObject("Object Repository/Input_Corporate/Input_Konsumen/input_Omzet Usaha per Tahun_form-control text-right ng-untouched ng-pristine ng-invalid"), konsumen_omzetUsaha, OPTIONAL): Text '10000000000' is set on object 'Object Repository/Input_Corporate/Input_Konsumen/input_Omzet Usaha per Tahun_form-control text-right ng-untouched ng-pristine ng-invalid'

2022-03-28 12:35:02 - [MESSAGE][PASSED] - Text '10000000000' is set on object 'Object Repository/Input_Corporate/Input_Konsumen/input_Omzet Usaha per Tahun_form-control text-right ng-untouched ng-pristine ng-invalid'

2022-03-28 12:35:02 - [TEST_STEP][PASSED] - delay(1): Delayed 1 second(s)

2022-03-28 12:35:03 - [MESSAGE][PASSED] - Delayed 1 second(s)

2022-03-28 12:35:03 - [TEST_STEP][PASSED] - setText(findTestObject("Object Repository/Input_Corporate/Input_Konsumen/input_No. Rekening BCA_form-control ng-untouched ng-pristine ng-valid"), konsumen_noRekBCA, OPTIONAL): Text '413514512' is set on object 'Object Repository/Input_Corporate/Input_Konsumen/input_No. Rekening BCA_form-control ng-untouched ng-pristine ng-valid'

2022-03-28 12:35:03 - [MESSAGE][PASSED] - Text '413514512' is set on object 'Object Repository/Input_Corporate/Input_Konsumen/input_No. Rekening BCA_form-control ng-untouched ng-pristine ng-valid'

2022-03-28 12:35:03 - [TEST_STEP][PASSED] - delay(1): Delayed 1 second(s)

2022-03-28 12:35:04 - [MESSAGE][PASSED] - Delayed 1 second(s)

2022-03-28 12:35:04 - [TEST_STEP][PASSED] - setText(findTestObject("Object Repository/Input_Corporate/Input_Konsumen/input_Alamat Perusahaan_form-control ng-untouched ng-pristine ng-invalid"), konsumen_alamatPT, OPTIONAL): Text 'Jakarta, No. 45' is set on object 'Object Repository/Input_Corporate/Input_Konsumen/input_Alamat Perusahaan_form-control ng-untouched ng-pristine ng-invalid'

2022-03-28 12:35:05 - [MESSAGE][PASSED] - Text 'Jakarta, No. 45' is set on object 'Object Repository/Input_Corporate/Input_Konsumen/input_Alamat Perusahaan_form-control ng-untouched ng-pristine ng-invalid'

2022-03-28 12:35:05 - [TEST_STEP][PASSED] - delay(1): Delayed 1 second(s)

2022-03-28 12:35:06 - [MESSAGE][PASSED] - Delayed 1 second(s)

2022-03-28 12:35:06 - [TEST_STEP][PASSED] - setText(findTestObject("Object Repository/Input_Corporate/Input_Konsumen/input_Provinsi_form-control bcaf-autocomplete ng-untouched ng-pristine ng-invalid"), konsumen_provinsi, OPTIONAL): Text 'JAWA TIMUR' is set on object 'Object Repository/Input_Corporate/Input_Konsumen/input_Provinsi_form-control bcaf-autocomplete ng-untouched ng-pristine ng-invalid'

2022-03-28 12:35:07 - [MESSAGE][PASSED] - Text 'JAWA TIMUR' is set on object 'Object Repository/Input_Corporate/Input_Konsumen/input_Provinsi_form-control bcaf-autocomplete ng-untouched ng-pristine ng-invalid'

2022-03-28 12:35:07 - [TEST_STEP][PASSED] - delay(1): Delayed 1 second(s)

2022-03-28 12:35:08 - [MESSAGE][PASSED] - Delayed 1 second(s)

2022-03-28 12:35:08 - [TEST_STEP][PASSED] - waitForElementPresent(findTestObject("Object Repository/Input_Corporate/Input_Konsumen/li_JAWA TIMUR"), 100, OPTIONAL): Object 'Object Repository/Input_Corporate/Input_Konsumen/li_JAWA TIMUR' is present

2022-03-28 12:35:08 - [MESSAGE][PASSED] - Object 'Object Repository/Input_Corporate/Input_Konsumen/li_JAWA TIMUR' is present

2022-03-28 12:35:08 - [TEST_STEP][PASSED] - delay(1): Delayed 1 second(s)

2022-03-28 12:35:09 - [MESSAGE][PASSED] - Delayed 1 second(s)

2022-03-28 12:35:09 - [TEST_STEP][PASSED] - click(findTestObject("Object Repository/Input_Corporate/Input_Konsumen/li_JAWA TIMUR"), OPTIONAL): Object: 'Object Repository/Input_Corporate/Input_Konsumen/li_JAWA TIMUR' is clicked on

2022-03-28 12:35:10 - [MESSAGE][PASSED] - Object: 'Object Repository/Input_Corporate/Input_Konsumen/li_JAWA TIMUR' is clicked on

2022-03-28 12:35:10 - [TEST_STEP][PASSED] - delay(1): Delayed 1 second(s)

2022-03-28 12:35:11 - [MESSAGE][PASSED] - Delayed 1 second(s)

2022-03-28 12:35:11 - [TEST_STEP][PASSED] - setText(findTestObject("Object Repository/Input_Corporate/Input_Konsumen/input_KabKota_form-control bcaf-autocomplete ng-untouched ng-pristine ng-invalid"), konsumen_kabKota, OPTIONAL): Text 'Malang' is set on object 'Object Repository/Input_Corporate/Input_Konsumen/input_KabKota_form-control bcaf-autocomplete ng-untouched ng-pristine ng-invalid'

2022-03-28 12:35:11 - [MESSAGE][PASSED] - Text 'Malang' is set on object 'Object Repository/Input_Corporate/Input_Konsumen/input_KabKota_form-control bcaf-autocomplete ng-untouched ng-pristine ng-invalid'

2022-03-28 12:35:11 - [TEST_STEP][PASSED] - delay(1): Delayed 1 second(s)

2022-03-28 12:35:12 - [MESSAGE][PASSED] - Delayed 1 second(s)

2022-03-28 12:35:12 - [TEST_STEP][PASSED] - waitForElementPresent(findTestObject("Object Repository/Input_Corporate/Input_Konsumen/li_MALANG"), 100, OPTIONAL): Object 'Object Repository/Input_Corporate/Input_Konsumen/li_MALANG' is present

2022-03-28 12:35:13 - [MESSAGE][PASSED] - Object 'Object Repository/Input_Corporate/Input_Konsumen/li_MALANG' is present

2022-03-28 12:35:13 - [TEST_STEP][PASSED] - delay(1): Delayed 1 second(s)

2022-03-28 12:35:14 - [MESSAGE][PASSED] - Delayed 1 second(s)

2022-03-28 12:35:14 - [TEST_STEP][PASSED] - click(findTestObject("Object Repository/Input_Corporate/Input_Konsumen/li_MALANG"), OPTIONAL): Object: 'Object Repository/Input_Corporate/Input_Konsumen/li_MALANG' is clicked on

2022-03-28 12:35:14 - [MESSAGE][PASSED] - Object: 'Object Repository/Input_Corporate/Input_Konsumen/li_MALANG' is clicked on

2022-03-28 12:35:14 - [TEST_STEP][PASSED] - delay(1): Delayed 1 second(s)

2022-03-28 12:35:15 - [MESSAGE][PASSED] - Delayed 1 second(s)

2022-03-28 12:35:15 - [TEST_STEP][PASSED] - setText(findTestObject("Object Repository/Input_Corporate/Input_Konsumen/input_Kecamatan_form-control bcaf-autocomplete ng-untouched ng-pristine ng-invalid"), konsumen_kecamantan, OPTIONAL): Text 'lowokwaru' is set on object 'Object Repository/Input_Corporate/Input_Konsumen/input_Kecamatan_form-control bcaf-autocomplete ng-untouched ng-pristine ng-invalid'

2022-03-28 12:35:16 - [MESSAGE][PASSED] - Text 'lowokwaru' is set on object 'Object Repository/Input_Corporate/Input_Konsumen/input_Kecamatan_form-control bcaf-autocomplete ng-untouched ng-pristine ng-invalid'

2022-03-28 12:35:16 - [TEST_STEP][PASSED] - delay(1): Delayed 1 second(s)

2022-03-28 12:35:17 - [MESSAGE][PASSED] - Delayed 1 second(s)

2022-03-28 12:35:17 - [TEST_STEP][PASSED] - waitForElementPresent(findTestObject("Object Repository/Input_Corporate/Input_Konsumen/li_LOWOKWARU"), 0, OPTIONAL): Object 'Object Repository/Input_Corporate/Input_Konsumen/li_LOWOKWARU' is present

2022-03-28 12:35:17 - [MESSAGE][WARNING] - Timeout '0' is invalid. Using default page load timeout: '30'

2022-03-28 12:35:17 - [MESSAGE][PASSED] - Object 'Object Repository/Input_Corporate/Input_Konsumen/li_LOWOKWARU' is present

2022-03-28 12:35:17 - [TEST_STEP][PASSED] - delay(1): Delayed 1 second(s)

2022-03-28 12:35:18 - [MESSAGE][PASSED] - Delayed 1 second(s)

2022-03-28 12:35:18 - [TEST_STEP][PASSED] - click(findTestObject("Object Repository/Input_Corporate/Input_Konsumen/li_LOWOKWARU"), OPTIONAL): Object: 'Object Repository/Input_Corporate/Input_Konsumen/li_LOWOKWARU' is clicked on

2022-03-28 12:35:19 - [MESSAGE][PASSED] - Object: 'Object Repository/Input_Corporate/Input_Konsumen/li_LOWOKWARU' is clicked on

2022-03-28 12:35:19 - [TEST_STEP][PASSED] - delay(1): Delayed 1 second(s)

2022-03-28 12:35:20 - [MESSAGE][PASSED] - Delayed 1 second(s)

2022-03-28 12:35:20 - [TEST_STEP][PASSED] - setText(findTestObject("Object Repository/Input_Corporate/Input_Konsumen/input_Kelurahan_form-control bcaf-autocomplete ng-untouched ng-pristine ng-invalid"), konsumen_kelurahan, OPTIONAL): Text 'ketawanggede' is set on object 'Object Repository/Input_Corporate/Input_Konsumen/input_Kelurahan_form-control bcaf-autocomplete ng-untouched ng-pristine ng-invalid'

2022-03-28 12:35:20 - [MESSAGE][PASSED] - Text 'ketawanggede' is set on object 'Object Repository/Input_Corporate/Input_Konsumen/input_Kelurahan_form-control bcaf-autocomplete ng-untouched ng-pristine ng-invalid'

2022-03-28 12:35:20 - [TEST_STEP][PASSED] - delay(1): Delayed 1 second(s)

2022-03-28 12:35:21 - [MESSAGE][PASSED] - Delayed 1 second(s)

2022-03-28 12:35:21 - [TEST_STEP][PASSED] - waitForElementPresent(findTestObject("Object Repository/Input_Corporate/Input_Konsumen/li_KETAWANGGEDE"), 100, OPTIONAL): Object 'Object Repository/Input_Corporate/Input_Konsumen/li_KETAWANGGEDE' is present

2022-03-28 12:35:22 - [MESSAGE][PASSED] - Object 'Object Repository/Input_Corporate/Input_Konsumen/li_KETAWANGGEDE' is present

2022-03-28 12:35:22 - [TEST_STEP][PASSED] - delay(1): Delayed 1 second(s)

2022-03-28 12:35:23 - [MESSAGE][PASSED] - Delayed 1 second(s)

2022-03-28 12:35:23 - [TEST_STEP][PASSED] - click(findTestObject("Object Repository/Input_Corporate/Input_Konsumen/li_KETAWANGGEDE"), OPTIONAL): Object: 'Object Repository/Input_Corporate/Input_Konsumen/li_KETAWANGGEDE' is clicked on

2022-03-28 12:35:23 - [MESSAGE][PASSED] - Object: 'Object Repository/Input_Corporate/Input_Konsumen/li_KETAWANGGEDE' is clicked on

2022-03-28 12:35:23 - [TEST_STEP][PASSED] - delay(1): Delayed 1 second(s)

2022-03-28 12:35:24 - [MESSAGE][PASSED] - Delayed 1 second(s)

2022-03-28 12:35:24 - [TEST_STEP][PASSED] - setText(findTestObject("Object Repository/Input_Corporate/Input_Konsumen/input_Kode Pos_form-control bcaf-autocomplete ng-untouched ng-pristine ng-invalid"), konsumen_kodePos, OPTIONAL): Text '65145' is set on object 'Object Repository/Input_Corporate/Input_Konsumen/input_Kode Pos_form-control bcaf-autocomplete ng-untouched ng-pristine ng-invalid'

2022-03-28 12:35:25 - [MESSAGE][PASSED] - Text '65145' is set on object 'Object Repository/Input_Corporate/Input_Konsumen/input_Kode Pos_form-control bcaf-autocomplete ng-untouched ng-pristine ng-invalid'

2022-03-28 12:35:25 - [TEST_STEP][PASSED] - delay(1): Delayed 1 second(s)

2022-03-28 12:35:26 - [MESSAGE][PASSED] - Delayed 1 second(s)

2022-03-28 12:35:26 - [TEST_STEP][PASSED] - waitForElementPresent(findTestObject("Object Repository/Input_Corporate/Input_Konsumen/li_65145"), 100, OPTIONAL): Object 'Object Repository/Input_Corporate/Input_Konsumen/li_65145' is present

2022-03-28 12:35:26 - [MESSAGE][PASSED] - Object 'Object Repository/Input_Corporate/Input_Konsumen/li_65145' is present

2022-03-28 12:35:26 - [TEST_STEP][PASSED] - delay(1): Delayed 1 second(s)

2022-03-28 12:35:27 - [MESSAGE][PASSED] - Delayed 1 second(s)

2022-03-28 12:35:27 - [TEST_STEP][PASSED] - click(findTestObject("Object Repository/Input_Corporate/Input_Konsumen/li_65145"), OPTIONAL): Object: 'Object Repository/Input_Corporate/Input_Konsumen/li_65145' is clicked on

2022-03-28 12:35:27 - [MESSAGE][PASSED] - Object: 'Object Repository/Input_Corporate/Input_Konsumen/li_65145' is clicked on

2022-03-28 12:35:27 - [TEST_STEP][PASSED] - delay(1): Delayed 1 second(s)

2022-03-28 12:35:28 - [MESSAGE][PASSED] - Delayed 1 second(s)

2022-03-28 12:35:28 - [TEST_STEP][PASSED] - takeFullPageScreenshotAsCheckpoint(userDir + sprint4WebScreenshootPath + "scenario-1-Input-data-FAP.png"): Taking screenshot successfully

2022-03-28 12:35:30 - [MESSAGE][INFO] - 0 hidden object(s)

2022-03-28 12:35:30 - [MESSAGE][PASSED] - Taking screenshot successfully
[[ATTACHMENT|C:\Users\elanf\git\BCAF_MEAPP_i3\Screenshoot\Sprint4\Web\keyes\keyes-scenario-1-Input-data-FAP.png]]

2022-03-28 12:35:30 - [TEST_STEP][PASSED] - markPassed("scenario 1 - Input data FAP"): scenario 1 - Input data FAP

2022-03-28 12:35:30 - [MESSAGE][PASSED] - scenario 1 - Input data FAP

2022-03-28 12:35:30 - [TEST_STEP][PASSED] - delay(1): Delayed 1 second(s)

2022-03-28 12:35:31 - [MESSAGE][PASSED] - Delayed 1 second(s)

2022-03-28 12:35:31 - [TEST_STEP][PASSED] - scrollToElement(findTestObject("Object Repository/Input_Corporate/Input_Konsumen/i_Fax 2_ri-arrow-right-line"), 60, OPTIONAL): Scroll to object 'Object Repository/Input_Corporate/Input_Konsumen/i_Fax 2_ri-arrow-right-line' successfully

2022-03-28 12:35:31 - [MESSAGE][PASSED] - Scroll to object 'Object Repository/Input_Corporate/Input_Konsumen/i_Fax 2_ri-arrow-right-line' successfully

2022-03-28 12:35:31 - [TEST_STEP][PASSED] - click(findTestObject("Object Repository/Input_Corporate/Input_Konsumen/input_Alamat Pengiriman Surat  Alamat Perusahaan_isAlamatPengirimanSurat"), OPTIONAL): Object: 'Object Repository/Input_Corporate/Input_Konsumen/input_Alamat Pengiriman Surat  Alamat Perusahaan_isAlamatPengirimanSurat' is clicked on

2022-03-28 12:35:32 - [MESSAGE][PASSED] - Object: 'Object Repository/Input_Corporate/Input_Konsumen/input_Alamat Pengiriman Surat  Alamat Perusahaan_isAlamatPengirimanSurat' is clicked on

2022-03-28 12:35:32 - [TEST_STEP][PASSED] - delay(1): Delayed 1 second(s)

2022-03-28 12:35:33 - [MESSAGE][PASSED] - Delayed 1 second(s)

2022-03-28 12:35:33 - [TEST_STEP][PASSED] - setText(findTestObject("Object Repository/Input_Corporate/Input_Konsumen/input_Email_form-control ng-untouched ng-pristine ng-valid"), konsumen_email, OPTIONAL): Text 'contoh@gmail.com' is set on object 'Object Repository/Input_Corporate/Input_Konsumen/input_Email_form-control ng-untouched ng-pristine ng-valid'

2022-03-28 12:35:34 - [MESSAGE][PASSED] - Text 'contoh@gmail.com' is set on object 'Object Repository/Input_Corporate/Input_Konsumen/input_Email_form-control ng-untouched ng-pristine ng-valid'

2022-03-28 12:35:34 - [TEST_STEP][PASSED] - delay(1): Delayed 1 second(s)

2022-03-28 12:35:35 - [MESSAGE][PASSED] - Delayed 1 second(s)

2022-03-28 12:35:35 - [TEST_STEP][PASSED] - setText(findTestObject("Object Repository/Input_Corporate/Input_Konsumen/input_Telepon 1_form-control ng-untouched ng-pristine ng-valid"), konsumen_telepon1, OPTIONAL): Text '089773662555' is set on object 'Object Repository/Input_Corporate/Input_Konsumen/input_Telepon 1_form-control ng-untouched ng-pristine ng-valid'

2022-03-28 12:35:35 - [MESSAGE][PASSED] - Text '089773662555' is set on object 'Object Repository/Input_Corporate/Input_Konsumen/input_Telepon 1_form-control ng-untouched ng-pristine ng-valid'

2022-03-28 12:35:35 - [TEST_STEP][PASSED] - delay(1): Delayed 1 second(s)

2022-03-28 12:35:36 - [MESSAGE][PASSED] - Delayed 1 second(s)

2022-03-28 12:35:36 - [TEST_STEP][PASSED] - takeFullPageScreenshotAsCheckpoint(userDir + sprint4WebScreenshootPath + "scenario-1-Input-data-alamat-pengirim-surat.png"): Taking screenshot successfully

2022-03-28 12:35:37 - [MESSAGE][INFO] - 0 hidden object(s)

2022-03-28 12:35:38 - [MESSAGE][PASSED] - Taking screenshot successfully
[[ATTACHMENT|C:\Users\elanf\git\BCAF_MEAPP_i3\Screenshoot\Sprint4\Web\keyes\keyes-scenario-1-Input-data-alamat-pengirim-surat.png]]

2022-03-28 12:35:38 - [TEST_STEP][PASSED] - markPassed("scenario 1 - Input data alamat pengirim surat"): scenario 1 - Input data alamat pengirim surat

2022-03-28 12:35:38 - [MESSAGE][PASSED] - scenario 1 - Input data alamat pengirim surat

2022-03-28 12:35:38 - [TEST_STEP][PASSED] - scrollToPosition(0, 0, OPTIONAL): Browser is scrolled to position x = 0, y = 0

2022-03-28 12:35:38 - [MESSAGE][PASSED] - Browser is scrolled to position x = 0, y = 0

2022-03-28 12:35:38 - [TEST_STEP][PASSED] - delay(2): Delayed 2 second(s)

2022-03-28 12:35:40 - [MESSAGE][PASSED] - Delayed 2 second(s)

2022-03-28 12:35:40 - [TEST_STEP][PASSED] - delay(1): Delayed 1 second(s)

2022-03-28 12:35:41 - [MESSAGE][PASSED] - Delayed 1 second(s)

2022-03-28 12:35:41 - [TEST_STEP][PASSED] - click(findTestObject("Input_Corporate/Pengurus/1_a_Pengurus"), OPTIONAL): Object: 'Object Repository/Input_Corporate/Pengurus/1_a_Pengurus' is clicked on

2022-03-28 12:35:41 - [MESSAGE][PASSED] - Object: 'Object Repository/Input_Corporate/Pengurus/1_a_Pengurus' is clicked on

2022-03-28 12:35:41 - [TEST_STEP][PASSED] - delay(1): Delayed 1 second(s)

2022-03-28 12:35:42 - [MESSAGE][PASSED] - Delayed 1 second(s)

2022-03-28 12:35:42 - [TEST_STEP][PASSED] - takeFullPageScreenshotAsCheckpoint(userDir + sprint4WebScreenshootPath + "scenario-1-Input-data-pengurus.png"): Taking screenshot successfully

2022-03-28 12:35:43 - [MESSAGE][INFO] - 0 hidden object(s)

2022-03-28 12:35:43 - [MESSAGE][PASSED] - Taking screenshot successfully
[[ATTACHMENT|C:\Users\elanf\git\BCAF_MEAPP_i3\Screenshoot\Sprint4\Web\keyes\keyes-scenario-1-Input-data-pengurus.png]]

2022-03-28 12:35:43 - [TEST_STEP][PASSED] - markPassed("scenario 1 - Input data pengurus"): scenario 1 - Input data pengurus

2022-03-28 12:35:43 - [MESSAGE][PASSED] - scenario 1 - Input data pengurus

2022-03-28 12:35:43 - [TEST_STEP][PASSED] - delay(1): Delayed 1 second(s)

2022-03-28 12:35:44 - [MESSAGE][PASSED] - Delayed 1 second(s)

2022-03-28 12:35:44 - [TEST_STEP][PASSED] - click(findTestObject("Input_Corporate/Pengurus/2_i_Add_ri-file-add-line ( Add_Pengurus )"), OPTIONAL): Object: 'Object Repository/Input_Corporate/Pengurus/2_i_Add_ri-file-add-line ( Add_Pengurus )' is clicked on

2022-03-28 12:35:44 - [MESSAGE][PASSED] - Object: 'Object Repository/Input_Corporate/Pengurus/2_i_Add_ri-file-add-line ( Add_Pengurus )' is clicked on

2022-03-28 12:35:44 - [TEST_STEP][PASSED] - delay(1): Delayed 1 second(s)

2022-03-28 12:35:45 - [MESSAGE][PASSED] - Delayed 1 second(s)

2022-03-28 12:35:45 - [TEST_STEP][PASSED] - click(findTestObject("Input_Corporate/Pengurus/3_button_Pengurus 1"), OPTIONAL): Object: 'Object Repository/Input_Corporate/Pengurus/3_button_Pengurus 1' is clicked on

2022-03-28 12:35:46 - [MESSAGE][PASSED] - Object: 'Object Repository/Input_Corporate/Pengurus/3_button_Pengurus 1' is clicked on

2022-03-28 12:35:46 - [TEST_STEP][PASSED] - delay(1): Delayed 1 second(s)

2022-03-28 12:35:47 - [MESSAGE][PASSED] - Delayed 1 second(s)

2022-03-28 12:35:47 - [TEST_STEP][PASSED] - takeFullPageScreenshotAsCheckpoint(userDir + sprint4WebScreenshootPath + "scenario-1-Masuk-submenu-data-pengurus-1.png"): Taking screenshot successfully

2022-03-28 12:35:48 - [MESSAGE][INFO] - 0 hidden object(s)

2022-03-28 12:35:48 - [MESSAGE][PASSED] - Taking screenshot successfully
[[ATTACHMENT|C:\Users\elanf\git\BCAF_MEAPP_i3\Screenshoot\Sprint4\Web\keyes\keyes-scenario-1-Masuk-submenu-data-pengurus-1.png]]

2022-03-28 12:35:48 - [TEST_STEP][PASSED] - markPassed("scenario 1 - Masuk submenu data pengurus 1"): scenario 1 - Masuk submenu data pengurus 1

2022-03-28 12:35:48 - [MESSAGE][PASSED] - scenario 1 - Masuk submenu data pengurus 1

2022-03-28 12:35:48 - [TEST_STEP][PASSED] - delay(1): Delayed 1 second(s)

2022-03-28 12:35:49 - [MESSAGE][PASSED] - Delayed 1 second(s)

2022-03-28 12:35:49 - [TEST_STEP][PASSED] - click(findTestObject("Input_Corporate/Pengurus/4_a_Capture File"), OPTIONAL): Object: 'Object Repository/Input_Corporate/Pengurus/4_a_Capture File' is clicked on

2022-03-28 12:35:49 - [MESSAGE][PASSED] - Object: 'Object Repository/Input_Corporate/Pengurus/4_a_Capture File' is clicked on

2022-03-28 12:35:49 - [TEST_STEP][PASSED] - delay(1): Delayed 1 second(s)

2022-03-28 12:35:50 - [MESSAGE][PASSED] - Delayed 1 second(s)

2022-03-28 12:35:50 - [TEST_STEP][PASSED] - uploadFile(findTestObject("Input_Corporate/Capture_"), userDir + cobaKTP, OPTIONAL): File 'C:/Users/elanf/git/BCAF_MEAPP_i3/Assets/ktp_dummy.png' sent to object: 'Object Repository/Input_Corporate/Capture_'

2022-03-28 12:35:51 - [MESSAGE][PASSED] - File 'C:/Users/elanf/git/BCAF_MEAPP_i3/Assets/ktp_dummy.png' sent to object: 'Object Repository/Input_Corporate/Capture_'

2022-03-28 12:35:51 - [TEST_STEP][PASSED] - delay(1): Delayed 1 second(s)

2022-03-28 12:35:52 - [MESSAGE][PASSED] - Delayed 1 second(s)

2022-03-28 12:35:52 - [TEST_STEP][PASSED] - waitForElementClickable(findTestObject("Input_Corporate/Pengurus/5_input_Name_form-control ng-untouched ng-pristine ng-invalid"), 300): Object 'Object Repository/Input_Corporate/Pengurus/5_input_Name_form-control ng-untouched ng-pristine ng-invalid' is clickable

2022-03-28 12:36:01 - [MESSAGE][PASSED] - Object 'Object Repository/Input_Corporate/Pengurus/5_input_Name_form-control ng-untouched ng-pristine ng-invalid' is clickable

2022-03-28 12:36:01 - [TEST_STEP][PASSED] - delay(1): Delayed 1 second(s)

2022-03-28 12:36:02 - [MESSAGE][PASSED] - Delayed 1 second(s)

2022-03-28 12:36:02 - [TEST_STEP][PASSED] - takeFullPageScreenshotAsCheckpoint(userDir + sprint4WebScreenshootPath + "scenario-1-Berhasil-input-otomatis-data-pengurus-berdasarkan-data-capture-ktp-pengurus-yang-di-capture.png"): Taking screenshot successfully

2022-03-28 12:36:03 - [MESSAGE][INFO] - 0 hidden object(s)

2022-03-28 12:36:03 - [MESSAGE][PASSED] - Taking screenshot successfully
[[ATTACHMENT|C:\Users\elanf\git\BCAF_MEAPP_i3\Screenshoot\Sprint4\Web\keyes\keyes-scenario-1-Berhasil-input-otomatis-data-pengurus-berdasarkan-data-capture-ktp-pengurus-yang-di-capture.png]]

2022-03-28 12:36:03 - [TEST_STEP][PASSED] - markPassed("scenario 1 - Berhasil input otomatis data pengurus berdasarkan data capture ktp pengurus yang di capture "): scenario 1 - Berhasil input otomatis data pengurus berdasarkan data capture ktp pengurus yang di capture 

2022-03-28 12:36:03 - [MESSAGE][PASSED] - scenario 1 - Berhasil input otomatis data pengurus berdasarkan data capture ktp pengurus yang di capture 

2022-03-28 12:36:03 - [TEST_STEP][PASSED] - delay(1): Delayed 1 second(s)

2022-03-28 12:36:04 - [MESSAGE][PASSED] - Delayed 1 second(s)

2022-03-28 12:36:04 - [TEST_STEP][PASSED] - setText(findTestObject("Input_Corporate/Pengurus/8_input_SID Pengurus_form-control ng-pristine ng-invalid is-invalid ng-touched"), pengurus_SID, OPTIONAL): Text '3345434656' is set on object 'Object Repository/Input_Corporate/Pengurus/8_input_SID Pengurus_form-control ng-pristine ng-invalid is-invalid ng-touched'

2022-03-28 12:36:05 - [MESSAGE][PASSED] - Text '3345434656' is set on object 'Object Repository/Input_Corporate/Pengurus/8_input_SID Pengurus_form-control ng-pristine ng-invalid is-invalid ng-touched'

2022-03-28 12:36:05 - [TEST_STEP][PASSED] - delay(1): Delayed 1 second(s)

2022-03-28 12:36:06 - [MESSAGE][PASSED] - Delayed 1 second(s)

2022-03-28 12:36:06 - [TEST_STEP][PASSED] - scrollToElement(findTestObject("Input_Corporate/Pengurus/2_i_Add_ri-file-add-line ( Add_Pengurus )"), 30, OPTIONAL): Scroll to object 'Object Repository/Input_Corporate/Pengurus/2_i_Add_ri-file-add-line ( Add_Pengurus )' successfully

2022-03-28 12:36:06 - [MESSAGE][PASSED] - Scroll to object 'Object Repository/Input_Corporate/Pengurus/2_i_Add_ri-file-add-line ( Add_Pengurus )' successfully

2022-03-28 12:36:06 - [TEST_STEP][PASSED] - delay(1): Delayed 1 second(s)

2022-03-28 12:36:07 - [MESSAGE][PASSED] - Delayed 1 second(s)

2022-03-28 12:36:07 - [TEST_STEP][PASSED] - setText(findTestObject("Input_Corporate/Pengurus/15_input_Kode Pos_form-control bcaf-autocomplete ng-pristine ng-invalid ng-touched"), pengurus_kodePos, OPTIONAL): Text '56643' is set on object 'Object Repository/Input_Corporate/Pengurus/15_input_Kode Pos_form-control bcaf-autocomplete ng-pristine ng-invalid ng-touched'

2022-03-28 12:36:08 - [MESSAGE][PASSED] - Text '56643' is set on object 'Object Repository/Input_Corporate/Pengurus/15_input_Kode Pos_form-control bcaf-autocomplete ng-pristine ng-invalid ng-touched'

2022-03-28 12:36:08 - [TEST_STEP][PASSED] - delay(1): Delayed 1 second(s)

2022-03-28 12:36:09 - [MESSAGE][PASSED] - Delayed 1 second(s)

2022-03-28 12:36:09 - [TEST_STEP][PASSED] - click(findTestObject("Input_Corporate/Pengurus/13_div_Pilih Role"), OPTIONAL): Object: 'Object Repository/Input_Corporate/Pengurus/13_div_Pilih Role' is clicked on

2022-03-28 12:36:09 - [MESSAGE][PASSED] - Object: 'Object Repository/Input_Corporate/Pengurus/13_div_Pilih Role' is clicked on

2022-03-28 12:36:09 - [TEST_STEP][PASSED] - delay(1): Delayed 1 second(s)

2022-03-28 12:36:10 - [MESSAGE][PASSED] - Delayed 1 second(s)

2022-03-28 12:36:10 - [TEST_STEP][PASSED] - setText(findTestObject("Input_Corporate/Pengurus/13_div_Pilih Role"), pengurus_role, OPTIONAL): Text 'not set' is set on object 'Object Repository/Input_Corporate/Pengurus/13_div_Pilih Role'

2022-03-28 12:36:11 - [MESSAGE][PASSED] - Text 'not set' is set on object 'Object Repository/Input_Corporate/Pengurus/13_div_Pilih Role'

2022-03-28 12:36:11 - [TEST_STEP][PASSED] - delay(1): Delayed 1 second(s)

2022-03-28 12:36:12 - [MESSAGE][PASSED] - Delayed 1 second(s)

2022-03-28 12:36:12 - [TEST_STEP][PASSED] - click(findTestObject("Input_Corporate/Pengurus/14_div_Not Set"), OPTIONAL): Object: 'Object Repository/Input_Corporate/Pengurus/14_div_Not Set' is clicked on

2022-03-28 12:36:12 - [MESSAGE][PASSED] - Object: 'Object Repository/Input_Corporate/Pengurus/14_div_Not Set' is clicked on

2022-03-28 12:36:12 - [TEST_STEP][PASSED] - delay(1): Delayed 1 second(s)

2022-03-28 12:36:13 - [MESSAGE][PASSED] - Delayed 1 second(s)

2022-03-28 12:36:13 - [TEST_STEP][PASSED] - click(findTestObject("Input_Corporate/Pengurus/21_div_Pilih Jabatan"), OPTIONAL): Object: 'Object Repository/Input_Corporate/Pengurus/21_div_Pilih Jabatan' is clicked on

2022-03-28 12:36:14 - [MESSAGE][PASSED] - Object: 'Object Repository/Input_Corporate/Pengurus/21_div_Pilih Jabatan' is clicked on

2022-03-28 12:36:14 - [TEST_STEP][PASSED] - delay(1): Delayed 1 second(s)

2022-03-28 12:36:15 - [MESSAGE][PASSED] - Delayed 1 second(s)

2022-03-28 12:36:15 - [TEST_STEP][PASSED] - setText(findTestObject("Object Repository/Input_Corporate/Pengurus/21_div_Pilih Jabatan"), pengurus_jabatan, OPTIONAL): Text 'komisaris utama' is set on object 'Object Repository/Input_Corporate/Pengurus/21_div_Pilih Jabatan'

2022-03-28 12:36:15 - [MESSAGE][PASSED] - Text 'komisaris utama' is set on object 'Object Repository/Input_Corporate/Pengurus/21_div_Pilih Jabatan'

2022-03-28 12:36:15 - [TEST_STEP][PASSED] - delay(1): Delayed 1 second(s)

2022-03-28 12:36:16 - [MESSAGE][PASSED] - Delayed 1 second(s)

2022-03-28 12:36:16 - [TEST_STEP][PASSED] - click(findTestObject("Input_Corporate/Pengurus/22_span_Komisaris Utama"), OPTIONAL): Object: 'Object Repository/Input_Corporate/Pengurus/22_span_Komisaris Utama' is clicked on

2022-03-28 12:36:17 - [MESSAGE][PASSED] - Object: 'Object Repository/Input_Corporate/Pengurus/22_span_Komisaris Utama' is clicked on

2022-03-28 12:36:17 - [TEST_STEP][PASSED] - takeFullPageScreenshotAsCheckpoint(userDir + sprint4WebScreenshootPath + "scenario-1-Berhasil-input-otomatis-data-pengurus-1.png"): Taking screenshot successfully

2022-03-28 12:36:18 - [MESSAGE][INFO] - 0 hidden object(s)

2022-03-28 12:36:18 - [MESSAGE][PASSED] - Taking screenshot successfully
[[ATTACHMENT|C:\Users\elanf\git\BCAF_MEAPP_i3\Screenshoot\Sprint4\Web\keyes\keyes-scenario-1-Berhasil-input-otomatis-data-pengurus-1.png]]

2022-03-28 12:36:18 - [TEST_STEP][PASSED] - markPassed("scenario 1 - Berhasil input data pengurus 1"): scenario 1 - Berhasil input data pengurus 1

2022-03-28 12:36:18 - [MESSAGE][PASSED] - scenario 1 - Berhasil input data pengurus 1

2022-03-28 12:36:18 - [TEST_STEP][PASSED] - delay(1): Delayed 1 second(s)

2022-03-28 12:36:19 - [MESSAGE][PASSED] - Delayed 1 second(s)

2022-03-28 12:36:19 - [TEST_STEP][PASSED] - delay(1): Delayed 1 second(s)

2022-03-28 12:36:20 - [MESSAGE][PASSED] - Delayed 1 second(s)

2022-03-28 12:36:20 - [TEST_STEP][PASSED] - scrollToPosition(0, 133, OPTIONAL): Browser is scrolled to position x = 0, y = 133

2022-03-28 12:36:20 - [MESSAGE][PASSED] - Browser is scrolled to position x = 0, y = 133

2022-03-28 12:36:20 - [TEST_STEP][PASSED] - delay(1): Delayed 1 second(s)

2022-03-28 12:36:21 - [MESSAGE][PASSED] - Delayed 1 second(s)

2022-03-28 12:36:21 - [TEST_STEP][PASSED] - click(findTestObject("Input_Corporate/Pemegang_saham/1_a_Pemegang Saham"), OPTIONAL): Object: 'Object Repository/Input_Corporate/Pemegang_saham/1_a_Pemegang Saham' is clicked on

2022-03-28 12:36:21 - [MESSAGE][PASSED] - Object: 'Object Repository/Input_Corporate/Pemegang_saham/1_a_Pemegang Saham' is clicked on

2022-03-28 12:36:21 - [TEST_STEP][PASSED] - delay(1): Delayed 1 second(s)

2022-03-28 12:36:22 - [MESSAGE][PASSED] - Delayed 1 second(s)

2022-03-28 12:36:22 - [TEST_STEP][PASSED] - takeFullPageScreenshotAsCheckpoint(userDir + sprint4WebScreenshootPath + "scenario-1-Masuk-Submenu-pemegang-saham-1.png"): Taking screenshot successfully

2022-03-28 12:36:23 - [MESSAGE][INFO] - 0 hidden object(s)

2022-03-28 12:36:23 - [MESSAGE][PASSED] - Taking screenshot successfully
[[ATTACHMENT|C:\Users\elanf\git\BCAF_MEAPP_i3\Screenshoot\Sprint4\Web\keyes\keyes-scenario-1-Masuk-Submenu-pemegang-saham-1.png]]

2022-03-28 12:36:23 - [TEST_STEP][PASSED] - markPassed("scenario 1 - Berhasil masuk menu pemegang saham "): scenario 1 - Berhasil masuk menu pemegang saham 

2022-03-28 12:36:23 - [MESSAGE][PASSED] - scenario 1 - Berhasil masuk menu pemegang saham 

2022-03-28 12:36:23 - [TEST_STEP][PASSED] - delay(1): Delayed 1 second(s)

2022-03-28 12:36:24 - [MESSAGE][PASSED] - Delayed 1 second(s)

2022-03-28 12:36:24 - [TEST_STEP][PASSED] - click(findTestObject("Input_Corporate/Pemegang_saham/2_a_Add"), OPTIONAL): Object: 'Object Repository/Input_Corporate/Pemegang_saham/2_a_Add' is clicked on

2022-03-28 12:36:24 - [MESSAGE][PASSED] - Object: 'Object Repository/Input_Corporate/Pemegang_saham/2_a_Add' is clicked on

2022-03-28 12:36:24 - [TEST_STEP][PASSED] - delay(1): Delayed 1 second(s)

2022-03-28 12:36:25 - [MESSAGE][PASSED] - Delayed 1 second(s)

2022-03-28 12:36:25 - [TEST_STEP][PASSED] - click(findTestObject("Input_Corporate/Pemegang_saham/input_Perorangan_radios"), OPTIONAL): Object: 'Object Repository/Input_Corporate/Pemegang_saham/input_Perorangan_radios' is clicked on

2022-03-28 12:36:26 - [MESSAGE][PASSED] - Object: 'Object Repository/Input_Corporate/Pemegang_saham/input_Perorangan_radios' is clicked on

2022-03-28 12:36:26 - [TEST_STEP][PASSED] - click(findTestObject("Input_Corporate/Pemegang_saham/input_Jenis Pemegang Saham_radios"), OPTIONAL): Object: 'Object Repository/Input_Corporate/Pemegang_saham/input_Jenis Pemegang Saham_radios' is clicked on

2022-03-28 12:36:26 - [MESSAGE][PASSED] - Object: 'Object Repository/Input_Corporate/Pemegang_saham/input_Jenis Pemegang Saham_radios' is clicked on

2022-03-28 12:36:26 - [TEST_STEP][PASSED] - delay(1): Delayed 1 second(s)

2022-03-28 12:36:27 - [MESSAGE][PASSED] - Delayed 1 second(s)

2022-03-28 12:36:27 - [TEST_STEP][PASSED] - takeFullPageScreenshotAsCheckpoint(userDir + sprint4WebScreenshootPath + "scenario-1-Memilih-radio-button-pemegang-saham.png"): Taking screenshot successfully

2022-03-28 12:36:28 - [MESSAGE][INFO] - 0 hidden object(s)

2022-03-28 12:36:28 - [MESSAGE][PASSED] - Taking screenshot successfully
[[ATTACHMENT|C:\Users\elanf\git\BCAF_MEAPP_i3\Screenshoot\Sprint4\Web\keyes\keyes-scenario-1-Memilih-radio-button-pemegang-saham.png]]

2022-03-28 12:36:28 - [TEST_STEP][PASSED] - markPassed("scenario 1 - Memilih radio button pemegang saham"): scenario 1 - Memilih radio button pemegang saham

2022-03-28 12:36:28 - [MESSAGE][PASSED] - scenario 1 - Memilih radio button pemegang saham

2022-03-28 12:36:28 - [TEST_STEP][PASSED] - delay(1): Delayed 1 second(s)

2022-03-28 12:36:29 - [MESSAGE][PASSED] - Delayed 1 second(s)

2022-03-28 12:36:29 - [TEST_STEP][PASSED] - click(findTestObject("Input_Corporate/Pemegang_saham/4_button_OK"), OPTIONAL): Object: 'Object Repository/Input_Corporate/Pemegang_saham/4_button_OK' is clicked on

2022-03-28 12:36:29 - [MESSAGE][PASSED] - Object: 'Object Repository/Input_Corporate/Pemegang_saham/4_button_OK' is clicked on

2022-03-28 12:36:29 - [TEST_STEP][PASSED] - delay(1): Delayed 1 second(s)

2022-03-28 12:36:30 - [MESSAGE][PASSED] - Delayed 1 second(s)

2022-03-28 12:36:30 - [TEST_STEP][PASSED] - click(findTestObject("Input_Corporate/Pemegang_saham/5_button_Pemegang Saham 1"), OPTIONAL): Object: 'Object Repository/Input_Corporate/Pemegang_saham/5_button_Pemegang Saham 1' is clicked on

2022-03-28 12:36:31 - [MESSAGE][PASSED] - Object: 'Object Repository/Input_Corporate/Pemegang_saham/5_button_Pemegang Saham 1' is clicked on

2022-03-28 12:36:31 - [TEST_STEP][PASSED] - delay(1): Delayed 1 second(s)

2022-03-28 12:36:32 - [MESSAGE][PASSED] - Delayed 1 second(s)

2022-03-28 12:36:32 - [TEST_STEP][PASSED] - takeFullPageScreenshotAsCheckpoint(userDir + sprint4WebScreenshootPath + "scenario-1-Masuk-Submenu-pemegang-saham-1.png"): Taking screenshot successfully

2022-03-28 12:36:33 - [MESSAGE][INFO] - 0 hidden object(s)

2022-03-28 12:36:33 - [MESSAGE][PASSED] - Taking screenshot successfully
[[ATTACHMENT|C:\Users\elanf\git\BCAF_MEAPP_i3\Screenshoot\Sprint4\Web\keyes\keyes-scenario-1-Masuk-Submenu-pemegang-saham-1.png]]

2022-03-28 12:36:33 - [TEST_STEP][PASSED] - markPassed("scenario 1 - Masuk submenu pemegang saham 1"): scenario 1 - Masuk submenu pemegang saham 1

2022-03-28 12:36:33 - [MESSAGE][PASSED] - scenario 1 - Masuk submenu pemegang saham 1

2022-03-28 12:36:33 - [TEST_STEP][PASSED] - delay(1): Delayed 1 second(s)

2022-03-28 12:36:34 - [MESSAGE][PASSED] - Delayed 1 second(s)

2022-03-28 12:36:34 - [TEST_STEP][PASSED] - click(findTestObject("Input_Corporate/Pemegang_saham/6_a_Capture File"), OPTIONAL): Object: 'Object Repository/Input_Corporate/Pemegang_saham/6_a_Capture File' is clicked on

2022-03-28 12:36:34 - [MESSAGE][PASSED] - Object: 'Object Repository/Input_Corporate/Pemegang_saham/6_a_Capture File' is clicked on

2022-03-28 12:36:34 - [TEST_STEP][PASSED] - delay(1): Delayed 1 second(s)

2022-03-28 12:36:35 - [MESSAGE][PASSED] - Delayed 1 second(s)

2022-03-28 12:36:35 - [TEST_STEP][PASSED] - uploadFile(findTestObject("Input_Corporate/Capture_"), userDir + cobaKTP, OPTIONAL): File 'C:/Users/elanf/git/BCAF_MEAPP_i3/Assets/ktp_dummy.png' sent to object: 'Object Repository/Input_Corporate/Capture_'

2022-03-28 12:36:36 - [MESSAGE][PASSED] - File 'C:/Users/elanf/git/BCAF_MEAPP_i3/Assets/ktp_dummy.png' sent to object: 'Object Repository/Input_Corporate/Capture_'

2022-03-28 12:36:36 - [TEST_STEP][PASSED] - delay(1): Delayed 1 second(s)

2022-03-28 12:36:37 - [MESSAGE][PASSED] - Delayed 1 second(s)

2022-03-28 12:36:37 - [TEST_STEP][PASSED] - scrollToPosition(0, 200, OPTIONAL): Browser is scrolled to position x = 0, y = 200

2022-03-28 12:36:37 - [MESSAGE][PASSED] - Browser is scrolled to position x = 0, y = 200

2022-03-28 12:36:37 - [TEST_STEP][PASSED] - delay(1): Delayed 1 second(s)

2022-03-28 12:36:38 - [MESSAGE][PASSED] - Delayed 1 second(s)

2022-03-28 12:36:38 - [TEST_STEP][PASSED] - setText(findTestObject("Object Repository/Input_Corporate/Pemegang_saham/input_Kode Pos_2"), pemegangShm_kodePos): Text '12345' is set on object 'Object Repository/Input_Corporate/Pemegang_saham/input_Kode Pos_2'

2022-03-28 12:36:47 - [MESSAGE][PASSED] - Text '12345' is set on object 'Object Repository/Input_Corporate/Pemegang_saham/input_Kode Pos_2'

2022-03-28 12:36:47 - [TEST_STEP][PASSED] - delay(1): Delayed 1 second(s)

2022-03-28 12:36:48 - [MESSAGE][PASSED] - Delayed 1 second(s)

2022-03-28 12:36:48 - [TEST_STEP][PASSED] - scrollToPosition(0, 133, OPTIONAL): Browser is scrolled to position x = 0, y = 133

2022-03-28 12:36:48 - [MESSAGE][PASSED] - Browser is scrolled to position x = 0, y = 133

2022-03-28 12:36:48 - [TEST_STEP][PASSED] - click(findTestObject("Input_Corporate/Penjamin/1_a_Penjamin"), OPTIONAL): Object: 'Object Repository/Input_Corporate/Penjamin/1_a_Penjamin' is clicked on

2022-03-28 12:36:48 - [MESSAGE][PASSED] - Object: 'Object Repository/Input_Corporate/Penjamin/1_a_Penjamin' is clicked on

2022-03-28 12:36:48 - [TEST_STEP][PASSED] - delay(1): Delayed 1 second(s)

2022-03-28 12:36:49 - [MESSAGE][PASSED] - Delayed 1 second(s)

2022-03-28 12:36:49 - [TEST_STEP][PASSED] - click(findTestObject("Input_Corporate/Penjamin/2_input_Ya_guarantor_Tidak"), OPTIONAL): Object: 'Object Repository/Input_Corporate/Penjamin/2_input_Ya_guarantor_Tidak' is clicked on

2022-03-28 12:36:51 - [MESSAGE][PASSED] - Object: 'Object Repository/Input_Corporate/Penjamin/2_input_Ya_guarantor_Tidak' is clicked on

2022-03-28 12:36:51 - [TEST_STEP][PASSED] - delay(1): Delayed 1 second(s)

2022-03-28 12:36:52 - [MESSAGE][PASSED] - Delayed 1 second(s)

2022-03-28 12:36:52 - [TEST_STEP][PASSED] - takeFullPageScreenshotAsCheckpoint(userDir + sprint4WebScreenshootPath + "scenario-1-Berhasil-pemegang-saham-1.png"): Taking screenshot successfully

2022-03-28 12:36:53 - [MESSAGE][INFO] - 0 hidden object(s)

2022-03-28 12:36:53 - [MESSAGE][PASSED] - Taking screenshot successfully
[[ATTACHMENT|C:\Users\elanf\git\BCAF_MEAPP_i3\Screenshoot\Sprint4\Web\keyes\keyes-scenario-1-Berhasil-pemegang-saham-1.png]]

2022-03-28 12:36:53 - [TEST_STEP][PASSED] - markPassed("scenario 1 - Berhasil input pemegang saham 1"): scenario 1 - Berhasil input pemegang saham 1

2022-03-28 12:36:53 - [MESSAGE][PASSED] - scenario 1 - Berhasil input pemegang saham 1

2022-03-28 12:36:53 - [TEST_STEP][PASSED] - delay(1): Delayed 1 second(s)

2022-03-28 12:36:54 - [MESSAGE][PASSED] - Delayed 1 second(s)

2022-03-28 12:36:54 - [TEST_STEP][PASSED] - click(findTestObject("Input_Corporate/Financial/li_Financial"), OPTIONAL): Object: 'Object Repository/Input_Corporate/Financial/li_Financial' is clicked on

2022-03-28 12:36:54 - [MESSAGE][PASSED] - Object: 'Object Repository/Input_Corporate/Financial/li_Financial' is clicked on

2022-03-28 12:36:54 - [TEST_STEP][PASSED] - delay(1): Delayed 1 second(s)

2022-03-28 12:36:55 - [MESSAGE][PASSED] - Delayed 1 second(s)

2022-03-28 12:36:55 - [TEST_STEP][PASSED] - takeFullPageScreenshotAsCheckpoint(userDir + sprint4WebScreenshootPath + "scenario-1-Masuk-Submenu-financial.png"): Taking screenshot successfully

2022-03-28 12:36:56 - [MESSAGE][INFO] - 0 hidden object(s)

2022-03-28 12:36:56 - [MESSAGE][PASSED] - Taking screenshot successfully
[[ATTACHMENT|C:\Users\elanf\git\BCAF_MEAPP_i3\Screenshoot\Sprint4\Web\keyes\keyes-scenario-1-Masuk-Submenu-financial.png]]

2022-03-28 12:36:56 - [TEST_STEP][PASSED] - markPassed("scenario 1 - Masuk submenu financial"): scenario 1 - Masuk submenu financial

2022-03-28 12:36:56 - [MESSAGE][PASSED] - scenario 1 - Masuk submenu financial

2022-03-28 12:36:56 - [TEST_STEP][PASSED] - delay(1): Delayed 1 second(s)

2022-03-28 12:36:57 - [MESSAGE][PASSED] - Delayed 1 second(s)

2022-03-28 12:36:57 - [TEST_STEP][PASSED] - click(findTestObject("Input_Corporate/Financial/button_Laporan Keuangan"), OPTIONAL): Object: 'Object Repository/Input_Corporate/Financial/button_Laporan Keuangan' is clicked on

2022-03-28 12:36:58 - [MESSAGE][PASSED] - Object: 'Object Repository/Input_Corporate/Financial/button_Laporan Keuangan' is clicked on

2022-03-28 12:36:58 - [TEST_STEP][PASSED] - delay(1): Delayed 1 second(s)

2022-03-28 12:36:59 - [MESSAGE][PASSED] - Delayed 1 second(s)

2022-03-28 12:36:59 - [TEST_STEP][PASSED] - click(findTestObject("Input_Corporate/Financial/a_Capture File"), OPTIONAL): Object: 'Object Repository/Input_Corporate/Financial/a_Capture File' is clicked on

2022-03-28 12:36:59 - [MESSAGE][PASSED] - Object: 'Object Repository/Input_Corporate/Financial/a_Capture File' is clicked on

2022-03-28 12:36:59 - [TEST_STEP][PASSED] - delay(1): Delayed 1 second(s)

2022-03-28 12:37:00 - [MESSAGE][PASSED] - Delayed 1 second(s)

2022-03-28 12:37:00 - [TEST_STEP][PASSED] - uploadFile(findTestObject("Input_Corporate/Capture_"), userDir + cobaKTP, OPTIONAL): File 'C:/Users/elanf/git/BCAF_MEAPP_i3/Assets/ktp_dummy.png' sent to object: 'Object Repository/Input_Corporate/Capture_'

2022-03-28 12:37:00 - [MESSAGE][PASSED] - File 'C:/Users/elanf/git/BCAF_MEAPP_i3/Assets/ktp_dummy.png' sent to object: 'Object Repository/Input_Corporate/Capture_'

2022-03-28 12:37:00 - [TEST_STEP][PASSED] - delay(1): Delayed 1 second(s)

2022-03-28 12:37:01 - [MESSAGE][PASSED] - Delayed 1 second(s)

2022-03-28 12:37:01 - [TEST_STEP][PASSED] - takeFullPageScreenshotAsCheckpoint(userDir + sprint4WebScreenshootPath + "scenario-1-berhasil-input-capture-laporan-keuangan.png"): Taking screenshot successfully

2022-03-28 12:37:02 - [MESSAGE][INFO] - 0 hidden object(s)

2022-03-28 12:37:02 - [MESSAGE][PASSED] - Taking screenshot successfully
[[ATTACHMENT|C:\Users\elanf\git\BCAF_MEAPP_i3\Screenshoot\Sprint4\Web\keyes\keyes-scenario-1-berhasil-input-capture-laporan-keuangan.png]]

2022-03-28 12:37:02 - [TEST_STEP][PASSED] - markPassed("scenario 1 - berhasil input capture laporan keuangan"): scenario 1 - berhasil input capture laporan keuangan

2022-03-28 12:37:02 - [MESSAGE][PASSED] - scenario 1 - berhasil input capture laporan keuangan

2022-03-28 12:37:02 - [TEST_STEP][PASSED] - delay(1): Delayed 1 second(s)

2022-03-28 12:37:03 - [MESSAGE][PASSED] - Delayed 1 second(s)

2022-03-28 12:37:03 - [TEST_STEP][PASSED] - click(findTestObject("Input_Corporate/Financial/button_Bukti Kepemilikan Rekening"), OPTIONAL): Object: 'Object Repository/Input_Corporate/Financial/button_Bukti Kepemilikan Rekening' is clicked on

2022-03-28 12:37:03 - [MESSAGE][PASSED] - Object: 'Object Repository/Input_Corporate/Financial/button_Bukti Kepemilikan Rekening' is clicked on

2022-03-28 12:37:03 - [TEST_STEP][PASSED] - delay(1): Delayed 1 second(s)

2022-03-28 12:37:04 - [MESSAGE][PASSED] - Delayed 1 second(s)

2022-03-28 12:37:04 - [TEST_STEP][PASSED] - click(findTestObject("Input_Corporate/Financial/a_Capture File"), OPTIONAL): Object: 'Object Repository/Input_Corporate/Financial/a_Capture File' is clicked on

2022-03-28 12:37:05 - [MESSAGE][PASSED] - Object: 'Object Repository/Input_Corporate/Financial/a_Capture File' is clicked on

2022-03-28 12:37:05 - [TEST_STEP][PASSED] - delay(1): Delayed 1 second(s)

2022-03-28 12:37:06 - [MESSAGE][PASSED] - Delayed 1 second(s)

2022-03-28 12:37:06 - [TEST_STEP][PASSED] - uploadFile(findTestObject("Input_Corporate/Capture_"), userDir + cobaKTP, OPTIONAL): File 'C:/Users/elanf/git/BCAF_MEAPP_i3/Assets/ktp_dummy.png' sent to object: 'Object Repository/Input_Corporate/Capture_'

2022-03-28 12:37:06 - [MESSAGE][PASSED] - File 'C:/Users/elanf/git/BCAF_MEAPP_i3/Assets/ktp_dummy.png' sent to object: 'Object Repository/Input_Corporate/Capture_'

2022-03-28 12:37:06 - [TEST_STEP][PASSED] - delay(1): Delayed 1 second(s)

2022-03-28 12:37:07 - [MESSAGE][PASSED] - Delayed 1 second(s)

2022-03-28 12:37:07 - [TEST_STEP][PASSED] - takeFullPageScreenshotAsCheckpoint(userDir + sprint4WebScreenshootPath + "scenario-1-behasil-input-capture-laporan-bukti-kepemilikan.png"): Taking screenshot successfully

2022-03-28 12:37:08 - [MESSAGE][INFO] - 0 hidden object(s)

2022-03-28 12:37:08 - [MESSAGE][PASSED] - Taking screenshot successfully
[[ATTACHMENT|C:\Users\elanf\git\BCAF_MEAPP_i3\Screenshoot\Sprint4\Web\keyes\keyes-scenario-1-behasil-input-capture-laporan-bukti-kepemilikan.png]]

2022-03-28 12:37:08 - [TEST_STEP][PASSED] - markPassed("scenario 1 - berhasil input capture laporan bukti kepemilikan"): scenario 1 - berhasil input capture laporan bukti kepemilikan

2022-03-28 12:37:08 - [MESSAGE][PASSED] - scenario 1 - berhasil input capture laporan bukti kepemilikan

2022-03-28 12:37:08 - [TEST_STEP][PASSED] - delay(1): Delayed 1 second(s)

2022-03-28 12:37:09 - [MESSAGE][PASSED] - Delayed 1 second(s)

2022-03-28 12:37:09 - [TEST_STEP][PASSED] - setText(findTestObject("Input_Corporate/Financial/input_BCA Branch_form-control ng-untouched ng-pristine ng-valid"), financial_BCABranch, OPTIONAL): Text 'BCA' is set on object 'Object Repository/Input_Corporate/Financial/input_BCA Branch_form-control ng-untouched ng-pristine ng-valid'

2022-03-28 12:37:10 - [MESSAGE][PASSED] - Text 'BCA' is set on object 'Object Repository/Input_Corporate/Financial/input_BCA Branch_form-control ng-untouched ng-pristine ng-valid'

2022-03-28 12:37:10 - [TEST_STEP][PASSED] - delay(1): Delayed 1 second(s)

2022-03-28 12:37:11 - [MESSAGE][PASSED] - Delayed 1 second(s)

2022-03-28 12:37:11 - [TEST_STEP][PASSED] - setText(findTestObject("Input_Corporate/Financial/input_Account No. 10 Digit_form-control ng-untouched ng-pristine ng-valid"), financial_rekNum, OPTIONAL): Text '2343235657' is set on object 'Object Repository/Input_Corporate/Financial/input_Account No. 10 Digit_form-control ng-untouched ng-pristine ng-valid'

2022-03-28 12:37:12 - [MESSAGE][PASSED] - Text '2343235657' is set on object 'Object Repository/Input_Corporate/Financial/input_Account No. 10 Digit_form-control ng-untouched ng-pristine ng-valid'

2022-03-28 12:37:12 - [TEST_STEP][PASSED] - delay(1): Delayed 1 second(s)

2022-03-28 12:37:13 - [MESSAGE][PASSED] - Delayed 1 second(s)

2022-03-28 12:37:13 - [TEST_STEP][PASSED] - takeFullPageScreenshotAsCheckpoint(userDir + sprint4WebScreenshootPath + "scenario-1-berhasil-input-branch-dan-account-10digit-pada-submenu-financial.png"): Taking screenshot successfully

2022-03-28 12:37:13 - [MESSAGE][INFO] - 0 hidden object(s)

2022-03-28 12:37:14 - [MESSAGE][PASSED] - Taking screenshot successfully
[[ATTACHMENT|C:\Users\elanf\git\BCAF_MEAPP_i3\Screenshoot\Sprint4\Web\keyes\keyes-scenario-1-berhasil-input-branch-dan-account-10digit-pada-submenu-financial.png]]

2022-03-28 12:37:14 - [TEST_STEP][PASSED] - markPassed("scenario 1 - berhasil input branch dan account 10 digit pada submenu financial"): scenario 1 - berhasil input branch dan account 10 digit pada submenu financial

2022-03-28 12:37:14 - [MESSAGE][PASSED] - scenario 1 - berhasil input branch dan account 10 digit pada submenu financial

2022-03-28 12:37:14 - [TEST_STEP][PASSED] - delay(1): Delayed 1 second(s)

2022-03-28 12:37:15 - [MESSAGE][PASSED] - Delayed 1 second(s)

2022-03-28 12:37:15 - [TEST_STEP][PASSED] - click(findTestObject("Input_Corporate/Contact_Person/a_Contact Person"), OPTIONAL): Object: 'Object Repository/Input_Corporate/Contact_Person/a_Contact Person' is clicked on

2022-03-28 12:37:15 - [MESSAGE][PASSED] - Object: 'Object Repository/Input_Corporate/Contact_Person/a_Contact Person' is clicked on

2022-03-28 12:37:15 - [TEST_STEP][PASSED] - delay(1): Delayed 1 second(s)

2022-03-28 12:37:16 - [MESSAGE][PASSED] - Delayed 1 second(s)

2022-03-28 12:37:16 - [TEST_STEP][PASSED] - click(findTestObject("Input_Corporate/Contact_Person/input_Yes_inline-radios_No"), OPTIONAL): Object: 'Object Repository/Input_Corporate/Contact_Person/input_Yes_inline-radios_No' is clicked on

2022-03-28 12:37:17 - [MESSAGE][PASSED] - Object: 'Object Repository/Input_Corporate/Contact_Person/input_Yes_inline-radios_No' is clicked on

2022-03-28 12:37:17 - [TEST_STEP][PASSED] - delay(1): Delayed 1 second(s)

2022-03-28 12:37:18 - [MESSAGE][PASSED] - Delayed 1 second(s)

2022-03-28 12:37:18 - [TEST_STEP][PASSED] - takeFullPageScreenshotAsCheckpoint(userDir + sprint4WebScreenshootPath + "scenario-1-berhasil-input-contact-person.png"): Taking screenshot successfully

2022-03-28 12:37:18 - [MESSAGE][INFO] - 0 hidden object(s)

2022-03-28 12:37:18 - [MESSAGE][PASSED] - Taking screenshot successfully
[[ATTACHMENT|C:\Users\elanf\git\BCAF_MEAPP_i3\Screenshoot\Sprint4\Web\keyes\keyes-scenario-1-berhasil-input-contact-person.png]]

2022-03-28 12:37:18 - [TEST_STEP][PASSED] - markPassed("scenario 1 - berhasil input contact person"): scenario 1 - berhasil input contact person

2022-03-28 12:37:18 - [MESSAGE][PASSED] - scenario 1 - berhasil input contact person

2022-03-28 12:37:18 - [TEST_STEP][PASSED] - delay(1): Delayed 1 second(s)

2022-03-28 12:37:19 - [MESSAGE][PASSED] - Delayed 1 second(s)

2022-03-28 12:37:19 - [TEST_STEP][PASSED] - click(findTestObject("Input_Corporate/Other_Document/a_Other Document"), OPTIONAL): Object: 'Object Repository/Input_Corporate/Other_Document/a_Other Document' is clicked on

2022-03-28 12:37:20 - [MESSAGE][PASSED] - Object: 'Object Repository/Input_Corporate/Other_Document/a_Other Document' is clicked on

2022-03-28 12:37:20 - [TEST_STEP][PASSED] - delay(1): Delayed 1 second(s)

2022-03-28 12:37:21 - [MESSAGE][PASSED] - Delayed 1 second(s)

2022-03-28 12:37:21 - [TEST_STEP][PASSED] - takeFullPageScreenshotAsCheckpoint(userDir + sprint4WebScreenshootPath + "scenario-1-Masuk-menu-other-document.png"): Taking screenshot successfully

2022-03-28 12:37:21 - [MESSAGE][INFO] - 0 hidden object(s)

2022-03-28 12:37:21 - [MESSAGE][PASSED] - Taking screenshot successfully
[[ATTACHMENT|C:\Users\elanf\git\BCAF_MEAPP_i3\Screenshoot\Sprint4\Web\keyes\keyes-scenario-1-Masuk-menu-other-document.png]]

2022-03-28 12:37:21 - [TEST_STEP][PASSED] - markPassed("scenario 1 - Masuk menu other document"): scenario 1 - Masuk menu other document

2022-03-28 12:37:21 - [MESSAGE][PASSED] - scenario 1 - Masuk menu other document

2022-03-28 12:37:21 - [TEST_STEP][PASSED] - delay(1): Delayed 1 second(s)

2022-03-28 12:37:22 - [MESSAGE][PASSED] - Delayed 1 second(s)]]></system-out>
         <system-err><![CDATA[]]></system-err>
      </testcase>
      <testcase name="Test Cases/Sprint 4/Skenario 2/02-03-01-Transaction-AppPending-InputData-Information" time="64.025" classname="Test Cases/Sprint 4/Skenario 2/02-03-01-Transaction-AppPending-InputData-Information" status="PASSED">
         <system-out><![CDATA[2022-03-28 12:37:22 - [TEST_CASE][PASSED] - Test Cases/Sprint 4/Skenario 2/02-03-01-Transaction-AppPending-InputData-Information: Test Cases/Sprint 4/Skenario 2/02-03-01-Transaction-AppPending-InputData-Information

2022-03-28 12:37:23 - [TEST_STEP][PASSED] - userDir = getProjectDir(): null

2022-03-28 12:37:23 - [TEST_STEP][PASSED] - delay(1): Delayed 1 second(s)

2022-03-28 12:37:24 - [MESSAGE][PASSED] - Delayed 1 second(s)

2022-03-28 12:37:24 - [TEST_STEP][PASSED] - click(findTestObject("ME_AppPending/span_Collateral dan Loan")): Object: 'Object Repository/ME_AppPending/span_Collateral dan Loan' is clicked on

2022-03-28 12:37:24 - [MESSAGE][PASSED] - Object: 'Object Repository/ME_AppPending/span_Collateral dan Loan' is clicked on

2022-03-28 12:37:24 - [TEST_STEP][PASSED] - delay(1): Delayed 1 second(s)

2022-03-28 12:37:25 - [MESSAGE][PASSED] - Delayed 1 second(s)

2022-03-28 12:37:25 - [TEST_STEP][PASSED] - takeFullPageScreenshotAsCheckpoint(userDir + sprint4WebScreenshootPath + "scenario-1-masuk-menu-collateral-dan-loan.png"): Taking screenshot successfully

2022-03-28 12:37:26 - [MESSAGE][INFO] - 0 hidden object(s)

2022-03-28 12:37:26 - [MESSAGE][PASSED] - Taking screenshot successfully
[[ATTACHMENT|C:\Users\elanf\git\BCAF_MEAPP_i3\Screenshoot\Sprint4\Web\keyes\keyes-scenario-1-masuk-menu-collateral-dan-loan.png]]

2022-03-28 12:37:26 - [TEST_STEP][PASSED] - markPassed("scenario 1 - Masuk menu collateral dan loan"): scenario 1 - Masuk menu collateral dan loan

2022-03-28 12:37:26 - [MESSAGE][PASSED] - scenario 1 - Masuk menu collateral dan loan

2022-03-28 12:37:26 - [TEST_STEP][PASSED] - delay(1): Delayed 1 second(s)

2022-03-28 12:37:27 - [MESSAGE][PASSED] - Delayed 1 second(s)

2022-03-28 12:37:27 - [TEST_STEP][PASSED] - click(findTestObject("ME_CollateralandLoan_information/li_Information")): Object: 'Object Repository/ME_CollateralandLoan_information/li_Information' is clicked on

2022-03-28 12:37:27 - [MESSAGE][PASSED] - Object: 'Object Repository/ME_CollateralandLoan_information/li_Information' is clicked on

2022-03-28 12:37:27 - [TEST_STEP][PASSED] - delay(1): Delayed 1 second(s)

2022-03-28 12:37:28 - [MESSAGE][PASSED] - Delayed 1 second(s)

2022-03-28 12:37:28 - [TEST_STEP][PASSED] - click(findTestObject("ME_CollateralandLoan_information/input_jenispengajuan1"), OPTIONAL): Object: 'Object Repository/ME_CollateralandLoan_information/input_jenispengajuan1' is clicked on

2022-03-28 12:37:29 - [MESSAGE][PASSED] - Object: 'Object Repository/ME_CollateralandLoan_information/input_jenispengajuan1' is clicked on

2022-03-28 12:37:29 - [TEST_STEP][PASSED] - delay(1): Delayed 1 second(s)

2022-03-28 12:37:30 - [MESSAGE][PASSED] - Delayed 1 second(s)

2022-03-28 12:37:30 - [TEST_STEP][PASSED] - setText(findTestObject("ME_CollateralandLoan_information/input_jenispengajuan1"), information_jenisPengajuan, OPTIONAL): Text 'mobil bekas' is set on object 'Object Repository/ME_CollateralandLoan_information/input_jenispengajuan1'

2022-03-28 12:37:31 - [MESSAGE][PASSED] - Text 'mobil bekas' is set on object 'Object Repository/ME_CollateralandLoan_information/input_jenispengajuan1'

2022-03-28 12:37:31 - [TEST_STEP][PASSED] - delay(1): Delayed 1 second(s)

2022-03-28 12:37:32 - [MESSAGE][PASSED] - Delayed 1 second(s)

2022-03-28 12:37:32 - [TEST_STEP][PASSED] - takeFullPageScreenshotAsCheckpoint(userDir + sprint4WebScreenshootPath + "scenario-1-input-jenis-pengajuan.png"): Taking screenshot successfully

2022-03-28 12:37:32 - [MESSAGE][INFO] - 0 hidden object(s)

2022-03-28 12:37:32 - [MESSAGE][PASSED] - Taking screenshot successfully
[[ATTACHMENT|C:\Users\elanf\git\BCAF_MEAPP_i3\Screenshoot\Sprint4\Web\keyes\keyes-scenario-1-input-jenis-pengajuan.png]]

2022-03-28 12:37:32 - [TEST_STEP][PASSED] - markPassed("scenario 1 - Input Jenis Pengajuan"): scenario 1 - Input Jenis Pengajuan

2022-03-28 12:37:32 - [MESSAGE][PASSED] - scenario 1 - Input Jenis Pengajuan

2022-03-28 12:37:32 - [TEST_STEP][PASSED] - delay(1): Delayed 1 second(s)

2022-03-28 12:37:33 - [MESSAGE][PASSED] - Delayed 1 second(s)

2022-03-28 12:37:33 - [TEST_STEP][PASSED] - click(findTestObject("ME_CollateralandLoan_information/div_Mobil Bekas")): Object: 'Object Repository/ME_CollateralandLoan_information/div_Mobil Bekas' is clicked on

2022-03-28 12:37:34 - [MESSAGE][PASSED] - Object: 'Object Repository/ME_CollateralandLoan_information/div_Mobil Bekas' is clicked on

2022-03-28 12:37:34 - [TEST_STEP][PASSED] - delay(1): Delayed 1 second(s)

2022-03-28 12:37:35 - [MESSAGE][PASSED] - Delayed 1 second(s)

2022-03-28 12:37:35 - [TEST_STEP][PASSED] - click(findTestObject("ME_CollateralandLoan_information/input_tujuankredit"), OPTIONAL): Object: 'Object Repository/ME_CollateralandLoan_information/input_tujuankredit' is clicked on

2022-03-28 12:37:35 - [MESSAGE][PASSED] - Object: 'Object Repository/ME_CollateralandLoan_information/input_tujuankredit' is clicked on

2022-03-28 12:37:35 - [TEST_STEP][PASSED] - delay(1): Delayed 1 second(s)

2022-03-28 12:37:36 - [MESSAGE][PASSED] - Delayed 1 second(s)

2022-03-28 12:37:36 - [TEST_STEP][PASSED] - setText(findTestObject("ME_CollateralandLoan_information/input_tujuankredit"), information_tujuanKredit, OPTIONAL): Text 'pembelian aset' is set on object 'Object Repository/ME_CollateralandLoan_information/input_tujuankredit'

2022-03-28 12:37:37 - [MESSAGE][PASSED] - Text 'pembelian aset' is set on object 'Object Repository/ME_CollateralandLoan_information/input_tujuankredit'

2022-03-28 12:37:37 - [TEST_STEP][PASSED] - delay(1): Delayed 1 second(s)

2022-03-28 12:37:38 - [MESSAGE][PASSED] - Delayed 1 second(s)

2022-03-28 12:37:38 - [TEST_STEP][PASSED] - takeFullPageScreenshotAsCheckpoint(userDir + sprint4WebScreenshootPath + "scenario-1-input-tujuan-pengajuan.png"): Taking screenshot successfully

2022-03-28 12:37:39 - [MESSAGE][INFO] - 0 hidden object(s)

2022-03-28 12:37:39 - [MESSAGE][PASSED] - Taking screenshot successfully
[[ATTACHMENT|C:\Users\elanf\git\BCAF_MEAPP_i3\Screenshoot\Sprint4\Web\keyes\keyes-scenario-1-input-tujuan-pengajuan.png]]

2022-03-28 12:37:39 - [TEST_STEP][PASSED] - markPassed("scenario 1 - Input Tujuan Pengajuan"): scenario 1 - Input Tujuan Pengajuan

2022-03-28 12:37:39 - [MESSAGE][PASSED] - scenario 1 - Input Tujuan Pengajuan

2022-03-28 12:37:39 - [TEST_STEP][PASSED] - delay(1): Delayed 1 second(s)

2022-03-28 12:37:40 - [MESSAGE][PASSED] - Delayed 1 second(s)

2022-03-28 12:37:40 - [TEST_STEP][PASSED] - click(findTestObject("ME_CollateralandLoan_information/div_Pembelian Aset")): Object: 'Object Repository/ME_CollateralandLoan_information/div_Pembelian Aset' is clicked on

2022-03-28 12:37:40 - [MESSAGE][PASSED] - Object: 'Object Repository/ME_CollateralandLoan_information/div_Pembelian Aset' is clicked on

2022-03-28 12:37:40 - [TEST_STEP][PASSED] - delay(1): Delayed 1 second(s)

2022-03-28 12:37:41 - [MESSAGE][PASSED] - Delayed 1 second(s)

2022-03-28 12:37:41 - [TEST_STEP][PASSED] - click(findTestObject("ME_CollateralandLoan_information/button_Payment")): Object: 'Object Repository/ME_CollateralandLoan_information/button_Payment' is clicked on

2022-03-28 12:37:42 - [MESSAGE][PASSED] - Object: 'Object Repository/ME_CollateralandLoan_information/button_Payment' is clicked on

2022-03-28 12:37:42 - [TEST_STEP][PASSED] - delay(1): Delayed 1 second(s)

2022-03-28 12:37:43 - [MESSAGE][PASSED] - Delayed 1 second(s)

2022-03-28 12:37:43 - [TEST_STEP][PASSED] - click(findTestObject("ME_CollateralandLoan_information/input_autodebet")): Object: 'Object Repository/ME_CollateralandLoan_information/input_autodebet' is clicked on

2022-03-28 12:37:43 - [MESSAGE][PASSED] - Object: 'Object Repository/ME_CollateralandLoan_information/input_autodebet' is clicked on

2022-03-28 12:37:43 - [TEST_STEP][PASSED] - delay(1): Delayed 1 second(s)

2022-03-28 12:37:44 - [MESSAGE][PASSED] - Delayed 1 second(s)

2022-03-28 12:37:44 - [TEST_STEP][PASSED] - takeFullPageScreenshotAsCheckpoint(userDir + sprint4WebScreenshootPath + "scenario-1-input-payment.png"): Taking screenshot successfully

2022-03-28 12:37:45 - [MESSAGE][INFO] - 0 hidden object(s)

2022-03-28 12:37:45 - [MESSAGE][PASSED] - Taking screenshot successfully
[[ATTACHMENT|C:\Users\elanf\git\BCAF_MEAPP_i3\Screenshoot\Sprint4\Web\keyes\keyes-scenario-1-input-payment.png]]

2022-03-28 12:37:45 - [TEST_STEP][PASSED] - markPassed("scenario 1 - Input Payment"): scenario 1 - Input Payment

2022-03-28 12:37:45 - [MESSAGE][PASSED] - scenario 1 - Input Payment

2022-03-28 12:37:45 - [TEST_STEP][PASSED] - delay(1): Delayed 1 second(s)

2022-03-28 12:37:46 - [MESSAGE][PASSED] - Delayed 1 second(s)

2022-03-28 12:37:46 - [TEST_STEP][PASSED] - click(findTestObject("ME_CollateralandLoan_information/div_Auto Debet")): Object: 'Object Repository/ME_CollateralandLoan_information/div_Auto Debet' is clicked on

2022-03-28 12:37:46 - [MESSAGE][PASSED] - Object: 'Object Repository/ME_CollateralandLoan_information/div_Auto Debet' is clicked on

2022-03-28 12:37:46 - [TEST_STEP][PASSED] - delay(1): Delayed 1 second(s)

2022-03-28 12:37:47 - [MESSAGE][PASSED] - Delayed 1 second(s)

2022-03-28 12:37:47 - [TEST_STEP][PASSED] - setText(findTestObject("ME_CollateralandLoan_information/input_Account No. 10 Digit_text-input-account-no"), information_accountNum): Text '11111111111' is set on object 'Object Repository/ME_CollateralandLoan_information/input_Account No. 10 Digit_text-input-account-no'

2022-03-28 12:37:48 - [MESSAGE][PASSED] - Text '11111111111' is set on object 'Object Repository/ME_CollateralandLoan_information/input_Account No. 10 Digit_text-input-account-no'

2022-03-28 12:37:48 - [TEST_STEP][PASSED] - delay(1): Delayed 1 second(s)

2022-03-28 12:37:49 - [MESSAGE][PASSED] - Delayed 1 second(s)

2022-03-28 12:37:49 - [TEST_STEP][PASSED] - click(findTestObject("ME_CollateralandLoan_information/input_Account No. 10 Digit_inline-checkbox-autodebetNoRek"), OPTIONAL): Object: 'Object Repository/ME_CollateralandLoan_information/input_Account No. 10 Digit_inline-checkbox-autodebetNoRek' is clicked on

2022-03-28 12:37:50 - [MESSAGE][PASSED] - Object: 'Object Repository/ME_CollateralandLoan_information/input_Account No. 10 Digit_inline-checkbox-autodebetNoRek' is clicked on

2022-03-28 12:37:50 - [TEST_STEP][PASSED] - click(findTestObject("ME_CollateralandLoan_information/Capture_rekeningautodebet")): Object: 'Object Repository/ME_CollateralandLoan_information/Capture_rekeningautodebet' is clicked on

2022-03-28 12:37:50 - [MESSAGE][PASSED] - Object: 'Object Repository/ME_CollateralandLoan_information/Capture_rekeningautodebet' is clicked on

2022-03-28 12:37:50 - [TEST_STEP][PASSED] - delay(1): Delayed 1 second(s)

2022-03-28 12:37:51 - [MESSAGE][PASSED] - Delayed 1 second(s)

2022-03-28 12:37:51 - [TEST_STEP][PASSED] - uploadFile(findTestObject("MEApp_AppBaru_InisiasiKonsumen/Capture_"), userDir + pathfinder_npwp): File 'C:/Users/elanf/git/BCAF_MEAPP_i3/Assets/npwp-dummy.jpg' sent to object: 'Object Repository/MEApp_AppBaru_InisiasiKonsumen/Capture_'

2022-03-28 12:37:52 - [MESSAGE][PASSED] - File 'C:/Users/elanf/git/BCAF_MEAPP_i3/Assets/npwp-dummy.jpg' sent to object: 'Object Repository/MEApp_AppBaru_InisiasiKonsumen/Capture_'

2022-03-28 12:37:52 - [TEST_STEP][PASSED] - setText(findTestObject("ME_CollateralandLoan_information/input_Account No. 10 Digit_noRekening"), information_accountNum2): Text '11111111111' is set on object 'Object Repository/ME_CollateralandLoan_information/input_Account No. 10 Digit_noRekening'

2022-03-28 12:37:53 - [MESSAGE][PASSED] - Text '11111111111' is set on object 'Object Repository/ME_CollateralandLoan_information/input_Account No. 10 Digit_noRekening'

2022-03-28 12:37:53 - [TEST_STEP][PASSED] - delay(1): Delayed 1 second(s)

2022-03-28 12:37:54 - [MESSAGE][PASSED] - Delayed 1 second(s)

2022-03-28 12:37:54 - [TEST_STEP][PASSED] - setText(findTestObject("ME_CollateralandLoan_information/input_Cabang BCA_cabangBca"), information_cabang): Text 'jakarta selatan' is set on object 'Object Repository/ME_CollateralandLoan_information/input_Cabang BCA_cabangBca'

2022-03-28 12:37:55 - [MESSAGE][PASSED] - Text 'jakarta selatan' is set on object 'Object Repository/ME_CollateralandLoan_information/input_Cabang BCA_cabangBca'

2022-03-28 12:37:55 - [TEST_STEP][PASSED] - delay(1): Delayed 1 second(s)

2022-03-28 12:37:56 - [MESSAGE][PASSED] - Delayed 1 second(s)

2022-03-28 12:37:56 - [TEST_STEP][PASSED] - setText(findTestObject("ME_CollateralandLoan_information/input_Nama Pemilik Rekening_form-control ng-untouched ng-pristine ng-invalid"), information_namaPemilikRek): Text 'afgan' is set on object 'Object Repository/ME_CollateralandLoan_information/input_Nama Pemilik Rekening_form-control ng-untouched ng-pristine ng-invalid'

2022-03-28 12:37:57 - [MESSAGE][PASSED] - Text 'afgan' is set on object 'Object Repository/ME_CollateralandLoan_information/input_Nama Pemilik Rekening_form-control ng-untouched ng-pristine ng-invalid'

2022-03-28 12:37:57 - [TEST_STEP][PASSED] - delay(1): Delayed 1 second(s)

2022-03-28 12:37:58 - [MESSAGE][PASSED] - Delayed 1 second(s)

2022-03-28 12:37:58 - [TEST_STEP][PASSED] - setText(findTestObject("ME_CollateralandLoan_information/input_No KTP_form-control ng-untouched ng-pristine ng-invalid"), information_noKTP): Text '22222222222222' is set on object 'Object Repository/ME_CollateralandLoan_information/input_No KTP_form-control ng-untouched ng-pristine ng-invalid'

2022-03-28 12:37:59 - [MESSAGE][PASSED] - Text '22222222222222' is set on object 'Object Repository/ME_CollateralandLoan_information/input_No KTP_form-control ng-untouched ng-pristine ng-invalid'

2022-03-28 12:37:59 - [TEST_STEP][PASSED] - delay(1): Delayed 1 second(s)

2022-03-28 12:38:00 - [MESSAGE][PASSED] - Delayed 1 second(s)

2022-03-28 12:38:00 - [TEST_STEP][PASSED] - takeFullPageScreenshotAsCheckpoint(userDir + sprint4WebScreenshootPath + "scenario-1-input-data-autodebit.png"): Taking screenshot successfully

2022-03-28 12:38:00 - [MESSAGE][INFO] - 0 hidden object(s)

2022-03-28 12:38:01 - [MESSAGE][PASSED] - Taking screenshot successfully
[[ATTACHMENT|C:\Users\elanf\git\BCAF_MEAPP_i3\Screenshoot\Sprint4\Web\keyes\keyes-scenario-1-input-data-autodebit.png]]

2022-03-28 12:38:01 - [TEST_STEP][PASSED] - markPassed("scenario 1 - Input data autodebit"): scenario 1 - Input data autodebit

2022-03-28 12:38:01 - [MESSAGE][PASSED] - scenario 1 - Input data autodebit

2022-03-28 12:38:01 - [TEST_STEP][PASSED] - delay(1): Delayed 1 second(s)

2022-03-28 12:38:02 - [MESSAGE][PASSED] - Delayed 1 second(s)

2022-03-28 12:38:02 - [TEST_STEP][PASSED] - click(findTestObject("ME_CollateralandLoan_information/button_Mutasi Rekening")): Object: 'Object Repository/ME_CollateralandLoan_information/button_Mutasi Rekening' is clicked on

2022-03-28 12:38:02 - [MESSAGE][PASSED] - Object: 'Object Repository/ME_CollateralandLoan_information/button_Mutasi Rekening' is clicked on

2022-03-28 12:38:02 - [TEST_STEP][PASSED] - delay(1): Delayed 1 second(s)

2022-03-28 12:38:03 - [MESSAGE][PASSED] - Delayed 1 second(s)

2022-03-28 12:38:03 - [TEST_STEP][PASSED] - takeFullPageScreenshotAsCheckpoint(userDir + sprint4WebScreenshootPath + "scenario-1-masuk-submenu-input-mutasi-rekening.png"): Taking screenshot successfully

2022-03-28 12:38:04 - [MESSAGE][INFO] - 0 hidden object(s)

2022-03-28 12:38:04 - [MESSAGE][PASSED] - Taking screenshot successfully
[[ATTACHMENT|C:\Users\elanf\git\BCAF_MEAPP_i3\Screenshoot\Sprint4\Web\keyes\keyes-scenario-1-masuk-submenu-input-mutasi-rekening.png]]

2022-03-28 12:38:04 - [TEST_STEP][PASSED] - markPassed("scenario 1 - Masuk submenu input mutasi rekening"): scenario 1 - Masuk submenu input mutasi rekening

2022-03-28 12:38:04 - [MESSAGE][PASSED] - scenario 1 - Masuk submenu input mutasi rekening

2022-03-28 12:38:04 - [TEST_STEP][PASSED] - delay(1): Delayed 1 second(s)

2022-03-28 12:38:05 - [MESSAGE][PASSED] - Delayed 1 second(s)

2022-03-28 12:38:05 - [TEST_STEP][PASSED] - click(findTestObject("ME_CollateralandLoan_information/button_Add Mutasi Rekening")): Object: 'Object Repository/ME_CollateralandLoan_information/button_Add Mutasi Rekening' is clicked on

2022-03-28 12:38:06 - [MESSAGE][PASSED] - Object: 'Object Repository/ME_CollateralandLoan_information/button_Add Mutasi Rekening' is clicked on

2022-03-28 12:38:06 - [TEST_STEP][PASSED] - delay(1): Delayed 1 second(s)

2022-03-28 12:38:07 - [MESSAGE][PASSED] - Delayed 1 second(s)

2022-03-28 12:38:07 - [TEST_STEP][PASSED] - takeFullPageScreenshotAsCheckpoint(userDir + sprint4WebScreenshootPath + "scenario-1-sebelum-input-data-mutasi-rekening.png"): Taking screenshot successfully

2022-03-28 12:38:07 - [MESSAGE][INFO] - 0 hidden object(s)

2022-03-28 12:38:08 - [MESSAGE][PASSED] - Taking screenshot successfully
[[ATTACHMENT|C:\Users\elanf\git\BCAF_MEAPP_i3\Screenshoot\Sprint4\Web\keyes\keyes-scenario-1-sebelum-input-data-mutasi-rekening.png]]

2022-03-28 12:38:08 - [TEST_STEP][PASSED] - markPassed("scenario 1 - sebelum input data mutasi rekening"): scenario 1 - sebelum input data mutasi rekening

2022-03-28 12:38:08 - [MESSAGE][PASSED] - scenario 1 - sebelum input data mutasi rekening

2022-03-28 12:38:08 - [TEST_STEP][PASSED] - delay(1): Delayed 1 second(s)

2022-03-28 12:38:09 - [MESSAGE][PASSED] - Delayed 1 second(s)

2022-03-28 12:38:09 - [TEST_STEP][PASSED] - click(findTestObject("ME_CollateralandLoan_information/a_Capture File_mutasirek")): Object: 'Object Repository/ME_CollateralandLoan_information/a_Capture File_mutasirek' is clicked on

2022-03-28 12:38:09 - [MESSAGE][PASSED] - Object: 'Object Repository/ME_CollateralandLoan_information/a_Capture File_mutasirek' is clicked on

2022-03-28 12:38:09 - [TEST_STEP][PASSED] - delay(1): Delayed 1 second(s)

2022-03-28 12:38:10 - [MESSAGE][PASSED] - Delayed 1 second(s)

2022-03-28 12:38:10 - [TEST_STEP][PASSED] - uploadFile(findTestObject("MEApp_AppBaru_InisiasiKonsumen/Capture_"), userDir + pathfinder_npwp): File 'C:/Users/elanf/git/BCAF_MEAPP_i3/Assets/npwp-dummy.jpg' sent to object: 'Object Repository/MEApp_AppBaru_InisiasiKonsumen/Capture_'

2022-03-28 12:38:10 - [MESSAGE][PASSED] - File 'C:/Users/elanf/git/BCAF_MEAPP_i3/Assets/npwp-dummy.jpg' sent to object: 'Object Repository/MEApp_AppBaru_InisiasiKonsumen/Capture_'

2022-03-28 12:38:10 - [TEST_STEP][PASSED] - delay(1): Delayed 1 second(s)

2022-03-28 12:38:11 - [MESSAGE][PASSED] - Delayed 1 second(s)

2022-03-28 12:38:11 - [TEST_STEP][PASSED] - setText(findTestObject("ME_CollateralandLoan_information/input_Mutasi Debit_form-control text-right ng-untouched ng-pristine ng-valid"), information_mutasiDebit): Text '10000000' is set on object 'Object Repository/ME_CollateralandLoan_information/input_Mutasi Debit_form-control text-right ng-untouched ng-pristine ng-valid'

2022-03-28 12:38:12 - [MESSAGE][PASSED] - Text '10000000' is set on object 'Object Repository/ME_CollateralandLoan_information/input_Mutasi Debit_form-control text-right ng-untouched ng-pristine ng-valid'

2022-03-28 12:38:12 - [TEST_STEP][PASSED] - delay(1): Delayed 1 second(s)

2022-03-28 12:38:13 - [MESSAGE][PASSED] - Delayed 1 second(s)

2022-03-28 12:38:13 - [TEST_STEP][PASSED] - setText(findTestObject("ME_CollateralandLoan_information/input_Mutasi Kredit_form-control text-right ng-untouched ng-pristine ng-valid"), information_mutasiKredit): Text '10000000' is set on object 'Object Repository/ME_CollateralandLoan_information/input_Mutasi Kredit_form-control text-right ng-untouched ng-pristine ng-valid'

2022-03-28 12:38:14 - [MESSAGE][PASSED] - Text '10000000' is set on object 'Object Repository/ME_CollateralandLoan_information/input_Mutasi Kredit_form-control text-right ng-untouched ng-pristine ng-valid'

2022-03-28 12:38:14 - [TEST_STEP][PASSED] - delay(1): Delayed 1 second(s)

2022-03-28 12:38:15 - [MESSAGE][PASSED] - Delayed 1 second(s)

2022-03-28 12:38:15 - [TEST_STEP][PASSED] - setText(findTestObject("ME_CollateralandLoan_information/input_Mutasi Saldo_form-control text-right ng-untouched ng-pristine ng-valid"), information_mutasiSaldo): Text '10000000' is set on object 'Object Repository/ME_CollateralandLoan_information/input_Mutasi Saldo_form-control text-right ng-untouched ng-pristine ng-valid'

2022-03-28 12:38:16 - [MESSAGE][PASSED] - Text '10000000' is set on object 'Object Repository/ME_CollateralandLoan_information/input_Mutasi Saldo_form-control text-right ng-untouched ng-pristine ng-valid'

2022-03-28 12:38:16 - [TEST_STEP][PASSED] - delay(1): Delayed 1 second(s)

2022-03-28 12:38:17 - [MESSAGE][PASSED] - Delayed 1 second(s)

2022-03-28 12:38:17 - [TEST_STEP][PASSED] - takeFullPageScreenshotAsCheckpoint(userDir + sprint4WebScreenshootPath + "scenario-1-input-data-mutasi-rekening.png"): Taking screenshot successfully

2022-03-28 12:38:17 - [MESSAGE][INFO] - 0 hidden object(s)

2022-03-28 12:38:18 - [MESSAGE][PASSED] - Taking screenshot successfully
[[ATTACHMENT|C:\Users\elanf\git\BCAF_MEAPP_i3\Screenshoot\Sprint4\Web\keyes\keyes-scenario-1-input-data-mutasi-rekening.png]]

2022-03-28 12:38:18 - [TEST_STEP][PASSED] - markPassed("scenario 1 - input data mutasi rekening"): scenario 1 - input data mutasi rekening

2022-03-28 12:38:18 - [MESSAGE][PASSED] - scenario 1 - input data mutasi rekening

2022-03-28 12:38:18 - [TEST_STEP][PASSED] - delay(1): Delayed 1 second(s)

2022-03-28 12:38:19 - [MESSAGE][PASSED] - Delayed 1 second(s)

2022-03-28 12:38:19 - [TEST_STEP][PASSED] - click(findTestObject("ME_CollateralandLoan_information/button_Add"), OPTIONAL): Object: 'Object Repository/ME_CollateralandLoan_information/button_Add' is clicked on

2022-03-28 12:38:19 - [MESSAGE][PASSED] - Object: 'Object Repository/ME_CollateralandLoan_information/button_Add' is clicked on

2022-03-28 12:38:19 - [TEST_STEP][PASSED] - delay(1): Delayed 1 second(s)

2022-03-28 12:38:20 - [MESSAGE][PASSED] - Delayed 1 second(s)

2022-03-28 12:38:20 - [TEST_STEP][PASSED] - click(findTestObject("ME_CollateralandLoan_information/button_View Detail_btn btn-edit ng-star-inserted"), OPTIONAL): Object: 'Object Repository/ME_CollateralandLoan_information/button_View Detail_btn btn-edit ng-star-inserted' is clicked on

2022-03-28 12:38:21 - [MESSAGE][PASSED] - Object: 'Object Repository/ME_CollateralandLoan_information/button_View Detail_btn btn-edit ng-star-inserted' is clicked on

2022-03-28 12:38:21 - [TEST_STEP][PASSED] - delay(1): Delayed 1 second(s)

2022-03-28 12:38:22 - [MESSAGE][PASSED] - Delayed 1 second(s)

2022-03-28 12:38:22 - [TEST_STEP][PASSED] - click(findTestObject("ME_CollateralandLoan_information/button_Save"), OPTIONAL): Object: 'Object Repository/ME_CollateralandLoan_information/button_Save' is clicked on

2022-03-28 12:38:22 - [MESSAGE][PASSED] - Object: 'Object Repository/ME_CollateralandLoan_information/button_Save' is clicked on

2022-03-28 12:38:22 - [TEST_STEP][PASSED] - delay(1): Delayed 1 second(s)

2022-03-28 12:38:23 - [MESSAGE][PASSED] - Delayed 1 second(s)

2022-03-28 12:38:23 - [TEST_STEP][PASSED] - click(findTestObject("ME_CollateralandLoan_information/a_View Detail_mutasirekening"), OPTIONAL): Object: 'Object Repository/ME_CollateralandLoan_information/a_View Detail_mutasirekening' is clicked on

2022-03-28 12:38:23 - [MESSAGE][PASSED] - Object: 'Object Repository/ME_CollateralandLoan_information/a_View Detail_mutasirekening' is clicked on

2022-03-28 12:38:23 - [TEST_STEP][PASSED] - delay(1): Delayed 1 second(s)

2022-03-28 12:38:25 - [MESSAGE][PASSED] - Delayed 1 second(s)

2022-03-28 12:38:25 - [TEST_STEP][PASSED] - takeFullPageScreenshotAsCheckpoint(userDir + sprint4WebScreenshootPath + "scenario-1-berhasil-mengisi-data-information.png"): Taking screenshot successfully

2022-03-28 12:38:25 - [MESSAGE][INFO] - 0 hidden object(s)

2022-03-28 12:38:26 - [MESSAGE][PASSED] - Taking screenshot successfully
[[ATTACHMENT|C:\Users\elanf\git\BCAF_MEAPP_i3\Screenshoot\Sprint4\Web\keyes\keyes-scenario-1-berhasil-mengisi-data-information.png]]

2022-03-28 12:38:26 - [TEST_STEP][PASSED] - markPassed("scenario 1 - Berhasil mengisi data information"): scenario 1 - Berhasil mengisi data information

2022-03-28 12:38:26 - [MESSAGE][PASSED] - scenario 1 - Berhasil mengisi data information

2022-03-28 12:38:26 - [TEST_STEP][PASSED] - delay(1): Delayed 1 second(s)

2022-03-28 12:38:27 - [MESSAGE][PASSED] - Delayed 1 second(s)]]></system-out>
         <system-err><![CDATA[]]></system-err>
      </testcase>
      <testcase name="Test Cases/Sprint 4/Skenario 2/02-03-02-Transaction-AppPending-InputData-Vehicle" time="234.718" classname="Test Cases/Sprint 4/Skenario 2/02-03-02-Transaction-AppPending-InputData-Vehicle" status="PASSED">
         <system-out><![CDATA[2022-03-28 12:38:27 - [TEST_CASE][PASSED] - Test Cases/Sprint 4/Skenario 2/02-03-02-Transaction-AppPending-InputData-Vehicle: Test Cases/Sprint 4/Skenario 2/02-03-02-Transaction-AppPending-InputData-Vehicle

2022-03-28 12:38:27 - [TEST_STEP][PASSED] - userDir = getProjectDir(): null

2022-03-28 12:38:27 - [TEST_STEP][PASSED] - delay(1): Delayed 1 second(s)

2022-03-28 12:38:28 - [MESSAGE][PASSED] - Delayed 1 second(s)

2022-03-28 12:38:28 - [TEST_STEP][PASSED] - scrollToPosition(0, 130): Browser is scrolled to position x = 0, y = 130

2022-03-28 12:38:28 - [MESSAGE][PASSED] - Browser is scrolled to position x = 0, y = 130

2022-03-28 12:38:28 - [TEST_STEP][PASSED] - takeFullPageScreenshotAsCheckpoint(userDir + sprint4WebScreenshootPath + "scenario-1-masuk-halaman-collateral-loan-vehicle.png"): Taking screenshot successfully

2022-03-28 12:38:29 - [MESSAGE][INFO] - 0 hidden object(s)

2022-03-28 12:38:29 - [MESSAGE][PASSED] - Taking screenshot successfully
[[ATTACHMENT|C:\Users\elanf\git\BCAF_MEAPP_i3\Screenshoot\Sprint4\Web\keyes\keyes-scenario-1-masuk-halaman-collateral-loan-vehicle.png]]

2022-03-28 12:38:29 - [TEST_STEP][PASSED] - markPassed("scenario 1 - Masuk halaman collateral loan vehicle"): scenario 1 - Masuk halaman collateral loan vehicle

2022-03-28 12:38:29 - [MESSAGE][PASSED] - scenario 1 - Masuk halaman collateral loan vehicle

2022-03-28 12:38:29 - [TEST_STEP][PASSED] - delay(1): Delayed 1 second(s)

2022-03-28 12:38:30 - [MESSAGE][PASSED] - Delayed 1 second(s)

2022-03-28 12:38:30 - [TEST_STEP][PASSED] - click(findTestObject("ME_CollateralAndLoan_Vehicle/li_Vehicle")): Object: 'Object Repository/ME_CollateralAndLoan_Vehicle/li_Vehicle' is clicked on

2022-03-28 12:38:31 - [MESSAGE][PASSED] - Object: 'Object Repository/ME_CollateralAndLoan_Vehicle/li_Vehicle' is clicked on

2022-03-28 12:38:31 - [TEST_STEP][PASSED] - delay(1): Delayed 1 second(s)

2022-03-28 12:38:32 - [MESSAGE][PASSED] - Delayed 1 second(s)

2022-03-28 12:38:32 - [TEST_STEP][PASSED] - waitForElementPresent(findTestObject("ME_CollateralAndLoan_Vehicle/input_dealername_ketiga"), 0): Object 'Object Repository/ME_CollateralAndLoan_Vehicle/input_dealername_ketiga' is present

2022-03-28 12:38:32 - [MESSAGE][WARNING] - Timeout '0' is invalid. Using default page load timeout: '30'

2022-03-28 12:38:32 - [MESSAGE][PASSED] - Object 'Object Repository/ME_CollateralAndLoan_Vehicle/input_dealername_ketiga' is present

2022-03-28 12:38:32 - [TEST_STEP][PASSED] - click(findTestObject("ME_CollateralAndLoan_Vehicle/input_dealername_ketiga"), OPTIONAL): Object: 'Object Repository/ME_CollateralAndLoan_Vehicle/input_dealername_ketiga' is clicked on

2022-03-28 12:38:32 - [MESSAGE][PASSED] - Object: 'Object Repository/ME_CollateralAndLoan_Vehicle/input_dealername_ketiga' is clicked on

2022-03-28 12:38:32 - [TEST_STEP][PASSED] - delay(1): Delayed 1 second(s)

2022-03-28 12:38:33 - [MESSAGE][PASSED] - Delayed 1 second(s)

2022-03-28 12:38:33 - [TEST_STEP][PASSED] - setText(findTestObject("ME_CollateralAndLoan_Vehicle/input_dealername_ketiga"), "Akita Prima Mobilindo, PT", OPTIONAL): Text 'Akita Prima Mobilindo, PT' is set on object 'Object Repository/ME_CollateralAndLoan_Vehicle/input_dealername_ketiga'

2022-03-28 12:38:34 - [MESSAGE][PASSED] - Text 'Akita Prima Mobilindo, PT' is set on object 'Object Repository/ME_CollateralAndLoan_Vehicle/input_dealername_ketiga'

2022-03-28 12:38:34 - [TEST_STEP][PASSED] - delay(1): Delayed 1 second(s)

2022-03-28 12:38:36 - [MESSAGE][PASSED] - Delayed 1 second(s)

2022-03-28 12:38:36 - [TEST_STEP][PASSED] - click(findTestObject("ME_CollateralAndLoan_Vehicle/span_Akita Prima Mobilindo, PT")): Object: 'Object Repository/ME_CollateralAndLoan_Vehicle/span_Akita Prima Mobilindo, PT' is clicked on

2022-03-28 12:38:36 - [MESSAGE][PASSED] - Object: 'Object Repository/ME_CollateralAndLoan_Vehicle/span_Akita Prima Mobilindo, PT' is clicked on

2022-03-28 12:38:36 - [TEST_STEP][PASSED] - delay(1): Delayed 1 second(s)

2022-03-28 12:38:37 - [MESSAGE][PASSED] - Delayed 1 second(s)

2022-03-28 12:38:37 - [TEST_STEP][PASSED] - waitForElementPresent(findTestObject("ME_CollateralAndLoan_Vehicle/input_branch_ketiga"), 0): Object 'Object Repository/ME_CollateralAndLoan_Vehicle/input_branch_ketiga' is present

2022-03-28 12:38:37 - [MESSAGE][WARNING] - Timeout '0' is invalid. Using default page load timeout: '30'

2022-03-28 12:38:37 - [MESSAGE][PASSED] - Object 'Object Repository/ME_CollateralAndLoan_Vehicle/input_branch_ketiga' is present

2022-03-28 12:38:37 - [TEST_STEP][PASSED] - click(findTestObject("ME_CollateralAndLoan_Vehicle/input_branch_ketiga")): Object: 'Object Repository/ME_CollateralAndLoan_Vehicle/input_branch_ketiga' is clicked on

2022-03-28 12:38:38 - [MESSAGE][PASSED] - Object: 'Object Repository/ME_CollateralAndLoan_Vehicle/input_branch_ketiga' is clicked on

2022-03-28 12:38:38 - [TEST_STEP][PASSED] - delay(1): Delayed 1 second(s)

2022-03-28 12:38:39 - [MESSAGE][PASSED] - Delayed 1 second(s)

2022-03-28 12:38:39 - [TEST_STEP][PASSED] - setText(findTestObject("ME_CollateralAndLoan_Vehicle/input_branch_ketiga"), "Akita Prima Mobilindo - Pondok Cabe"): Text 'Akita Prima Mobilindo - Pondok Cabe' is set on object 'Object Repository/ME_CollateralAndLoan_Vehicle/input_branch_ketiga'

2022-03-28 12:38:40 - [MESSAGE][PASSED] - Text 'Akita Prima Mobilindo - Pondok Cabe' is set on object 'Object Repository/ME_CollateralAndLoan_Vehicle/input_branch_ketiga'

2022-03-28 12:38:40 - [TEST_STEP][PASSED] - delay(1): Delayed 1 second(s)

2022-03-28 12:38:41 - [MESSAGE][PASSED] - Delayed 1 second(s)

2022-03-28 12:38:41 - [TEST_STEP][PASSED] - waitForElementPresent(findTestObject("ME_CollateralAndLoan_Vehicle/span_A1617 - Akita Prima Mobilindo - Pondok Cabe"), 0): Object 'Object Repository/ME_CollateralAndLoan_Vehicle/span_A1617 - Akita Prima Mobilindo - Pondok Cabe' is present

2022-03-28 12:38:41 - [MESSAGE][WARNING] - Timeout '0' is invalid. Using default page load timeout: '30'

2022-03-28 12:38:41 - [MESSAGE][PASSED] - Object 'Object Repository/ME_CollateralAndLoan_Vehicle/span_A1617 - Akita Prima Mobilindo - Pondok Cabe' is present

2022-03-28 12:38:41 - [TEST_STEP][PASSED] - click(findTestObject("ME_CollateralAndLoan_Vehicle/span_A1617 - Akita Prima Mobilindo - Pondok Cabe")): Object: 'Object Repository/ME_CollateralAndLoan_Vehicle/span_A1617 - Akita Prima Mobilindo - Pondok Cabe' is clicked on

2022-03-28 12:38:42 - [MESSAGE][PASSED] - Object: 'Object Repository/ME_CollateralAndLoan_Vehicle/span_A1617 - Akita Prima Mobilindo - Pondok Cabe' is clicked on

2022-03-28 12:38:42 - [TEST_STEP][PASSED] - delay(1): Delayed 1 second(s)

2022-03-28 12:38:43 - [MESSAGE][PASSED] - Delayed 1 second(s)

2022-03-28 12:38:43 - [TEST_STEP][PASSED] - verifyElementPresent(findTestObject("ME_CollateralAndLoan_Vehicle/input_Address_address"), 0): Object 'Object Repository/ME_CollateralAndLoan_Vehicle/input_Address_address' is present

2022-03-28 12:38:43 - [MESSAGE][WARNING] - Timeout '0' is invalid. Using default page load timeout: '30'

2022-03-28 12:38:43 - [MESSAGE][PASSED] - Object 'Object Repository/ME_CollateralAndLoan_Vehicle/input_Address_address' is present

2022-03-28 12:38:43 - [TEST_STEP][PASSED] - delay(1): Delayed 1 second(s)

2022-03-28 12:38:44 - [MESSAGE][PASSED] - Delayed 1 second(s)

2022-03-28 12:38:44 - [TEST_STEP][PASSED] - verifyElementPresent(findTestObject("ME_CollateralAndLoan_Vehicle/input_City_city"), 0): Object 'Object Repository/ME_CollateralAndLoan_Vehicle/input_City_city' is present

2022-03-28 12:38:44 - [MESSAGE][WARNING] - Timeout '0' is invalid. Using default page load timeout: '30'

2022-03-28 12:38:44 - [MESSAGE][PASSED] - Object 'Object Repository/ME_CollateralAndLoan_Vehicle/input_City_city' is present

2022-03-28 12:38:44 - [TEST_STEP][PASSED] - delay(1): Delayed 1 second(s)

2022-03-28 12:38:45 - [MESSAGE][PASSED] - Delayed 1 second(s)

2022-03-28 12:38:45 - [TEST_STEP][PASSED] - verifyElementPresent(findTestObject("ME_CollateralAndLoan_Vehicle/input_Telephone_phone"), 0): Object 'Object Repository/ME_CollateralAndLoan_Vehicle/input_Telephone_phone' is present

2022-03-28 12:38:45 - [MESSAGE][WARNING] - Timeout '0' is invalid. Using default page load timeout: '30'

2022-03-28 12:38:46 - [MESSAGE][PASSED] - Object 'Object Repository/ME_CollateralAndLoan_Vehicle/input_Telephone_phone' is present

2022-03-28 12:38:46 - [TEST_STEP][PASSED] - delay(1): Delayed 1 second(s)

2022-03-28 12:38:47 - [MESSAGE][PASSED] - Delayed 1 second(s)

2022-03-28 12:38:47 - [TEST_STEP][PASSED] - verifyElementPresent(findTestObject("ME_CollateralAndLoan_Vehicle/input_Authorize Dealer_authorizedDealer"), 0): Object 'Object Repository/ME_CollateralAndLoan_Vehicle/input_Authorize Dealer_authorizedDealer' is present

2022-03-28 12:38:47 - [MESSAGE][WARNING] - Timeout '0' is invalid. Using default page load timeout: '30'

2022-03-28 12:38:47 - [MESSAGE][PASSED] - Object 'Object Repository/ME_CollateralAndLoan_Vehicle/input_Authorize Dealer_authorizedDealer' is present

2022-03-28 12:38:47 - [TEST_STEP][PASSED] - delay(1): Delayed 1 second(s)

2022-03-28 12:38:48 - [MESSAGE][PASSED] - Delayed 1 second(s)

2022-03-28 12:38:48 - [TEST_STEP][PASSED] - verifyElementPresent(findTestObject("ME_CollateralAndLoan_Vehicle/input_Fax_fax"), 0): Object 'Object Repository/ME_CollateralAndLoan_Vehicle/input_Fax_fax' is present

2022-03-28 12:38:48 - [MESSAGE][WARNING] - Timeout '0' is invalid. Using default page load timeout: '30'

2022-03-28 12:38:48 - [MESSAGE][PASSED] - Object 'Object Repository/ME_CollateralAndLoan_Vehicle/input_Fax_fax' is present

2022-03-28 12:38:48 - [TEST_STEP][PASSED] - delay(1): Delayed 1 second(s)

2022-03-28 12:38:49 - [MESSAGE][PASSED] - Delayed 1 second(s)

2022-03-28 12:38:49 - [TEST_STEP][PASSED] - verifyElementPresent(findTestObject("ME_CollateralAndLoan_Vehicle/td_1-nomorrekening"), 0): Object 'Object Repository/ME_CollateralAndLoan_Vehicle/td_1-nomorrekening' is present

2022-03-28 12:38:49 - [MESSAGE][WARNING] - Timeout '0' is invalid. Using default page load timeout: '30'

2022-03-28 12:38:50 - [MESSAGE][PASSED] - Object 'Object Repository/ME_CollateralAndLoan_Vehicle/td_1-nomorrekening' is present

2022-03-28 12:38:50 - [TEST_STEP][PASSED] - takeFullPageScreenshotAsCheckpoint(userDir + sprint4WebScreenshootPath + "scenario-1-masuk-halaman-collateral-loan-vehicle.png"): Taking screenshot successfully

2022-03-28 12:38:50 - [MESSAGE][INFO] - 0 hidden object(s)

2022-03-28 12:38:51 - [MESSAGE][PASSED] - Taking screenshot successfully
[[ATTACHMENT|C:\Users\elanf\git\BCAF_MEAPP_i3\Screenshoot\Sprint4\Web\keyes\keyes-scenario-1-masuk-halaman-collateral-loan-vehicle.png]]

2022-03-28 12:38:51 - [TEST_STEP][PASSED] - markPassed("scenario 1 - Masuk halaman collateral loan vehicle"): scenario 1 - Masuk halaman collateral loan vehicle

2022-03-28 12:38:51 - [MESSAGE][PASSED] - scenario 1 - Masuk halaman collateral loan vehicle

2022-03-28 12:38:51 - [TEST_STEP][PASSED] - delay(1): Delayed 1 second(s)

2022-03-28 12:38:52 - [MESSAGE][PASSED] - Delayed 1 second(s)

2022-03-28 12:38:52 - [TEST_STEP][PASSED] - delay(1): Delayed 1 second(s)

2022-03-28 12:38:53 - [MESSAGE][PASSED] - Delayed 1 second(s)

2022-03-28 12:38:53 - [TEST_STEP][PASSED] - delay(1): Delayed 1 second(s)

2022-03-28 12:38:54 - [MESSAGE][PASSED] - Delayed 1 second(s)

2022-03-28 12:38:54 - [TEST_STEP][PASSED] - click(findTestObject("ME_CollateralAndLoan_Vehicle/button_Data Vehicle")): Object: 'Object Repository/ME_CollateralAndLoan_Vehicle/button_Data Vehicle' is clicked on

2022-03-28 12:38:54 - [MESSAGE][PASSED] - Object: 'Object Repository/ME_CollateralAndLoan_Vehicle/button_Data Vehicle' is clicked on

2022-03-28 12:38:54 - [TEST_STEP][PASSED] - delay(1): Delayed 1 second(s)

2022-03-28 12:38:55 - [MESSAGE][PASSED] - Delayed 1 second(s)

2022-03-28 12:38:55 - [TEST_STEP][PASSED] - takeFullPageScreenshotAsCheckpoint(userDir + sprint4WebScreenshootPath + "scenario-1-halaman-input-data-vehicle.png"): Taking screenshot successfully

2022-03-28 12:38:56 - [MESSAGE][INFO] - 0 hidden object(s)

2022-03-28 12:38:57 - [MESSAGE][PASSED] - Taking screenshot successfully
[[ATTACHMENT|C:\Users\elanf\git\BCAF_MEAPP_i3\Screenshoot\Sprint4\Web\keyes\keyes-scenario-1-halaman-input-data-vehicle.png]]

2022-03-28 12:38:57 - [TEST_STEP][PASSED] - markPassed("scenario 1 - halaman input data vehicle"): scenario 1 - halaman input data vehicle

2022-03-28 12:38:57 - [MESSAGE][PASSED] - scenario 1 - halaman input data vehicle

2022-03-28 12:38:57 - [TEST_STEP][PASSED] - delay(2): Delayed 2 second(s)

2022-03-28 12:38:59 - [MESSAGE][PASSED] - Delayed 2 second(s)

2022-03-28 12:38:59 - [TEST_STEP][PASSED] - scrollToElement(findTestObject("ME_CollateralAndLoan_Vehicle/button_Data Vehicle"), 0, STOP_ON_FAILURE): Scroll to object 'Object Repository/ME_CollateralAndLoan_Vehicle/button_Data Vehicle' successfully

2022-03-28 12:38:59 - [MESSAGE][WARNING] - Timeout '0' is invalid. Using default page load timeout: '30'

2022-03-28 12:38:59 - [MESSAGE][PASSED] - Scroll to object 'Object Repository/ME_CollateralAndLoan_Vehicle/button_Data Vehicle' successfully

2022-03-28 12:38:59 - [TEST_STEP][PASSED] - click(findTestObject("ME_CollateralAndLoan_Vehicle/input_used_carCondition-radio")): Object: 'Object Repository/ME_CollateralAndLoan_Vehicle/input_used_carCondition-radio' is clicked on

2022-03-28 12:38:59 - [MESSAGE][PASSED] - Object: 'Object Repository/ME_CollateralAndLoan_Vehicle/input_used_carCondition-radio' is clicked on

2022-03-28 12:38:59 - [TEST_STEP][PASSED] - delay(1): Delayed 1 second(s)

2022-03-28 12:39:00 - [MESSAGE][PASSED] - Delayed 1 second(s)

2022-03-28 12:39:00 - [TEST_STEP][PASSED] - click(findTestObject("Object Repository/ME_CollateralAndLoan_Vehicle/div_Pilih Product Code"), OPTIONAL): Object: 'Object Repository/ME_CollateralAndLoan_Vehicle/div_Pilih Product Code' is clicked on

2022-03-28 12:39:01 - [MESSAGE][PASSED] - Object: 'Object Repository/ME_CollateralAndLoan_Vehicle/div_Pilih Product Code' is clicked on

2022-03-28 12:39:01 - [TEST_STEP][PASSED] - delay(1): Delayed 1 second(s)

2022-03-28 12:39:02 - [MESSAGE][PASSED] - Delayed 1 second(s)

2022-03-28 12:39:02 - [TEST_STEP][PASSED] - setText(findTestObject("ME_CollateralAndLoan_Vehicle/input_productcode2"), "leasing"): Text 'leasing' is set on object 'Object Repository/ME_CollateralAndLoan_Vehicle/input_productcode2'

2022-03-28 12:39:03 - [MESSAGE][PASSED] - Text 'leasing' is set on object 'Object Repository/ME_CollateralAndLoan_Vehicle/input_productcode2'

2022-03-28 12:39:03 - [TEST_STEP][PASSED] - delay(1): Delayed 1 second(s)

2022-03-28 12:39:04 - [MESSAGE][PASSED] - Delayed 1 second(s)

2022-03-28 12:39:04 - [TEST_STEP][PASSED] - click(findTestObject("ME_CollateralAndLoan_Vehicle/span_Leasing")): Object: 'Object Repository/ME_CollateralAndLoan_Vehicle/span_Leasing' is clicked on

2022-03-28 12:39:04 - [MESSAGE][PASSED] - Object: 'Object Repository/ME_CollateralAndLoan_Vehicle/span_Leasing' is clicked on

2022-03-28 12:39:04 - [TEST_STEP][PASSED] - delay(1): Delayed 1 second(s)

2022-03-28 12:39:05 - [MESSAGE][PASSED] - Delayed 1 second(s)

2022-03-28 12:39:05 - [TEST_STEP][PASSED] - click(findTestObject("vehiclekedua/input_brand_kedua")): Object: 'Object Repository/vehiclekedua/input_brand_kedua' is clicked on

2022-03-28 12:39:06 - [MESSAGE][PASSED] - Object: 'Object Repository/vehiclekedua/input_brand_kedua' is clicked on

2022-03-28 12:39:06 - [TEST_STEP][PASSED] - delay(1): Delayed 1 second(s)

2022-03-28 12:39:07 - [MESSAGE][PASSED] - Delayed 1 second(s)

2022-03-28 12:39:07 - [TEST_STEP][PASSED] - setText(findTestObject("vehiclekedua/input_brand_kedua"), "toyota"): Text 'toyota' is set on object 'Object Repository/vehiclekedua/input_brand_kedua'

2022-03-28 12:39:07 - [MESSAGE][PASSED] - Text 'toyota' is set on object 'Object Repository/vehiclekedua/input_brand_kedua'

2022-03-28 12:39:07 - [TEST_STEP][PASSED] - delay(1): Delayed 1 second(s)

2022-03-28 12:39:08 - [MESSAGE][PASSED] - Delayed 1 second(s)

2022-03-28 12:39:08 - [TEST_STEP][PASSED] - click(findTestObject("ME_CollateralAndLoan_Vehicle/div_TOYOTA_brand")): Object: 'Object Repository/ME_CollateralAndLoan_Vehicle/div_TOYOTA_brand' is clicked on

2022-03-28 12:39:09 - [MESSAGE][PASSED] - Object: 'Object Repository/ME_CollateralAndLoan_Vehicle/div_TOYOTA_brand' is clicked on

2022-03-28 12:39:09 - [TEST_STEP][PASSED] - delay(1): Delayed 1 second(s)

2022-03-28 12:39:10 - [MESSAGE][PASSED] - Delayed 1 second(s)

2022-03-28 12:39:10 - [TEST_STEP][PASSED] - click(findTestObject("vehiclekedua/input_model_kedua"), OPTIONAL): Object: 'Object Repository/vehiclekedua/input_model_kedua' is clicked on

2022-03-28 12:39:10 - [MESSAGE][PASSED] - Object: 'Object Repository/vehiclekedua/input_model_kedua' is clicked on

2022-03-28 12:39:10 - [TEST_STEP][PASSED] - delay(1): Delayed 1 second(s)

2022-03-28 12:39:11 - [MESSAGE][PASSED] - Delayed 1 second(s)

2022-03-28 12:39:11 - [TEST_STEP][PASSED] - setText(findTestObject("vehiclekedua/input_model_kedua"), "ALL NEW HILUX", OPTIONAL): Text 'ALL NEW HILUX' is set on object 'Object Repository/vehiclekedua/input_model_kedua'

2022-03-28 12:39:12 - [MESSAGE][PASSED] - Text 'ALL NEW HILUX' is set on object 'Object Repository/vehiclekedua/input_model_kedua'

2022-03-28 12:39:12 - [TEST_STEP][PASSED] - delay(1): Delayed 1 second(s)

2022-03-28 12:39:13 - [MESSAGE][PASSED] - Delayed 1 second(s)

2022-03-28 12:39:13 - [TEST_STEP][PASSED] - click(findTestObject("ME_CollateralAndLoan_Vehicle/div_ALL NEW HILUX_model_datavehicle"), OPTIONAL): Object: 'Object Repository/ME_CollateralAndLoan_Vehicle/div_ALL NEW HILUX_model_datavehicle' is clicked on

2022-03-28 12:39:14 - [MESSAGE][PASSED] - Object: 'Object Repository/ME_CollateralAndLoan_Vehicle/div_ALL NEW HILUX_model_datavehicle' is clicked on

2022-03-28 12:39:14 - [TEST_STEP][PASSED] - delay(1): Delayed 1 second(s)

2022-03-28 12:39:15 - [MESSAGE][PASSED] - Delayed 1 second(s)

2022-03-28 12:39:15 - [TEST_STEP][PASSED] - waitForElementPresent(findTestObject("ME_CollateralAndLoan_Vehicle/input_typekendaraan"), 0): Object 'Object Repository/ME_CollateralAndLoan_Vehicle/input_typekendaraan' is present

2022-03-28 12:39:15 - [MESSAGE][WARNING] - Timeout '0' is invalid. Using default page load timeout: '30'

2022-03-28 12:39:15 - [MESSAGE][PASSED] - Object 'Object Repository/ME_CollateralAndLoan_Vehicle/input_typekendaraan' is present

2022-03-28 12:39:15 - [TEST_STEP][PASSED] - click(findTestObject("ME_CollateralAndLoan_Vehicle/input_typekendaraan"), OPTIONAL): Object: 'Object Repository/ME_CollateralAndLoan_Vehicle/input_typekendaraan' is clicked on

2022-03-28 12:39:15 - [MESSAGE][PASSED] - Object: 'Object Repository/ME_CollateralAndLoan_Vehicle/input_typekendaraan' is clicked on

2022-03-28 12:39:15 - [TEST_STEP][PASSED] - delay(1): Delayed 1 second(s)

2022-03-28 12:39:16 - [MESSAGE][PASSED] - Delayed 1 second(s)

2022-03-28 12:39:16 - [TEST_STEP][PASSED] - setText(findTestObject("ME_CollateralAndLoan_Vehicle/input_typekendaraan"), "ALL NEW HI LUX DOUBLE CABIN 2.4 G (4X4) M/T DIESEL 2017", OPTIONAL): Text 'ALL NEW HI LUX DOUBLE CABIN 2.4 G (4X4) M/T DIESEL 2017' is set on object 'Object Repository/ME_CollateralAndLoan_Vehicle/input_typekendaraan'

2022-03-28 12:39:18 - [MESSAGE][PASSED] - Text 'ALL NEW HI LUX DOUBLE CABIN 2.4 G (4X4) M/T DIESEL 2017' is set on object 'Object Repository/ME_CollateralAndLoan_Vehicle/input_typekendaraan'

2022-03-28 12:39:18 - [TEST_STEP][PASSED] - delay(1): Delayed 1 second(s)

2022-03-28 12:39:19 - [MESSAGE][PASSED] - Delayed 1 second(s)

2022-03-28 12:39:19 - [TEST_STEP][PASSED] - waitForElementPresent(findTestObject("ME_CollateralAndLoan_Vehicle/div_ALL NEW HI LUX DOUBLE CABIN 2.4 G (4X4) MT DIESEL 2017_type_datavehicle"), 0): Object 'Object Repository/ME_CollateralAndLoan_Vehicle/div_ALL NEW HI LUX DOUBLE CABIN 2.4 G (4X4) MT DIESEL 2017_type_datavehicle' is present

2022-03-28 12:39:19 - [MESSAGE][WARNING] - Timeout '0' is invalid. Using default page load timeout: '30'

2022-03-28 12:39:20 - [MESSAGE][PASSED] - Object 'Object Repository/ME_CollateralAndLoan_Vehicle/div_ALL NEW HI LUX DOUBLE CABIN 2.4 G (4X4) MT DIESEL 2017_type_datavehicle' is present

2022-03-28 12:39:20 - [TEST_STEP][PASSED] - click(findTestObject("ME_CollateralAndLoan_Vehicle/div_ALL NEW HI LUX DOUBLE CABIN 2.4 G (4X4) MT DIESEL 2017_type_datavehicle"), OPTIONAL): Object: 'Object Repository/ME_CollateralAndLoan_Vehicle/div_ALL NEW HI LUX DOUBLE CABIN 2.4 G (4X4) MT DIESEL 2017_type_datavehicle' is clicked on

2022-03-28 12:39:20 - [MESSAGE][PASSED] - Object: 'Object Repository/ME_CollateralAndLoan_Vehicle/div_ALL NEW HI LUX DOUBLE CABIN 2.4 G (4X4) MT DIESEL 2017_type_datavehicle' is clicked on

2022-03-28 12:39:20 - [TEST_STEP][PASSED] - delay(1): Delayed 1 second(s)

2022-03-28 12:39:21 - [MESSAGE][PASSED] - Delayed 1 second(s)

2022-03-28 12:39:21 - [TEST_STEP][PASSED] - click(findTestObject("vehiclekedua/input_packet_kedua"), OPTIONAL): Object: 'Object Repository/vehiclekedua/input_packet_kedua' is clicked on

2022-03-28 12:39:21 - [MESSAGE][PASSED] - Object: 'Object Repository/vehiclekedua/input_packet_kedua' is clicked on

2022-03-28 12:39:21 - [TEST_STEP][PASSED] - delay(1): Delayed 1 second(s)

2022-03-28 12:39:22 - [MESSAGE][PASSED] - Delayed 1 second(s)

2022-03-28 12:39:22 - [TEST_STEP][PASSED] - setText(findTestObject("vehiclekedua/input_packet_kedua"), "BCAI - IIMS - SUBS OTR ADDB", OPTIONAL): Text 'BCAI - IIMS - SUBS OTR ADDB' is set on object 'Object Repository/vehiclekedua/input_packet_kedua'

2022-03-28 12:39:51 - [MESSAGE][PASSED] - Text 'BCAI - IIMS - SUBS OTR ADDB' is set on object 'Object Repository/vehiclekedua/input_packet_kedua'

2022-03-28 12:39:51 - [TEST_STEP][PASSED] - delay(1): Delayed 1 second(s)

2022-03-28 12:39:52 - [MESSAGE][PASSED] - Delayed 1 second(s)

2022-03-28 12:39:52 - [TEST_STEP][PASSED] - waitForElementPresent(findTestObject("ME_CollateralAndLoan_Vehicle/div_BCAI - IIMS - SUBS OTR ADDB"), 300): Object 'Object Repository/ME_CollateralAndLoan_Vehicle/div_BCAI - IIMS - SUBS OTR ADDB' is present

2022-03-28 12:39:53 - [MESSAGE][PASSED] - Object 'Object Repository/ME_CollateralAndLoan_Vehicle/div_BCAI - IIMS - SUBS OTR ADDB' is present

2022-03-28 12:39:53 - [TEST_STEP][PASSED] - delay(1): Delayed 1 second(s)

2022-03-28 12:39:54 - [MESSAGE][PASSED] - Delayed 1 second(s)

2022-03-28 12:39:54 - [TEST_STEP][PASSED] - click(findTestObject("ME_CollateralAndLoan_Vehicle/div_BCAI - IIMS - SUBS OTR ADDB")): Object: 'Object Repository/ME_CollateralAndLoan_Vehicle/div_BCAI - IIMS - SUBS OTR ADDB' is clicked on

2022-03-28 12:39:55 - [MESSAGE][PASSED] - Object: 'Object Repository/ME_CollateralAndLoan_Vehicle/div_BCAI - IIMS - SUBS OTR ADDB' is clicked on

2022-03-28 12:39:55 - [TEST_STEP][PASSED] - delay(1): Delayed 1 second(s)

2022-03-28 12:39:56 - [MESSAGE][PASSED] - Delayed 1 second(s)

2022-03-28 12:39:56 - [TEST_STEP][PASSED] - setText(findTestObject("ME_CollateralAndLoan_Vehicle/input_Keterangan Type Kendaraan_keteranganType"), "bekas"): Text 'bekas' is set on object 'Object Repository/ME_CollateralAndLoan_Vehicle/input_Keterangan Type Kendaraan_keteranganType'

2022-03-28 12:39:56 - [MESSAGE][PASSED] - Text 'bekas' is set on object 'Object Repository/ME_CollateralAndLoan_Vehicle/input_Keterangan Type Kendaraan_keteranganType'

2022-03-28 12:39:56 - [TEST_STEP][PASSED] - delay(1): Delayed 1 second(s)

2022-03-28 12:39:57 - [MESSAGE][PASSED] - Delayed 1 second(s)

2022-03-28 12:39:57 - [TEST_STEP][PASSED] - setText(findTestObject("ME_CollateralAndLoan_Vehicle/input_Year_year (1)"), "2020"): Text '2020' is set on object 'Object Repository/ME_CollateralAndLoan_Vehicle/input_Year_year (1)'

2022-03-28 12:39:58 - [MESSAGE][PASSED] - Text '2020' is set on object 'Object Repository/ME_CollateralAndLoan_Vehicle/input_Year_year (1)'

2022-03-28 12:39:58 - [TEST_STEP][PASSED] - delay(1): Delayed 1 second(s)

2022-03-28 12:39:59 - [MESSAGE][PASSED] - Delayed 1 second(s)

2022-03-28 12:39:59 - [TEST_STEP][PASSED] - click(findTestObject("ME_CollateralAndLoan_Vehicle/a_Capture File_bpkb")): Object: 'Object Repository/ME_CollateralAndLoan_Vehicle/a_Capture File_bpkb' is clicked on

2022-03-28 12:40:00 - [MESSAGE][PASSED] - Object: 'Object Repository/ME_CollateralAndLoan_Vehicle/a_Capture File_bpkb' is clicked on

2022-03-28 12:40:00 - [TEST_STEP][PASSED] - delay(1): Delayed 1 second(s)

2022-03-28 12:40:01 - [MESSAGE][PASSED] - Delayed 1 second(s)

2022-03-28 12:40:01 - [TEST_STEP][PASSED] - uploadFile(findTestObject("MEApp_AppBaru_InisiasiKonsumen/Capture_"), userDir + pathfinder_npwp): File 'C:/Users/elanf/git/BCAF_MEAPP_i3/Assets/npwp-dummy.jpg' sent to object: 'Object Repository/MEApp_AppBaru_InisiasiKonsumen/Capture_'

2022-03-28 12:40:01 - [MESSAGE][PASSED] - File 'C:/Users/elanf/git/BCAF_MEAPP_i3/Assets/npwp-dummy.jpg' sent to object: 'Object Repository/MEApp_AppBaru_InisiasiKonsumen/Capture_'

2022-03-28 12:40:01 - [TEST_STEP][PASSED] - delay(1): Delayed 1 second(s)

2022-03-28 12:40:02 - [MESSAGE][PASSED] - Delayed 1 second(s)

2022-03-28 12:40:02 - [TEST_STEP][PASSED] - click(findTestObject("ME_CollateralAndLoan_Vehicle/a_Capture Files_stnk_datavehicle")): Object: 'Object Repository/ME_CollateralAndLoan_Vehicle/a_Capture Files_stnk_datavehicle' is clicked on

2022-03-28 12:40:02 - [MESSAGE][PASSED] - Object: 'Object Repository/ME_CollateralAndLoan_Vehicle/a_Capture Files_stnk_datavehicle' is clicked on

2022-03-28 12:40:02 - [TEST_STEP][PASSED] - delay(1): Delayed 1 second(s)

2022-03-28 12:40:03 - [MESSAGE][PASSED] - Delayed 1 second(s)

2022-03-28 12:40:03 - [TEST_STEP][PASSED] - uploadFile(findTestObject("MEApp_AppBaru_InisiasiKonsumen/Capture_"), userDir + pathfinder_npwp): File 'C:/Users/elanf/git/BCAF_MEAPP_i3/Assets/npwp-dummy.jpg' sent to object: 'Object Repository/MEApp_AppBaru_InisiasiKonsumen/Capture_'

2022-03-28 12:40:04 - [MESSAGE][PASSED] - File 'C:/Users/elanf/git/BCAF_MEAPP_i3/Assets/npwp-dummy.jpg' sent to object: 'Object Repository/MEApp_AppBaru_InisiasiKonsumen/Capture_'

2022-03-28 12:40:04 - [TEST_STEP][PASSED] - delay(1): Delayed 1 second(s)

2022-03-28 12:40:05 - [MESSAGE][PASSED] - Delayed 1 second(s)

2022-03-28 12:40:05 - [TEST_STEP][PASSED] - setText(findTestObject("ME_CollateralAndLoan_Vehicle/input_Color_text-input (1)"), "hitam"): Text 'hitam' is set on object 'Object Repository/ME_CollateralAndLoan_Vehicle/input_Color_text-input (1)'

2022-03-28 12:40:05 - [MESSAGE][PASSED] - Text 'hitam' is set on object 'Object Repository/ME_CollateralAndLoan_Vehicle/input_Color_text-input (1)'

2022-03-28 12:40:05 - [TEST_STEP][PASSED] - delay(1): Delayed 1 second(s)

2022-03-28 12:40:06 - [MESSAGE][PASSED] - Delayed 1 second(s)

2022-03-28 12:40:06 - [TEST_STEP][PASSED] - setText(findTestObject("ME_CollateralAndLoan_Vehicle/input_BPKB No_text-input"), "1111111111"): Text '1111111111' is set on object 'Object Repository/ME_CollateralAndLoan_Vehicle/input_BPKB No_text-input'

2022-03-28 12:40:07 - [MESSAGE][PASSED] - Text '1111111111' is set on object 'Object Repository/ME_CollateralAndLoan_Vehicle/input_BPKB No_text-input'

2022-03-28 12:40:07 - [TEST_STEP][PASSED] - delay(1): Delayed 1 second(s)

2022-03-28 12:40:08 - [MESSAGE][PASSED] - Delayed 1 second(s)

2022-03-28 12:40:08 - [TEST_STEP][PASSED] - setText(findTestObject("ME_CollateralAndLoan_Vehicle/input_Engine No_text-input"), "1111111111"): Text '1111111111' is set on object 'Object Repository/ME_CollateralAndLoan_Vehicle/input_Engine No_text-input'

2022-03-28 12:40:09 - [MESSAGE][PASSED] - Text '1111111111' is set on object 'Object Repository/ME_CollateralAndLoan_Vehicle/input_Engine No_text-input'

2022-03-28 12:40:09 - [TEST_STEP][PASSED] - delay(1): Delayed 1 second(s)

2022-03-28 12:40:10 - [MESSAGE][PASSED] - Delayed 1 second(s)

2022-03-28 12:40:10 - [TEST_STEP][PASSED] - setText(findTestObject("ME_CollateralAndLoan_Vehicle/input_Police No_text-input"), "B1234AB"): Text 'B1234AB' is set on object 'Object Repository/ME_CollateralAndLoan_Vehicle/input_Police No_text-input'

2022-03-28 12:40:11 - [MESSAGE][PASSED] - Text 'B1234AB' is set on object 'Object Repository/ME_CollateralAndLoan_Vehicle/input_Police No_text-input'

2022-03-28 12:40:11 - [TEST_STEP][PASSED] - delay(1): Delayed 1 second(s)

2022-03-28 12:40:12 - [MESSAGE][PASSED] - Delayed 1 second(s)

2022-03-28 12:40:12 - [TEST_STEP][PASSED] - setText(findTestObject("ME_CollateralAndLoan_Vehicle/input_Body No_text-input"), "1111111111"): Text '1111111111' is set on object 'Object Repository/ME_CollateralAndLoan_Vehicle/input_Body No_text-input'

2022-03-28 12:40:13 - [MESSAGE][PASSED] - Text '1111111111' is set on object 'Object Repository/ME_CollateralAndLoan_Vehicle/input_Body No_text-input'

2022-03-28 12:40:13 - [TEST_STEP][PASSED] - delay(1): Delayed 1 second(s)

2022-03-28 12:40:14 - [MESSAGE][PASSED] - Delayed 1 second(s)

2022-03-28 12:40:14 - [TEST_STEP][PASSED] - click(findTestObject("vehiclekedua/input_purpose_kedua"), OPTIONAL): Object: 'Object Repository/vehiclekedua/input_purpose_kedua' is clicked on

2022-03-28 12:40:14 - [MESSAGE][PASSED] - Object: 'Object Repository/vehiclekedua/input_purpose_kedua' is clicked on

2022-03-28 12:40:14 - [TEST_STEP][PASSED] - delay(1): Delayed 1 second(s)

2022-03-28 12:40:15 - [MESSAGE][PASSED] - Delayed 1 second(s)

2022-03-28 12:40:15 - [TEST_STEP][PASSED] - setText(findTestObject("vehiclekedua/input_purpose_kedua"), "operasional", OPTIONAL): Text 'operasional' is set on object 'Object Repository/vehiclekedua/input_purpose_kedua'

2022-03-28 12:40:16 - [MESSAGE][PASSED] - Text 'operasional' is set on object 'Object Repository/vehiclekedua/input_purpose_kedua'

2022-03-28 12:40:16 - [TEST_STEP][PASSED] - delay(1): Delayed 1 second(s)

2022-03-28 12:40:17 - [MESSAGE][PASSED] - Delayed 1 second(s)

2022-03-28 12:40:17 - [TEST_STEP][PASSED] - click(findTestObject("ME_CollateralAndLoan_Vehicle/div_Operasional"), OPTIONAL): Object: 'Object Repository/ME_CollateralAndLoan_Vehicle/div_Operasional' is clicked on

2022-03-28 12:40:17 - [MESSAGE][PASSED] - Object: 'Object Repository/ME_CollateralAndLoan_Vehicle/div_Operasional' is clicked on

2022-03-28 12:40:17 - [TEST_STEP][PASSED] - delay(1): Delayed 1 second(s)

2022-03-28 12:40:18 - [MESSAGE][PASSED] - Delayed 1 second(s)

2022-03-28 12:40:18 - [TEST_STEP][PASSED] - setText(findTestObject("ME_CollateralAndLoan_Vehicle/input_BPKB Owner_text-input"), "sendiri"): Text 'sendiri' is set on object 'Object Repository/ME_CollateralAndLoan_Vehicle/input_BPKB Owner_text-input'

2022-03-28 12:40:19 - [MESSAGE][PASSED] - Text 'sendiri' is set on object 'Object Repository/ME_CollateralAndLoan_Vehicle/input_BPKB Owner_text-input'

2022-03-28 12:40:19 - [TEST_STEP][PASSED] - delay(1): Delayed 1 second(s)

2022-03-28 12:40:20 - [MESSAGE][PASSED] - Delayed 1 second(s)

2022-03-28 12:40:20 - [TEST_STEP][PASSED] - click(findTestObject("vehiclekedua/input_hubungan_bpkbownerdgdebitur_kedua"), OPTIONAL): Object: 'Object Repository/vehiclekedua/input_hubungan_bpkbownerdgdebitur_kedua' is clicked on

2022-03-28 12:40:20 - [MESSAGE][PASSED] - Object: 'Object Repository/vehiclekedua/input_hubungan_bpkbownerdgdebitur_kedua' is clicked on

2022-03-28 12:40:20 - [TEST_STEP][PASSED] - delay(1): Delayed 1 second(s)

2022-03-28 12:40:21 - [MESSAGE][PASSED] - Delayed 1 second(s)

2022-03-28 12:40:21 - [TEST_STEP][PASSED] - setText(findTestObject("vehiclekedua/input_hubungan_bpkbownerdgdebitur_kedua"), "pasangan", OPTIONAL): Text 'pasangan' is set on object 'Object Repository/vehiclekedua/input_hubungan_bpkbownerdgdebitur_kedua'

2022-03-28 12:40:22 - [MESSAGE][PASSED] - Text 'pasangan' is set on object 'Object Repository/vehiclekedua/input_hubungan_bpkbownerdgdebitur_kedua'

2022-03-28 12:40:22 - [TEST_STEP][PASSED] - delay(1): Delayed 1 second(s)

2022-03-28 12:40:23 - [MESSAGE][PASSED] - Delayed 1 second(s)

2022-03-28 12:40:23 - [TEST_STEP][PASSED] - click(findTestObject("ME_CollateralAndLoan_Vehicle/div_pasangan"), OPTIONAL): Object: 'Object Repository/ME_CollateralAndLoan_Vehicle/div_pasangan' is clicked on

2022-03-28 12:40:24 - [MESSAGE][PASSED] - Object: 'Object Repository/ME_CollateralAndLoan_Vehicle/div_pasangan' is clicked on

2022-03-28 12:40:24 - [TEST_STEP][PASSED] - delay(1): Delayed 1 second(s)

2022-03-28 12:40:25 - [MESSAGE][PASSED] - Delayed 1 second(s)

2022-03-28 12:40:25 - [TEST_STEP][PASSED] - click(findTestObject("ME_CollateralAndLoan_Vehicle/input_Tujuan Penggunaan Kendaraan_nonproduktif"), OPTIONAL): Object: 'Object Repository/ME_CollateralAndLoan_Vehicle/input_Tujuan Penggunaan Kendaraan_nonproduktif' is clicked on

2022-03-28 12:40:25 - [MESSAGE][PASSED] - Object: 'Object Repository/ME_CollateralAndLoan_Vehicle/input_Tujuan Penggunaan Kendaraan_nonproduktif' is clicked on

2022-03-28 12:40:25 - [TEST_STEP][PASSED] - delay(1): Delayed 1 second(s)

2022-03-28 12:40:26 - [MESSAGE][PASSED] - Delayed 1 second(s)

2022-03-28 12:40:26 - [TEST_STEP][PASSED] - click(findTestObject("ME_CollateralAndLoan_Vehicle/input_Tujuan Penggunaan Kendaraan_produktif"), OPTIONAL): Object: 'Object Repository/ME_CollateralAndLoan_Vehicle/input_Tujuan Penggunaan Kendaraan_produktif' is clicked on

2022-03-28 12:40:27 - [MESSAGE][PASSED] - Object: 'Object Repository/ME_CollateralAndLoan_Vehicle/input_Tujuan Penggunaan Kendaraan_produktif' is clicked on

2022-03-28 12:40:27 - [TEST_STEP][PASSED] - delay(1): Delayed 1 second(s)

2022-03-28 12:40:28 - [MESSAGE][PASSED] - Delayed 1 second(s)

2022-03-28 12:40:28 - [TEST_STEP][PASSED] - takeFullPageScreenshotAsCheckpoint(userDir + sprint4WebScreenshootPath + "scenario-1-berhasil-input-data-vehicle.png"): Taking screenshot successfully

2022-03-28 12:40:29 - [MESSAGE][INFO] - 0 hidden object(s)

2022-03-28 12:40:29 - [MESSAGE][PASSED] - Taking screenshot successfully
[[ATTACHMENT|C:\Users\elanf\git\BCAF_MEAPP_i3\Screenshoot\Sprint4\Web\keyes\keyes-scenario-1-berhasil-input-data-vehicle.png]]

2022-03-28 12:40:29 - [TEST_STEP][PASSED] - markPassed("scenario 1 - berhasil input data vehicle"): scenario 1 - berhasil input data vehicle

2022-03-28 12:40:29 - [MESSAGE][PASSED] - scenario 1 - berhasil input data vehicle

2022-03-28 12:40:29 - [TEST_STEP][PASSED] - delay(1): Delayed 1 second(s)

2022-03-28 12:40:30 - [MESSAGE][PASSED] - Delayed 1 second(s)

2022-03-28 12:40:30 - [TEST_STEP][PASSED] - delay(1): Delayed 1 second(s)

2022-03-28 12:40:31 - [MESSAGE][PASSED] - Delayed 1 second(s)

2022-03-28 12:40:31 - [TEST_STEP][PASSED] - click(findTestObject("ME_CollateralAndLoan_Vehicle/button_Loan Data"), OPTIONAL): Object: 'Object Repository/ME_CollateralAndLoan_Vehicle/button_Loan Data' is clicked on

2022-03-28 12:40:32 - [MESSAGE][PASSED] - Object: 'Object Repository/ME_CollateralAndLoan_Vehicle/button_Loan Data' is clicked on

2022-03-28 12:40:32 - [TEST_STEP][PASSED] - delay(1): Delayed 1 second(s)

2022-03-28 12:40:33 - [MESSAGE][PASSED] - Delayed 1 second(s)

2022-03-28 12:40:33 - [TEST_STEP][PASSED] - takeFullPageScreenshotAsCheckpoint(userDir + sprint4WebScreenshootPath + "scenario-1-halaman-input-loan-data.png"): Taking screenshot successfully

2022-03-28 12:40:34 - [MESSAGE][INFO] - 0 hidden object(s)

2022-03-28 12:40:34 - [MESSAGE][PASSED] - Taking screenshot successfully
[[ATTACHMENT|C:\Users\elanf\git\BCAF_MEAPP_i3\Screenshoot\Sprint4\Web\keyes\keyes-scenario-1-halaman-input-loan-data.png]]

2022-03-28 12:40:34 - [TEST_STEP][PASSED] - markPassed("scenario 1 - halaman input loan data"): scenario 1 - halaman input loan data

2022-03-28 12:40:34 - [MESSAGE][PASSED] - scenario 1 - halaman input loan data

2022-03-28 12:40:34 - [TEST_STEP][PASSED] - delay(1): Delayed 1 second(s)

2022-03-28 12:40:35 - [MESSAGE][PASSED] - Delayed 1 second(s)

2022-03-28 12:40:35 - [TEST_STEP][PASSED] - scrollToElement(findTestObject("ME_CollateralAndLoan_Vehicle/button_Loan Data"), 0): Scroll to object 'Object Repository/ME_CollateralAndLoan_Vehicle/button_Loan Data' successfully

2022-03-28 12:40:35 - [MESSAGE][WARNING] - Timeout '0' is invalid. Using default page load timeout: '30'

2022-03-28 12:40:36 - [MESSAGE][PASSED] - Scroll to object 'Object Repository/ME_CollateralAndLoan_Vehicle/button_Loan Data' successfully

2022-03-28 12:40:36 - [TEST_STEP][PASSED] - delay(1): Delayed 1 second(s)

2022-03-28 12:40:37 - [MESSAGE][PASSED] - Delayed 1 second(s)

2022-03-28 12:40:37 - [TEST_STEP][PASSED] - setText(findTestObject("ME_CollateralAndLoan_Vehicle/input_On The Road Price_otr"), "150000000"): Text '150000000' is set on object 'Object Repository/ME_CollateralAndLoan_Vehicle/input_On The Road Price_otr'

2022-03-28 12:40:38 - [MESSAGE][PASSED] - Text '150000000' is set on object 'Object Repository/ME_CollateralAndLoan_Vehicle/input_On The Road Price_otr'

2022-03-28 12:40:38 - [TEST_STEP][PASSED] - delay(1): Delayed 1 second(s)

2022-03-28 12:40:39 - [MESSAGE][PASSED] - Delayed 1 second(s)

2022-03-28 12:40:39 - [TEST_STEP][PASSED] - setText(findTestObject("ME_CollateralAndLoan_Vehicle/input_Down Payment_dpNominal"), "0"): Text '0' is set on object 'Object Repository/ME_CollateralAndLoan_Vehicle/input_Down Payment_dpNominal'

2022-03-28 12:40:39 - [MESSAGE][PASSED] - Text '0' is set on object 'Object Repository/ME_CollateralAndLoan_Vehicle/input_Down Payment_dpNominal'

2022-03-28 12:40:39 - [TEST_STEP][PASSED] - delay(1): Delayed 1 second(s)

2022-03-28 12:40:40 - [MESSAGE][PASSED] - Delayed 1 second(s)

2022-03-28 12:40:40 - [TEST_STEP][PASSED] - setText(findTestObject("ME_CollateralAndLoan_Vehicle/input_DP_dpPercent"), "30"): Text '30' is set on object 'Object Repository/ME_CollateralAndLoan_Vehicle/input_DP_dpPercent'

2022-03-28 12:40:41 - [MESSAGE][PASSED] - Text '30' is set on object 'Object Repository/ME_CollateralAndLoan_Vehicle/input_DP_dpPercent'

2022-03-28 12:40:41 - [TEST_STEP][PASSED] - delay(1): Delayed 1 second(s)

2022-03-28 12:40:42 - [MESSAGE][PASSED] - Delayed 1 second(s)

2022-03-28 12:40:42 - [TEST_STEP][PASSED] - setText(findTestObject("ME_CollateralAndLoan_Vehicle/input_Tenor (bulan)_tenor1"), "48"): Text '48' is set on object 'Object Repository/ME_CollateralAndLoan_Vehicle/input_Tenor (bulan)_tenor1'

2022-03-28 12:40:43 - [MESSAGE][PASSED] - Text '48' is set on object 'Object Repository/ME_CollateralAndLoan_Vehicle/input_Tenor (bulan)_tenor1'

2022-03-28 12:40:43 - [TEST_STEP][PASSED] - delay(1): Delayed 1 second(s)

2022-03-28 12:40:44 - [MESSAGE][PASSED] - Delayed 1 second(s)

2022-03-28 12:40:44 - [TEST_STEP][PASSED] - click(findTestObject("ME_CollateralAndLoan_Vehicle/input_Loan Type_inadvance"), OPTIONAL): Object: 'Object Repository/ME_CollateralAndLoan_Vehicle/input_Loan Type_inadvance' is clicked on

2022-03-28 12:40:44 - [MESSAGE][PASSED] - Object: 'Object Repository/ME_CollateralAndLoan_Vehicle/input_Loan Type_inadvance' is clicked on

2022-03-28 12:40:44 - [TEST_STEP][PASSED] - delay(1): Delayed 1 second(s)

2022-03-28 12:40:45 - [MESSAGE][PASSED] - Delayed 1 second(s)

2022-03-28 12:40:45 - [TEST_STEP][PASSED] - setText(findTestObject("ME_CollateralAndLoan_Vehicle/input_Flat Rate_flatRate"), "7"): Text '7' is set on object 'Object Repository/ME_CollateralAndLoan_Vehicle/input_Flat Rate_flatRate'

2022-03-28 12:40:46 - [MESSAGE][PASSED] - Text '7' is set on object 'Object Repository/ME_CollateralAndLoan_Vehicle/input_Flat Rate_flatRate'

2022-03-28 12:40:46 - [TEST_STEP][PASSED] - delay(1): Delayed 1 second(s)

2022-03-28 12:40:47 - [MESSAGE][PASSED] - Delayed 1 second(s)

2022-03-28 12:40:47 - [TEST_STEP][PASSED] - setText(findTestObject("ME_CollateralAndLoan_Vehicle/input_Flat Rate 2_flatRate2"), "7"): Text '7' is set on object 'Object Repository/ME_CollateralAndLoan_Vehicle/input_Flat Rate 2_flatRate2'

2022-03-28 12:40:48 - [MESSAGE][PASSED] - Text '7' is set on object 'Object Repository/ME_CollateralAndLoan_Vehicle/input_Flat Rate 2_flatRate2'

2022-03-28 12:40:48 - [TEST_STEP][PASSED] - delay(1): Delayed 1 second(s)

2022-03-28 12:40:49 - [MESSAGE][PASSED] - Delayed 1 second(s)

2022-03-28 12:40:49 - [TEST_STEP][PASSED] - click(findTestObject("ME_CollateralAndLoan_Vehicle/input_Effective Rate_effectiveRate"), OPTIONAL): Object: 'Object Repository/ME_CollateralAndLoan_Vehicle/input_Effective Rate_effectiveRate' is clicked on

2022-03-28 12:40:49 - [MESSAGE][PASSED] - Object: 'Object Repository/ME_CollateralAndLoan_Vehicle/input_Effective Rate_effectiveRate' is clicked on

2022-03-28 12:40:49 - [TEST_STEP][PASSED] - delay(1): Delayed 1 second(s)

2022-03-28 12:40:50 - [MESSAGE][PASSED] - Delayed 1 second(s)

2022-03-28 12:40:50 - [TEST_STEP][PASSED] - click(findTestObject("ME_CollateralAndLoan_Vehicle/input_Effective Rate 2_effectiveRate2"), OPTIONAL): Object: 'Object Repository/ME_CollateralAndLoan_Vehicle/input_Effective Rate 2_effectiveRate2' is clicked on

2022-03-28 12:40:50 - [MESSAGE][PASSED] - Object: 'Object Repository/ME_CollateralAndLoan_Vehicle/input_Effective Rate 2_effectiveRate2' is clicked on

2022-03-28 12:40:50 - [TEST_STEP][PASSED] - delay(1): Delayed 1 second(s)

2022-03-28 12:40:51 - [MESSAGE][PASSED] - Delayed 1 second(s)

2022-03-28 12:40:51 - [TEST_STEP][PASSED] - setText(findTestObject("ME_CollateralAndLoan_Vehicle/input_Provisional Percent_provisionPercent"), "2"): Text '2' is set on object 'Object Repository/ME_CollateralAndLoan_Vehicle/input_Provisional Percent_provisionPercent'

2022-03-28 12:40:52 - [MESSAGE][PASSED] - Text '2' is set on object 'Object Repository/ME_CollateralAndLoan_Vehicle/input_Provisional Percent_provisionPercent'

2022-03-28 12:40:52 - [TEST_STEP][PASSED] - delay(1): Delayed 1 second(s)

2022-03-28 12:40:53 - [MESSAGE][PASSED] - Delayed 1 second(s)

2022-03-28 12:40:53 - [TEST_STEP][PASSED] - click(findTestObject("ME_CollateralAndLoan_Vehicle/input_Provisional Payment_prepaid"), OPTIONAL): Object: 'Object Repository/ME_CollateralAndLoan_Vehicle/input_Provisional Payment_prepaid' is clicked on

2022-03-28 12:40:54 - [MESSAGE][PASSED] - Object: 'Object Repository/ME_CollateralAndLoan_Vehicle/input_Provisional Payment_prepaid' is clicked on

2022-03-28 12:40:54 - [TEST_STEP][PASSED] - delay(1): Delayed 1 second(s)

2022-03-28 12:40:55 - [MESSAGE][PASSED] - Delayed 1 second(s)

2022-03-28 12:40:55 - [TEST_STEP][PASSED] - setText(findTestObject("ME_CollateralAndLoan_Vehicle/input_Adm Fee_admFee"), "2000000"): Text '2000000' is set on object 'Object Repository/ME_CollateralAndLoan_Vehicle/input_Adm Fee_admFee'

2022-03-28 12:40:55 - [MESSAGE][PASSED] - Text '2000000' is set on object 'Object Repository/ME_CollateralAndLoan_Vehicle/input_Adm Fee_admFee'

2022-03-28 12:40:55 - [TEST_STEP][PASSED] - delay(1): Delayed 1 second(s)

2022-03-28 12:40:56 - [MESSAGE][PASSED] - Delayed 1 second(s)

2022-03-28 12:40:56 - [TEST_STEP][PASSED] - click(findTestObject("ME_CollateralAndLoan_Vehicle/input_Adm Fee Payment_onloan"), OPTIONAL): Object: 'Object Repository/ME_CollateralAndLoan_Vehicle/input_Adm Fee Payment_onloan' is clicked on

2022-03-28 12:40:57 - [MESSAGE][PASSED] - Object: 'Object Repository/ME_CollateralAndLoan_Vehicle/input_Adm Fee Payment_onloan' is clicked on

2022-03-28 12:40:57 - [TEST_STEP][PASSED] - delay(1): Delayed 1 second(s)

2022-03-28 12:40:58 - [MESSAGE][PASSED] - Delayed 1 second(s)

2022-03-28 12:40:58 - [TEST_STEP][PASSED] - click(findTestObject("ME_CollateralAndLoan_Vehicle/input_Adm Fee Payment_prepaid"), OPTIONAL): Object: 'Object Repository/ME_CollateralAndLoan_Vehicle/input_Adm Fee Payment_prepaid' is clicked on

2022-03-28 12:40:58 - [MESSAGE][PASSED] - Object: 'Object Repository/ME_CollateralAndLoan_Vehicle/input_Adm Fee Payment_prepaid' is clicked on

2022-03-28 12:40:58 - [TEST_STEP][PASSED] - delay(1): Delayed 1 second(s)

2022-03-28 12:40:59 - [MESSAGE][PASSED] - Delayed 1 second(s)

2022-03-28 12:40:59 - [TEST_STEP][PASSED] - click(findTestObject("ME_CollateralAndLoan_Vehicle/input_gabung_jenisUnit20"), OPTIONAL): Object: 'Object Repository/ME_CollateralAndLoan_Vehicle/input_gabung_jenisUnit20' is clicked on

2022-03-28 12:41:00 - [MESSAGE][PASSED] - Object: 'Object Repository/ME_CollateralAndLoan_Vehicle/input_gabung_jenisUnit20' is clicked on

2022-03-28 12:41:00 - [TEST_STEP][PASSED] - takeFullPageScreenshotAsCheckpoint(userDir + sprint4WebScreenshootPath + "scenario-1-berhasil-input-data-loan.png"): Taking screenshot successfully

2022-03-28 12:41:01 - [MESSAGE][INFO] - 0 hidden object(s)

2022-03-28 12:41:02 - [MESSAGE][PASSED] - Taking screenshot successfully
[[ATTACHMENT|C:\Users\elanf\git\BCAF_MEAPP_i3\Screenshoot\Sprint4\Web\keyes\keyes-scenario-1-berhasil-input-data-loan.png]]

2022-03-28 12:41:02 - [TEST_STEP][PASSED] - markPassed("scenario 1 - berhasil input data loan"): scenario 1 - berhasil input data loan

2022-03-28 12:41:02 - [MESSAGE][PASSED] - scenario 1 - berhasil input data loan

2022-03-28 12:41:02 - [TEST_STEP][PASSED] - delay(1): Delayed 1 second(s)

2022-03-28 12:41:03 - [MESSAGE][PASSED] - Delayed 1 second(s)

2022-03-28 12:41:03 - [TEST_STEP][PASSED] - delay(1): Delayed 1 second(s)

2022-03-28 12:41:04 - [MESSAGE][PASSED] - Delayed 1 second(s)

2022-03-28 12:41:04 - [TEST_STEP][PASSED] - click(findTestObject("ME_CollateralAndLoan_Vehicle/button_Insurance"), OPTIONAL): Object: 'Object Repository/ME_CollateralAndLoan_Vehicle/button_Insurance' is clicked on

2022-03-28 12:41:04 - [MESSAGE][PASSED] - Object: 'Object Repository/ME_CollateralAndLoan_Vehicle/button_Insurance' is clicked on

2022-03-28 12:41:04 - [TEST_STEP][PASSED] - delay(1): Delayed 1 second(s)

2022-03-28 12:41:05 - [MESSAGE][PASSED] - Delayed 1 second(s)

2022-03-28 12:41:05 - [TEST_STEP][PASSED] - click(findTestObject("ME_CollateralAndLoan_Vehicle/input_Insurance_inline-checkbox1"), OPTIONAL): Object: 'Object Repository/ME_CollateralAndLoan_Vehicle/input_Insurance_inline-checkbox1' is clicked on

2022-03-28 12:41:05 - [MESSAGE][PASSED] - Object: 'Object Repository/ME_CollateralAndLoan_Vehicle/input_Insurance_inline-checkbox1' is clicked on

2022-03-28 12:41:05 - [TEST_STEP][PASSED] - delay(1): Delayed 1 second(s)

2022-03-28 12:41:06 - [MESSAGE][PASSED] - Delayed 1 second(s)

2022-03-28 12:41:06 - [TEST_STEP][PASSED] - takeFullPageScreenshotAsCheckpoint(userDir + sprint4WebScreenshootPath + "scenario-1-halaman-input-insurance.png"): Taking screenshot successfully

2022-03-28 12:41:08 - [MESSAGE][INFO] - 0 hidden object(s)

2022-03-28 12:41:08 - [MESSAGE][PASSED] - Taking screenshot successfully
[[ATTACHMENT|C:\Users\elanf\git\BCAF_MEAPP_i3\Screenshoot\Sprint4\Web\keyes\keyes-scenario-1-halaman-input-insurance.png]]

2022-03-28 12:41:08 - [TEST_STEP][PASSED] - markPassed("scenario 1 - halaman input insurance"): scenario 1 - halaman input insurance

2022-03-28 12:41:08 - [MESSAGE][PASSED] - scenario 1 - halaman input insurance

2022-03-28 12:41:08 - [TEST_STEP][PASSED] - delay(1): Delayed 1 second(s)

2022-03-28 12:41:09 - [MESSAGE][PASSED] - Delayed 1 second(s)

2022-03-28 12:41:09 - [TEST_STEP][PASSED] - setText(findTestObject("vehiclekedua/input_carinsurance_kedua"), "NO INSURANCE"): Text 'NO INSURANCE' is set on object 'Object Repository/vehiclekedua/input_carinsurance_kedua'

2022-03-28 12:41:10 - [MESSAGE][PASSED] - Text 'NO INSURANCE' is set on object 'Object Repository/vehiclekedua/input_carinsurance_kedua'

2022-03-28 12:41:10 - [TEST_STEP][PASSED] - delay(1): Delayed 1 second(s)

2022-03-28 12:41:11 - [MESSAGE][PASSED] - Delayed 1 second(s)

2022-03-28 12:41:11 - [TEST_STEP][PASSED] - click(findTestObject("vehiclekedua/div_NO INSURANCE_kedua"), OPTIONAL): Object: 'Object Repository/vehiclekedua/div_NO INSURANCE_kedua' is clicked on

2022-03-28 12:41:11 - [MESSAGE][PASSED] - Object: 'Object Repository/vehiclekedua/div_NO INSURANCE_kedua' is clicked on

2022-03-28 12:41:11 - [TEST_STEP][PASSED] - delay(1): Delayed 1 second(s)

2022-03-28 12:41:12 - [MESSAGE][PASSED] - Delayed 1 second(s)

2022-03-28 12:41:12 - [TEST_STEP][PASSED] - click(findTestObject("vehiclekedua/input_carinsurancebranch_kedua"), OPTIONAL): Object: 'Object Repository/vehiclekedua/input_carinsurancebranch_kedua' is clicked on

2022-03-28 12:41:13 - [MESSAGE][PASSED] - Object: 'Object Repository/vehiclekedua/input_carinsurancebranch_kedua' is clicked on

2022-03-28 12:41:13 - [TEST_STEP][PASSED] - delay(1): Delayed 1 second(s)

2022-03-28 12:41:14 - [MESSAGE][PASSED] - Delayed 1 second(s)

2022-03-28 12:41:14 - [TEST_STEP][PASSED] - setText(findTestObject("vehiclekedua/input_carinsurancebranch_kedua"), "NO INSURANCE", OPTIONAL): Text 'NO INSURANCE' is set on object 'Object Repository/vehiclekedua/input_carinsurancebranch_kedua'

2022-03-28 12:41:15 - [MESSAGE][PASSED] - Text 'NO INSURANCE' is set on object 'Object Repository/vehiclekedua/input_carinsurancebranch_kedua'

2022-03-28 12:41:15 - [TEST_STEP][PASSED] - delay(1): Delayed 1 second(s)

2022-03-28 12:41:16 - [MESSAGE][PASSED] - Delayed 1 second(s)

2022-03-28 12:41:16 - [TEST_STEP][PASSED] - click(findTestObject("ME_CollateralAndLoan_Vehicle/div_NO INSURANCE_branch"), OPTIONAL): Object: 'Object Repository/ME_CollateralAndLoan_Vehicle/div_NO INSURANCE_branch' is clicked on

2022-03-28 12:41:16 - [MESSAGE][PASSED] - Object: 'Object Repository/ME_CollateralAndLoan_Vehicle/div_NO INSURANCE_branch' is clicked on

2022-03-28 12:41:16 - [TEST_STEP][PASSED] - delay(1): Delayed 1 second(s)

2022-03-28 12:41:17 - [MESSAGE][PASSED] - Delayed 1 second(s)

2022-03-28 12:41:17 - [TEST_STEP][PASSED] - click(findTestObject("vehiclekedua/input_carinsurancetype_kedua")): Object: 'Object Repository/vehiclekedua/input_carinsurancetype_kedua' is clicked on

2022-03-28 12:41:18 - [MESSAGE][PASSED] - Object: 'Object Repository/vehiclekedua/input_carinsurancetype_kedua' is clicked on

2022-03-28 12:41:18 - [TEST_STEP][PASSED] - delay(1): Delayed 1 second(s)

2022-03-28 12:41:19 - [MESSAGE][PASSED] - Delayed 1 second(s)

2022-03-28 12:41:19 - [TEST_STEP][PASSED] - setText(findTestObject("vehiclekedua/input_carinsurancetype_kedua"), "all risk"): Text 'all risk' is set on object 'Object Repository/vehiclekedua/input_carinsurancetype_kedua'

2022-03-28 12:41:19 - [MESSAGE][PASSED] - Text 'all risk' is set on object 'Object Repository/vehiclekedua/input_carinsurancetype_kedua'

2022-03-28 12:41:19 - [TEST_STEP][PASSED] - delay(1): Delayed 1 second(s)

2022-03-28 12:41:20 - [MESSAGE][PASSED] - Delayed 1 second(s)

2022-03-28 12:41:20 - [TEST_STEP][PASSED] - click(findTestObject("vehiclekedua/div_All Risk_kedua")): Object: 'Object Repository/vehiclekedua/div_All Risk_kedua' is clicked on

2022-03-28 12:41:21 - [MESSAGE][PASSED] - Object: 'Object Repository/vehiclekedua/div_All Risk_kedua' is clicked on

2022-03-28 12:41:21 - [TEST_STEP][PASSED] - delay(1): Delayed 1 second(s)

2022-03-28 12:41:22 - [MESSAGE][PASSED] - Delayed 1 second(s)

2022-03-28 12:41:22 - [TEST_STEP][PASSED] - click(findTestObject("ME_CollateralAndLoan_Vehicle/input_RSCC_carInsuranceRscc0")): Object: 'Object Repository/ME_CollateralAndLoan_Vehicle/input_RSCC_carInsuranceRscc0' is clicked on

2022-03-28 12:41:22 - [MESSAGE][PASSED] - Object: 'Object Repository/ME_CollateralAndLoan_Vehicle/input_RSCC_carInsuranceRscc0' is clicked on

2022-03-28 12:41:22 - [TEST_STEP][PASSED] - delay(1): Delayed 1 second(s)

2022-03-28 12:41:23 - [MESSAGE][PASSED] - Delayed 1 second(s)

2022-03-28 12:41:23 - [TEST_STEP][PASSED] - click(findTestObject("ME_CollateralAndLoan_Vehicle/input_RSMB_carInsuranceRsmb0")): Object: 'Object Repository/ME_CollateralAndLoan_Vehicle/input_RSMB_carInsuranceRsmb0' is clicked on

2022-03-28 12:41:24 - [MESSAGE][PASSED] - Object: 'Object Repository/ME_CollateralAndLoan_Vehicle/input_RSMB_carInsuranceRsmb0' is clicked on

2022-03-28 12:41:24 - [TEST_STEP][PASSED] - delay(1): Delayed 1 second(s)

2022-03-28 12:41:25 - [MESSAGE][PASSED] - Delayed 1 second(s)

2022-03-28 12:41:25 - [TEST_STEP][PASSED] - click(findTestObject("ME_CollateralAndLoan_Vehicle/input_Insurance Payment_prepaid")): Object: 'Object Repository/ME_CollateralAndLoan_Vehicle/input_Insurance Payment_prepaid' is clicked on

2022-03-28 12:41:25 - [MESSAGE][PASSED] - Object: 'Object Repository/ME_CollateralAndLoan_Vehicle/input_Insurance Payment_prepaid' is clicked on

2022-03-28 12:41:25 - [TEST_STEP][PASSED] - delay(1): Delayed 1 second(s)

2022-03-28 12:41:26 - [MESSAGE][PASSED] - Delayed 1 second(s)

2022-03-28 12:41:26 - [TEST_STEP][PASSED] - click(findTestObject("ME_CollateralAndLoan_Vehicle/input_Machine Warranty_lifeInsurance")): Object: 'Object Repository/ME_CollateralAndLoan_Vehicle/input_Machine Warranty_lifeInsurance' is clicked on

2022-03-28 12:41:27 - [MESSAGE][PASSED] - Object: 'Object Repository/ME_CollateralAndLoan_Vehicle/input_Machine Warranty_lifeInsurance' is clicked on

2022-03-28 12:41:27 - [TEST_STEP][PASSED] - delay(1): Delayed 1 second(s)

2022-03-28 12:41:28 - [MESSAGE][PASSED] - Delayed 1 second(s)

2022-03-28 12:41:28 - [TEST_STEP][PASSED] - takeFullPageScreenshotAsCheckpoint(userDir + sprint4WebScreenshootPath + "scenario-1-halaman-input-life-insurance.png"): Taking screenshot successfully

2022-03-28 12:41:29 - [MESSAGE][INFO] - 0 hidden object(s)

2022-03-28 12:41:29 - [MESSAGE][PASSED] - Taking screenshot successfully
[[ATTACHMENT|C:\Users\elanf\git\BCAF_MEAPP_i3\Screenshoot\Sprint4\Web\keyes\keyes-scenario-1-halaman-input-life-insurance.png]]

2022-03-28 12:41:29 - [TEST_STEP][PASSED] - markPassed("scenario 1 - halaman input life insurance"): scenario 1 - halaman input life insurance

2022-03-28 12:41:29 - [MESSAGE][PASSED] - scenario 1 - halaman input life insurance

2022-03-28 12:41:29 - [TEST_STEP][PASSED] - delay(1): Delayed 1 second(s)

2022-03-28 12:41:30 - [MESSAGE][PASSED] - Delayed 1 second(s)

2022-03-28 12:41:30 - [TEST_STEP][PASSED] - scrollToElement(findTestObject("ME_CollateralAndLoan_Vehicle/a_Calculate All Unit (1)"), 0): Scroll to object 'Object Repository/ME_CollateralAndLoan_Vehicle/a_Calculate All Unit (1)' successfully

2022-03-28 12:41:30 - [MESSAGE][WARNING] - Timeout '0' is invalid. Using default page load timeout: '30'

2022-03-28 12:41:31 - [MESSAGE][PASSED] - Scroll to object 'Object Repository/ME_CollateralAndLoan_Vehicle/a_Calculate All Unit (1)' successfully

2022-03-28 12:41:31 - [TEST_STEP][PASSED] - delay(1): Delayed 1 second(s)

2022-03-28 12:41:32 - [MESSAGE][PASSED] - Delayed 1 second(s)

2022-03-28 12:41:32 - [TEST_STEP][PASSED] - click(findTestObject("vehiclekedua/input_lifeinsurancecorp_kedua"), OPTIONAL): Object: 'Object Repository/vehiclekedua/input_lifeinsurancecorp_kedua' is clicked on

2022-03-28 12:41:32 - [MESSAGE][PASSED] - Object: 'Object Repository/vehiclekedua/input_lifeinsurancecorp_kedua' is clicked on

2022-03-28 12:41:32 - [TEST_STEP][PASSED] - delay(1): Delayed 1 second(s)

2022-03-28 12:41:33 - [MESSAGE][PASSED] - Delayed 1 second(s)

2022-03-28 12:41:33 - [TEST_STEP][PASSED] - setText(findTestObject("vehiclekedua/input_lifeinsurancecorp_kedua"), "ASURANSI LAINNYA", OPTIONAL): Text 'ASURANSI LAINNYA' is set on object 'Object Repository/vehiclekedua/input_lifeinsurancecorp_kedua'

2022-03-28 12:41:34 - [MESSAGE][PASSED] - Text 'ASURANSI LAINNYA' is set on object 'Object Repository/vehiclekedua/input_lifeinsurancecorp_kedua'

2022-03-28 12:41:34 - [TEST_STEP][PASSED] - delay(1): Delayed 1 second(s)

2022-03-28 12:41:35 - [MESSAGE][PASSED] - Delayed 1 second(s)

2022-03-28 12:41:35 - [TEST_STEP][PASSED] - click(findTestObject("vehiclekedua/div_ASURANSI LAINNYA_kedua"), OPTIONAL): Object: 'Object Repository/vehiclekedua/div_ASURANSI LAINNYA_kedua' is clicked on

2022-03-28 12:41:35 - [MESSAGE][PASSED] - Object: 'Object Repository/vehiclekedua/div_ASURANSI LAINNYA_kedua' is clicked on

2022-03-28 12:41:35 - [TEST_STEP][PASSED] - delay(1): Delayed 1 second(s)

2022-03-28 12:41:36 - [MESSAGE][PASSED] - Delayed 1 second(s)

2022-03-28 12:41:36 - [TEST_STEP][PASSED] - click(findTestObject("vehiclekedua/input_lifeinsurancebranch_kedua"), OPTIONAL): Object: 'Object Repository/vehiclekedua/input_lifeinsurancebranch_kedua' is clicked on

2022-03-28 12:41:37 - [MESSAGE][PASSED] - Object: 'Object Repository/vehiclekedua/input_lifeinsurancebranch_kedua' is clicked on

2022-03-28 12:41:37 - [TEST_STEP][PASSED] - delay(1): Delayed 1 second(s)

2022-03-28 12:41:38 - [MESSAGE][PASSED] - Delayed 1 second(s)

2022-03-28 12:41:38 - [TEST_STEP][PASSED] - setText(findTestObject("vehiclekedua/input_lifeinsurancebranch_kedua"), "AS. LAINNYA", OPTIONAL): Text 'AS. LAINNYA' is set on object 'Object Repository/vehiclekedua/input_lifeinsurancebranch_kedua'

2022-03-28 12:41:39 - [MESSAGE][PASSED] - Text 'AS. LAINNYA' is set on object 'Object Repository/vehiclekedua/input_lifeinsurancebranch_kedua'

2022-03-28 12:41:39 - [TEST_STEP][PASSED] - delay(1): Delayed 1 second(s)

2022-03-28 12:41:40 - [MESSAGE][PASSED] - Delayed 1 second(s)

2022-03-28 12:41:40 - [TEST_STEP][PASSED] - click(findTestObject("ME_CollateralAndLoan_Vehicle/div_AS. LAINNYA_lifeinsurance"), OPTIONAL): Object: 'Object Repository/ME_CollateralAndLoan_Vehicle/div_AS. LAINNYA_lifeinsurance' is clicked on

2022-03-28 12:41:40 - [MESSAGE][PASSED] - Object: 'Object Repository/ME_CollateralAndLoan_Vehicle/div_AS. LAINNYA_lifeinsurance' is clicked on

2022-03-28 12:41:40 - [TEST_STEP][PASSED] - delay(1): Delayed 1 second(s)

2022-03-28 12:41:41 - [MESSAGE][PASSED] - Delayed 1 second(s)

2022-03-28 12:41:41 - [TEST_STEP][PASSED] - click(findTestObject("ME_CollateralAndLoan_Vehicle/input_Annual_lifeInsurancePayment"), OPTIONAL): Object: 'Object Repository/ME_CollateralAndLoan_Vehicle/input_Annual_lifeInsurancePayment' is clicked on

2022-03-28 12:41:42 - [MESSAGE][PASSED] - Object: 'Object Repository/ME_CollateralAndLoan_Vehicle/input_Annual_lifeInsurancePayment' is clicked on

2022-03-28 12:41:42 - [TEST_STEP][PASSED] - delay(1): Delayed 1 second(s)

2022-03-28 12:41:43 - [MESSAGE][PASSED] - Delayed 1 second(s)

2022-03-28 12:41:43 - [TEST_STEP][PASSED] - takeFullPageScreenshotAsCheckpoint(userDir + sprint4WebScreenshootPath + "scenario-1-berhasil-input-data-insurance.png"): Taking screenshot successfully

2022-03-28 12:41:44 - [MESSAGE][INFO] - 0 hidden object(s)

2022-03-28 12:41:44 - [MESSAGE][PASSED] - Taking screenshot successfully
[[ATTACHMENT|C:\Users\elanf\git\BCAF_MEAPP_i3\Screenshoot\Sprint4\Web\keyes\keyes-scenario-1-berhasil-input-data-insurance.png]]

2022-03-28 12:41:44 - [TEST_STEP][PASSED] - markPassed("scenario 1 - berhasil input data insurance"): scenario 1 - berhasil input data insurance

2022-03-28 12:41:44 - [MESSAGE][PASSED] - scenario 1 - berhasil input data insurance

2022-03-28 12:41:44 - [TEST_STEP][PASSED] - delay(1): Delayed 1 second(s)

2022-03-28 12:41:45 - [MESSAGE][PASSED] - Delayed 1 second(s)

2022-03-28 12:41:45 - [TEST_STEP][PASSED] - click(findTestObject("ME_CollateralAndLoan_Vehicle/button_Note"), OPTIONAL): Object: 'Object Repository/ME_CollateralAndLoan_Vehicle/button_Note' is clicked on

2022-03-28 12:41:46 - [MESSAGE][PASSED] - Object: 'Object Repository/ME_CollateralAndLoan_Vehicle/button_Note' is clicked on

2022-03-28 12:41:46 - [TEST_STEP][PASSED] - delay(1): Delayed 1 second(s)

2022-03-28 12:41:47 - [MESSAGE][PASSED] - Delayed 1 second(s)

2022-03-28 12:41:47 - [TEST_STEP][PASSED] - takeFullPageScreenshotAsCheckpoint(userDir + sprint4WebScreenshootPath + "scenario-1-submenu-notes.png"): Taking screenshot successfully

2022-03-28 12:41:48 - [MESSAGE][INFO] - 0 hidden object(s)

2022-03-28 12:41:48 - [MESSAGE][PASSED] - Taking screenshot successfully
[[ATTACHMENT|C:\Users\elanf\git\BCAF_MEAPP_i3\Screenshoot\Sprint4\Web\keyes\keyes-scenario-1-submenu-notes.png]]

2022-03-28 12:41:48 - [TEST_STEP][PASSED] - markPassed("scenario 1 - submenu notes"): scenario 1 - submenu notes

2022-03-28 12:41:48 - [MESSAGE][PASSED] - scenario 1 - submenu notes

2022-03-28 12:41:48 - [TEST_STEP][PASSED] - delay(1): Delayed 1 second(s)

2022-03-28 12:41:49 - [MESSAGE][PASSED] - Delayed 1 second(s)

2022-03-28 12:41:49 - [TEST_STEP][PASSED] - setText(findTestObject("ME_CollateralAndLoan_Vehicle/textarea_Note CMO_noteCMO"), "notes cmo note cmo"): Text 'notes cmo note cmo' is set on object 'Object Repository/ME_CollateralAndLoan_Vehicle/textarea_Note CMO_noteCMO'

2022-03-28 12:41:50 - [MESSAGE][PASSED] - Text 'notes cmo note cmo' is set on object 'Object Repository/ME_CollateralAndLoan_Vehicle/textarea_Note CMO_noteCMO'

2022-03-28 12:41:50 - [TEST_STEP][PASSED] - delay(1): Delayed 1 second(s)

2022-03-28 12:41:51 - [MESSAGE][PASSED] - Delayed 1 second(s)

2022-03-28 12:41:51 - [TEST_STEP][PASSED] - takeFullPageScreenshotAsCheckpoint(userDir + sprint4WebScreenshootPath + "scenario-1-submenu-notes.png"): Taking screenshot successfully

2022-03-28 12:41:52 - [MESSAGE][INFO] - 0 hidden object(s)

2022-03-28 12:41:52 - [MESSAGE][PASSED] - Taking screenshot successfully
[[ATTACHMENT|C:\Users\elanf\git\BCAF_MEAPP_i3\Screenshoot\Sprint4\Web\keyes\keyes-scenario-1-submenu-notes.png]]

2022-03-28 12:41:52 - [TEST_STEP][PASSED] - markPassed("scenario 1 - berhasil input  notes CMO"): scenario 1 - berhasil input  notes CMO

2022-03-28 12:41:52 - [MESSAGE][PASSED] - scenario 1 - berhasil input  notes CMO

2022-03-28 12:41:52 - [TEST_STEP][PASSED] - delay(1): Delayed 1 second(s)

2022-03-28 12:41:53 - [MESSAGE][PASSED] - Delayed 1 second(s)

2022-03-28 12:41:53 - [TEST_STEP][PASSED] - click(findTestObject("vehiclekedua/a_Add Unit Kendaraan_kedua")): Object: 'Object Repository/vehiclekedua/a_Add Unit Kendaraan_kedua' is clicked on

2022-03-28 12:41:54 - [MESSAGE][PASSED] - Object: 'Object Repository/vehiclekedua/a_Add Unit Kendaraan_kedua' is clicked on

2022-03-28 12:41:54 - [TEST_STEP][PASSED] - delay(1): Delayed 1 second(s)

2022-03-28 12:41:55 - [MESSAGE][PASSED] - Delayed 1 second(s)

2022-03-28 12:41:55 - [TEST_STEP][PASSED] - takeFullPageScreenshotAsCheckpoint(userDir + sprint4WebScreenshootPath + "scenario-1-pop-up-add-kendaraan.png"): Taking screenshot successfully

2022-03-28 12:41:56 - [MESSAGE][INFO] - 0 hidden object(s)

2022-03-28 12:41:56 - [MESSAGE][PASSED] - Taking screenshot successfully
[[ATTACHMENT|C:\Users\elanf\git\BCAF_MEAPP_i3\Screenshoot\Sprint4\Web\keyes\keyes-scenario-1-pop-up-add-kendaraan.png]]

2022-03-28 12:41:56 - [TEST_STEP][PASSED] - markPassed("scenario 1 - Popup add unit kendaraan"): scenario 1 - Popup add unit kendaraan

2022-03-28 12:41:56 - [MESSAGE][PASSED] - scenario 1 - Popup add unit kendaraan

2022-03-28 12:41:56 - [TEST_STEP][PASSED] - delay(1): Delayed 1 second(s)

2022-03-28 12:41:57 - [MESSAGE][PASSED] - Delayed 1 second(s)

2022-03-28 12:41:57 - [TEST_STEP][PASSED] - setText(findTestObject("vehiclekedua/input_Jumlah unit_kedua"), "2"): Text '2' is set on object 'Object Repository/vehiclekedua/input_Jumlah unit_kedua'

2022-03-28 12:41:58 - [MESSAGE][PASSED] - Text '2' is set on object 'Object Repository/vehiclekedua/input_Jumlah unit_kedua'

2022-03-28 12:41:58 - [TEST_STEP][PASSED] - delay(1): Delayed 1 second(s)

2022-03-28 12:41:59 - [MESSAGE][PASSED] - Delayed 1 second(s)

2022-03-28 12:41:59 - [TEST_STEP][PASSED] - click(findTestObject("ME_CollateralAndLoan_Vehicle/input_ya_copy_addunit")): Object: 'Object Repository/ME_CollateralAndLoan_Vehicle/input_ya_copy_addunit' is clicked on

2022-03-28 12:41:59 - [MESSAGE][PASSED] - Object: 'Object Repository/ME_CollateralAndLoan_Vehicle/input_ya_copy_addunit' is clicked on

2022-03-28 12:41:59 - [TEST_STEP][PASSED] - delay(1): Delayed 1 second(s)

2022-03-28 12:42:00 - [MESSAGE][PASSED] - Delayed 1 second(s)

2022-03-28 12:42:00 - [TEST_STEP][PASSED] - click(findTestObject("ME_CollateralAndLoan_Vehicle/span_Pilih Unit")): Object: 'Object Repository/ME_CollateralAndLoan_Vehicle/span_Pilih Unit' is clicked on

2022-03-28 12:42:01 - [MESSAGE][PASSED] - Object: 'Object Repository/ME_CollateralAndLoan_Vehicle/span_Pilih Unit' is clicked on

2022-03-28 12:42:01 - [TEST_STEP][PASSED] - delay(1): Delayed 1 second(s)

2022-03-28 12:42:02 - [MESSAGE][PASSED] - Delayed 1 second(s)

2022-03-28 12:42:02 - [TEST_STEP][PASSED] - setText(findTestObject("vehiclekedua/input_Add_select2-search__field-UNIT_yangakandicopy_kedua"), "Unit 1"): Text 'Unit 1' is set on object 'Object Repository/vehiclekedua/input_Add_select2-search__field-UNIT_yangakandicopy_kedua'

2022-03-28 12:42:02 - [MESSAGE][PASSED] - Text 'Unit 1' is set on object 'Object Repository/vehiclekedua/input_Add_select2-search__field-UNIT_yangakandicopy_kedua'

2022-03-28 12:42:02 - [TEST_STEP][PASSED] - delay(1): Delayed 1 second(s)

2022-03-28 12:42:03 - [MESSAGE][PASSED] - Delayed 1 second(s)

2022-03-28 12:42:03 - [TEST_STEP][PASSED] - sendKeys(findTestObject("vehiclekedua/input_Add_select2-search__field-UNIT_yangakandicopy_kedua"), Keys.chord(ENTER)): Keys 'ENTER + ' sent to object: 'Object Repository/vehiclekedua/input_Add_select2-search__field-UNIT_yangakandicopy_kedua'

2022-03-28 12:42:04 - [MESSAGE][PASSED] - Keys 'ENTER + ' sent to object: 'Object Repository/vehiclekedua/input_Add_select2-search__field-UNIT_yangakandicopy_kedua'

2022-03-28 12:42:04 - [TEST_STEP][PASSED] - delay(1): Delayed 1 second(s)

2022-03-28 12:42:05 - [MESSAGE][PASSED] - Delayed 1 second(s)

2022-03-28 12:42:05 - [TEST_STEP][PASSED] - takeFullPageScreenshotAsCheckpoint(userDir + sprint4WebScreenshootPath + "scenario-1-berhasil-add-kendaraan.png"): Taking screenshot successfully

2022-03-28 12:42:06 - [MESSAGE][INFO] - 0 hidden object(s)

2022-03-28 12:42:06 - [MESSAGE][PASSED] - Taking screenshot successfully
[[ATTACHMENT|C:\Users\elanf\git\BCAF_MEAPP_i3\Screenshoot\Sprint4\Web\keyes\keyes-scenario-1-berhasil-add-kendaraan.png]]

2022-03-28 12:42:06 - [TEST_STEP][PASSED] - markPassed("scenario 1 - berhasil add unit kendaraan"): scenario 1 - berhasil add unit kendaraan

2022-03-28 12:42:06 - [MESSAGE][PASSED] - scenario 1 - berhasil add unit kendaraan

2022-03-28 12:42:06 - [TEST_STEP][PASSED] - delay(1): Delayed 1 second(s)

2022-03-28 12:42:07 - [MESSAGE][PASSED] - Delayed 1 second(s)

2022-03-28 12:42:07 - [TEST_STEP][PASSED] - click(findTestObject("ME_CollateralAndLoan_Vehicle/button_Add_unit")): Object: 'Object Repository/ME_CollateralAndLoan_Vehicle/button_Add_unit' is clicked on

2022-03-28 12:42:08 - [MESSAGE][PASSED] - Object: 'Object Repository/ME_CollateralAndLoan_Vehicle/button_Add_unit' is clicked on

2022-03-28 12:42:08 - [TEST_STEP][PASSED] - delay(1): Delayed 1 second(s)

2022-03-28 12:42:09 - [MESSAGE][PASSED] - Delayed 1 second(s)

2022-03-28 12:42:09 - [TEST_STEP][PASSED] - click(findTestObject("ME_CollateralAndLoan_Vehicle/a_Calculate All Unit")): Object: 'Object Repository/ME_CollateralAndLoan_Vehicle/a_Calculate All Unit' is clicked on

2022-03-28 12:42:12 - [MESSAGE][PASSED] - Object: 'Object Repository/ME_CollateralAndLoan_Vehicle/a_Calculate All Unit' is clicked on

2022-03-28 12:42:12 - [TEST_STEP][PASSED] - delay(1): Delayed 1 second(s)

2022-03-28 12:42:13 - [MESSAGE][PASSED] - Delayed 1 second(s)

2022-03-28 12:42:13 - [TEST_STEP][PASSED] - verifyElementPresent(findTestObject("ME_CollateralAndLoan_Vehicle/label_Summary Total"), 0): Object 'Object Repository/ME_CollateralAndLoan_Vehicle/label_Summary Total' is present

2022-03-28 12:42:13 - [MESSAGE][WARNING] - Timeout '0' is invalid. Using default page load timeout: '30'

2022-03-28 12:42:16 - [MESSAGE][PASSED] - Object 'Object Repository/ME_CollateralAndLoan_Vehicle/label_Summary Total' is present

2022-03-28 12:42:16 - [TEST_STEP][PASSED] - delay(1): Delayed 1 second(s)

2022-03-28 12:42:17 - [MESSAGE][PASSED] - Delayed 1 second(s)

2022-03-28 12:42:17 - [TEST_STEP][PASSED] - takeFullPageScreenshotAsCheckpoint(userDir + sprint4WebScreenshootPath + "scenario-1-pop-up-summary-total.png"): Taking screenshot successfully

2022-03-28 12:42:18 - [MESSAGE][INFO] - 0 hidden object(s)

2022-03-28 12:42:18 - [MESSAGE][PASSED] - Taking screenshot successfully
[[ATTACHMENT|C:\Users\elanf\git\BCAF_MEAPP_i3\Screenshoot\Sprint4\Web\keyes\keyes-scenario-1-pop-up-summary-total.png]]

2022-03-28 12:42:18 - [TEST_STEP][PASSED] - markPassed("scenario 1 - Popup summary total"): scenario 1 - Popup summary total

2022-03-28 12:42:18 - [MESSAGE][PASSED] - scenario 1 - Popup summary total

2022-03-28 12:42:18 - [TEST_STEP][PASSED] - delay(1): Delayed 1 second(s)

2022-03-28 12:42:19 - [MESSAGE][PASSED] - Delayed 1 second(s)

2022-03-28 12:42:19 - [TEST_STEP][PASSED] - verifyElementPresent(findTestObject("ME_CollateralAndLoan_Vehicle/div_Calculating Summary_mx-0 proceed-state state-1_success"), 0): Object 'Object Repository/ME_CollateralAndLoan_Vehicle/div_Calculating Summary_mx-0 proceed-state state-1_success' is present

2022-03-28 12:42:19 - [MESSAGE][WARNING] - Timeout '0' is invalid. Using default page load timeout: '30'

2022-03-28 12:42:20 - [MESSAGE][PASSED] - Object 'Object Repository/ME_CollateralAndLoan_Vehicle/div_Calculating Summary_mx-0 proceed-state state-1_success' is present

2022-03-28 12:42:20 - [TEST_STEP][PASSED] - delay(1): Delayed 1 second(s)

2022-03-28 12:42:21 - [MESSAGE][PASSED] - Delayed 1 second(s)

2022-03-28 12:42:21 - [TEST_STEP][PASSED] - click(findTestObject("ME_CollateralAndLoan_Vehicle/a_Close_calculate")): Object: 'Object Repository/ME_CollateralAndLoan_Vehicle/a_Close_calculate' is clicked on

2022-03-28 12:42:21 - [MESSAGE][PASSED] - Object: 'Object Repository/ME_CollateralAndLoan_Vehicle/a_Close_calculate' is clicked on]]></system-out>
         <system-err><![CDATA[]]></system-err>
      </testcase>
      <testcase name="Test Cases/Sprint 4/Skenario 2/02-04-Transaction-InputPenyimpangan-ProcessBM" time="27.071" classname="Test Cases/Sprint 4/Skenario 2/02-04-Transaction-InputPenyimpangan-ProcessBM" status="PASSED">
         <system-out><![CDATA[2022-03-28 12:42:21 - [TEST_CASE][PASSED] - Test Cases/Sprint 4/Skenario 2/02-04-Transaction-InputPenyimpangan-ProcessBM: Test Cases/Sprint 4/Skenario 2/02-04-Transaction-InputPenyimpangan-ProcessBM

2022-03-28 12:42:22 - [TEST_STEP][PASSED] - userDir = getProjectDir(): null

2022-03-28 12:42:22 - [TEST_STEP][PASSED] - scrollToPosition(0, 0): Browser is scrolled to position x = 0, y = 0

2022-03-28 12:42:22 - [MESSAGE][PASSED] - Browser is scrolled to position x = 0, y = 0

2022-03-28 12:42:22 - [TEST_STEP][PASSED] - click(findTestObject("Object Repository/Penyimpangan/span_Penyimpangan"), OPTIONAL): Object: 'Object Repository/Penyimpangan/span_Penyimpangan' is clicked on

2022-03-28 12:42:22 - [MESSAGE][PASSED] - Object: 'Object Repository/Penyimpangan/span_Penyimpangan' is clicked on

2022-03-28 12:42:22 - [TEST_STEP][PASSED] - delay(1): Delayed 1 second(s)

2022-03-28 12:42:23 - [MESSAGE][PASSED] - Delayed 1 second(s)

2022-03-28 12:42:23 - [TEST_STEP][PASSED] - takeFullPageScreenshotAsCheckpoint(userDir + sprint4WebScreenshootPath + "scenario-2-masuk-menu-penyimpangan.png"): Taking screenshot successfully

2022-03-28 12:42:24 - [MESSAGE][INFO] - 0 hidden object(s)

2022-03-28 12:42:24 - [MESSAGE][PASSED] - Taking screenshot successfully
[[ATTACHMENT|C:\Users\elanf\git\BCAF_MEAPP_i3\Screenshoot\Sprint4\Web\keyes\keyes-scenario-2-masuk-menu-penyimpangan.png]]

2022-03-28 12:42:24 - [TEST_STEP][PASSED] - markPassed("scenario 2 - Masuk menu penyimpangan"): scenario 2 - Masuk menu penyimpangan

2022-03-28 12:42:24 - [MESSAGE][PASSED] - scenario 2 - Masuk menu penyimpangan

2022-03-28 12:42:24 - [TEST_STEP][PASSED] - delay(1): Delayed 1 second(s)

2022-03-28 12:42:25 - [MESSAGE][PASSED] - Delayed 1 second(s)

2022-03-28 12:42:25 - [TEST_STEP][PASSED] - setText(findTestObject("Object Repository/Penyimpangan/input_keyword"), processBM_keyword, OPTIONAL): Text 'BM - (Tidak berlaku lagi) Bukti rumah berupa AJB / PBB / PPJB / HGB / Perjanjian Kredit KPR yang menunjukkan alamat sesuai dengan tempat tinggal konsumen (dapat atas nama pemohon / pasangan / anak / orang tua / mertua) (CS)' is set on object 'Object Repository/Penyimpangan/input_keyword'

2022-03-28 12:42:31 - [MESSAGE][PASSED] - Text 'BM - (Tidak berlaku lagi) Bukti rumah berupa AJB / PBB / PPJB / HGB / Perjanjian Kredit KPR yang menunjukkan alamat sesuai dengan tempat tinggal konsumen (dapat atas nama pemohon / pasangan / anak / orang tua / mertua) (CS)' is set on object 'Object Repository/Penyimpangan/input_keyword'

2022-03-28 12:42:31 - [TEST_STEP][PASSED] - takeFullPageScreenshotAsCheckpoint(userDir + sprint4WebScreenshootPath + "scenario-2-input-penyimpangan.png"): Taking screenshot successfully

2022-03-28 12:42:33 - [MESSAGE][INFO] - 0 hidden object(s)

2022-03-28 12:42:33 - [MESSAGE][PASSED] - Taking screenshot successfully
[[ATTACHMENT|C:\Users\elanf\git\BCAF_MEAPP_i3\Screenshoot\Sprint4\Web\keyes\keyes-scenario-2-input-penyimpangan.png]]

2022-03-28 12:42:33 - [TEST_STEP][PASSED] - markPassed("scenario 2 - Input penyimpangan"): scenario 2 - Input penyimpangan

2022-03-28 12:42:33 - [MESSAGE][PASSED] - scenario 2 - Input penyimpangan

2022-03-28 12:42:33 - [TEST_STEP][PASSED] - delay(1): Delayed 1 second(s)

2022-03-28 12:42:34 - [MESSAGE][PASSED] - Delayed 1 second(s)

2022-03-28 12:42:34 - [TEST_STEP][PASSED] - delay(1): Delayed 1 second(s)

2022-03-28 12:42:35 - [MESSAGE][PASSED] - Delayed 1 second(s)

2022-03-28 12:42:35 - [TEST_STEP][PASSED] - click(findTestObject("Object Repository/Penyimpangan/span_BM 1"), OPTIONAL): Object: 'Object Repository/Penyimpangan/span_BM 1' is clicked on

2022-03-28 12:42:35 - [MESSAGE][PASSED] - Object: 'Object Repository/Penyimpangan/span_BM 1' is clicked on

2022-03-28 12:42:35 - [TEST_STEP][PASSED] - delay(1): Delayed 1 second(s)

2022-03-28 12:42:36 - [MESSAGE][PASSED] - Delayed 1 second(s)

2022-03-28 12:42:36 - [TEST_STEP][PASSED] - scrollToElement(findTestObject("Object Repository/Penyimpangan/textarea_Catatan_note"), 0, OPTIONAL): Scroll to object 'Object Repository/Penyimpangan/textarea_Catatan_note' successfully

2022-03-28 12:42:36 - [MESSAGE][WARNING] - Timeout '0' is invalid. Using default page load timeout: '30'

2022-03-28 12:42:37 - [MESSAGE][PASSED] - Scroll to object 'Object Repository/Penyimpangan/textarea_Catatan_note' successfully

2022-03-28 12:42:37 - [TEST_STEP][PASSED] - delay(1): Delayed 1 second(s)

2022-03-28 12:42:38 - [MESSAGE][PASSED] - Delayed 1 second(s)

2022-03-28 12:42:38 - [TEST_STEP][PASSED] - setText(findTestObject("Object Repository/Penyimpangan/textarea_Catatan_note"), processBM_catatanNote, OPTIONAL): Text 'Pengajuan 2' is set on object 'Object Repository/Penyimpangan/textarea_Catatan_note'

2022-03-28 12:42:38 - [MESSAGE][PASSED] - Text 'Pengajuan 2' is set on object 'Object Repository/Penyimpangan/textarea_Catatan_note'

2022-03-28 12:42:38 - [TEST_STEP][PASSED] - delay(1): Delayed 1 second(s)

2022-03-28 12:42:39 - [MESSAGE][PASSED] - Delayed 1 second(s)

2022-03-28 12:42:39 - [TEST_STEP][PASSED] - takeFullPageScreenshotAsCheckpoint(userDir + sprint4WebScreenshootPath + "scenario-2-input-penyimpangan-selesai.png"): Taking screenshot successfully

2022-03-28 12:42:40 - [MESSAGE][INFO] - 0 hidden object(s)

2022-03-28 12:42:40 - [MESSAGE][PASSED] - Taking screenshot successfully
[[ATTACHMENT|C:\Users\elanf\git\BCAF_MEAPP_i3\Screenshoot\Sprint4\Web\keyes\keyes-scenario-2-input-penyimpangan-selesai.png]]

2022-03-28 12:42:40 - [TEST_STEP][PASSED] - markPassed("scenario 2 - Input penyimpangan selesai"): scenario 2 - Input penyimpangan selesai

2022-03-28 12:42:40 - [MESSAGE][PASSED] - scenario 2 - Input penyimpangan selesai

2022-03-28 12:42:40 - [TEST_STEP][PASSED] - delay(1): Delayed 1 second(s)

2022-03-28 12:42:41 - [MESSAGE][PASSED] - Delayed 1 second(s)

2022-03-28 12:42:41 - [TEST_STEP][PASSED] - click(findTestObject("Object Repository/Penyimpangan/span_Proceed"), OPTIONAL): Object: 'Object Repository/Penyimpangan/span_Proceed' is clicked on

2022-03-28 12:42:42 - [MESSAGE][PASSED] - Object: 'Object Repository/Penyimpangan/span_Proceed' is clicked on

2022-03-28 12:42:42 - [TEST_STEP][PASSED] - takeFullPageScreenshotAsCheckpoint(userDir + sprint4WebScreenshootPath + "scenario-2-berhasil-proceed.png"): Taking screenshot successfully

2022-03-28 12:42:43 - [MESSAGE][INFO] - 0 hidden object(s)

2022-03-28 12:42:43 - [MESSAGE][PASSED] - Taking screenshot successfully
[[ATTACHMENT|C:\Users\elanf\git\BCAF_MEAPP_i3\Screenshoot\Sprint4\Web\keyes\keyes-scenario-2-berhasil-proceed.png]]

2022-03-28 12:42:43 - [TEST_STEP][PASSED] - markPassed("scenario 2 - berhasil proceed"): scenario 2 - berhasil proceed

2022-03-28 12:42:43 - [MESSAGE][PASSED] - scenario 2 - berhasil proceed

2022-03-28 12:42:43 - [TEST_STEP][PASSED] - delay(5): Delayed 5 second(s)

2022-03-28 12:42:48 - [MESSAGE][PASSED] - Delayed 5 second(s)

2022-03-28 12:42:48 - [TEST_STEP][PASSED] - getSearch2 = getText(findTestObject("Object Repository/Penyimpangan/SetSearch")): Text of object 'Object Repository/Penyimpangan/SetSearch' is: '4003892'

2022-03-28 12:42:48 - [MESSAGE][PASSED] - Text of object 'Object Repository/Penyimpangan/SetSearch' is: '4003892'

2022-03-28 12:42:48 - [TEST_STEP][PASSED] - println(getSearch2): null

2022-03-28 12:42:48 - [TEST_STEP][PASSED] - Search2 = getSearch2: null]]></system-out>
         <system-err><![CDATA[]]></system-err>
      </testcase>
      <testcase name="Test Cases/Sprint 4/Skenario 2/02-05-Transaction-InquiryStatus-SearchPengajuan" time="32.213" classname="Test Cases/Sprint 4/Skenario 2/02-05-Transaction-InquiryStatus-SearchPengajuan" status="PASSED">
         <system-out><![CDATA[2022-03-28 12:42:48 - [TEST_CASE][PASSED] - Test Cases/Sprint 4/Skenario 2/02-05-Transaction-InquiryStatus-SearchPengajuan: Test Cases/Sprint 4/Skenario 2/02-05-Transaction-InquiryStatus-SearchPengajuan

2022-03-28 12:42:49 - [TEST_STEP][PASSED] - userDir = getProjectDir(): null

2022-03-28 12:42:49 - [TEST_STEP][PASSED] - click(findTestObject("Inquiry_Status/a_Close")): Object: 'Object Repository/Inquiry_Status/a_Close' is clicked on

2022-03-28 12:42:49 - [MESSAGE][PASSED] - Object: 'Object Repository/Inquiry_Status/a_Close' is clicked on

2022-03-28 12:42:49 - [TEST_STEP][PASSED] - id1 = Search1: null

2022-03-28 12:42:49 - [TEST_STEP][PASSED] - id2 = Search2: null

2022-03-28 12:42:49 - [TEST_STEP][PASSED] - println(id1): null

2022-03-28 12:42:49 - [TEST_STEP][PASSED] - println(id2): null

2022-03-28 12:42:49 - [TEST_STEP][PASSED] - delay(1): Delayed 1 second(s)

2022-03-28 12:42:50 - [MESSAGE][PASSED] - Delayed 1 second(s)

2022-03-28 12:42:50 - [TEST_STEP][PASSED] - click(findTestObject("Object Repository/Inquiry_Status/span_Inquiry Status Aplikasi")): Object: 'Object Repository/Inquiry_Status/span_Inquiry Status Aplikasi' is clicked on

2022-03-28 12:42:51 - [MESSAGE][PASSED] - Object: 'Object Repository/Inquiry_Status/span_Inquiry Status Aplikasi' is clicked on

2022-03-28 12:42:51 - [TEST_STEP][PASSED] - delay(1): Delayed 1 second(s)

2022-03-28 12:42:52 - [MESSAGE][PASSED] - Delayed 1 second(s)

2022-03-28 12:42:52 - [TEST_STEP][PASSED] - takeFullPageScreenshotAsCheckpoint(userDir + sprint4WebScreenshootPath + "scenario-2-menu-inquiry-status.png"): Taking screenshot successfully

2022-03-28 12:42:52 - [MESSAGE][INFO] - 0 hidden object(s)

2022-03-28 12:42:52 - [MESSAGE][PASSED] - Taking screenshot successfully
[[ATTACHMENT|C:\Users\elanf\git\BCAF_MEAPP_i3\Screenshoot\Sprint4\Web\keyes\keyes-scenario-2-menu-inquiry-status.png]]

2022-03-28 12:42:52 - [TEST_STEP][PASSED] - markPassed("scenario 2 - menu inquiry status"): scenario 2 - menu inquiry status

2022-03-28 12:42:52 - [MESSAGE][PASSED] - scenario 2 - menu inquiry status

2022-03-28 12:42:52 - [TEST_STEP][PASSED] - delay(1): Delayed 1 second(s)

2022-03-28 12:42:53 - [MESSAGE][PASSED] - Delayed 1 second(s)

2022-03-28 12:42:53 - [TEST_STEP][PASSED] - setText(findTestObject("Object Repository/Inquiry_Status/input_Mobile ID  Application ID_form-control ng-untouched ng-pristine ng-valid"), id1): Text '4003889' is set on object 'Object Repository/Inquiry_Status/input_Mobile ID  Application ID_form-control ng-untouched ng-pristine ng-valid'

2022-03-28 12:42:54 - [MESSAGE][PASSED] - Text '4003889' is set on object 'Object Repository/Inquiry_Status/input_Mobile ID  Application ID_form-control ng-untouched ng-pristine ng-valid'

2022-03-28 12:42:54 - [TEST_STEP][PASSED] - delay(1): Delayed 1 second(s)

2022-03-28 12:42:55 - [MESSAGE][PASSED] - Delayed 1 second(s)

2022-03-28 12:42:55 - [TEST_STEP][PASSED] - click(findTestObject("Object Repository/Inquiry_Status/span_Search")): Object: 'Object Repository/Inquiry_Status/span_Search' is clicked on

2022-03-28 12:42:55 - [MESSAGE][PASSED] - Object: 'Object Repository/Inquiry_Status/span_Search' is clicked on

2022-03-28 12:42:55 - [TEST_STEP][PASSED] - delay(10): Delayed 10 second(s)

2022-03-28 12:43:05 - [MESSAGE][PASSED] - Delayed 10 second(s)

2022-03-28 12:43:05 - [TEST_STEP][PASSED] - takeFullPageScreenshotAsCheckpoint(userDir + sprint4WebScreenshootPath + "scenario-3-input-search-inquiry-status-data-pengajuan-1.png"): Taking screenshot successfully

2022-03-28 12:43:06 - [MESSAGE][INFO] - 0 hidden object(s)

2022-03-28 12:43:06 - [MESSAGE][PASSED] - Taking screenshot successfully
[[ATTACHMENT|C:\Users\elanf\git\BCAF_MEAPP_i3\Screenshoot\Sprint4\Web\keyes\keyes-scenario-3-input-search-inquiry-status-data-pengajuan-1.png]]

2022-03-28 12:43:06 - [TEST_STEP][PASSED] - markPassed("scenario 3 - input search inquiry status data pengajuan 1"): scenario 3 - input search inquiry status data pengajuan 1

2022-03-28 12:43:06 - [MESSAGE][PASSED] - scenario 3 - input search inquiry status data pengajuan 1

2022-03-28 12:43:06 - [TEST_STEP][PASSED] - delay(1): Delayed 1 second(s)

2022-03-28 12:43:07 - [MESSAGE][PASSED] - Delayed 1 second(s)

2022-03-28 12:43:07 - [TEST_STEP][PASSED] - setText(findTestObject("Object Repository/Inquiry_Status/input_Mobile ID  Application ID_form-control ng-untouched ng-pristine ng-valid"), id2): Text '4003892' is set on object 'Object Repository/Inquiry_Status/input_Mobile ID  Application ID_form-control ng-untouched ng-pristine ng-valid'

2022-03-28 12:43:07 - [MESSAGE][PASSED] - Text '4003892' is set on object 'Object Repository/Inquiry_Status/input_Mobile ID  Application ID_form-control ng-untouched ng-pristine ng-valid'

2022-03-28 12:43:07 - [TEST_STEP][PASSED] - delay(1): Delayed 1 second(s)

2022-03-28 12:43:08 - [MESSAGE][PASSED] - Delayed 1 second(s)

2022-03-28 12:43:08 - [TEST_STEP][PASSED] - click(findTestObject("Object Repository/Inquiry_Status/span_Search")): Object: 'Object Repository/Inquiry_Status/span_Search' is clicked on

2022-03-28 12:43:09 - [MESSAGE][PASSED] - Object: 'Object Repository/Inquiry_Status/span_Search' is clicked on

2022-03-28 12:43:09 - [TEST_STEP][PASSED] - delay(1): Delayed 1 second(s)

2022-03-28 12:43:10 - [MESSAGE][PASSED] - Delayed 1 second(s)

2022-03-28 12:43:10 - [TEST_STEP][PASSED] - takeFullPageScreenshotAsCheckpoint(userDir + sprint4WebScreenshootPath + "scenario-3-input-search-inquiry-status-data-pengajuan-2.png"): Taking screenshot successfully

2022-03-28 12:43:10 - [MESSAGE][INFO] - 0 hidden object(s)

2022-03-28 12:43:11 - [MESSAGE][PASSED] - Taking screenshot successfully
[[ATTACHMENT|C:\Users\elanf\git\BCAF_MEAPP_i3\Screenshoot\Sprint4\Web\keyes\keyes-scenario-3-input-search-inquiry-status-data-pengajuan-2.png]]

2022-03-28 12:43:11 - [TEST_STEP][PASSED] - markPassed("scenario 3 - input search inquiry status data pengajuan 2"): scenario 3 - input search inquiry status data pengajuan 2

2022-03-28 12:43:11 - [MESSAGE][PASSED] - scenario 3 - input search inquiry status data pengajuan 2

2022-03-28 12:43:11 - [TEST_STEP][PASSED] - delay(10): Delayed 10 second(s)

2022-03-28 12:43:21 - [MESSAGE][PASSED] - Delayed 10 second(s)]]></system-out>
         <system-err><![CDATA[]]></system-err>
      </testcase>
      <testcase name="Test Cases/Sprint 4/Skenario 3/03-01-Transaction-AppBaru-InisiasiKonsumenBaru" time="86.091" classname="Test Cases/Sprint 4/Skenario 3/03-01-Transaction-AppBaru-InisiasiKonsumenBaru" status="PASSED">
         <system-out><![CDATA[2022-03-28 12:43:21 - [TEST_CASE][PASSED] - Test Cases/Sprint 4/Skenario 3/03-01-Transaction-AppBaru-InisiasiKonsumenBaru: Test Cases/Sprint 4/Skenario 3/03-01-Transaction-AppBaru-InisiasiKonsumenBaru

2022-03-28 12:43:21 - [TEST_STEP][PASSED] - robot = new java.awt.Robot(): null

2022-03-28 12:43:21 - [TEST_STEP][PASSED] - userDir = getProjectDir(): null

2022-03-28 12:43:21 - [TEST_STEP][PASSED] - openBrowser(""): Browser is opened with url: ''

2022-03-28 12:43:21 - [MESSAGE][WARNING] - A browser is already opened. Closing browser and opening a new one

2022-03-28 12:43:22 - [MESSAGE][INFO] - Starting 'Chrome' driver

2022-03-28 12:43:22 - [MESSAGE][INFO] - Action delay is set to 0 milliseconds

2022-03-28 12:43:23 - [MESSAGE][PASSED] - Browser is opened with url: ''

2022-03-28 12:43:23 - [TEST_STEP][PASSED] - driver = getWebDriver(): null

2022-03-28 12:43:23 - [TEST_STEP][PASSED] - navigateToUrl(ME_url): Navigate to 'https://mecorporate.idofocus.co.id:25443/login' successfully

2022-03-28 12:43:24 - [MESSAGE][PASSED] - Navigate to 'https://mecorporate.idofocus.co.id:25443/login' successfully

2022-03-28 12:43:24 - [TEST_STEP][PASSED] - maximizeWindow(): Current window maximized

2022-03-28 12:43:24 - [MESSAGE][PASSED] - Current window maximized

2022-03-28 12:43:24 - [TEST_STEP][PASSED] - delay(5): Delayed 5 second(s)

2022-03-28 12:43:29 - [MESSAGE][PASSED] - Delayed 5 second(s)

2022-03-28 12:43:29 - [TEST_STEP][PASSED] - setText(findTestObject("MEApp_AppBaru_InisiasiKonsumen/input_User ID_login"), CMO): Text '20190364' is set on object 'Object Repository/MEApp_AppBaru_InisiasiKonsumen/input_User ID_login'

2022-03-28 12:43:30 - [MESSAGE][PASSED] - Text '20190364' is set on object 'Object Repository/MEApp_AppBaru_InisiasiKonsumen/input_User ID_login'

2022-03-28 12:43:30 - [TEST_STEP][PASSED] - setText(findTestObject("MEApp_AppBaru_InisiasiKonsumen/input_User Password_login"), password): Text 'Mobile123+' is set on object 'Object Repository/MEApp_AppBaru_InisiasiKonsumen/input_User Password_login'

2022-03-28 12:43:30 - [MESSAGE][PASSED] - Text 'Mobile123+' is set on object 'Object Repository/MEApp_AppBaru_InisiasiKonsumen/input_User Password_login'

2022-03-28 12:43:30 - [TEST_STEP][PASSED] - takeFullPageScreenshotAsCheckpoint(userDir + sprint4WebScreenshootPath + "scenario-1-aplikasi-baru-login.png"): Taking screenshot successfully

2022-03-28 12:43:31 - [MESSAGE][INFO] - 0 hidden object(s)

2022-03-28 12:43:31 - [MESSAGE][PASSED] - Taking screenshot successfully
[[ATTACHMENT|C:\Users\elanf\git\BCAF_MEAPP_i3\Screenshoot\Sprint4\Web\keyes\keyes-scenario-1-aplikasi-baru-login.png]]

2022-03-28 12:43:31 - [TEST_STEP][PASSED] - markPassed("Scenario 1 - Memastikan login berhasil"): Scenario 1 - Memastikan login berhasil

2022-03-28 12:43:31 - [MESSAGE][PASSED] - Scenario 1 - Memastikan login berhasil

2022-03-28 12:43:31 - [TEST_STEP][PASSED] - click(findTestObject("MEApp_AppBaru_InisiasiKonsumen/button_Login")): Object: 'Object Repository/MEApp_AppBaru_InisiasiKonsumen/button_Login' is clicked on

2022-03-28 12:43:32 - [MESSAGE][PASSED] - Object: 'Object Repository/MEApp_AppBaru_InisiasiKonsumen/button_Login' is clicked on

2022-03-28 12:43:32 - [TEST_STEP][PASSED] - delay(2): Delayed 2 second(s)

2022-03-28 12:43:34 - [MESSAGE][PASSED] - Delayed 2 second(s)

2022-03-28 12:43:34 - [TEST_STEP][PASSED] - verifyElementPresent(findTestObject("MEApp_AppBaru_InisiasiKonsumen/span_Transaksi"), 0): Object 'Object Repository/MEApp_AppBaru_InisiasiKonsumen/span_Transaksi' is present

2022-03-28 12:43:34 - [MESSAGE][WARNING] - Timeout '0' is invalid. Using default page load timeout: '30'

2022-03-28 12:43:34 - [MESSAGE][PASSED] - Object 'Object Repository/MEApp_AppBaru_InisiasiKonsumen/span_Transaksi' is present

2022-03-28 12:43:34 - [TEST_STEP][PASSED] - click(findTestObject("MEApp_AppBaru_InisiasiKonsumen/span_Transaksi")): Object: 'Object Repository/MEApp_AppBaru_InisiasiKonsumen/span_Transaksi' is clicked on

2022-03-28 12:43:34 - [MESSAGE][PASSED] - Object: 'Object Repository/MEApp_AppBaru_InisiasiKonsumen/span_Transaksi' is clicked on

2022-03-28 12:43:34 - [TEST_STEP][PASSED] - delay(1): Delayed 1 second(s)

2022-03-28 12:43:35 - [MESSAGE][PASSED] - Delayed 1 second(s)

2022-03-28 12:43:35 - [TEST_STEP][PASSED] - click(findTestObject("MEApp_AppBaru_InisiasiKonsumen/span_Aplikasi Baru")): Object: 'Object Repository/MEApp_AppBaru_InisiasiKonsumen/span_Aplikasi Baru' is clicked on

2022-03-28 12:43:36 - [MESSAGE][PASSED] - Object: 'Object Repository/MEApp_AppBaru_InisiasiKonsumen/span_Aplikasi Baru' is clicked on

2022-03-28 12:43:36 - [TEST_STEP][PASSED] - delay(1): Delayed 1 second(s)

2022-03-28 12:43:37 - [MESSAGE][PASSED] - Delayed 1 second(s)

2022-03-28 12:43:37 - [TEST_STEP][PASSED] - takeFullPageScreenshotAsCheckpoint(userDir + sprint4WebScreenshootPath + "scenario-1-memilih-button-transaksi-dan-aplikasi-baru.png"): Taking screenshot successfully

2022-03-28 12:43:37 - [MESSAGE][INFO] - 0 hidden object(s)

2022-03-28 12:43:37 - [MESSAGE][PASSED] - Taking screenshot successfully
[[ATTACHMENT|C:\Users\elanf\git\BCAF_MEAPP_i3\Screenshoot\Sprint4\Web\keyes\keyes-scenario-1-memilih-button-transaksi-dan-aplikasi-baru.png]]

2022-03-28 12:43:37 - [TEST_STEP][PASSED] - markPassed("Scenario 1 - Memilih button transaksi dan aplikasi baru"): Scenario 1 - Memilih button transaksi dan aplikasi baru

2022-03-28 12:43:37 - [MESSAGE][PASSED] - Scenario 1 - Memilih button transaksi dan aplikasi baru

2022-03-28 12:43:37 - [TEST_STEP][PASSED] - click(findTestObject("MEApp_AppBaru_InisiasiKonsumen/input_perorangan_radios-apptype")): Object: 'Object Repository/MEApp_AppBaru_InisiasiKonsumen/input_perorangan_radios-apptype' is clicked on

2022-03-28 12:43:37 - [MESSAGE][PASSED] - Object: 'Object Repository/MEApp_AppBaru_InisiasiKonsumen/input_perorangan_radios-apptype' is clicked on

2022-03-28 12:43:37 - [TEST_STEP][PASSED] - delay(1): Delayed 1 second(s)

2022-03-28 12:43:38 - [MESSAGE][PASSED] - Delayed 1 second(s)

2022-03-28 12:43:38 - [TEST_STEP][PASSED] - click(findTestObject("MEApp_AppBaru_InisiasiKonsumen/input_korporasi_radios-apptype")): Object: 'Object Repository/MEApp_AppBaru_InisiasiKonsumen/input_korporasi_radios-apptype' is clicked on

2022-03-28 12:43:39 - [MESSAGE][PASSED] - Object: 'Object Repository/MEApp_AppBaru_InisiasiKonsumen/input_korporasi_radios-apptype' is clicked on

2022-03-28 12:43:39 - [TEST_STEP][PASSED] - delay(1): Delayed 1 second(s)

2022-03-28 12:43:40 - [MESSAGE][PASSED] - Delayed 1 second(s)

2022-03-28 12:43:40 - [TEST_STEP][PASSED] - click(findTestObject("MEApp_AppBaru_InisiasiKonsumen/input-badanusaha")): Object: 'Object Repository/MEApp_AppBaru_InisiasiKonsumen/input-badanusaha' is clicked on

2022-03-28 12:43:40 - [MESSAGE][PASSED] - Object: 'Object Repository/MEApp_AppBaru_InisiasiKonsumen/input-badanusaha' is clicked on

2022-03-28 12:43:40 - [TEST_STEP][PASSED] - delay(1): Delayed 1 second(s)

2022-03-28 12:43:41 - [MESSAGE][PASSED] - Delayed 1 second(s)

2022-03-28 12:43:41 - [TEST_STEP][PASSED] - setText(findTestObject("MEApp_AppBaru_InisiasiKonsumen/input-badanusaha"), "Perseroan Terbatas ( PT. , NV. , LTD. )"): Text 'Perseroan Terbatas ( PT. , NV. , LTD. )' is set on object 'Object Repository/MEApp_AppBaru_InisiasiKonsumen/input-badanusaha'

2022-03-28 12:43:42 - [MESSAGE][PASSED] - Text 'Perseroan Terbatas ( PT. , NV. , LTD. )' is set on object 'Object Repository/MEApp_AppBaru_InisiasiKonsumen/input-badanusaha'

2022-03-28 12:43:42 - [TEST_STEP][PASSED] - delay(1): Delayed 1 second(s)

2022-03-28 12:43:43 - [MESSAGE][PASSED] - Delayed 1 second(s)

2022-03-28 12:43:43 - [TEST_STEP][PASSED] - takeFullPageScreenshotAsCheckpoint(userDir + sprint4WebScreenshootPath + "scenario-1-input-badan-usaha.png"): Taking screenshot successfully

2022-03-28 12:43:43 - [MESSAGE][INFO] - 0 hidden object(s)

2022-03-28 12:43:43 - [MESSAGE][PASSED] - Taking screenshot successfully
[[ATTACHMENT|C:\Users\elanf\git\BCAF_MEAPP_i3\Screenshoot\Sprint4\Web\keyes\keyes-scenario-1-input-badan-usaha.png]]

2022-03-28 12:43:43 - [TEST_STEP][PASSED] - markPassed("Scenario 1 - Input badan usaha"): Scenario 1 - Input badan usaha

2022-03-28 12:43:43 - [MESSAGE][PASSED] - Scenario 1 - Input badan usaha

2022-03-28 12:43:43 - [TEST_STEP][PASSED] - delay(2): Delayed 2 second(s)

2022-03-28 12:43:46 - [MESSAGE][PASSED] - Delayed 2 second(s)

2022-03-28 12:43:46 - [TEST_STEP][PASSED] - click(findTestObject("MEApp_AppBaru_InisiasiKonsumen/span_Perseroan Terbatas ( PT. , NV. , LTD. )")): Object: 'Object Repository/MEApp_AppBaru_InisiasiKonsumen/span_Perseroan Terbatas ( PT. , NV. , LTD. )' is clicked on

2022-03-28 12:43:46 - [MESSAGE][PASSED] - Object: 'Object Repository/MEApp_AppBaru_InisiasiKonsumen/span_Perseroan Terbatas ( PT. , NV. , LTD. )' is clicked on

2022-03-28 12:43:46 - [TEST_STEP][PASSED] - delay(2): Delayed 2 second(s)

2022-03-28 12:43:48 - [MESSAGE][PASSED] - Delayed 2 second(s)

2022-03-28 12:43:48 - [TEST_STEP][PASSED] - takeFullPageScreenshotAsCheckpoint(userDir + sprint4WebScreenshootPath + "scenario-1-page-sebelum-input-capture.png"): Taking screenshot successfully

2022-03-28 12:43:48 - [MESSAGE][INFO] - 0 hidden object(s)

2022-03-28 12:43:49 - [MESSAGE][PASSED] - Taking screenshot successfully
[[ATTACHMENT|C:\Users\elanf\git\BCAF_MEAPP_i3\Screenshoot\Sprint4\Web\keyes\keyes-scenario-1-page-sebelum-input-capture.png]]

2022-03-28 12:43:49 - [TEST_STEP][PASSED] - markPassed("Scenario 1 - Sebelum input capture npwp + SIUP + TDP"): Scenario 1 - Sebelum input capture npwp + SIUP + TDP

2022-03-28 12:43:49 - [MESSAGE][PASSED] - Scenario 1 - Sebelum input capture npwp + SIUP + TDP

2022-03-28 12:43:49 - [TEST_STEP][PASSED] - delay(2): Delayed 2 second(s)

2022-03-28 12:43:51 - [MESSAGE][PASSED] - Delayed 2 second(s)

2022-03-28 12:43:51 - [TEST_STEP][PASSED] - click(findTestObject("MEApp_AppBaru_InisiasiKonsumen/button_Capture_npwp")): Object: 'Object Repository/MEApp_AppBaru_InisiasiKonsumen/button_Capture_npwp' is clicked on

2022-03-28 12:43:51 - [MESSAGE][PASSED] - Object: 'Object Repository/MEApp_AppBaru_InisiasiKonsumen/button_Capture_npwp' is clicked on

2022-03-28 12:43:51 - [TEST_STEP][PASSED] - delay(2): Delayed 2 second(s)

2022-03-28 12:43:53 - [MESSAGE][PASSED] - Delayed 2 second(s)

2022-03-28 12:43:53 - [TEST_STEP][PASSED] - uploadFile(findTestObject("MEApp_AppBaru_InisiasiKonsumen/Capture_"), userDir + pathfinder_npwp): File 'C:/Users/elanf/git/BCAF_MEAPP_i3/Assets/npwp-dummy.jpg' sent to object: 'Object Repository/MEApp_AppBaru_InisiasiKonsumen/Capture_'

2022-03-28 12:43:53 - [MESSAGE][PASSED] - File 'C:/Users/elanf/git/BCAF_MEAPP_i3/Assets/npwp-dummy.jpg' sent to object: 'Object Repository/MEApp_AppBaru_InisiasiKonsumen/Capture_'

2022-03-28 12:43:53 - [TEST_STEP][PASSED] - waitForElementPresent(findTestObject("MEApp_AppBaru_InisiasiKonsumen/button_NPWP"), 0): Object 'Object Repository/MEApp_AppBaru_InisiasiKonsumen/button_NPWP' is present

2022-03-28 12:43:53 - [MESSAGE][WARNING] - Timeout '0' is invalid. Using default page load timeout: '30'

2022-03-28 12:43:56 - [MESSAGE][PASSED] - Object 'Object Repository/MEApp_AppBaru_InisiasiKonsumen/button_NPWP' is present

2022-03-28 12:43:56 - [TEST_STEP][PASSED] - setText(findTestObject("MEApp_AppBaru_InisiasiKonsumen/input_NPWP No fix"), NPWP_tidakBerlaku): Text '018368167428000' is set on object 'Object Repository/MEApp_AppBaru_InisiasiKonsumen/input_NPWP No fix'

2022-03-28 12:43:57 - [MESSAGE][PASSED] - Text '018368167428000' is set on object 'Object Repository/MEApp_AppBaru_InisiasiKonsumen/input_NPWP No fix'

2022-03-28 12:43:57 - [TEST_STEP][PASSED] - delay(1): Delayed 1 second(s)

2022-03-28 12:43:58 - [MESSAGE][PASSED] - Delayed 1 second(s)

2022-03-28 12:43:58 - [TEST_STEP][PASSED] - setText(findTestObject("MEApp_AppBaru_InisiasiKonsumen/input_Name fix"), CN_tidakBerlaku): Text 'NIGUUNUNANETI  AASA DS' is set on object 'Object Repository/MEApp_AppBaru_InisiasiKonsumen/input_Name fix'

2022-03-28 12:43:58 - [MESSAGE][PASSED] - Text 'NIGUUNUNANETI  AASA DS' is set on object 'Object Repository/MEApp_AppBaru_InisiasiKonsumen/input_Name fix'

2022-03-28 12:43:58 - [TEST_STEP][PASSED] - click(findTestObject("MEApp_AppBaru_InisiasiKonsumen/button_Capture_siupfix")): Object: 'Object Repository/MEApp_AppBaru_InisiasiKonsumen/button_Capture_siupfix' is clicked on

2022-03-28 12:43:59 - [MESSAGE][PASSED] - Object: 'Object Repository/MEApp_AppBaru_InisiasiKonsumen/button_Capture_siupfix' is clicked on

2022-03-28 12:43:59 - [TEST_STEP][PASSED] - delay(2): Delayed 2 second(s)

2022-03-28 12:44:01 - [MESSAGE][PASSED] - Delayed 2 second(s)

2022-03-28 12:44:01 - [TEST_STEP][PASSED] - uploadFile(findTestObject("MEApp_AppBaru_InisiasiKonsumen/Capture_"), userDir + pathfinder_siup): File 'C:/Users/elanf/git/BCAF_MEAPP_i3/Assets/siup-dummy.jpg' sent to object: 'Object Repository/MEApp_AppBaru_InisiasiKonsumen/Capture_'

2022-03-28 12:44:01 - [MESSAGE][PASSED] - File 'C:/Users/elanf/git/BCAF_MEAPP_i3/Assets/siup-dummy.jpg' sent to object: 'Object Repository/MEApp_AppBaru_InisiasiKonsumen/Capture_'

2022-03-28 12:44:01 - [TEST_STEP][PASSED] - delay(2): Delayed 2 second(s)

2022-03-28 12:44:03 - [MESSAGE][PASSED] - Delayed 2 second(s)

2022-03-28 12:44:03 - [TEST_STEP][PASSED] - click(findTestObject("MEApp_AppBaru_InisiasiKonsumen/button_Capture_TDP")): Object: 'Object Repository/MEApp_AppBaru_InisiasiKonsumen/button_Capture_TDP' is clicked on

2022-03-28 12:44:03 - [MESSAGE][PASSED] - Object: 'Object Repository/MEApp_AppBaru_InisiasiKonsumen/button_Capture_TDP' is clicked on

2022-03-28 12:44:03 - [TEST_STEP][PASSED] - delay(2): Delayed 2 second(s)

2022-03-28 12:44:05 - [MESSAGE][PASSED] - Delayed 2 second(s)

2022-03-28 12:44:05 - [TEST_STEP][PASSED] - uploadFile(findTestObject("MEApp_AppBaru_InisiasiKonsumen/Capture_"), userDir + pathfinder_tdp): File 'C:/Users/elanf/git/BCAF_MEAPP_i3/Assets/tdp-dummy.jpg' sent to object: 'Object Repository/MEApp_AppBaru_InisiasiKonsumen/Capture_'

2022-03-28 12:44:06 - [MESSAGE][PASSED] - File 'C:/Users/elanf/git/BCAF_MEAPP_i3/Assets/tdp-dummy.jpg' sent to object: 'Object Repository/MEApp_AppBaru_InisiasiKonsumen/Capture_'

2022-03-28 12:44:06 - [TEST_STEP][PASSED] - delay(2): Delayed 2 second(s)

2022-03-28 12:44:08 - [MESSAGE][PASSED] - Delayed 2 second(s)

2022-03-28 12:44:08 - [TEST_STEP][PASSED] - takeFullPageScreenshotAsCheckpoint(userDir + sprint4WebScreenshootPath + "scenario-1-Capture-npwp-siup-tdp.png"): Taking screenshot successfully

2022-03-28 12:44:08 - [MESSAGE][INFO] - 0 hidden object(s)

2022-03-28 12:44:08 - [MESSAGE][PASSED] - Taking screenshot successfully
[[ATTACHMENT|C:\Users\elanf\git\BCAF_MEAPP_i3\Screenshoot\Sprint4\Web\keyes\keyes-scenario-1-Capture-npwp-siup-tdp.png]]

2022-03-28 12:44:08 - [TEST_STEP][PASSED] - markPassed("Scenario 1 - Capture NPWP + SIUP + TDP"): Scenario 1 - Capture NPWP + SIUP + TDP

2022-03-28 12:44:08 - [MESSAGE][PASSED] - Scenario 1 - Capture NPWP + SIUP + TDP

2022-03-28 12:44:08 - [TEST_STEP][PASSED] - delay(2): Delayed 2 second(s)

2022-03-28 12:44:10 - [MESSAGE][PASSED] - Delayed 2 second(s)

2022-03-28 12:44:10 - [TEST_STEP][PASSED] - delay(1): Delayed 1 second(s)

2022-03-28 12:44:11 - [MESSAGE][PASSED] - Delayed 1 second(s)

2022-03-28 12:44:11 - [TEST_STEP][PASSED] - click(findTestObject("MEApp_AppBaru_InisiasiKonsumen/input_Ada Perubahan Data YA")): Object: 'Object Repository/MEApp_AppBaru_InisiasiKonsumen/input_Ada Perubahan Data YA' is clicked on

2022-03-28 12:44:12 - [MESSAGE][PASSED] - Object: 'Object Repository/MEApp_AppBaru_InisiasiKonsumen/input_Ada Perubahan Data YA' is clicked on

2022-03-28 12:44:12 - [TEST_STEP][PASSED] - delay(1): Delayed 1 second(s)

2022-03-28 12:44:13 - [MESSAGE][PASSED] - Delayed 1 second(s)

2022-03-28 12:44:13 - [TEST_STEP][PASSED] - click(findTestObject("MEApp_AppBaru_InisiasiKonsumen/input_Ada Perubahan Data Tidak")): Object: 'Object Repository/MEApp_AppBaru_InisiasiKonsumen/input_Ada Perubahan Data Tidak' is clicked on

2022-03-28 12:44:13 - [MESSAGE][PASSED] - Object: 'Object Repository/MEApp_AppBaru_InisiasiKonsumen/input_Ada Perubahan Data Tidak' is clicked on

2022-03-28 12:44:13 - [TEST_STEP][PASSED] - delay(1): Delayed 1 second(s)

2022-03-28 12:44:14 - [MESSAGE][PASSED] - Delayed 1 second(s)

2022-03-28 12:44:14 - [TEST_STEP][PASSED] - takeFullPageScreenshotAsCheckpoint(userDir + sprint4WebScreenshootPath + "scenario-1-Memilih-Radio-Button-Perubahan-Data.png"): Taking screenshot successfully

2022-03-28 12:44:15 - [MESSAGE][INFO] - 0 hidden object(s)

2022-03-28 12:44:15 - [MESSAGE][PASSED] - Taking screenshot successfully
[[ATTACHMENT|C:\Users\elanf\git\BCAF_MEAPP_i3\Screenshoot\Sprint4\Web\keyes\keyes-scenario-1-Memilih-Radio-Button-Perubahan-Data.png]]

2022-03-28 12:44:15 - [TEST_STEP][PASSED] - markPassed("Scenario 1 - Memilih Radio Button Perubahan Data"): Scenario 1 - Memilih Radio Button Perubahan Data

2022-03-28 12:44:15 - [MESSAGE][PASSED] - Scenario 1 - Memilih Radio Button Perubahan Data

2022-03-28 12:44:15 - [TEST_STEP][PASSED] - delay(2): Delayed 2 second(s)

2022-03-28 12:44:17 - [MESSAGE][PASSED] - Delayed 2 second(s)

2022-03-28 12:44:17 - [TEST_STEP][PASSED] - click(findTestObject("MEApp_AppBaru_InisiasiKonsumen/button_Prosesfix")): Object: 'Object Repository/MEApp_AppBaru_InisiasiKonsumen/button_Prosesfix' is clicked on

2022-03-28 12:44:17 - [MESSAGE][PASSED] - Object: 'Object Repository/MEApp_AppBaru_InisiasiKonsumen/button_Prosesfix' is clicked on

2022-03-28 12:44:17 - [TEST_STEP][PASSED] - delay(2): Delayed 2 second(s)

2022-03-28 12:44:19 - [MESSAGE][PASSED] - Delayed 2 second(s)

2022-03-28 12:44:19 - [TEST_STEP][PASSED] - waitForElementPresent(findTestObject("MEApp_AppBaru_InisiasiKonsumen/AplikasiBaruMatching"), 300): Object 'Object Repository/MEApp_AppBaru_InisiasiKonsumen/AplikasiBaruMatching' is present

2022-03-28 12:44:36 - [MESSAGE][PASSED] - Object 'Object Repository/MEApp_AppBaru_InisiasiKonsumen/AplikasiBaruMatching' is present

2022-03-28 12:44:36 - [TEST_STEP][PASSED] - takeFullPageScreenshotAsCheckpoint(userDir + sprint4WebScreenshootPath + "scenario-1-Masuk-aplikasi-matching.png"): Taking screenshot successfully

2022-03-28 12:44:37 - [MESSAGE][INFO] - 0 hidden object(s)

2022-03-28 12:44:37 - [MESSAGE][PASSED] - Taking screenshot successfully
[[ATTACHMENT|C:\Users\elanf\git\BCAF_MEAPP_i3\Screenshoot\Sprint4\Web\keyes\keyes-scenario-1-Masuk-aplikasi-matching.png]]

2022-03-28 12:44:37 - [TEST_STEP][PASSED] - markPassed("Scenario 1 - Masuk aplikasi matching"): Scenario 1 - Masuk aplikasi matching

2022-03-28 12:44:37 - [MESSAGE][PASSED] - Scenario 1 - Masuk aplikasi matching

2022-03-28 12:44:37 - [TEST_STEP][PASSED] - delay(2): Delayed 2 second(s)

2022-03-28 12:44:39 - [MESSAGE][PASSED] - Delayed 2 second(s)

2022-03-28 12:44:39 - [TEST_STEP][PASSED] - click(findTestObject("MEApp_AppBaru_InisiasiKonsumen/a_Ok")): Object: 'Object Repository/MEApp_AppBaru_InisiasiKonsumen/a_Ok' is clicked on

2022-03-28 12:44:39 - [MESSAGE][PASSED] - Object: 'Object Repository/MEApp_AppBaru_InisiasiKonsumen/a_Ok' is clicked on

2022-03-28 12:44:39 - [TEST_STEP][PASSED] - delay(1): Delayed 1 second(s)

2022-03-28 12:44:40 - [MESSAGE][PASSED] - Delayed 1 second(s)

2022-03-28 12:44:40 - [TEST_STEP][PASSED] - click(findTestObject("MEApp_AppBaru_InisiasiKonsumen/button_Ya")): Object: 'Object Repository/MEApp_AppBaru_InisiasiKonsumen/button_Ya' is clicked on

2022-03-28 12:44:41 - [MESSAGE][PASSED] - Object: 'Object Repository/MEApp_AppBaru_InisiasiKonsumen/button_Ya' is clicked on

2022-03-28 12:44:41 - [TEST_STEP][PASSED] - delay(3): Delayed 3 second(s)

2022-03-28 12:44:44 - [MESSAGE][PASSED] - Delayed 3 second(s)

2022-03-28 12:44:44 - [TEST_STEP][PASSED] - takeFullPageScreenshotAsCheckpoint(userDir + sprint4WebScreenshootPath + "scenario-1-Berhasil-dilakukan-inisiasi-konsumen-baru.png"): Taking screenshot successfully

2022-03-28 12:44:44 - [MESSAGE][INFO] - 0 hidden object(s)

2022-03-28 12:44:45 - [MESSAGE][PASSED] - Taking screenshot successfully
[[ATTACHMENT|C:\Users\elanf\git\BCAF_MEAPP_i3\Screenshoot\Sprint4\Web\keyes\keyes-scenario-1-Berhasil-dilakukan-inisiasi-konsumen-baru.png]]

2022-03-28 12:44:45 - [TEST_STEP][PASSED] - markPassed("Scenario 1 - Berhasil dilakukan inisiasi konsumen baru"): Scenario 1 - Berhasil dilakukan inisiasi konsumen baru

2022-03-28 12:44:45 - [MESSAGE][PASSED] - Scenario 1 - Berhasil dilakukan inisiasi konsumen baru

2022-03-28 12:44:45 - [TEST_STEP][PASSED] - delay(2): Delayed 2 second(s)

2022-03-28 12:44:47 - [MESSAGE][PASSED] - Delayed 2 second(s)]]></system-out>
         <system-err><![CDATA[]]></system-err>
      </testcase>
      <testcase name="Test Cases/Sprint 4/Skenario 3/03-02-Transaction-AppPending-InputCorporate" time="226.725" classname="Test Cases/Sprint 4/Skenario 3/03-02-Transaction-AppPending-InputCorporate" status="PASSED">
         <system-out><![CDATA[2022-03-28 12:44:47 - [TEST_CASE][PASSED] - Test Cases/Sprint 4/Skenario 3/03-02-Transaction-AppPending-InputCorporate: Test Cases/Sprint 4/Skenario 3/03-02-Transaction-AppPending-InputCorporate

2022-03-28 12:44:47 - [TEST_STEP][PASSED] - userDir = getProjectDir(): null

2022-03-28 12:44:47 - [TEST_STEP][PASSED] - setText(findTestObject("Object Repository/Input_Corporate/Input_Konsumen/input_SID Name_form-control ng-untouched ng-pristine ng-invalid"), konsumen_SID, OPTIONAL): Text '223213445' is set on object 'Object Repository/Input_Corporate/Input_Konsumen/input_SID Name_form-control ng-untouched ng-pristine ng-invalid'

2022-03-28 12:45:44 - [MESSAGE][PASSED] - Text '223213445' is set on object 'Object Repository/Input_Corporate/Input_Konsumen/input_SID Name_form-control ng-untouched ng-pristine ng-invalid'

2022-03-28 12:45:44 - [TEST_STEP][PASSED] - delay(1): Delayed 1 second(s)

2022-03-28 12:45:45 - [MESSAGE][PASSED] - Delayed 1 second(s)

2022-03-28 12:45:45 - [TEST_STEP][PASSED] - scrollToElement(findTestObject("Object Repository/Input_Corporate/Input_Konsumen/i_Fax 2_ri-arrow-right-line"), 60, OPTIONAL): Scroll to object 'Object Repository/Input_Corporate/Input_Konsumen/i_Fax 2_ri-arrow-right-line' successfully

2022-03-28 12:45:46 - [MESSAGE][PASSED] - Scroll to object 'Object Repository/Input_Corporate/Input_Konsumen/i_Fax 2_ri-arrow-right-line' successfully

2022-03-28 12:45:46 - [TEST_STEP][PASSED] - delay(1): Delayed 1 second(s)

2022-03-28 12:45:47 - [MESSAGE][PASSED] - Delayed 1 second(s)

2022-03-28 12:45:47 - [TEST_STEP][PASSED] - click(findTestObject("Object Repository/Input_Corporate/Input_Konsumen/button_Surat Keterangan Domisili"), OPTIONAL): Object: 'Object Repository/Input_Corporate/Input_Konsumen/button_Surat Keterangan Domisili' is clicked on

2022-03-28 12:45:47 - [MESSAGE][PASSED] - Object: 'Object Repository/Input_Corporate/Input_Konsumen/button_Surat Keterangan Domisili' is clicked on

2022-03-28 12:45:47 - [TEST_STEP][PASSED] - delay(1): Delayed 1 second(s)

2022-03-28 12:45:48 - [MESSAGE][PASSED] - Delayed 1 second(s)

2022-03-28 12:45:48 - [TEST_STEP][PASSED] - takeFullPageScreenshotAsCheckpoint(userDir + sprint4WebScreenshootPath + "scenario-1-masuk-submenu-surat-keterangan-domisili.png"): Taking screenshot successfully

2022-03-28 12:45:49 - [MESSAGE][INFO] - 0 hidden object(s)

2022-03-28 12:45:49 - [MESSAGE][PASSED] - Taking screenshot successfully
[[ATTACHMENT|C:\Users\elanf\git\BCAF_MEAPP_i3\Screenshoot\Sprint4\Web\keyes\keyes-scenario-1-masuk-submenu-surat-keterangan-domisili.png]]

2022-03-28 12:45:49 - [TEST_STEP][PASSED] - markPassed("scenario 1 - Masuk submenu surat keterangan domisili"): scenario 1 - Masuk submenu surat keterangan domisili

2022-03-28 12:45:49 - [MESSAGE][PASSED] - scenario 1 - Masuk submenu surat keterangan domisili

2022-03-28 12:45:49 - [TEST_STEP][PASSED] - delay(1): Delayed 1 second(s)

2022-03-28 12:45:50 - [MESSAGE][PASSED] - Delayed 1 second(s)

2022-03-28 12:45:50 - [TEST_STEP][PASSED] - click(findTestObject("Object Repository/Input_Corporate/Input_Konsumen/button_Capture_Domisili"), OPTIONAL): Object: 'Object Repository/Input_Corporate/Input_Konsumen/button_Capture_Domisili' is clicked on

2022-03-28 12:45:50 - [MESSAGE][PASSED] - Object: 'Object Repository/Input_Corporate/Input_Konsumen/button_Capture_Domisili' is clicked on

2022-03-28 12:45:50 - [TEST_STEP][PASSED] - delay(1): Delayed 1 second(s)

2022-03-28 12:45:51 - [MESSAGE][PASSED] - Delayed 1 second(s)

2022-03-28 12:45:51 - [TEST_STEP][PASSED] - uploadFile(findTestObject("Input_Corporate/Capture_"), userDir + cobaKTP, OPTIONAL): File 'C:/Users/elanf/git/BCAF_MEAPP_i3/Assets/ktp_dummy.png' sent to object: 'Object Repository/Input_Corporate/Capture_'

2022-03-28 12:45:52 - [MESSAGE][PASSED] - File 'C:/Users/elanf/git/BCAF_MEAPP_i3/Assets/ktp_dummy.png' sent to object: 'Object Repository/Input_Corporate/Capture_'

2022-03-28 12:45:52 - [TEST_STEP][PASSED] - delay(1): Delayed 1 second(s)

2022-03-28 12:45:53 - [MESSAGE][PASSED] - Delayed 1 second(s)

2022-03-28 12:45:53 - [TEST_STEP][PASSED] - takeFullPageScreenshotAsCheckpoint(userDir + sprint4WebScreenshootPath + "scenario-1-capture-surat-keterangan-domisili-berhasil.png"): Taking screenshot successfully

2022-03-28 12:45:53 - [MESSAGE][INFO] - 0 hidden object(s)

2022-03-28 12:45:54 - [MESSAGE][PASSED] - Taking screenshot successfully
[[ATTACHMENT|C:\Users\elanf\git\BCAF_MEAPP_i3\Screenshoot\Sprint4\Web\keyes\keyes-scenario-1-capture-surat-keterangan-domisili-berhasil.png]]

2022-03-28 12:45:54 - [TEST_STEP][PASSED] - markPassed("scenario 1 - Capture surat keterangan domisili berhasil"): scenario 1 - Capture surat keterangan domisili berhasil

2022-03-28 12:45:54 - [MESSAGE][PASSED] - scenario 1 - Capture surat keterangan domisili berhasil

2022-03-28 12:45:54 - [TEST_STEP][PASSED] - delay(1): Delayed 1 second(s)

2022-03-28 12:45:55 - [MESSAGE][PASSED] - Delayed 1 second(s)

2022-03-28 12:45:55 - [TEST_STEP][PASSED] - click(findTestObject("Object Repository/Input_Corporate/Input_Konsumen/button_FAP"), OPTIONAL): Object: 'Object Repository/Input_Corporate/Input_Konsumen/button_FAP' is clicked on

2022-03-28 12:45:55 - [MESSAGE][PASSED] - Object: 'Object Repository/Input_Corporate/Input_Konsumen/button_FAP' is clicked on

2022-03-28 12:45:55 - [TEST_STEP][PASSED] - delay(1): Delayed 1 second(s)

2022-03-28 12:45:56 - [MESSAGE][PASSED] - Delayed 1 second(s)

2022-03-28 12:45:56 - [TEST_STEP][PASSED] - takeFullPageScreenshotAsCheckpoint(userDir + sprint4WebScreenshootPath + "scenario-1-Masuk-submenu-FAP.png"): Taking screenshot successfully

2022-03-28 12:45:57 - [MESSAGE][INFO] - 0 hidden object(s)

2022-03-28 12:45:58 - [MESSAGE][PASSED] - Taking screenshot successfully
[[ATTACHMENT|C:\Users\elanf\git\BCAF_MEAPP_i3\Screenshoot\Sprint4\Web\keyes\keyes-scenario-1-Masuk-submenu-FAP.png]]

2022-03-28 12:45:58 - [TEST_STEP][PASSED] - markPassed("scenario 1 - Masuk submenu FAP"): scenario 1 - Masuk submenu FAP

2022-03-28 12:45:58 - [MESSAGE][PASSED] - scenario 1 - Masuk submenu FAP

2022-03-28 12:45:58 - [TEST_STEP][PASSED] - delay(1): Delayed 1 second(s)

2022-03-28 12:45:59 - [MESSAGE][PASSED] - Delayed 1 second(s)

2022-03-28 12:45:59 - [TEST_STEP][PASSED] - click(findTestObject("Object Repository/Input_Corporate/Input_Konsumen/a_Add Capture_FAP"), OPTIONAL): Object: 'Object Repository/Input_Corporate/Input_Konsumen/a_Add Capture_FAP' is clicked on

2022-03-28 12:45:59 - [MESSAGE][PASSED] - Object: 'Object Repository/Input_Corporate/Input_Konsumen/a_Add Capture_FAP' is clicked on

2022-03-28 12:45:59 - [TEST_STEP][PASSED] - delay(1): Delayed 1 second(s)

2022-03-28 12:46:00 - [MESSAGE][PASSED] - Delayed 1 second(s)

2022-03-28 12:46:00 - [TEST_STEP][PASSED] - uploadFile(findTestObject("Input_Corporate/Capture_"), userDir + cobaKTP, OPTIONAL): File 'C:/Users/elanf/git/BCAF_MEAPP_i3/Assets/ktp_dummy.png' sent to object: 'Object Repository/Input_Corporate/Capture_'

2022-03-28 12:46:00 - [MESSAGE][PASSED] - File 'C:/Users/elanf/git/BCAF_MEAPP_i3/Assets/ktp_dummy.png' sent to object: 'Object Repository/Input_Corporate/Capture_'

2022-03-28 12:46:00 - [TEST_STEP][PASSED] - delay(1): Delayed 1 second(s)

2022-03-28 12:46:01 - [MESSAGE][PASSED] - Delayed 1 second(s)

2022-03-28 12:46:01 - [TEST_STEP][PASSED] - setText(findTestObject("Object Repository/Input_Corporate/Input_Konsumen/input_Jenis Usaha_form-control ng-untouched ng-pristine ng-invalid"), konsumen_jenisUsaha, OPTIONAL): Text 'Kontruksi' is set on object 'Object Repository/Input_Corporate/Input_Konsumen/input_Jenis Usaha_form-control ng-untouched ng-pristine ng-invalid'

2022-03-28 12:46:02 - [MESSAGE][PASSED] - Text 'Kontruksi' is set on object 'Object Repository/Input_Corporate/Input_Konsumen/input_Jenis Usaha_form-control ng-untouched ng-pristine ng-invalid'

2022-03-28 12:46:02 - [TEST_STEP][PASSED] - delay(1): Delayed 1 second(s)

2022-03-28 12:46:03 - [MESSAGE][PASSED] - Delayed 1 second(s)

2022-03-28 12:46:03 - [TEST_STEP][PASSED] - setText(findTestObject("Object Repository/Input_Corporate/Input_Konsumen/input_Economy Code_form-control bcaf-autocomplete ng-untouched ng-pristine ng-invalid"), konsumen_economyCode, OPTIONAL): Text '010103' is set on object 'Object Repository/Input_Corporate/Input_Konsumen/input_Economy Code_form-control bcaf-autocomplete ng-untouched ng-pristine ng-invalid'

2022-03-28 12:46:04 - [MESSAGE][PASSED] - Text '010103' is set on object 'Object Repository/Input_Corporate/Input_Konsumen/input_Economy Code_form-control bcaf-autocomplete ng-untouched ng-pristine ng-invalid'

2022-03-28 12:46:04 - [TEST_STEP][PASSED] - delay(1): Delayed 1 second(s)

2022-03-28 12:46:05 - [MESSAGE][PASSED] - Delayed 1 second(s)

2022-03-28 12:46:05 - [TEST_STEP][PASSED] - waitForElementPresent(findTestObject("Object Repository/Input_Corporate/Input_Konsumen/li_010103 Pertanian  Kehutanan-Pertanian  Pupuk-Importir"), 100, OPTIONAL): Object 'Object Repository/Input_Corporate/Input_Konsumen/li_010103 Pertanian  Kehutanan-Pertanian  Pupuk-Importir' is present

2022-03-28 12:46:05 - [MESSAGE][PASSED] - Object 'Object Repository/Input_Corporate/Input_Konsumen/li_010103 Pertanian  Kehutanan-Pertanian  Pupuk-Importir' is present

2022-03-28 12:46:05 - [TEST_STEP][PASSED] - delay(1): Delayed 1 second(s)

2022-03-28 12:46:06 - [MESSAGE][PASSED] - Delayed 1 second(s)

2022-03-28 12:46:06 - [TEST_STEP][PASSED] - click(findTestObject("Object Repository/Input_Corporate/Input_Konsumen/li_010103 Pertanian  Kehutanan-Pertanian  Pupuk-Importir"), OPTIONAL): Object: 'Object Repository/Input_Corporate/Input_Konsumen/li_010103 Pertanian  Kehutanan-Pertanian  Pupuk-Importir' is clicked on

2022-03-28 12:46:07 - [MESSAGE][PASSED] - Object: 'Object Repository/Input_Corporate/Input_Konsumen/li_010103 Pertanian  Kehutanan-Pertanian  Pupuk-Importir' is clicked on

2022-03-28 12:46:07 - [TEST_STEP][PASSED] - delay(1): Delayed 1 second(s)

2022-03-28 12:46:08 - [MESSAGE][PASSED] - Delayed 1 second(s)

2022-03-28 12:46:08 - [TEST_STEP][PASSED] - setText(findTestObject("Object Repository/Input_Corporate/Input_Konsumen/input_Kode Lokasi Proyek_form"), konsumen_kodeLokasi, OPTIONAL): Text '1213' is set on object 'Object Repository/Input_Corporate/Input_Konsumen/input_Kode Lokasi Proyek_form'

2022-03-28 12:46:08 - [MESSAGE][PASSED] - Text '1213' is set on object 'Object Repository/Input_Corporate/Input_Konsumen/input_Kode Lokasi Proyek_form'

2022-03-28 12:46:08 - [TEST_STEP][PASSED] - delay(1): Delayed 1 second(s)

2022-03-28 12:46:09 - [MESSAGE][PASSED] - Delayed 1 second(s)

2022-03-28 12:46:09 - [TEST_STEP][PASSED] - waitForElementPresent(findTestObject("Object Repository/Input_Corporate/Input_Konsumen/li_1213 - MALANG,KAB"), 100, OPTIONAL): Object 'Object Repository/Input_Corporate/Input_Konsumen/li_1213 - MALANG,KAB' is present

2022-03-28 12:46:10 - [MESSAGE][PASSED] - Object 'Object Repository/Input_Corporate/Input_Konsumen/li_1213 - MALANG,KAB' is present

2022-03-28 12:46:10 - [TEST_STEP][PASSED] - delay(1): Delayed 1 second(s)

2022-03-28 12:46:11 - [MESSAGE][PASSED] - Delayed 1 second(s)

2022-03-28 12:46:11 - [TEST_STEP][PASSED] - click(findTestObject("Object Repository/Input_Corporate/Input_Konsumen/li_1213 - MALANG,KAB"), OPTIONAL): Object: 'Object Repository/Input_Corporate/Input_Konsumen/li_1213 - MALANG,KAB' is clicked on

2022-03-28 12:46:11 - [MESSAGE][PASSED] - Object: 'Object Repository/Input_Corporate/Input_Konsumen/li_1213 - MALANG,KAB' is clicked on

2022-03-28 12:46:11 - [TEST_STEP][PASSED] - delay(1): Delayed 1 second(s)

2022-03-28 12:46:12 - [MESSAGE][PASSED] - Delayed 1 second(s)

2022-03-28 12:46:12 - [TEST_STEP][PASSED] - setText(findTestObject("Object Repository/Input_Corporate/Input_Konsumen/input_Berdiri Sejak Tahun_form-control ng-untouched ng-pristine ng-invalid"), konsumen_tahunBerdiri, OPTIONAL): Text '1995' is set on object 'Object Repository/Input_Corporate/Input_Konsumen/input_Berdiri Sejak Tahun_form-control ng-untouched ng-pristine ng-invalid'

2022-03-28 12:46:13 - [MESSAGE][PASSED] - Text '1995' is set on object 'Object Repository/Input_Corporate/Input_Konsumen/input_Berdiri Sejak Tahun_form-control ng-untouched ng-pristine ng-invalid'

2022-03-28 12:46:13 - [TEST_STEP][PASSED] - delay(1): Delayed 1 second(s)

2022-03-28 12:46:14 - [MESSAGE][PASSED] - Delayed 1 second(s)

2022-03-28 12:46:14 - [TEST_STEP][PASSED] - setText(findTestObject("Object Repository/Input_Corporate/Input_Konsumen/input_Omzet Usaha per Tahun_form-control text-right ng-untouched ng-pristine ng-invalid"), konsumen_omzetUsaha, OPTIONAL): Text '10000000000' is set on object 'Object Repository/Input_Corporate/Input_Konsumen/input_Omzet Usaha per Tahun_form-control text-right ng-untouched ng-pristine ng-invalid'

2022-03-28 12:46:14 - [MESSAGE][PASSED] - Text '10000000000' is set on object 'Object Repository/Input_Corporate/Input_Konsumen/input_Omzet Usaha per Tahun_form-control text-right ng-untouched ng-pristine ng-invalid'

2022-03-28 12:46:14 - [TEST_STEP][PASSED] - delay(1): Delayed 1 second(s)

2022-03-28 12:46:15 - [MESSAGE][PASSED] - Delayed 1 second(s)

2022-03-28 12:46:15 - [TEST_STEP][PASSED] - setText(findTestObject("Object Repository/Input_Corporate/Input_Konsumen/input_No. Rekening BCA_form-control ng-untouched ng-pristine ng-valid"), konsumen_noRekBCA, OPTIONAL): Text '413514512' is set on object 'Object Repository/Input_Corporate/Input_Konsumen/input_No. Rekening BCA_form-control ng-untouched ng-pristine ng-valid'

2022-03-28 12:46:16 - [MESSAGE][PASSED] - Text '413514512' is set on object 'Object Repository/Input_Corporate/Input_Konsumen/input_No. Rekening BCA_form-control ng-untouched ng-pristine ng-valid'

2022-03-28 12:46:16 - [TEST_STEP][PASSED] - delay(1): Delayed 1 second(s)

2022-03-28 12:46:17 - [MESSAGE][PASSED] - Delayed 1 second(s)

2022-03-28 12:46:17 - [TEST_STEP][PASSED] - setText(findTestObject("Object Repository/Input_Corporate/Input_Konsumen/input_Alamat Perusahaan_form-control ng-untouched ng-pristine ng-invalid"), konsumen_alamatPT, OPTIONAL): Text 'Jakarta, No. 45' is set on object 'Object Repository/Input_Corporate/Input_Konsumen/input_Alamat Perusahaan_form-control ng-untouched ng-pristine ng-invalid'

2022-03-28 12:46:18 - [MESSAGE][PASSED] - Text 'Jakarta, No. 45' is set on object 'Object Repository/Input_Corporate/Input_Konsumen/input_Alamat Perusahaan_form-control ng-untouched ng-pristine ng-invalid'

2022-03-28 12:46:18 - [TEST_STEP][PASSED] - delay(1): Delayed 1 second(s)

2022-03-28 12:46:19 - [MESSAGE][PASSED] - Delayed 1 second(s)

2022-03-28 12:46:19 - [TEST_STEP][PASSED] - setText(findTestObject("Object Repository/Input_Corporate/Input_Konsumen/input_Provinsi_form-control bcaf-autocomplete ng-untouched ng-pristine ng-invalid"), konsumen_provinsi, OPTIONAL): Text 'JAWA TIMUR' is set on object 'Object Repository/Input_Corporate/Input_Konsumen/input_Provinsi_form-control bcaf-autocomplete ng-untouched ng-pristine ng-invalid'

2022-03-28 12:46:20 - [MESSAGE][PASSED] - Text 'JAWA TIMUR' is set on object 'Object Repository/Input_Corporate/Input_Konsumen/input_Provinsi_form-control bcaf-autocomplete ng-untouched ng-pristine ng-invalid'

2022-03-28 12:46:20 - [TEST_STEP][PASSED] - delay(1): Delayed 1 second(s)

2022-03-28 12:46:21 - [MESSAGE][PASSED] - Delayed 1 second(s)

2022-03-28 12:46:21 - [TEST_STEP][PASSED] - waitForElementPresent(findTestObject("Object Repository/Input_Corporate/Input_Konsumen/li_JAWA TIMUR"), 100, OPTIONAL): Object 'Object Repository/Input_Corporate/Input_Konsumen/li_JAWA TIMUR' is present

2022-03-28 12:46:21 - [MESSAGE][PASSED] - Object 'Object Repository/Input_Corporate/Input_Konsumen/li_JAWA TIMUR' is present

2022-03-28 12:46:21 - [TEST_STEP][PASSED] - delay(1): Delayed 1 second(s)

2022-03-28 12:46:22 - [MESSAGE][PASSED] - Delayed 1 second(s)

2022-03-28 12:46:22 - [TEST_STEP][PASSED] - click(findTestObject("Object Repository/Input_Corporate/Input_Konsumen/li_JAWA TIMUR"), OPTIONAL): Object: 'Object Repository/Input_Corporate/Input_Konsumen/li_JAWA TIMUR' is clicked on

2022-03-28 12:46:23 - [MESSAGE][PASSED] - Object: 'Object Repository/Input_Corporate/Input_Konsumen/li_JAWA TIMUR' is clicked on

2022-03-28 12:46:23 - [TEST_STEP][PASSED] - delay(1): Delayed 1 second(s)

2022-03-28 12:46:24 - [MESSAGE][PASSED] - Delayed 1 second(s)

2022-03-28 12:46:24 - [TEST_STEP][PASSED] - setText(findTestObject("Object Repository/Input_Corporate/Input_Konsumen/input_KabKota_form-control bcaf-autocomplete ng-untouched ng-pristine ng-invalid"), konsumen_kabKota, OPTIONAL): Text 'Malang' is set on object 'Object Repository/Input_Corporate/Input_Konsumen/input_KabKota_form-control bcaf-autocomplete ng-untouched ng-pristine ng-invalid'

2022-03-28 12:46:24 - [MESSAGE][PASSED] - Text 'Malang' is set on object 'Object Repository/Input_Corporate/Input_Konsumen/input_KabKota_form-control bcaf-autocomplete ng-untouched ng-pristine ng-invalid'

2022-03-28 12:46:24 - [TEST_STEP][PASSED] - delay(1): Delayed 1 second(s)

2022-03-28 12:46:25 - [MESSAGE][PASSED] - Delayed 1 second(s)

2022-03-28 12:46:25 - [TEST_STEP][PASSED] - waitForElementPresent(findTestObject("Object Repository/Input_Corporate/Input_Konsumen/li_MALANG"), 100, OPTIONAL): Object 'Object Repository/Input_Corporate/Input_Konsumen/li_MALANG' is present

2022-03-28 12:46:26 - [MESSAGE][PASSED] - Object 'Object Repository/Input_Corporate/Input_Konsumen/li_MALANG' is present

2022-03-28 12:46:26 - [TEST_STEP][PASSED] - delay(1): Delayed 1 second(s)

2022-03-28 12:46:27 - [MESSAGE][PASSED] - Delayed 1 second(s)

2022-03-28 12:46:27 - [TEST_STEP][PASSED] - click(findTestObject("Object Repository/Input_Corporate/Input_Konsumen/li_MALANG"), OPTIONAL): Object: 'Object Repository/Input_Corporate/Input_Konsumen/li_MALANG' is clicked on

2022-03-28 12:46:27 - [MESSAGE][PASSED] - Object: 'Object Repository/Input_Corporate/Input_Konsumen/li_MALANG' is clicked on

2022-03-28 12:46:27 - [TEST_STEP][PASSED] - delay(1): Delayed 1 second(s)

2022-03-28 12:46:28 - [MESSAGE][PASSED] - Delayed 1 second(s)

2022-03-28 12:46:28 - [TEST_STEP][PASSED] - setText(findTestObject("Object Repository/Input_Corporate/Input_Konsumen/input_Kecamatan_form-control bcaf-autocomplete ng-untouched ng-pristine ng-invalid"), konsumen_kecamantan, OPTIONAL): Text 'lowokwaru' is set on object 'Object Repository/Input_Corporate/Input_Konsumen/input_Kecamatan_form-control bcaf-autocomplete ng-untouched ng-pristine ng-invalid'

2022-03-28 12:46:29 - [MESSAGE][PASSED] - Text 'lowokwaru' is set on object 'Object Repository/Input_Corporate/Input_Konsumen/input_Kecamatan_form-control bcaf-autocomplete ng-untouched ng-pristine ng-invalid'

2022-03-28 12:46:29 - [TEST_STEP][PASSED] - delay(1): Delayed 1 second(s)

2022-03-28 12:46:30 - [MESSAGE][PASSED] - Delayed 1 second(s)

2022-03-28 12:46:30 - [TEST_STEP][PASSED] - waitForElementPresent(findTestObject("Object Repository/Input_Corporate/Input_Konsumen/li_LOWOKWARU"), 0, OPTIONAL): Object 'Object Repository/Input_Corporate/Input_Konsumen/li_LOWOKWARU' is present

2022-03-28 12:46:30 - [MESSAGE][WARNING] - Timeout '0' is invalid. Using default page load timeout: '30'

2022-03-28 12:46:30 - [MESSAGE][PASSED] - Object 'Object Repository/Input_Corporate/Input_Konsumen/li_LOWOKWARU' is present

2022-03-28 12:46:30 - [TEST_STEP][PASSED] - delay(1): Delayed 1 second(s)

2022-03-28 12:46:31 - [MESSAGE][PASSED] - Delayed 1 second(s)

2022-03-28 12:46:31 - [TEST_STEP][PASSED] - click(findTestObject("Object Repository/Input_Corporate/Input_Konsumen/li_LOWOKWARU"), OPTIONAL): Object: 'Object Repository/Input_Corporate/Input_Konsumen/li_LOWOKWARU' is clicked on

2022-03-28 12:46:31 - [MESSAGE][PASSED] - Object: 'Object Repository/Input_Corporate/Input_Konsumen/li_LOWOKWARU' is clicked on

2022-03-28 12:46:31 - [TEST_STEP][PASSED] - delay(1): Delayed 1 second(s)

2022-03-28 12:46:32 - [MESSAGE][PASSED] - Delayed 1 second(s)

2022-03-28 12:46:32 - [TEST_STEP][PASSED] - setText(findTestObject("Object Repository/Input_Corporate/Input_Konsumen/input_Kelurahan_form-control bcaf-autocomplete ng-untouched ng-pristine ng-invalid"), konsumen_kelurahan, OPTIONAL): Text 'ketawanggede' is set on object 'Object Repository/Input_Corporate/Input_Konsumen/input_Kelurahan_form-control bcaf-autocomplete ng-untouched ng-pristine ng-invalid'

2022-03-28 12:46:33 - [MESSAGE][PASSED] - Text 'ketawanggede' is set on object 'Object Repository/Input_Corporate/Input_Konsumen/input_Kelurahan_form-control bcaf-autocomplete ng-untouched ng-pristine ng-invalid'

2022-03-28 12:46:33 - [TEST_STEP][PASSED] - delay(1): Delayed 1 second(s)

2022-03-28 12:46:34 - [MESSAGE][PASSED] - Delayed 1 second(s)

2022-03-28 12:46:34 - [TEST_STEP][PASSED] - waitForElementPresent(findTestObject("Object Repository/Input_Corporate/Input_Konsumen/li_KETAWANGGEDE"), 100, OPTIONAL): Object 'Object Repository/Input_Corporate/Input_Konsumen/li_KETAWANGGEDE' is present

2022-03-28 12:46:35 - [MESSAGE][PASSED] - Object 'Object Repository/Input_Corporate/Input_Konsumen/li_KETAWANGGEDE' is present

2022-03-28 12:46:35 - [TEST_STEP][PASSED] - delay(1): Delayed 1 second(s)

2022-03-28 12:46:36 - [MESSAGE][PASSED] - Delayed 1 second(s)

2022-03-28 12:46:36 - [TEST_STEP][PASSED] - click(findTestObject("Object Repository/Input_Corporate/Input_Konsumen/li_KETAWANGGEDE"), OPTIONAL): Object: 'Object Repository/Input_Corporate/Input_Konsumen/li_KETAWANGGEDE' is clicked on

2022-03-28 12:46:36 - [MESSAGE][PASSED] - Object: 'Object Repository/Input_Corporate/Input_Konsumen/li_KETAWANGGEDE' is clicked on

2022-03-28 12:46:36 - [TEST_STEP][PASSED] - delay(1): Delayed 1 second(s)

2022-03-28 12:46:37 - [MESSAGE][PASSED] - Delayed 1 second(s)

2022-03-28 12:46:37 - [TEST_STEP][PASSED] - setText(findTestObject("Object Repository/Input_Corporate/Input_Konsumen/input_Kode Pos_form-control bcaf-autocomplete ng-untouched ng-pristine ng-invalid"), konsumen_kodePos, OPTIONAL): Text '65145' is set on object 'Object Repository/Input_Corporate/Input_Konsumen/input_Kode Pos_form-control bcaf-autocomplete ng-untouched ng-pristine ng-invalid'

2022-03-28 12:46:38 - [MESSAGE][PASSED] - Text '65145' is set on object 'Object Repository/Input_Corporate/Input_Konsumen/input_Kode Pos_form-control bcaf-autocomplete ng-untouched ng-pristine ng-invalid'

2022-03-28 12:46:38 - [TEST_STEP][PASSED] - delay(1): Delayed 1 second(s)

2022-03-28 12:46:39 - [MESSAGE][PASSED] - Delayed 1 second(s)

2022-03-28 12:46:39 - [TEST_STEP][PASSED] - waitForElementPresent(findTestObject("Object Repository/Input_Corporate/Input_Konsumen/li_65145"), 100, OPTIONAL): Object 'Object Repository/Input_Corporate/Input_Konsumen/li_65145' is present

2022-03-28 12:46:39 - [MESSAGE][PASSED] - Object 'Object Repository/Input_Corporate/Input_Konsumen/li_65145' is present

2022-03-28 12:46:39 - [TEST_STEP][PASSED] - delay(1): Delayed 1 second(s)

2022-03-28 12:46:40 - [MESSAGE][PASSED] - Delayed 1 second(s)

2022-03-28 12:46:40 - [TEST_STEP][PASSED] - click(findTestObject("Object Repository/Input_Corporate/Input_Konsumen/li_65145"), OPTIONAL): Object: 'Object Repository/Input_Corporate/Input_Konsumen/li_65145' is clicked on

2022-03-28 12:46:40 - [MESSAGE][PASSED] - Object: 'Object Repository/Input_Corporate/Input_Konsumen/li_65145' is clicked on

2022-03-28 12:46:40 - [TEST_STEP][PASSED] - delay(1): Delayed 1 second(s)

2022-03-28 12:46:41 - [MESSAGE][PASSED] - Delayed 1 second(s)

2022-03-28 12:46:41 - [TEST_STEP][PASSED] - takeFullPageScreenshotAsCheckpoint(userDir + sprint4WebScreenshootPath + "scenario-1-Input-data-FAP.png"): Taking screenshot successfully

2022-03-28 12:46:43 - [MESSAGE][INFO] - 0 hidden object(s)

2022-03-28 12:46:43 - [MESSAGE][PASSED] - Taking screenshot successfully
[[ATTACHMENT|C:\Users\elanf\git\BCAF_MEAPP_i3\Screenshoot\Sprint4\Web\keyes\keyes-scenario-1-Input-data-FAP.png]]

2022-03-28 12:46:43 - [TEST_STEP][PASSED] - markPassed("scenario 1 - Input data FAP"): scenario 1 - Input data FAP

2022-03-28 12:46:43 - [MESSAGE][PASSED] - scenario 1 - Input data FAP

2022-03-28 12:46:43 - [TEST_STEP][PASSED] - delay(1): Delayed 1 second(s)

2022-03-28 12:46:44 - [MESSAGE][PASSED] - Delayed 1 second(s)

2022-03-28 12:46:44 - [TEST_STEP][PASSED] - scrollToElement(findTestObject("Object Repository/Input_Corporate/Input_Konsumen/i_Fax 2_ri-arrow-right-line"), 60, OPTIONAL): Scroll to object 'Object Repository/Input_Corporate/Input_Konsumen/i_Fax 2_ri-arrow-right-line' successfully

2022-03-28 12:46:44 - [MESSAGE][PASSED] - Scroll to object 'Object Repository/Input_Corporate/Input_Konsumen/i_Fax 2_ri-arrow-right-line' successfully

2022-03-28 12:46:44 - [TEST_STEP][PASSED] - click(findTestObject("Object Repository/Input_Corporate/Input_Konsumen/input_Alamat Pengiriman Surat  Alamat Perusahaan_isAlamatPengirimanSurat"), OPTIONAL): Object: 'Object Repository/Input_Corporate/Input_Konsumen/input_Alamat Pengiriman Surat  Alamat Perusahaan_isAlamatPengirimanSurat' is clicked on

2022-03-28 12:46:45 - [MESSAGE][PASSED] - Object: 'Object Repository/Input_Corporate/Input_Konsumen/input_Alamat Pengiriman Surat  Alamat Perusahaan_isAlamatPengirimanSurat' is clicked on

2022-03-28 12:46:45 - [TEST_STEP][PASSED] - delay(1): Delayed 1 second(s)

2022-03-28 12:46:46 - [MESSAGE][PASSED] - Delayed 1 second(s)

2022-03-28 12:46:46 - [TEST_STEP][PASSED] - setText(findTestObject("Object Repository/Input_Corporate/Input_Konsumen/input_Email_form-control ng-untouched ng-pristine ng-valid"), konsumen_email, OPTIONAL): Text 'contoh@gmail.com' is set on object 'Object Repository/Input_Corporate/Input_Konsumen/input_Email_form-control ng-untouched ng-pristine ng-valid'

2022-03-28 12:46:47 - [MESSAGE][PASSED] - Text 'contoh@gmail.com' is set on object 'Object Repository/Input_Corporate/Input_Konsumen/input_Email_form-control ng-untouched ng-pristine ng-valid'

2022-03-28 12:46:47 - [TEST_STEP][PASSED] - delay(1): Delayed 1 second(s)

2022-03-28 12:46:48 - [MESSAGE][PASSED] - Delayed 1 second(s)

2022-03-28 12:46:48 - [TEST_STEP][PASSED] - setText(findTestObject("Object Repository/Input_Corporate/Input_Konsumen/input_Telepon 1_form-control ng-untouched ng-pristine ng-valid"), konsumen_telepon1, OPTIONAL): Text '089773662555' is set on object 'Object Repository/Input_Corporate/Input_Konsumen/input_Telepon 1_form-control ng-untouched ng-pristine ng-valid'

2022-03-28 12:46:48 - [MESSAGE][PASSED] - Text '089773662555' is set on object 'Object Repository/Input_Corporate/Input_Konsumen/input_Telepon 1_form-control ng-untouched ng-pristine ng-valid'

2022-03-28 12:46:48 - [TEST_STEP][PASSED] - delay(1): Delayed 1 second(s)

2022-03-28 12:46:49 - [MESSAGE][PASSED] - Delayed 1 second(s)

2022-03-28 12:46:49 - [TEST_STEP][PASSED] - takeFullPageScreenshotAsCheckpoint(userDir + sprint4WebScreenshootPath + "scenario-1-Input-data-alamat-pengirim-surat.png"): Taking screenshot successfully

2022-03-28 12:46:50 - [MESSAGE][INFO] - 0 hidden object(s)

2022-03-28 12:46:51 - [MESSAGE][PASSED] - Taking screenshot successfully
[[ATTACHMENT|C:\Users\elanf\git\BCAF_MEAPP_i3\Screenshoot\Sprint4\Web\keyes\keyes-scenario-1-Input-data-alamat-pengirim-surat.png]]

2022-03-28 12:46:51 - [TEST_STEP][PASSED] - markPassed("scenario 1 - Input data alamat pengirim surat"): scenario 1 - Input data alamat pengirim surat

2022-03-28 12:46:51 - [MESSAGE][PASSED] - scenario 1 - Input data alamat pengirim surat

2022-03-28 12:46:51 - [TEST_STEP][PASSED] - scrollToPosition(0, 0, OPTIONAL): Browser is scrolled to position x = 0, y = 0

2022-03-28 12:46:51 - [MESSAGE][PASSED] - Browser is scrolled to position x = 0, y = 0

2022-03-28 12:46:51 - [TEST_STEP][PASSED] - delay(2): Delayed 2 second(s)

2022-03-28 12:46:53 - [MESSAGE][PASSED] - Delayed 2 second(s)

2022-03-28 12:46:53 - [TEST_STEP][PASSED] - delay(1): Delayed 1 second(s)

2022-03-28 12:46:54 - [MESSAGE][PASSED] - Delayed 1 second(s)

2022-03-28 12:46:54 - [TEST_STEP][PASSED] - click(findTestObject("Input_Corporate/Pengurus/1_a_Pengurus"), OPTIONAL): Object: 'Object Repository/Input_Corporate/Pengurus/1_a_Pengurus' is clicked on

2022-03-28 12:46:54 - [MESSAGE][PASSED] - Object: 'Object Repository/Input_Corporate/Pengurus/1_a_Pengurus' is clicked on

2022-03-28 12:46:54 - [TEST_STEP][PASSED] - delay(1): Delayed 1 second(s)

2022-03-28 12:46:55 - [MESSAGE][PASSED] - Delayed 1 second(s)

2022-03-28 12:46:55 - [TEST_STEP][PASSED] - takeFullPageScreenshotAsCheckpoint(userDir + sprint4WebScreenshootPath + "scenario-1-Input-data-pengurus.png"): Taking screenshot successfully

2022-03-28 12:46:56 - [MESSAGE][INFO] - 0 hidden object(s)

2022-03-28 12:46:56 - [MESSAGE][PASSED] - Taking screenshot successfully
[[ATTACHMENT|C:\Users\elanf\git\BCAF_MEAPP_i3\Screenshoot\Sprint4\Web\keyes\keyes-scenario-1-Input-data-pengurus.png]]

2022-03-28 12:46:56 - [TEST_STEP][PASSED] - markPassed("scenario 1 - Input data pengurus"): scenario 1 - Input data pengurus

2022-03-28 12:46:56 - [MESSAGE][PASSED] - scenario 1 - Input data pengurus

2022-03-28 12:46:56 - [TEST_STEP][PASSED] - delay(1): Delayed 1 second(s)

2022-03-28 12:46:57 - [MESSAGE][PASSED] - Delayed 1 second(s)

2022-03-28 12:46:57 - [TEST_STEP][PASSED] - click(findTestObject("Input_Corporate/Pengurus/2_i_Add_ri-file-add-line ( Add_Pengurus )"), OPTIONAL): Object: 'Object Repository/Input_Corporate/Pengurus/2_i_Add_ri-file-add-line ( Add_Pengurus )' is clicked on

2022-03-28 12:46:57 - [MESSAGE][PASSED] - Object: 'Object Repository/Input_Corporate/Pengurus/2_i_Add_ri-file-add-line ( Add_Pengurus )' is clicked on

2022-03-28 12:46:57 - [TEST_STEP][PASSED] - delay(1): Delayed 1 second(s)

2022-03-28 12:46:58 - [MESSAGE][PASSED] - Delayed 1 second(s)

2022-03-28 12:46:58 - [TEST_STEP][PASSED] - click(findTestObject("Input_Corporate/Pengurus/3_button_Pengurus 1"), OPTIONAL): Object: 'Object Repository/Input_Corporate/Pengurus/3_button_Pengurus 1' is clicked on

2022-03-28 12:46:59 - [MESSAGE][PASSED] - Object: 'Object Repository/Input_Corporate/Pengurus/3_button_Pengurus 1' is clicked on

2022-03-28 12:46:59 - [TEST_STEP][PASSED] - delay(1): Delayed 1 second(s)

2022-03-28 12:47:00 - [MESSAGE][PASSED] - Delayed 1 second(s)

2022-03-28 12:47:00 - [TEST_STEP][PASSED] - takeFullPageScreenshotAsCheckpoint(userDir + sprint4WebScreenshootPath + "scenario-1-Masuk-submenu-data-pengurus-1.png"): Taking screenshot successfully

2022-03-28 12:47:01 - [MESSAGE][INFO] - 0 hidden object(s)

2022-03-28 12:47:01 - [MESSAGE][PASSED] - Taking screenshot successfully
[[ATTACHMENT|C:\Users\elanf\git\BCAF_MEAPP_i3\Screenshoot\Sprint4\Web\keyes\keyes-scenario-1-Masuk-submenu-data-pengurus-1.png]]

2022-03-28 12:47:01 - [TEST_STEP][PASSED] - markPassed("scenario 1 - Masuk submenu data pengurus 1"): scenario 1 - Masuk submenu data pengurus 1

2022-03-28 12:47:01 - [MESSAGE][PASSED] - scenario 1 - Masuk submenu data pengurus 1

2022-03-28 12:47:01 - [TEST_STEP][PASSED] - delay(1): Delayed 1 second(s)

2022-03-28 12:47:02 - [MESSAGE][PASSED] - Delayed 1 second(s)

2022-03-28 12:47:02 - [TEST_STEP][PASSED] - click(findTestObject("Input_Corporate/Pengurus/4_a_Capture File"), OPTIONAL): Object: 'Object Repository/Input_Corporate/Pengurus/4_a_Capture File' is clicked on

2022-03-28 12:47:02 - [MESSAGE][PASSED] - Object: 'Object Repository/Input_Corporate/Pengurus/4_a_Capture File' is clicked on

2022-03-28 12:47:02 - [TEST_STEP][PASSED] - delay(1): Delayed 1 second(s)

2022-03-28 12:47:03 - [MESSAGE][PASSED] - Delayed 1 second(s)

2022-03-28 12:47:03 - [TEST_STEP][PASSED] - uploadFile(findTestObject("Input_Corporate/Capture_"), userDir + cobaKTP, OPTIONAL): File 'C:/Users/elanf/git/BCAF_MEAPP_i3/Assets/ktp_dummy.png' sent to object: 'Object Repository/Input_Corporate/Capture_'

2022-03-28 12:47:03 - [MESSAGE][PASSED] - File 'C:/Users/elanf/git/BCAF_MEAPP_i3/Assets/ktp_dummy.png' sent to object: 'Object Repository/Input_Corporate/Capture_'

2022-03-28 12:47:03 - [TEST_STEP][PASSED] - delay(1): Delayed 1 second(s)

2022-03-28 12:47:04 - [MESSAGE][PASSED] - Delayed 1 second(s)

2022-03-28 12:47:04 - [TEST_STEP][PASSED] - waitForElementClickable(findTestObject("Input_Corporate/Pengurus/5_input_Name_form-control ng-untouched ng-pristine ng-invalid"), 300): Object 'Object Repository/Input_Corporate/Pengurus/5_input_Name_form-control ng-untouched ng-pristine ng-invalid' is clickable

2022-03-28 12:47:13 - [MESSAGE][PASSED] - Object 'Object Repository/Input_Corporate/Pengurus/5_input_Name_form-control ng-untouched ng-pristine ng-invalid' is clickable

2022-03-28 12:47:13 - [TEST_STEP][PASSED] - delay(1): Delayed 1 second(s)

2022-03-28 12:47:14 - [MESSAGE][PASSED] - Delayed 1 second(s)

2022-03-28 12:47:14 - [TEST_STEP][PASSED] - takeFullPageScreenshotAsCheckpoint(userDir + sprint4WebScreenshootPath + "scenario-1-Berhasil-input-otomatis-data-pengurus-berdasarkan-data-capture-ktp-pengurus-yang-di-capture.png"): Taking screenshot successfully

2022-03-28 12:47:15 - [MESSAGE][INFO] - 0 hidden object(s)

2022-03-28 12:47:16 - [MESSAGE][PASSED] - Taking screenshot successfully
[[ATTACHMENT|C:\Users\elanf\git\BCAF_MEAPP_i3\Screenshoot\Sprint4\Web\keyes\keyes-scenario-1-Berhasil-input-otomatis-data-pengurus-berdasarkan-data-capture-ktp-pengurus-yang-di-capture.png]]

2022-03-28 12:47:16 - [TEST_STEP][PASSED] - markPassed("scenario 1 - Berhasil input otomatis data pengurus berdasarkan data capture ktp pengurus yang di capture "): scenario 1 - Berhasil input otomatis data pengurus berdasarkan data capture ktp pengurus yang di capture 

2022-03-28 12:47:16 - [MESSAGE][PASSED] - scenario 1 - Berhasil input otomatis data pengurus berdasarkan data capture ktp pengurus yang di capture 

2022-03-28 12:47:16 - [TEST_STEP][PASSED] - delay(1): Delayed 1 second(s)

2022-03-28 12:47:17 - [MESSAGE][PASSED] - Delayed 1 second(s)

2022-03-28 12:47:17 - [TEST_STEP][PASSED] - setText(findTestObject("Input_Corporate/Pengurus/8_input_SID Pengurus_form-control ng-pristine ng-invalid is-invalid ng-touched"), pengurus_SID, OPTIONAL): Text '3345434656' is set on object 'Object Repository/Input_Corporate/Pengurus/8_input_SID Pengurus_form-control ng-pristine ng-invalid is-invalid ng-touched'

2022-03-28 12:47:17 - [MESSAGE][PASSED] - Text '3345434656' is set on object 'Object Repository/Input_Corporate/Pengurus/8_input_SID Pengurus_form-control ng-pristine ng-invalid is-invalid ng-touched'

2022-03-28 12:47:17 - [TEST_STEP][PASSED] - delay(1): Delayed 1 second(s)

2022-03-28 12:47:18 - [MESSAGE][PASSED] - Delayed 1 second(s)

2022-03-28 12:47:18 - [TEST_STEP][PASSED] - scrollToElement(findTestObject("Input_Corporate/Pengurus/2_i_Add_ri-file-add-line ( Add_Pengurus )"), 30, OPTIONAL): Scroll to object 'Object Repository/Input_Corporate/Pengurus/2_i_Add_ri-file-add-line ( Add_Pengurus )' successfully

2022-03-28 12:47:19 - [MESSAGE][PASSED] - Scroll to object 'Object Repository/Input_Corporate/Pengurus/2_i_Add_ri-file-add-line ( Add_Pengurus )' successfully

2022-03-28 12:47:19 - [TEST_STEP][PASSED] - delay(1): Delayed 1 second(s)

2022-03-28 12:47:20 - [MESSAGE][PASSED] - Delayed 1 second(s)

2022-03-28 12:47:20 - [TEST_STEP][PASSED] - setText(findTestObject("Input_Corporate/Pengurus/15_input_Kode Pos_form-control bcaf-autocomplete ng-pristine ng-invalid ng-touched"), pengurus_kodePos, OPTIONAL): Text '56643' is set on object 'Object Repository/Input_Corporate/Pengurus/15_input_Kode Pos_form-control bcaf-autocomplete ng-pristine ng-invalid ng-touched'

2022-03-28 12:47:20 - [MESSAGE][PASSED] - Text '56643' is set on object 'Object Repository/Input_Corporate/Pengurus/15_input_Kode Pos_form-control bcaf-autocomplete ng-pristine ng-invalid ng-touched'

2022-03-28 12:47:20 - [TEST_STEP][PASSED] - delay(1): Delayed 1 second(s)

2022-03-28 12:47:21 - [MESSAGE][PASSED] - Delayed 1 second(s)

2022-03-28 12:47:21 - [TEST_STEP][PASSED] - click(findTestObject("Input_Corporate/Pengurus/13_div_Pilih Role"), OPTIONAL): Object: 'Object Repository/Input_Corporate/Pengurus/13_div_Pilih Role' is clicked on

2022-03-28 12:47:22 - [MESSAGE][PASSED] - Object: 'Object Repository/Input_Corporate/Pengurus/13_div_Pilih Role' is clicked on

2022-03-28 12:47:22 - [TEST_STEP][PASSED] - delay(1): Delayed 1 second(s)

2022-03-28 12:47:23 - [MESSAGE][PASSED] - Delayed 1 second(s)

2022-03-28 12:47:23 - [TEST_STEP][PASSED] - setText(findTestObject("Input_Corporate/Pengurus/13_div_Pilih Role"), pengurus_role, OPTIONAL): Text 'not set' is set on object 'Object Repository/Input_Corporate/Pengurus/13_div_Pilih Role'

2022-03-28 12:47:23 - [MESSAGE][PASSED] - Text 'not set' is set on object 'Object Repository/Input_Corporate/Pengurus/13_div_Pilih Role'

2022-03-28 12:47:23 - [TEST_STEP][PASSED] - delay(1): Delayed 1 second(s)

2022-03-28 12:47:25 - [MESSAGE][PASSED] - Delayed 1 second(s)

2022-03-28 12:47:25 - [TEST_STEP][PASSED] - click(findTestObject("Input_Corporate/Pengurus/14_div_Not Set"), OPTIONAL): Object: 'Object Repository/Input_Corporate/Pengurus/14_div_Not Set' is clicked on

2022-03-28 12:47:25 - [MESSAGE][PASSED] - Object: 'Object Repository/Input_Corporate/Pengurus/14_div_Not Set' is clicked on

2022-03-28 12:47:25 - [TEST_STEP][PASSED] - delay(1): Delayed 1 second(s)

2022-03-28 12:47:26 - [MESSAGE][PASSED] - Delayed 1 second(s)

2022-03-28 12:47:26 - [TEST_STEP][PASSED] - click(findTestObject("Input_Corporate/Pengurus/21_div_Pilih Jabatan"), OPTIONAL): Object: 'Object Repository/Input_Corporate/Pengurus/21_div_Pilih Jabatan' is clicked on

2022-03-28 12:47:26 - [MESSAGE][PASSED] - Object: 'Object Repository/Input_Corporate/Pengurus/21_div_Pilih Jabatan' is clicked on

2022-03-28 12:47:26 - [TEST_STEP][PASSED] - delay(1): Delayed 1 second(s)

2022-03-28 12:47:27 - [MESSAGE][PASSED] - Delayed 1 second(s)

2022-03-28 12:47:27 - [TEST_STEP][PASSED] - setText(findTestObject("Object Repository/Input_Corporate/Pengurus/21_div_Pilih Jabatan"), pengurus_jabatan, OPTIONAL): Text 'komisaris utama' is set on object 'Object Repository/Input_Corporate/Pengurus/21_div_Pilih Jabatan'

2022-03-28 12:47:28 - [MESSAGE][PASSED] - Text 'komisaris utama' is set on object 'Object Repository/Input_Corporate/Pengurus/21_div_Pilih Jabatan'

2022-03-28 12:47:28 - [TEST_STEP][PASSED] - delay(1): Delayed 1 second(s)

2022-03-28 12:47:29 - [MESSAGE][PASSED] - Delayed 1 second(s)

2022-03-28 12:47:29 - [TEST_STEP][PASSED] - click(findTestObject("Input_Corporate/Pengurus/22_span_Komisaris Utama"), OPTIONAL): Object: 'Object Repository/Input_Corporate/Pengurus/22_span_Komisaris Utama' is clicked on

2022-03-28 12:47:30 - [MESSAGE][PASSED] - Object: 'Object Repository/Input_Corporate/Pengurus/22_span_Komisaris Utama' is clicked on

2022-03-28 12:47:30 - [TEST_STEP][PASSED] - takeFullPageScreenshotAsCheckpoint(userDir + sprint4WebScreenshootPath + "scenario-1-Berhasil-input-otomatis-data-pengurus-1.png"): Taking screenshot successfully

2022-03-28 12:47:30 - [MESSAGE][INFO] - 0 hidden object(s)

2022-03-28 12:47:31 - [MESSAGE][PASSED] - Taking screenshot successfully
[[ATTACHMENT|C:\Users\elanf\git\BCAF_MEAPP_i3\Screenshoot\Sprint4\Web\keyes\keyes-scenario-1-Berhasil-input-otomatis-data-pengurus-1.png]]

2022-03-28 12:47:31 - [TEST_STEP][PASSED] - markPassed("scenario 1 - Berhasil input data pengurus 1"): scenario 1 - Berhasil input data pengurus 1

2022-03-28 12:47:31 - [MESSAGE][PASSED] - scenario 1 - Berhasil input data pengurus 1

2022-03-28 12:47:31 - [TEST_STEP][PASSED] - delay(1): Delayed 1 second(s)

2022-03-28 12:47:32 - [MESSAGE][PASSED] - Delayed 1 second(s)

2022-03-28 12:47:32 - [TEST_STEP][PASSED] - delay(1): Delayed 1 second(s)

2022-03-28 12:47:33 - [MESSAGE][PASSED] - Delayed 1 second(s)

2022-03-28 12:47:33 - [TEST_STEP][PASSED] - scrollToPosition(0, 133, OPTIONAL): Browser is scrolled to position x = 0, y = 133

2022-03-28 12:47:33 - [MESSAGE][PASSED] - Browser is scrolled to position x = 0, y = 133

2022-03-28 12:47:33 - [TEST_STEP][PASSED] - delay(1): Delayed 1 second(s)

2022-03-28 12:47:34 - [MESSAGE][PASSED] - Delayed 1 second(s)

2022-03-28 12:47:34 - [TEST_STEP][PASSED] - click(findTestObject("Input_Corporate/Pemegang_saham/1_a_Pemegang Saham"), OPTIONAL): Object: 'Object Repository/Input_Corporate/Pemegang_saham/1_a_Pemegang Saham' is clicked on

2022-03-28 12:47:34 - [MESSAGE][PASSED] - Object: 'Object Repository/Input_Corporate/Pemegang_saham/1_a_Pemegang Saham' is clicked on

2022-03-28 12:47:34 - [TEST_STEP][PASSED] - delay(1): Delayed 1 second(s)

2022-03-28 12:47:35 - [MESSAGE][PASSED] - Delayed 1 second(s)

2022-03-28 12:47:35 - [TEST_STEP][PASSED] - takeFullPageScreenshotAsCheckpoint(userDir + sprint4WebScreenshootPath + "scenario-1-Masuk-Submenu-pemegang-saham-1.png"): Taking screenshot successfully

2022-03-28 12:47:36 - [MESSAGE][INFO] - 0 hidden object(s)

2022-03-28 12:47:36 - [MESSAGE][PASSED] - Taking screenshot successfully
[[ATTACHMENT|C:\Users\elanf\git\BCAF_MEAPP_i3\Screenshoot\Sprint4\Web\keyes\keyes-scenario-1-Masuk-Submenu-pemegang-saham-1.png]]

2022-03-28 12:47:36 - [TEST_STEP][PASSED] - markPassed("scenario 1 - Berhasil masuk menu pemegang saham "): scenario 1 - Berhasil masuk menu pemegang saham 

2022-03-28 12:47:36 - [MESSAGE][PASSED] - scenario 1 - Berhasil masuk menu pemegang saham 

2022-03-28 12:47:36 - [TEST_STEP][PASSED] - delay(1): Delayed 1 second(s)

2022-03-28 12:47:37 - [MESSAGE][PASSED] - Delayed 1 second(s)

2022-03-28 12:47:37 - [TEST_STEP][PASSED] - click(findTestObject("Input_Corporate/Pemegang_saham/2_a_Add"), OPTIONAL): Object: 'Object Repository/Input_Corporate/Pemegang_saham/2_a_Add' is clicked on

2022-03-28 12:47:37 - [MESSAGE][PASSED] - Object: 'Object Repository/Input_Corporate/Pemegang_saham/2_a_Add' is clicked on

2022-03-28 12:47:37 - [TEST_STEP][PASSED] - delay(1): Delayed 1 second(s)

2022-03-28 12:47:38 - [MESSAGE][PASSED] - Delayed 1 second(s)

2022-03-28 12:47:38 - [TEST_STEP][PASSED] - click(findTestObject("Input_Corporate/Pemegang_saham/input_Perorangan_radios"), OPTIONAL): Object: 'Object Repository/Input_Corporate/Pemegang_saham/input_Perorangan_radios' is clicked on

2022-03-28 12:47:39 - [MESSAGE][PASSED] - Object: 'Object Repository/Input_Corporate/Pemegang_saham/input_Perorangan_radios' is clicked on

2022-03-28 12:47:39 - [TEST_STEP][PASSED] - click(findTestObject("Input_Corporate/Pemegang_saham/input_Jenis Pemegang Saham_radios"), OPTIONAL): Object: 'Object Repository/Input_Corporate/Pemegang_saham/input_Jenis Pemegang Saham_radios' is clicked on

2022-03-28 12:47:39 - [MESSAGE][PASSED] - Object: 'Object Repository/Input_Corporate/Pemegang_saham/input_Jenis Pemegang Saham_radios' is clicked on

2022-03-28 12:47:39 - [TEST_STEP][PASSED] - delay(1): Delayed 1 second(s)

2022-03-28 12:47:40 - [MESSAGE][PASSED] - Delayed 1 second(s)

2022-03-28 12:47:40 - [TEST_STEP][PASSED] - takeFullPageScreenshotAsCheckpoint(userDir + sprint4WebScreenshootPath + "scenario-1-Memilih-radio-button-pemegang-saham.png"): Taking screenshot successfully

2022-03-28 12:47:41 - [MESSAGE][INFO] - 0 hidden object(s)

2022-03-28 12:47:41 - [MESSAGE][PASSED] - Taking screenshot successfully
[[ATTACHMENT|C:\Users\elanf\git\BCAF_MEAPP_i3\Screenshoot\Sprint4\Web\keyes\keyes-scenario-1-Memilih-radio-button-pemegang-saham.png]]

2022-03-28 12:47:41 - [TEST_STEP][PASSED] - markPassed("scenario 1 - Memilih radio button pemegang saham"): scenario 1 - Memilih radio button pemegang saham

2022-03-28 12:47:41 - [MESSAGE][PASSED] - scenario 1 - Memilih radio button pemegang saham

2022-03-28 12:47:41 - [TEST_STEP][PASSED] - delay(1): Delayed 1 second(s)

2022-03-28 12:47:42 - [MESSAGE][PASSED] - Delayed 1 second(s)

2022-03-28 12:47:42 - [TEST_STEP][PASSED] - click(findTestObject("Input_Corporate/Pemegang_saham/4_button_OK"), OPTIONAL): Object: 'Object Repository/Input_Corporate/Pemegang_saham/4_button_OK' is clicked on

2022-03-28 12:47:42 - [MESSAGE][PASSED] - Object: 'Object Repository/Input_Corporate/Pemegang_saham/4_button_OK' is clicked on

2022-03-28 12:47:42 - [TEST_STEP][PASSED] - delay(1): Delayed 1 second(s)

2022-03-28 12:47:43 - [MESSAGE][PASSED] - Delayed 1 second(s)

2022-03-28 12:47:43 - [TEST_STEP][PASSED] - click(findTestObject("Input_Corporate/Pemegang_saham/5_button_Pemegang Saham 1"), OPTIONAL): Object: 'Object Repository/Input_Corporate/Pemegang_saham/5_button_Pemegang Saham 1' is clicked on

2022-03-28 12:47:44 - [MESSAGE][PASSED] - Object: 'Object Repository/Input_Corporate/Pemegang_saham/5_button_Pemegang Saham 1' is clicked on

2022-03-28 12:47:44 - [TEST_STEP][PASSED] - delay(1): Delayed 1 second(s)

2022-03-28 12:47:45 - [MESSAGE][PASSED] - Delayed 1 second(s)

2022-03-28 12:47:45 - [TEST_STEP][PASSED] - takeFullPageScreenshotAsCheckpoint(userDir + sprint4WebScreenshootPath + "scenario-1-Masuk-Submenu-pemegang-saham-1.png"): Taking screenshot successfully

2022-03-28 12:47:45 - [MESSAGE][INFO] - 0 hidden object(s)

2022-03-28 12:47:46 - [MESSAGE][PASSED] - Taking screenshot successfully
[[ATTACHMENT|C:\Users\elanf\git\BCAF_MEAPP_i3\Screenshoot\Sprint4\Web\keyes\keyes-scenario-1-Masuk-Submenu-pemegang-saham-1.png]]

2022-03-28 12:47:46 - [TEST_STEP][PASSED] - markPassed("scenario 1 - Masuk submenu pemegang saham 1"): scenario 1 - Masuk submenu pemegang saham 1

2022-03-28 12:47:46 - [MESSAGE][PASSED] - scenario 1 - Masuk submenu pemegang saham 1

2022-03-28 12:47:46 - [TEST_STEP][PASSED] - delay(1): Delayed 1 second(s)

2022-03-28 12:47:47 - [MESSAGE][PASSED] - Delayed 1 second(s)

2022-03-28 12:47:47 - [TEST_STEP][PASSED] - click(findTestObject("Input_Corporate/Pemegang_saham/6_a_Capture File"), OPTIONAL): Object: 'Object Repository/Input_Corporate/Pemegang_saham/6_a_Capture File' is clicked on

2022-03-28 12:47:47 - [MESSAGE][PASSED] - Object: 'Object Repository/Input_Corporate/Pemegang_saham/6_a_Capture File' is clicked on

2022-03-28 12:47:47 - [TEST_STEP][PASSED] - delay(1): Delayed 1 second(s)

2022-03-28 12:47:48 - [MESSAGE][PASSED] - Delayed 1 second(s)

2022-03-28 12:47:48 - [TEST_STEP][PASSED] - uploadFile(findTestObject("Input_Corporate/Capture_"), userDir + cobaKTP, OPTIONAL): File 'C:/Users/elanf/git/BCAF_MEAPP_i3/Assets/ktp_dummy.png' sent to object: 'Object Repository/Input_Corporate/Capture_'

2022-03-28 12:47:48 - [MESSAGE][PASSED] - File 'C:/Users/elanf/git/BCAF_MEAPP_i3/Assets/ktp_dummy.png' sent to object: 'Object Repository/Input_Corporate/Capture_'

2022-03-28 12:47:48 - [TEST_STEP][PASSED] - delay(1): Delayed 1 second(s)

2022-03-28 12:47:49 - [MESSAGE][PASSED] - Delayed 1 second(s)

2022-03-28 12:47:49 - [TEST_STEP][PASSED] - scrollToPosition(0, 200, OPTIONAL): Browser is scrolled to position x = 0, y = 200

2022-03-28 12:47:49 - [MESSAGE][PASSED] - Browser is scrolled to position x = 0, y = 200

2022-03-28 12:47:49 - [TEST_STEP][PASSED] - delay(1): Delayed 1 second(s)

2022-03-28 12:47:50 - [MESSAGE][PASSED] - Delayed 1 second(s)

2022-03-28 12:47:50 - [TEST_STEP][PASSED] - setText(findTestObject("Object Repository/Input_Corporate/Pemegang_saham/input_Kode Pos_2"), pemegangShm_kodePos): Text '12345' is set on object 'Object Repository/Input_Corporate/Pemegang_saham/input_Kode Pos_2'

2022-03-28 12:47:59 - [MESSAGE][PASSED] - Text '12345' is set on object 'Object Repository/Input_Corporate/Pemegang_saham/input_Kode Pos_2'

2022-03-28 12:47:59 - [TEST_STEP][PASSED] - delay(1): Delayed 1 second(s)

2022-03-28 12:48:00 - [MESSAGE][PASSED] - Delayed 1 second(s)

2022-03-28 12:48:00 - [TEST_STEP][PASSED] - scrollToPosition(0, 133, OPTIONAL): Browser is scrolled to position x = 0, y = 133

2022-03-28 12:48:00 - [MESSAGE][PASSED] - Browser is scrolled to position x = 0, y = 133

2022-03-28 12:48:00 - [TEST_STEP][PASSED] - click(findTestObject("Input_Corporate/Penjamin/1_a_Penjamin"), OPTIONAL): Object: 'Object Repository/Input_Corporate/Penjamin/1_a_Penjamin' is clicked on

2022-03-28 12:48:01 - [MESSAGE][PASSED] - Object: 'Object Repository/Input_Corporate/Penjamin/1_a_Penjamin' is clicked on

2022-03-28 12:48:01 - [TEST_STEP][PASSED] - delay(1): Delayed 1 second(s)

2022-03-28 12:48:02 - [MESSAGE][PASSED] - Delayed 1 second(s)

2022-03-28 12:48:02 - [TEST_STEP][PASSED] - click(findTestObject("Input_Corporate/Penjamin/2_input_Ya_guarantor_Tidak"), OPTIONAL): Object: 'Object Repository/Input_Corporate/Penjamin/2_input_Ya_guarantor_Tidak' is clicked on

2022-03-28 12:48:02 - [MESSAGE][PASSED] - Object: 'Object Repository/Input_Corporate/Penjamin/2_input_Ya_guarantor_Tidak' is clicked on

2022-03-28 12:48:02 - [TEST_STEP][PASSED] - delay(1): Delayed 1 second(s)

2022-03-28 12:48:03 - [MESSAGE][PASSED] - Delayed 1 second(s)

2022-03-28 12:48:03 - [TEST_STEP][PASSED] - takeFullPageScreenshotAsCheckpoint(userDir + sprint4WebScreenshootPath + "scenario-1-Berhasil-pemegang-saham-1.png"): Taking screenshot successfully

2022-03-28 12:48:04 - [MESSAGE][INFO] - 0 hidden object(s)

2022-03-28 12:48:04 - [MESSAGE][PASSED] - Taking screenshot successfully
[[ATTACHMENT|C:\Users\elanf\git\BCAF_MEAPP_i3\Screenshoot\Sprint4\Web\keyes\keyes-scenario-1-Berhasil-pemegang-saham-1.png]]

2022-03-28 12:48:04 - [TEST_STEP][PASSED] - markPassed("scenario 1 - Berhasil input pemegang saham 1"): scenario 1 - Berhasil input pemegang saham 1

2022-03-28 12:48:04 - [MESSAGE][PASSED] - scenario 1 - Berhasil input pemegang saham 1

2022-03-28 12:48:04 - [TEST_STEP][PASSED] - delay(1): Delayed 1 second(s)

2022-03-28 12:48:05 - [MESSAGE][PASSED] - Delayed 1 second(s)

2022-03-28 12:48:05 - [TEST_STEP][PASSED] - click(findTestObject("Input_Corporate/Financial/li_Financial"), OPTIONAL): Object: 'Object Repository/Input_Corporate/Financial/li_Financial' is clicked on

2022-03-28 12:48:06 - [MESSAGE][PASSED] - Object: 'Object Repository/Input_Corporate/Financial/li_Financial' is clicked on

2022-03-28 12:48:06 - [TEST_STEP][PASSED] - delay(1): Delayed 1 second(s)

2022-03-28 12:48:07 - [MESSAGE][PASSED] - Delayed 1 second(s)

2022-03-28 12:48:07 - [TEST_STEP][PASSED] - takeFullPageScreenshotAsCheckpoint(userDir + sprint4WebScreenshootPath + "scenario-1-Masuk-Submenu-financial.png"): Taking screenshot successfully

2022-03-28 12:48:07 - [MESSAGE][INFO] - 0 hidden object(s)

2022-03-28 12:48:07 - [MESSAGE][PASSED] - Taking screenshot successfully
[[ATTACHMENT|C:\Users\elanf\git\BCAF_MEAPP_i3\Screenshoot\Sprint4\Web\keyes\keyes-scenario-1-Masuk-Submenu-financial.png]]

2022-03-28 12:48:07 - [TEST_STEP][PASSED] - markPassed("scenario 1 - Masuk submenu financial"): scenario 1 - Masuk submenu financial

2022-03-28 12:48:07 - [MESSAGE][PASSED] - scenario 1 - Masuk submenu financial

2022-03-28 12:48:07 - [TEST_STEP][PASSED] - delay(1): Delayed 1 second(s)

2022-03-28 12:48:08 - [MESSAGE][PASSED] - Delayed 1 second(s)

2022-03-28 12:48:08 - [TEST_STEP][PASSED] - click(findTestObject("Input_Corporate/Financial/button_Laporan Keuangan"), OPTIONAL): Object: 'Object Repository/Input_Corporate/Financial/button_Laporan Keuangan' is clicked on

2022-03-28 12:48:09 - [MESSAGE][PASSED] - Object: 'Object Repository/Input_Corporate/Financial/button_Laporan Keuangan' is clicked on

2022-03-28 12:48:09 - [TEST_STEP][PASSED] - delay(1): Delayed 1 second(s)

2022-03-28 12:48:10 - [MESSAGE][PASSED] - Delayed 1 second(s)

2022-03-28 12:48:10 - [TEST_STEP][PASSED] - click(findTestObject("Input_Corporate/Financial/a_Capture File"), OPTIONAL): Object: 'Object Repository/Input_Corporate/Financial/a_Capture File' is clicked on

2022-03-28 12:48:10 - [MESSAGE][PASSED] - Object: 'Object Repository/Input_Corporate/Financial/a_Capture File' is clicked on

2022-03-28 12:48:10 - [TEST_STEP][PASSED] - delay(1): Delayed 1 second(s)

2022-03-28 12:48:11 - [MESSAGE][PASSED] - Delayed 1 second(s)

2022-03-28 12:48:11 - [TEST_STEP][PASSED] - uploadFile(findTestObject("Input_Corporate/Capture_"), userDir + cobaKTP, OPTIONAL): File 'C:/Users/elanf/git/BCAF_MEAPP_i3/Assets/ktp_dummy.png' sent to object: 'Object Repository/Input_Corporate/Capture_'

2022-03-28 12:48:11 - [MESSAGE][PASSED] - File 'C:/Users/elanf/git/BCAF_MEAPP_i3/Assets/ktp_dummy.png' sent to object: 'Object Repository/Input_Corporate/Capture_'

2022-03-28 12:48:11 - [TEST_STEP][PASSED] - delay(1): Delayed 1 second(s)

2022-03-28 12:48:12 - [MESSAGE][PASSED] - Delayed 1 second(s)

2022-03-28 12:48:12 - [TEST_STEP][PASSED] - takeFullPageScreenshotAsCheckpoint(userDir + sprint4WebScreenshootPath + "scenario-1-berhasil-input-capture-laporan-keuangan.png"): Taking screenshot successfully

2022-03-28 12:48:13 - [MESSAGE][INFO] - 0 hidden object(s)

2022-03-28 12:48:13 - [MESSAGE][PASSED] - Taking screenshot successfully
[[ATTACHMENT|C:\Users\elanf\git\BCAF_MEAPP_i3\Screenshoot\Sprint4\Web\keyes\keyes-scenario-1-berhasil-input-capture-laporan-keuangan.png]]

2022-03-28 12:48:13 - [TEST_STEP][PASSED] - markPassed("scenario 1 - berhasil input capture laporan keuangan"): scenario 1 - berhasil input capture laporan keuangan

2022-03-28 12:48:13 - [MESSAGE][PASSED] - scenario 1 - berhasil input capture laporan keuangan

2022-03-28 12:48:13 - [TEST_STEP][PASSED] - delay(1): Delayed 1 second(s)

2022-03-28 12:48:14 - [MESSAGE][PASSED] - Delayed 1 second(s)

2022-03-28 12:48:14 - [TEST_STEP][PASSED] - click(findTestObject("Input_Corporate/Financial/button_Bukti Kepemilikan Rekening"), OPTIONAL): Object: 'Object Repository/Input_Corporate/Financial/button_Bukti Kepemilikan Rekening' is clicked on

2022-03-28 12:48:15 - [MESSAGE][PASSED] - Object: 'Object Repository/Input_Corporate/Financial/button_Bukti Kepemilikan Rekening' is clicked on

2022-03-28 12:48:15 - [TEST_STEP][PASSED] - delay(1): Delayed 1 second(s)

2022-03-28 12:48:16 - [MESSAGE][PASSED] - Delayed 1 second(s)

2022-03-28 12:48:16 - [TEST_STEP][PASSED] - click(findTestObject("Input_Corporate/Financial/a_Capture File"), OPTIONAL): Object: 'Object Repository/Input_Corporate/Financial/a_Capture File' is clicked on

2022-03-28 12:48:16 - [MESSAGE][PASSED] - Object: 'Object Repository/Input_Corporate/Financial/a_Capture File' is clicked on

2022-03-28 12:48:16 - [TEST_STEP][PASSED] - delay(1): Delayed 1 second(s)

2022-03-28 12:48:17 - [MESSAGE][PASSED] - Delayed 1 second(s)

2022-03-28 12:48:17 - [TEST_STEP][PASSED] - uploadFile(findTestObject("Input_Corporate/Capture_"), userDir + cobaKTP, OPTIONAL): File 'C:/Users/elanf/git/BCAF_MEAPP_i3/Assets/ktp_dummy.png' sent to object: 'Object Repository/Input_Corporate/Capture_'

2022-03-28 12:48:17 - [MESSAGE][PASSED] - File 'C:/Users/elanf/git/BCAF_MEAPP_i3/Assets/ktp_dummy.png' sent to object: 'Object Repository/Input_Corporate/Capture_'

2022-03-28 12:48:17 - [TEST_STEP][PASSED] - delay(1): Delayed 1 second(s)

2022-03-28 12:48:18 - [MESSAGE][PASSED] - Delayed 1 second(s)

2022-03-28 12:48:18 - [TEST_STEP][PASSED] - takeFullPageScreenshotAsCheckpoint(userDir + sprint4WebScreenshootPath + "scenario-1-behasil-input-capture-laporan-bukti-kepemilikan.png"): Taking screenshot successfully

2022-03-28 12:48:19 - [MESSAGE][INFO] - 0 hidden object(s)

2022-03-28 12:48:19 - [MESSAGE][PASSED] - Taking screenshot successfully
[[ATTACHMENT|C:\Users\elanf\git\BCAF_MEAPP_i3\Screenshoot\Sprint4\Web\keyes\keyes-scenario-1-behasil-input-capture-laporan-bukti-kepemilikan.png]]

2022-03-28 12:48:19 - [TEST_STEP][PASSED] - markPassed("scenario 1 - berhasil input capture laporan bukti kepemilikan"): scenario 1 - berhasil input capture laporan bukti kepemilikan

2022-03-28 12:48:19 - [MESSAGE][PASSED] - scenario 1 - berhasil input capture laporan bukti kepemilikan

2022-03-28 12:48:19 - [TEST_STEP][PASSED] - delay(1): Delayed 1 second(s)

2022-03-28 12:48:20 - [MESSAGE][PASSED] - Delayed 1 second(s)

2022-03-28 12:48:20 - [TEST_STEP][PASSED] - setText(findTestObject("Input_Corporate/Financial/input_BCA Branch_form-control ng-untouched ng-pristine ng-valid"), financial_BCABranch, OPTIONAL): Text 'BCA' is set on object 'Object Repository/Input_Corporate/Financial/input_BCA Branch_form-control ng-untouched ng-pristine ng-valid'

2022-03-28 12:48:21 - [MESSAGE][PASSED] - Text 'BCA' is set on object 'Object Repository/Input_Corporate/Financial/input_BCA Branch_form-control ng-untouched ng-pristine ng-valid'

2022-03-28 12:48:21 - [TEST_STEP][PASSED] - delay(1): Delayed 1 second(s)

2022-03-28 12:48:22 - [MESSAGE][PASSED] - Delayed 1 second(s)

2022-03-28 12:48:22 - [TEST_STEP][PASSED] - setText(findTestObject("Input_Corporate/Financial/input_Account No. 10 Digit_form-control ng-untouched ng-pristine ng-valid"), financial_rekNum, OPTIONAL): Text '2343235657' is set on object 'Object Repository/Input_Corporate/Financial/input_Account No. 10 Digit_form-control ng-untouched ng-pristine ng-valid'

2022-03-28 12:48:23 - [MESSAGE][PASSED] - Text '2343235657' is set on object 'Object Repository/Input_Corporate/Financial/input_Account No. 10 Digit_form-control ng-untouched ng-pristine ng-valid'

2022-03-28 12:48:23 - [TEST_STEP][PASSED] - delay(1): Delayed 1 second(s)

2022-03-28 12:48:24 - [MESSAGE][PASSED] - Delayed 1 second(s)

2022-03-28 12:48:24 - [TEST_STEP][PASSED] - takeFullPageScreenshotAsCheckpoint(userDir + sprint4WebScreenshootPath + "scenario-1-berhasil-input-branch-dan-account-10digit-pada-submenu-financial.png"): Taking screenshot successfully

2022-03-28 12:48:25 - [MESSAGE][INFO] - 0 hidden object(s)

2022-03-28 12:48:25 - [MESSAGE][PASSED] - Taking screenshot successfully
[[ATTACHMENT|C:\Users\elanf\git\BCAF_MEAPP_i3\Screenshoot\Sprint4\Web\keyes\keyes-scenario-1-berhasil-input-branch-dan-account-10digit-pada-submenu-financial.png]]

2022-03-28 12:48:25 - [TEST_STEP][PASSED] - markPassed("scenario 1 - berhasil input branch dan account 10 digit pada submenu financial"): scenario 1 - berhasil input branch dan account 10 digit pada submenu financial

2022-03-28 12:48:25 - [MESSAGE][PASSED] - scenario 1 - berhasil input branch dan account 10 digit pada submenu financial

2022-03-28 12:48:25 - [TEST_STEP][PASSED] - delay(1): Delayed 1 second(s)

2022-03-28 12:48:26 - [MESSAGE][PASSED] - Delayed 1 second(s)

2022-03-28 12:48:26 - [TEST_STEP][PASSED] - click(findTestObject("Input_Corporate/Contact_Person/a_Contact Person"), OPTIONAL): Object: 'Object Repository/Input_Corporate/Contact_Person/a_Contact Person' is clicked on

2022-03-28 12:48:26 - [MESSAGE][PASSED] - Object: 'Object Repository/Input_Corporate/Contact_Person/a_Contact Person' is clicked on

2022-03-28 12:48:26 - [TEST_STEP][PASSED] - delay(1): Delayed 1 second(s)

2022-03-28 12:48:27 - [MESSAGE][PASSED] - Delayed 1 second(s)

2022-03-28 12:48:27 - [TEST_STEP][PASSED] - click(findTestObject("Input_Corporate/Contact_Person/input_Yes_inline-radios_No"), OPTIONAL): Object: 'Object Repository/Input_Corporate/Contact_Person/input_Yes_inline-radios_No' is clicked on

2022-03-28 12:48:28 - [MESSAGE][PASSED] - Object: 'Object Repository/Input_Corporate/Contact_Person/input_Yes_inline-radios_No' is clicked on

2022-03-28 12:48:28 - [TEST_STEP][PASSED] - delay(1): Delayed 1 second(s)

2022-03-28 12:48:29 - [MESSAGE][PASSED] - Delayed 1 second(s)

2022-03-28 12:48:29 - [TEST_STEP][PASSED] - takeFullPageScreenshotAsCheckpoint(userDir + sprint4WebScreenshootPath + "scenario-1-berhasil-input-contact-person.png"): Taking screenshot successfully

2022-03-28 12:48:29 - [MESSAGE][INFO] - 0 hidden object(s)

2022-03-28 12:48:29 - [MESSAGE][PASSED] - Taking screenshot successfully
[[ATTACHMENT|C:\Users\elanf\git\BCAF_MEAPP_i3\Screenshoot\Sprint4\Web\keyes\keyes-scenario-1-berhasil-input-contact-person.png]]

2022-03-28 12:48:29 - [TEST_STEP][PASSED] - markPassed("scenario 1 - berhasil input contact person"): scenario 1 - berhasil input contact person

2022-03-28 12:48:29 - [MESSAGE][PASSED] - scenario 1 - berhasil input contact person

2022-03-28 12:48:29 - [TEST_STEP][PASSED] - delay(1): Delayed 1 second(s)

2022-03-28 12:48:30 - [MESSAGE][PASSED] - Delayed 1 second(s)

2022-03-28 12:48:30 - [TEST_STEP][PASSED] - click(findTestObject("Input_Corporate/Other_Document/a_Other Document"), OPTIONAL): Object: 'Object Repository/Input_Corporate/Other_Document/a_Other Document' is clicked on

2022-03-28 12:48:31 - [MESSAGE][PASSED] - Object: 'Object Repository/Input_Corporate/Other_Document/a_Other Document' is clicked on

2022-03-28 12:48:31 - [TEST_STEP][PASSED] - delay(1): Delayed 1 second(s)

2022-03-28 12:48:32 - [MESSAGE][PASSED] - Delayed 1 second(s)

2022-03-28 12:48:32 - [TEST_STEP][PASSED] - takeFullPageScreenshotAsCheckpoint(userDir + sprint4WebScreenshootPath + "scenario-1-Masuk-menu-other-document.png"): Taking screenshot successfully

2022-03-28 12:48:32 - [MESSAGE][INFO] - 0 hidden object(s)

2022-03-28 12:48:32 - [MESSAGE][PASSED] - Taking screenshot successfully
[[ATTACHMENT|C:\Users\elanf\git\BCAF_MEAPP_i3\Screenshoot\Sprint4\Web\keyes\keyes-scenario-1-Masuk-menu-other-document.png]]

2022-03-28 12:48:32 - [TEST_STEP][PASSED] - markPassed("scenario 1 - Masuk menu other document"): scenario 1 - Masuk menu other document

2022-03-28 12:48:32 - [MESSAGE][PASSED] - scenario 1 - Masuk menu other document

2022-03-28 12:48:32 - [TEST_STEP][PASSED] - delay(1): Delayed 1 second(s)

2022-03-28 12:48:33 - [MESSAGE][PASSED] - Delayed 1 second(s)]]></system-out>
         <system-err><![CDATA[]]></system-err>
      </testcase>
      <testcase name="Test Cases/Sprint 4/Skenario 3/03-03-01-Transaction-AppPending-InputData-Information" time="64.049" classname="Test Cases/Sprint 4/Skenario 3/03-03-01-Transaction-AppPending-InputData-Information" status="PASSED">
         <system-out><![CDATA[2022-03-28 12:48:33 - [TEST_CASE][PASSED] - Test Cases/Sprint 4/Skenario 3/03-03-01-Transaction-AppPending-InputData-Information: Test Cases/Sprint 4/Skenario 3/03-03-01-Transaction-AppPending-InputData-Information

2022-03-28 12:48:34 - [TEST_STEP][PASSED] - userDir = getProjectDir(): null

2022-03-28 12:48:34 - [TEST_STEP][PASSED] - delay(1): Delayed 1 second(s)

2022-03-28 12:48:35 - [MESSAGE][PASSED] - Delayed 1 second(s)

2022-03-28 12:48:35 - [TEST_STEP][PASSED] - click(findTestObject("ME_AppPending/span_Collateral dan Loan")): Object: 'Object Repository/ME_AppPending/span_Collateral dan Loan' is clicked on

2022-03-28 12:48:35 - [MESSAGE][PASSED] - Object: 'Object Repository/ME_AppPending/span_Collateral dan Loan' is clicked on

2022-03-28 12:48:35 - [TEST_STEP][PASSED] - delay(1): Delayed 1 second(s)

2022-03-28 12:48:36 - [MESSAGE][PASSED] - Delayed 1 second(s)

2022-03-28 12:48:36 - [TEST_STEP][PASSED] - takeFullPageScreenshotAsCheckpoint(userDir + sprint4WebScreenshootPath + "scenario-1-masuk-menu-collateral-dan-loan.png"): Taking screenshot successfully

2022-03-28 12:48:37 - [MESSAGE][INFO] - 0 hidden object(s)

2022-03-28 12:48:37 - [MESSAGE][PASSED] - Taking screenshot successfully
[[ATTACHMENT|C:\Users\elanf\git\BCAF_MEAPP_i3\Screenshoot\Sprint4\Web\keyes\keyes-scenario-1-masuk-menu-collateral-dan-loan.png]]

2022-03-28 12:48:37 - [TEST_STEP][PASSED] - markPassed("scenario 1 - Masuk menu collateral dan loan"): scenario 1 - Masuk menu collateral dan loan

2022-03-28 12:48:37 - [MESSAGE][PASSED] - scenario 1 - Masuk menu collateral dan loan

2022-03-28 12:48:37 - [TEST_STEP][PASSED] - delay(1): Delayed 1 second(s)

2022-03-28 12:48:38 - [MESSAGE][PASSED] - Delayed 1 second(s)

2022-03-28 12:48:38 - [TEST_STEP][PASSED] - click(findTestObject("ME_CollateralandLoan_information/li_Information")): Object: 'Object Repository/ME_CollateralandLoan_information/li_Information' is clicked on

2022-03-28 12:48:38 - [MESSAGE][PASSED] - Object: 'Object Repository/ME_CollateralandLoan_information/li_Information' is clicked on

2022-03-28 12:48:38 - [TEST_STEP][PASSED] - delay(1): Delayed 1 second(s)

2022-03-28 12:48:39 - [MESSAGE][PASSED] - Delayed 1 second(s)

2022-03-28 12:48:39 - [TEST_STEP][PASSED] - click(findTestObject("ME_CollateralandLoan_information/input_jenispengajuan1"), OPTIONAL): Object: 'Object Repository/ME_CollateralandLoan_information/input_jenispengajuan1' is clicked on

2022-03-28 12:48:40 - [MESSAGE][PASSED] - Object: 'Object Repository/ME_CollateralandLoan_information/input_jenispengajuan1' is clicked on

2022-03-28 12:48:40 - [TEST_STEP][PASSED] - delay(1): Delayed 1 second(s)

2022-03-28 12:48:41 - [MESSAGE][PASSED] - Delayed 1 second(s)

2022-03-28 12:48:41 - [TEST_STEP][PASSED] - setText(findTestObject("ME_CollateralandLoan_information/input_jenispengajuan1"), information_jenisPengajuan, OPTIONAL): Text 'mobil bekas' is set on object 'Object Repository/ME_CollateralandLoan_information/input_jenispengajuan1'

2022-03-28 12:48:42 - [MESSAGE][PASSED] - Text 'mobil bekas' is set on object 'Object Repository/ME_CollateralandLoan_information/input_jenispengajuan1'

2022-03-28 12:48:42 - [TEST_STEP][PASSED] - delay(1): Delayed 1 second(s)

2022-03-28 12:48:43 - [MESSAGE][PASSED] - Delayed 1 second(s)

2022-03-28 12:48:43 - [TEST_STEP][PASSED] - takeFullPageScreenshotAsCheckpoint(userDir + sprint4WebScreenshootPath + "scenario-1-input-jenis-pengajuan.png"): Taking screenshot successfully

2022-03-28 12:48:43 - [MESSAGE][INFO] - 0 hidden object(s)

2022-03-28 12:48:43 - [MESSAGE][PASSED] - Taking screenshot successfully
[[ATTACHMENT|C:\Users\elanf\git\BCAF_MEAPP_i3\Screenshoot\Sprint4\Web\keyes\keyes-scenario-1-input-jenis-pengajuan.png]]

2022-03-28 12:48:43 - [TEST_STEP][PASSED] - markPassed("scenario 1 - Input Jenis Pengajuan"): scenario 1 - Input Jenis Pengajuan

2022-03-28 12:48:43 - [MESSAGE][PASSED] - scenario 1 - Input Jenis Pengajuan

2022-03-28 12:48:43 - [TEST_STEP][PASSED] - delay(1): Delayed 1 second(s)

2022-03-28 12:48:44 - [MESSAGE][PASSED] - Delayed 1 second(s)

2022-03-28 12:48:44 - [TEST_STEP][PASSED] - click(findTestObject("ME_CollateralandLoan_information/div_Mobil Bekas")): Object: 'Object Repository/ME_CollateralandLoan_information/div_Mobil Bekas' is clicked on

2022-03-28 12:48:45 - [MESSAGE][PASSED] - Object: 'Object Repository/ME_CollateralandLoan_information/div_Mobil Bekas' is clicked on

2022-03-28 12:48:45 - [TEST_STEP][PASSED] - delay(1): Delayed 1 second(s)

2022-03-28 12:48:46 - [MESSAGE][PASSED] - Delayed 1 second(s)

2022-03-28 12:48:46 - [TEST_STEP][PASSED] - click(findTestObject("ME_CollateralandLoan_information/input_tujuankredit"), OPTIONAL): Object: 'Object Repository/ME_CollateralandLoan_information/input_tujuankredit' is clicked on

2022-03-28 12:48:46 - [MESSAGE][PASSED] - Object: 'Object Repository/ME_CollateralandLoan_information/input_tujuankredit' is clicked on

2022-03-28 12:48:46 - [TEST_STEP][PASSED] - delay(1): Delayed 1 second(s)

2022-03-28 12:48:47 - [MESSAGE][PASSED] - Delayed 1 second(s)

2022-03-28 12:48:47 - [TEST_STEP][PASSED] - setText(findTestObject("ME_CollateralandLoan_information/input_tujuankredit"), information_tujuanKredit, OPTIONAL): Text 'pembelian aset' is set on object 'Object Repository/ME_CollateralandLoan_information/input_tujuankredit'

2022-03-28 12:48:48 - [MESSAGE][PASSED] - Text 'pembelian aset' is set on object 'Object Repository/ME_CollateralandLoan_information/input_tujuankredit'

2022-03-28 12:48:48 - [TEST_STEP][PASSED] - delay(1): Delayed 1 second(s)

2022-03-28 12:48:49 - [MESSAGE][PASSED] - Delayed 1 second(s)

2022-03-28 12:48:49 - [TEST_STEP][PASSED] - takeFullPageScreenshotAsCheckpoint(userDir + sprint4WebScreenshootPath + "scenario-1-input-tujuan-pengajuan.png"): Taking screenshot successfully

2022-03-28 12:48:49 - [MESSAGE][INFO] - 0 hidden object(s)

2022-03-28 12:48:50 - [MESSAGE][PASSED] - Taking screenshot successfully
[[ATTACHMENT|C:\Users\elanf\git\BCAF_MEAPP_i3\Screenshoot\Sprint4\Web\keyes\keyes-scenario-1-input-tujuan-pengajuan.png]]

2022-03-28 12:48:50 - [TEST_STEP][PASSED] - markPassed("scenario 1 - Input Tujuan Pengajuan"): scenario 1 - Input Tujuan Pengajuan

2022-03-28 12:48:50 - [MESSAGE][PASSED] - scenario 1 - Input Tujuan Pengajuan

2022-03-28 12:48:50 - [TEST_STEP][PASSED] - delay(1): Delayed 1 second(s)

2022-03-28 12:48:51 - [MESSAGE][PASSED] - Delayed 1 second(s)

2022-03-28 12:48:51 - [TEST_STEP][PASSED] - click(findTestObject("ME_CollateralandLoan_information/div_Pembelian Aset")): Object: 'Object Repository/ME_CollateralandLoan_information/div_Pembelian Aset' is clicked on

2022-03-28 12:48:51 - [MESSAGE][PASSED] - Object: 'Object Repository/ME_CollateralandLoan_information/div_Pembelian Aset' is clicked on

2022-03-28 12:48:51 - [TEST_STEP][PASSED] - delay(1): Delayed 1 second(s)

2022-03-28 12:48:52 - [MESSAGE][PASSED] - Delayed 1 second(s)

2022-03-28 12:48:52 - [TEST_STEP][PASSED] - click(findTestObject("ME_CollateralandLoan_information/button_Payment")): Object: 'Object Repository/ME_CollateralandLoan_information/button_Payment' is clicked on

2022-03-28 12:48:52 - [MESSAGE][PASSED] - Object: 'Object Repository/ME_CollateralandLoan_information/button_Payment' is clicked on

2022-03-28 12:48:52 - [TEST_STEP][PASSED] - delay(1): Delayed 1 second(s)

2022-03-28 12:48:53 - [MESSAGE][PASSED] - Delayed 1 second(s)

2022-03-28 12:48:53 - [TEST_STEP][PASSED] - click(findTestObject("ME_CollateralandLoan_information/input_autodebet")): Object: 'Object Repository/ME_CollateralandLoan_information/input_autodebet' is clicked on

2022-03-28 12:48:54 - [MESSAGE][PASSED] - Object: 'Object Repository/ME_CollateralandLoan_information/input_autodebet' is clicked on

2022-03-28 12:48:54 - [TEST_STEP][PASSED] - delay(1): Delayed 1 second(s)

2022-03-28 12:48:55 - [MESSAGE][PASSED] - Delayed 1 second(s)

2022-03-28 12:48:55 - [TEST_STEP][PASSED] - takeFullPageScreenshotAsCheckpoint(userDir + sprint4WebScreenshootPath + "scenario-1-input-payment.png"): Taking screenshot successfully

2022-03-28 12:48:56 - [MESSAGE][INFO] - 0 hidden object(s)

2022-03-28 12:48:56 - [MESSAGE][PASSED] - Taking screenshot successfully
[[ATTACHMENT|C:\Users\elanf\git\BCAF_MEAPP_i3\Screenshoot\Sprint4\Web\keyes\keyes-scenario-1-input-payment.png]]

2022-03-28 12:48:56 - [TEST_STEP][PASSED] - markPassed("scenario 1 - Input Payment"): scenario 1 - Input Payment

2022-03-28 12:48:56 - [MESSAGE][PASSED] - scenario 1 - Input Payment

2022-03-28 12:48:56 - [TEST_STEP][PASSED] - delay(1): Delayed 1 second(s)

2022-03-28 12:48:57 - [MESSAGE][PASSED] - Delayed 1 second(s)

2022-03-28 12:48:57 - [TEST_STEP][PASSED] - click(findTestObject("ME_CollateralandLoan_information/div_Auto Debet")): Object: 'Object Repository/ME_CollateralandLoan_information/div_Auto Debet' is clicked on

2022-03-28 12:48:57 - [MESSAGE][PASSED] - Object: 'Object Repository/ME_CollateralandLoan_information/div_Auto Debet' is clicked on

2022-03-28 12:48:57 - [TEST_STEP][PASSED] - delay(1): Delayed 1 second(s)

2022-03-28 12:48:58 - [MESSAGE][PASSED] - Delayed 1 second(s)

2022-03-28 12:48:58 - [TEST_STEP][PASSED] - setText(findTestObject("ME_CollateralandLoan_information/input_Account No. 10 Digit_text-input-account-no"), information_accountNum): Text '11111111111' is set on object 'Object Repository/ME_CollateralandLoan_information/input_Account No. 10 Digit_text-input-account-no'

2022-03-28 12:48:59 - [MESSAGE][PASSED] - Text '11111111111' is set on object 'Object Repository/ME_CollateralandLoan_information/input_Account No. 10 Digit_text-input-account-no'

2022-03-28 12:48:59 - [TEST_STEP][PASSED] - delay(1): Delayed 1 second(s)

2022-03-28 12:49:00 - [MESSAGE][PASSED] - Delayed 1 second(s)

2022-03-28 12:49:00 - [TEST_STEP][PASSED] - click(findTestObject("ME_CollateralandLoan_information/input_Account No. 10 Digit_inline-checkbox-autodebetNoRek"), OPTIONAL): Object: 'Object Repository/ME_CollateralandLoan_information/input_Account No. 10 Digit_inline-checkbox-autodebetNoRek' is clicked on

2022-03-28 12:49:01 - [MESSAGE][PASSED] - Object: 'Object Repository/ME_CollateralandLoan_information/input_Account No. 10 Digit_inline-checkbox-autodebetNoRek' is clicked on

2022-03-28 12:49:01 - [TEST_STEP][PASSED] - click(findTestObject("ME_CollateralandLoan_information/Capture_rekeningautodebet")): Object: 'Object Repository/ME_CollateralandLoan_information/Capture_rekeningautodebet' is clicked on

2022-03-28 12:49:01 - [MESSAGE][PASSED] - Object: 'Object Repository/ME_CollateralandLoan_information/Capture_rekeningautodebet' is clicked on

2022-03-28 12:49:01 - [TEST_STEP][PASSED] - delay(1): Delayed 1 second(s)

2022-03-28 12:49:02 - [MESSAGE][PASSED] - Delayed 1 second(s)

2022-03-28 12:49:02 - [TEST_STEP][PASSED] - uploadFile(findTestObject("MEApp_AppBaru_InisiasiKonsumen/Capture_"), userDir + pathfinder_npwp): File 'C:/Users/elanf/git/BCAF_MEAPP_i3/Assets/npwp-dummy.jpg' sent to object: 'Object Repository/MEApp_AppBaru_InisiasiKonsumen/Capture_'

2022-03-28 12:49:03 - [MESSAGE][PASSED] - File 'C:/Users/elanf/git/BCAF_MEAPP_i3/Assets/npwp-dummy.jpg' sent to object: 'Object Repository/MEApp_AppBaru_InisiasiKonsumen/Capture_'

2022-03-28 12:49:03 - [TEST_STEP][PASSED] - setText(findTestObject("ME_CollateralandLoan_information/input_Account No. 10 Digit_noRekening"), information_accountNum2): Text '11111111111' is set on object 'Object Repository/ME_CollateralandLoan_information/input_Account No. 10 Digit_noRekening'

2022-03-28 12:49:04 - [MESSAGE][PASSED] - Text '11111111111' is set on object 'Object Repository/ME_CollateralandLoan_information/input_Account No. 10 Digit_noRekening'

2022-03-28 12:49:04 - [TEST_STEP][PASSED] - delay(1): Delayed 1 second(s)

2022-03-28 12:49:05 - [MESSAGE][PASSED] - Delayed 1 second(s)

2022-03-28 12:49:05 - [TEST_STEP][PASSED] - setText(findTestObject("ME_CollateralandLoan_information/input_Cabang BCA_cabangBca"), information_cabang): Text 'jakarta selatan' is set on object 'Object Repository/ME_CollateralandLoan_information/input_Cabang BCA_cabangBca'

2022-03-28 12:49:06 - [MESSAGE][PASSED] - Text 'jakarta selatan' is set on object 'Object Repository/ME_CollateralandLoan_information/input_Cabang BCA_cabangBca'

2022-03-28 12:49:06 - [TEST_STEP][PASSED] - delay(1): Delayed 1 second(s)

2022-03-28 12:49:07 - [MESSAGE][PASSED] - Delayed 1 second(s)

2022-03-28 12:49:07 - [TEST_STEP][PASSED] - setText(findTestObject("ME_CollateralandLoan_information/input_Nama Pemilik Rekening_form-control ng-untouched ng-pristine ng-invalid"), information_namaPemilikRek): Text 'afgan' is set on object 'Object Repository/ME_CollateralandLoan_information/input_Nama Pemilik Rekening_form-control ng-untouched ng-pristine ng-invalid'

2022-03-28 12:49:08 - [MESSAGE][PASSED] - Text 'afgan' is set on object 'Object Repository/ME_CollateralandLoan_information/input_Nama Pemilik Rekening_form-control ng-untouched ng-pristine ng-invalid'

2022-03-28 12:49:08 - [TEST_STEP][PASSED] - delay(1): Delayed 1 second(s)

2022-03-28 12:49:09 - [MESSAGE][PASSED] - Delayed 1 second(s)

2022-03-28 12:49:09 - [TEST_STEP][PASSED] - setText(findTestObject("ME_CollateralandLoan_information/input_No KTP_form-control ng-untouched ng-pristine ng-invalid"), information_noKTP): Text '22222222222222' is set on object 'Object Repository/ME_CollateralandLoan_information/input_No KTP_form-control ng-untouched ng-pristine ng-invalid'

2022-03-28 12:49:10 - [MESSAGE][PASSED] - Text '22222222222222' is set on object 'Object Repository/ME_CollateralandLoan_information/input_No KTP_form-control ng-untouched ng-pristine ng-invalid'

2022-03-28 12:49:10 - [TEST_STEP][PASSED] - delay(1): Delayed 1 second(s)

2022-03-28 12:49:11 - [MESSAGE][PASSED] - Delayed 1 second(s)

2022-03-28 12:49:11 - [TEST_STEP][PASSED] - takeFullPageScreenshotAsCheckpoint(userDir + sprint4WebScreenshootPath + "scenario-1-input-data-autodebit.png"): Taking screenshot successfully

2022-03-28 12:49:11 - [MESSAGE][INFO] - 0 hidden object(s)

2022-03-28 12:49:12 - [MESSAGE][PASSED] - Taking screenshot successfully
[[ATTACHMENT|C:\Users\elanf\git\BCAF_MEAPP_i3\Screenshoot\Sprint4\Web\keyes\keyes-scenario-1-input-data-autodebit.png]]

2022-03-28 12:49:12 - [TEST_STEP][PASSED] - markPassed("scenario 1 - Input data autodebit"): scenario 1 - Input data autodebit

2022-03-28 12:49:12 - [MESSAGE][PASSED] - scenario 1 - Input data autodebit

2022-03-28 12:49:12 - [TEST_STEP][PASSED] - delay(1): Delayed 1 second(s)

2022-03-28 12:49:13 - [MESSAGE][PASSED] - Delayed 1 second(s)

2022-03-28 12:49:13 - [TEST_STEP][PASSED] - click(findTestObject("ME_CollateralandLoan_information/button_Mutasi Rekening")): Object: 'Object Repository/ME_CollateralandLoan_information/button_Mutasi Rekening' is clicked on

2022-03-28 12:49:13 - [MESSAGE][PASSED] - Object: 'Object Repository/ME_CollateralandLoan_information/button_Mutasi Rekening' is clicked on

2022-03-28 12:49:13 - [TEST_STEP][PASSED] - delay(1): Delayed 1 second(s)

2022-03-28 12:49:14 - [MESSAGE][PASSED] - Delayed 1 second(s)

2022-03-28 12:49:14 - [TEST_STEP][PASSED] - takeFullPageScreenshotAsCheckpoint(userDir + sprint4WebScreenshootPath + "scenario-1-masuk-submenu-input-mutasi-rekening.png"): Taking screenshot successfully

2022-03-28 12:49:15 - [MESSAGE][INFO] - 0 hidden object(s)

2022-03-28 12:49:15 - [MESSAGE][PASSED] - Taking screenshot successfully
[[ATTACHMENT|C:\Users\elanf\git\BCAF_MEAPP_i3\Screenshoot\Sprint4\Web\keyes\keyes-scenario-1-masuk-submenu-input-mutasi-rekening.png]]

2022-03-28 12:49:15 - [TEST_STEP][PASSED] - markPassed("scenario 1 - Masuk submenu input mutasi rekening"): scenario 1 - Masuk submenu input mutasi rekening

2022-03-28 12:49:15 - [MESSAGE][PASSED] - scenario 1 - Masuk submenu input mutasi rekening

2022-03-28 12:49:15 - [TEST_STEP][PASSED] - delay(1): Delayed 1 second(s)

2022-03-28 12:49:16 - [MESSAGE][PASSED] - Delayed 1 second(s)

2022-03-28 12:49:16 - [TEST_STEP][PASSED] - click(findTestObject("ME_CollateralandLoan_information/button_Add Mutasi Rekening")): Object: 'Object Repository/ME_CollateralandLoan_information/button_Add Mutasi Rekening' is clicked on

2022-03-28 12:49:17 - [MESSAGE][PASSED] - Object: 'Object Repository/ME_CollateralandLoan_information/button_Add Mutasi Rekening' is clicked on

2022-03-28 12:49:17 - [TEST_STEP][PASSED] - delay(1): Delayed 1 second(s)

2022-03-28 12:49:18 - [MESSAGE][PASSED] - Delayed 1 second(s)

2022-03-28 12:49:18 - [TEST_STEP][PASSED] - takeFullPageScreenshotAsCheckpoint(userDir + sprint4WebScreenshootPath + "scenario-1-sebelum-input-data-mutasi-rekening.png"): Taking screenshot successfully

2022-03-28 12:49:18 - [MESSAGE][INFO] - 0 hidden object(s)

2022-03-28 12:49:18 - [MESSAGE][PASSED] - Taking screenshot successfully
[[ATTACHMENT|C:\Users\elanf\git\BCAF_MEAPP_i3\Screenshoot\Sprint4\Web\keyes\keyes-scenario-1-sebelum-input-data-mutasi-rekening.png]]

2022-03-28 12:49:18 - [TEST_STEP][PASSED] - markPassed("scenario 1 - sebelum input data mutasi rekening"): scenario 1 - sebelum input data mutasi rekening

2022-03-28 12:49:18 - [MESSAGE][PASSED] - scenario 1 - sebelum input data mutasi rekening

2022-03-28 12:49:18 - [TEST_STEP][PASSED] - delay(1): Delayed 1 second(s)

2022-03-28 12:49:19 - [MESSAGE][PASSED] - Delayed 1 second(s)

2022-03-28 12:49:19 - [TEST_STEP][PASSED] - click(findTestObject("ME_CollateralandLoan_information/a_Capture File_mutasirek")): Object: 'Object Repository/ME_CollateralandLoan_information/a_Capture File_mutasirek' is clicked on

2022-03-28 12:49:20 - [MESSAGE][PASSED] - Object: 'Object Repository/ME_CollateralandLoan_information/a_Capture File_mutasirek' is clicked on

2022-03-28 12:49:20 - [TEST_STEP][PASSED] - delay(1): Delayed 1 second(s)

2022-03-28 12:49:21 - [MESSAGE][PASSED] - Delayed 1 second(s)

2022-03-28 12:49:21 - [TEST_STEP][PASSED] - uploadFile(findTestObject("MEApp_AppBaru_InisiasiKonsumen/Capture_"), userDir + pathfinder_npwp): File 'C:/Users/elanf/git/BCAF_MEAPP_i3/Assets/npwp-dummy.jpg' sent to object: 'Object Repository/MEApp_AppBaru_InisiasiKonsumen/Capture_'

2022-03-28 12:49:21 - [MESSAGE][PASSED] - File 'C:/Users/elanf/git/BCAF_MEAPP_i3/Assets/npwp-dummy.jpg' sent to object: 'Object Repository/MEApp_AppBaru_InisiasiKonsumen/Capture_'

2022-03-28 12:49:21 - [TEST_STEP][PASSED] - delay(1): Delayed 1 second(s)

2022-03-28 12:49:22 - [MESSAGE][PASSED] - Delayed 1 second(s)

2022-03-28 12:49:22 - [TEST_STEP][PASSED] - setText(findTestObject("ME_CollateralandLoan_information/input_Mutasi Debit_form-control text-right ng-untouched ng-pristine ng-valid"), information_mutasiDebit): Text '10000000' is set on object 'Object Repository/ME_CollateralandLoan_information/input_Mutasi Debit_form-control text-right ng-untouched ng-pristine ng-valid'

2022-03-28 12:49:23 - [MESSAGE][PASSED] - Text '10000000' is set on object 'Object Repository/ME_CollateralandLoan_information/input_Mutasi Debit_form-control text-right ng-untouched ng-pristine ng-valid'

2022-03-28 12:49:23 - [TEST_STEP][PASSED] - delay(1): Delayed 1 second(s)

2022-03-28 12:49:24 - [MESSAGE][PASSED] - Delayed 1 second(s)

2022-03-28 12:49:24 - [TEST_STEP][PASSED] - setText(findTestObject("ME_CollateralandLoan_information/input_Mutasi Kredit_form-control text-right ng-untouched ng-pristine ng-valid"), information_mutasiKredit): Text '10000000' is set on object 'Object Repository/ME_CollateralandLoan_information/input_Mutasi Kredit_form-control text-right ng-untouched ng-pristine ng-valid'

2022-03-28 12:49:25 - [MESSAGE][PASSED] - Text '10000000' is set on object 'Object Repository/ME_CollateralandLoan_information/input_Mutasi Kredit_form-control text-right ng-untouched ng-pristine ng-valid'

2022-03-28 12:49:25 - [TEST_STEP][PASSED] - delay(1): Delayed 1 second(s)

2022-03-28 12:49:26 - [MESSAGE][PASSED] - Delayed 1 second(s)

2022-03-28 12:49:26 - [TEST_STEP][PASSED] - setText(findTestObject("ME_CollateralandLoan_information/input_Mutasi Saldo_form-control text-right ng-untouched ng-pristine ng-valid"), information_mutasiSaldo): Text '10000000' is set on object 'Object Repository/ME_CollateralandLoan_information/input_Mutasi Saldo_form-control text-right ng-untouched ng-pristine ng-valid'

2022-03-28 12:49:27 - [MESSAGE][PASSED] - Text '10000000' is set on object 'Object Repository/ME_CollateralandLoan_information/input_Mutasi Saldo_form-control text-right ng-untouched ng-pristine ng-valid'

2022-03-28 12:49:27 - [TEST_STEP][PASSED] - delay(1): Delayed 1 second(s)

2022-03-28 12:49:28 - [MESSAGE][PASSED] - Delayed 1 second(s)

2022-03-28 12:49:28 - [TEST_STEP][PASSED] - takeFullPageScreenshotAsCheckpoint(userDir + sprint4WebScreenshootPath + "scenario-1-input-data-mutasi-rekening.png"): Taking screenshot successfully

2022-03-28 12:49:28 - [MESSAGE][INFO] - 0 hidden object(s)

2022-03-28 12:49:29 - [MESSAGE][PASSED] - Taking screenshot successfully
[[ATTACHMENT|C:\Users\elanf\git\BCAF_MEAPP_i3\Screenshoot\Sprint4\Web\keyes\keyes-scenario-1-input-data-mutasi-rekening.png]]

2022-03-28 12:49:29 - [TEST_STEP][PASSED] - markPassed("scenario 1 - input data mutasi rekening"): scenario 1 - input data mutasi rekening

2022-03-28 12:49:29 - [MESSAGE][PASSED] - scenario 1 - input data mutasi rekening

2022-03-28 12:49:29 - [TEST_STEP][PASSED] - delay(1): Delayed 1 second(s)

2022-03-28 12:49:30 - [MESSAGE][PASSED] - Delayed 1 second(s)

2022-03-28 12:49:30 - [TEST_STEP][PASSED] - click(findTestObject("ME_CollateralandLoan_information/button_Add"), OPTIONAL): Object: 'Object Repository/ME_CollateralandLoan_information/button_Add' is clicked on

2022-03-28 12:49:30 - [MESSAGE][PASSED] - Object: 'Object Repository/ME_CollateralandLoan_information/button_Add' is clicked on

2022-03-28 12:49:30 - [TEST_STEP][PASSED] - delay(1): Delayed 1 second(s)

2022-03-28 12:49:31 - [MESSAGE][PASSED] - Delayed 1 second(s)

2022-03-28 12:49:31 - [TEST_STEP][PASSED] - click(findTestObject("ME_CollateralandLoan_information/button_View Detail_btn btn-edit ng-star-inserted"), OPTIONAL): Object: 'Object Repository/ME_CollateralandLoan_information/button_View Detail_btn btn-edit ng-star-inserted' is clicked on

2022-03-28 12:49:31 - [MESSAGE][PASSED] - Object: 'Object Repository/ME_CollateralandLoan_information/button_View Detail_btn btn-edit ng-star-inserted' is clicked on

2022-03-28 12:49:31 - [TEST_STEP][PASSED] - delay(1): Delayed 1 second(s)

2022-03-28 12:49:33 - [MESSAGE][PASSED] - Delayed 1 second(s)

2022-03-28 12:49:33 - [TEST_STEP][PASSED] - click(findTestObject("ME_CollateralandLoan_information/button_Save"), OPTIONAL): Object: 'Object Repository/ME_CollateralandLoan_information/button_Save' is clicked on

2022-03-28 12:49:33 - [MESSAGE][PASSED] - Object: 'Object Repository/ME_CollateralandLoan_information/button_Save' is clicked on

2022-03-28 12:49:33 - [TEST_STEP][PASSED] - delay(1): Delayed 1 second(s)

2022-03-28 12:49:34 - [MESSAGE][PASSED] - Delayed 1 second(s)

2022-03-28 12:49:34 - [TEST_STEP][PASSED] - click(findTestObject("ME_CollateralandLoan_information/a_View Detail_mutasirekening"), OPTIONAL): Object: 'Object Repository/ME_CollateralandLoan_information/a_View Detail_mutasirekening' is clicked on

2022-03-28 12:49:34 - [MESSAGE][PASSED] - Object: 'Object Repository/ME_CollateralandLoan_information/a_View Detail_mutasirekening' is clicked on

2022-03-28 12:49:34 - [TEST_STEP][PASSED] - delay(1): Delayed 1 second(s)

2022-03-28 12:49:35 - [MESSAGE][PASSED] - Delayed 1 second(s)

2022-03-28 12:49:35 - [TEST_STEP][PASSED] - takeFullPageScreenshotAsCheckpoint(userDir + sprint4WebScreenshootPath + "scenario-1-berhasil-mengisi-data-information.png"): Taking screenshot successfully

2022-03-28 12:49:36 - [MESSAGE][INFO] - 0 hidden object(s)

2022-03-28 12:49:36 - [MESSAGE][PASSED] - Taking screenshot successfully
[[ATTACHMENT|C:\Users\elanf\git\BCAF_MEAPP_i3\Screenshoot\Sprint4\Web\keyes\keyes-scenario-1-berhasil-mengisi-data-information.png]]

2022-03-28 12:49:36 - [TEST_STEP][PASSED] - markPassed("scenario 1 - Berhasil mengisi data information"): scenario 1 - Berhasil mengisi data information

2022-03-28 12:49:36 - [MESSAGE][PASSED] - scenario 1 - Berhasil mengisi data information

2022-03-28 12:49:36 - [TEST_STEP][PASSED] - delay(1): Delayed 1 second(s)

2022-03-28 12:49:37 - [MESSAGE][PASSED] - Delayed 1 second(s)]]></system-out>
         <system-err><![CDATA[]]></system-err>
      </testcase>
      <testcase name="Test Cases/Sprint 4/Skenario 3/03-03-02-Transaction-AppPending-InputData-Vehicle" time="239.543" classname="Test Cases/Sprint 4/Skenario 3/03-03-02-Transaction-AppPending-InputData-Vehicle" status="PASSED">
         <system-out><![CDATA[2022-03-28 12:49:37 - [TEST_CASE][PASSED] - Test Cases/Sprint 4/Skenario 3/03-03-02-Transaction-AppPending-InputData-Vehicle: Test Cases/Sprint 4/Skenario 3/03-03-02-Transaction-AppPending-InputData-Vehicle

2022-03-28 12:49:38 - [TEST_STEP][PASSED] - userDir = getProjectDir(): null

2022-03-28 12:49:38 - [TEST_STEP][PASSED] - delay(1): Delayed 1 second(s)

2022-03-28 12:49:39 - [MESSAGE][PASSED] - Delayed 1 second(s)

2022-03-28 12:49:39 - [TEST_STEP][PASSED] - scrollToPosition(0, 130): Browser is scrolled to position x = 0, y = 130

2022-03-28 12:49:39 - [MESSAGE][PASSED] - Browser is scrolled to position x = 0, y = 130

2022-03-28 12:49:39 - [TEST_STEP][PASSED] - takeFullPageScreenshotAsCheckpoint(userDir + sprint4WebScreenshootPath + "scenario-1-masuk-halaman-collateral-loan-vehicle.png"): Taking screenshot successfully

2022-03-28 12:49:40 - [MESSAGE][INFO] - 0 hidden object(s)

2022-03-28 12:49:40 - [MESSAGE][PASSED] - Taking screenshot successfully
[[ATTACHMENT|C:\Users\elanf\git\BCAF_MEAPP_i3\Screenshoot\Sprint4\Web\keyes\keyes-scenario-1-masuk-halaman-collateral-loan-vehicle.png]]

2022-03-28 12:49:40 - [TEST_STEP][PASSED] - markPassed("scenario 1 - Masuk halaman collateral loan vehicle"): scenario 1 - Masuk halaman collateral loan vehicle

2022-03-28 12:49:40 - [MESSAGE][PASSED] - scenario 1 - Masuk halaman collateral loan vehicle

2022-03-28 12:49:40 - [TEST_STEP][PASSED] - delay(1): Delayed 1 second(s)

2022-03-28 12:49:41 - [MESSAGE][PASSED] - Delayed 1 second(s)

2022-03-28 12:49:41 - [TEST_STEP][PASSED] - click(findTestObject("ME_CollateralAndLoan_Vehicle/li_Vehicle")): Object: 'Object Repository/ME_CollateralAndLoan_Vehicle/li_Vehicle' is clicked on

2022-03-28 12:49:42 - [MESSAGE][PASSED] - Object: 'Object Repository/ME_CollateralAndLoan_Vehicle/li_Vehicle' is clicked on

2022-03-28 12:49:42 - [TEST_STEP][PASSED] - delay(1): Delayed 1 second(s)

2022-03-28 12:49:43 - [MESSAGE][PASSED] - Delayed 1 second(s)

2022-03-28 12:49:43 - [TEST_STEP][PASSED] - waitForElementPresent(findTestObject("ME_CollateralAndLoan_Vehicle/input_dealername_ketiga"), 0): Object 'Object Repository/ME_CollateralAndLoan_Vehicle/input_dealername_ketiga' is present

2022-03-28 12:49:43 - [MESSAGE][WARNING] - Timeout '0' is invalid. Using default page load timeout: '30'

2022-03-28 12:49:43 - [MESSAGE][PASSED] - Object 'Object Repository/ME_CollateralAndLoan_Vehicle/input_dealername_ketiga' is present

2022-03-28 12:49:43 - [TEST_STEP][PASSED] - click(findTestObject("ME_CollateralAndLoan_Vehicle/input_dealername_ketiga"), OPTIONAL): Object: 'Object Repository/ME_CollateralAndLoan_Vehicle/input_dealername_ketiga' is clicked on

2022-03-28 12:49:43 - [MESSAGE][PASSED] - Object: 'Object Repository/ME_CollateralAndLoan_Vehicle/input_dealername_ketiga' is clicked on

2022-03-28 12:49:43 - [TEST_STEP][PASSED] - delay(1): Delayed 1 second(s)

2022-03-28 12:49:44 - [MESSAGE][PASSED] - Delayed 1 second(s)

2022-03-28 12:49:44 - [TEST_STEP][PASSED] - setText(findTestObject("ME_CollateralAndLoan_Vehicle/input_dealername_ketiga"), "Akita Prima Mobilindo, PT", OPTIONAL): Text 'Akita Prima Mobilindo, PT' is set on object 'Object Repository/ME_CollateralAndLoan_Vehicle/input_dealername_ketiga'

2022-03-28 12:49:45 - [MESSAGE][PASSED] - Text 'Akita Prima Mobilindo, PT' is set on object 'Object Repository/ME_CollateralAndLoan_Vehicle/input_dealername_ketiga'

2022-03-28 12:49:45 - [TEST_STEP][PASSED] - delay(1): Delayed 1 second(s)

2022-03-28 12:49:47 - [MESSAGE][PASSED] - Delayed 1 second(s)

2022-03-28 12:49:47 - [TEST_STEP][PASSED] - click(findTestObject("ME_CollateralAndLoan_Vehicle/span_Akita Prima Mobilindo, PT")): Object: 'Object Repository/ME_CollateralAndLoan_Vehicle/span_Akita Prima Mobilindo, PT' is clicked on

2022-03-28 12:49:47 - [MESSAGE][PASSED] - Object: 'Object Repository/ME_CollateralAndLoan_Vehicle/span_Akita Prima Mobilindo, PT' is clicked on

2022-03-28 12:49:47 - [TEST_STEP][PASSED] - delay(1): Delayed 1 second(s)

2022-03-28 12:49:48 - [MESSAGE][PASSED] - Delayed 1 second(s)

2022-03-28 12:49:48 - [TEST_STEP][PASSED] - waitForElementPresent(findTestObject("ME_CollateralAndLoan_Vehicle/input_branch_ketiga"), 0): Object 'Object Repository/ME_CollateralAndLoan_Vehicle/input_branch_ketiga' is present

2022-03-28 12:49:48 - [MESSAGE][WARNING] - Timeout '0' is invalid. Using default page load timeout: '30'

2022-03-28 12:49:48 - [MESSAGE][PASSED] - Object 'Object Repository/ME_CollateralAndLoan_Vehicle/input_branch_ketiga' is present

2022-03-28 12:49:48 - [TEST_STEP][PASSED] - click(findTestObject("ME_CollateralAndLoan_Vehicle/input_branch_ketiga")): Object: 'Object Repository/ME_CollateralAndLoan_Vehicle/input_branch_ketiga' is clicked on

2022-03-28 12:49:49 - [MESSAGE][PASSED] - Object: 'Object Repository/ME_CollateralAndLoan_Vehicle/input_branch_ketiga' is clicked on

2022-03-28 12:49:49 - [TEST_STEP][PASSED] - delay(1): Delayed 1 second(s)

2022-03-28 12:49:50 - [MESSAGE][PASSED] - Delayed 1 second(s)

2022-03-28 12:49:50 - [TEST_STEP][PASSED] - setText(findTestObject("ME_CollateralAndLoan_Vehicle/input_branch_ketiga"), "Akita Prima Mobilindo - Pondok Cabe"): Text 'Akita Prima Mobilindo - Pondok Cabe' is set on object 'Object Repository/ME_CollateralAndLoan_Vehicle/input_branch_ketiga'

2022-03-28 12:49:51 - [MESSAGE][PASSED] - Text 'Akita Prima Mobilindo - Pondok Cabe' is set on object 'Object Repository/ME_CollateralAndLoan_Vehicle/input_branch_ketiga'

2022-03-28 12:49:51 - [TEST_STEP][PASSED] - delay(1): Delayed 1 second(s)

2022-03-28 12:49:52 - [MESSAGE][PASSED] - Delayed 1 second(s)

2022-03-28 12:49:52 - [TEST_STEP][PASSED] - waitForElementPresent(findTestObject("ME_CollateralAndLoan_Vehicle/span_A1617 - Akita Prima Mobilindo - Pondok Cabe"), 0): Object 'Object Repository/ME_CollateralAndLoan_Vehicle/span_A1617 - Akita Prima Mobilindo - Pondok Cabe' is present

2022-03-28 12:49:52 - [MESSAGE][WARNING] - Timeout '0' is invalid. Using default page load timeout: '30'

2022-03-28 12:49:52 - [MESSAGE][PASSED] - Object 'Object Repository/ME_CollateralAndLoan_Vehicle/span_A1617 - Akita Prima Mobilindo - Pondok Cabe' is present

2022-03-28 12:49:52 - [TEST_STEP][PASSED] - click(findTestObject("ME_CollateralAndLoan_Vehicle/span_A1617 - Akita Prima Mobilindo - Pondok Cabe")): Object: 'Object Repository/ME_CollateralAndLoan_Vehicle/span_A1617 - Akita Prima Mobilindo - Pondok Cabe' is clicked on

2022-03-28 12:49:53 - [MESSAGE][PASSED] - Object: 'Object Repository/ME_CollateralAndLoan_Vehicle/span_A1617 - Akita Prima Mobilindo - Pondok Cabe' is clicked on

2022-03-28 12:49:53 - [TEST_STEP][PASSED] - delay(1): Delayed 1 second(s)

2022-03-28 12:49:54 - [MESSAGE][PASSED] - Delayed 1 second(s)

2022-03-28 12:49:54 - [TEST_STEP][PASSED] - verifyElementPresent(findTestObject("ME_CollateralAndLoan_Vehicle/input_Address_address"), 0): Object 'Object Repository/ME_CollateralAndLoan_Vehicle/input_Address_address' is present

2022-03-28 12:49:54 - [MESSAGE][WARNING] - Timeout '0' is invalid. Using default page load timeout: '30'

2022-03-28 12:49:54 - [MESSAGE][PASSED] - Object 'Object Repository/ME_CollateralAndLoan_Vehicle/input_Address_address' is present

2022-03-28 12:49:54 - [TEST_STEP][PASSED] - delay(1): Delayed 1 second(s)

2022-03-28 12:49:55 - [MESSAGE][PASSED] - Delayed 1 second(s)

2022-03-28 12:49:55 - [TEST_STEP][PASSED] - verifyElementPresent(findTestObject("ME_CollateralAndLoan_Vehicle/input_City_city"), 0): Object 'Object Repository/ME_CollateralAndLoan_Vehicle/input_City_city' is present

2022-03-28 12:49:55 - [MESSAGE][WARNING] - Timeout '0' is invalid. Using default page load timeout: '30'

2022-03-28 12:49:55 - [MESSAGE][PASSED] - Object 'Object Repository/ME_CollateralAndLoan_Vehicle/input_City_city' is present

2022-03-28 12:49:55 - [TEST_STEP][PASSED] - delay(1): Delayed 1 second(s)

2022-03-28 12:49:56 - [MESSAGE][PASSED] - Delayed 1 second(s)

2022-03-28 12:49:56 - [TEST_STEP][PASSED] - verifyElementPresent(findTestObject("ME_CollateralAndLoan_Vehicle/input_Telephone_phone"), 0): Object 'Object Repository/ME_CollateralAndLoan_Vehicle/input_Telephone_phone' is present

2022-03-28 12:49:56 - [MESSAGE][WARNING] - Timeout '0' is invalid. Using default page load timeout: '30'

2022-03-28 12:49:57 - [MESSAGE][PASSED] - Object 'Object Repository/ME_CollateralAndLoan_Vehicle/input_Telephone_phone' is present

2022-03-28 12:49:57 - [TEST_STEP][PASSED] - delay(1): Delayed 1 second(s)

2022-03-28 12:49:58 - [MESSAGE][PASSED] - Delayed 1 second(s)

2022-03-28 12:49:58 - [TEST_STEP][PASSED] - verifyElementPresent(findTestObject("ME_CollateralAndLoan_Vehicle/input_Authorize Dealer_authorizedDealer"), 0): Object 'Object Repository/ME_CollateralAndLoan_Vehicle/input_Authorize Dealer_authorizedDealer' is present

2022-03-28 12:49:58 - [MESSAGE][WARNING] - Timeout '0' is invalid. Using default page load timeout: '30'

2022-03-28 12:49:58 - [MESSAGE][PASSED] - Object 'Object Repository/ME_CollateralAndLoan_Vehicle/input_Authorize Dealer_authorizedDealer' is present

2022-03-28 12:49:58 - [TEST_STEP][PASSED] - delay(1): Delayed 1 second(s)

2022-03-28 12:49:59 - [MESSAGE][PASSED] - Delayed 1 second(s)

2022-03-28 12:49:59 - [TEST_STEP][PASSED] - verifyElementPresent(findTestObject("ME_CollateralAndLoan_Vehicle/input_Fax_fax"), 0): Object 'Object Repository/ME_CollateralAndLoan_Vehicle/input_Fax_fax' is present

2022-03-28 12:49:59 - [MESSAGE][WARNING] - Timeout '0' is invalid. Using default page load timeout: '30'

2022-03-28 12:49:59 - [MESSAGE][PASSED] - Object 'Object Repository/ME_CollateralAndLoan_Vehicle/input_Fax_fax' is present

2022-03-28 12:49:59 - [TEST_STEP][PASSED] - delay(1): Delayed 1 second(s)

2022-03-28 12:50:00 - [MESSAGE][PASSED] - Delayed 1 second(s)

2022-03-28 12:50:00 - [TEST_STEP][PASSED] - verifyElementPresent(findTestObject("ME_CollateralAndLoan_Vehicle/td_1-nomorrekening"), 0): Object 'Object Repository/ME_CollateralAndLoan_Vehicle/td_1-nomorrekening' is present

2022-03-28 12:50:00 - [MESSAGE][WARNING] - Timeout '0' is invalid. Using default page load timeout: '30'

2022-03-28 12:50:01 - [MESSAGE][PASSED] - Object 'Object Repository/ME_CollateralAndLoan_Vehicle/td_1-nomorrekening' is present

2022-03-28 12:50:01 - [TEST_STEP][PASSED] - takeFullPageScreenshotAsCheckpoint(userDir + sprint4WebScreenshootPath + "scenario-1-masuk-halaman-collateral-loan-vehicle.png"): Taking screenshot successfully

2022-03-28 12:50:01 - [MESSAGE][INFO] - 0 hidden object(s)

2022-03-28 12:50:02 - [MESSAGE][PASSED] - Taking screenshot successfully
[[ATTACHMENT|C:\Users\elanf\git\BCAF_MEAPP_i3\Screenshoot\Sprint4\Web\keyes\keyes-scenario-1-masuk-halaman-collateral-loan-vehicle.png]]

2022-03-28 12:50:02 - [TEST_STEP][PASSED] - markPassed("scenario 1 - Masuk halaman collateral loan vehicle"): scenario 1 - Masuk halaman collateral loan vehicle

2022-03-28 12:50:02 - [MESSAGE][PASSED] - scenario 1 - Masuk halaman collateral loan vehicle

2022-03-28 12:50:02 - [TEST_STEP][PASSED] - delay(1): Delayed 1 second(s)

2022-03-28 12:50:03 - [MESSAGE][PASSED] - Delayed 1 second(s)

2022-03-28 12:50:03 - [TEST_STEP][PASSED] - delay(1): Delayed 1 second(s)

2022-03-28 12:50:04 - [MESSAGE][PASSED] - Delayed 1 second(s)

2022-03-28 12:50:04 - [TEST_STEP][PASSED] - delay(1): Delayed 1 second(s)

2022-03-28 12:50:05 - [MESSAGE][PASSED] - Delayed 1 second(s)

2022-03-28 12:50:05 - [TEST_STEP][PASSED] - click(findTestObject("ME_CollateralAndLoan_Vehicle/button_Data Vehicle")): Object: 'Object Repository/ME_CollateralAndLoan_Vehicle/button_Data Vehicle' is clicked on

2022-03-28 12:50:05 - [MESSAGE][PASSED] - Object: 'Object Repository/ME_CollateralAndLoan_Vehicle/button_Data Vehicle' is clicked on

2022-03-28 12:50:05 - [TEST_STEP][PASSED] - delay(1): Delayed 1 second(s)

2022-03-28 12:50:06 - [MESSAGE][PASSED] - Delayed 1 second(s)

2022-03-28 12:50:06 - [TEST_STEP][PASSED] - takeFullPageScreenshotAsCheckpoint(userDir + sprint4WebScreenshootPath + "scenario-1-halaman-input-data-vehicle.png"): Taking screenshot successfully

2022-03-28 12:50:07 - [MESSAGE][INFO] - 0 hidden object(s)

2022-03-28 12:50:07 - [MESSAGE][PASSED] - Taking screenshot successfully
[[ATTACHMENT|C:\Users\elanf\git\BCAF_MEAPP_i3\Screenshoot\Sprint4\Web\keyes\keyes-scenario-1-halaman-input-data-vehicle.png]]

2022-03-28 12:50:07 - [TEST_STEP][PASSED] - markPassed("scenario 1 - halaman input data vehicle"): scenario 1 - halaman input data vehicle

2022-03-28 12:50:07 - [MESSAGE][PASSED] - scenario 1 - halaman input data vehicle

2022-03-28 12:50:07 - [TEST_STEP][PASSED] - delay(2): Delayed 2 second(s)

2022-03-28 12:50:10 - [MESSAGE][PASSED] - Delayed 2 second(s)

2022-03-28 12:50:10 - [TEST_STEP][PASSED] - scrollToElement(findTestObject("ME_CollateralAndLoan_Vehicle/button_Data Vehicle"), 0, STOP_ON_FAILURE): Scroll to object 'Object Repository/ME_CollateralAndLoan_Vehicle/button_Data Vehicle' successfully

2022-03-28 12:50:10 - [MESSAGE][WARNING] - Timeout '0' is invalid. Using default page load timeout: '30'

2022-03-28 12:50:10 - [MESSAGE][PASSED] - Scroll to object 'Object Repository/ME_CollateralAndLoan_Vehicle/button_Data Vehicle' successfully

2022-03-28 12:50:10 - [TEST_STEP][PASSED] - click(findTestObject("ME_CollateralAndLoan_Vehicle/input_used_carCondition-radio")): Object: 'Object Repository/ME_CollateralAndLoan_Vehicle/input_used_carCondition-radio' is clicked on

2022-03-28 12:50:10 - [MESSAGE][PASSED] - Object: 'Object Repository/ME_CollateralAndLoan_Vehicle/input_used_carCondition-radio' is clicked on

2022-03-28 12:50:10 - [TEST_STEP][PASSED] - delay(1): Delayed 1 second(s)

2022-03-28 12:50:11 - [MESSAGE][PASSED] - Delayed 1 second(s)

2022-03-28 12:50:11 - [TEST_STEP][PASSED] - click(findTestObject("Object Repository/ME_CollateralAndLoan_Vehicle/div_Pilih Product Code"), OPTIONAL): Object: 'Object Repository/ME_CollateralAndLoan_Vehicle/div_Pilih Product Code' is clicked on

2022-03-28 12:50:12 - [MESSAGE][PASSED] - Object: 'Object Repository/ME_CollateralAndLoan_Vehicle/div_Pilih Product Code' is clicked on

2022-03-28 12:50:12 - [TEST_STEP][PASSED] - delay(1): Delayed 1 second(s)

2022-03-28 12:50:13 - [MESSAGE][PASSED] - Delayed 1 second(s)

2022-03-28 12:50:13 - [TEST_STEP][PASSED] - setText(findTestObject("ME_CollateralAndLoan_Vehicle/input_productcode2"), "leasing"): Text 'leasing' is set on object 'Object Repository/ME_CollateralAndLoan_Vehicle/input_productcode2'

2022-03-28 12:50:13 - [MESSAGE][PASSED] - Text 'leasing' is set on object 'Object Repository/ME_CollateralAndLoan_Vehicle/input_productcode2'

2022-03-28 12:50:13 - [TEST_STEP][PASSED] - delay(1): Delayed 1 second(s)

2022-03-28 12:50:14 - [MESSAGE][PASSED] - Delayed 1 second(s)

2022-03-28 12:50:14 - [TEST_STEP][PASSED] - click(findTestObject("ME_CollateralAndLoan_Vehicle/span_Leasing")): Object: 'Object Repository/ME_CollateralAndLoan_Vehicle/span_Leasing' is clicked on

2022-03-28 12:50:15 - [MESSAGE][PASSED] - Object: 'Object Repository/ME_CollateralAndLoan_Vehicle/span_Leasing' is clicked on

2022-03-28 12:50:15 - [TEST_STEP][PASSED] - delay(1): Delayed 1 second(s)

2022-03-28 12:50:16 - [MESSAGE][PASSED] - Delayed 1 second(s)

2022-03-28 12:50:16 - [TEST_STEP][PASSED] - click(findTestObject("vehiclekedua/input_brand_kedua")): Object: 'Object Repository/vehiclekedua/input_brand_kedua' is clicked on

2022-03-28 12:50:16 - [MESSAGE][PASSED] - Object: 'Object Repository/vehiclekedua/input_brand_kedua' is clicked on

2022-03-28 12:50:16 - [TEST_STEP][PASSED] - delay(1): Delayed 1 second(s)

2022-03-28 12:50:17 - [MESSAGE][PASSED] - Delayed 1 second(s)

2022-03-28 12:50:17 - [TEST_STEP][PASSED] - setText(findTestObject("vehiclekedua/input_brand_kedua"), "toyota"): Text 'toyota' is set on object 'Object Repository/vehiclekedua/input_brand_kedua'

2022-03-28 12:50:18 - [MESSAGE][PASSED] - Text 'toyota' is set on object 'Object Repository/vehiclekedua/input_brand_kedua'

2022-03-28 12:50:18 - [TEST_STEP][PASSED] - delay(1): Delayed 1 second(s)

2022-03-28 12:50:19 - [MESSAGE][PASSED] - Delayed 1 second(s)

2022-03-28 12:50:19 - [TEST_STEP][PASSED] - click(findTestObject("ME_CollateralAndLoan_Vehicle/div_TOYOTA_brand")): Object: 'Object Repository/ME_CollateralAndLoan_Vehicle/div_TOYOTA_brand' is clicked on

2022-03-28 12:50:20 - [MESSAGE][PASSED] - Object: 'Object Repository/ME_CollateralAndLoan_Vehicle/div_TOYOTA_brand' is clicked on

2022-03-28 12:50:20 - [TEST_STEP][PASSED] - delay(1): Delayed 1 second(s)

2022-03-28 12:50:21 - [MESSAGE][PASSED] - Delayed 1 second(s)

2022-03-28 12:50:21 - [TEST_STEP][PASSED] - click(findTestObject("vehiclekedua/input_model_kedua"), OPTIONAL): Object: 'Object Repository/vehiclekedua/input_model_kedua' is clicked on

2022-03-28 12:50:21 - [MESSAGE][PASSED] - Object: 'Object Repository/vehiclekedua/input_model_kedua' is clicked on

2022-03-28 12:50:21 - [TEST_STEP][PASSED] - delay(1): Delayed 1 second(s)

2022-03-28 12:50:22 - [MESSAGE][PASSED] - Delayed 1 second(s)

2022-03-28 12:50:22 - [TEST_STEP][PASSED] - setText(findTestObject("vehiclekedua/input_model_kedua"), "ALL NEW HILUX", OPTIONAL): Text 'ALL NEW HILUX' is set on object 'Object Repository/vehiclekedua/input_model_kedua'

2022-03-28 12:50:23 - [MESSAGE][PASSED] - Text 'ALL NEW HILUX' is set on object 'Object Repository/vehiclekedua/input_model_kedua'

2022-03-28 12:50:23 - [TEST_STEP][PASSED] - delay(1): Delayed 1 second(s)

2022-03-28 12:50:24 - [MESSAGE][PASSED] - Delayed 1 second(s)

2022-03-28 12:50:24 - [TEST_STEP][PASSED] - click(findTestObject("ME_CollateralAndLoan_Vehicle/div_ALL NEW HILUX_model_datavehicle"), OPTIONAL): Object: 'Object Repository/ME_CollateralAndLoan_Vehicle/div_ALL NEW HILUX_model_datavehicle' is clicked on

2022-03-28 12:50:24 - [MESSAGE][PASSED] - Object: 'Object Repository/ME_CollateralAndLoan_Vehicle/div_ALL NEW HILUX_model_datavehicle' is clicked on

2022-03-28 12:50:24 - [TEST_STEP][PASSED] - delay(1): Delayed 1 second(s)

2022-03-28 12:50:25 - [MESSAGE][PASSED] - Delayed 1 second(s)

2022-03-28 12:50:25 - [TEST_STEP][PASSED] - waitForElementPresent(findTestObject("ME_CollateralAndLoan_Vehicle/input_typekendaraan"), 0): Object 'Object Repository/ME_CollateralAndLoan_Vehicle/input_typekendaraan' is present

2022-03-28 12:50:25 - [MESSAGE][WARNING] - Timeout '0' is invalid. Using default page load timeout: '30'

2022-03-28 12:50:26 - [MESSAGE][PASSED] - Object 'Object Repository/ME_CollateralAndLoan_Vehicle/input_typekendaraan' is present

2022-03-28 12:50:26 - [TEST_STEP][PASSED] - click(findTestObject("ME_CollateralAndLoan_Vehicle/input_typekendaraan"), OPTIONAL): Object: 'Object Repository/ME_CollateralAndLoan_Vehicle/input_typekendaraan' is clicked on

2022-03-28 12:50:26 - [MESSAGE][PASSED] - Object: 'Object Repository/ME_CollateralAndLoan_Vehicle/input_typekendaraan' is clicked on

2022-03-28 12:50:26 - [TEST_STEP][PASSED] - delay(1): Delayed 1 second(s)

2022-03-28 12:50:27 - [MESSAGE][PASSED] - Delayed 1 second(s)

2022-03-28 12:50:27 - [TEST_STEP][PASSED] - setText(findTestObject("ME_CollateralAndLoan_Vehicle/input_typekendaraan"), "ALL NEW HI LUX DOUBLE CABIN 2.4 G (4X4) M/T DIESEL 2017", OPTIONAL): Text 'ALL NEW HI LUX DOUBLE CABIN 2.4 G (4X4) M/T DIESEL 2017' is set on object 'Object Repository/ME_CollateralAndLoan_Vehicle/input_typekendaraan'

2022-03-28 12:50:29 - [MESSAGE][PASSED] - Text 'ALL NEW HI LUX DOUBLE CABIN 2.4 G (4X4) M/T DIESEL 2017' is set on object 'Object Repository/ME_CollateralAndLoan_Vehicle/input_typekendaraan'

2022-03-28 12:50:29 - [TEST_STEP][PASSED] - delay(1): Delayed 1 second(s)

2022-03-28 12:50:30 - [MESSAGE][PASSED] - Delayed 1 second(s)

2022-03-28 12:50:30 - [TEST_STEP][PASSED] - waitForElementPresent(findTestObject("ME_CollateralAndLoan_Vehicle/div_ALL NEW HI LUX DOUBLE CABIN 2.4 G (4X4) MT DIESEL 2017_type_datavehicle"), 0): Object 'Object Repository/ME_CollateralAndLoan_Vehicle/div_ALL NEW HI LUX DOUBLE CABIN 2.4 G (4X4) MT DIESEL 2017_type_datavehicle' is present

2022-03-28 12:50:30 - [MESSAGE][WARNING] - Timeout '0' is invalid. Using default page load timeout: '30'

2022-03-28 12:50:30 - [MESSAGE][PASSED] - Object 'Object Repository/ME_CollateralAndLoan_Vehicle/div_ALL NEW HI LUX DOUBLE CABIN 2.4 G (4X4) MT DIESEL 2017_type_datavehicle' is present

2022-03-28 12:50:30 - [TEST_STEP][PASSED] - click(findTestObject("ME_CollateralAndLoan_Vehicle/div_ALL NEW HI LUX DOUBLE CABIN 2.4 G (4X4) MT DIESEL 2017_type_datavehicle"), OPTIONAL): Object: 'Object Repository/ME_CollateralAndLoan_Vehicle/div_ALL NEW HI LUX DOUBLE CABIN 2.4 G (4X4) MT DIESEL 2017_type_datavehicle' is clicked on

2022-03-28 12:50:31 - [MESSAGE][PASSED] - Object: 'Object Repository/ME_CollateralAndLoan_Vehicle/div_ALL NEW HI LUX DOUBLE CABIN 2.4 G (4X4) MT DIESEL 2017_type_datavehicle' is clicked on

2022-03-28 12:50:31 - [TEST_STEP][PASSED] - delay(1): Delayed 1 second(s)

2022-03-28 12:50:32 - [MESSAGE][PASSED] - Delayed 1 second(s)

2022-03-28 12:50:32 - [TEST_STEP][PASSED] - click(findTestObject("vehiclekedua/input_packet_kedua"), OPTIONAL): Object: 'Object Repository/vehiclekedua/input_packet_kedua' is clicked on

2022-03-28 12:50:32 - [MESSAGE][PASSED] - Object: 'Object Repository/vehiclekedua/input_packet_kedua' is clicked on

2022-03-28 12:50:32 - [TEST_STEP][PASSED] - delay(1): Delayed 1 second(s)

2022-03-28 12:50:33 - [MESSAGE][PASSED] - Delayed 1 second(s)

2022-03-28 12:50:33 - [TEST_STEP][PASSED] - setText(findTestObject("vehiclekedua/input_packet_kedua"), "BCAI - IIMS - SUBS OTR ADDB", OPTIONAL): Text 'BCAI - IIMS - SUBS OTR ADDB' is set on object 'Object Repository/vehiclekedua/input_packet_kedua'

2022-03-28 12:51:01 - [MESSAGE][PASSED] - Text 'BCAI - IIMS - SUBS OTR ADDB' is set on object 'Object Repository/vehiclekedua/input_packet_kedua'

2022-03-28 12:51:01 - [TEST_STEP][PASSED] - delay(1): Delayed 1 second(s)

2022-03-28 12:51:02 - [MESSAGE][PASSED] - Delayed 1 second(s)

2022-03-28 12:51:02 - [TEST_STEP][PASSED] - waitForElementPresent(findTestObject("ME_CollateralAndLoan_Vehicle/div_BCAI - IIMS - SUBS OTR ADDB"), 300): Object 'Object Repository/ME_CollateralAndLoan_Vehicle/div_BCAI - IIMS - SUBS OTR ADDB' is present

2022-03-28 12:51:04 - [MESSAGE][PASSED] - Object 'Object Repository/ME_CollateralAndLoan_Vehicle/div_BCAI - IIMS - SUBS OTR ADDB' is present

2022-03-28 12:51:04 - [TEST_STEP][PASSED] - delay(1): Delayed 1 second(s)

2022-03-28 12:51:05 - [MESSAGE][PASSED] - Delayed 1 second(s)

2022-03-28 12:51:05 - [TEST_STEP][PASSED] - click(findTestObject("ME_CollateralAndLoan_Vehicle/div_BCAI - IIMS - SUBS OTR ADDB")): Object: 'Object Repository/ME_CollateralAndLoan_Vehicle/div_BCAI - IIMS - SUBS OTR ADDB' is clicked on

2022-03-28 12:51:05 - [MESSAGE][PASSED] - Object: 'Object Repository/ME_CollateralAndLoan_Vehicle/div_BCAI - IIMS - SUBS OTR ADDB' is clicked on

2022-03-28 12:51:05 - [TEST_STEP][PASSED] - delay(1): Delayed 1 second(s)

2022-03-28 12:51:06 - [MESSAGE][PASSED] - Delayed 1 second(s)

2022-03-28 12:51:06 - [TEST_STEP][PASSED] - setText(findTestObject("ME_CollateralAndLoan_Vehicle/input_Keterangan Type Kendaraan_keteranganType"), "bekas"): Text 'bekas' is set on object 'Object Repository/ME_CollateralAndLoan_Vehicle/input_Keterangan Type Kendaraan_keteranganType'

2022-03-28 12:51:07 - [MESSAGE][PASSED] - Text 'bekas' is set on object 'Object Repository/ME_CollateralAndLoan_Vehicle/input_Keterangan Type Kendaraan_keteranganType'

2022-03-28 12:51:07 - [TEST_STEP][PASSED] - delay(1): Delayed 1 second(s)

2022-03-28 12:51:08 - [MESSAGE][PASSED] - Delayed 1 second(s)

2022-03-28 12:51:08 - [TEST_STEP][PASSED] - setText(findTestObject("ME_CollateralAndLoan_Vehicle/input_Year_year (1)"), "2020"): Text '2020' is set on object 'Object Repository/ME_CollateralAndLoan_Vehicle/input_Year_year (1)'

2022-03-28 12:51:08 - [MESSAGE][PASSED] - Text '2020' is set on object 'Object Repository/ME_CollateralAndLoan_Vehicle/input_Year_year (1)'

2022-03-28 12:51:08 - [TEST_STEP][PASSED] - delay(1): Delayed 1 second(s)

2022-03-28 12:51:09 - [MESSAGE][PASSED] - Delayed 1 second(s)

2022-03-28 12:51:09 - [TEST_STEP][PASSED] - click(findTestObject("ME_CollateralAndLoan_Vehicle/a_Capture File_bpkb")): Object: 'Object Repository/ME_CollateralAndLoan_Vehicle/a_Capture File_bpkb' is clicked on

2022-03-28 12:51:10 - [MESSAGE][PASSED] - Object: 'Object Repository/ME_CollateralAndLoan_Vehicle/a_Capture File_bpkb' is clicked on

2022-03-28 12:51:10 - [TEST_STEP][PASSED] - delay(1): Delayed 1 second(s)

2022-03-28 12:51:11 - [MESSAGE][PASSED] - Delayed 1 second(s)

2022-03-28 12:51:11 - [TEST_STEP][PASSED] - uploadFile(findTestObject("MEApp_AppBaru_InisiasiKonsumen/Capture_"), userDir + pathfinder_npwp): File 'C:/Users/elanf/git/BCAF_MEAPP_i3/Assets/npwp-dummy.jpg' sent to object: 'Object Repository/MEApp_AppBaru_InisiasiKonsumen/Capture_'

2022-03-28 12:51:11 - [MESSAGE][PASSED] - File 'C:/Users/elanf/git/BCAF_MEAPP_i3/Assets/npwp-dummy.jpg' sent to object: 'Object Repository/MEApp_AppBaru_InisiasiKonsumen/Capture_'

2022-03-28 12:51:11 - [TEST_STEP][PASSED] - delay(1): Delayed 1 second(s)

2022-03-28 12:51:12 - [MESSAGE][PASSED] - Delayed 1 second(s)

2022-03-28 12:51:12 - [TEST_STEP][PASSED] - click(findTestObject("ME_CollateralAndLoan_Vehicle/a_Capture Files_stnk_datavehicle")): Object: 'Object Repository/ME_CollateralAndLoan_Vehicle/a_Capture Files_stnk_datavehicle' is clicked on

2022-03-28 12:51:13 - [MESSAGE][PASSED] - Object: 'Object Repository/ME_CollateralAndLoan_Vehicle/a_Capture Files_stnk_datavehicle' is clicked on

2022-03-28 12:51:13 - [TEST_STEP][PASSED] - delay(1): Delayed 1 second(s)

2022-03-28 12:51:14 - [MESSAGE][PASSED] - Delayed 1 second(s)

2022-03-28 12:51:14 - [TEST_STEP][PASSED] - uploadFile(findTestObject("MEApp_AppBaru_InisiasiKonsumen/Capture_"), userDir + pathfinder_npwp): File 'C:/Users/elanf/git/BCAF_MEAPP_i3/Assets/npwp-dummy.jpg' sent to object: 'Object Repository/MEApp_AppBaru_InisiasiKonsumen/Capture_'

2022-03-28 12:51:14 - [MESSAGE][PASSED] - File 'C:/Users/elanf/git/BCAF_MEAPP_i3/Assets/npwp-dummy.jpg' sent to object: 'Object Repository/MEApp_AppBaru_InisiasiKonsumen/Capture_'

2022-03-28 12:51:14 - [TEST_STEP][PASSED] - delay(1): Delayed 1 second(s)

2022-03-28 12:51:15 - [MESSAGE][PASSED] - Delayed 1 second(s)

2022-03-28 12:51:15 - [TEST_STEP][PASSED] - setText(findTestObject("ME_CollateralAndLoan_Vehicle/input_Color_text-input (1)"), "hitam"): Text 'hitam' is set on object 'Object Repository/ME_CollateralAndLoan_Vehicle/input_Color_text-input (1)'

2022-03-28 12:51:16 - [MESSAGE][PASSED] - Text 'hitam' is set on object 'Object Repository/ME_CollateralAndLoan_Vehicle/input_Color_text-input (1)'

2022-03-28 12:51:16 - [TEST_STEP][PASSED] - delay(1): Delayed 1 second(s)

2022-03-28 12:51:17 - [MESSAGE][PASSED] - Delayed 1 second(s)

2022-03-28 12:51:17 - [TEST_STEP][PASSED] - setText(findTestObject("ME_CollateralAndLoan_Vehicle/input_BPKB No_text-input"), "1111111111"): Text '1111111111' is set on object 'Object Repository/ME_CollateralAndLoan_Vehicle/input_BPKB No_text-input'

2022-03-28 12:51:18 - [MESSAGE][PASSED] - Text '1111111111' is set on object 'Object Repository/ME_CollateralAndLoan_Vehicle/input_BPKB No_text-input'

2022-03-28 12:51:18 - [TEST_STEP][PASSED] - delay(1): Delayed 1 second(s)

2022-03-28 12:51:19 - [MESSAGE][PASSED] - Delayed 1 second(s)

2022-03-28 12:51:19 - [TEST_STEP][PASSED] - setText(findTestObject("ME_CollateralAndLoan_Vehicle/input_Engine No_text-input"), "1111111111"): Text '1111111111' is set on object 'Object Repository/ME_CollateralAndLoan_Vehicle/input_Engine No_text-input'

2022-03-28 12:51:19 - [MESSAGE][PASSED] - Text '1111111111' is set on object 'Object Repository/ME_CollateralAndLoan_Vehicle/input_Engine No_text-input'

2022-03-28 12:51:19 - [TEST_STEP][PASSED] - delay(1): Delayed 1 second(s)

2022-03-28 12:51:20 - [MESSAGE][PASSED] - Delayed 1 second(s)

2022-03-28 12:51:20 - [TEST_STEP][PASSED] - setText(findTestObject("ME_CollateralAndLoan_Vehicle/input_Police No_text-input"), "B1234AB"): Text 'B1234AB' is set on object 'Object Repository/ME_CollateralAndLoan_Vehicle/input_Police No_text-input'

2022-03-28 12:51:21 - [MESSAGE][PASSED] - Text 'B1234AB' is set on object 'Object Repository/ME_CollateralAndLoan_Vehicle/input_Police No_text-input'

2022-03-28 12:51:21 - [TEST_STEP][PASSED] - delay(1): Delayed 1 second(s)

2022-03-28 12:51:22 - [MESSAGE][PASSED] - Delayed 1 second(s)

2022-03-28 12:51:22 - [TEST_STEP][PASSED] - setText(findTestObject("ME_CollateralAndLoan_Vehicle/input_Body No_text-input"), "1111111111"): Text '1111111111' is set on object 'Object Repository/ME_CollateralAndLoan_Vehicle/input_Body No_text-input'

2022-03-28 12:51:23 - [MESSAGE][PASSED] - Text '1111111111' is set on object 'Object Repository/ME_CollateralAndLoan_Vehicle/input_Body No_text-input'

2022-03-28 12:51:23 - [TEST_STEP][PASSED] - delay(1): Delayed 1 second(s)

2022-03-28 12:51:24 - [MESSAGE][PASSED] - Delayed 1 second(s)

2022-03-28 12:51:24 - [TEST_STEP][PASSED] - click(findTestObject("vehiclekedua/input_purpose_kedua"), OPTIONAL): Object: 'Object Repository/vehiclekedua/input_purpose_kedua' is clicked on

2022-03-28 12:51:24 - [MESSAGE][PASSED] - Object: 'Object Repository/vehiclekedua/input_purpose_kedua' is clicked on

2022-03-28 12:51:24 - [TEST_STEP][PASSED] - delay(1): Delayed 1 second(s)

2022-03-28 12:51:25 - [MESSAGE][PASSED] - Delayed 1 second(s)

2022-03-28 12:51:25 - [TEST_STEP][PASSED] - setText(findTestObject("vehiclekedua/input_purpose_kedua"), "operasional", OPTIONAL): Text 'operasional' is set on object 'Object Repository/vehiclekedua/input_purpose_kedua'

2022-03-28 12:51:26 - [MESSAGE][PASSED] - Text 'operasional' is set on object 'Object Repository/vehiclekedua/input_purpose_kedua'

2022-03-28 12:51:26 - [TEST_STEP][PASSED] - delay(1): Delayed 1 second(s)

2022-03-28 12:51:27 - [MESSAGE][PASSED] - Delayed 1 second(s)

2022-03-28 12:51:27 - [TEST_STEP][PASSED] - click(findTestObject("ME_CollateralAndLoan_Vehicle/div_Operasional"), OPTIONAL): Object: 'Object Repository/ME_CollateralAndLoan_Vehicle/div_Operasional' is clicked on

2022-03-28 12:51:28 - [MESSAGE][PASSED] - Object: 'Object Repository/ME_CollateralAndLoan_Vehicle/div_Operasional' is clicked on

2022-03-28 12:51:28 - [TEST_STEP][PASSED] - delay(1): Delayed 1 second(s)

2022-03-28 12:51:29 - [MESSAGE][PASSED] - Delayed 1 second(s)

2022-03-28 12:51:29 - [TEST_STEP][PASSED] - setText(findTestObject("ME_CollateralAndLoan_Vehicle/input_BPKB Owner_text-input"), "sendiri"): Text 'sendiri' is set on object 'Object Repository/ME_CollateralAndLoan_Vehicle/input_BPKB Owner_text-input'

2022-03-28 12:51:29 - [MESSAGE][PASSED] - Text 'sendiri' is set on object 'Object Repository/ME_CollateralAndLoan_Vehicle/input_BPKB Owner_text-input'

2022-03-28 12:51:29 - [TEST_STEP][PASSED] - delay(1): Delayed 1 second(s)

2022-03-28 12:51:30 - [MESSAGE][PASSED] - Delayed 1 second(s)

2022-03-28 12:51:30 - [TEST_STEP][PASSED] - click(findTestObject("vehiclekedua/input_hubungan_bpkbownerdgdebitur_kedua"), OPTIONAL): Object: 'Object Repository/vehiclekedua/input_hubungan_bpkbownerdgdebitur_kedua' is clicked on

2022-03-28 12:51:31 - [MESSAGE][PASSED] - Object: 'Object Repository/vehiclekedua/input_hubungan_bpkbownerdgdebitur_kedua' is clicked on

2022-03-28 12:51:31 - [TEST_STEP][PASSED] - delay(1): Delayed 1 second(s)

2022-03-28 12:51:32 - [MESSAGE][PASSED] - Delayed 1 second(s)

2022-03-28 12:51:32 - [TEST_STEP][PASSED] - setText(findTestObject("vehiclekedua/input_hubungan_bpkbownerdgdebitur_kedua"), "pasangan", OPTIONAL): Text 'pasangan' is set on object 'Object Repository/vehiclekedua/input_hubungan_bpkbownerdgdebitur_kedua'

2022-03-28 12:51:33 - [MESSAGE][PASSED] - Text 'pasangan' is set on object 'Object Repository/vehiclekedua/input_hubungan_bpkbownerdgdebitur_kedua'

2022-03-28 12:51:33 - [TEST_STEP][PASSED] - delay(1): Delayed 1 second(s)

2022-03-28 12:51:34 - [MESSAGE][PASSED] - Delayed 1 second(s)

2022-03-28 12:51:34 - [TEST_STEP][PASSED] - click(findTestObject("ME_CollateralAndLoan_Vehicle/div_pasangan"), OPTIONAL): Object: 'Object Repository/ME_CollateralAndLoan_Vehicle/div_pasangan' is clicked on

2022-03-28 12:51:34 - [MESSAGE][PASSED] - Object: 'Object Repository/ME_CollateralAndLoan_Vehicle/div_pasangan' is clicked on

2022-03-28 12:51:34 - [TEST_STEP][PASSED] - delay(1): Delayed 1 second(s)

2022-03-28 12:51:35 - [MESSAGE][PASSED] - Delayed 1 second(s)

2022-03-28 12:51:35 - [TEST_STEP][PASSED] - click(findTestObject("ME_CollateralAndLoan_Vehicle/input_Tujuan Penggunaan Kendaraan_nonproduktif"), OPTIONAL): Object: 'Object Repository/ME_CollateralAndLoan_Vehicle/input_Tujuan Penggunaan Kendaraan_nonproduktif' is clicked on

2022-03-28 12:51:36 - [MESSAGE][PASSED] - Object: 'Object Repository/ME_CollateralAndLoan_Vehicle/input_Tujuan Penggunaan Kendaraan_nonproduktif' is clicked on

2022-03-28 12:51:36 - [TEST_STEP][PASSED] - delay(1): Delayed 1 second(s)

2022-03-28 12:51:37 - [MESSAGE][PASSED] - Delayed 1 second(s)

2022-03-28 12:51:37 - [TEST_STEP][PASSED] - click(findTestObject("ME_CollateralAndLoan_Vehicle/input_Tujuan Penggunaan Kendaraan_produktif"), OPTIONAL): Object: 'Object Repository/ME_CollateralAndLoan_Vehicle/input_Tujuan Penggunaan Kendaraan_produktif' is clicked on

2022-03-28 12:51:37 - [MESSAGE][PASSED] - Object: 'Object Repository/ME_CollateralAndLoan_Vehicle/input_Tujuan Penggunaan Kendaraan_produktif' is clicked on

2022-03-28 12:51:37 - [TEST_STEP][PASSED] - delay(1): Delayed 1 second(s)

2022-03-28 12:51:38 - [MESSAGE][PASSED] - Delayed 1 second(s)

2022-03-28 12:51:38 - [TEST_STEP][PASSED] - takeFullPageScreenshotAsCheckpoint(userDir + sprint4WebScreenshootPath + "scenario-1-berhasil-input-data-vehicle.png"): Taking screenshot successfully

2022-03-28 12:51:39 - [MESSAGE][INFO] - 0 hidden object(s)

2022-03-28 12:51:40 - [MESSAGE][PASSED] - Taking screenshot successfully
[[ATTACHMENT|C:\Users\elanf\git\BCAF_MEAPP_i3\Screenshoot\Sprint4\Web\keyes\keyes-scenario-1-berhasil-input-data-vehicle.png]]

2022-03-28 12:51:40 - [TEST_STEP][PASSED] - markPassed("scenario 1 - berhasil input data vehicle"): scenario 1 - berhasil input data vehicle

2022-03-28 12:51:40 - [MESSAGE][PASSED] - scenario 1 - berhasil input data vehicle

2022-03-28 12:51:40 - [TEST_STEP][PASSED] - delay(1): Delayed 1 second(s)

2022-03-28 12:51:41 - [MESSAGE][PASSED] - Delayed 1 second(s)

2022-03-28 12:51:41 - [TEST_STEP][PASSED] - delay(1): Delayed 1 second(s)

2022-03-28 12:51:42 - [MESSAGE][PASSED] - Delayed 1 second(s)

2022-03-28 12:51:42 - [TEST_STEP][PASSED] - click(findTestObject("ME_CollateralAndLoan_Vehicle/button_Loan Data"), OPTIONAL): Object: 'Object Repository/ME_CollateralAndLoan_Vehicle/button_Loan Data' is clicked on

2022-03-28 12:51:42 - [MESSAGE][PASSED] - Object: 'Object Repository/ME_CollateralAndLoan_Vehicle/button_Loan Data' is clicked on

2022-03-28 12:51:42 - [TEST_STEP][PASSED] - delay(1): Delayed 1 second(s)

2022-03-28 12:51:43 - [MESSAGE][PASSED] - Delayed 1 second(s)

2022-03-28 12:51:43 - [TEST_STEP][PASSED] - takeFullPageScreenshotAsCheckpoint(userDir + sprint4WebScreenshootPath + "scenario-1-halaman-input-loan-data.png"): Taking screenshot successfully

2022-03-28 12:51:44 - [MESSAGE][INFO] - 0 hidden object(s)

2022-03-28 12:51:45 - [MESSAGE][PASSED] - Taking screenshot successfully
[[ATTACHMENT|C:\Users\elanf\git\BCAF_MEAPP_i3\Screenshoot\Sprint4\Web\keyes\keyes-scenario-1-halaman-input-loan-data.png]]

2022-03-28 12:51:45 - [TEST_STEP][PASSED] - markPassed("scenario 1 - halaman input loan data"): scenario 1 - halaman input loan data

2022-03-28 12:51:45 - [MESSAGE][PASSED] - scenario 1 - halaman input loan data

2022-03-28 12:51:45 - [TEST_STEP][PASSED] - delay(1): Delayed 1 second(s)

2022-03-28 12:51:46 - [MESSAGE][PASSED] - Delayed 1 second(s)

2022-03-28 12:51:46 - [TEST_STEP][PASSED] - scrollToElement(findTestObject("ME_CollateralAndLoan_Vehicle/button_Loan Data"), 0): Scroll to object 'Object Repository/ME_CollateralAndLoan_Vehicle/button_Loan Data' successfully

2022-03-28 12:51:46 - [MESSAGE][WARNING] - Timeout '0' is invalid. Using default page load timeout: '30'

2022-03-28 12:51:46 - [MESSAGE][PASSED] - Scroll to object 'Object Repository/ME_CollateralAndLoan_Vehicle/button_Loan Data' successfully

2022-03-28 12:51:46 - [TEST_STEP][PASSED] - delay(1): Delayed 1 second(s)

2022-03-28 12:51:47 - [MESSAGE][PASSED] - Delayed 1 second(s)

2022-03-28 12:51:47 - [TEST_STEP][PASSED] - setText(findTestObject("ME_CollateralAndLoan_Vehicle/input_On The Road Price_otr"), "150000000"): Text '150000000' is set on object 'Object Repository/ME_CollateralAndLoan_Vehicle/input_On The Road Price_otr'

2022-03-28 12:51:48 - [MESSAGE][PASSED] - Text '150000000' is set on object 'Object Repository/ME_CollateralAndLoan_Vehicle/input_On The Road Price_otr'

2022-03-28 12:51:48 - [TEST_STEP][PASSED] - delay(1): Delayed 1 second(s)

2022-03-28 12:51:49 - [MESSAGE][PASSED] - Delayed 1 second(s)

2022-03-28 12:51:49 - [TEST_STEP][PASSED] - setText(findTestObject("ME_CollateralAndLoan_Vehicle/input_Down Payment_dpNominal"), "0"): Text '0' is set on object 'Object Repository/ME_CollateralAndLoan_Vehicle/input_Down Payment_dpNominal'

2022-03-28 12:51:50 - [MESSAGE][PASSED] - Text '0' is set on object 'Object Repository/ME_CollateralAndLoan_Vehicle/input_Down Payment_dpNominal'

2022-03-28 12:51:50 - [TEST_STEP][PASSED] - delay(1): Delayed 1 second(s)

2022-03-28 12:51:51 - [MESSAGE][PASSED] - Delayed 1 second(s)

2022-03-28 12:51:51 - [TEST_STEP][PASSED] - setText(findTestObject("ME_CollateralAndLoan_Vehicle/input_DP_dpPercent"), "30"): Text '30' is set on object 'Object Repository/ME_CollateralAndLoan_Vehicle/input_DP_dpPercent'

2022-03-28 12:51:52 - [MESSAGE][PASSED] - Text '30' is set on object 'Object Repository/ME_CollateralAndLoan_Vehicle/input_DP_dpPercent'

2022-03-28 12:51:52 - [TEST_STEP][PASSED] - delay(1): Delayed 1 second(s)

2022-03-28 12:51:53 - [MESSAGE][PASSED] - Delayed 1 second(s)

2022-03-28 12:51:53 - [TEST_STEP][PASSED] - setText(findTestObject("ME_CollateralAndLoan_Vehicle/input_Tenor (bulan)_tenor1"), "48"): Text '48' is set on object 'Object Repository/ME_CollateralAndLoan_Vehicle/input_Tenor (bulan)_tenor1'

2022-03-28 12:51:53 - [MESSAGE][PASSED] - Text '48' is set on object 'Object Repository/ME_CollateralAndLoan_Vehicle/input_Tenor (bulan)_tenor1'

2022-03-28 12:51:53 - [TEST_STEP][PASSED] - delay(1): Delayed 1 second(s)

2022-03-28 12:51:54 - [MESSAGE][PASSED] - Delayed 1 second(s)

2022-03-28 12:51:54 - [TEST_STEP][PASSED] - click(findTestObject("ME_CollateralAndLoan_Vehicle/input_Loan Type_inadvance"), OPTIONAL): Object: 'Object Repository/ME_CollateralAndLoan_Vehicle/input_Loan Type_inadvance' is clicked on

2022-03-28 12:51:55 - [MESSAGE][PASSED] - Object: 'Object Repository/ME_CollateralAndLoan_Vehicle/input_Loan Type_inadvance' is clicked on

2022-03-28 12:51:55 - [TEST_STEP][PASSED] - delay(1): Delayed 1 second(s)

2022-03-28 12:51:56 - [MESSAGE][PASSED] - Delayed 1 second(s)

2022-03-28 12:51:56 - [TEST_STEP][PASSED] - setText(findTestObject("ME_CollateralAndLoan_Vehicle/input_Flat Rate_flatRate"), "7"): Text '7' is set on object 'Object Repository/ME_CollateralAndLoan_Vehicle/input_Flat Rate_flatRate'

2022-03-28 12:51:56 - [MESSAGE][PASSED] - Text '7' is set on object 'Object Repository/ME_CollateralAndLoan_Vehicle/input_Flat Rate_flatRate'

2022-03-28 12:51:56 - [TEST_STEP][PASSED] - delay(1): Delayed 1 second(s)

2022-03-28 12:51:57 - [MESSAGE][PASSED] - Delayed 1 second(s)

2022-03-28 12:51:57 - [TEST_STEP][PASSED] - setText(findTestObject("ME_CollateralAndLoan_Vehicle/input_Flat Rate 2_flatRate2"), "7"): Text '7' is set on object 'Object Repository/ME_CollateralAndLoan_Vehicle/input_Flat Rate 2_flatRate2'

2022-03-28 12:51:58 - [MESSAGE][PASSED] - Text '7' is set on object 'Object Repository/ME_CollateralAndLoan_Vehicle/input_Flat Rate 2_flatRate2'

2022-03-28 12:51:58 - [TEST_STEP][PASSED] - delay(1): Delayed 1 second(s)

2022-03-28 12:51:59 - [MESSAGE][PASSED] - Delayed 1 second(s)

2022-03-28 12:51:59 - [TEST_STEP][PASSED] - click(findTestObject("ME_CollateralAndLoan_Vehicle/input_Effective Rate_effectiveRate"), OPTIONAL): Object: 'Object Repository/ME_CollateralAndLoan_Vehicle/input_Effective Rate_effectiveRate' is clicked on

2022-03-28 12:51:59 - [MESSAGE][PASSED] - Object: 'Object Repository/ME_CollateralAndLoan_Vehicle/input_Effective Rate_effectiveRate' is clicked on

2022-03-28 12:51:59 - [TEST_STEP][PASSED] - delay(1): Delayed 1 second(s)

2022-03-28 12:52:00 - [MESSAGE][PASSED] - Delayed 1 second(s)

2022-03-28 12:52:00 - [TEST_STEP][PASSED] - click(findTestObject("ME_CollateralAndLoan_Vehicle/input_Effective Rate 2_effectiveRate2"), OPTIONAL): Object: 'Object Repository/ME_CollateralAndLoan_Vehicle/input_Effective Rate 2_effectiveRate2' is clicked on

2022-03-28 12:52:01 - [MESSAGE][PASSED] - Object: 'Object Repository/ME_CollateralAndLoan_Vehicle/input_Effective Rate 2_effectiveRate2' is clicked on

2022-03-28 12:52:01 - [TEST_STEP][PASSED] - delay(1): Delayed 1 second(s)

2022-03-28 12:52:02 - [MESSAGE][PASSED] - Delayed 1 second(s)

2022-03-28 12:52:02 - [TEST_STEP][PASSED] - setText(findTestObject("ME_CollateralAndLoan_Vehicle/input_Provisional Percent_provisionPercent"), "2"): Text '2' is set on object 'Object Repository/ME_CollateralAndLoan_Vehicle/input_Provisional Percent_provisionPercent'

2022-03-28 12:52:03 - [MESSAGE][PASSED] - Text '2' is set on object 'Object Repository/ME_CollateralAndLoan_Vehicle/input_Provisional Percent_provisionPercent'

2022-03-28 12:52:03 - [TEST_STEP][PASSED] - delay(1): Delayed 1 second(s)

2022-03-28 12:52:04 - [MESSAGE][PASSED] - Delayed 1 second(s)

2022-03-28 12:52:04 - [TEST_STEP][PASSED] - click(findTestObject("ME_CollateralAndLoan_Vehicle/input_Provisional Payment_prepaid"), OPTIONAL): Object: 'Object Repository/ME_CollateralAndLoan_Vehicle/input_Provisional Payment_prepaid' is clicked on

2022-03-28 12:52:04 - [MESSAGE][PASSED] - Object: 'Object Repository/ME_CollateralAndLoan_Vehicle/input_Provisional Payment_prepaid' is clicked on

2022-03-28 12:52:04 - [TEST_STEP][PASSED] - delay(1): Delayed 1 second(s)

2022-03-28 12:52:05 - [MESSAGE][PASSED] - Delayed 1 second(s)

2022-03-28 12:52:05 - [TEST_STEP][PASSED] - setText(findTestObject("ME_CollateralAndLoan_Vehicle/input_Adm Fee_admFee"), "2000000"): Text '2000000' is set on object 'Object Repository/ME_CollateralAndLoan_Vehicle/input_Adm Fee_admFee'

2022-03-28 12:52:06 - [MESSAGE][PASSED] - Text '2000000' is set on object 'Object Repository/ME_CollateralAndLoan_Vehicle/input_Adm Fee_admFee'

2022-03-28 12:52:06 - [TEST_STEP][PASSED] - delay(1): Delayed 1 second(s)

2022-03-28 12:52:07 - [MESSAGE][PASSED] - Delayed 1 second(s)

2022-03-28 12:52:07 - [TEST_STEP][PASSED] - click(findTestObject("ME_CollateralAndLoan_Vehicle/input_Adm Fee Payment_onloan"), OPTIONAL): Object: 'Object Repository/ME_CollateralAndLoan_Vehicle/input_Adm Fee Payment_onloan' is clicked on

2022-03-28 12:52:07 - [MESSAGE][PASSED] - Object: 'Object Repository/ME_CollateralAndLoan_Vehicle/input_Adm Fee Payment_onloan' is clicked on

2022-03-28 12:52:07 - [TEST_STEP][PASSED] - delay(1): Delayed 1 second(s)

2022-03-28 12:52:08 - [MESSAGE][PASSED] - Delayed 1 second(s)

2022-03-28 12:52:08 - [TEST_STEP][PASSED] - click(findTestObject("ME_CollateralAndLoan_Vehicle/input_Adm Fee Payment_prepaid"), OPTIONAL): Object: 'Object Repository/ME_CollateralAndLoan_Vehicle/input_Adm Fee Payment_prepaid' is clicked on

2022-03-28 12:52:09 - [MESSAGE][PASSED] - Object: 'Object Repository/ME_CollateralAndLoan_Vehicle/input_Adm Fee Payment_prepaid' is clicked on

2022-03-28 12:52:09 - [TEST_STEP][PASSED] - delay(1): Delayed 1 second(s)

2022-03-28 12:52:10 - [MESSAGE][PASSED] - Delayed 1 second(s)

2022-03-28 12:52:10 - [TEST_STEP][PASSED] - click(findTestObject("ME_CollateralAndLoan_Vehicle/input_gabung_jenisUnit20"), OPTIONAL): Object: 'Object Repository/ME_CollateralAndLoan_Vehicle/input_gabung_jenisUnit20' is clicked on

2022-03-28 12:52:10 - [MESSAGE][PASSED] - Object: 'Object Repository/ME_CollateralAndLoan_Vehicle/input_gabung_jenisUnit20' is clicked on

2022-03-28 12:52:10 - [TEST_STEP][PASSED] - takeFullPageScreenshotAsCheckpoint(userDir + sprint4WebScreenshootPath + "scenario-1-berhasil-input-data-loan.png"): Taking screenshot successfully

2022-03-28 12:52:12 - [MESSAGE][INFO] - 0 hidden object(s)

2022-03-28 12:52:12 - [MESSAGE][PASSED] - Taking screenshot successfully
[[ATTACHMENT|C:\Users\elanf\git\BCAF_MEAPP_i3\Screenshoot\Sprint4\Web\keyes\keyes-scenario-1-berhasil-input-data-loan.png]]

2022-03-28 12:52:12 - [TEST_STEP][PASSED] - markPassed("scenario 1 - berhasil input data loan"): scenario 1 - berhasil input data loan

2022-03-28 12:52:12 - [MESSAGE][PASSED] - scenario 1 - berhasil input data loan

2022-03-28 12:52:12 - [TEST_STEP][PASSED] - delay(1): Delayed 1 second(s)

2022-03-28 12:52:13 - [MESSAGE][PASSED] - Delayed 1 second(s)

2022-03-28 12:52:13 - [TEST_STEP][PASSED] - delay(1): Delayed 1 second(s)

2022-03-28 12:52:14 - [MESSAGE][PASSED] - Delayed 1 second(s)

2022-03-28 12:52:14 - [TEST_STEP][PASSED] - click(findTestObject("ME_CollateralAndLoan_Vehicle/button_Insurance"), OPTIONAL): Object: 'Object Repository/ME_CollateralAndLoan_Vehicle/button_Insurance' is clicked on

2022-03-28 12:52:14 - [MESSAGE][PASSED] - Object: 'Object Repository/ME_CollateralAndLoan_Vehicle/button_Insurance' is clicked on

2022-03-28 12:52:14 - [TEST_STEP][PASSED] - delay(1): Delayed 1 second(s)

2022-03-28 12:52:15 - [MESSAGE][PASSED] - Delayed 1 second(s)

2022-03-28 12:52:15 - [TEST_STEP][PASSED] - click(findTestObject("ME_CollateralAndLoan_Vehicle/input_Insurance_inline-checkbox1"), OPTIONAL): Object: 'Object Repository/ME_CollateralAndLoan_Vehicle/input_Insurance_inline-checkbox1' is clicked on

2022-03-28 12:52:16 - [MESSAGE][PASSED] - Object: 'Object Repository/ME_CollateralAndLoan_Vehicle/input_Insurance_inline-checkbox1' is clicked on

2022-03-28 12:52:16 - [TEST_STEP][PASSED] - delay(1): Delayed 1 second(s)

2022-03-28 12:52:17 - [MESSAGE][PASSED] - Delayed 1 second(s)

2022-03-28 12:52:17 - [TEST_STEP][PASSED] - takeFullPageScreenshotAsCheckpoint(userDir + sprint4WebScreenshootPath + "scenario-1-halaman-input-insurance.png"): Taking screenshot successfully

2022-03-28 12:52:18 - [MESSAGE][INFO] - 0 hidden object(s)

2022-03-28 12:52:18 - [MESSAGE][PASSED] - Taking screenshot successfully
[[ATTACHMENT|C:\Users\elanf\git\BCAF_MEAPP_i3\Screenshoot\Sprint4\Web\keyes\keyes-scenario-1-halaman-input-insurance.png]]

2022-03-28 12:52:18 - [TEST_STEP][PASSED] - markPassed("scenario 1 - halaman input insurance"): scenario 1 - halaman input insurance

2022-03-28 12:52:18 - [MESSAGE][PASSED] - scenario 1 - halaman input insurance

2022-03-28 12:52:18 - [TEST_STEP][PASSED] - delay(1): Delayed 1 second(s)

2022-03-28 12:52:19 - [MESSAGE][PASSED] - Delayed 1 second(s)

2022-03-28 12:52:19 - [TEST_STEP][PASSED] - setText(findTestObject("vehiclekedua/input_carinsurance_kedua"), "NO INSURANCE"): Text 'NO INSURANCE' is set on object 'Object Repository/vehiclekedua/input_carinsurance_kedua'

2022-03-28 12:52:20 - [MESSAGE][PASSED] - Text 'NO INSURANCE' is set on object 'Object Repository/vehiclekedua/input_carinsurance_kedua'

2022-03-28 12:52:20 - [TEST_STEP][PASSED] - delay(1): Delayed 1 second(s)

2022-03-28 12:52:21 - [MESSAGE][PASSED] - Delayed 1 second(s)

2022-03-28 12:52:21 - [TEST_STEP][PASSED] - click(findTestObject("vehiclekedua/div_NO INSURANCE_kedua"), OPTIONAL): Object: 'Object Repository/vehiclekedua/div_NO INSURANCE_kedua' is clicked on

2022-03-28 12:52:22 - [MESSAGE][PASSED] - Object: 'Object Repository/vehiclekedua/div_NO INSURANCE_kedua' is clicked on

2022-03-28 12:52:22 - [TEST_STEP][PASSED] - delay(1): Delayed 1 second(s)

2022-03-28 12:52:23 - [MESSAGE][PASSED] - Delayed 1 second(s)

2022-03-28 12:52:23 - [TEST_STEP][PASSED] - click(findTestObject("vehiclekedua/input_carinsurancebranch_kedua"), OPTIONAL): Object: 'Object Repository/vehiclekedua/input_carinsurancebranch_kedua' is clicked on

2022-03-28 12:52:23 - [MESSAGE][PASSED] - Object: 'Object Repository/vehiclekedua/input_carinsurancebranch_kedua' is clicked on

2022-03-28 12:52:23 - [TEST_STEP][PASSED] - delay(1): Delayed 1 second(s)

2022-03-28 12:52:24 - [MESSAGE][PASSED] - Delayed 1 second(s)

2022-03-28 12:52:24 - [TEST_STEP][PASSED] - setText(findTestObject("vehiclekedua/input_carinsurancebranch_kedua"), "NO INSURANCE", OPTIONAL): Text 'NO INSURANCE' is set on object 'Object Repository/vehiclekedua/input_carinsurancebranch_kedua'

2022-03-28 12:52:25 - [MESSAGE][PASSED] - Text 'NO INSURANCE' is set on object 'Object Repository/vehiclekedua/input_carinsurancebranch_kedua'

2022-03-28 12:52:25 - [TEST_STEP][PASSED] - delay(1): Delayed 1 second(s)

2022-03-28 12:52:26 - [MESSAGE][PASSED] - Delayed 1 second(s)

2022-03-28 12:52:26 - [TEST_STEP][PASSED] - click(findTestObject("ME_CollateralAndLoan_Vehicle/div_NO INSURANCE_branch"), OPTIONAL): Object: 'Object Repository/ME_CollateralAndLoan_Vehicle/div_NO INSURANCE_branch' is clicked on

2022-03-28 12:52:27 - [MESSAGE][PASSED] - Object: 'Object Repository/ME_CollateralAndLoan_Vehicle/div_NO INSURANCE_branch' is clicked on

2022-03-28 12:52:27 - [TEST_STEP][PASSED] - delay(1): Delayed 1 second(s)

2022-03-28 12:52:28 - [MESSAGE][PASSED] - Delayed 1 second(s)

2022-03-28 12:52:28 - [TEST_STEP][PASSED] - click(findTestObject("vehiclekedua/input_carinsurancetype_kedua")): Object: 'Object Repository/vehiclekedua/input_carinsurancetype_kedua' is clicked on

2022-03-28 12:52:28 - [MESSAGE][PASSED] - Object: 'Object Repository/vehiclekedua/input_carinsurancetype_kedua' is clicked on

2022-03-28 12:52:28 - [TEST_STEP][PASSED] - delay(1): Delayed 1 second(s)

2022-03-28 12:52:29 - [MESSAGE][PASSED] - Delayed 1 second(s)

2022-03-28 12:52:29 - [TEST_STEP][PASSED] - setText(findTestObject("vehiclekedua/input_carinsurancetype_kedua"), "all risk"): Text 'all risk' is set on object 'Object Repository/vehiclekedua/input_carinsurancetype_kedua'

2022-03-28 12:52:30 - [MESSAGE][PASSED] - Text 'all risk' is set on object 'Object Repository/vehiclekedua/input_carinsurancetype_kedua'

2022-03-28 12:52:30 - [TEST_STEP][PASSED] - delay(1): Delayed 1 second(s)

2022-03-28 12:52:31 - [MESSAGE][PASSED] - Delayed 1 second(s)

2022-03-28 12:52:31 - [TEST_STEP][PASSED] - click(findTestObject("vehiclekedua/div_All Risk_kedua")): Object: 'Object Repository/vehiclekedua/div_All Risk_kedua' is clicked on

2022-03-28 12:52:31 - [MESSAGE][PASSED] - Object: 'Object Repository/vehiclekedua/div_All Risk_kedua' is clicked on

2022-03-28 12:52:31 - [TEST_STEP][PASSED] - delay(1): Delayed 1 second(s)

2022-03-28 12:52:32 - [MESSAGE][PASSED] - Delayed 1 second(s)

2022-03-28 12:52:32 - [TEST_STEP][PASSED] - click(findTestObject("ME_CollateralAndLoan_Vehicle/input_RSCC_carInsuranceRscc0")): Object: 'Object Repository/ME_CollateralAndLoan_Vehicle/input_RSCC_carInsuranceRscc0' is clicked on

2022-03-28 12:52:33 - [MESSAGE][PASSED] - Object: 'Object Repository/ME_CollateralAndLoan_Vehicle/input_RSCC_carInsuranceRscc0' is clicked on

2022-03-28 12:52:33 - [TEST_STEP][PASSED] - delay(1): Delayed 1 second(s)

2022-03-28 12:52:34 - [MESSAGE][PASSED] - Delayed 1 second(s)

2022-03-28 12:52:34 - [TEST_STEP][PASSED] - click(findTestObject("ME_CollateralAndLoan_Vehicle/input_RSMB_carInsuranceRsmb0")): Object: 'Object Repository/ME_CollateralAndLoan_Vehicle/input_RSMB_carInsuranceRsmb0' is clicked on

2022-03-28 12:52:34 - [MESSAGE][PASSED] - Object: 'Object Repository/ME_CollateralAndLoan_Vehicle/input_RSMB_carInsuranceRsmb0' is clicked on

2022-03-28 12:52:34 - [TEST_STEP][PASSED] - delay(1): Delayed 1 second(s)

2022-03-28 12:52:35 - [MESSAGE][PASSED] - Delayed 1 second(s)

2022-03-28 12:52:35 - [TEST_STEP][PASSED] - click(findTestObject("ME_CollateralAndLoan_Vehicle/input_Insurance Payment_prepaid")): Object: 'Object Repository/ME_CollateralAndLoan_Vehicle/input_Insurance Payment_prepaid' is clicked on

2022-03-28 12:52:36 - [MESSAGE][PASSED] - Object: 'Object Repository/ME_CollateralAndLoan_Vehicle/input_Insurance Payment_prepaid' is clicked on

2022-03-28 12:52:36 - [TEST_STEP][PASSED] - delay(1): Delayed 1 second(s)

2022-03-28 12:52:37 - [MESSAGE][PASSED] - Delayed 1 second(s)

2022-03-28 12:52:37 - [TEST_STEP][PASSED] - click(findTestObject("ME_CollateralAndLoan_Vehicle/input_Machine Warranty_lifeInsurance")): Object: 'Object Repository/ME_CollateralAndLoan_Vehicle/input_Machine Warranty_lifeInsurance' is clicked on

2022-03-28 12:52:37 - [MESSAGE][PASSED] - Object: 'Object Repository/ME_CollateralAndLoan_Vehicle/input_Machine Warranty_lifeInsurance' is clicked on

2022-03-28 12:52:37 - [TEST_STEP][PASSED] - delay(1): Delayed 1 second(s)

2022-03-28 12:52:38 - [MESSAGE][PASSED] - Delayed 1 second(s)

2022-03-28 12:52:38 - [TEST_STEP][PASSED] - takeFullPageScreenshotAsCheckpoint(userDir + sprint4WebScreenshootPath + "scenario-1-halaman-input-life-insurance.png"): Taking screenshot successfully

2022-03-28 12:52:39 - [MESSAGE][INFO] - 0 hidden object(s)

2022-03-28 12:52:40 - [MESSAGE][PASSED] - Taking screenshot successfully
[[ATTACHMENT|C:\Users\elanf\git\BCAF_MEAPP_i3\Screenshoot\Sprint4\Web\keyes\keyes-scenario-1-halaman-input-life-insurance.png]]

2022-03-28 12:52:40 - [TEST_STEP][PASSED] - markPassed("scenario 1 - halaman input life insurance"): scenario 1 - halaman input life insurance

2022-03-28 12:52:40 - [MESSAGE][PASSED] - scenario 1 - halaman input life insurance

2022-03-28 12:52:40 - [TEST_STEP][PASSED] - delay(1): Delayed 1 second(s)

2022-03-28 12:52:41 - [MESSAGE][PASSED] - Delayed 1 second(s)

2022-03-28 12:52:41 - [TEST_STEP][PASSED] - scrollToElement(findTestObject("ME_CollateralAndLoan_Vehicle/a_Calculate All Unit (1)"), 0): Scroll to object 'Object Repository/ME_CollateralAndLoan_Vehicle/a_Calculate All Unit (1)' successfully

2022-03-28 12:52:41 - [MESSAGE][WARNING] - Timeout '0' is invalid. Using default page load timeout: '30'

2022-03-28 12:52:41 - [MESSAGE][PASSED] - Scroll to object 'Object Repository/ME_CollateralAndLoan_Vehicle/a_Calculate All Unit (1)' successfully

2022-03-28 12:52:41 - [TEST_STEP][PASSED] - delay(1): Delayed 1 second(s)

2022-03-28 12:52:42 - [MESSAGE][PASSED] - Delayed 1 second(s)

2022-03-28 12:52:42 - [TEST_STEP][PASSED] - click(findTestObject("vehiclekedua/input_lifeinsurancecorp_kedua"), OPTIONAL): Object: 'Object Repository/vehiclekedua/input_lifeinsurancecorp_kedua' is clicked on

2022-03-28 12:52:42 - [MESSAGE][PASSED] - Object: 'Object Repository/vehiclekedua/input_lifeinsurancecorp_kedua' is clicked on

2022-03-28 12:52:42 - [TEST_STEP][PASSED] - delay(1): Delayed 1 second(s)

2022-03-28 12:52:43 - [MESSAGE][PASSED] - Delayed 1 second(s)

2022-03-28 12:52:43 - [TEST_STEP][PASSED] - setText(findTestObject("vehiclekedua/input_lifeinsurancecorp_kedua"), "ASURANSI LAINNYA", OPTIONAL): Text 'ASURANSI LAINNYA' is set on object 'Object Repository/vehiclekedua/input_lifeinsurancecorp_kedua'

2022-03-28 12:52:44 - [MESSAGE][PASSED] - Text 'ASURANSI LAINNYA' is set on object 'Object Repository/vehiclekedua/input_lifeinsurancecorp_kedua'

2022-03-28 12:52:44 - [TEST_STEP][PASSED] - delay(1): Delayed 1 second(s)

2022-03-28 12:52:45 - [MESSAGE][PASSED] - Delayed 1 second(s)

2022-03-28 12:52:45 - [TEST_STEP][PASSED] - click(findTestObject("vehiclekedua/div_ASURANSI LAINNYA_kedua"), OPTIONAL): Object: 'Object Repository/vehiclekedua/div_ASURANSI LAINNYA_kedua' is clicked on

2022-03-28 12:52:46 - [MESSAGE][PASSED] - Object: 'Object Repository/vehiclekedua/div_ASURANSI LAINNYA_kedua' is clicked on

2022-03-28 12:52:46 - [TEST_STEP][PASSED] - delay(1): Delayed 1 second(s)

2022-03-28 12:52:47 - [MESSAGE][PASSED] - Delayed 1 second(s)

2022-03-28 12:52:47 - [TEST_STEP][PASSED] - click(findTestObject("vehiclekedua/input_lifeinsurancebranch_kedua"), OPTIONAL): Object: 'Object Repository/vehiclekedua/input_lifeinsurancebranch_kedua' is clicked on

2022-03-28 12:52:47 - [MESSAGE][PASSED] - Object: 'Object Repository/vehiclekedua/input_lifeinsurancebranch_kedua' is clicked on

2022-03-28 12:52:47 - [TEST_STEP][PASSED] - delay(1): Delayed 1 second(s)

2022-03-28 12:52:48 - [MESSAGE][PASSED] - Delayed 1 second(s)

2022-03-28 12:52:48 - [TEST_STEP][PASSED] - setText(findTestObject("vehiclekedua/input_lifeinsurancebranch_kedua"), "AS. LAINNYA", OPTIONAL): Text 'AS. LAINNYA' is set on object 'Object Repository/vehiclekedua/input_lifeinsurancebranch_kedua'

2022-03-28 12:52:49 - [MESSAGE][PASSED] - Text 'AS. LAINNYA' is set on object 'Object Repository/vehiclekedua/input_lifeinsurancebranch_kedua'

2022-03-28 12:52:49 - [TEST_STEP][PASSED] - delay(1): Delayed 1 second(s)

2022-03-28 12:52:50 - [MESSAGE][PASSED] - Delayed 1 second(s)

2022-03-28 12:52:50 - [TEST_STEP][PASSED] - click(findTestObject("ME_CollateralAndLoan_Vehicle/div_AS. LAINNYA_lifeinsurance"), OPTIONAL): Object: 'Object Repository/ME_CollateralAndLoan_Vehicle/div_AS. LAINNYA_lifeinsurance' is clicked on

2022-03-28 12:52:51 - [MESSAGE][PASSED] - Object: 'Object Repository/ME_CollateralAndLoan_Vehicle/div_AS. LAINNYA_lifeinsurance' is clicked on

2022-03-28 12:52:51 - [TEST_STEP][PASSED] - delay(1): Delayed 1 second(s)

2022-03-28 12:52:52 - [MESSAGE][PASSED] - Delayed 1 second(s)

2022-03-28 12:52:52 - [TEST_STEP][PASSED] - click(findTestObject("ME_CollateralAndLoan_Vehicle/input_Annual_lifeInsurancePayment"), OPTIONAL): Object: 'Object Repository/ME_CollateralAndLoan_Vehicle/input_Annual_lifeInsurancePayment' is clicked on

2022-03-28 12:52:52 - [MESSAGE][PASSED] - Object: 'Object Repository/ME_CollateralAndLoan_Vehicle/input_Annual_lifeInsurancePayment' is clicked on

2022-03-28 12:52:52 - [TEST_STEP][PASSED] - delay(1): Delayed 1 second(s)

2022-03-28 12:52:53 - [MESSAGE][PASSED] - Delayed 1 second(s)

2022-03-28 12:52:53 - [TEST_STEP][PASSED] - takeFullPageScreenshotAsCheckpoint(userDir + sprint4WebScreenshootPath + "scenario-1-berhasil-input-data-insurance.png"): Taking screenshot successfully

2022-03-28 12:52:54 - [MESSAGE][INFO] - 0 hidden object(s)

2022-03-28 12:52:55 - [MESSAGE][PASSED] - Taking screenshot successfully
[[ATTACHMENT|C:\Users\elanf\git\BCAF_MEAPP_i3\Screenshoot\Sprint4\Web\keyes\keyes-scenario-1-berhasil-input-data-insurance.png]]

2022-03-28 12:52:55 - [TEST_STEP][PASSED] - markPassed("scenario 1 - berhasil input data insurance"): scenario 1 - berhasil input data insurance

2022-03-28 12:52:55 - [MESSAGE][PASSED] - scenario 1 - berhasil input data insurance

2022-03-28 12:52:55 - [TEST_STEP][PASSED] - delay(1): Delayed 1 second(s)

2022-03-28 12:52:56 - [MESSAGE][PASSED] - Delayed 1 second(s)

2022-03-28 12:52:56 - [TEST_STEP][PASSED] - click(findTestObject("ME_CollateralAndLoan_Vehicle/button_Note"), OPTIONAL): Object: 'Object Repository/ME_CollateralAndLoan_Vehicle/button_Note' is clicked on

2022-03-28 12:52:56 - [MESSAGE][PASSED] - Object: 'Object Repository/ME_CollateralAndLoan_Vehicle/button_Note' is clicked on

2022-03-28 12:52:56 - [TEST_STEP][PASSED] - delay(1): Delayed 1 second(s)

2022-03-28 12:52:57 - [MESSAGE][PASSED] - Delayed 1 second(s)

2022-03-28 12:52:57 - [TEST_STEP][PASSED] - takeFullPageScreenshotAsCheckpoint(userDir + sprint4WebScreenshootPath + "scenario-1-submenu-notes.png"): Taking screenshot successfully

2022-03-28 12:52:58 - [MESSAGE][INFO] - 0 hidden object(s)

2022-03-28 12:52:59 - [MESSAGE][PASSED] - Taking screenshot successfully
[[ATTACHMENT|C:\Users\elanf\git\BCAF_MEAPP_i3\Screenshoot\Sprint4\Web\keyes\keyes-scenario-1-submenu-notes.png]]

2022-03-28 12:52:59 - [TEST_STEP][PASSED] - markPassed("scenario 1 - submenu notes"): scenario 1 - submenu notes

2022-03-28 12:52:59 - [MESSAGE][PASSED] - scenario 1 - submenu notes

2022-03-28 12:52:59 - [TEST_STEP][PASSED] - delay(1): Delayed 1 second(s)

2022-03-28 12:53:00 - [MESSAGE][PASSED] - Delayed 1 second(s)

2022-03-28 12:53:00 - [TEST_STEP][PASSED] - setText(findTestObject("ME_CollateralAndLoan_Vehicle/textarea_Note CMO_noteCMO"), "notes cmo note cmo"): Text 'notes cmo note cmo' is set on object 'Object Repository/ME_CollateralAndLoan_Vehicle/textarea_Note CMO_noteCMO'

2022-03-28 12:53:00 - [MESSAGE][PASSED] - Text 'notes cmo note cmo' is set on object 'Object Repository/ME_CollateralAndLoan_Vehicle/textarea_Note CMO_noteCMO'

2022-03-28 12:53:00 - [TEST_STEP][PASSED] - delay(1): Delayed 1 second(s)

2022-03-28 12:53:01 - [MESSAGE][PASSED] - Delayed 1 second(s)

2022-03-28 12:53:01 - [TEST_STEP][PASSED] - takeFullPageScreenshotAsCheckpoint(userDir + sprint4WebScreenshootPath + "scenario-1-submenu-notes.png"): Taking screenshot successfully

2022-03-28 12:53:02 - [MESSAGE][INFO] - 0 hidden object(s)

2022-03-28 12:53:03 - [MESSAGE][PASSED] - Taking screenshot successfully
[[ATTACHMENT|C:\Users\elanf\git\BCAF_MEAPP_i3\Screenshoot\Sprint4\Web\keyes\keyes-scenario-1-submenu-notes.png]]

2022-03-28 12:53:03 - [TEST_STEP][PASSED] - markPassed("scenario 1 - berhasil input  notes CMO"): scenario 1 - berhasil input  notes CMO

2022-03-28 12:53:03 - [MESSAGE][PASSED] - scenario 1 - berhasil input  notes CMO

2022-03-28 12:53:03 - [TEST_STEP][PASSED] - delay(1): Delayed 1 second(s)

2022-03-28 12:53:04 - [MESSAGE][PASSED] - Delayed 1 second(s)

2022-03-28 12:53:04 - [TEST_STEP][PASSED] - click(findTestObject("vehiclekedua/a_Add Unit Kendaraan_kedua")): Object: 'Object Repository/vehiclekedua/a_Add Unit Kendaraan_kedua' is clicked on

2022-03-28 12:53:04 - [MESSAGE][PASSED] - Object: 'Object Repository/vehiclekedua/a_Add Unit Kendaraan_kedua' is clicked on

2022-03-28 12:53:04 - [TEST_STEP][PASSED] - delay(1): Delayed 1 second(s)

2022-03-28 12:53:05 - [MESSAGE][PASSED] - Delayed 1 second(s)

2022-03-28 12:53:05 - [TEST_STEP][PASSED] - takeFullPageScreenshotAsCheckpoint(userDir + sprint4WebScreenshootPath + "scenario-1-pop-up-add-kendaraan.png"): Taking screenshot successfully

2022-03-28 12:53:06 - [MESSAGE][INFO] - 0 hidden object(s)

2022-03-28 12:53:07 - [MESSAGE][PASSED] - Taking screenshot successfully
[[ATTACHMENT|C:\Users\elanf\git\BCAF_MEAPP_i3\Screenshoot\Sprint4\Web\keyes\keyes-scenario-1-pop-up-add-kendaraan.png]]

2022-03-28 12:53:07 - [TEST_STEP][PASSED] - markPassed("scenario 1 - Popup add unit kendaraan"): scenario 1 - Popup add unit kendaraan

2022-03-28 12:53:07 - [MESSAGE][PASSED] - scenario 1 - Popup add unit kendaraan

2022-03-28 12:53:07 - [TEST_STEP][PASSED] - delay(1): Delayed 1 second(s)

2022-03-28 12:53:08 - [MESSAGE][PASSED] - Delayed 1 second(s)

2022-03-28 12:53:08 - [TEST_STEP][PASSED] - setText(findTestObject("vehiclekedua/input_Jumlah unit_kedua"), "2"): Text '2' is set on object 'Object Repository/vehiclekedua/input_Jumlah unit_kedua'

2022-03-28 12:53:08 - [MESSAGE][PASSED] - Text '2' is set on object 'Object Repository/vehiclekedua/input_Jumlah unit_kedua'

2022-03-28 12:53:08 - [TEST_STEP][PASSED] - delay(1): Delayed 1 second(s)

2022-03-28 12:53:09 - [MESSAGE][PASSED] - Delayed 1 second(s)

2022-03-28 12:53:09 - [TEST_STEP][PASSED] - click(findTestObject("ME_CollateralAndLoan_Vehicle/input_ya_copy_addunit")): Object: 'Object Repository/ME_CollateralAndLoan_Vehicle/input_ya_copy_addunit' is clicked on

2022-03-28 12:53:10 - [MESSAGE][PASSED] - Object: 'Object Repository/ME_CollateralAndLoan_Vehicle/input_ya_copy_addunit' is clicked on

2022-03-28 12:53:10 - [TEST_STEP][PASSED] - delay(1): Delayed 1 second(s)

2022-03-28 12:53:11 - [MESSAGE][PASSED] - Delayed 1 second(s)

2022-03-28 12:53:11 - [TEST_STEP][PASSED] - click(findTestObject("ME_CollateralAndLoan_Vehicle/span_Pilih Unit")): Object: 'Object Repository/ME_CollateralAndLoan_Vehicle/span_Pilih Unit' is clicked on

2022-03-28 12:53:11 - [MESSAGE][PASSED] - Object: 'Object Repository/ME_CollateralAndLoan_Vehicle/span_Pilih Unit' is clicked on

2022-03-28 12:53:11 - [TEST_STEP][PASSED] - delay(1): Delayed 1 second(s)

2022-03-28 12:53:12 - [MESSAGE][PASSED] - Delayed 1 second(s)

2022-03-28 12:53:12 - [TEST_STEP][PASSED] - setText(findTestObject("vehiclekedua/input_Add_select2-search__field-UNIT_yangakandicopy_kedua"), "Unit 1"): Text 'Unit 1' is set on object 'Object Repository/vehiclekedua/input_Add_select2-search__field-UNIT_yangakandicopy_kedua'

2022-03-28 12:53:13 - [MESSAGE][PASSED] - Text 'Unit 1' is set on object 'Object Repository/vehiclekedua/input_Add_select2-search__field-UNIT_yangakandicopy_kedua'

2022-03-28 12:53:13 - [TEST_STEP][PASSED] - delay(1): Delayed 1 second(s)

2022-03-28 12:53:14 - [MESSAGE][PASSED] - Delayed 1 second(s)

2022-03-28 12:53:14 - [TEST_STEP][PASSED] - sendKeys(findTestObject("vehiclekedua/input_Add_select2-search__field-UNIT_yangakandicopy_kedua"), Keys.chord(ENTER)): Keys 'ENTER + ' sent to object: 'Object Repository/vehiclekedua/input_Add_select2-search__field-UNIT_yangakandicopy_kedua'

2022-03-28 12:53:14 - [MESSAGE][PASSED] - Keys 'ENTER + ' sent to object: 'Object Repository/vehiclekedua/input_Add_select2-search__field-UNIT_yangakandicopy_kedua'

2022-03-28 12:53:14 - [TEST_STEP][PASSED] - delay(1): Delayed 1 second(s)

2022-03-28 12:53:15 - [MESSAGE][PASSED] - Delayed 1 second(s)

2022-03-28 12:53:15 - [TEST_STEP][PASSED] - takeFullPageScreenshotAsCheckpoint(userDir + sprint4WebScreenshootPath + "scenario-1-berhasil-add-kendaraan.png"): Taking screenshot successfully

2022-03-28 12:53:16 - [MESSAGE][INFO] - 0 hidden object(s)

2022-03-28 12:53:17 - [MESSAGE][PASSED] - Taking screenshot successfully
[[ATTACHMENT|C:\Users\elanf\git\BCAF_MEAPP_i3\Screenshoot\Sprint4\Web\keyes\keyes-scenario-1-berhasil-add-kendaraan.png]]

2022-03-28 12:53:17 - [TEST_STEP][PASSED] - markPassed("scenario 1 - berhasil add unit kendaraan"): scenario 1 - berhasil add unit kendaraan

2022-03-28 12:53:17 - [MESSAGE][PASSED] - scenario 1 - berhasil add unit kendaraan

2022-03-28 12:53:17 - [TEST_STEP][PASSED] - delay(1): Delayed 1 second(s)

2022-03-28 12:53:18 - [MESSAGE][PASSED] - Delayed 1 second(s)

2022-03-28 12:53:18 - [TEST_STEP][PASSED] - click(findTestObject("ME_CollateralAndLoan_Vehicle/button_Add_unit")): Object: 'Object Repository/ME_CollateralAndLoan_Vehicle/button_Add_unit' is clicked on

2022-03-28 12:53:18 - [MESSAGE][PASSED] - Object: 'Object Repository/ME_CollateralAndLoan_Vehicle/button_Add_unit' is clicked on

2022-03-28 12:53:18 - [TEST_STEP][PASSED] - delay(1): Delayed 1 second(s)

2022-03-28 12:53:19 - [MESSAGE][PASSED] - Delayed 1 second(s)

2022-03-28 12:53:19 - [TEST_STEP][PASSED] - click(findTestObject("ME_CollateralAndLoan_Vehicle/a_Calculate All Unit")): Object: 'Object Repository/ME_CollateralAndLoan_Vehicle/a_Calculate All Unit' is clicked on

2022-03-28 12:53:25 - [MESSAGE][PASSED] - Object: 'Object Repository/ME_CollateralAndLoan_Vehicle/a_Calculate All Unit' is clicked on

2022-03-28 12:53:25 - [TEST_STEP][PASSED] - delay(1): Delayed 1 second(s)

2022-03-28 12:53:26 - [MESSAGE][PASSED] - Delayed 1 second(s)

2022-03-28 12:53:26 - [TEST_STEP][PASSED] - verifyElementPresent(findTestObject("ME_CollateralAndLoan_Vehicle/label_Summary Total"), 0): Object 'Object Repository/ME_CollateralAndLoan_Vehicle/label_Summary Total' is present

2022-03-28 12:53:26 - [MESSAGE][WARNING] - Timeout '0' is invalid. Using default page load timeout: '30'

2022-03-28 12:53:32 - [MESSAGE][PASSED] - Object 'Object Repository/ME_CollateralAndLoan_Vehicle/label_Summary Total' is present

2022-03-28 12:53:32 - [TEST_STEP][PASSED] - delay(1): Delayed 1 second(s)

2022-03-28 12:53:33 - [MESSAGE][PASSED] - Delayed 1 second(s)

2022-03-28 12:53:33 - [TEST_STEP][PASSED] - takeFullPageScreenshotAsCheckpoint(userDir + sprint4WebScreenshootPath + "scenario-1-pop-up-summary-total.png"): Taking screenshot successfully

2022-03-28 12:53:34 - [MESSAGE][INFO] - 0 hidden object(s)

2022-03-28 12:53:34 - [MESSAGE][PASSED] - Taking screenshot successfully
[[ATTACHMENT|C:\Users\elanf\git\BCAF_MEAPP_i3\Screenshoot\Sprint4\Web\keyes\keyes-scenario-1-pop-up-summary-total.png]]

2022-03-28 12:53:34 - [TEST_STEP][PASSED] - markPassed("scenario 1 - Popup summary total"): scenario 1 - Popup summary total

2022-03-28 12:53:34 - [MESSAGE][PASSED] - scenario 1 - Popup summary total

2022-03-28 12:53:34 - [TEST_STEP][PASSED] - delay(1): Delayed 1 second(s)

2022-03-28 12:53:35 - [MESSAGE][PASSED] - Delayed 1 second(s)

2022-03-28 12:53:35 - [TEST_STEP][PASSED] - verifyElementPresent(findTestObject("ME_CollateralAndLoan_Vehicle/div_Calculating Summary_mx-0 proceed-state state-1_success"), 0): Object 'Object Repository/ME_CollateralAndLoan_Vehicle/div_Calculating Summary_mx-0 proceed-state state-1_success' is present

2022-03-28 12:53:35 - [MESSAGE][WARNING] - Timeout '0' is invalid. Using default page load timeout: '30'

2022-03-28 12:53:35 - [MESSAGE][PASSED] - Object 'Object Repository/ME_CollateralAndLoan_Vehicle/div_Calculating Summary_mx-0 proceed-state state-1_success' is present

2022-03-28 12:53:35 - [TEST_STEP][PASSED] - delay(1): Delayed 1 second(s)

2022-03-28 12:53:37 - [MESSAGE][PASSED] - Delayed 1 second(s)

2022-03-28 12:53:37 - [TEST_STEP][PASSED] - click(findTestObject("ME_CollateralAndLoan_Vehicle/a_Close_calculate")): Object: 'Object Repository/ME_CollateralAndLoan_Vehicle/a_Close_calculate' is clicked on

2022-03-28 12:53:37 - [MESSAGE][PASSED] - Object: 'Object Repository/ME_CollateralAndLoan_Vehicle/a_Close_calculate' is clicked on]]></system-out>
         <system-err><![CDATA[]]></system-err>
      </testcase>
      <testcase name="Test Cases/Sprint 4/Skenario 3/03-04-Transaction-InputPenyimpangan-ProcessBM" time="27.084" classname="Test Cases/Sprint 4/Skenario 3/03-04-Transaction-InputPenyimpangan-ProcessBM" status="PASSED">
         <system-out><![CDATA[2022-03-28 12:53:37 - [TEST_CASE][PASSED] - Test Cases/Sprint 4/Skenario 3/03-04-Transaction-InputPenyimpangan-ProcessBM: Test Cases/Sprint 4/Skenario 3/03-04-Transaction-InputPenyimpangan-ProcessBM

2022-03-28 12:53:37 - [TEST_STEP][PASSED] - userDir = getProjectDir(): null

2022-03-28 12:53:37 - [TEST_STEP][PASSED] - scrollToPosition(0, 0): Browser is scrolled to position x = 0, y = 0

2022-03-28 12:53:37 - [MESSAGE][PASSED] - Browser is scrolled to position x = 0, y = 0

2022-03-28 12:53:37 - [TEST_STEP][PASSED] - click(findTestObject("Object Repository/Penyimpangan/span_Penyimpangan"), OPTIONAL): Object: 'Object Repository/Penyimpangan/span_Penyimpangan' is clicked on

2022-03-28 12:53:38 - [MESSAGE][PASSED] - Object: 'Object Repository/Penyimpangan/span_Penyimpangan' is clicked on

2022-03-28 12:53:38 - [TEST_STEP][PASSED] - delay(1): Delayed 1 second(s)

2022-03-28 12:53:39 - [MESSAGE][PASSED] - Delayed 1 second(s)

2022-03-28 12:53:39 - [TEST_STEP][PASSED] - takeFullPageScreenshotAsCheckpoint(userDir + sprint4WebScreenshootPath + "scenario-3-masuk-menu-penyimpangan.png"): Taking screenshot successfully

2022-03-28 12:53:40 - [MESSAGE][INFO] - 0 hidden object(s)

2022-03-28 12:53:40 - [MESSAGE][PASSED] - Taking screenshot successfully
[[ATTACHMENT|C:\Users\elanf\git\BCAF_MEAPP_i3\Screenshoot\Sprint4\Web\keyes\keyes-scenario-3-masuk-menu-penyimpangan.png]]

2022-03-28 12:53:40 - [TEST_STEP][PASSED] - markPassed("scenario 3 - Masuk menu penyimpangan"): scenario 3 - Masuk menu penyimpangan

2022-03-28 12:53:40 - [MESSAGE][PASSED] - scenario 3 - Masuk menu penyimpangan

2022-03-28 12:53:40 - [TEST_STEP][PASSED] - delay(1): Delayed 1 second(s)

2022-03-28 12:53:41 - [MESSAGE][PASSED] - Delayed 1 second(s)

2022-03-28 12:53:41 - [TEST_STEP][PASSED] - setText(findTestObject("Object Repository/Penyimpangan/input_keyword"), processBM_keyword, OPTIONAL): Text 'BM - (Tidak berlaku lagi) Bukti rumah berupa AJB / PBB / PPJB / HGB / Perjanjian Kredit KPR yang menunjukkan alamat sesuai dengan tempat tinggal konsumen (dapat atas nama pemohon / pasangan / anak / orang tua / mertua) (CS)' is set on object 'Object Repository/Penyimpangan/input_keyword'

2022-03-28 12:53:47 - [MESSAGE][PASSED] - Text 'BM - (Tidak berlaku lagi) Bukti rumah berupa AJB / PBB / PPJB / HGB / Perjanjian Kredit KPR yang menunjukkan alamat sesuai dengan tempat tinggal konsumen (dapat atas nama pemohon / pasangan / anak / orang tua / mertua) (CS)' is set on object 'Object Repository/Penyimpangan/input_keyword'

2022-03-28 12:53:47 - [TEST_STEP][PASSED] - takeFullPageScreenshotAsCheckpoint(userDir + sprint4WebScreenshootPath + "scenario-3-input-penyimpangan.png"): Taking screenshot successfully

2022-03-28 12:53:48 - [MESSAGE][INFO] - 0 hidden object(s)

2022-03-28 12:53:48 - [MESSAGE][PASSED] - Taking screenshot successfully
[[ATTACHMENT|C:\Users\elanf\git\BCAF_MEAPP_i3\Screenshoot\Sprint4\Web\keyes\keyes-scenario-3-input-penyimpangan.png]]

2022-03-28 12:53:48 - [TEST_STEP][PASSED] - markPassed("scenario 3 - Input penyimpangan"): scenario 3 - Input penyimpangan

2022-03-28 12:53:48 - [MESSAGE][PASSED] - scenario 3 - Input penyimpangan

2022-03-28 12:53:48 - [TEST_STEP][PASSED] - delay(1): Delayed 1 second(s)

2022-03-28 12:53:49 - [MESSAGE][PASSED] - Delayed 1 second(s)

2022-03-28 12:53:49 - [TEST_STEP][PASSED] - delay(1): Delayed 1 second(s)

2022-03-28 12:53:51 - [MESSAGE][PASSED] - Delayed 1 second(s)

2022-03-28 12:53:51 - [TEST_STEP][PASSED] - click(findTestObject("Object Repository/Penyimpangan/span_BM 1"), OPTIONAL): Object: 'Object Repository/Penyimpangan/span_BM 1' is clicked on

2022-03-28 12:53:51 - [MESSAGE][PASSED] - Object: 'Object Repository/Penyimpangan/span_BM 1' is clicked on

2022-03-28 12:53:51 - [TEST_STEP][PASSED] - delay(1): Delayed 1 second(s)

2022-03-28 12:53:52 - [MESSAGE][PASSED] - Delayed 1 second(s)

2022-03-28 12:53:52 - [TEST_STEP][PASSED] - scrollToElement(findTestObject("Object Repository/Penyimpangan/textarea_Catatan_note"), 0, OPTIONAL): Scroll to object 'Object Repository/Penyimpangan/textarea_Catatan_note' successfully

2022-03-28 12:53:52 - [MESSAGE][WARNING] - Timeout '0' is invalid. Using default page load timeout: '30'

2022-03-28 12:53:52 - [MESSAGE][PASSED] - Scroll to object 'Object Repository/Penyimpangan/textarea_Catatan_note' successfully

2022-03-28 12:53:52 - [TEST_STEP][PASSED] - delay(1): Delayed 1 second(s)

2022-03-28 12:53:53 - [MESSAGE][PASSED] - Delayed 1 second(s)

2022-03-28 12:53:53 - [TEST_STEP][PASSED] - setText(findTestObject("Object Repository/Penyimpangan/textarea_Catatan_note"), processBM_catatanNote, OPTIONAL): Text 'Pengajuan 3' is set on object 'Object Repository/Penyimpangan/textarea_Catatan_note'

2022-03-28 12:53:54 - [MESSAGE][PASSED] - Text 'Pengajuan 3' is set on object 'Object Repository/Penyimpangan/textarea_Catatan_note'

2022-03-28 12:53:54 - [TEST_STEP][PASSED] - delay(1): Delayed 1 second(s)

2022-03-28 12:53:55 - [MESSAGE][PASSED] - Delayed 1 second(s)

2022-03-28 12:53:55 - [TEST_STEP][PASSED] - takeFullPageScreenshotAsCheckpoint(userDir + sprint4WebScreenshootPath + "scenario-3-input-penyimpangan-selesai.png"): Taking screenshot successfully

2022-03-28 12:53:56 - [MESSAGE][INFO] - 0 hidden object(s)

2022-03-28 12:53:56 - [MESSAGE][PASSED] - Taking screenshot successfully
[[ATTACHMENT|C:\Users\elanf\git\BCAF_MEAPP_i3\Screenshoot\Sprint4\Web\keyes\keyes-scenario-3-input-penyimpangan-selesai.png]]

2022-03-28 12:53:56 - [TEST_STEP][PASSED] - markPassed("scenario 3 - Input penyimpangan selesai"): scenario 3 - Input penyimpangan selesai

2022-03-28 12:53:56 - [MESSAGE][PASSED] - scenario 3 - Input penyimpangan selesai

2022-03-28 12:53:56 - [TEST_STEP][PASSED] - delay(1): Delayed 1 second(s)

2022-03-28 12:53:57 - [MESSAGE][PASSED] - Delayed 1 second(s)

2022-03-28 12:53:57 - [TEST_STEP][PASSED] - click(findTestObject("Object Repository/Penyimpangan/span_Proceed"), OPTIONAL): Object: 'Object Repository/Penyimpangan/span_Proceed' is clicked on

2022-03-28 12:53:58 - [MESSAGE][PASSED] - Object: 'Object Repository/Penyimpangan/span_Proceed' is clicked on

2022-03-28 12:53:58 - [TEST_STEP][PASSED] - takeFullPageScreenshotAsCheckpoint(userDir + sprint4WebScreenshootPath + "scenario-3-berhasil-proceed.png"): Taking screenshot successfully

2022-03-28 12:53:58 - [MESSAGE][INFO] - 0 hidden object(s)

2022-03-28 12:53:59 - [MESSAGE][PASSED] - Taking screenshot successfully
[[ATTACHMENT|C:\Users\elanf\git\BCAF_MEAPP_i3\Screenshoot\Sprint4\Web\keyes\keyes-scenario-3-berhasil-proceed.png]]

2022-03-28 12:53:59 - [TEST_STEP][PASSED] - markPassed("scenario 3 - berhasil proceed"): scenario 3 - berhasil proceed

2022-03-28 12:53:59 - [MESSAGE][PASSED] - scenario 3 - berhasil proceed

2022-03-28 12:53:59 - [TEST_STEP][PASSED] - delay(5): Delayed 5 second(s)

2022-03-28 12:54:04 - [MESSAGE][PASSED] - Delayed 5 second(s)

2022-03-28 12:54:04 - [TEST_STEP][PASSED] - getSearch3 = getText(findTestObject("Object Repository/Penyimpangan/SetSearch")): Text of object 'Object Repository/Penyimpangan/SetSearch' is: '4003895'

2022-03-28 12:54:04 - [MESSAGE][PASSED] - Text of object 'Object Repository/Penyimpangan/SetSearch' is: '4003895'

2022-03-28 12:54:04 - [TEST_STEP][PASSED] - println(getSearch3): null

2022-03-28 12:54:04 - [TEST_STEP][PASSED] - Search3 = getSearch3: null]]></system-out>
         <system-err><![CDATA[]]></system-err>
      </testcase>
      <testcase name="Test Cases/Sprint 4/Skenario 3/03-05-Transaction-InquiryStatus-SearchPengajuan" time="215.483" classname="Test Cases/Sprint 4/Skenario 3/03-05-Transaction-InquiryStatus-SearchPengajuan" status="PASSED">
         <system-out><![CDATA[2022-03-28 12:54:04 - [TEST_CASE][PASSED] - Test Cases/Sprint 4/Skenario 3/03-05-Transaction-InquiryStatus-SearchPengajuan: Test Cases/Sprint 4/Skenario 3/03-05-Transaction-InquiryStatus-SearchPengajuan

2022-03-28 12:54:04 - [TEST_STEP][PASSED] - userDir = getProjectDir(): null

2022-03-28 12:54:04 - [TEST_STEP][PASSED] - click(findTestObject("Inquiry_Status/a_Close")): Object: 'Object Repository/Inquiry_Status/a_Close' is clicked on

2022-03-28 12:54:05 - [MESSAGE][PASSED] - Object: 'Object Repository/Inquiry_Status/a_Close' is clicked on

2022-03-28 12:54:05 - [TEST_STEP][PASSED] - id1 = Search1: null

2022-03-28 12:54:05 - [TEST_STEP][PASSED] - id2 = Search2: null

2022-03-28 12:54:05 - [TEST_STEP][PASSED] - id3 = Search3: null

2022-03-28 12:54:05 - [TEST_STEP][PASSED] - println(id1): null

2022-03-28 12:54:05 - [TEST_STEP][PASSED] - println(id2): null

2022-03-28 12:54:05 - [TEST_STEP][PASSED] - println(id3): null

2022-03-28 12:54:05 - [TEST_STEP][PASSED] - delay(1): Delayed 1 second(s)

2022-03-28 12:54:06 - [MESSAGE][PASSED] - Delayed 1 second(s)

2022-03-28 12:54:06 - [TEST_STEP][PASSED] - click(findTestObject("Object Repository/Inquiry_Status/span_Inquiry Status Aplikasi"), OPTIONAL): Object: 'Object Repository/Inquiry_Status/span_Inquiry Status Aplikasi' is clicked on

2022-03-28 12:54:06 - [MESSAGE][PASSED] - Object: 'Object Repository/Inquiry_Status/span_Inquiry Status Aplikasi' is clicked on

2022-03-28 12:54:06 - [TEST_STEP][PASSED] - delay(1): Delayed 1 second(s)

2022-03-28 12:54:07 - [MESSAGE][PASSED] - Delayed 1 second(s)

2022-03-28 12:54:07 - [TEST_STEP][PASSED] - takeFullPageScreenshotAsCheckpoint(userDir + sprint4WebScreenshootPath + "scenario-1-menu-inquiry-status.png"): Taking screenshot successfully

2022-03-28 12:54:08 - [MESSAGE][INFO] - 0 hidden object(s)

2022-03-28 12:54:08 - [MESSAGE][PASSED] - Taking screenshot successfully
[[ATTACHMENT|C:\Users\elanf\git\BCAF_MEAPP_i3\Screenshoot\Sprint4\Web\keyes\keyes-scenario-1-menu-inquiry-status.png]]

2022-03-28 12:54:08 - [TEST_STEP][PASSED] - markPassed("scenario 1 - menu inquiry status"): scenario 1 - menu inquiry status

2022-03-28 12:54:08 - [MESSAGE][PASSED] - scenario 1 - menu inquiry status

2022-03-28 12:54:08 - [TEST_STEP][PASSED] - delay(1): Delayed 1 second(s)

2022-03-28 12:54:09 - [MESSAGE][PASSED] - Delayed 1 second(s)

2022-03-28 12:54:09 - [TEST_STEP][PASSED] - setText(findTestObject("Object Repository/Inquiry_Status/input_Mobile ID  Application ID_form-control ng-untouched ng-pristine ng-valid"), id1, OPTIONAL): Text '4003889' is set on object 'Object Repository/Inquiry_Status/input_Mobile ID  Application ID_form-control ng-untouched ng-pristine ng-valid'

2022-03-28 12:54:10 - [MESSAGE][PASSED] - Text '4003889' is set on object 'Object Repository/Inquiry_Status/input_Mobile ID  Application ID_form-control ng-untouched ng-pristine ng-valid'

2022-03-28 12:54:10 - [TEST_STEP][PASSED] - delay(2): Delayed 2 second(s)

2022-03-28 12:54:12 - [MESSAGE][PASSED] - Delayed 2 second(s)

2022-03-28 12:54:12 - [TEST_STEP][PASSED] - click(findTestObject("Object Repository/Inquiry_Status/span_Search"), OPTIONAL): Object: 'Object Repository/Inquiry_Status/span_Search' is clicked on

2022-03-28 12:54:12 - [MESSAGE][PASSED] - Object: 'Object Repository/Inquiry_Status/span_Search' is clicked on

2022-03-28 12:54:12 - [TEST_STEP][PASSED] - delay(5): Delayed 5 second(s)

2022-03-28 12:54:17 - [MESSAGE][PASSED] - Delayed 5 second(s)

2022-03-28 12:54:17 - [TEST_STEP][PASSED] - takeFullPageScreenshotAsCheckpoint(userDir + sprint4WebScreenshootPath + "scenario-3-input-search-inquiry-status-data-pengajuan-1.png"): Taking screenshot successfully

2022-03-28 12:54:17 - [MESSAGE][INFO] - 0 hidden object(s)

2022-03-28 12:54:18 - [MESSAGE][PASSED] - Taking screenshot successfully
[[ATTACHMENT|C:\Users\elanf\git\BCAF_MEAPP_i3\Screenshoot\Sprint4\Web\keyes\keyes-scenario-3-input-search-inquiry-status-data-pengajuan-1.png]]

2022-03-28 12:54:18 - [TEST_STEP][PASSED] - markPassed("scenario 3 - input search inquiry status data pengajuan 1"): scenario 3 - input search inquiry status data pengajuan 1

2022-03-28 12:54:18 - [MESSAGE][PASSED] - scenario 3 - input search inquiry status data pengajuan 1

2022-03-28 12:54:18 - [TEST_STEP][PASSED] - delay(1): Delayed 1 second(s)

2022-03-28 12:54:19 - [MESSAGE][PASSED] - Delayed 1 second(s)

2022-03-28 12:54:19 - [TEST_STEP][PASSED] - setText(findTestObject("Object Repository/Inquiry_Status/input_Mobile ID  Application ID_form-control ng-untouched ng-pristine ng-valid"), id2): Text '4003892' is set on object 'Object Repository/Inquiry_Status/input_Mobile ID  Application ID_form-control ng-untouched ng-pristine ng-valid'

2022-03-28 12:54:19 - [MESSAGE][PASSED] - Text '4003892' is set on object 'Object Repository/Inquiry_Status/input_Mobile ID  Application ID_form-control ng-untouched ng-pristine ng-valid'

2022-03-28 12:54:19 - [TEST_STEP][PASSED] - delay(5): Delayed 5 second(s)

2022-03-28 12:54:24 - [MESSAGE][PASSED] - Delayed 5 second(s)

2022-03-28 12:54:24 - [TEST_STEP][PASSED] - click(findTestObject("Object Repository/Inquiry_Status/span_Search"), OPTIONAL): Object: 'Object Repository/Inquiry_Status/span_Search' is clicked on

2022-03-28 12:54:25 - [MESSAGE][PASSED] - Object: 'Object Repository/Inquiry_Status/span_Search' is clicked on

2022-03-28 12:54:25 - [TEST_STEP][PASSED] - delay(5): Delayed 5 second(s)

2022-03-28 12:54:30 - [MESSAGE][PASSED] - Delayed 5 second(s)

2022-03-28 12:54:30 - [TEST_STEP][PASSED] - takeFullPageScreenshotAsCheckpoint(userDir + sprint4WebScreenshootPath + "scenario-3-input-search-inquiry-status-data-pengajuan-2.png"): Taking screenshot successfully

2022-03-28 12:54:30 - [MESSAGE][INFO] - 0 hidden object(s)

2022-03-28 12:54:30 - [MESSAGE][PASSED] - Taking screenshot successfully
[[ATTACHMENT|C:\Users\elanf\git\BCAF_MEAPP_i3\Screenshoot\Sprint4\Web\keyes\keyes-scenario-3-input-search-inquiry-status-data-pengajuan-2.png]]

2022-03-28 12:54:30 - [TEST_STEP][PASSED] - markPassed("scenario 3 - input search inquiry status data pengajuan 2"): scenario 3 - input search inquiry status data pengajuan 2

2022-03-28 12:54:30 - [MESSAGE][PASSED] - scenario 3 - input search inquiry status data pengajuan 2

2022-03-28 12:54:30 - [TEST_STEP][PASSED] - delay(1): Delayed 1 second(s)

2022-03-28 12:54:31 - [MESSAGE][PASSED] - Delayed 1 second(s)

2022-03-28 12:54:31 - [TEST_STEP][PASSED] - setText(findTestObject("Object Repository/Inquiry_Status/input_Mobile ID  Application ID_form-control ng-untouched ng-pristine ng-valid"), id3, OPTIONAL): Text '4003895' is set on object 'Object Repository/Inquiry_Status/input_Mobile ID  Application ID_form-control ng-untouched ng-pristine ng-valid'

2022-03-28 12:54:32 - [MESSAGE][PASSED] - Text '4003895' is set on object 'Object Repository/Inquiry_Status/input_Mobile ID  Application ID_form-control ng-untouched ng-pristine ng-valid'

2022-03-28 12:54:32 - [TEST_STEP][PASSED] - delay(1): Delayed 1 second(s)

2022-03-28 12:54:33 - [MESSAGE][PASSED] - Delayed 1 second(s)

2022-03-28 12:54:33 - [TEST_STEP][PASSED] - click(findTestObject("Object Repository/Inquiry_Status/span_Search"), OPTIONAL): Object: 'Object Repository/Inquiry_Status/span_Search' is clicked on

2022-03-28 12:54:33 - [MESSAGE][PASSED] - Object: 'Object Repository/Inquiry_Status/span_Search' is clicked on

2022-03-28 12:54:33 - [TEST_STEP][PASSED] - takeFullPageScreenshotAsCheckpoint(userDir + sprint4WebScreenshootPath + "scenario-3-input-search-inquiry-status-data-pengajuan-3.png"): Taking screenshot successfully

2022-03-28 12:54:34 - [MESSAGE][INFO] - 0 hidden object(s)

2022-03-28 12:54:34 - [MESSAGE][PASSED] - Taking screenshot successfully
[[ATTACHMENT|C:\Users\elanf\git\BCAF_MEAPP_i3\Screenshoot\Sprint4\Web\keyes\keyes-scenario-3-input-search-inquiry-status-data-pengajuan-3.png]]

2022-03-28 12:54:34 - [TEST_STEP][PASSED] - markPassed("scenario 3 - input search inquiry status data pengajuan 3"): scenario 3 - input search inquiry status data pengajuan 3

2022-03-28 12:54:34 - [MESSAGE][PASSED] - scenario 3 - input search inquiry status data pengajuan 3

2022-03-28 12:54:34 - [TEST_STEP][PASSED] - delay(5): Delayed 5 second(s)

2022-03-28 12:54:39 - [MESSAGE][PASSED] - Delayed 5 second(s)

2022-03-28 12:54:39 - [TEST_STEP][PASSED] - delay(1): Delayed 1 second(s)

2022-03-28 12:54:40 - [MESSAGE][PASSED] - Delayed 1 second(s)

2022-03-28 12:54:40 - [TEST_STEP][PASSED] - setText(findTestObject("Object Repository/Inquiry_Status/input_Mobile ID  Application ID_form-control ng-untouched ng-pristine ng-valid"), id1, OPTIONAL): Text '4003889' is set on object 'Object Repository/Inquiry_Status/input_Mobile ID  Application ID_form-control ng-untouched ng-pristine ng-valid'

2022-03-28 12:54:41 - [MESSAGE][PASSED] - Text '4003889' is set on object 'Object Repository/Inquiry_Status/input_Mobile ID  Application ID_form-control ng-untouched ng-pristine ng-valid'

2022-03-28 12:54:41 - [TEST_STEP][PASSED] - delay(2): Delayed 2 second(s)

2022-03-28 12:54:43 - [MESSAGE][PASSED] - Delayed 2 second(s)

2022-03-28 12:54:43 - [TEST_STEP][PASSED] - click(findTestObject("Object Repository/Inquiry_Status/span_Search"), OPTIONAL): Object: 'Object Repository/Inquiry_Status/span_Search' is clicked on

2022-03-28 12:54:43 - [MESSAGE][PASSED] - Object: 'Object Repository/Inquiry_Status/span_Search' is clicked on

2022-03-28 12:54:43 - [TEST_STEP][PASSED] - takeFullPageScreenshotAsCheckpoint(userDir + sprint4WebScreenshootPath + "scenario-3-input-search-inquiry-status-data-pengajuan-1.png"): Taking screenshot successfully

2022-03-28 12:54:43 - [MESSAGE][INFO] - 0 hidden object(s)

2022-03-28 12:54:44 - [MESSAGE][PASSED] - Taking screenshot successfully
[[ATTACHMENT|C:\Users\elanf\git\BCAF_MEAPP_i3\Screenshoot\Sprint4\Web\keyes\keyes-scenario-3-input-search-inquiry-status-data-pengajuan-1.png]]

2022-03-28 12:54:44 - [TEST_STEP][PASSED] - markPassed("scenario 3 - input search inquiry status data pengajuan 1"): scenario 3 - input search inquiry status data pengajuan 1

2022-03-28 12:54:44 - [MESSAGE][PASSED] - scenario 3 - input search inquiry status data pengajuan 1

2022-03-28 12:54:44 - [TEST_STEP][PASSED] - delay(2): Delayed 2 second(s)

2022-03-28 12:54:46 - [MESSAGE][PASSED] - Delayed 2 second(s)

2022-03-28 12:54:46 - [TEST_STEP][PASSED] - click(findTestObject("Object Repository/Inquiry_Status/Cek_DokumenResume/a_list"), OPTIONAL): Object: 'Object Repository/Inquiry_Status/Cek_DokumenResume/a_list' is clicked on

2022-03-28 12:54:46 - [MESSAGE][PASSED] - Object: 'Object Repository/Inquiry_Status/Cek_DokumenResume/a_list' is clicked on

2022-03-28 12:54:46 - [TEST_STEP][PASSED] - delay(1): Delayed 1 second(s)

2022-03-28 12:54:47 - [MESSAGE][PASSED] - Delayed 1 second(s)

2022-03-28 12:54:47 - [TEST_STEP][PASSED] - click(findTestObject("Object Repository/Inquiry_Status/Cek_DokumenResume/button_Resume"), OPTIONAL): Object: 'Object Repository/Inquiry_Status/Cek_DokumenResume/button_Resume' is clicked on

2022-03-28 12:54:48 - [MESSAGE][PASSED] - Object: 'Object Repository/Inquiry_Status/Cek_DokumenResume/button_Resume' is clicked on

2022-03-28 12:54:48 - [TEST_STEP][PASSED] - delay(5): Delayed 5 second(s)

2022-03-28 12:54:53 - [MESSAGE][PASSED] - Delayed 5 second(s)

2022-03-28 12:54:53 - [TEST_STEP][PASSED] - click(findTestObject("Object Repository/Inquiry_Status/Cek_DokumenResume/button_Resume Internal"), OPTIONAL): Object: 'Object Repository/Inquiry_Status/Cek_DokumenResume/button_Resume Internal' is clicked on

2022-03-28 12:54:53 - [MESSAGE][PASSED] - Object: 'Object Repository/Inquiry_Status/Cek_DokumenResume/button_Resume Internal' is clicked on

2022-03-28 12:54:53 - [TEST_STEP][PASSED] - delay(5): Delayed 5 second(s)

2022-03-28 12:54:58 - [MESSAGE][PASSED] - Delayed 5 second(s)

2022-03-28 12:54:58 - [TEST_STEP][PASSED] - takeFullPageScreenshotAsCheckpoint(userDir + sprint4WebScreenshootPath + "scenario-3-menu-resume-internal-pengajuan-1.png"): Taking screenshot successfully

2022-03-28 12:54:59 - [MESSAGE][INFO] - 0 hidden object(s)

2022-03-28 12:55:00 - [MESSAGE][PASSED] - Taking screenshot successfully
[[ATTACHMENT|C:\Users\elanf\git\BCAF_MEAPP_i3\Screenshoot\Sprint4\Web\keyes\keyes-scenario-3-menu-resume-internal-pengajuan-1.png]]

2022-03-28 12:55:00 - [TEST_STEP][PASSED] - markPassed("scenario 3 - menu resume internal pengajuan-1"): scenario 3 - menu resume internal pengajuan-1

2022-03-28 12:55:00 - [MESSAGE][PASSED] - scenario 3 - menu resume internal pengajuan-1

2022-03-28 12:55:00 - [TEST_STEP][PASSED] - delay(5): Delayed 5 second(s)

2022-03-28 12:55:05 - [MESSAGE][PASSED] - Delayed 5 second(s)

2022-03-28 12:55:05 - [TEST_STEP][PASSED] - click(findTestObject("Object Repository/Inquiry_Status/Cek_DokumenResume/button_Anggaran Dasar Dan Perubahan"), OPTIONAL): Object: 'Object Repository/Inquiry_Status/Cek_DokumenResume/button_Anggaran Dasar Dan Perubahan' is clicked on

2022-03-28 12:55:05 - [MESSAGE][PASSED] - Object: 'Object Repository/Inquiry_Status/Cek_DokumenResume/button_Anggaran Dasar Dan Perubahan' is clicked on

2022-03-28 12:55:05 - [TEST_STEP][PASSED] - delay(5): Delayed 5 second(s)

2022-03-28 12:55:10 - [MESSAGE][PASSED] - Delayed 5 second(s)

2022-03-28 12:55:10 - [TEST_STEP][PASSED] - takeFullPageScreenshotAsCheckpoint(userDir + sprint4WebScreenshootPath + "scenario-3-menu-anggaran-dasar-dan-perubahan-pengajuan-1.png"): Taking screenshot successfully

2022-03-28 12:55:11 - [MESSAGE][INFO] - 0 hidden object(s)

2022-03-28 12:55:11 - [MESSAGE][PASSED] - Taking screenshot successfully
[[ATTACHMENT|C:\Users\elanf\git\BCAF_MEAPP_i3\Screenshoot\Sprint4\Web\keyes\keyes-scenario-3-menu-anggaran-dasar-dan-perubahan-pengajuan-1.png]]

2022-03-28 12:55:11 - [TEST_STEP][PASSED] - markPassed("scenario 3 - menu anggaran dasar dan perubahan pengajuan-1"): scenario 3 - menu anggaran dasar dan perubahan pengajuan-1

2022-03-28 12:55:11 - [MESSAGE][PASSED] - scenario 3 - menu anggaran dasar dan perubahan pengajuan-1

2022-03-28 12:55:11 - [TEST_STEP][PASSED] - delay(5): Delayed 5 second(s)

2022-03-28 12:55:16 - [MESSAGE][PASSED] - Delayed 5 second(s)

2022-03-28 12:55:16 - [TEST_STEP][PASSED] - click(findTestObject("Object Repository/Inquiry_Status/Cek_DokumenResume/button_Pengurus"), OPTIONAL): Object: 'Object Repository/Inquiry_Status/Cek_DokumenResume/button_Pengurus' is clicked on

2022-03-28 12:55:16 - [MESSAGE][PASSED] - Object: 'Object Repository/Inquiry_Status/Cek_DokumenResume/button_Pengurus' is clicked on

2022-03-28 12:55:16 - [TEST_STEP][PASSED] - delay(5): Delayed 5 second(s)

2022-03-28 12:55:21 - [MESSAGE][PASSED] - Delayed 5 second(s)

2022-03-28 12:55:21 - [TEST_STEP][PASSED] - takeFullPageScreenshotAsCheckpoint(userDir + sprint4WebScreenshootPath + "scenario-3-menu-pengurus-pengajuan-1.png"): Taking screenshot successfully

2022-03-28 12:55:22 - [MESSAGE][INFO] - 0 hidden object(s)

2022-03-28 12:55:22 - [MESSAGE][PASSED] - Taking screenshot successfully
[[ATTACHMENT|C:\Users\elanf\git\BCAF_MEAPP_i3\Screenshoot\Sprint4\Web\keyes\keyes-scenario-3-menu-pengurus-pengajuan-1.png]]

2022-03-28 12:55:22 - [TEST_STEP][PASSED] - markPassed("scenario 3 - menu pengurus pengajuan-1"): scenario 3 - menu pengurus pengajuan-1

2022-03-28 12:55:22 - [MESSAGE][PASSED] - scenario 3 - menu pengurus pengajuan-1

2022-03-28 12:55:22 - [TEST_STEP][PASSED] - delay(5): Delayed 5 second(s)

2022-03-28 12:55:27 - [MESSAGE][PASSED] - Delayed 5 second(s)

2022-03-28 12:55:27 - [TEST_STEP][PASSED] - click(findTestObject("Object Repository/Inquiry_Status/Cek_DokumenResume/button_Data Pendukung"), OPTIONAL): Object: 'Object Repository/Inquiry_Status/Cek_DokumenResume/button_Data Pendukung' is clicked on

2022-03-28 12:55:28 - [MESSAGE][PASSED] - Object: 'Object Repository/Inquiry_Status/Cek_DokumenResume/button_Data Pendukung' is clicked on

2022-03-28 12:55:28 - [TEST_STEP][PASSED] - delay(5): Delayed 5 second(s)

2022-03-28 12:55:33 - [MESSAGE][PASSED] - Delayed 5 second(s)

2022-03-28 12:55:33 - [TEST_STEP][PASSED] - takeFullPageScreenshotAsCheckpoint(userDir + sprint4WebScreenshootPath + "scenario-3-menu-data-pendukung-pengajuan-1.png"): Taking screenshot successfully

2022-03-28 12:55:33 - [MESSAGE][INFO] - 0 hidden object(s)

2022-03-28 12:55:34 - [MESSAGE][PASSED] - Taking screenshot successfully
[[ATTACHMENT|C:\Users\elanf\git\BCAF_MEAPP_i3\Screenshoot\Sprint4\Web\keyes\keyes-scenario-3-menu-data-pendukung-pengajuan-1.png]]

2022-03-28 12:55:34 - [TEST_STEP][PASSED] - markPassed("scenario 3 - menu data pendukung pengajuan-1"): scenario 3 - menu data pendukung pengajuan-1

2022-03-28 12:55:34 - [MESSAGE][PASSED] - scenario 3 - menu data pendukung pengajuan-1

2022-03-28 12:55:34 - [TEST_STEP][PASSED] - delay(5): Delayed 5 second(s)

2022-03-28 12:55:39 - [MESSAGE][PASSED] - Delayed 5 second(s)

2022-03-28 12:55:39 - [TEST_STEP][PASSED] - scrollToElement(findTestObject("Object Repository/Inquiry_Status/Cek_DokumenResume/a_Back"), 60, OPTIONAL): Scroll to object 'Object Repository/Inquiry_Status/Cek_DokumenResume/a_Back' successfully

2022-03-28 12:55:39 - [MESSAGE][PASSED] - Scroll to object 'Object Repository/Inquiry_Status/Cek_DokumenResume/a_Back' successfully

2022-03-28 12:55:39 - [TEST_STEP][PASSED] - click(findTestObject("Object Repository/Inquiry_Status/Cek_DokumenResume/a_Back"), OPTIONAL): Object: 'Object Repository/Inquiry_Status/Cek_DokumenResume/a_Back' is clicked on

2022-03-28 12:55:39 - [MESSAGE][PASSED] - Object: 'Object Repository/Inquiry_Status/Cek_DokumenResume/a_Back' is clicked on

2022-03-28 12:55:39 - [TEST_STEP][PASSED] - delay(1): Delayed 1 second(s)

2022-03-28 12:55:40 - [MESSAGE][PASSED] - Delayed 1 second(s)

2022-03-28 12:55:40 - [TEST_STEP][PASSED] - setText(findTestObject("Object Repository/Inquiry_Status/input_Mobile ID  Application ID_form-control ng-untouched ng-pristine ng-valid"), id2, OPTIONAL): Text '4003892' is set on object 'Object Repository/Inquiry_Status/input_Mobile ID  Application ID_form-control ng-untouched ng-pristine ng-valid'

2022-03-28 12:55:41 - [MESSAGE][PASSED] - Text '4003892' is set on object 'Object Repository/Inquiry_Status/input_Mobile ID  Application ID_form-control ng-untouched ng-pristine ng-valid'

2022-03-28 12:55:41 - [TEST_STEP][PASSED] - delay(2): Delayed 2 second(s)

2022-03-28 12:55:43 - [MESSAGE][PASSED] - Delayed 2 second(s)

2022-03-28 12:55:43 - [TEST_STEP][PASSED] - click(findTestObject("Object Repository/Inquiry_Status/span_Search"), OPTIONAL): Object: 'Object Repository/Inquiry_Status/span_Search' is clicked on

2022-03-28 12:55:43 - [MESSAGE][PASSED] - Object: 'Object Repository/Inquiry_Status/span_Search' is clicked on

2022-03-28 12:55:43 - [TEST_STEP][PASSED] - takeFullPageScreenshotAsCheckpoint(userDir + sprint4WebScreenshootPath + "scenario-3-input-search-inquiry-status-data-pengajuan-2.png"): Taking screenshot successfully

2022-03-28 12:55:44 - [MESSAGE][INFO] - 0 hidden object(s)

2022-03-28 12:55:44 - [MESSAGE][PASSED] - Taking screenshot successfully
[[ATTACHMENT|C:\Users\elanf\git\BCAF_MEAPP_i3\Screenshoot\Sprint4\Web\keyes\keyes-scenario-3-input-search-inquiry-status-data-pengajuan-2.png]]

2022-03-28 12:55:44 - [TEST_STEP][PASSED] - markPassed("scenario 3 - input search inquiry status data pengajuan 2"): scenario 3 - input search inquiry status data pengajuan 2

2022-03-28 12:55:44 - [MESSAGE][PASSED] - scenario 3 - input search inquiry status data pengajuan 2

2022-03-28 12:55:44 - [TEST_STEP][PASSED] - delay(2): Delayed 2 second(s)

2022-03-28 12:55:46 - [MESSAGE][PASSED] - Delayed 2 second(s)

2022-03-28 12:55:46 - [TEST_STEP][PASSED] - click(findTestObject("Object Repository/Inquiry_Status/Cek_DokumenResume/a_list"), OPTIONAL): Object: 'Object Repository/Inquiry_Status/Cek_DokumenResume/a_list' is clicked on

2022-03-28 12:55:46 - [MESSAGE][PASSED] - Object: 'Object Repository/Inquiry_Status/Cek_DokumenResume/a_list' is clicked on

2022-03-28 12:55:46 - [TEST_STEP][PASSED] - delay(1): Delayed 1 second(s)

2022-03-28 12:55:47 - [MESSAGE][PASSED] - Delayed 1 second(s)

2022-03-28 12:55:47 - [TEST_STEP][PASSED] - click(findTestObject("Object Repository/Inquiry_Status/Cek_DokumenResume/button_Resume"), OPTIONAL): Object: 'Object Repository/Inquiry_Status/Cek_DokumenResume/button_Resume' is clicked on

2022-03-28 12:55:48 - [MESSAGE][PASSED] - Object: 'Object Repository/Inquiry_Status/Cek_DokumenResume/button_Resume' is clicked on

2022-03-28 12:55:48 - [TEST_STEP][PASSED] - delay(5): Delayed 5 second(s)

2022-03-28 12:55:53 - [MESSAGE][PASSED] - Delayed 5 second(s)

2022-03-28 12:55:53 - [TEST_STEP][PASSED] - click(findTestObject("Object Repository/Inquiry_Status/Cek_DokumenResume/button_Resume Internal"), OPTIONAL): Object: 'Object Repository/Inquiry_Status/Cek_DokumenResume/button_Resume Internal' is clicked on

2022-03-28 12:55:53 - [MESSAGE][PASSED] - Object: 'Object Repository/Inquiry_Status/Cek_DokumenResume/button_Resume Internal' is clicked on

2022-03-28 12:55:53 - [TEST_STEP][PASSED] - delay(5): Delayed 5 second(s)

2022-03-28 12:55:58 - [MESSAGE][PASSED] - Delayed 5 second(s)

2022-03-28 12:55:58 - [TEST_STEP][PASSED] - takeFullPageScreenshotAsCheckpoint(userDir + sprint4WebScreenshootPath + "scenario-3-menu-resume-internal-pengajuan-2.png"): Taking screenshot successfully

2022-03-28 12:55:59 - [MESSAGE][INFO] - 0 hidden object(s)

2022-03-28 12:55:59 - [MESSAGE][PASSED] - Taking screenshot successfully
[[ATTACHMENT|C:\Users\elanf\git\BCAF_MEAPP_i3\Screenshoot\Sprint4\Web\keyes\keyes-scenario-3-menu-resume-internal-pengajuan-2.png]]

2022-03-28 12:55:59 - [TEST_STEP][PASSED] - markPassed("scenario 3 - menu resume internal pengajuan-2"): scenario 3 - menu resume internal pengajuan-2

2022-03-28 12:55:59 - [MESSAGE][PASSED] - scenario 3 - menu resume internal pengajuan-2

2022-03-28 12:55:59 - [TEST_STEP][PASSED] - delay(5): Delayed 5 second(s)

2022-03-28 12:56:04 - [MESSAGE][PASSED] - Delayed 5 second(s)

2022-03-28 12:56:04 - [TEST_STEP][PASSED] - click(findTestObject("Object Repository/Inquiry_Status/Cek_DokumenResume/button_Anggaran Dasar Dan Perubahan"), OPTIONAL): Object: 'Object Repository/Inquiry_Status/Cek_DokumenResume/button_Anggaran Dasar Dan Perubahan' is clicked on

2022-03-28 12:56:05 - [MESSAGE][PASSED] - Object: 'Object Repository/Inquiry_Status/Cek_DokumenResume/button_Anggaran Dasar Dan Perubahan' is clicked on

2022-03-28 12:56:05 - [TEST_STEP][PASSED] - delay(5): Delayed 5 second(s)

2022-03-28 12:56:10 - [MESSAGE][PASSED] - Delayed 5 second(s)

2022-03-28 12:56:10 - [TEST_STEP][PASSED] - takeFullPageScreenshotAsCheckpoint(userDir + sprint4WebScreenshootPath + "scenario-3-menu-anggaran-dasar-dan-perubahan-pengajuan-2.png"): Taking screenshot successfully

2022-03-28 12:56:10 - [MESSAGE][INFO] - 0 hidden object(s)

2022-03-28 12:56:11 - [MESSAGE][PASSED] - Taking screenshot successfully
[[ATTACHMENT|C:\Users\elanf\git\BCAF_MEAPP_i3\Screenshoot\Sprint4\Web\keyes\keyes-scenario-3-menu-anggaran-dasar-dan-perubahan-pengajuan-2.png]]

2022-03-28 12:56:11 - [TEST_STEP][PASSED] - markPassed("scenario 3 - menu anggaran dasar dan perubahan pengajuan-2"): scenario 3 - menu anggaran dasar dan perubahan pengajuan-2

2022-03-28 12:56:11 - [MESSAGE][PASSED] - scenario 3 - menu anggaran dasar dan perubahan pengajuan-2

2022-03-28 12:56:11 - [TEST_STEP][PASSED] - delay(5): Delayed 5 second(s)

2022-03-28 12:56:16 - [MESSAGE][PASSED] - Delayed 5 second(s)

2022-03-28 12:56:16 - [TEST_STEP][PASSED] - click(findTestObject("Object Repository/Inquiry_Status/Cek_DokumenResume/button_Pengurus"), OPTIONAL): Object: 'Object Repository/Inquiry_Status/Cek_DokumenResume/button_Pengurus' is clicked on

2022-03-28 12:56:16 - [MESSAGE][PASSED] - Object: 'Object Repository/Inquiry_Status/Cek_DokumenResume/button_Pengurus' is clicked on

2022-03-28 12:56:16 - [TEST_STEP][PASSED] - delay(5): Delayed 5 second(s)

2022-03-28 12:56:21 - [MESSAGE][PASSED] - Delayed 5 second(s)

2022-03-28 12:56:21 - [TEST_STEP][PASSED] - takeFullPageScreenshotAsCheckpoint(userDir + sprint4WebScreenshootPath + "scenario-3-menu-pengurus-pengajuan-2.png"): Taking screenshot successfully

2022-03-28 12:56:22 - [MESSAGE][INFO] - 0 hidden object(s)

2022-03-28 12:56:22 - [MESSAGE][PASSED] - Taking screenshot successfully
[[ATTACHMENT|C:\Users\elanf\git\BCAF_MEAPP_i3\Screenshoot\Sprint4\Web\keyes\keyes-scenario-3-menu-pengurus-pengajuan-2.png]]

2022-03-28 12:56:22 - [TEST_STEP][PASSED] - markPassed("scenario 3 - menu pengurus pengajuan-2"): scenario 3 - menu pengurus pengajuan-2

2022-03-28 12:56:22 - [MESSAGE][PASSED] - scenario 3 - menu pengurus pengajuan-2

2022-03-28 12:56:22 - [TEST_STEP][PASSED] - delay(5): Delayed 5 second(s)

2022-03-28 12:56:27 - [MESSAGE][PASSED] - Delayed 5 second(s)

2022-03-28 12:56:27 - [TEST_STEP][PASSED] - click(findTestObject("Object Repository/Inquiry_Status/Cek_DokumenResume/button_Data Pendukung"), OPTIONAL): Object: 'Object Repository/Inquiry_Status/Cek_DokumenResume/button_Data Pendukung' is clicked on

2022-03-28 12:56:27 - [MESSAGE][PASSED] - Object: 'Object Repository/Inquiry_Status/Cek_DokumenResume/button_Data Pendukung' is clicked on

2022-03-28 12:56:27 - [TEST_STEP][PASSED] - delay(5): Delayed 5 second(s)

2022-03-28 12:56:32 - [MESSAGE][PASSED] - Delayed 5 second(s)

2022-03-28 12:56:32 - [TEST_STEP][PASSED] - takeFullPageScreenshotAsCheckpoint(userDir + sprint4WebScreenshootPath + "scenario-3-menu-data-pendukung-pengajuan-2.png"): Taking screenshot successfully

2022-03-28 12:56:33 - [MESSAGE][INFO] - 0 hidden object(s)

2022-03-28 12:56:33 - [MESSAGE][PASSED] - Taking screenshot successfully
[[ATTACHMENT|C:\Users\elanf\git\BCAF_MEAPP_i3\Screenshoot\Sprint4\Web\keyes\keyes-scenario-3-menu-data-pendukung-pengajuan-2.png]]

2022-03-28 12:56:33 - [TEST_STEP][PASSED] - markPassed("scenario 3 - menu data pendukung pengajuan-2"): scenario 3 - menu data pendukung pengajuan-2

2022-03-28 12:56:33 - [MESSAGE][PASSED] - scenario 3 - menu data pendukung pengajuan-2

2022-03-28 12:56:33 - [TEST_STEP][PASSED] - delay(5): Delayed 5 second(s)

2022-03-28 12:56:38 - [MESSAGE][PASSED] - Delayed 5 second(s)

2022-03-28 12:56:38 - [TEST_STEP][PASSED] - scrollToElement(findTestObject("Object Repository/Inquiry_Status/Cek_DokumenResume/a_Back"), 60, OPTIONAL): Scroll to object 'Object Repository/Inquiry_Status/Cek_DokumenResume/a_Back' successfully

2022-03-28 12:56:39 - [MESSAGE][PASSED] - Scroll to object 'Object Repository/Inquiry_Status/Cek_DokumenResume/a_Back' successfully

2022-03-28 12:56:39 - [TEST_STEP][PASSED] - click(findTestObject("Object Repository/Inquiry_Status/Cek_DokumenResume/a_Back"), OPTIONAL): Object: 'Object Repository/Inquiry_Status/Cek_DokumenResume/a_Back' is clicked on

2022-03-28 12:56:39 - [MESSAGE][PASSED] - Object: 'Object Repository/Inquiry_Status/Cek_DokumenResume/a_Back' is clicked on

2022-03-28 12:56:39 - [TEST_STEP][PASSED] - delay(1): Delayed 1 second(s)

2022-03-28 12:56:40 - [MESSAGE][PASSED] - Delayed 1 second(s)

2022-03-28 12:56:40 - [TEST_STEP][PASSED] - setText(findTestObject("Object Repository/Inquiry_Status/input_Mobile ID  Application ID_form-control ng-untouched ng-pristine ng-valid"), id3, OPTIONAL): Text '4003895' is set on object 'Object Repository/Inquiry_Status/input_Mobile ID  Application ID_form-control ng-untouched ng-pristine ng-valid'

2022-03-28 12:56:41 - [MESSAGE][PASSED] - Text '4003895' is set on object 'Object Repository/Inquiry_Status/input_Mobile ID  Application ID_form-control ng-untouched ng-pristine ng-valid'

2022-03-28 12:56:41 - [TEST_STEP][PASSED] - delay(2): Delayed 2 second(s)

2022-03-28 12:56:43 - [MESSAGE][PASSED] - Delayed 2 second(s)

2022-03-28 12:56:43 - [TEST_STEP][PASSED] - click(findTestObject("Object Repository/Inquiry_Status/span_Search"), OPTIONAL): Object: 'Object Repository/Inquiry_Status/span_Search' is clicked on

2022-03-28 12:56:43 - [MESSAGE][PASSED] - Object: 'Object Repository/Inquiry_Status/span_Search' is clicked on

2022-03-28 12:56:43 - [TEST_STEP][PASSED] - takeFullPageScreenshotAsCheckpoint(userDir + sprint4WebScreenshootPath + "scenario-3-input-search-inquiry-status-data-pengajuan-3.png"): Taking screenshot successfully

2022-03-28 12:56:44 - [MESSAGE][INFO] - 0 hidden object(s)

2022-03-28 12:56:44 - [MESSAGE][PASSED] - Taking screenshot successfully
[[ATTACHMENT|C:\Users\elanf\git\BCAF_MEAPP_i3\Screenshoot\Sprint4\Web\keyes\keyes-scenario-3-input-search-inquiry-status-data-pengajuan-3.png]]

2022-03-28 12:56:44 - [TEST_STEP][PASSED] - markPassed("scenario 3 - input search inquiry status data pengajuan 3"): scenario 3 - input search inquiry status data pengajuan 3

2022-03-28 12:56:44 - [MESSAGE][PASSED] - scenario 3 - input search inquiry status data pengajuan 3

2022-03-28 12:56:44 - [TEST_STEP][PASSED] - delay(2): Delayed 2 second(s)

2022-03-28 12:56:46 - [MESSAGE][PASSED] - Delayed 2 second(s)

2022-03-28 12:56:46 - [TEST_STEP][PASSED] - click(findTestObject("Object Repository/Inquiry_Status/Cek_DokumenResume/a_list"), OPTIONAL): Object: 'Object Repository/Inquiry_Status/Cek_DokumenResume/a_list' is clicked on

2022-03-28 12:56:46 - [MESSAGE][PASSED] - Object: 'Object Repository/Inquiry_Status/Cek_DokumenResume/a_list' is clicked on

2022-03-28 12:56:46 - [TEST_STEP][PASSED] - delay(1): Delayed 1 second(s)

2022-03-28 12:56:47 - [MESSAGE][PASSED] - Delayed 1 second(s)

2022-03-28 12:56:47 - [TEST_STEP][PASSED] - click(findTestObject("Object Repository/Inquiry_Status/Cek_DokumenResume/button_Resume"), OPTIONAL): Object: 'Object Repository/Inquiry_Status/Cek_DokumenResume/button_Resume' is clicked on

2022-03-28 12:56:48 - [MESSAGE][PASSED] - Object: 'Object Repository/Inquiry_Status/Cek_DokumenResume/button_Resume' is clicked on

2022-03-28 12:56:48 - [TEST_STEP][PASSED] - delay(5): Delayed 5 second(s)

2022-03-28 12:56:53 - [MESSAGE][PASSED] - Delayed 5 second(s)

2022-03-28 12:56:53 - [TEST_STEP][PASSED] - click(findTestObject("Object Repository/Inquiry_Status/Cek_DokumenResume/button_Resume Internal"), OPTIONAL): Object: 'Object Repository/Inquiry_Status/Cek_DokumenResume/button_Resume Internal' is clicked on

2022-03-28 12:56:54 - [MESSAGE][PASSED] - Object: 'Object Repository/Inquiry_Status/Cek_DokumenResume/button_Resume Internal' is clicked on

2022-03-28 12:56:54 - [TEST_STEP][PASSED] - delay(5): Delayed 5 second(s)

2022-03-28 12:56:59 - [MESSAGE][PASSED] - Delayed 5 second(s)

2022-03-28 12:56:59 - [TEST_STEP][PASSED] - takeFullPageScreenshotAsCheckpoint(userDir + sprint4WebScreenshootPath + "scenario-3-menu-resume-internal-pengajuan-3.png"): Taking screenshot successfully

2022-03-28 12:56:59 - [MESSAGE][INFO] - 0 hidden object(s)

2022-03-28 12:57:00 - [MESSAGE][PASSED] - Taking screenshot successfully
[[ATTACHMENT|C:\Users\elanf\git\BCAF_MEAPP_i3\Screenshoot\Sprint4\Web\keyes\keyes-scenario-3-menu-resume-internal-pengajuan-3.png]]

2022-03-28 12:57:00 - [TEST_STEP][PASSED] - markPassed("scenario 3 - menu resume internal pengajuan-3"): scenario 3 - menu resume internal pengajuan-3

2022-03-28 12:57:00 - [MESSAGE][PASSED] - scenario 3 - menu resume internal pengajuan-3

2022-03-28 12:57:00 - [TEST_STEP][PASSED] - delay(5): Delayed 5 second(s)

2022-03-28 12:57:05 - [MESSAGE][PASSED] - Delayed 5 second(s)

2022-03-28 12:57:05 - [TEST_STEP][PASSED] - click(findTestObject("Object Repository/Inquiry_Status/Cek_DokumenResume/button_Anggaran Dasar Dan Perubahan"), OPTIONAL): Object: 'Object Repository/Inquiry_Status/Cek_DokumenResume/button_Anggaran Dasar Dan Perubahan' is clicked on

2022-03-28 12:57:05 - [MESSAGE][PASSED] - Object: 'Object Repository/Inquiry_Status/Cek_DokumenResume/button_Anggaran Dasar Dan Perubahan' is clicked on

2022-03-28 12:57:05 - [TEST_STEP][PASSED] - delay(5): Delayed 5 second(s)

2022-03-28 12:57:10 - [MESSAGE][PASSED] - Delayed 5 second(s)

2022-03-28 12:57:10 - [TEST_STEP][PASSED] - takeFullPageScreenshotAsCheckpoint(userDir + sprint4WebScreenshootPath + "scenario-3-menu-anggaran-dasar-dan-perubahan-pengajuan-3.png"): Taking screenshot successfully

2022-03-28 12:57:11 - [MESSAGE][INFO] - 0 hidden object(s)

2022-03-28 12:57:11 - [MESSAGE][PASSED] - Taking screenshot successfully
[[ATTACHMENT|C:\Users\elanf\git\BCAF_MEAPP_i3\Screenshoot\Sprint4\Web\keyes\keyes-scenario-3-menu-anggaran-dasar-dan-perubahan-pengajuan-3.png]]

2022-03-28 12:57:11 - [TEST_STEP][PASSED] - markPassed("scenario 3 - menu anggaran dasar dan perubahan pengajuan-3"): scenario 3 - menu anggaran dasar dan perubahan pengajuan-3

2022-03-28 12:57:11 - [MESSAGE][PASSED] - scenario 3 - menu anggaran dasar dan perubahan pengajuan-3

2022-03-28 12:57:11 - [TEST_STEP][PASSED] - delay(5): Delayed 5 second(s)

2022-03-28 12:57:16 - [MESSAGE][PASSED] - Delayed 5 second(s)

2022-03-28 12:57:16 - [TEST_STEP][PASSED] - click(findTestObject("Object Repository/Inquiry_Status/Cek_DokumenResume/button_Pengurus"), OPTIONAL): Object: 'Object Repository/Inquiry_Status/Cek_DokumenResume/button_Pengurus' is clicked on

2022-03-28 12:57:16 - [MESSAGE][PASSED] - Object: 'Object Repository/Inquiry_Status/Cek_DokumenResume/button_Pengurus' is clicked on

2022-03-28 12:57:16 - [TEST_STEP][PASSED] - delay(5): Delayed 5 second(s)

2022-03-28 12:57:21 - [MESSAGE][PASSED] - Delayed 5 second(s)

2022-03-28 12:57:21 - [TEST_STEP][PASSED] - takeFullPageScreenshotAsCheckpoint(userDir + sprint4WebScreenshootPath + "scenario-3-menu-pengurus-pengajuan-3.png"): Taking screenshot successfully

2022-03-28 12:57:22 - [MESSAGE][INFO] - 0 hidden object(s)

2022-03-28 12:57:22 - [MESSAGE][PASSED] - Taking screenshot successfully
[[ATTACHMENT|C:\Users\elanf\git\BCAF_MEAPP_i3\Screenshoot\Sprint4\Web\keyes\keyes-scenario-3-menu-pengurus-pengajuan-3.png]]

2022-03-28 12:57:22 - [TEST_STEP][PASSED] - markPassed("scenario 3 - menu pengurus pengajuan-3"): scenario 3 - menu pengurus pengajuan-3

2022-03-28 12:57:22 - [MESSAGE][PASSED] - scenario 3 - menu pengurus pengajuan-3

2022-03-28 12:57:22 - [TEST_STEP][PASSED] - delay(5): Delayed 5 second(s)

2022-03-28 12:57:27 - [MESSAGE][PASSED] - Delayed 5 second(s)

2022-03-28 12:57:27 - [TEST_STEP][PASSED] - click(findTestObject("Object Repository/Inquiry_Status/Cek_DokumenResume/button_Data Pendukung"), OPTIONAL): Object: 'Object Repository/Inquiry_Status/Cek_DokumenResume/button_Data Pendukung' is clicked on

2022-03-28 12:57:28 - [MESSAGE][PASSED] - Object: 'Object Repository/Inquiry_Status/Cek_DokumenResume/button_Data Pendukung' is clicked on

2022-03-28 12:57:28 - [TEST_STEP][PASSED] - delay(5): Delayed 5 second(s)

2022-03-28 12:57:33 - [MESSAGE][PASSED] - Delayed 5 second(s)

2022-03-28 12:57:33 - [TEST_STEP][PASSED] - takeFullPageScreenshotAsCheckpoint(userDir + sprint4WebScreenshootPath + "scenario-3-menu-data-pendukung-pengajuan-3.png"): Taking screenshot successfully

2022-03-28 12:57:34 - [MESSAGE][INFO] - 0 hidden object(s)

2022-03-28 12:57:34 - [MESSAGE][PASSED] - Taking screenshot successfully
[[ATTACHMENT|C:\Users\elanf\git\BCAF_MEAPP_i3\Screenshoot\Sprint4\Web\keyes\keyes-scenario-3-menu-data-pendukung-pengajuan-3.png]]

2022-03-28 12:57:34 - [TEST_STEP][PASSED] - markPassed("scenario 3 - menu data pendukung pengajuan-3"): scenario 3 - menu data pendukung pengajuan-3

2022-03-28 12:57:34 - [MESSAGE][PASSED] - scenario 3 - menu data pendukung pengajuan-3

2022-03-28 12:57:34 - [TEST_STEP][PASSED] - delay(5): Delayed 5 second(s)

2022-03-28 12:57:39 - [MESSAGE][PASSED] - Delayed 5 second(s)

2022-03-28 12:57:39 - [TEST_STEP][PASSED] - scrollToElement(findTestObject("Object Repository/Inquiry_Status/Cek_DokumenResume/a_Back"), 60, OPTIONAL): Scroll to object 'Object Repository/Inquiry_Status/Cek_DokumenResume/a_Back' successfully

2022-03-28 12:57:39 - [MESSAGE][PASSED] - Scroll to object 'Object Repository/Inquiry_Status/Cek_DokumenResume/a_Back' successfully

2022-03-28 12:57:39 - [TEST_STEP][PASSED] - click(findTestObject("Object Repository/Inquiry_Status/Cek_DokumenResume/a_Back"), OPTIONAL): Object: 'Object Repository/Inquiry_Status/Cek_DokumenResume/a_Back' is clicked on

2022-03-28 12:57:40 - [MESSAGE][PASSED] - Object: 'Object Repository/Inquiry_Status/Cek_DokumenResume/a_Back' is clicked on]]></system-out>
         <system-err><![CDATA[]]></system-err>
      </testcase>
      <testcase name="Test Cases/Sprint 4/Skenario 4/04-01-Transaction-AppBaru-InisiasiKonsumenBaru" time="70.338" classname="Test Cases/Sprint 4/Skenario 4/04-01-Transaction-AppBaru-InisiasiKonsumenBaru" status="PASSED">
         <system-out><![CDATA[2022-03-28 12:57:40 - [TEST_CASE][PASSED] - Test Cases/Sprint 4/Skenario 4/04-01-Transaction-AppBaru-InisiasiKonsumenBaru: Test Cases/Sprint 4/Skenario 4/04-01-Transaction-AppBaru-InisiasiKonsumenBaru

2022-03-28 12:57:40 - [TEST_STEP][PASSED] - robot = new java.awt.Robot(): null

2022-03-28 12:57:40 - [TEST_STEP][PASSED] - userDir = getProjectDir(): null

2022-03-28 12:57:40 - [TEST_STEP][PASSED] - openBrowser(""): Browser is opened with url: ''

2022-03-28 12:57:40 - [MESSAGE][WARNING] - A browser is already opened. Closing browser and opening a new one

2022-03-28 12:57:41 - [MESSAGE][INFO] - Starting 'Chrome' driver

2022-03-28 12:57:41 - [MESSAGE][INFO] - Action delay is set to 0 milliseconds

2022-03-28 12:57:42 - [MESSAGE][PASSED] - Browser is opened with url: ''

2022-03-28 12:57:42 - [TEST_STEP][PASSED] - driver = getWebDriver(): null

2022-03-28 12:57:42 - [TEST_STEP][PASSED] - navigateToUrl(ME_url): Navigate to 'https://mecorporate.idofocus.co.id:25443/login' successfully

2022-03-28 12:57:44 - [MESSAGE][PASSED] - Navigate to 'https://mecorporate.idofocus.co.id:25443/login' successfully

2022-03-28 12:57:44 - [TEST_STEP][PASSED] - maximizeWindow(): Current window maximized

2022-03-28 12:57:44 - [MESSAGE][PASSED] - Current window maximized

2022-03-28 12:57:44 - [TEST_STEP][PASSED] - delay(5): Delayed 5 second(s)

2022-03-28 12:57:49 - [MESSAGE][PASSED] - Delayed 5 second(s)

2022-03-28 12:57:49 - [TEST_STEP][PASSED] - setText(findTestObject("MEApp_AppBaru_InisiasiKonsumen/input_User ID_login"), CMO): Text '20190364' is set on object 'Object Repository/MEApp_AppBaru_InisiasiKonsumen/input_User ID_login'

2022-03-28 12:57:49 - [MESSAGE][PASSED] - Text '20190364' is set on object 'Object Repository/MEApp_AppBaru_InisiasiKonsumen/input_User ID_login'

2022-03-28 12:57:49 - [TEST_STEP][PASSED] - setText(findTestObject("MEApp_AppBaru_InisiasiKonsumen/input_User Password_login"), password): Text 'Mobile123+' is set on object 'Object Repository/MEApp_AppBaru_InisiasiKonsumen/input_User Password_login'

2022-03-28 12:57:50 - [MESSAGE][PASSED] - Text 'Mobile123+' is set on object 'Object Repository/MEApp_AppBaru_InisiasiKonsumen/input_User Password_login'

2022-03-28 12:57:50 - [TEST_STEP][PASSED] - takeFullPageScreenshotAsCheckpoint(userDir + sprint4WebScreenshootPath + "scenario-1-aplikasi-baru-login.png"): Taking screenshot successfully

2022-03-28 12:57:51 - [MESSAGE][INFO] - 0 hidden object(s)

2022-03-28 12:57:51 - [MESSAGE][PASSED] - Taking screenshot successfully
[[ATTACHMENT|C:\Users\elanf\git\BCAF_MEAPP_i3\Screenshoot\Sprint4\Web\keyes\keyes-scenario-1-aplikasi-baru-login.png]]

2022-03-28 12:57:51 - [TEST_STEP][PASSED] - markPassed("Scenario 1 - Memastikan login berhasil"): Scenario 1 - Memastikan login berhasil

2022-03-28 12:57:51 - [MESSAGE][PASSED] - Scenario 1 - Memastikan login berhasil

2022-03-28 12:57:51 - [TEST_STEP][PASSED] - click(findTestObject("MEApp_AppBaru_InisiasiKonsumen/button_Login")): Object: 'Object Repository/MEApp_AppBaru_InisiasiKonsumen/button_Login' is clicked on

2022-03-28 12:57:51 - [MESSAGE][PASSED] - Object: 'Object Repository/MEApp_AppBaru_InisiasiKonsumen/button_Login' is clicked on

2022-03-28 12:57:51 - [TEST_STEP][PASSED] - delay(2): Delayed 2 second(s)

2022-03-28 12:57:53 - [MESSAGE][PASSED] - Delayed 2 second(s)

2022-03-28 12:57:53 - [TEST_STEP][PASSED] - verifyElementPresent(findTestObject("MEApp_AppBaru_InisiasiKonsumen/span_Transaksi"), 0): Object 'Object Repository/MEApp_AppBaru_InisiasiKonsumen/span_Transaksi' is present

2022-03-28 12:57:53 - [MESSAGE][WARNING] - Timeout '0' is invalid. Using default page load timeout: '30'

2022-03-28 12:57:53 - [MESSAGE][PASSED] - Object 'Object Repository/MEApp_AppBaru_InisiasiKonsumen/span_Transaksi' is present

2022-03-28 12:57:53 - [TEST_STEP][PASSED] - click(findTestObject("MEApp_AppBaru_InisiasiKonsumen/span_Transaksi")): Object: 'Object Repository/MEApp_AppBaru_InisiasiKonsumen/span_Transaksi' is clicked on

2022-03-28 12:57:54 - [MESSAGE][PASSED] - Object: 'Object Repository/MEApp_AppBaru_InisiasiKonsumen/span_Transaksi' is clicked on

2022-03-28 12:57:54 - [TEST_STEP][PASSED] - delay(1): Delayed 1 second(s)

2022-03-28 12:57:55 - [MESSAGE][PASSED] - Delayed 1 second(s)

2022-03-28 12:57:55 - [TEST_STEP][PASSED] - click(findTestObject("MEApp_AppBaru_InisiasiKonsumen/span_Aplikasi Baru")): Object: 'Object Repository/MEApp_AppBaru_InisiasiKonsumen/span_Aplikasi Baru' is clicked on

2022-03-28 12:57:55 - [MESSAGE][PASSED] - Object: 'Object Repository/MEApp_AppBaru_InisiasiKonsumen/span_Aplikasi Baru' is clicked on

2022-03-28 12:57:55 - [TEST_STEP][PASSED] - delay(1): Delayed 1 second(s)

2022-03-28 12:57:56 - [MESSAGE][PASSED] - Delayed 1 second(s)

2022-03-28 12:57:56 - [TEST_STEP][PASSED] - takeFullPageScreenshotAsCheckpoint(userDir + sprint4WebScreenshootPath + "scenario-1-memilih-button-transaksi-dan-aplikasi-baru.png"): Taking screenshot successfully

2022-03-28 12:57:57 - [MESSAGE][INFO] - 0 hidden object(s)

2022-03-28 12:57:57 - [MESSAGE][PASSED] - Taking screenshot successfully
[[ATTACHMENT|C:\Users\elanf\git\BCAF_MEAPP_i3\Screenshoot\Sprint4\Web\keyes\keyes-scenario-1-memilih-button-transaksi-dan-aplikasi-baru.png]]

2022-03-28 12:57:57 - [TEST_STEP][PASSED] - markPassed("Scenario 1 - Memilih button transaksi dan aplikasi baru"): Scenario 1 - Memilih button transaksi dan aplikasi baru

2022-03-28 12:57:57 - [MESSAGE][PASSED] - Scenario 1 - Memilih button transaksi dan aplikasi baru

2022-03-28 12:57:57 - [TEST_STEP][PASSED] - click(findTestObject("MEApp_AppBaru_InisiasiKonsumen/input_perorangan_radios-apptype")): Object: 'Object Repository/MEApp_AppBaru_InisiasiKonsumen/input_perorangan_radios-apptype' is clicked on

2022-03-28 12:57:57 - [MESSAGE][PASSED] - Object: 'Object Repository/MEApp_AppBaru_InisiasiKonsumen/input_perorangan_radios-apptype' is clicked on

2022-03-28 12:57:57 - [TEST_STEP][PASSED] - delay(1): Delayed 1 second(s)

2022-03-28 12:57:58 - [MESSAGE][PASSED] - Delayed 1 second(s)

2022-03-28 12:57:58 - [TEST_STEP][PASSED] - click(findTestObject("MEApp_AppBaru_InisiasiKonsumen/input_korporasi_radios-apptype")): Object: 'Object Repository/MEApp_AppBaru_InisiasiKonsumen/input_korporasi_radios-apptype' is clicked on

2022-03-28 12:57:58 - [MESSAGE][PASSED] - Object: 'Object Repository/MEApp_AppBaru_InisiasiKonsumen/input_korporasi_radios-apptype' is clicked on

2022-03-28 12:57:58 - [TEST_STEP][PASSED] - delay(1): Delayed 1 second(s)

2022-03-28 12:57:59 - [MESSAGE][PASSED] - Delayed 1 second(s)

2022-03-28 12:57:59 - [TEST_STEP][PASSED] - click(findTestObject("MEApp_AppBaru_InisiasiKonsumen/input-badanusaha")): Object: 'Object Repository/MEApp_AppBaru_InisiasiKonsumen/input-badanusaha' is clicked on

2022-03-28 12:58:00 - [MESSAGE][PASSED] - Object: 'Object Repository/MEApp_AppBaru_InisiasiKonsumen/input-badanusaha' is clicked on

2022-03-28 12:58:00 - [TEST_STEP][PASSED] - delay(1): Delayed 1 second(s)

2022-03-28 12:58:01 - [MESSAGE][PASSED] - Delayed 1 second(s)

2022-03-28 12:58:01 - [TEST_STEP][PASSED] - setText(findTestObject("MEApp_AppBaru_InisiasiKonsumen/input-badanusaha"), "Perseroan Terbatas ( PT. , NV. , LTD. )"): Text 'Perseroan Terbatas ( PT. , NV. , LTD. )' is set on object 'Object Repository/MEApp_AppBaru_InisiasiKonsumen/input-badanusaha'

2022-03-28 12:58:01 - [MESSAGE][PASSED] - Text 'Perseroan Terbatas ( PT. , NV. , LTD. )' is set on object 'Object Repository/MEApp_AppBaru_InisiasiKonsumen/input-badanusaha'

2022-03-28 12:58:01 - [TEST_STEP][PASSED] - delay(1): Delayed 1 second(s)

2022-03-28 12:58:02 - [MESSAGE][PASSED] - Delayed 1 second(s)

2022-03-28 12:58:02 - [TEST_STEP][PASSED] - takeFullPageScreenshotAsCheckpoint(userDir + sprint4WebScreenshootPath + "scenario-1-input-badan-usaha.png"): Taking screenshot successfully

2022-03-28 12:58:03 - [MESSAGE][INFO] - 0 hidden object(s)

2022-03-28 12:58:03 - [MESSAGE][PASSED] - Taking screenshot successfully
[[ATTACHMENT|C:\Users\elanf\git\BCAF_MEAPP_i3\Screenshoot\Sprint4\Web\keyes\keyes-scenario-1-input-badan-usaha.png]]

2022-03-28 12:58:03 - [TEST_STEP][PASSED] - markPassed("Scenario 1 - Input badan usaha"): Scenario 1 - Input badan usaha

2022-03-28 12:58:03 - [MESSAGE][PASSED] - Scenario 1 - Input badan usaha

2022-03-28 12:58:03 - [TEST_STEP][PASSED] - delay(2): Delayed 2 second(s)

2022-03-28 12:58:05 - [MESSAGE][PASSED] - Delayed 2 second(s)

2022-03-28 12:58:05 - [TEST_STEP][PASSED] - click(findTestObject("MEApp_AppBaru_InisiasiKonsumen/span_Perseroan Terbatas ( PT. , NV. , LTD. )")): Object: 'Object Repository/MEApp_AppBaru_InisiasiKonsumen/span_Perseroan Terbatas ( PT. , NV. , LTD. )' is clicked on

2022-03-28 12:58:05 - [MESSAGE][PASSED] - Object: 'Object Repository/MEApp_AppBaru_InisiasiKonsumen/span_Perseroan Terbatas ( PT. , NV. , LTD. )' is clicked on

2022-03-28 12:58:05 - [TEST_STEP][PASSED] - delay(2): Delayed 2 second(s)

2022-03-28 12:58:07 - [MESSAGE][PASSED] - Delayed 2 second(s)

2022-03-28 12:58:07 - [TEST_STEP][PASSED] - takeFullPageScreenshotAsCheckpoint(userDir + sprint4WebScreenshootPath + "scenario-1-page-sebelum-input-capture.png"): Taking screenshot successfully

2022-03-28 12:58:08 - [MESSAGE][INFO] - 0 hidden object(s)

2022-03-28 12:58:08 - [MESSAGE][PASSED] - Taking screenshot successfully
[[ATTACHMENT|C:\Users\elanf\git\BCAF_MEAPP_i3\Screenshoot\Sprint4\Web\keyes\keyes-scenario-1-page-sebelum-input-capture.png]]

2022-03-28 12:58:08 - [TEST_STEP][PASSED] - markPassed("Scenario 1 - Sebelum input capture npwp + SIUP + TDP"): Scenario 1 - Sebelum input capture npwp + SIUP + TDP

2022-03-28 12:58:08 - [MESSAGE][PASSED] - Scenario 1 - Sebelum input capture npwp + SIUP + TDP

2022-03-28 12:58:08 - [TEST_STEP][PASSED] - delay(2): Delayed 2 second(s)

2022-03-28 12:58:10 - [MESSAGE][PASSED] - Delayed 2 second(s)

2022-03-28 12:58:10 - [TEST_STEP][PASSED] - click(findTestObject("MEApp_AppBaru_InisiasiKonsumen/button_Capture_npwp")): Object: 'Object Repository/MEApp_AppBaru_InisiasiKonsumen/button_Capture_npwp' is clicked on

2022-03-28 12:58:10 - [MESSAGE][PASSED] - Object: 'Object Repository/MEApp_AppBaru_InisiasiKonsumen/button_Capture_npwp' is clicked on

2022-03-28 12:58:10 - [TEST_STEP][PASSED] - delay(2): Delayed 2 second(s)

2022-03-28 12:58:12 - [MESSAGE][PASSED] - Delayed 2 second(s)

2022-03-28 12:58:12 - [TEST_STEP][PASSED] - uploadFile(findTestObject("MEApp_AppBaru_InisiasiKonsumen/Capture_"), userDir + pathfinder_npwp): File 'C:/Users/elanf/git/BCAF_MEAPP_i3/Assets/npwp-dummy.jpg' sent to object: 'Object Repository/MEApp_AppBaru_InisiasiKonsumen/Capture_'

2022-03-28 12:58:13 - [MESSAGE][PASSED] - File 'C:/Users/elanf/git/BCAF_MEAPP_i3/Assets/npwp-dummy.jpg' sent to object: 'Object Repository/MEApp_AppBaru_InisiasiKonsumen/Capture_'

2022-03-28 12:58:13 - [TEST_STEP][PASSED] - waitForElementPresent(findTestObject("MEApp_AppBaru_InisiasiKonsumen/button_NPWP"), 0): Object 'Object Repository/MEApp_AppBaru_InisiasiKonsumen/button_NPWP' is present

2022-03-28 12:58:13 - [MESSAGE][WARNING] - Timeout '0' is invalid. Using default page load timeout: '30'

2022-03-28 12:58:15 - [MESSAGE][PASSED] - Object 'Object Repository/MEApp_AppBaru_InisiasiKonsumen/button_NPWP' is present

2022-03-28 12:58:15 - [TEST_STEP][PASSED] - setText(findTestObject("MEApp_AppBaru_InisiasiKonsumen/input_NPWP No fix"), NPWP_Cancel): Text '032792012047000' is set on object 'Object Repository/MEApp_AppBaru_InisiasiKonsumen/input_NPWP No fix'

2022-03-28 12:58:16 - [MESSAGE][PASSED] - Text '032792012047000' is set on object 'Object Repository/MEApp_AppBaru_InisiasiKonsumen/input_NPWP No fix'

2022-03-28 12:58:16 - [TEST_STEP][PASSED] - delay(1): Delayed 1 second(s)

2022-03-28 12:58:17 - [MESSAGE][PASSED] - Delayed 1 second(s)

2022-03-28 12:58:17 - [TEST_STEP][PASSED] - setText(findTestObject("MEApp_AppBaru_InisiasiKonsumen/input_Name fix"), CN_Cancel): Text 'ARMITNIA NEERAA     T ' is set on object 'Object Repository/MEApp_AppBaru_InisiasiKonsumen/input_Name fix'

2022-03-28 12:58:17 - [MESSAGE][PASSED] - Text 'ARMITNIA NEERAA     T ' is set on object 'Object Repository/MEApp_AppBaru_InisiasiKonsumen/input_Name fix'

2022-03-28 12:58:17 - [TEST_STEP][PASSED] - click(findTestObject("MEApp_AppBaru_InisiasiKonsumen/button_Capture_siupfix")): Object: 'Object Repository/MEApp_AppBaru_InisiasiKonsumen/button_Capture_siupfix' is clicked on

2022-03-28 12:58:18 - [MESSAGE][PASSED] - Object: 'Object Repository/MEApp_AppBaru_InisiasiKonsumen/button_Capture_siupfix' is clicked on

2022-03-28 12:58:18 - [TEST_STEP][PASSED] - delay(2): Delayed 2 second(s)

2022-03-28 12:58:20 - [MESSAGE][PASSED] - Delayed 2 second(s)

2022-03-28 12:58:20 - [TEST_STEP][PASSED] - uploadFile(findTestObject("MEApp_AppBaru_InisiasiKonsumen/Capture_"), userDir + pathfinder_siup): File 'C:/Users/elanf/git/BCAF_MEAPP_i3/Assets/siup-dummy.jpg' sent to object: 'Object Repository/MEApp_AppBaru_InisiasiKonsumen/Capture_'

2022-03-28 12:58:20 - [MESSAGE][PASSED] - File 'C:/Users/elanf/git/BCAF_MEAPP_i3/Assets/siup-dummy.jpg' sent to object: 'Object Repository/MEApp_AppBaru_InisiasiKonsumen/Capture_'

2022-03-28 12:58:20 - [TEST_STEP][PASSED] - delay(2): Delayed 2 second(s)

2022-03-28 12:58:22 - [MESSAGE][PASSED] - Delayed 2 second(s)

2022-03-28 12:58:22 - [TEST_STEP][PASSED] - click(findTestObject("MEApp_AppBaru_InisiasiKonsumen/button_Capture_TDP")): Object: 'Object Repository/MEApp_AppBaru_InisiasiKonsumen/button_Capture_TDP' is clicked on

2022-03-28 12:58:22 - [MESSAGE][PASSED] - Object: 'Object Repository/MEApp_AppBaru_InisiasiKonsumen/button_Capture_TDP' is clicked on

2022-03-28 12:58:22 - [TEST_STEP][PASSED] - delay(2): Delayed 2 second(s)

2022-03-28 12:58:24 - [MESSAGE][PASSED] - Delayed 2 second(s)

2022-03-28 12:58:24 - [TEST_STEP][PASSED] - uploadFile(findTestObject("MEApp_AppBaru_InisiasiKonsumen/Capture_"), userDir + pathfinder_tdp): File 'C:/Users/elanf/git/BCAF_MEAPP_i3/Assets/tdp-dummy.jpg' sent to object: 'Object Repository/MEApp_AppBaru_InisiasiKonsumen/Capture_'

2022-03-28 12:58:25 - [MESSAGE][PASSED] - File 'C:/Users/elanf/git/BCAF_MEAPP_i3/Assets/tdp-dummy.jpg' sent to object: 'Object Repository/MEApp_AppBaru_InisiasiKonsumen/Capture_'

2022-03-28 12:58:25 - [TEST_STEP][PASSED] - delay(2): Delayed 2 second(s)

2022-03-28 12:58:27 - [MESSAGE][PASSED] - Delayed 2 second(s)

2022-03-28 12:58:27 - [TEST_STEP][PASSED] - takeFullPageScreenshotAsCheckpoint(userDir + sprint4WebScreenshootPath + "scenario-1-Capture-npwp-siup-tdp.png"): Taking screenshot successfully

2022-03-28 12:58:27 - [MESSAGE][INFO] - 0 hidden object(s)

2022-03-28 12:58:27 - [MESSAGE][PASSED] - Taking screenshot successfully
[[ATTACHMENT|C:\Users\elanf\git\BCAF_MEAPP_i3\Screenshoot\Sprint4\Web\keyes\keyes-scenario-1-Capture-npwp-siup-tdp.png]]

2022-03-28 12:58:27 - [TEST_STEP][PASSED] - markPassed("Scenario 1 - Capture NPWP + SIUP + TDP"): Scenario 1 - Capture NPWP + SIUP + TDP

2022-03-28 12:58:27 - [MESSAGE][PASSED] - Scenario 1 - Capture NPWP + SIUP + TDP

2022-03-28 12:58:27 - [TEST_STEP][PASSED] - delay(2): Delayed 2 second(s)

2022-03-28 12:58:29 - [MESSAGE][PASSED] - Delayed 2 second(s)

2022-03-28 12:58:29 - [TEST_STEP][PASSED] - click(findTestObject("MEApp_AppBaru_InisiasiKonsumen/input_Ada Perubahan Data Tidak")): Object: 'Object Repository/MEApp_AppBaru_InisiasiKonsumen/input_Ada Perubahan Data Tidak' is clicked on

2022-03-28 12:58:30 - [MESSAGE][PASSED] - Object: 'Object Repository/MEApp_AppBaru_InisiasiKonsumen/input_Ada Perubahan Data Tidak' is clicked on

2022-03-28 12:58:30 - [TEST_STEP][PASSED] - delay(1): Delayed 1 second(s)

2022-03-28 12:58:31 - [MESSAGE][PASSED] - Delayed 1 second(s)

2022-03-28 12:58:31 - [TEST_STEP][PASSED] - click(findTestObject("MEApp_AppBaru_InisiasiKonsumen/input_Ada Perubahan Data YA")): Object: 'Object Repository/MEApp_AppBaru_InisiasiKonsumen/input_Ada Perubahan Data YA' is clicked on

2022-03-28 12:58:31 - [MESSAGE][PASSED] - Object: 'Object Repository/MEApp_AppBaru_InisiasiKonsumen/input_Ada Perubahan Data YA' is clicked on

2022-03-28 12:58:31 - [TEST_STEP][PASSED] - delay(1): Delayed 1 second(s)

2022-03-28 12:58:32 - [MESSAGE][PASSED] - Delayed 1 second(s)

2022-03-28 12:58:32 - [TEST_STEP][PASSED] - takeFullPageScreenshotAsCheckpoint(userDir + sprint4WebScreenshootPath + "scenario-1-Memilih-Radio-Button-Perubahan-Data.png"): Taking screenshot successfully

2022-03-28 12:58:33 - [MESSAGE][INFO] - 0 hidden object(s)

2022-03-28 12:58:33 - [MESSAGE][PASSED] - Taking screenshot successfully
[[ATTACHMENT|C:\Users\elanf\git\BCAF_MEAPP_i3\Screenshoot\Sprint4\Web\keyes\keyes-scenario-1-Memilih-Radio-Button-Perubahan-Data.png]]

2022-03-28 12:58:33 - [TEST_STEP][PASSED] - markPassed("Scenario 1 - Memilih Radio Button Perubahan Data"): Scenario 1 - Memilih Radio Button Perubahan Data

2022-03-28 12:58:33 - [MESSAGE][PASSED] - Scenario 1 - Memilih Radio Button Perubahan Data

2022-03-28 12:58:33 - [TEST_STEP][PASSED] - delay(2): Delayed 2 second(s)

2022-03-28 12:58:35 - [MESSAGE][PASSED] - Delayed 2 second(s)

2022-03-28 12:58:35 - [TEST_STEP][PASSED] - click(findTestObject("MEApp_AppBaru_InisiasiKonsumen/button_Prosesfix")): Object: 'Object Repository/MEApp_AppBaru_InisiasiKonsumen/button_Prosesfix' is clicked on

2022-03-28 12:58:35 - [MESSAGE][PASSED] - Object: 'Object Repository/MEApp_AppBaru_InisiasiKonsumen/button_Prosesfix' is clicked on

2022-03-28 12:58:35 - [TEST_STEP][PASSED] - delay(2): Delayed 2 second(s)

2022-03-28 12:58:37 - [MESSAGE][PASSED] - Delayed 2 second(s)

2022-03-28 12:58:37 - [TEST_STEP][PASSED] - waitForElementPresent(findTestObject("MEApp_AppBaru_InisiasiKonsumen/AplikasiBaruMatching"), 300): Object 'Object Repository/MEApp_AppBaru_InisiasiKonsumen/AplikasiBaruMatching' is present

2022-03-28 12:58:39 - [MESSAGE][PASSED] - Object 'Object Repository/MEApp_AppBaru_InisiasiKonsumen/AplikasiBaruMatching' is present

2022-03-28 12:58:39 - [TEST_STEP][PASSED] - takeFullPageScreenshotAsCheckpoint(userDir + sprint4WebScreenshootPath + "scenario-1-Masuk-aplikasi-matching.png"): Taking screenshot successfully

2022-03-28 12:58:40 - [MESSAGE][INFO] - 0 hidden object(s)

2022-03-28 12:58:40 - [MESSAGE][PASSED] - Taking screenshot successfully
[[ATTACHMENT|C:\Users\elanf\git\BCAF_MEAPP_i3\Screenshoot\Sprint4\Web\keyes\keyes-scenario-1-Masuk-aplikasi-matching.png]]

2022-03-28 12:58:40 - [TEST_STEP][PASSED] - markPassed("Scenario 1 - Masuk aplikasi matching"): Scenario 1 - Masuk aplikasi matching

2022-03-28 12:58:40 - [MESSAGE][PASSED] - Scenario 1 - Masuk aplikasi matching

2022-03-28 12:58:40 - [TEST_STEP][PASSED] - delay(2): Delayed 2 second(s)

2022-03-28 12:58:42 - [MESSAGE][PASSED] - Delayed 2 second(s)

2022-03-28 12:58:42 - [TEST_STEP][PASSED] - click(findTestObject("MEApp_AppBaru_InisiasiKonsumen/a_Ok")): Object: 'Object Repository/MEApp_AppBaru_InisiasiKonsumen/a_Ok' is clicked on

2022-03-28 12:58:42 - [MESSAGE][PASSED] - Object: 'Object Repository/MEApp_AppBaru_InisiasiKonsumen/a_Ok' is clicked on

2022-03-28 12:58:42 - [TEST_STEP][PASSED] - delay(1): Delayed 1 second(s)

2022-03-28 12:58:43 - [MESSAGE][PASSED] - Delayed 1 second(s)

2022-03-28 12:58:43 - [TEST_STEP][PASSED] - click(findTestObject("MEApp_AppBaru_InisiasiKonsumen/button_Ya")): Object: 'Object Repository/MEApp_AppBaru_InisiasiKonsumen/button_Ya' is clicked on

2022-03-28 12:58:44 - [MESSAGE][PASSED] - Object: 'Object Repository/MEApp_AppBaru_InisiasiKonsumen/button_Ya' is clicked on

2022-03-28 12:58:44 - [TEST_STEP][PASSED] - delay(3): Delayed 3 second(s)

2022-03-28 12:58:47 - [MESSAGE][PASSED] - Delayed 3 second(s)

2022-03-28 12:58:47 - [TEST_STEP][PASSED] - takeFullPageScreenshotAsCheckpoint(userDir + sprint4WebScreenshootPath + "scenario-1-Berhasil-dilakukan-inisiasi-konsumen-baru.png"): Taking screenshot successfully

2022-03-28 12:58:48 - [MESSAGE][INFO] - 0 hidden object(s)

2022-03-28 12:58:48 - [MESSAGE][PASSED] - Taking screenshot successfully
[[ATTACHMENT|C:\Users\elanf\git\BCAF_MEAPP_i3\Screenshoot\Sprint4\Web\keyes\keyes-scenario-1-Berhasil-dilakukan-inisiasi-konsumen-baru.png]]

2022-03-28 12:58:48 - [TEST_STEP][PASSED] - markPassed("Scenario 1 - Berhasil dilakukan inisiasi konsumen baru"): Scenario 1 - Berhasil dilakukan inisiasi konsumen baru

2022-03-28 12:58:48 - [MESSAGE][PASSED] - Scenario 1 - Berhasil dilakukan inisiasi konsumen baru

2022-03-28 12:58:48 - [TEST_STEP][PASSED] - delay(2): Delayed 2 second(s)

2022-03-28 12:58:50 - [MESSAGE][PASSED] - Delayed 2 second(s)]]></system-out>
         <system-err><![CDATA[]]></system-err>
      </testcase>
      <testcase name="Test Cases/Sprint 4/Skenario 4/04-02-Transaction-AppPending-InputCorporate" time="226.176" classname="Test Cases/Sprint 4/Skenario 4/04-02-Transaction-AppPending-InputCorporate" status="PASSED">
         <system-out><![CDATA[2022-03-28 12:58:50 - [TEST_CASE][PASSED] - Test Cases/Sprint 4/Skenario 4/04-02-Transaction-AppPending-InputCorporate: Test Cases/Sprint 4/Skenario 4/04-02-Transaction-AppPending-InputCorporate

2022-03-28 12:58:50 - [TEST_STEP][PASSED] - userDir = getProjectDir(): null

2022-03-28 12:58:50 - [TEST_STEP][PASSED] - setText(findTestObject("Object Repository/Input_Corporate/Input_Konsumen/input_SID Name_form-control ng-untouched ng-pristine ng-invalid"), konsumen_SID, OPTIONAL): Text '223213445' is set on object 'Object Repository/Input_Corporate/Input_Konsumen/input_SID Name_form-control ng-untouched ng-pristine ng-invalid'

2022-03-28 12:59:47 - [MESSAGE][PASSED] - Text '223213445' is set on object 'Object Repository/Input_Corporate/Input_Konsumen/input_SID Name_form-control ng-untouched ng-pristine ng-invalid'

2022-03-28 12:59:47 - [TEST_STEP][PASSED] - delay(1): Delayed 1 second(s)

2022-03-28 12:59:48 - [MESSAGE][PASSED] - Delayed 1 second(s)

2022-03-28 12:59:48 - [TEST_STEP][PASSED] - scrollToElement(findTestObject("Object Repository/Input_Corporate/Input_Konsumen/i_Fax 2_ri-arrow-right-line"), 60, OPTIONAL): Scroll to object 'Object Repository/Input_Corporate/Input_Konsumen/i_Fax 2_ri-arrow-right-line' successfully

2022-03-28 12:59:49 - [MESSAGE][PASSED] - Scroll to object 'Object Repository/Input_Corporate/Input_Konsumen/i_Fax 2_ri-arrow-right-line' successfully

2022-03-28 12:59:49 - [TEST_STEP][PASSED] - delay(1): Delayed 1 second(s)

2022-03-28 12:59:50 - [MESSAGE][PASSED] - Delayed 1 second(s)

2022-03-28 12:59:50 - [TEST_STEP][PASSED] - click(findTestObject("Object Repository/Input_Corporate/Input_Konsumen/button_Surat Keterangan Domisili"), OPTIONAL): Object: 'Object Repository/Input_Corporate/Input_Konsumen/button_Surat Keterangan Domisili' is clicked on

2022-03-28 12:59:50 - [MESSAGE][PASSED] - Object: 'Object Repository/Input_Corporate/Input_Konsumen/button_Surat Keterangan Domisili' is clicked on

2022-03-28 12:59:50 - [TEST_STEP][PASSED] - delay(1): Delayed 1 second(s)

2022-03-28 12:59:51 - [MESSAGE][PASSED] - Delayed 1 second(s)

2022-03-28 12:59:51 - [TEST_STEP][PASSED] - takeFullPageScreenshotAsCheckpoint(userDir + sprint4WebScreenshootPath + "scenario-1-masuk-submenu-surat-keterangan-domisili.png"): Taking screenshot successfully

2022-03-28 12:59:52 - [MESSAGE][INFO] - 0 hidden object(s)

2022-03-28 12:59:52 - [MESSAGE][PASSED] - Taking screenshot successfully
[[ATTACHMENT|C:\Users\elanf\git\BCAF_MEAPP_i3\Screenshoot\Sprint4\Web\keyes\keyes-scenario-1-masuk-submenu-surat-keterangan-domisili.png]]

2022-03-28 12:59:52 - [TEST_STEP][PASSED] - markPassed("scenario 1 - Masuk submenu surat keterangan domisili"): scenario 1 - Masuk submenu surat keterangan domisili

2022-03-28 12:59:52 - [MESSAGE][PASSED] - scenario 1 - Masuk submenu surat keterangan domisili

2022-03-28 12:59:52 - [TEST_STEP][PASSED] - delay(1): Delayed 1 second(s)

2022-03-28 12:59:53 - [MESSAGE][PASSED] - Delayed 1 second(s)

2022-03-28 12:59:53 - [TEST_STEP][PASSED] - click(findTestObject("Object Repository/Input_Corporate/Input_Konsumen/button_Capture_Domisili"), OPTIONAL): Object: 'Object Repository/Input_Corporate/Input_Konsumen/button_Capture_Domisili' is clicked on

2022-03-28 12:59:53 - [MESSAGE][PASSED] - Object: 'Object Repository/Input_Corporate/Input_Konsumen/button_Capture_Domisili' is clicked on

2022-03-28 12:59:53 - [TEST_STEP][PASSED] - delay(1): Delayed 1 second(s)

2022-03-28 12:59:54 - [MESSAGE][PASSED] - Delayed 1 second(s)

2022-03-28 12:59:54 - [TEST_STEP][PASSED] - uploadFile(findTestObject("Input_Corporate/Capture_"), userDir + cobaKTP, OPTIONAL): File 'C:/Users/elanf/git/BCAF_MEAPP_i3/Assets/ktp_dummy.png' sent to object: 'Object Repository/Input_Corporate/Capture_'

2022-03-28 12:59:55 - [MESSAGE][PASSED] - File 'C:/Users/elanf/git/BCAF_MEAPP_i3/Assets/ktp_dummy.png' sent to object: 'Object Repository/Input_Corporate/Capture_'

2022-03-28 12:59:55 - [TEST_STEP][PASSED] - delay(1): Delayed 1 second(s)

2022-03-28 12:59:56 - [MESSAGE][PASSED] - Delayed 1 second(s)

2022-03-28 12:59:56 - [TEST_STEP][PASSED] - takeFullPageScreenshotAsCheckpoint(userDir + sprint4WebScreenshootPath + "scenario-1-capture-surat-keterangan-domisili-berhasil.png"): Taking screenshot successfully

2022-03-28 12:59:56 - [MESSAGE][INFO] - 0 hidden object(s)

2022-03-28 12:59:57 - [MESSAGE][PASSED] - Taking screenshot successfully
[[ATTACHMENT|C:\Users\elanf\git\BCAF_MEAPP_i3\Screenshoot\Sprint4\Web\keyes\keyes-scenario-1-capture-surat-keterangan-domisili-berhasil.png]]

2022-03-28 12:59:57 - [TEST_STEP][PASSED] - markPassed("scenario 1 - Capture surat keterangan domisili berhasil"): scenario 1 - Capture surat keterangan domisili berhasil

2022-03-28 12:59:57 - [MESSAGE][PASSED] - scenario 1 - Capture surat keterangan domisili berhasil

2022-03-28 12:59:57 - [TEST_STEP][PASSED] - delay(1): Delayed 1 second(s)

2022-03-28 12:59:58 - [MESSAGE][PASSED] - Delayed 1 second(s)

2022-03-28 12:59:58 - [TEST_STEP][PASSED] - click(findTestObject("Object Repository/Input_Corporate/Input_Konsumen/button_FAP"), OPTIONAL): Object: 'Object Repository/Input_Corporate/Input_Konsumen/button_FAP' is clicked on

2022-03-28 12:59:58 - [MESSAGE][PASSED] - Object: 'Object Repository/Input_Corporate/Input_Konsumen/button_FAP' is clicked on

2022-03-28 12:59:58 - [TEST_STEP][PASSED] - delay(1): Delayed 1 second(s)

2022-03-28 12:59:59 - [MESSAGE][PASSED] - Delayed 1 second(s)

2022-03-28 12:59:59 - [TEST_STEP][PASSED] - takeFullPageScreenshotAsCheckpoint(userDir + sprint4WebScreenshootPath + "scenario-1-Masuk-submenu-FAP.png"): Taking screenshot successfully

2022-03-28 13:00:00 - [MESSAGE][INFO] - 0 hidden object(s)

2022-03-28 13:00:01 - [MESSAGE][PASSED] - Taking screenshot successfully
[[ATTACHMENT|C:\Users\elanf\git\BCAF_MEAPP_i3\Screenshoot\Sprint4\Web\keyes\keyes-scenario-1-Masuk-submenu-FAP.png]]

2022-03-28 13:00:01 - [TEST_STEP][PASSED] - markPassed("scenario 1 - Masuk submenu FAP"): scenario 1 - Masuk submenu FAP

2022-03-28 13:00:01 - [MESSAGE][PASSED] - scenario 1 - Masuk submenu FAP

2022-03-28 13:00:01 - [TEST_STEP][PASSED] - delay(1): Delayed 1 second(s)

2022-03-28 13:00:02 - [MESSAGE][PASSED] - Delayed 1 second(s)

2022-03-28 13:00:02 - [TEST_STEP][PASSED] - click(findTestObject("Object Repository/Input_Corporate/Input_Konsumen/a_Add Capture_FAP"), OPTIONAL): Object: 'Object Repository/Input_Corporate/Input_Konsumen/a_Add Capture_FAP' is clicked on

2022-03-28 13:00:02 - [MESSAGE][PASSED] - Object: 'Object Repository/Input_Corporate/Input_Konsumen/a_Add Capture_FAP' is clicked on

2022-03-28 13:00:02 - [TEST_STEP][PASSED] - delay(1): Delayed 1 second(s)

2022-03-28 13:00:03 - [MESSAGE][PASSED] - Delayed 1 second(s)

2022-03-28 13:00:03 - [TEST_STEP][PASSED] - uploadFile(findTestObject("Input_Corporate/Capture_"), userDir + cobaKTP, OPTIONAL): File 'C:/Users/elanf/git/BCAF_MEAPP_i3/Assets/ktp_dummy.png' sent to object: 'Object Repository/Input_Corporate/Capture_'

2022-03-28 13:00:03 - [MESSAGE][PASSED] - File 'C:/Users/elanf/git/BCAF_MEAPP_i3/Assets/ktp_dummy.png' sent to object: 'Object Repository/Input_Corporate/Capture_'

2022-03-28 13:00:03 - [TEST_STEP][PASSED] - delay(1): Delayed 1 second(s)

2022-03-28 13:00:04 - [MESSAGE][PASSED] - Delayed 1 second(s)

2022-03-28 13:00:04 - [TEST_STEP][PASSED] - setText(findTestObject("Object Repository/Input_Corporate/Input_Konsumen/input_Jenis Usaha_form-control ng-untouched ng-pristine ng-invalid"), konsumen_jenisUsaha, OPTIONAL): Text 'Kontruksi' is set on object 'Object Repository/Input_Corporate/Input_Konsumen/input_Jenis Usaha_form-control ng-untouched ng-pristine ng-invalid'

2022-03-28 13:00:05 - [MESSAGE][PASSED] - Text 'Kontruksi' is set on object 'Object Repository/Input_Corporate/Input_Konsumen/input_Jenis Usaha_form-control ng-untouched ng-pristine ng-invalid'

2022-03-28 13:00:05 - [TEST_STEP][PASSED] - delay(1): Delayed 1 second(s)

2022-03-28 13:00:06 - [MESSAGE][PASSED] - Delayed 1 second(s)

2022-03-28 13:00:06 - [TEST_STEP][PASSED] - setText(findTestObject("Object Repository/Input_Corporate/Input_Konsumen/input_Economy Code_form-control bcaf-autocomplete ng-untouched ng-pristine ng-invalid"), konsumen_economyCode, OPTIONAL): Text '010103' is set on object 'Object Repository/Input_Corporate/Input_Konsumen/input_Economy Code_form-control bcaf-autocomplete ng-untouched ng-pristine ng-invalid'

2022-03-28 13:00:07 - [MESSAGE][PASSED] - Text '010103' is set on object 'Object Repository/Input_Corporate/Input_Konsumen/input_Economy Code_form-control bcaf-autocomplete ng-untouched ng-pristine ng-invalid'

2022-03-28 13:00:07 - [TEST_STEP][PASSED] - delay(1): Delayed 1 second(s)

2022-03-28 13:00:08 - [MESSAGE][PASSED] - Delayed 1 second(s)

2022-03-28 13:00:08 - [TEST_STEP][PASSED] - waitForElementPresent(findTestObject("Object Repository/Input_Corporate/Input_Konsumen/li_010103 Pertanian  Kehutanan-Pertanian  Pupuk-Importir"), 100, OPTIONAL): Object 'Object Repository/Input_Corporate/Input_Konsumen/li_010103 Pertanian  Kehutanan-Pertanian  Pupuk-Importir' is present

2022-03-28 13:00:08 - [MESSAGE][PASSED] - Object 'Object Repository/Input_Corporate/Input_Konsumen/li_010103 Pertanian  Kehutanan-Pertanian  Pupuk-Importir' is present

2022-03-28 13:00:08 - [TEST_STEP][PASSED] - delay(1): Delayed 1 second(s)

2022-03-28 13:00:09 - [MESSAGE][PASSED] - Delayed 1 second(s)

2022-03-28 13:00:09 - [TEST_STEP][PASSED] - click(findTestObject("Object Repository/Input_Corporate/Input_Konsumen/li_010103 Pertanian  Kehutanan-Pertanian  Pupuk-Importir"), OPTIONAL): Object: 'Object Repository/Input_Corporate/Input_Konsumen/li_010103 Pertanian  Kehutanan-Pertanian  Pupuk-Importir' is clicked on

2022-03-28 13:00:10 - [MESSAGE][PASSED] - Object: 'Object Repository/Input_Corporate/Input_Konsumen/li_010103 Pertanian  Kehutanan-Pertanian  Pupuk-Importir' is clicked on

2022-03-28 13:00:10 - [TEST_STEP][PASSED] - delay(1): Delayed 1 second(s)

2022-03-28 13:00:11 - [MESSAGE][PASSED] - Delayed 1 second(s)

2022-03-28 13:00:11 - [TEST_STEP][PASSED] - setText(findTestObject("Object Repository/Input_Corporate/Input_Konsumen/input_Kode Lokasi Proyek_form"), konsumen_kodeLokasi, OPTIONAL): Text '1213' is set on object 'Object Repository/Input_Corporate/Input_Konsumen/input_Kode Lokasi Proyek_form'

2022-03-28 13:00:11 - [MESSAGE][PASSED] - Text '1213' is set on object 'Object Repository/Input_Corporate/Input_Konsumen/input_Kode Lokasi Proyek_form'

2022-03-28 13:00:11 - [TEST_STEP][PASSED] - delay(1): Delayed 1 second(s)

2022-03-28 13:00:12 - [MESSAGE][PASSED] - Delayed 1 second(s)

2022-03-28 13:00:12 - [TEST_STEP][PASSED] - waitForElementPresent(findTestObject("Object Repository/Input_Corporate/Input_Konsumen/li_1213 - MALANG,KAB"), 100, OPTIONAL): Object 'Object Repository/Input_Corporate/Input_Konsumen/li_1213 - MALANG,KAB' is present

2022-03-28 13:00:13 - [MESSAGE][PASSED] - Object 'Object Repository/Input_Corporate/Input_Konsumen/li_1213 - MALANG,KAB' is present

2022-03-28 13:00:13 - [TEST_STEP][PASSED] - delay(1): Delayed 1 second(s)

2022-03-28 13:00:14 - [MESSAGE][PASSED] - Delayed 1 second(s)

2022-03-28 13:00:14 - [TEST_STEP][PASSED] - click(findTestObject("Object Repository/Input_Corporate/Input_Konsumen/li_1213 - MALANG,KAB"), OPTIONAL): Object: 'Object Repository/Input_Corporate/Input_Konsumen/li_1213 - MALANG,KAB' is clicked on

2022-03-28 13:00:14 - [MESSAGE][PASSED] - Object: 'Object Repository/Input_Corporate/Input_Konsumen/li_1213 - MALANG,KAB' is clicked on

2022-03-28 13:00:14 - [TEST_STEP][PASSED] - delay(1): Delayed 1 second(s)

2022-03-28 13:00:15 - [MESSAGE][PASSED] - Delayed 1 second(s)

2022-03-28 13:00:15 - [TEST_STEP][PASSED] - setText(findTestObject("Object Repository/Input_Corporate/Input_Konsumen/input_Berdiri Sejak Tahun_form-control ng-untouched ng-pristine ng-invalid"), konsumen_tahunBerdiri, OPTIONAL): Text '1995' is set on object 'Object Repository/Input_Corporate/Input_Konsumen/input_Berdiri Sejak Tahun_form-control ng-untouched ng-pristine ng-invalid'

2022-03-28 13:00:16 - [MESSAGE][PASSED] - Text '1995' is set on object 'Object Repository/Input_Corporate/Input_Konsumen/input_Berdiri Sejak Tahun_form-control ng-untouched ng-pristine ng-invalid'

2022-03-28 13:00:16 - [TEST_STEP][PASSED] - delay(1): Delayed 1 second(s)

2022-03-28 13:00:17 - [MESSAGE][PASSED] - Delayed 1 second(s)

2022-03-28 13:00:17 - [TEST_STEP][PASSED] - setText(findTestObject("Object Repository/Input_Corporate/Input_Konsumen/input_Omzet Usaha per Tahun_form-control text-right ng-untouched ng-pristine ng-invalid"), konsumen_omzetUsaha, OPTIONAL): Text '10000000000' is set on object 'Object Repository/Input_Corporate/Input_Konsumen/input_Omzet Usaha per Tahun_form-control text-right ng-untouched ng-pristine ng-invalid'

2022-03-28 13:00:18 - [MESSAGE][PASSED] - Text '10000000000' is set on object 'Object Repository/Input_Corporate/Input_Konsumen/input_Omzet Usaha per Tahun_form-control text-right ng-untouched ng-pristine ng-invalid'

2022-03-28 13:00:18 - [TEST_STEP][PASSED] - delay(1): Delayed 1 second(s)

2022-03-28 13:00:19 - [MESSAGE][PASSED] - Delayed 1 second(s)

2022-03-28 13:00:19 - [TEST_STEP][PASSED] - setText(findTestObject("Object Repository/Input_Corporate/Input_Konsumen/input_No. Rekening BCA_form-control ng-untouched ng-pristine ng-valid"), konsumen_noRekBCA, OPTIONAL): Text '413514512' is set on object 'Object Repository/Input_Corporate/Input_Konsumen/input_No. Rekening BCA_form-control ng-untouched ng-pristine ng-valid'

2022-03-28 13:00:19 - [MESSAGE][PASSED] - Text '413514512' is set on object 'Object Repository/Input_Corporate/Input_Konsumen/input_No. Rekening BCA_form-control ng-untouched ng-pristine ng-valid'

2022-03-28 13:00:19 - [TEST_STEP][PASSED] - delay(1): Delayed 1 second(s)

2022-03-28 13:00:20 - [MESSAGE][PASSED] - Delayed 1 second(s)

2022-03-28 13:00:20 - [TEST_STEP][PASSED] - setText(findTestObject("Object Repository/Input_Corporate/Input_Konsumen/input_Alamat Perusahaan_form-control ng-untouched ng-pristine ng-invalid"), konsumen_alamatPT, OPTIONAL): Text 'Jakarta, No. 45' is set on object 'Object Repository/Input_Corporate/Input_Konsumen/input_Alamat Perusahaan_form-control ng-untouched ng-pristine ng-invalid'

2022-03-28 13:00:21 - [MESSAGE][PASSED] - Text 'Jakarta, No. 45' is set on object 'Object Repository/Input_Corporate/Input_Konsumen/input_Alamat Perusahaan_form-control ng-untouched ng-pristine ng-invalid'

2022-03-28 13:00:21 - [TEST_STEP][PASSED] - delay(1): Delayed 1 second(s)

2022-03-28 13:00:22 - [MESSAGE][PASSED] - Delayed 1 second(s)

2022-03-28 13:00:22 - [TEST_STEP][PASSED] - setText(findTestObject("Object Repository/Input_Corporate/Input_Konsumen/input_Provinsi_form-control bcaf-autocomplete ng-untouched ng-pristine ng-invalid"), konsumen_provinsi, OPTIONAL): Text 'JAWA TIMUR' is set on object 'Object Repository/Input_Corporate/Input_Konsumen/input_Provinsi_form-control bcaf-autocomplete ng-untouched ng-pristine ng-invalid'

2022-03-28 13:00:23 - [MESSAGE][PASSED] - Text 'JAWA TIMUR' is set on object 'Object Repository/Input_Corporate/Input_Konsumen/input_Provinsi_form-control bcaf-autocomplete ng-untouched ng-pristine ng-invalid'

2022-03-28 13:00:23 - [TEST_STEP][PASSED] - delay(1): Delayed 1 second(s)

2022-03-28 13:00:24 - [MESSAGE][PASSED] - Delayed 1 second(s)

2022-03-28 13:00:24 - [TEST_STEP][PASSED] - waitForElementPresent(findTestObject("Object Repository/Input_Corporate/Input_Konsumen/li_JAWA TIMUR"), 100, OPTIONAL): Object 'Object Repository/Input_Corporate/Input_Konsumen/li_JAWA TIMUR' is present

2022-03-28 13:00:24 - [MESSAGE][PASSED] - Object 'Object Repository/Input_Corporate/Input_Konsumen/li_JAWA TIMUR' is present

2022-03-28 13:00:24 - [TEST_STEP][PASSED] - delay(1): Delayed 1 second(s)

2022-03-28 13:00:25 - [MESSAGE][PASSED] - Delayed 1 second(s)

2022-03-28 13:00:25 - [TEST_STEP][PASSED] - click(findTestObject("Object Repository/Input_Corporate/Input_Konsumen/li_JAWA TIMUR"), OPTIONAL): Object: 'Object Repository/Input_Corporate/Input_Konsumen/li_JAWA TIMUR' is clicked on

2022-03-28 13:00:26 - [MESSAGE][PASSED] - Object: 'Object Repository/Input_Corporate/Input_Konsumen/li_JAWA TIMUR' is clicked on

2022-03-28 13:00:26 - [TEST_STEP][PASSED] - delay(1): Delayed 1 second(s)

2022-03-28 13:00:27 - [MESSAGE][PASSED] - Delayed 1 second(s)

2022-03-28 13:00:27 - [TEST_STEP][PASSED] - setText(findTestObject("Object Repository/Input_Corporate/Input_Konsumen/input_KabKota_form-control bcaf-autocomplete ng-untouched ng-pristine ng-invalid"), konsumen_kabKota, OPTIONAL): Text 'Malang' is set on object 'Object Repository/Input_Corporate/Input_Konsumen/input_KabKota_form-control bcaf-autocomplete ng-untouched ng-pristine ng-invalid'

2022-03-28 13:00:27 - [MESSAGE][PASSED] - Text 'Malang' is set on object 'Object Repository/Input_Corporate/Input_Konsumen/input_KabKota_form-control bcaf-autocomplete ng-untouched ng-pristine ng-invalid'

2022-03-28 13:00:27 - [TEST_STEP][PASSED] - delay(1): Delayed 1 second(s)

2022-03-28 13:00:28 - [MESSAGE][PASSED] - Delayed 1 second(s)

2022-03-28 13:00:28 - [TEST_STEP][PASSED] - waitForElementPresent(findTestObject("Object Repository/Input_Corporate/Input_Konsumen/li_MALANG"), 100, OPTIONAL): Object 'Object Repository/Input_Corporate/Input_Konsumen/li_MALANG' is present

2022-03-28 13:00:29 - [MESSAGE][PASSED] - Object 'Object Repository/Input_Corporate/Input_Konsumen/li_MALANG' is present

2022-03-28 13:00:29 - [TEST_STEP][PASSED] - delay(1): Delayed 1 second(s)

2022-03-28 13:00:30 - [MESSAGE][PASSED] - Delayed 1 second(s)

2022-03-28 13:00:30 - [TEST_STEP][PASSED] - click(findTestObject("Object Repository/Input_Corporate/Input_Konsumen/li_MALANG"), OPTIONAL): Object: 'Object Repository/Input_Corporate/Input_Konsumen/li_MALANG' is clicked on

2022-03-28 13:00:30 - [MESSAGE][PASSED] - Object: 'Object Repository/Input_Corporate/Input_Konsumen/li_MALANG' is clicked on

2022-03-28 13:00:30 - [TEST_STEP][PASSED] - delay(1): Delayed 1 second(s)

2022-03-28 13:00:31 - [MESSAGE][PASSED] - Delayed 1 second(s)

2022-03-28 13:00:31 - [TEST_STEP][PASSED] - setText(findTestObject("Object Repository/Input_Corporate/Input_Konsumen/input_Kecamatan_form-control bcaf-autocomplete ng-untouched ng-pristine ng-invalid"), konsumen_kecamantan, OPTIONAL): Text 'lowokwaru' is set on object 'Object Repository/Input_Corporate/Input_Konsumen/input_Kecamatan_form-control bcaf-autocomplete ng-untouched ng-pristine ng-invalid'

2022-03-28 13:00:32 - [MESSAGE][PASSED] - Text 'lowokwaru' is set on object 'Object Repository/Input_Corporate/Input_Konsumen/input_Kecamatan_form-control bcaf-autocomplete ng-untouched ng-pristine ng-invalid'

2022-03-28 13:00:32 - [TEST_STEP][PASSED] - delay(1): Delayed 1 second(s)

2022-03-28 13:00:33 - [MESSAGE][PASSED] - Delayed 1 second(s)

2022-03-28 13:00:33 - [TEST_STEP][PASSED] - waitForElementPresent(findTestObject("Object Repository/Input_Corporate/Input_Konsumen/li_LOWOKWARU"), 0, OPTIONAL): Object 'Object Repository/Input_Corporate/Input_Konsumen/li_LOWOKWARU' is present

2022-03-28 13:00:33 - [MESSAGE][WARNING] - Timeout '0' is invalid. Using default page load timeout: '30'

2022-03-28 13:00:33 - [MESSAGE][PASSED] - Object 'Object Repository/Input_Corporate/Input_Konsumen/li_LOWOKWARU' is present

2022-03-28 13:00:33 - [TEST_STEP][PASSED] - delay(1): Delayed 1 second(s)

2022-03-28 13:00:34 - [MESSAGE][PASSED] - Delayed 1 second(s)

2022-03-28 13:00:34 - [TEST_STEP][PASSED] - click(findTestObject("Object Repository/Input_Corporate/Input_Konsumen/li_LOWOKWARU"), OPTIONAL): Object: 'Object Repository/Input_Corporate/Input_Konsumen/li_LOWOKWARU' is clicked on

2022-03-28 13:00:34 - [MESSAGE][PASSED] - Object: 'Object Repository/Input_Corporate/Input_Konsumen/li_LOWOKWARU' is clicked on

2022-03-28 13:00:34 - [TEST_STEP][PASSED] - delay(1): Delayed 1 second(s)

2022-03-28 13:00:35 - [MESSAGE][PASSED] - Delayed 1 second(s)

2022-03-28 13:00:35 - [TEST_STEP][PASSED] - setText(findTestObject("Object Repository/Input_Corporate/Input_Konsumen/input_Kelurahan_form-control bcaf-autocomplete ng-untouched ng-pristine ng-invalid"), konsumen_kelurahan, OPTIONAL): Text 'ketawanggede' is set on object 'Object Repository/Input_Corporate/Input_Konsumen/input_Kelurahan_form-control bcaf-autocomplete ng-untouched ng-pristine ng-invalid'

2022-03-28 13:00:36 - [MESSAGE][PASSED] - Text 'ketawanggede' is set on object 'Object Repository/Input_Corporate/Input_Konsumen/input_Kelurahan_form-control bcaf-autocomplete ng-untouched ng-pristine ng-invalid'

2022-03-28 13:00:36 - [TEST_STEP][PASSED] - delay(1): Delayed 1 second(s)

2022-03-28 13:00:37 - [MESSAGE][PASSED] - Delayed 1 second(s)

2022-03-28 13:00:37 - [TEST_STEP][PASSED] - waitForElementPresent(findTestObject("Object Repository/Input_Corporate/Input_Konsumen/li_KETAWANGGEDE"), 100, OPTIONAL): Object 'Object Repository/Input_Corporate/Input_Konsumen/li_KETAWANGGEDE' is present

2022-03-28 13:00:38 - [MESSAGE][PASSED] - Object 'Object Repository/Input_Corporate/Input_Konsumen/li_KETAWANGGEDE' is present

2022-03-28 13:00:38 - [TEST_STEP][PASSED] - delay(1): Delayed 1 second(s)

2022-03-28 13:00:39 - [MESSAGE][PASSED] - Delayed 1 second(s)

2022-03-28 13:00:39 - [TEST_STEP][PASSED] - click(findTestObject("Object Repository/Input_Corporate/Input_Konsumen/li_KETAWANGGEDE"), OPTIONAL): Object: 'Object Repository/Input_Corporate/Input_Konsumen/li_KETAWANGGEDE' is clicked on

2022-03-28 13:00:39 - [MESSAGE][PASSED] - Object: 'Object Repository/Input_Corporate/Input_Konsumen/li_KETAWANGGEDE' is clicked on

2022-03-28 13:00:39 - [TEST_STEP][PASSED] - delay(1): Delayed 1 second(s)

2022-03-28 13:00:40 - [MESSAGE][PASSED] - Delayed 1 second(s)

2022-03-28 13:00:40 - [TEST_STEP][PASSED] - setText(findTestObject("Object Repository/Input_Corporate/Input_Konsumen/input_Kode Pos_form-control bcaf-autocomplete ng-untouched ng-pristine ng-invalid"), konsumen_kodePos, OPTIONAL): Text '65145' is set on object 'Object Repository/Input_Corporate/Input_Konsumen/input_Kode Pos_form-control bcaf-autocomplete ng-untouched ng-pristine ng-invalid'

2022-03-28 13:00:41 - [MESSAGE][PASSED] - Text '65145' is set on object 'Object Repository/Input_Corporate/Input_Konsumen/input_Kode Pos_form-control bcaf-autocomplete ng-untouched ng-pristine ng-invalid'

2022-03-28 13:00:41 - [TEST_STEP][PASSED] - delay(1): Delayed 1 second(s)

2022-03-28 13:00:42 - [MESSAGE][PASSED] - Delayed 1 second(s)

2022-03-28 13:00:42 - [TEST_STEP][PASSED] - waitForElementPresent(findTestObject("Object Repository/Input_Corporate/Input_Konsumen/li_65145"), 100, OPTIONAL): Object 'Object Repository/Input_Corporate/Input_Konsumen/li_65145' is present

2022-03-28 13:00:42 - [MESSAGE][PASSED] - Object 'Object Repository/Input_Corporate/Input_Konsumen/li_65145' is present

2022-03-28 13:00:42 - [TEST_STEP][PASSED] - delay(1): Delayed 1 second(s)

2022-03-28 13:00:43 - [MESSAGE][PASSED] - Delayed 1 second(s)

2022-03-28 13:00:43 - [TEST_STEP][PASSED] - click(findTestObject("Object Repository/Input_Corporate/Input_Konsumen/li_65145"), OPTIONAL): Object: 'Object Repository/Input_Corporate/Input_Konsumen/li_65145' is clicked on

2022-03-28 13:00:43 - [MESSAGE][PASSED] - Object: 'Object Repository/Input_Corporate/Input_Konsumen/li_65145' is clicked on

2022-03-28 13:00:43 - [TEST_STEP][PASSED] - delay(1): Delayed 1 second(s)

2022-03-28 13:00:44 - [MESSAGE][PASSED] - Delayed 1 second(s)

2022-03-28 13:00:44 - [TEST_STEP][PASSED] - takeFullPageScreenshotAsCheckpoint(userDir + sprint4WebScreenshootPath + "scenario-1-Input-data-FAP.png"): Taking screenshot successfully

2022-03-28 13:00:46 - [MESSAGE][INFO] - 0 hidden object(s)

2022-03-28 13:00:46 - [MESSAGE][PASSED] - Taking screenshot successfully
[[ATTACHMENT|C:\Users\elanf\git\BCAF_MEAPP_i3\Screenshoot\Sprint4\Web\keyes\keyes-scenario-1-Input-data-FAP.png]]

2022-03-28 13:00:46 - [TEST_STEP][PASSED] - markPassed("scenario 1 - Input data FAP"): scenario 1 - Input data FAP

2022-03-28 13:00:46 - [MESSAGE][PASSED] - scenario 1 - Input data FAP

2022-03-28 13:00:46 - [TEST_STEP][PASSED] - delay(1): Delayed 1 second(s)

2022-03-28 13:00:47 - [MESSAGE][PASSED] - Delayed 1 second(s)

2022-03-28 13:00:47 - [TEST_STEP][PASSED] - scrollToElement(findTestObject("Object Repository/Input_Corporate/Input_Konsumen/i_Fax 2_ri-arrow-right-line"), 60, OPTIONAL): Scroll to object 'Object Repository/Input_Corporate/Input_Konsumen/i_Fax 2_ri-arrow-right-line' successfully

2022-03-28 13:00:47 - [MESSAGE][PASSED] - Scroll to object 'Object Repository/Input_Corporate/Input_Konsumen/i_Fax 2_ri-arrow-right-line' successfully

2022-03-28 13:00:47 - [TEST_STEP][PASSED] - click(findTestObject("Object Repository/Input_Corporate/Input_Konsumen/input_Alamat Pengiriman Surat  Alamat Perusahaan_isAlamatPengirimanSurat"), OPTIONAL): Object: 'Object Repository/Input_Corporate/Input_Konsumen/input_Alamat Pengiriman Surat  Alamat Perusahaan_isAlamatPengirimanSurat' is clicked on

2022-03-28 13:00:48 - [MESSAGE][PASSED] - Object: 'Object Repository/Input_Corporate/Input_Konsumen/input_Alamat Pengiriman Surat  Alamat Perusahaan_isAlamatPengirimanSurat' is clicked on

2022-03-28 13:00:48 - [TEST_STEP][PASSED] - delay(1): Delayed 1 second(s)

2022-03-28 13:00:49 - [MESSAGE][PASSED] - Delayed 1 second(s)

2022-03-28 13:00:49 - [TEST_STEP][PASSED] - setText(findTestObject("Object Repository/Input_Corporate/Input_Konsumen/input_Email_form-control ng-untouched ng-pristine ng-valid"), konsumen_email, OPTIONAL): Text 'contoh@gmail.com' is set on object 'Object Repository/Input_Corporate/Input_Konsumen/input_Email_form-control ng-untouched ng-pristine ng-valid'

2022-03-28 13:00:49 - [MESSAGE][PASSED] - Text 'contoh@gmail.com' is set on object 'Object Repository/Input_Corporate/Input_Konsumen/input_Email_form-control ng-untouched ng-pristine ng-valid'

2022-03-28 13:00:49 - [TEST_STEP][PASSED] - delay(1): Delayed 1 second(s)

2022-03-28 13:00:50 - [MESSAGE][PASSED] - Delayed 1 second(s)

2022-03-28 13:00:50 - [TEST_STEP][PASSED] - setText(findTestObject("Object Repository/Input_Corporate/Input_Konsumen/input_Telepon 1_form-control ng-untouched ng-pristine ng-valid"), konsumen_telepon1, OPTIONAL): Text '089773662555' is set on object 'Object Repository/Input_Corporate/Input_Konsumen/input_Telepon 1_form-control ng-untouched ng-pristine ng-valid'

2022-03-28 13:00:51 - [MESSAGE][PASSED] - Text '089773662555' is set on object 'Object Repository/Input_Corporate/Input_Konsumen/input_Telepon 1_form-control ng-untouched ng-pristine ng-valid'

2022-03-28 13:00:51 - [TEST_STEP][PASSED] - delay(1): Delayed 1 second(s)

2022-03-28 13:00:52 - [MESSAGE][PASSED] - Delayed 1 second(s)

2022-03-28 13:00:52 - [TEST_STEP][PASSED] - takeFullPageScreenshotAsCheckpoint(userDir + sprint4WebScreenshootPath + "scenario-1-Input-data-alamat-pengirim-surat.png"): Taking screenshot successfully

2022-03-28 13:00:53 - [MESSAGE][INFO] - 0 hidden object(s)

2022-03-28 13:00:54 - [MESSAGE][PASSED] - Taking screenshot successfully
[[ATTACHMENT|C:\Users\elanf\git\BCAF_MEAPP_i3\Screenshoot\Sprint4\Web\keyes\keyes-scenario-1-Input-data-alamat-pengirim-surat.png]]

2022-03-28 13:00:54 - [TEST_STEP][PASSED] - markPassed("scenario 1 - Input data alamat pengirim surat"): scenario 1 - Input data alamat pengirim surat

2022-03-28 13:00:54 - [MESSAGE][PASSED] - scenario 1 - Input data alamat pengirim surat

2022-03-28 13:00:54 - [TEST_STEP][PASSED] - scrollToPosition(0, 0, OPTIONAL): Browser is scrolled to position x = 0, y = 0

2022-03-28 13:00:54 - [MESSAGE][PASSED] - Browser is scrolled to position x = 0, y = 0

2022-03-28 13:00:54 - [TEST_STEP][PASSED] - delay(2): Delayed 2 second(s)

2022-03-28 13:00:56 - [MESSAGE][PASSED] - Delayed 2 second(s)

2022-03-28 13:00:56 - [TEST_STEP][PASSED] - delay(1): Delayed 1 second(s)

2022-03-28 13:00:57 - [MESSAGE][PASSED] - Delayed 1 second(s)

2022-03-28 13:00:57 - [TEST_STEP][PASSED] - click(findTestObject("Input_Corporate/Pengurus/1_a_Pengurus"), OPTIONAL): Object: 'Object Repository/Input_Corporate/Pengurus/1_a_Pengurus' is clicked on

2022-03-28 13:00:57 - [MESSAGE][PASSED] - Object: 'Object Repository/Input_Corporate/Pengurus/1_a_Pengurus' is clicked on

2022-03-28 13:00:57 - [TEST_STEP][PASSED] - delay(1): Delayed 1 second(s)

2022-03-28 13:00:58 - [MESSAGE][PASSED] - Delayed 1 second(s)

2022-03-28 13:00:58 - [TEST_STEP][PASSED] - takeFullPageScreenshotAsCheckpoint(userDir + sprint4WebScreenshootPath + "scenario-1-Input-data-pengurus.png"): Taking screenshot successfully

2022-03-28 13:00:59 - [MESSAGE][INFO] - 0 hidden object(s)

2022-03-28 13:00:59 - [MESSAGE][PASSED] - Taking screenshot successfully
[[ATTACHMENT|C:\Users\elanf\git\BCAF_MEAPP_i3\Screenshoot\Sprint4\Web\keyes\keyes-scenario-1-Input-data-pengurus.png]]

2022-03-28 13:00:59 - [TEST_STEP][PASSED] - markPassed("scenario 1 - Input data pengurus"): scenario 1 - Input data pengurus

2022-03-28 13:00:59 - [MESSAGE][PASSED] - scenario 1 - Input data pengurus

2022-03-28 13:00:59 - [TEST_STEP][PASSED] - delay(1): Delayed 1 second(s)

2022-03-28 13:01:00 - [MESSAGE][PASSED] - Delayed 1 second(s)

2022-03-28 13:01:00 - [TEST_STEP][PASSED] - click(findTestObject("Input_Corporate/Pengurus/2_i_Add_ri-file-add-line ( Add_Pengurus )"), OPTIONAL): Object: 'Object Repository/Input_Corporate/Pengurus/2_i_Add_ri-file-add-line ( Add_Pengurus )' is clicked on

2022-03-28 13:01:00 - [MESSAGE][PASSED] - Object: 'Object Repository/Input_Corporate/Pengurus/2_i_Add_ri-file-add-line ( Add_Pengurus )' is clicked on

2022-03-28 13:01:00 - [TEST_STEP][PASSED] - delay(1): Delayed 1 second(s)

2022-03-28 13:01:01 - [MESSAGE][PASSED] - Delayed 1 second(s)

2022-03-28 13:01:01 - [TEST_STEP][PASSED] - click(findTestObject("Input_Corporate/Pengurus/3_button_Pengurus 1"), OPTIONAL): Object: 'Object Repository/Input_Corporate/Pengurus/3_button_Pengurus 1' is clicked on

2022-03-28 13:01:02 - [MESSAGE][PASSED] - Object: 'Object Repository/Input_Corporate/Pengurus/3_button_Pengurus 1' is clicked on

2022-03-28 13:01:02 - [TEST_STEP][PASSED] - delay(1): Delayed 1 second(s)

2022-03-28 13:01:03 - [MESSAGE][PASSED] - Delayed 1 second(s)

2022-03-28 13:01:03 - [TEST_STEP][PASSED] - takeFullPageScreenshotAsCheckpoint(userDir + sprint4WebScreenshootPath + "scenario-1-Masuk-submenu-data-pengurus-1.png"): Taking screenshot successfully

2022-03-28 13:01:03 - [MESSAGE][INFO] - 0 hidden object(s)

2022-03-28 13:01:04 - [MESSAGE][PASSED] - Taking screenshot successfully
[[ATTACHMENT|C:\Users\elanf\git\BCAF_MEAPP_i3\Screenshoot\Sprint4\Web\keyes\keyes-scenario-1-Masuk-submenu-data-pengurus-1.png]]

2022-03-28 13:01:04 - [TEST_STEP][PASSED] - markPassed("scenario 1 - Masuk submenu data pengurus 1"): scenario 1 - Masuk submenu data pengurus 1

2022-03-28 13:01:04 - [MESSAGE][PASSED] - scenario 1 - Masuk submenu data pengurus 1

2022-03-28 13:01:04 - [TEST_STEP][PASSED] - delay(1): Delayed 1 second(s)

2022-03-28 13:01:05 - [MESSAGE][PASSED] - Delayed 1 second(s)

2022-03-28 13:01:05 - [TEST_STEP][PASSED] - click(findTestObject("Input_Corporate/Pengurus/4_a_Capture File"), OPTIONAL): Object: 'Object Repository/Input_Corporate/Pengurus/4_a_Capture File' is clicked on

2022-03-28 13:01:05 - [MESSAGE][PASSED] - Object: 'Object Repository/Input_Corporate/Pengurus/4_a_Capture File' is clicked on

2022-03-28 13:01:05 - [TEST_STEP][PASSED] - delay(1): Delayed 1 second(s)

2022-03-28 13:01:06 - [MESSAGE][PASSED] - Delayed 1 second(s)

2022-03-28 13:01:06 - [TEST_STEP][PASSED] - uploadFile(findTestObject("Input_Corporate/Capture_"), userDir + cobaKTP, OPTIONAL): File 'C:/Users/elanf/git/BCAF_MEAPP_i3/Assets/ktp_dummy.png' sent to object: 'Object Repository/Input_Corporate/Capture_'

2022-03-28 13:01:06 - [MESSAGE][PASSED] - File 'C:/Users/elanf/git/BCAF_MEAPP_i3/Assets/ktp_dummy.png' sent to object: 'Object Repository/Input_Corporate/Capture_'

2022-03-28 13:01:06 - [TEST_STEP][PASSED] - delay(1): Delayed 1 second(s)

2022-03-28 13:01:07 - [MESSAGE][PASSED] - Delayed 1 second(s)

2022-03-28 13:01:07 - [TEST_STEP][PASSED] - waitForElementClickable(findTestObject("Input_Corporate/Pengurus/5_input_Name_form-control ng-untouched ng-pristine ng-invalid"), 300): Object 'Object Repository/Input_Corporate/Pengurus/5_input_Name_form-control ng-untouched ng-pristine ng-invalid' is clickable

2022-03-28 13:01:16 - [MESSAGE][PASSED] - Object 'Object Repository/Input_Corporate/Pengurus/5_input_Name_form-control ng-untouched ng-pristine ng-invalid' is clickable

2022-03-28 13:01:16 - [TEST_STEP][PASSED] - delay(1): Delayed 1 second(s)

2022-03-28 13:01:17 - [MESSAGE][PASSED] - Delayed 1 second(s)

2022-03-28 13:01:17 - [TEST_STEP][PASSED] - takeFullPageScreenshotAsCheckpoint(userDir + sprint4WebScreenshootPath + "scenario-1-Berhasil-input-otomatis-data-pengurus-berdasarkan-data-capture-ktp-pengurus-yang-di-capture.png"): Taking screenshot successfully

2022-03-28 13:01:18 - [MESSAGE][INFO] - 0 hidden object(s)

2022-03-28 13:01:19 - [MESSAGE][PASSED] - Taking screenshot successfully
[[ATTACHMENT|C:\Users\elanf\git\BCAF_MEAPP_i3\Screenshoot\Sprint4\Web\keyes\keyes-scenario-1-Berhasil-input-otomatis-data-pengurus-berdasarkan-data-capture-ktp-pengurus-yang-di-capture.png]]

2022-03-28 13:01:19 - [TEST_STEP][PASSED] - markPassed("scenario 1 - Berhasil input otomatis data pengurus berdasarkan data capture ktp pengurus yang di capture "): scenario 1 - Berhasil input otomatis data pengurus berdasarkan data capture ktp pengurus yang di capture 

2022-03-28 13:01:19 - [MESSAGE][PASSED] - scenario 1 - Berhasil input otomatis data pengurus berdasarkan data capture ktp pengurus yang di capture 

2022-03-28 13:01:19 - [TEST_STEP][PASSED] - delay(1): Delayed 1 second(s)

2022-03-28 13:01:20 - [MESSAGE][PASSED] - Delayed 1 second(s)

2022-03-28 13:01:20 - [TEST_STEP][PASSED] - setText(findTestObject("Input_Corporate/Pengurus/8_input_SID Pengurus_form-control ng-pristine ng-invalid is-invalid ng-touched"), pengurus_SID, OPTIONAL): Text '3345434656' is set on object 'Object Repository/Input_Corporate/Pengurus/8_input_SID Pengurus_form-control ng-pristine ng-invalid is-invalid ng-touched'

2022-03-28 13:01:20 - [MESSAGE][PASSED] - Text '3345434656' is set on object 'Object Repository/Input_Corporate/Pengurus/8_input_SID Pengurus_form-control ng-pristine ng-invalid is-invalid ng-touched'

2022-03-28 13:01:20 - [TEST_STEP][PASSED] - delay(1): Delayed 1 second(s)

2022-03-28 13:01:21 - [MESSAGE][PASSED] - Delayed 1 second(s)

2022-03-28 13:01:21 - [TEST_STEP][PASSED] - scrollToElement(findTestObject("Input_Corporate/Pengurus/2_i_Add_ri-file-add-line ( Add_Pengurus )"), 30, OPTIONAL): Scroll to object 'Object Repository/Input_Corporate/Pengurus/2_i_Add_ri-file-add-line ( Add_Pengurus )' successfully

2022-03-28 13:01:22 - [MESSAGE][PASSED] - Scroll to object 'Object Repository/Input_Corporate/Pengurus/2_i_Add_ri-file-add-line ( Add_Pengurus )' successfully

2022-03-28 13:01:22 - [TEST_STEP][PASSED] - delay(1): Delayed 1 second(s)

2022-03-28 13:01:23 - [MESSAGE][PASSED] - Delayed 1 second(s)

2022-03-28 13:01:23 - [TEST_STEP][PASSED] - setText(findTestObject("Input_Corporate/Pengurus/15_input_Kode Pos_form-control bcaf-autocomplete ng-pristine ng-invalid ng-touched"), pengurus_kodePos, OPTIONAL): Text '56643' is set on object 'Object Repository/Input_Corporate/Pengurus/15_input_Kode Pos_form-control bcaf-autocomplete ng-pristine ng-invalid ng-touched'

2022-03-28 13:01:23 - [MESSAGE][PASSED] - Text '56643' is set on object 'Object Repository/Input_Corporate/Pengurus/15_input_Kode Pos_form-control bcaf-autocomplete ng-pristine ng-invalid ng-touched'

2022-03-28 13:01:23 - [TEST_STEP][PASSED] - delay(1): Delayed 1 second(s)

2022-03-28 13:01:24 - [MESSAGE][PASSED] - Delayed 1 second(s)

2022-03-28 13:01:24 - [TEST_STEP][PASSED] - click(findTestObject("Input_Corporate/Pengurus/13_div_Pilih Role"), OPTIONAL): Object: 'Object Repository/Input_Corporate/Pengurus/13_div_Pilih Role' is clicked on

2022-03-28 13:01:25 - [MESSAGE][PASSED] - Object: 'Object Repository/Input_Corporate/Pengurus/13_div_Pilih Role' is clicked on

2022-03-28 13:01:25 - [TEST_STEP][PASSED] - delay(1): Delayed 1 second(s)

2022-03-28 13:01:26 - [MESSAGE][PASSED] - Delayed 1 second(s)

2022-03-28 13:01:26 - [TEST_STEP][PASSED] - setText(findTestObject("Input_Corporate/Pengurus/13_div_Pilih Role"), pengurus_role, OPTIONAL): Text 'not set' is set on object 'Object Repository/Input_Corporate/Pengurus/13_div_Pilih Role'

2022-03-28 13:01:27 - [MESSAGE][PASSED] - Text 'not set' is set on object 'Object Repository/Input_Corporate/Pengurus/13_div_Pilih Role'

2022-03-28 13:01:27 - [TEST_STEP][PASSED] - delay(1): Delayed 1 second(s)

2022-03-28 13:01:28 - [MESSAGE][PASSED] - Delayed 1 second(s)

2022-03-28 13:01:28 - [TEST_STEP][PASSED] - click(findTestObject("Input_Corporate/Pengurus/14_div_Not Set"), OPTIONAL): Object: 'Object Repository/Input_Corporate/Pengurus/14_div_Not Set' is clicked on

2022-03-28 13:01:28 - [MESSAGE][PASSED] - Object: 'Object Repository/Input_Corporate/Pengurus/14_div_Not Set' is clicked on

2022-03-28 13:01:28 - [TEST_STEP][PASSED] - delay(1): Delayed 1 second(s)

2022-03-28 13:01:29 - [MESSAGE][PASSED] - Delayed 1 second(s)

2022-03-28 13:01:29 - [TEST_STEP][PASSED] - click(findTestObject("Input_Corporate/Pengurus/21_div_Pilih Jabatan"), OPTIONAL): Object: 'Object Repository/Input_Corporate/Pengurus/21_div_Pilih Jabatan' is clicked on

2022-03-28 13:01:29 - [MESSAGE][PASSED] - Object: 'Object Repository/Input_Corporate/Pengurus/21_div_Pilih Jabatan' is clicked on

2022-03-28 13:01:29 - [TEST_STEP][PASSED] - delay(1): Delayed 1 second(s)

2022-03-28 13:01:30 - [MESSAGE][PASSED] - Delayed 1 second(s)

2022-03-28 13:01:30 - [TEST_STEP][PASSED] - setText(findTestObject("Object Repository/Input_Corporate/Pengurus/21_div_Pilih Jabatan"), pengurus_jabatan, OPTIONAL): Text 'komisaris utama' is set on object 'Object Repository/Input_Corporate/Pengurus/21_div_Pilih Jabatan'

2022-03-28 13:01:31 - [MESSAGE][PASSED] - Text 'komisaris utama' is set on object 'Object Repository/Input_Corporate/Pengurus/21_div_Pilih Jabatan'

2022-03-28 13:01:31 - [TEST_STEP][PASSED] - delay(1): Delayed 1 second(s)

2022-03-28 13:01:32 - [MESSAGE][PASSED] - Delayed 1 second(s)

2022-03-28 13:01:32 - [TEST_STEP][PASSED] - click(findTestObject("Input_Corporate/Pengurus/22_span_Komisaris Utama"), OPTIONAL): Object: 'Object Repository/Input_Corporate/Pengurus/22_span_Komisaris Utama' is clicked on

2022-03-28 13:01:33 - [MESSAGE][PASSED] - Object: 'Object Repository/Input_Corporate/Pengurus/22_span_Komisaris Utama' is clicked on

2022-03-28 13:01:33 - [TEST_STEP][PASSED] - takeFullPageScreenshotAsCheckpoint(userDir + sprint4WebScreenshootPath + "scenario-1-Berhasil-input-otomatis-data-pengurus-1.png"): Taking screenshot successfully

2022-03-28 13:01:33 - [MESSAGE][INFO] - 0 hidden object(s)

2022-03-28 13:01:34 - [MESSAGE][PASSED] - Taking screenshot successfully
[[ATTACHMENT|C:\Users\elanf\git\BCAF_MEAPP_i3\Screenshoot\Sprint4\Web\keyes\keyes-scenario-1-Berhasil-input-otomatis-data-pengurus-1.png]]

2022-03-28 13:01:34 - [TEST_STEP][PASSED] - markPassed("scenario 1 - Berhasil input data pengurus 1"): scenario 1 - Berhasil input data pengurus 1

2022-03-28 13:01:34 - [MESSAGE][PASSED] - scenario 1 - Berhasil input data pengurus 1

2022-03-28 13:01:34 - [TEST_STEP][PASSED] - delay(1): Delayed 1 second(s)

2022-03-28 13:01:35 - [MESSAGE][PASSED] - Delayed 1 second(s)

2022-03-28 13:01:35 - [TEST_STEP][PASSED] - delay(1): Delayed 1 second(s)

2022-03-28 13:01:36 - [MESSAGE][PASSED] - Delayed 1 second(s)

2022-03-28 13:01:36 - [TEST_STEP][PASSED] - scrollToPosition(0, 133, OPTIONAL): Browser is scrolled to position x = 0, y = 133

2022-03-28 13:01:36 - [MESSAGE][PASSED] - Browser is scrolled to position x = 0, y = 133

2022-03-28 13:01:36 - [TEST_STEP][PASSED] - delay(1): Delayed 1 second(s)

2022-03-28 13:01:37 - [MESSAGE][PASSED] - Delayed 1 second(s)

2022-03-28 13:01:37 - [TEST_STEP][PASSED] - click(findTestObject("Input_Corporate/Pemegang_saham/1_a_Pemegang Saham"), OPTIONAL): Object: 'Object Repository/Input_Corporate/Pemegang_saham/1_a_Pemegang Saham' is clicked on

2022-03-28 13:01:37 - [MESSAGE][PASSED] - Object: 'Object Repository/Input_Corporate/Pemegang_saham/1_a_Pemegang Saham' is clicked on

2022-03-28 13:01:37 - [TEST_STEP][PASSED] - delay(1): Delayed 1 second(s)

2022-03-28 13:01:38 - [MESSAGE][PASSED] - Delayed 1 second(s)

2022-03-28 13:01:38 - [TEST_STEP][PASSED] - takeFullPageScreenshotAsCheckpoint(userDir + sprint4WebScreenshootPath + "scenario-1-Masuk-Submenu-pemegang-saham-1.png"): Taking screenshot successfully

2022-03-28 13:01:39 - [MESSAGE][INFO] - 0 hidden object(s)

2022-03-28 13:01:39 - [MESSAGE][PASSED] - Taking screenshot successfully
[[ATTACHMENT|C:\Users\elanf\git\BCAF_MEAPP_i3\Screenshoot\Sprint4\Web\keyes\keyes-scenario-1-Masuk-Submenu-pemegang-saham-1.png]]

2022-03-28 13:01:39 - [TEST_STEP][PASSED] - markPassed("scenario 1 - Berhasil masuk menu pemegang saham "): scenario 1 - Berhasil masuk menu pemegang saham 

2022-03-28 13:01:39 - [MESSAGE][PASSED] - scenario 1 - Berhasil masuk menu pemegang saham 

2022-03-28 13:01:39 - [TEST_STEP][PASSED] - delay(1): Delayed 1 second(s)

2022-03-28 13:01:40 - [MESSAGE][PASSED] - Delayed 1 second(s)

2022-03-28 13:01:40 - [TEST_STEP][PASSED] - click(findTestObject("Input_Corporate/Pemegang_saham/2_a_Add"), OPTIONAL): Object: 'Object Repository/Input_Corporate/Pemegang_saham/2_a_Add' is clicked on

2022-03-28 13:01:40 - [MESSAGE][PASSED] - Object: 'Object Repository/Input_Corporate/Pemegang_saham/2_a_Add' is clicked on

2022-03-28 13:01:40 - [TEST_STEP][PASSED] - delay(1): Delayed 1 second(s)

2022-03-28 13:01:41 - [MESSAGE][PASSED] - Delayed 1 second(s)

2022-03-28 13:01:41 - [TEST_STEP][PASSED] - click(findTestObject("Input_Corporate/Pemegang_saham/input_Perorangan_radios"), OPTIONAL): Object: 'Object Repository/Input_Corporate/Pemegang_saham/input_Perorangan_radios' is clicked on

2022-03-28 13:01:42 - [MESSAGE][PASSED] - Object: 'Object Repository/Input_Corporate/Pemegang_saham/input_Perorangan_radios' is clicked on

2022-03-28 13:01:42 - [TEST_STEP][PASSED] - click(findTestObject("Input_Corporate/Pemegang_saham/input_Jenis Pemegang Saham_radios"), OPTIONAL): Object: 'Object Repository/Input_Corporate/Pemegang_saham/input_Jenis Pemegang Saham_radios' is clicked on

2022-03-28 13:01:42 - [MESSAGE][PASSED] - Object: 'Object Repository/Input_Corporate/Pemegang_saham/input_Jenis Pemegang Saham_radios' is clicked on

2022-03-28 13:01:42 - [TEST_STEP][PASSED] - delay(1): Delayed 1 second(s)

2022-03-28 13:01:43 - [MESSAGE][PASSED] - Delayed 1 second(s)

2022-03-28 13:01:43 - [TEST_STEP][PASSED] - takeFullPageScreenshotAsCheckpoint(userDir + sprint4WebScreenshootPath + "scenario-1-Memilih-radio-button-pemegang-saham.png"): Taking screenshot successfully

2022-03-28 13:01:44 - [MESSAGE][INFO] - 0 hidden object(s)

2022-03-28 13:01:44 - [MESSAGE][PASSED] - Taking screenshot successfully
[[ATTACHMENT|C:\Users\elanf\git\BCAF_MEAPP_i3\Screenshoot\Sprint4\Web\keyes\keyes-scenario-1-Memilih-radio-button-pemegang-saham.png]]

2022-03-28 13:01:44 - [TEST_STEP][PASSED] - markPassed("scenario 1 - Memilih radio button pemegang saham"): scenario 1 - Memilih radio button pemegang saham

2022-03-28 13:01:44 - [MESSAGE][PASSED] - scenario 1 - Memilih radio button pemegang saham

2022-03-28 13:01:44 - [TEST_STEP][PASSED] - delay(1): Delayed 1 second(s)

2022-03-28 13:01:45 - [MESSAGE][PASSED] - Delayed 1 second(s)

2022-03-28 13:01:45 - [TEST_STEP][PASSED] - click(findTestObject("Input_Corporate/Pemegang_saham/4_button_OK"), OPTIONAL): Object: 'Object Repository/Input_Corporate/Pemegang_saham/4_button_OK' is clicked on

2022-03-28 13:01:45 - [MESSAGE][PASSED] - Object: 'Object Repository/Input_Corporate/Pemegang_saham/4_button_OK' is clicked on

2022-03-28 13:01:45 - [TEST_STEP][PASSED] - delay(1): Delayed 1 second(s)

2022-03-28 13:01:46 - [MESSAGE][PASSED] - Delayed 1 second(s)

2022-03-28 13:01:46 - [TEST_STEP][PASSED] - click(findTestObject("Input_Corporate/Pemegang_saham/5_button_Pemegang Saham 1"), OPTIONAL): Object: 'Object Repository/Input_Corporate/Pemegang_saham/5_button_Pemegang Saham 1' is clicked on

2022-03-28 13:01:47 - [MESSAGE][PASSED] - Object: 'Object Repository/Input_Corporate/Pemegang_saham/5_button_Pemegang Saham 1' is clicked on

2022-03-28 13:01:47 - [TEST_STEP][PASSED] - delay(1): Delayed 1 second(s)

2022-03-28 13:01:48 - [MESSAGE][PASSED] - Delayed 1 second(s)

2022-03-28 13:01:48 - [TEST_STEP][PASSED] - takeFullPageScreenshotAsCheckpoint(userDir + sprint4WebScreenshootPath + "scenario-1-Masuk-Submenu-pemegang-saham-1.png"): Taking screenshot successfully

2022-03-28 13:01:48 - [MESSAGE][INFO] - 0 hidden object(s)

2022-03-28 13:01:49 - [MESSAGE][PASSED] - Taking screenshot successfully
[[ATTACHMENT|C:\Users\elanf\git\BCAF_MEAPP_i3\Screenshoot\Sprint4\Web\keyes\keyes-scenario-1-Masuk-Submenu-pemegang-saham-1.png]]

2022-03-28 13:01:49 - [TEST_STEP][PASSED] - markPassed("scenario 1 - Masuk submenu pemegang saham 1"): scenario 1 - Masuk submenu pemegang saham 1

2022-03-28 13:01:49 - [MESSAGE][PASSED] - scenario 1 - Masuk submenu pemegang saham 1

2022-03-28 13:01:49 - [TEST_STEP][PASSED] - delay(1): Delayed 1 second(s)

2022-03-28 13:01:50 - [MESSAGE][PASSED] - Delayed 1 second(s)

2022-03-28 13:01:50 - [TEST_STEP][PASSED] - click(findTestObject("Input_Corporate/Pemegang_saham/6_a_Capture File"), OPTIONAL): Object: 'Object Repository/Input_Corporate/Pemegang_saham/6_a_Capture File' is clicked on

2022-03-28 13:01:50 - [MESSAGE][PASSED] - Object: 'Object Repository/Input_Corporate/Pemegang_saham/6_a_Capture File' is clicked on

2022-03-28 13:01:50 - [TEST_STEP][PASSED] - delay(1): Delayed 1 second(s)

2022-03-28 13:01:51 - [MESSAGE][PASSED] - Delayed 1 second(s)

2022-03-28 13:01:51 - [TEST_STEP][PASSED] - uploadFile(findTestObject("Input_Corporate/Capture_"), userDir + cobaKTP, OPTIONAL): File 'C:/Users/elanf/git/BCAF_MEAPP_i3/Assets/ktp_dummy.png' sent to object: 'Object Repository/Input_Corporate/Capture_'

2022-03-28 13:01:51 - [MESSAGE][PASSED] - File 'C:/Users/elanf/git/BCAF_MEAPP_i3/Assets/ktp_dummy.png' sent to object: 'Object Repository/Input_Corporate/Capture_'

2022-03-28 13:01:51 - [TEST_STEP][PASSED] - delay(1): Delayed 1 second(s)

2022-03-28 13:01:52 - [MESSAGE][PASSED] - Delayed 1 second(s)

2022-03-28 13:01:52 - [TEST_STEP][PASSED] - scrollToPosition(0, 200, OPTIONAL): Browser is scrolled to position x = 0, y = 200

2022-03-28 13:01:52 - [MESSAGE][PASSED] - Browser is scrolled to position x = 0, y = 200

2022-03-28 13:01:52 - [TEST_STEP][PASSED] - delay(1): Delayed 1 second(s)

2022-03-28 13:01:53 - [MESSAGE][PASSED] - Delayed 1 second(s)

2022-03-28 13:01:53 - [TEST_STEP][PASSED] - setText(findTestObject("Object Repository/Input_Corporate/Pemegang_saham/input_Kode Pos_2"), pemegangShm_kodePos): Text '12345' is set on object 'Object Repository/Input_Corporate/Pemegang_saham/input_Kode Pos_2'

2022-03-28 13:02:01 - [MESSAGE][PASSED] - Text '12345' is set on object 'Object Repository/Input_Corporate/Pemegang_saham/input_Kode Pos_2'

2022-03-28 13:02:01 - [TEST_STEP][PASSED] - delay(1): Delayed 1 second(s)

2022-03-28 13:02:02 - [MESSAGE][PASSED] - Delayed 1 second(s)

2022-03-28 13:02:02 - [TEST_STEP][PASSED] - scrollToPosition(0, 133, OPTIONAL): Browser is scrolled to position x = 0, y = 133

2022-03-28 13:02:02 - [MESSAGE][PASSED] - Browser is scrolled to position x = 0, y = 133

2022-03-28 13:02:02 - [TEST_STEP][PASSED] - click(findTestObject("Input_Corporate/Penjamin/1_a_Penjamin"), OPTIONAL): Object: 'Object Repository/Input_Corporate/Penjamin/1_a_Penjamin' is clicked on

2022-03-28 13:02:03 - [MESSAGE][PASSED] - Object: 'Object Repository/Input_Corporate/Penjamin/1_a_Penjamin' is clicked on

2022-03-28 13:02:03 - [TEST_STEP][PASSED] - delay(1): Delayed 1 second(s)

2022-03-28 13:02:04 - [MESSAGE][PASSED] - Delayed 1 second(s)

2022-03-28 13:02:04 - [TEST_STEP][PASSED] - click(findTestObject("Input_Corporate/Penjamin/2_input_Ya_guarantor_Tidak"), OPTIONAL): Object: 'Object Repository/Input_Corporate/Penjamin/2_input_Ya_guarantor_Tidak' is clicked on

2022-03-28 13:02:04 - [MESSAGE][PASSED] - Object: 'Object Repository/Input_Corporate/Penjamin/2_input_Ya_guarantor_Tidak' is clicked on

2022-03-28 13:02:04 - [TEST_STEP][PASSED] - delay(1): Delayed 1 second(s)

2022-03-28 13:02:05 - [MESSAGE][PASSED] - Delayed 1 second(s)

2022-03-28 13:02:05 - [TEST_STEP][PASSED] - takeFullPageScreenshotAsCheckpoint(userDir + sprint4WebScreenshootPath + "scenario-1-Berhasil-pemegang-saham-1.png"): Taking screenshot successfully

2022-03-28 13:02:06 - [MESSAGE][INFO] - 0 hidden object(s)

2022-03-28 13:02:06 - [MESSAGE][PASSED] - Taking screenshot successfully
[[ATTACHMENT|C:\Users\elanf\git\BCAF_MEAPP_i3\Screenshoot\Sprint4\Web\keyes\keyes-scenario-1-Berhasil-pemegang-saham-1.png]]

2022-03-28 13:02:06 - [TEST_STEP][PASSED] - markPassed("scenario 1 - Berhasil input pemegang saham 1"): scenario 1 - Berhasil input pemegang saham 1

2022-03-28 13:02:06 - [MESSAGE][PASSED] - scenario 1 - Berhasil input pemegang saham 1

2022-03-28 13:02:06 - [TEST_STEP][PASSED] - delay(1): Delayed 1 second(s)

2022-03-28 13:02:07 - [MESSAGE][PASSED] - Delayed 1 second(s)

2022-03-28 13:02:07 - [TEST_STEP][PASSED] - click(findTestObject("Input_Corporate/Financial/li_Financial"), OPTIONAL): Object: 'Object Repository/Input_Corporate/Financial/li_Financial' is clicked on

2022-03-28 13:02:07 - [MESSAGE][PASSED] - Object: 'Object Repository/Input_Corporate/Financial/li_Financial' is clicked on

2022-03-28 13:02:07 - [TEST_STEP][PASSED] - delay(1): Delayed 1 second(s)

2022-03-28 13:02:08 - [MESSAGE][PASSED] - Delayed 1 second(s)

2022-03-28 13:02:08 - [TEST_STEP][PASSED] - takeFullPageScreenshotAsCheckpoint(userDir + sprint4WebScreenshootPath + "scenario-1-Masuk-Submenu-financial.png"): Taking screenshot successfully

2022-03-28 13:02:09 - [MESSAGE][INFO] - 0 hidden object(s)

2022-03-28 13:02:09 - [MESSAGE][PASSED] - Taking screenshot successfully
[[ATTACHMENT|C:\Users\elanf\git\BCAF_MEAPP_i3\Screenshoot\Sprint4\Web\keyes\keyes-scenario-1-Masuk-Submenu-financial.png]]

2022-03-28 13:02:09 - [TEST_STEP][PASSED] - markPassed("scenario 1 - Masuk submenu financial"): scenario 1 - Masuk submenu financial

2022-03-28 13:02:09 - [MESSAGE][PASSED] - scenario 1 - Masuk submenu financial

2022-03-28 13:02:09 - [TEST_STEP][PASSED] - delay(1): Delayed 1 second(s)

2022-03-28 13:02:10 - [MESSAGE][PASSED] - Delayed 1 second(s)

2022-03-28 13:02:10 - [TEST_STEP][PASSED] - click(findTestObject("Input_Corporate/Financial/button_Laporan Keuangan"), OPTIONAL): Object: 'Object Repository/Input_Corporate/Financial/button_Laporan Keuangan' is clicked on

2022-03-28 13:02:11 - [MESSAGE][PASSED] - Object: 'Object Repository/Input_Corporate/Financial/button_Laporan Keuangan' is clicked on

2022-03-28 13:02:11 - [TEST_STEP][PASSED] - delay(1): Delayed 1 second(s)

2022-03-28 13:02:12 - [MESSAGE][PASSED] - Delayed 1 second(s)

2022-03-28 13:02:12 - [TEST_STEP][PASSED] - click(findTestObject("Input_Corporate/Financial/a_Capture File"), OPTIONAL): Object: 'Object Repository/Input_Corporate/Financial/a_Capture File' is clicked on

2022-03-28 13:02:12 - [MESSAGE][PASSED] - Object: 'Object Repository/Input_Corporate/Financial/a_Capture File' is clicked on

2022-03-28 13:02:12 - [TEST_STEP][PASSED] - delay(1): Delayed 1 second(s)

2022-03-28 13:02:13 - [MESSAGE][PASSED] - Delayed 1 second(s)

2022-03-28 13:02:13 - [TEST_STEP][PASSED] - uploadFile(findTestObject("Input_Corporate/Capture_"), userDir + cobaKTP, OPTIONAL): File 'C:/Users/elanf/git/BCAF_MEAPP_i3/Assets/ktp_dummy.png' sent to object: 'Object Repository/Input_Corporate/Capture_'

2022-03-28 13:02:13 - [MESSAGE][PASSED] - File 'C:/Users/elanf/git/BCAF_MEAPP_i3/Assets/ktp_dummy.png' sent to object: 'Object Repository/Input_Corporate/Capture_'

2022-03-28 13:02:13 - [TEST_STEP][PASSED] - delay(1): Delayed 1 second(s)

2022-03-28 13:02:14 - [MESSAGE][PASSED] - Delayed 1 second(s)

2022-03-28 13:02:14 - [TEST_STEP][PASSED] - takeFullPageScreenshotAsCheckpoint(userDir + sprint4WebScreenshootPath + "scenario-1-berhasil-input-capture-laporan-keuangan.png"): Taking screenshot successfully

2022-03-28 13:02:15 - [MESSAGE][INFO] - 0 hidden object(s)

2022-03-28 13:02:15 - [MESSAGE][PASSED] - Taking screenshot successfully
[[ATTACHMENT|C:\Users\elanf\git\BCAF_MEAPP_i3\Screenshoot\Sprint4\Web\keyes\keyes-scenario-1-berhasil-input-capture-laporan-keuangan.png]]

2022-03-28 13:02:15 - [TEST_STEP][PASSED] - markPassed("scenario 1 - berhasil input capture laporan keuangan"): scenario 1 - berhasil input capture laporan keuangan

2022-03-28 13:02:15 - [MESSAGE][PASSED] - scenario 1 - berhasil input capture laporan keuangan

2022-03-28 13:02:15 - [TEST_STEP][PASSED] - delay(1): Delayed 1 second(s)

2022-03-28 13:02:16 - [MESSAGE][PASSED] - Delayed 1 second(s)

2022-03-28 13:02:16 - [TEST_STEP][PASSED] - click(findTestObject("Input_Corporate/Financial/button_Bukti Kepemilikan Rekening"), OPTIONAL): Object: 'Object Repository/Input_Corporate/Financial/button_Bukti Kepemilikan Rekening' is clicked on

2022-03-28 13:02:16 - [MESSAGE][PASSED] - Object: 'Object Repository/Input_Corporate/Financial/button_Bukti Kepemilikan Rekening' is clicked on

2022-03-28 13:02:16 - [TEST_STEP][PASSED] - delay(1): Delayed 1 second(s)

2022-03-28 13:02:17 - [MESSAGE][PASSED] - Delayed 1 second(s)

2022-03-28 13:02:17 - [TEST_STEP][PASSED] - click(findTestObject("Input_Corporate/Financial/a_Capture File"), OPTIONAL): Object: 'Object Repository/Input_Corporate/Financial/a_Capture File' is clicked on

2022-03-28 13:02:18 - [MESSAGE][PASSED] - Object: 'Object Repository/Input_Corporate/Financial/a_Capture File' is clicked on

2022-03-28 13:02:18 - [TEST_STEP][PASSED] - delay(1): Delayed 1 second(s)

2022-03-28 13:02:19 - [MESSAGE][PASSED] - Delayed 1 second(s)

2022-03-28 13:02:19 - [TEST_STEP][PASSED] - uploadFile(findTestObject("Input_Corporate/Capture_"), userDir + cobaKTP, OPTIONAL): File 'C:/Users/elanf/git/BCAF_MEAPP_i3/Assets/ktp_dummy.png' sent to object: 'Object Repository/Input_Corporate/Capture_'

2022-03-28 13:02:19 - [MESSAGE][PASSED] - File 'C:/Users/elanf/git/BCAF_MEAPP_i3/Assets/ktp_dummy.png' sent to object: 'Object Repository/Input_Corporate/Capture_'

2022-03-28 13:02:19 - [TEST_STEP][PASSED] - delay(1): Delayed 1 second(s)

2022-03-28 13:02:20 - [MESSAGE][PASSED] - Delayed 1 second(s)

2022-03-28 13:02:20 - [TEST_STEP][PASSED] - takeFullPageScreenshotAsCheckpoint(userDir + sprint4WebScreenshootPath + "scenario-1-behasil-input-capture-laporan-bukti-kepemilikan.png"): Taking screenshot successfully

2022-03-28 13:02:21 - [MESSAGE][INFO] - 0 hidden object(s)

2022-03-28 13:02:21 - [MESSAGE][PASSED] - Taking screenshot successfully
[[ATTACHMENT|C:\Users\elanf\git\BCAF_MEAPP_i3\Screenshoot\Sprint4\Web\keyes\keyes-scenario-1-behasil-input-capture-laporan-bukti-kepemilikan.png]]

2022-03-28 13:02:21 - [TEST_STEP][PASSED] - markPassed("scenario 1 - berhasil input capture laporan bukti kepemilikan"): scenario 1 - berhasil input capture laporan bukti kepemilikan

2022-03-28 13:02:21 - [MESSAGE][PASSED] - scenario 1 - berhasil input capture laporan bukti kepemilikan

2022-03-28 13:02:21 - [TEST_STEP][PASSED] - delay(1): Delayed 1 second(s)

2022-03-28 13:02:22 - [MESSAGE][PASSED] - Delayed 1 second(s)

2022-03-28 13:02:22 - [TEST_STEP][PASSED] - setText(findTestObject("Input_Corporate/Financial/input_BCA Branch_form-control ng-untouched ng-pristine ng-valid"), financial_BCABranch, OPTIONAL): Text 'BCA' is set on object 'Object Repository/Input_Corporate/Financial/input_BCA Branch_form-control ng-untouched ng-pristine ng-valid'

2022-03-28 13:02:23 - [MESSAGE][PASSED] - Text 'BCA' is set on object 'Object Repository/Input_Corporate/Financial/input_BCA Branch_form-control ng-untouched ng-pristine ng-valid'

2022-03-28 13:02:23 - [TEST_STEP][PASSED] - delay(1): Delayed 1 second(s)

2022-03-28 13:02:24 - [MESSAGE][PASSED] - Delayed 1 second(s)

2022-03-28 13:02:24 - [TEST_STEP][PASSED] - setText(findTestObject("Input_Corporate/Financial/input_Account No. 10 Digit_form-control ng-untouched ng-pristine ng-valid"), financial_rekNum, OPTIONAL): Text '2343235657' is set on object 'Object Repository/Input_Corporate/Financial/input_Account No. 10 Digit_form-control ng-untouched ng-pristine ng-valid'

2022-03-28 13:02:25 - [MESSAGE][PASSED] - Text '2343235657' is set on object 'Object Repository/Input_Corporate/Financial/input_Account No. 10 Digit_form-control ng-untouched ng-pristine ng-valid'

2022-03-28 13:02:25 - [TEST_STEP][PASSED] - delay(1): Delayed 1 second(s)

2022-03-28 13:02:26 - [MESSAGE][PASSED] - Delayed 1 second(s)

2022-03-28 13:02:26 - [TEST_STEP][PASSED] - takeFullPageScreenshotAsCheckpoint(userDir + sprint4WebScreenshootPath + "scenario-1-berhasil-input-branch-dan-account-10digit-pada-submenu-financial.png"): Taking screenshot successfully

2022-03-28 13:02:26 - [MESSAGE][INFO] - 0 hidden object(s)

2022-03-28 13:02:27 - [MESSAGE][PASSED] - Taking screenshot successfully
[[ATTACHMENT|C:\Users\elanf\git\BCAF_MEAPP_i3\Screenshoot\Sprint4\Web\keyes\keyes-scenario-1-berhasil-input-branch-dan-account-10digit-pada-submenu-financial.png]]

2022-03-28 13:02:27 - [TEST_STEP][PASSED] - markPassed("scenario 1 - berhasil input branch dan account 10 digit pada submenu financial"): scenario 1 - berhasil input branch dan account 10 digit pada submenu financial

2022-03-28 13:02:27 - [MESSAGE][PASSED] - scenario 1 - berhasil input branch dan account 10 digit pada submenu financial

2022-03-28 13:02:27 - [TEST_STEP][PASSED] - delay(1): Delayed 1 second(s)

2022-03-28 13:02:28 - [MESSAGE][PASSED] - Delayed 1 second(s)

2022-03-28 13:02:28 - [TEST_STEP][PASSED] - click(findTestObject("Input_Corporate/Contact_Person/a_Contact Person"), OPTIONAL): Object: 'Object Repository/Input_Corporate/Contact_Person/a_Contact Person' is clicked on

2022-03-28 13:02:28 - [MESSAGE][PASSED] - Object: 'Object Repository/Input_Corporate/Contact_Person/a_Contact Person' is clicked on

2022-03-28 13:02:28 - [TEST_STEP][PASSED] - delay(1): Delayed 1 second(s)

2022-03-28 13:02:29 - [MESSAGE][PASSED] - Delayed 1 second(s)

2022-03-28 13:02:29 - [TEST_STEP][PASSED] - click(findTestObject("Input_Corporate/Contact_Person/input_Yes_inline-radios_No"), OPTIONAL): Object: 'Object Repository/Input_Corporate/Contact_Person/input_Yes_inline-radios_No' is clicked on

2022-03-28 13:02:30 - [MESSAGE][PASSED] - Object: 'Object Repository/Input_Corporate/Contact_Person/input_Yes_inline-radios_No' is clicked on

2022-03-28 13:02:30 - [TEST_STEP][PASSED] - delay(1): Delayed 1 second(s)

2022-03-28 13:02:31 - [MESSAGE][PASSED] - Delayed 1 second(s)

2022-03-28 13:02:31 - [TEST_STEP][PASSED] - takeFullPageScreenshotAsCheckpoint(userDir + sprint4WebScreenshootPath + "scenario-1-berhasil-input-contact-person.png"): Taking screenshot successfully

2022-03-28 13:02:32 - [MESSAGE][INFO] - 0 hidden object(s)

2022-03-28 13:02:32 - [MESSAGE][PASSED] - Taking screenshot successfully
[[ATTACHMENT|C:\Users\elanf\git\BCAF_MEAPP_i3\Screenshoot\Sprint4\Web\keyes\keyes-scenario-1-berhasil-input-contact-person.png]]

2022-03-28 13:02:32 - [TEST_STEP][PASSED] - markPassed("scenario 1 - berhasil input contact person"): scenario 1 - berhasil input contact person

2022-03-28 13:02:32 - [MESSAGE][PASSED] - scenario 1 - berhasil input contact person

2022-03-28 13:02:32 - [TEST_STEP][PASSED] - delay(1): Delayed 1 second(s)

2022-03-28 13:02:33 - [MESSAGE][PASSED] - Delayed 1 second(s)

2022-03-28 13:02:33 - [TEST_STEP][PASSED] - click(findTestObject("Input_Corporate/Other_Document/a_Other Document"), OPTIONAL): Object: 'Object Repository/Input_Corporate/Other_Document/a_Other Document' is clicked on

2022-03-28 13:02:33 - [MESSAGE][PASSED] - Object: 'Object Repository/Input_Corporate/Other_Document/a_Other Document' is clicked on

2022-03-28 13:02:33 - [TEST_STEP][PASSED] - delay(1): Delayed 1 second(s)

2022-03-28 13:02:34 - [MESSAGE][PASSED] - Delayed 1 second(s)

2022-03-28 13:02:34 - [TEST_STEP][PASSED] - takeFullPageScreenshotAsCheckpoint(userDir + sprint4WebScreenshootPath + "scenario-1-Masuk-menu-other-document.png"): Taking screenshot successfully

2022-03-28 13:02:35 - [MESSAGE][INFO] - 0 hidden object(s)

2022-03-28 13:02:35 - [MESSAGE][PASSED] - Taking screenshot successfully
[[ATTACHMENT|C:\Users\elanf\git\BCAF_MEAPP_i3\Screenshoot\Sprint4\Web\keyes\keyes-scenario-1-Masuk-menu-other-document.png]]

2022-03-28 13:02:35 - [TEST_STEP][PASSED] - markPassed("scenario 1 - Masuk menu other document"): scenario 1 - Masuk menu other document

2022-03-28 13:02:35 - [MESSAGE][PASSED] - scenario 1 - Masuk menu other document

2022-03-28 13:02:35 - [TEST_STEP][PASSED] - delay(1): Delayed 1 second(s)

2022-03-28 13:02:36 - [MESSAGE][PASSED] - Delayed 1 second(s)]]></system-out>
         <system-err><![CDATA[]]></system-err>
      </testcase>
      <testcase name="Test Cases/Sprint 4/Skenario 4/04-03-01-Transaction-AppPending-InputData-Information" time="64.364" classname="Test Cases/Sprint 4/Skenario 4/04-03-01-Transaction-AppPending-InputData-Information" status="PASSED">
         <system-out><![CDATA[2022-03-28 13:02:36 - [TEST_CASE][PASSED] - Test Cases/Sprint 4/Skenario 4/04-03-01-Transaction-AppPending-InputData-Information: Test Cases/Sprint 4/Skenario 4/04-03-01-Transaction-AppPending-InputData-Information

2022-03-28 13:02:37 - [TEST_STEP][PASSED] - userDir = getProjectDir(): null

2022-03-28 13:02:37 - [TEST_STEP][PASSED] - delay(1): Delayed 1 second(s)

2022-03-28 13:02:38 - [MESSAGE][PASSED] - Delayed 1 second(s)

2022-03-28 13:02:38 - [TEST_STEP][PASSED] - click(findTestObject("ME_AppPending/span_Collateral dan Loan")): Object: 'Object Repository/ME_AppPending/span_Collateral dan Loan' is clicked on

2022-03-28 13:02:38 - [MESSAGE][PASSED] - Object: 'Object Repository/ME_AppPending/span_Collateral dan Loan' is clicked on

2022-03-28 13:02:38 - [TEST_STEP][PASSED] - delay(1): Delayed 1 second(s)

2022-03-28 13:02:39 - [MESSAGE][PASSED] - Delayed 1 second(s)

2022-03-28 13:02:39 - [TEST_STEP][PASSED] - takeFullPageScreenshotAsCheckpoint(userDir + sprint4WebScreenshootPath + "scenario-1-masuk-menu-collateral-dan-loan.png"): Taking screenshot successfully

2022-03-28 13:02:40 - [MESSAGE][INFO] - 0 hidden object(s)

2022-03-28 13:02:40 - [MESSAGE][PASSED] - Taking screenshot successfully
[[ATTACHMENT|C:\Users\elanf\git\BCAF_MEAPP_i3\Screenshoot\Sprint4\Web\keyes\keyes-scenario-1-masuk-menu-collateral-dan-loan.png]]

2022-03-28 13:02:40 - [TEST_STEP][PASSED] - markPassed("scenario 1 - Masuk menu collateral dan loan"): scenario 1 - Masuk menu collateral dan loan

2022-03-28 13:02:40 - [MESSAGE][PASSED] - scenario 1 - Masuk menu collateral dan loan

2022-03-28 13:02:40 - [TEST_STEP][PASSED] - delay(1): Delayed 1 second(s)

2022-03-28 13:02:41 - [MESSAGE][PASSED] - Delayed 1 second(s)

2022-03-28 13:02:41 - [TEST_STEP][PASSED] - click(findTestObject("ME_CollateralandLoan_information/li_Information")): Object: 'Object Repository/ME_CollateralandLoan_information/li_Information' is clicked on

2022-03-28 13:02:41 - [MESSAGE][PASSED] - Object: 'Object Repository/ME_CollateralandLoan_information/li_Information' is clicked on

2022-03-28 13:02:41 - [TEST_STEP][PASSED] - delay(1): Delayed 1 second(s)

2022-03-28 13:02:42 - [MESSAGE][PASSED] - Delayed 1 second(s)

2022-03-28 13:02:42 - [TEST_STEP][PASSED] - click(findTestObject("ME_CollateralandLoan_information/input_jenispengajuan1"), OPTIONAL): Object: 'Object Repository/ME_CollateralandLoan_information/input_jenispengajuan1' is clicked on

2022-03-28 13:02:43 - [MESSAGE][PASSED] - Object: 'Object Repository/ME_CollateralandLoan_information/input_jenispengajuan1' is clicked on

2022-03-28 13:02:43 - [TEST_STEP][PASSED] - delay(1): Delayed 1 second(s)

2022-03-28 13:02:44 - [MESSAGE][PASSED] - Delayed 1 second(s)

2022-03-28 13:02:44 - [TEST_STEP][PASSED] - setText(findTestObject("ME_CollateralandLoan_information/input_jenispengajuan1"), information_jenisPengajuan, OPTIONAL): Text 'mobil bekas' is set on object 'Object Repository/ME_CollateralandLoan_information/input_jenispengajuan1'

2022-03-28 13:02:44 - [MESSAGE][PASSED] - Text 'mobil bekas' is set on object 'Object Repository/ME_CollateralandLoan_information/input_jenispengajuan1'

2022-03-28 13:02:44 - [TEST_STEP][PASSED] - delay(1): Delayed 1 second(s)

2022-03-28 13:02:45 - [MESSAGE][PASSED] - Delayed 1 second(s)

2022-03-28 13:02:45 - [TEST_STEP][PASSED] - takeFullPageScreenshotAsCheckpoint(userDir + sprint4WebScreenshootPath + "scenario-1-input-jenis-pengajuan.png"): Taking screenshot successfully

2022-03-28 13:02:46 - [MESSAGE][INFO] - 0 hidden object(s)

2022-03-28 13:02:46 - [MESSAGE][PASSED] - Taking screenshot successfully
[[ATTACHMENT|C:\Users\elanf\git\BCAF_MEAPP_i3\Screenshoot\Sprint4\Web\keyes\keyes-scenario-1-input-jenis-pengajuan.png]]

2022-03-28 13:02:46 - [TEST_STEP][PASSED] - markPassed("scenario 1 - Input Jenis Pengajuan"): scenario 1 - Input Jenis Pengajuan

2022-03-28 13:02:46 - [MESSAGE][PASSED] - scenario 1 - Input Jenis Pengajuan

2022-03-28 13:02:46 - [TEST_STEP][PASSED] - delay(1): Delayed 1 second(s)

2022-03-28 13:02:47 - [MESSAGE][PASSED] - Delayed 1 second(s)

2022-03-28 13:02:47 - [TEST_STEP][PASSED] - click(findTestObject("ME_CollateralandLoan_information/div_Mobil Bekas")): Object: 'Object Repository/ME_CollateralandLoan_information/div_Mobil Bekas' is clicked on

2022-03-28 13:02:48 - [MESSAGE][PASSED] - Object: 'Object Repository/ME_CollateralandLoan_information/div_Mobil Bekas' is clicked on

2022-03-28 13:02:48 - [TEST_STEP][PASSED] - delay(1): Delayed 1 second(s)

2022-03-28 13:02:49 - [MESSAGE][PASSED] - Delayed 1 second(s)

2022-03-28 13:02:49 - [TEST_STEP][PASSED] - click(findTestObject("ME_CollateralandLoan_information/input_tujuankredit"), OPTIONAL): Object: 'Object Repository/ME_CollateralandLoan_information/input_tujuankredit' is clicked on

2022-03-28 13:02:49 - [MESSAGE][PASSED] - Object: 'Object Repository/ME_CollateralandLoan_information/input_tujuankredit' is clicked on

2022-03-28 13:02:49 - [TEST_STEP][PASSED] - delay(1): Delayed 1 second(s)

2022-03-28 13:02:50 - [MESSAGE][PASSED] - Delayed 1 second(s)

2022-03-28 13:02:50 - [TEST_STEP][PASSED] - setText(findTestObject("ME_CollateralandLoan_information/input_tujuankredit"), information_tujuanKredit, OPTIONAL): Text 'pembelian aset' is set on object 'Object Repository/ME_CollateralandLoan_information/input_tujuankredit'

2022-03-28 13:02:51 - [MESSAGE][PASSED] - Text 'pembelian aset' is set on object 'Object Repository/ME_CollateralandLoan_information/input_tujuankredit'

2022-03-28 13:02:51 - [TEST_STEP][PASSED] - delay(1): Delayed 1 second(s)

2022-03-28 13:02:52 - [MESSAGE][PASSED] - Delayed 1 second(s)

2022-03-28 13:02:52 - [TEST_STEP][PASSED] - takeFullPageScreenshotAsCheckpoint(userDir + sprint4WebScreenshootPath + "scenario-1-input-tujuan-pengajuan.png"): Taking screenshot successfully

2022-03-28 13:02:52 - [MESSAGE][INFO] - 0 hidden object(s)

2022-03-28 13:02:52 - [MESSAGE][PASSED] - Taking screenshot successfully
[[ATTACHMENT|C:\Users\elanf\git\BCAF_MEAPP_i3\Screenshoot\Sprint4\Web\keyes\keyes-scenario-1-input-tujuan-pengajuan.png]]

2022-03-28 13:02:52 - [TEST_STEP][PASSED] - markPassed("scenario 1 - Input Tujuan Pengajuan"): scenario 1 - Input Tujuan Pengajuan

2022-03-28 13:02:52 - [MESSAGE][PASSED] - scenario 1 - Input Tujuan Pengajuan

2022-03-28 13:02:52 - [TEST_STEP][PASSED] - delay(1): Delayed 1 second(s)

2022-03-28 13:02:53 - [MESSAGE][PASSED] - Delayed 1 second(s)

2022-03-28 13:02:53 - [TEST_STEP][PASSED] - click(findTestObject("ME_CollateralandLoan_information/div_Pembelian Aset")): Object: 'Object Repository/ME_CollateralandLoan_information/div_Pembelian Aset' is clicked on

2022-03-28 13:02:54 - [MESSAGE][PASSED] - Object: 'Object Repository/ME_CollateralandLoan_information/div_Pembelian Aset' is clicked on

2022-03-28 13:02:54 - [TEST_STEP][PASSED] - delay(1): Delayed 1 second(s)

2022-03-28 13:02:55 - [MESSAGE][PASSED] - Delayed 1 second(s)

2022-03-28 13:02:55 - [TEST_STEP][PASSED] - click(findTestObject("ME_CollateralandLoan_information/button_Payment")): Object: 'Object Repository/ME_CollateralandLoan_information/button_Payment' is clicked on

2022-03-28 13:02:55 - [MESSAGE][PASSED] - Object: 'Object Repository/ME_CollateralandLoan_information/button_Payment' is clicked on

2022-03-28 13:02:55 - [TEST_STEP][PASSED] - delay(1): Delayed 1 second(s)

2022-03-28 13:02:56 - [MESSAGE][PASSED] - Delayed 1 second(s)

2022-03-28 13:02:56 - [TEST_STEP][PASSED] - click(findTestObject("ME_CollateralandLoan_information/input_autodebet")): Object: 'Object Repository/ME_CollateralandLoan_information/input_autodebet' is clicked on

2022-03-28 13:02:57 - [MESSAGE][PASSED] - Object: 'Object Repository/ME_CollateralandLoan_information/input_autodebet' is clicked on

2022-03-28 13:02:57 - [TEST_STEP][PASSED] - delay(1): Delayed 1 second(s)

2022-03-28 13:02:58 - [MESSAGE][PASSED] - Delayed 1 second(s)

2022-03-28 13:02:58 - [TEST_STEP][PASSED] - takeFullPageScreenshotAsCheckpoint(userDir + sprint4WebScreenshootPath + "scenario-1-input-payment.png"): Taking screenshot successfully

2022-03-28 13:02:59 - [MESSAGE][INFO] - 0 hidden object(s)

2022-03-28 13:02:59 - [MESSAGE][PASSED] - Taking screenshot successfully
[[ATTACHMENT|C:\Users\elanf\git\BCAF_MEAPP_i3\Screenshoot\Sprint4\Web\keyes\keyes-scenario-1-input-payment.png]]

2022-03-28 13:02:59 - [TEST_STEP][PASSED] - markPassed("scenario 1 - Input Payment"): scenario 1 - Input Payment

2022-03-28 13:02:59 - [MESSAGE][PASSED] - scenario 1 - Input Payment

2022-03-28 13:02:59 - [TEST_STEP][PASSED] - delay(1): Delayed 1 second(s)

2022-03-28 13:03:00 - [MESSAGE][PASSED] - Delayed 1 second(s)

2022-03-28 13:03:00 - [TEST_STEP][PASSED] - click(findTestObject("ME_CollateralandLoan_information/div_Auto Debet")): Object: 'Object Repository/ME_CollateralandLoan_information/div_Auto Debet' is clicked on

2022-03-28 13:03:00 - [MESSAGE][PASSED] - Object: 'Object Repository/ME_CollateralandLoan_information/div_Auto Debet' is clicked on

2022-03-28 13:03:00 - [TEST_STEP][PASSED] - delay(1): Delayed 1 second(s)

2022-03-28 13:03:01 - [MESSAGE][PASSED] - Delayed 1 second(s)

2022-03-28 13:03:01 - [TEST_STEP][PASSED] - setText(findTestObject("ME_CollateralandLoan_information/input_Account No. 10 Digit_text-input-account-no"), information_accountNum): Text '11111111111' is set on object 'Object Repository/ME_CollateralandLoan_information/input_Account No. 10 Digit_text-input-account-no'

2022-03-28 13:03:02 - [MESSAGE][PASSED] - Text '11111111111' is set on object 'Object Repository/ME_CollateralandLoan_information/input_Account No. 10 Digit_text-input-account-no'

2022-03-28 13:03:02 - [TEST_STEP][PASSED] - delay(1): Delayed 1 second(s)

2022-03-28 13:03:03 - [MESSAGE][PASSED] - Delayed 1 second(s)

2022-03-28 13:03:03 - [TEST_STEP][PASSED] - click(findTestObject("ME_CollateralandLoan_information/input_Account No. 10 Digit_inline-checkbox-autodebetNoRek"), OPTIONAL): Object: 'Object Repository/ME_CollateralandLoan_information/input_Account No. 10 Digit_inline-checkbox-autodebetNoRek' is clicked on

2022-03-28 13:03:04 - [MESSAGE][PASSED] - Object: 'Object Repository/ME_CollateralandLoan_information/input_Account No. 10 Digit_inline-checkbox-autodebetNoRek' is clicked on

2022-03-28 13:03:04 - [TEST_STEP][PASSED] - click(findTestObject("ME_CollateralandLoan_information/Capture_rekeningautodebet")): Object: 'Object Repository/ME_CollateralandLoan_information/Capture_rekeningautodebet' is clicked on

2022-03-28 13:03:04 - [MESSAGE][PASSED] - Object: 'Object Repository/ME_CollateralandLoan_information/Capture_rekeningautodebet' is clicked on

2022-03-28 13:03:04 - [TEST_STEP][PASSED] - delay(1): Delayed 1 second(s)

2022-03-28 13:03:05 - [MESSAGE][PASSED] - Delayed 1 second(s)

2022-03-28 13:03:05 - [TEST_STEP][PASSED] - uploadFile(findTestObject("MEApp_AppBaru_InisiasiKonsumen/Capture_"), userDir + pathfinder_npwp): File 'C:/Users/elanf/git/BCAF_MEAPP_i3/Assets/npwp-dummy.jpg' sent to object: 'Object Repository/MEApp_AppBaru_InisiasiKonsumen/Capture_'

2022-03-28 13:03:06 - [MESSAGE][PASSED] - File 'C:/Users/elanf/git/BCAF_MEAPP_i3/Assets/npwp-dummy.jpg' sent to object: 'Object Repository/MEApp_AppBaru_InisiasiKonsumen/Capture_'

2022-03-28 13:03:06 - [TEST_STEP][PASSED] - setText(findTestObject("ME_CollateralandLoan_information/input_Account No. 10 Digit_noRekening"), information_accountNum2): Text '11111111111' is set on object 'Object Repository/ME_CollateralandLoan_information/input_Account No. 10 Digit_noRekening'

2022-03-28 13:03:07 - [MESSAGE][PASSED] - Text '11111111111' is set on object 'Object Repository/ME_CollateralandLoan_information/input_Account No. 10 Digit_noRekening'

2022-03-28 13:03:07 - [TEST_STEP][PASSED] - delay(1): Delayed 1 second(s)

2022-03-28 13:03:08 - [MESSAGE][PASSED] - Delayed 1 second(s)

2022-03-28 13:03:08 - [TEST_STEP][PASSED] - setText(findTestObject("ME_CollateralandLoan_information/input_Cabang BCA_cabangBca"), information_cabang): Text 'jakarta selatan' is set on object 'Object Repository/ME_CollateralandLoan_information/input_Cabang BCA_cabangBca'

2022-03-28 13:03:09 - [MESSAGE][PASSED] - Text 'jakarta selatan' is set on object 'Object Repository/ME_CollateralandLoan_information/input_Cabang BCA_cabangBca'

2022-03-28 13:03:09 - [TEST_STEP][PASSED] - delay(1): Delayed 1 second(s)

2022-03-28 13:03:10 - [MESSAGE][PASSED] - Delayed 1 second(s)

2022-03-28 13:03:10 - [TEST_STEP][PASSED] - setText(findTestObject("ME_CollateralandLoan_information/input_Nama Pemilik Rekening_form-control ng-untouched ng-pristine ng-invalid"), information_namaPemilikRek): Text 'afgan' is set on object 'Object Repository/ME_CollateralandLoan_information/input_Nama Pemilik Rekening_form-control ng-untouched ng-pristine ng-invalid'

2022-03-28 13:03:11 - [MESSAGE][PASSED] - Text 'afgan' is set on object 'Object Repository/ME_CollateralandLoan_information/input_Nama Pemilik Rekening_form-control ng-untouched ng-pristine ng-invalid'

2022-03-28 13:03:11 - [TEST_STEP][PASSED] - delay(1): Delayed 1 second(s)

2022-03-28 13:03:12 - [MESSAGE][PASSED] - Delayed 1 second(s)

2022-03-28 13:03:12 - [TEST_STEP][PASSED] - setText(findTestObject("ME_CollateralandLoan_information/input_No KTP_form-control ng-untouched ng-pristine ng-invalid"), information_noKTP): Text '22222222222222' is set on object 'Object Repository/ME_CollateralandLoan_information/input_No KTP_form-control ng-untouched ng-pristine ng-invalid'

2022-03-28 13:03:12 - [MESSAGE][PASSED] - Text '22222222222222' is set on object 'Object Repository/ME_CollateralandLoan_information/input_No KTP_form-control ng-untouched ng-pristine ng-invalid'

2022-03-28 13:03:12 - [TEST_STEP][PASSED] - delay(1): Delayed 1 second(s)

2022-03-28 13:03:13 - [MESSAGE][PASSED] - Delayed 1 second(s)

2022-03-28 13:03:13 - [TEST_STEP][PASSED] - takeFullPageScreenshotAsCheckpoint(userDir + sprint4WebScreenshootPath + "scenario-1-input-data-autodebit.png"): Taking screenshot successfully

2022-03-28 13:03:14 - [MESSAGE][INFO] - 0 hidden object(s)

2022-03-28 13:03:15 - [MESSAGE][PASSED] - Taking screenshot successfully
[[ATTACHMENT|C:\Users\elanf\git\BCAF_MEAPP_i3\Screenshoot\Sprint4\Web\keyes\keyes-scenario-1-input-data-autodebit.png]]

2022-03-28 13:03:15 - [TEST_STEP][PASSED] - markPassed("scenario 1 - Input data autodebit"): scenario 1 - Input data autodebit

2022-03-28 13:03:15 - [MESSAGE][PASSED] - scenario 1 - Input data autodebit

2022-03-28 13:03:15 - [TEST_STEP][PASSED] - delay(1): Delayed 1 second(s)

2022-03-28 13:03:16 - [MESSAGE][PASSED] - Delayed 1 second(s)

2022-03-28 13:03:16 - [TEST_STEP][PASSED] - click(findTestObject("ME_CollateralandLoan_information/button_Mutasi Rekening")): Object: 'Object Repository/ME_CollateralandLoan_information/button_Mutasi Rekening' is clicked on

2022-03-28 13:03:16 - [MESSAGE][PASSED] - Object: 'Object Repository/ME_CollateralandLoan_information/button_Mutasi Rekening' is clicked on

2022-03-28 13:03:16 - [TEST_STEP][PASSED] - delay(1): Delayed 1 second(s)

2022-03-28 13:03:17 - [MESSAGE][PASSED] - Delayed 1 second(s)

2022-03-28 13:03:17 - [TEST_STEP][PASSED] - takeFullPageScreenshotAsCheckpoint(userDir + sprint4WebScreenshootPath + "scenario-1-masuk-submenu-input-mutasi-rekening.png"): Taking screenshot successfully

2022-03-28 13:03:18 - [MESSAGE][INFO] - 0 hidden object(s)

2022-03-28 13:03:18 - [MESSAGE][PASSED] - Taking screenshot successfully
[[ATTACHMENT|C:\Users\elanf\git\BCAF_MEAPP_i3\Screenshoot\Sprint4\Web\keyes\keyes-scenario-1-masuk-submenu-input-mutasi-rekening.png]]

2022-03-28 13:03:18 - [TEST_STEP][PASSED] - markPassed("scenario 1 - Masuk submenu input mutasi rekening"): scenario 1 - Masuk submenu input mutasi rekening

2022-03-28 13:03:18 - [MESSAGE][PASSED] - scenario 1 - Masuk submenu input mutasi rekening

2022-03-28 13:03:18 - [TEST_STEP][PASSED] - delay(1): Delayed 1 second(s)

2022-03-28 13:03:19 - [MESSAGE][PASSED] - Delayed 1 second(s)

2022-03-28 13:03:19 - [TEST_STEP][PASSED] - click(findTestObject("ME_CollateralandLoan_information/button_Add Mutasi Rekening")): Object: 'Object Repository/ME_CollateralandLoan_information/button_Add Mutasi Rekening' is clicked on

2022-03-28 13:03:20 - [MESSAGE][PASSED] - Object: 'Object Repository/ME_CollateralandLoan_information/button_Add Mutasi Rekening' is clicked on

2022-03-28 13:03:20 - [TEST_STEP][PASSED] - delay(1): Delayed 1 second(s)

2022-03-28 13:03:21 - [MESSAGE][PASSED] - Delayed 1 second(s)

2022-03-28 13:03:21 - [TEST_STEP][PASSED] - takeFullPageScreenshotAsCheckpoint(userDir + sprint4WebScreenshootPath + "scenario-1-sebelum-input-data-mutasi-rekening.png"): Taking screenshot successfully

2022-03-28 13:03:21 - [MESSAGE][INFO] - 0 hidden object(s)

2022-03-28 13:03:22 - [MESSAGE][PASSED] - Taking screenshot successfully
[[ATTACHMENT|C:\Users\elanf\git\BCAF_MEAPP_i3\Screenshoot\Sprint4\Web\keyes\keyes-scenario-1-sebelum-input-data-mutasi-rekening.png]]

2022-03-28 13:03:22 - [TEST_STEP][PASSED] - markPassed("scenario 1 - sebelum input data mutasi rekening"): scenario 1 - sebelum input data mutasi rekening

2022-03-28 13:03:22 - [MESSAGE][PASSED] - scenario 1 - sebelum input data mutasi rekening

2022-03-28 13:03:22 - [TEST_STEP][PASSED] - delay(1): Delayed 1 second(s)

2022-03-28 13:03:23 - [MESSAGE][PASSED] - Delayed 1 second(s)

2022-03-28 13:03:23 - [TEST_STEP][PASSED] - click(findTestObject("ME_CollateralandLoan_information/a_Capture File_mutasirek")): Object: 'Object Repository/ME_CollateralandLoan_information/a_Capture File_mutasirek' is clicked on

2022-03-28 13:03:23 - [MESSAGE][PASSED] - Object: 'Object Repository/ME_CollateralandLoan_information/a_Capture File_mutasirek' is clicked on

2022-03-28 13:03:23 - [TEST_STEP][PASSED] - delay(1): Delayed 1 second(s)

2022-03-28 13:03:24 - [MESSAGE][PASSED] - Delayed 1 second(s)

2022-03-28 13:03:24 - [TEST_STEP][PASSED] - uploadFile(findTestObject("MEApp_AppBaru_InisiasiKonsumen/Capture_"), userDir + pathfinder_npwp): File 'C:/Users/elanf/git/BCAF_MEAPP_i3/Assets/npwp-dummy.jpg' sent to object: 'Object Repository/MEApp_AppBaru_InisiasiKonsumen/Capture_'

2022-03-28 13:03:24 - [MESSAGE][PASSED] - File 'C:/Users/elanf/git/BCAF_MEAPP_i3/Assets/npwp-dummy.jpg' sent to object: 'Object Repository/MEApp_AppBaru_InisiasiKonsumen/Capture_'

2022-03-28 13:03:24 - [TEST_STEP][PASSED] - delay(1): Delayed 1 second(s)

2022-03-28 13:03:25 - [MESSAGE][PASSED] - Delayed 1 second(s)

2022-03-28 13:03:25 - [TEST_STEP][PASSED] - setText(findTestObject("ME_CollateralandLoan_information/input_Mutasi Debit_form-control text-right ng-untouched ng-pristine ng-valid"), information_mutasiDebit): Text '10000000' is set on object 'Object Repository/ME_CollateralandLoan_information/input_Mutasi Debit_form-control text-right ng-untouched ng-pristine ng-valid'

2022-03-28 13:03:26 - [MESSAGE][PASSED] - Text '10000000' is set on object 'Object Repository/ME_CollateralandLoan_information/input_Mutasi Debit_form-control text-right ng-untouched ng-pristine ng-valid'

2022-03-28 13:03:26 - [TEST_STEP][PASSED] - delay(1): Delayed 1 second(s)

2022-03-28 13:03:27 - [MESSAGE][PASSED] - Delayed 1 second(s)

2022-03-28 13:03:27 - [TEST_STEP][PASSED] - setText(findTestObject("ME_CollateralandLoan_information/input_Mutasi Kredit_form-control text-right ng-untouched ng-pristine ng-valid"), information_mutasiKredit): Text '10000000' is set on object 'Object Repository/ME_CollateralandLoan_information/input_Mutasi Kredit_form-control text-right ng-untouched ng-pristine ng-valid'

2022-03-28 13:03:28 - [MESSAGE][PASSED] - Text '10000000' is set on object 'Object Repository/ME_CollateralandLoan_information/input_Mutasi Kredit_form-control text-right ng-untouched ng-pristine ng-valid'

2022-03-28 13:03:28 - [TEST_STEP][PASSED] - delay(1): Delayed 1 second(s)

2022-03-28 13:03:29 - [MESSAGE][PASSED] - Delayed 1 second(s)

2022-03-28 13:03:29 - [TEST_STEP][PASSED] - setText(findTestObject("ME_CollateralandLoan_information/input_Mutasi Saldo_form-control text-right ng-untouched ng-pristine ng-valid"), information_mutasiSaldo): Text '10000000' is set on object 'Object Repository/ME_CollateralandLoan_information/input_Mutasi Saldo_form-control text-right ng-untouched ng-pristine ng-valid'

2022-03-28 13:03:30 - [MESSAGE][PASSED] - Text '10000000' is set on object 'Object Repository/ME_CollateralandLoan_information/input_Mutasi Saldo_form-control text-right ng-untouched ng-pristine ng-valid'

2022-03-28 13:03:30 - [TEST_STEP][PASSED] - delay(1): Delayed 1 second(s)

2022-03-28 13:03:31 - [MESSAGE][PASSED] - Delayed 1 second(s)

2022-03-28 13:03:31 - [TEST_STEP][PASSED] - takeFullPageScreenshotAsCheckpoint(userDir + sprint4WebScreenshootPath + "scenario-1-input-data-mutasi-rekening.png"): Taking screenshot successfully

2022-03-28 13:03:31 - [MESSAGE][INFO] - 0 hidden object(s)

2022-03-28 13:03:32 - [MESSAGE][PASSED] - Taking screenshot successfully
[[ATTACHMENT|C:\Users\elanf\git\BCAF_MEAPP_i3\Screenshoot\Sprint4\Web\keyes\keyes-scenario-1-input-data-mutasi-rekening.png]]

2022-03-28 13:03:32 - [TEST_STEP][PASSED] - markPassed("scenario 1 - input data mutasi rekening"): scenario 1 - input data mutasi rekening

2022-03-28 13:03:32 - [MESSAGE][PASSED] - scenario 1 - input data mutasi rekening

2022-03-28 13:03:32 - [TEST_STEP][PASSED] - delay(1): Delayed 1 second(s)

2022-03-28 13:03:33 - [MESSAGE][PASSED] - Delayed 1 second(s)

2022-03-28 13:03:33 - [TEST_STEP][PASSED] - click(findTestObject("ME_CollateralandLoan_information/button_Add"), OPTIONAL): Object: 'Object Repository/ME_CollateralandLoan_information/button_Add' is clicked on

2022-03-28 13:03:33 - [MESSAGE][PASSED] - Object: 'Object Repository/ME_CollateralandLoan_information/button_Add' is clicked on

2022-03-28 13:03:33 - [TEST_STEP][PASSED] - delay(1): Delayed 1 second(s)

2022-03-28 13:03:34 - [MESSAGE][PASSED] - Delayed 1 second(s)

2022-03-28 13:03:34 - [TEST_STEP][PASSED] - click(findTestObject("ME_CollateralandLoan_information/button_View Detail_btn btn-edit ng-star-inserted"), OPTIONAL): Object: 'Object Repository/ME_CollateralandLoan_information/button_View Detail_btn btn-edit ng-star-inserted' is clicked on

2022-03-28 13:03:35 - [MESSAGE][PASSED] - Object: 'Object Repository/ME_CollateralandLoan_information/button_View Detail_btn btn-edit ng-star-inserted' is clicked on

2022-03-28 13:03:35 - [TEST_STEP][PASSED] - delay(1): Delayed 1 second(s)

2022-03-28 13:03:36 - [MESSAGE][PASSED] - Delayed 1 second(s)

2022-03-28 13:03:36 - [TEST_STEP][PASSED] - click(findTestObject("ME_CollateralandLoan_information/button_Save"), OPTIONAL): Object: 'Object Repository/ME_CollateralandLoan_information/button_Save' is clicked on

2022-03-28 13:03:36 - [MESSAGE][PASSED] - Object: 'Object Repository/ME_CollateralandLoan_information/button_Save' is clicked on

2022-03-28 13:03:36 - [TEST_STEP][PASSED] - delay(1): Delayed 1 second(s)

2022-03-28 13:03:37 - [MESSAGE][PASSED] - Delayed 1 second(s)

2022-03-28 13:03:37 - [TEST_STEP][PASSED] - click(findTestObject("ME_CollateralandLoan_information/a_View Detail_mutasirekening"), OPTIONAL): Object: 'Object Repository/ME_CollateralandLoan_information/a_View Detail_mutasirekening' is clicked on

2022-03-28 13:03:37 - [MESSAGE][PASSED] - Object: 'Object Repository/ME_CollateralandLoan_information/a_View Detail_mutasirekening' is clicked on

2022-03-28 13:03:37 - [TEST_STEP][PASSED] - delay(1): Delayed 1 second(s)

2022-03-28 13:03:38 - [MESSAGE][PASSED] - Delayed 1 second(s)

2022-03-28 13:03:38 - [TEST_STEP][PASSED] - takeFullPageScreenshotAsCheckpoint(userDir + sprint4WebScreenshootPath + "scenario-1-berhasil-mengisi-data-information.png"): Taking screenshot successfully

2022-03-28 13:03:39 - [MESSAGE][INFO] - 0 hidden object(s)

2022-03-28 13:03:40 - [MESSAGE][PASSED] - Taking screenshot successfully
[[ATTACHMENT|C:\Users\elanf\git\BCAF_MEAPP_i3\Screenshoot\Sprint4\Web\keyes\keyes-scenario-1-berhasil-mengisi-data-information.png]]

2022-03-28 13:03:40 - [TEST_STEP][PASSED] - markPassed("scenario 1 - Berhasil mengisi data information"): scenario 1 - Berhasil mengisi data information

2022-03-28 13:03:40 - [MESSAGE][PASSED] - scenario 1 - Berhasil mengisi data information

2022-03-28 13:03:40 - [TEST_STEP][PASSED] - delay(1): Delayed 1 second(s)

2022-03-28 13:03:41 - [MESSAGE][PASSED] - Delayed 1 second(s)]]></system-out>
         <system-err><![CDATA[]]></system-err>
      </testcase>
      <testcase name="Test Cases/Sprint 4/Skenario 4/04-03-02-Transaction-AppPending-InputData-Vehicle" time="235.424" classname="Test Cases/Sprint 4/Skenario 4/04-03-02-Transaction-AppPending-InputData-Vehicle" status="PASSED">
         <system-out><![CDATA[2022-03-28 13:03:41 - [TEST_CASE][PASSED] - Test Cases/Sprint 4/Skenario 4/04-03-02-Transaction-AppPending-InputData-Vehicle: Test Cases/Sprint 4/Skenario 4/04-03-02-Transaction-AppPending-InputData-Vehicle

2022-03-28 13:03:41 - [TEST_STEP][PASSED] - userDir = getProjectDir(): null

2022-03-28 13:03:41 - [TEST_STEP][PASSED] - delay(1): Delayed 1 second(s)

2022-03-28 13:03:42 - [MESSAGE][PASSED] - Delayed 1 second(s)

2022-03-28 13:03:42 - [TEST_STEP][PASSED] - scrollToPosition(0, 130): Browser is scrolled to position x = 0, y = 130

2022-03-28 13:03:42 - [MESSAGE][PASSED] - Browser is scrolled to position x = 0, y = 130

2022-03-28 13:03:42 - [TEST_STEP][PASSED] - takeFullPageScreenshotAsCheckpoint(userDir + sprint4WebScreenshootPath + "scenario-1-masuk-halaman-collateral-loan-vehicle.png"): Taking screenshot successfully

2022-03-28 13:03:43 - [MESSAGE][INFO] - 0 hidden object(s)

2022-03-28 13:03:43 - [MESSAGE][PASSED] - Taking screenshot successfully
[[ATTACHMENT|C:\Users\elanf\git\BCAF_MEAPP_i3\Screenshoot\Sprint4\Web\keyes\keyes-scenario-1-masuk-halaman-collateral-loan-vehicle.png]]

2022-03-28 13:03:43 - [TEST_STEP][PASSED] - markPassed("scenario 1 - Masuk halaman collateral loan vehicle"): scenario 1 - Masuk halaman collateral loan vehicle

2022-03-28 13:03:43 - [MESSAGE][PASSED] - scenario 1 - Masuk halaman collateral loan vehicle

2022-03-28 13:03:43 - [TEST_STEP][PASSED] - delay(1): Delayed 1 second(s)

2022-03-28 13:03:44 - [MESSAGE][PASSED] - Delayed 1 second(s)

2022-03-28 13:03:44 - [TEST_STEP][PASSED] - click(findTestObject("ME_CollateralAndLoan_Vehicle/li_Vehicle")): Object: 'Object Repository/ME_CollateralAndLoan_Vehicle/li_Vehicle' is clicked on

2022-03-28 13:03:45 - [MESSAGE][PASSED] - Object: 'Object Repository/ME_CollateralAndLoan_Vehicle/li_Vehicle' is clicked on

2022-03-28 13:03:45 - [TEST_STEP][PASSED] - delay(1): Delayed 1 second(s)

2022-03-28 13:03:46 - [MESSAGE][PASSED] - Delayed 1 second(s)

2022-03-28 13:03:46 - [TEST_STEP][PASSED] - waitForElementPresent(findTestObject("ME_CollateralAndLoan_Vehicle/input_dealername_ketiga"), 0): Object 'Object Repository/ME_CollateralAndLoan_Vehicle/input_dealername_ketiga' is present

2022-03-28 13:03:46 - [MESSAGE][WARNING] - Timeout '0' is invalid. Using default page load timeout: '30'

2022-03-28 13:03:46 - [MESSAGE][PASSED] - Object 'Object Repository/ME_CollateralAndLoan_Vehicle/input_dealername_ketiga' is present

2022-03-28 13:03:46 - [TEST_STEP][PASSED] - click(findTestObject("ME_CollateralAndLoan_Vehicle/input_dealername_ketiga"), OPTIONAL): Object: 'Object Repository/ME_CollateralAndLoan_Vehicle/input_dealername_ketiga' is clicked on

2022-03-28 13:03:46 - [MESSAGE][PASSED] - Object: 'Object Repository/ME_CollateralAndLoan_Vehicle/input_dealername_ketiga' is clicked on

2022-03-28 13:03:46 - [TEST_STEP][PASSED] - delay(1): Delayed 1 second(s)

2022-03-28 13:03:47 - [MESSAGE][PASSED] - Delayed 1 second(s)

2022-03-28 13:03:47 - [TEST_STEP][PASSED] - setText(findTestObject("ME_CollateralAndLoan_Vehicle/input_dealername_ketiga"), "Akita Prima Mobilindo, PT", OPTIONAL): Text 'Akita Prima Mobilindo, PT' is set on object 'Object Repository/ME_CollateralAndLoan_Vehicle/input_dealername_ketiga'

2022-03-28 13:03:49 - [MESSAGE][PASSED] - Text 'Akita Prima Mobilindo, PT' is set on object 'Object Repository/ME_CollateralAndLoan_Vehicle/input_dealername_ketiga'

2022-03-28 13:03:49 - [TEST_STEP][PASSED] - delay(1): Delayed 1 second(s)

2022-03-28 13:03:50 - [MESSAGE][PASSED] - Delayed 1 second(s)

2022-03-28 13:03:50 - [TEST_STEP][PASSED] - click(findTestObject("ME_CollateralAndLoan_Vehicle/span_Akita Prima Mobilindo, PT")): Object: 'Object Repository/ME_CollateralAndLoan_Vehicle/span_Akita Prima Mobilindo, PT' is clicked on

2022-03-28 13:03:50 - [MESSAGE][PASSED] - Object: 'Object Repository/ME_CollateralAndLoan_Vehicle/span_Akita Prima Mobilindo, PT' is clicked on

2022-03-28 13:03:50 - [TEST_STEP][PASSED] - delay(1): Delayed 1 second(s)

2022-03-28 13:03:51 - [MESSAGE][PASSED] - Delayed 1 second(s)

2022-03-28 13:03:51 - [TEST_STEP][PASSED] - waitForElementPresent(findTestObject("ME_CollateralAndLoan_Vehicle/input_branch_ketiga"), 0): Object 'Object Repository/ME_CollateralAndLoan_Vehicle/input_branch_ketiga' is present

2022-03-28 13:03:51 - [MESSAGE][WARNING] - Timeout '0' is invalid. Using default page load timeout: '30'

2022-03-28 13:03:51 - [MESSAGE][PASSED] - Object 'Object Repository/ME_CollateralAndLoan_Vehicle/input_branch_ketiga' is present

2022-03-28 13:03:51 - [TEST_STEP][PASSED] - click(findTestObject("ME_CollateralAndLoan_Vehicle/input_branch_ketiga")): Object: 'Object Repository/ME_CollateralAndLoan_Vehicle/input_branch_ketiga' is clicked on

2022-03-28 13:03:52 - [MESSAGE][PASSED] - Object: 'Object Repository/ME_CollateralAndLoan_Vehicle/input_branch_ketiga' is clicked on

2022-03-28 13:03:52 - [TEST_STEP][PASSED] - delay(1): Delayed 1 second(s)

2022-03-28 13:03:53 - [MESSAGE][PASSED] - Delayed 1 second(s)

2022-03-28 13:03:53 - [TEST_STEP][PASSED] - setText(findTestObject("ME_CollateralAndLoan_Vehicle/input_branch_ketiga"), "Akita Prima Mobilindo - Pondok Cabe"): Text 'Akita Prima Mobilindo - Pondok Cabe' is set on object 'Object Repository/ME_CollateralAndLoan_Vehicle/input_branch_ketiga'

2022-03-28 13:03:54 - [MESSAGE][PASSED] - Text 'Akita Prima Mobilindo - Pondok Cabe' is set on object 'Object Repository/ME_CollateralAndLoan_Vehicle/input_branch_ketiga'

2022-03-28 13:03:54 - [TEST_STEP][PASSED] - delay(1): Delayed 1 second(s)

2022-03-28 13:03:55 - [MESSAGE][PASSED] - Delayed 1 second(s)

2022-03-28 13:03:55 - [TEST_STEP][PASSED] - waitForElementPresent(findTestObject("ME_CollateralAndLoan_Vehicle/span_A1617 - Akita Prima Mobilindo - Pondok Cabe"), 0): Object 'Object Repository/ME_CollateralAndLoan_Vehicle/span_A1617 - Akita Prima Mobilindo - Pondok Cabe' is present

2022-03-28 13:03:55 - [MESSAGE][WARNING] - Timeout '0' is invalid. Using default page load timeout: '30'

2022-03-28 13:03:55 - [MESSAGE][PASSED] - Object 'Object Repository/ME_CollateralAndLoan_Vehicle/span_A1617 - Akita Prima Mobilindo - Pondok Cabe' is present

2022-03-28 13:03:55 - [TEST_STEP][PASSED] - click(findTestObject("ME_CollateralAndLoan_Vehicle/span_A1617 - Akita Prima Mobilindo - Pondok Cabe")): Object: 'Object Repository/ME_CollateralAndLoan_Vehicle/span_A1617 - Akita Prima Mobilindo - Pondok Cabe' is clicked on

2022-03-28 13:03:56 - [MESSAGE][PASSED] - Object: 'Object Repository/ME_CollateralAndLoan_Vehicle/span_A1617 - Akita Prima Mobilindo - Pondok Cabe' is clicked on

2022-03-28 13:03:56 - [TEST_STEP][PASSED] - delay(1): Delayed 1 second(s)

2022-03-28 13:03:57 - [MESSAGE][PASSED] - Delayed 1 second(s)

2022-03-28 13:03:57 - [TEST_STEP][PASSED] - verifyElementPresent(findTestObject("ME_CollateralAndLoan_Vehicle/input_Address_address"), 0): Object 'Object Repository/ME_CollateralAndLoan_Vehicle/input_Address_address' is present

2022-03-28 13:03:57 - [MESSAGE][WARNING] - Timeout '0' is invalid. Using default page load timeout: '30'

2022-03-28 13:03:57 - [MESSAGE][PASSED] - Object 'Object Repository/ME_CollateralAndLoan_Vehicle/input_Address_address' is present

2022-03-28 13:03:57 - [TEST_STEP][PASSED] - delay(1): Delayed 1 second(s)

2022-03-28 13:03:58 - [MESSAGE][PASSED] - Delayed 1 second(s)

2022-03-28 13:03:58 - [TEST_STEP][PASSED] - verifyElementPresent(findTestObject("ME_CollateralAndLoan_Vehicle/input_City_city"), 0): Object 'Object Repository/ME_CollateralAndLoan_Vehicle/input_City_city' is present

2022-03-28 13:03:58 - [MESSAGE][WARNING] - Timeout '0' is invalid. Using default page load timeout: '30'

2022-03-28 13:03:58 - [MESSAGE][PASSED] - Object 'Object Repository/ME_CollateralAndLoan_Vehicle/input_City_city' is present

2022-03-28 13:03:58 - [TEST_STEP][PASSED] - delay(1): Delayed 1 second(s)

2022-03-28 13:03:59 - [MESSAGE][PASSED] - Delayed 1 second(s)

2022-03-28 13:03:59 - [TEST_STEP][PASSED] - verifyElementPresent(findTestObject("ME_CollateralAndLoan_Vehicle/input_Telephone_phone"), 0): Object 'Object Repository/ME_CollateralAndLoan_Vehicle/input_Telephone_phone' is present

2022-03-28 13:03:59 - [MESSAGE][WARNING] - Timeout '0' is invalid. Using default page load timeout: '30'

2022-03-28 13:04:00 - [MESSAGE][PASSED] - Object 'Object Repository/ME_CollateralAndLoan_Vehicle/input_Telephone_phone' is present

2022-03-28 13:04:00 - [TEST_STEP][PASSED] - delay(1): Delayed 1 second(s)

2022-03-28 13:04:01 - [MESSAGE][PASSED] - Delayed 1 second(s)

2022-03-28 13:04:01 - [TEST_STEP][PASSED] - verifyElementPresent(findTestObject("ME_CollateralAndLoan_Vehicle/input_Authorize Dealer_authorizedDealer"), 0): Object 'Object Repository/ME_CollateralAndLoan_Vehicle/input_Authorize Dealer_authorizedDealer' is present

2022-03-28 13:04:01 - [MESSAGE][WARNING] - Timeout '0' is invalid. Using default page load timeout: '30'

2022-03-28 13:04:01 - [MESSAGE][PASSED] - Object 'Object Repository/ME_CollateralAndLoan_Vehicle/input_Authorize Dealer_authorizedDealer' is present

2022-03-28 13:04:01 - [TEST_STEP][PASSED] - delay(1): Delayed 1 second(s)

2022-03-28 13:04:02 - [MESSAGE][PASSED] - Delayed 1 second(s)

2022-03-28 13:04:02 - [TEST_STEP][PASSED] - verifyElementPresent(findTestObject("ME_CollateralAndLoan_Vehicle/input_Fax_fax"), 0): Object 'Object Repository/ME_CollateralAndLoan_Vehicle/input_Fax_fax' is present

2022-03-28 13:04:02 - [MESSAGE][WARNING] - Timeout '0' is invalid. Using default page load timeout: '30'

2022-03-28 13:04:02 - [MESSAGE][PASSED] - Object 'Object Repository/ME_CollateralAndLoan_Vehicle/input_Fax_fax' is present

2022-03-28 13:04:02 - [TEST_STEP][PASSED] - delay(1): Delayed 1 second(s)

2022-03-28 13:04:03 - [MESSAGE][PASSED] - Delayed 1 second(s)

2022-03-28 13:04:03 - [TEST_STEP][PASSED] - verifyElementPresent(findTestObject("ME_CollateralAndLoan_Vehicle/td_1-nomorrekening"), 0): Object 'Object Repository/ME_CollateralAndLoan_Vehicle/td_1-nomorrekening' is present

2022-03-28 13:04:03 - [MESSAGE][WARNING] - Timeout '0' is invalid. Using default page load timeout: '30'

2022-03-28 13:04:04 - [MESSAGE][PASSED] - Object 'Object Repository/ME_CollateralAndLoan_Vehicle/td_1-nomorrekening' is present

2022-03-28 13:04:04 - [TEST_STEP][PASSED] - takeFullPageScreenshotAsCheckpoint(userDir + sprint4WebScreenshootPath + "scenario-1-masuk-halaman-collateral-loan-vehicle.png"): Taking screenshot successfully

2022-03-28 13:04:04 - [MESSAGE][INFO] - 0 hidden object(s)

2022-03-28 13:04:05 - [MESSAGE][PASSED] - Taking screenshot successfully
[[ATTACHMENT|C:\Users\elanf\git\BCAF_MEAPP_i3\Screenshoot\Sprint4\Web\keyes\keyes-scenario-1-masuk-halaman-collateral-loan-vehicle.png]]

2022-03-28 13:04:05 - [TEST_STEP][PASSED] - markPassed("scenario 1 - Masuk halaman collateral loan vehicle"): scenario 1 - Masuk halaman collateral loan vehicle

2022-03-28 13:04:05 - [MESSAGE][PASSED] - scenario 1 - Masuk halaman collateral loan vehicle

2022-03-28 13:04:05 - [TEST_STEP][PASSED] - delay(1): Delayed 1 second(s)

2022-03-28 13:04:06 - [MESSAGE][PASSED] - Delayed 1 second(s)

2022-03-28 13:04:06 - [TEST_STEP][PASSED] - delay(1): Delayed 1 second(s)

2022-03-28 13:04:07 - [MESSAGE][PASSED] - Delayed 1 second(s)

2022-03-28 13:04:07 - [TEST_STEP][PASSED] - delay(1): Delayed 1 second(s)

2022-03-28 13:04:08 - [MESSAGE][PASSED] - Delayed 1 second(s)

2022-03-28 13:04:08 - [TEST_STEP][PASSED] - click(findTestObject("ME_CollateralAndLoan_Vehicle/button_Data Vehicle")): Object: 'Object Repository/ME_CollateralAndLoan_Vehicle/button_Data Vehicle' is clicked on

2022-03-28 13:04:08 - [MESSAGE][PASSED] - Object: 'Object Repository/ME_CollateralAndLoan_Vehicle/button_Data Vehicle' is clicked on

2022-03-28 13:04:08 - [TEST_STEP][PASSED] - delay(1): Delayed 1 second(s)

2022-03-28 13:04:09 - [MESSAGE][PASSED] - Delayed 1 second(s)

2022-03-28 13:04:09 - [TEST_STEP][PASSED] - takeFullPageScreenshotAsCheckpoint(userDir + sprint4WebScreenshootPath + "scenario-1-halaman-input-data-vehicle.png"): Taking screenshot successfully

2022-03-28 13:04:10 - [MESSAGE][INFO] - 0 hidden object(s)

2022-03-28 13:04:11 - [MESSAGE][PASSED] - Taking screenshot successfully
[[ATTACHMENT|C:\Users\elanf\git\BCAF_MEAPP_i3\Screenshoot\Sprint4\Web\keyes\keyes-scenario-1-halaman-input-data-vehicle.png]]

2022-03-28 13:04:11 - [TEST_STEP][PASSED] - markPassed("scenario 1 - halaman input data vehicle"): scenario 1 - halaman input data vehicle

2022-03-28 13:04:11 - [MESSAGE][PASSED] - scenario 1 - halaman input data vehicle

2022-03-28 13:04:11 - [TEST_STEP][PASSED] - delay(2): Delayed 2 second(s)

2022-03-28 13:04:13 - [MESSAGE][PASSED] - Delayed 2 second(s)

2022-03-28 13:04:13 - [TEST_STEP][PASSED] - scrollToElement(findTestObject("ME_CollateralAndLoan_Vehicle/button_Data Vehicle"), 0, STOP_ON_FAILURE): Scroll to object 'Object Repository/ME_CollateralAndLoan_Vehicle/button_Data Vehicle' successfully

2022-03-28 13:04:13 - [MESSAGE][WARNING] - Timeout '0' is invalid. Using default page load timeout: '30'

2022-03-28 13:04:13 - [MESSAGE][PASSED] - Scroll to object 'Object Repository/ME_CollateralAndLoan_Vehicle/button_Data Vehicle' successfully

2022-03-28 13:04:13 - [TEST_STEP][PASSED] - click(findTestObject("ME_CollateralAndLoan_Vehicle/input_used_carCondition-radio")): Object: 'Object Repository/ME_CollateralAndLoan_Vehicle/input_used_carCondition-radio' is clicked on

2022-03-28 13:04:13 - [MESSAGE][PASSED] - Object: 'Object Repository/ME_CollateralAndLoan_Vehicle/input_used_carCondition-radio' is clicked on

2022-03-28 13:04:13 - [TEST_STEP][PASSED] - delay(1): Delayed 1 second(s)

2022-03-28 13:04:14 - [MESSAGE][PASSED] - Delayed 1 second(s)

2022-03-28 13:04:14 - [TEST_STEP][PASSED] - click(findTestObject("Object Repository/ME_CollateralAndLoan_Vehicle/div_Pilih Product Code"), OPTIONAL): Object: 'Object Repository/ME_CollateralAndLoan_Vehicle/div_Pilih Product Code' is clicked on

2022-03-28 13:04:15 - [MESSAGE][PASSED] - Object: 'Object Repository/ME_CollateralAndLoan_Vehicle/div_Pilih Product Code' is clicked on

2022-03-28 13:04:15 - [TEST_STEP][PASSED] - delay(1): Delayed 1 second(s)

2022-03-28 13:04:16 - [MESSAGE][PASSED] - Delayed 1 second(s)

2022-03-28 13:04:16 - [TEST_STEP][PASSED] - setText(findTestObject("ME_CollateralAndLoan_Vehicle/input_productcode2"), "leasing"): Text 'leasing' is set on object 'Object Repository/ME_CollateralAndLoan_Vehicle/input_productcode2'

2022-03-28 13:04:17 - [MESSAGE][PASSED] - Text 'leasing' is set on object 'Object Repository/ME_CollateralAndLoan_Vehicle/input_productcode2'

2022-03-28 13:04:17 - [TEST_STEP][PASSED] - delay(1): Delayed 1 second(s)

2022-03-28 13:04:18 - [MESSAGE][PASSED] - Delayed 1 second(s)

2022-03-28 13:04:18 - [TEST_STEP][PASSED] - click(findTestObject("ME_CollateralAndLoan_Vehicle/span_Leasing")): Object: 'Object Repository/ME_CollateralAndLoan_Vehicle/span_Leasing' is clicked on

2022-03-28 13:04:18 - [MESSAGE][PASSED] - Object: 'Object Repository/ME_CollateralAndLoan_Vehicle/span_Leasing' is clicked on

2022-03-28 13:04:18 - [TEST_STEP][PASSED] - delay(1): Delayed 1 second(s)

2022-03-28 13:04:19 - [MESSAGE][PASSED] - Delayed 1 second(s)

2022-03-28 13:04:19 - [TEST_STEP][PASSED] - click(findTestObject("vehiclekedua/input_brand_kedua")): Object: 'Object Repository/vehiclekedua/input_brand_kedua' is clicked on

2022-03-28 13:04:19 - [MESSAGE][PASSED] - Object: 'Object Repository/vehiclekedua/input_brand_kedua' is clicked on

2022-03-28 13:04:19 - [TEST_STEP][PASSED] - delay(1): Delayed 1 second(s)

2022-03-28 13:04:20 - [MESSAGE][PASSED] - Delayed 1 second(s)

2022-03-28 13:04:20 - [TEST_STEP][PASSED] - setText(findTestObject("vehiclekedua/input_brand_kedua"), "toyota"): Text 'toyota' is set on object 'Object Repository/vehiclekedua/input_brand_kedua'

2022-03-28 13:04:21 - [MESSAGE][PASSED] - Text 'toyota' is set on object 'Object Repository/vehiclekedua/input_brand_kedua'

2022-03-28 13:04:21 - [TEST_STEP][PASSED] - delay(1): Delayed 1 second(s)

2022-03-28 13:04:22 - [MESSAGE][PASSED] - Delayed 1 second(s)

2022-03-28 13:04:22 - [TEST_STEP][PASSED] - click(findTestObject("ME_CollateralAndLoan_Vehicle/div_TOYOTA_brand")): Object: 'Object Repository/ME_CollateralAndLoan_Vehicle/div_TOYOTA_brand' is clicked on

2022-03-28 13:04:23 - [MESSAGE][PASSED] - Object: 'Object Repository/ME_CollateralAndLoan_Vehicle/div_TOYOTA_brand' is clicked on

2022-03-28 13:04:23 - [TEST_STEP][PASSED] - delay(1): Delayed 1 second(s)

2022-03-28 13:04:24 - [MESSAGE][PASSED] - Delayed 1 second(s)

2022-03-28 13:04:24 - [TEST_STEP][PASSED] - click(findTestObject("vehiclekedua/input_model_kedua"), OPTIONAL): Object: 'Object Repository/vehiclekedua/input_model_kedua' is clicked on

2022-03-28 13:04:24 - [MESSAGE][PASSED] - Object: 'Object Repository/vehiclekedua/input_model_kedua' is clicked on

2022-03-28 13:04:24 - [TEST_STEP][PASSED] - delay(1): Delayed 1 second(s)

2022-03-28 13:04:25 - [MESSAGE][PASSED] - Delayed 1 second(s)

2022-03-28 13:04:25 - [TEST_STEP][PASSED] - setText(findTestObject("vehiclekedua/input_model_kedua"), "ALL NEW HILUX", OPTIONAL): Text 'ALL NEW HILUX' is set on object 'Object Repository/vehiclekedua/input_model_kedua'

2022-03-28 13:04:26 - [MESSAGE][PASSED] - Text 'ALL NEW HILUX' is set on object 'Object Repository/vehiclekedua/input_model_kedua'

2022-03-28 13:04:26 - [TEST_STEP][PASSED] - delay(1): Delayed 1 second(s)

2022-03-28 13:04:27 - [MESSAGE][PASSED] - Delayed 1 second(s)

2022-03-28 13:04:27 - [TEST_STEP][PASSED] - click(findTestObject("ME_CollateralAndLoan_Vehicle/div_ALL NEW HILUX_model_datavehicle"), OPTIONAL): Object: 'Object Repository/ME_CollateralAndLoan_Vehicle/div_ALL NEW HILUX_model_datavehicle' is clicked on

2022-03-28 13:04:28 - [MESSAGE][PASSED] - Object: 'Object Repository/ME_CollateralAndLoan_Vehicle/div_ALL NEW HILUX_model_datavehicle' is clicked on

2022-03-28 13:04:28 - [TEST_STEP][PASSED] - delay(1): Delayed 1 second(s)

2022-03-28 13:04:29 - [MESSAGE][PASSED] - Delayed 1 second(s)

2022-03-28 13:04:29 - [TEST_STEP][PASSED] - waitForElementPresent(findTestObject("ME_CollateralAndLoan_Vehicle/input_typekendaraan"), 0): Object 'Object Repository/ME_CollateralAndLoan_Vehicle/input_typekendaraan' is present

2022-03-28 13:04:29 - [MESSAGE][WARNING] - Timeout '0' is invalid. Using default page load timeout: '30'

2022-03-28 13:04:29 - [MESSAGE][PASSED] - Object 'Object Repository/ME_CollateralAndLoan_Vehicle/input_typekendaraan' is present

2022-03-28 13:04:29 - [TEST_STEP][PASSED] - click(findTestObject("ME_CollateralAndLoan_Vehicle/input_typekendaraan"), OPTIONAL): Object: 'Object Repository/ME_CollateralAndLoan_Vehicle/input_typekendaraan' is clicked on

2022-03-28 13:04:29 - [MESSAGE][PASSED] - Object: 'Object Repository/ME_CollateralAndLoan_Vehicle/input_typekendaraan' is clicked on

2022-03-28 13:04:29 - [TEST_STEP][PASSED] - delay(1): Delayed 1 second(s)

2022-03-28 13:04:30 - [MESSAGE][PASSED] - Delayed 1 second(s)

2022-03-28 13:04:30 - [TEST_STEP][PASSED] - setText(findTestObject("ME_CollateralAndLoan_Vehicle/input_typekendaraan"), "ALL NEW HI LUX DOUBLE CABIN 2.4 G (4X4) M/T DIESEL 2017", OPTIONAL): Text 'ALL NEW HI LUX DOUBLE CABIN 2.4 G (4X4) M/T DIESEL 2017' is set on object 'Object Repository/ME_CollateralAndLoan_Vehicle/input_typekendaraan'

2022-03-28 13:04:32 - [MESSAGE][PASSED] - Text 'ALL NEW HI LUX DOUBLE CABIN 2.4 G (4X4) M/T DIESEL 2017' is set on object 'Object Repository/ME_CollateralAndLoan_Vehicle/input_typekendaraan'

2022-03-28 13:04:32 - [TEST_STEP][PASSED] - delay(1): Delayed 1 second(s)

2022-03-28 13:04:33 - [MESSAGE][PASSED] - Delayed 1 second(s)

2022-03-28 13:04:33 - [TEST_STEP][PASSED] - waitForElementPresent(findTestObject("ME_CollateralAndLoan_Vehicle/div_ALL NEW HI LUX DOUBLE CABIN 2.4 G (4X4) MT DIESEL 2017_type_datavehicle"), 0): Object 'Object Repository/ME_CollateralAndLoan_Vehicle/div_ALL NEW HI LUX DOUBLE CABIN 2.4 G (4X4) MT DIESEL 2017_type_datavehicle' is present

2022-03-28 13:04:33 - [MESSAGE][WARNING] - Timeout '0' is invalid. Using default page load timeout: '30'

2022-03-28 13:04:34 - [MESSAGE][PASSED] - Object 'Object Repository/ME_CollateralAndLoan_Vehicle/div_ALL NEW HI LUX DOUBLE CABIN 2.4 G (4X4) MT DIESEL 2017_type_datavehicle' is present

2022-03-28 13:04:34 - [TEST_STEP][PASSED] - click(findTestObject("ME_CollateralAndLoan_Vehicle/div_ALL NEW HI LUX DOUBLE CABIN 2.4 G (4X4) MT DIESEL 2017_type_datavehicle"), OPTIONAL): Object: 'Object Repository/ME_CollateralAndLoan_Vehicle/div_ALL NEW HI LUX DOUBLE CABIN 2.4 G (4X4) MT DIESEL 2017_type_datavehicle' is clicked on

2022-03-28 13:04:34 - [MESSAGE][PASSED] - Object: 'Object Repository/ME_CollateralAndLoan_Vehicle/div_ALL NEW HI LUX DOUBLE CABIN 2.4 G (4X4) MT DIESEL 2017_type_datavehicle' is clicked on

2022-03-28 13:04:34 - [TEST_STEP][PASSED] - delay(1): Delayed 1 second(s)

2022-03-28 13:04:35 - [MESSAGE][PASSED] - Delayed 1 second(s)

2022-03-28 13:04:35 - [TEST_STEP][PASSED] - click(findTestObject("vehiclekedua/input_packet_kedua"), OPTIONAL): Object: 'Object Repository/vehiclekedua/input_packet_kedua' is clicked on

2022-03-28 13:04:35 - [MESSAGE][PASSED] - Object: 'Object Repository/vehiclekedua/input_packet_kedua' is clicked on

2022-03-28 13:04:35 - [TEST_STEP][PASSED] - delay(1): Delayed 1 second(s)

2022-03-28 13:04:36 - [MESSAGE][PASSED] - Delayed 1 second(s)

2022-03-28 13:04:36 - [TEST_STEP][PASSED] - setText(findTestObject("vehiclekedua/input_packet_kedua"), "BCAI - IIMS - SUBS OTR ADDB", OPTIONAL): Text 'BCAI - IIMS - SUBS OTR ADDB' is set on object 'Object Repository/vehiclekedua/input_packet_kedua'

2022-03-28 13:05:05 - [MESSAGE][PASSED] - Text 'BCAI - IIMS - SUBS OTR ADDB' is set on object 'Object Repository/vehiclekedua/input_packet_kedua'

2022-03-28 13:05:05 - [TEST_STEP][PASSED] - delay(1): Delayed 1 second(s)

2022-03-28 13:05:06 - [MESSAGE][PASSED] - Delayed 1 second(s)

2022-03-28 13:05:06 - [TEST_STEP][PASSED] - waitForElementPresent(findTestObject("ME_CollateralAndLoan_Vehicle/div_BCAI - IIMS - SUBS OTR ADDB"), 300): Object 'Object Repository/ME_CollateralAndLoan_Vehicle/div_BCAI - IIMS - SUBS OTR ADDB' is present

2022-03-28 13:05:07 - [MESSAGE][PASSED] - Object 'Object Repository/ME_CollateralAndLoan_Vehicle/div_BCAI - IIMS - SUBS OTR ADDB' is present

2022-03-28 13:05:07 - [TEST_STEP][PASSED] - delay(1): Delayed 1 second(s)

2022-03-28 13:05:08 - [MESSAGE][PASSED] - Delayed 1 second(s)

2022-03-28 13:05:08 - [TEST_STEP][PASSED] - click(findTestObject("ME_CollateralAndLoan_Vehicle/div_BCAI - IIMS - SUBS OTR ADDB")): Object: 'Object Repository/ME_CollateralAndLoan_Vehicle/div_BCAI - IIMS - SUBS OTR ADDB' is clicked on

2022-03-28 13:05:08 - [MESSAGE][PASSED] - Object: 'Object Repository/ME_CollateralAndLoan_Vehicle/div_BCAI - IIMS - SUBS OTR ADDB' is clicked on

2022-03-28 13:05:08 - [TEST_STEP][PASSED] - delay(1): Delayed 1 second(s)

2022-03-28 13:05:09 - [MESSAGE][PASSED] - Delayed 1 second(s)

2022-03-28 13:05:09 - [TEST_STEP][PASSED] - setText(findTestObject("ME_CollateralAndLoan_Vehicle/input_Keterangan Type Kendaraan_keteranganType"), "bekas"): Text 'bekas' is set on object 'Object Repository/ME_CollateralAndLoan_Vehicle/input_Keterangan Type Kendaraan_keteranganType'

2022-03-28 13:05:10 - [MESSAGE][PASSED] - Text 'bekas' is set on object 'Object Repository/ME_CollateralAndLoan_Vehicle/input_Keterangan Type Kendaraan_keteranganType'

2022-03-28 13:05:10 - [TEST_STEP][PASSED] - delay(1): Delayed 1 second(s)

2022-03-28 13:05:11 - [MESSAGE][PASSED] - Delayed 1 second(s)

2022-03-28 13:05:11 - [TEST_STEP][PASSED] - setText(findTestObject("ME_CollateralAndLoan_Vehicle/input_Year_year (1)"), "2020"): Text '2020' is set on object 'Object Repository/ME_CollateralAndLoan_Vehicle/input_Year_year (1)'

2022-03-28 13:05:12 - [MESSAGE][PASSED] - Text '2020' is set on object 'Object Repository/ME_CollateralAndLoan_Vehicle/input_Year_year (1)'

2022-03-28 13:05:12 - [TEST_STEP][PASSED] - delay(1): Delayed 1 second(s)

2022-03-28 13:05:13 - [MESSAGE][PASSED] - Delayed 1 second(s)

2022-03-28 13:05:13 - [TEST_STEP][PASSED] - click(findTestObject("ME_CollateralAndLoan_Vehicle/a_Capture File_bpkb")): Object: 'Object Repository/ME_CollateralAndLoan_Vehicle/a_Capture File_bpkb' is clicked on

2022-03-28 13:05:13 - [MESSAGE][PASSED] - Object: 'Object Repository/ME_CollateralAndLoan_Vehicle/a_Capture File_bpkb' is clicked on

2022-03-28 13:05:13 - [TEST_STEP][PASSED] - delay(1): Delayed 1 second(s)

2022-03-28 13:05:14 - [MESSAGE][PASSED] - Delayed 1 second(s)

2022-03-28 13:05:14 - [TEST_STEP][PASSED] - uploadFile(findTestObject("MEApp_AppBaru_InisiasiKonsumen/Capture_"), userDir + pathfinder_npwp): File 'C:/Users/elanf/git/BCAF_MEAPP_i3/Assets/npwp-dummy.jpg' sent to object: 'Object Repository/MEApp_AppBaru_InisiasiKonsumen/Capture_'

2022-03-28 13:05:15 - [MESSAGE][PASSED] - File 'C:/Users/elanf/git/BCAF_MEAPP_i3/Assets/npwp-dummy.jpg' sent to object: 'Object Repository/MEApp_AppBaru_InisiasiKonsumen/Capture_'

2022-03-28 13:05:15 - [TEST_STEP][PASSED] - delay(1): Delayed 1 second(s)

2022-03-28 13:05:16 - [MESSAGE][PASSED] - Delayed 1 second(s)

2022-03-28 13:05:16 - [TEST_STEP][PASSED] - click(findTestObject("ME_CollateralAndLoan_Vehicle/a_Capture Files_stnk_datavehicle")): Object: 'Object Repository/ME_CollateralAndLoan_Vehicle/a_Capture Files_stnk_datavehicle' is clicked on

2022-03-28 13:05:16 - [MESSAGE][PASSED] - Object: 'Object Repository/ME_CollateralAndLoan_Vehicle/a_Capture Files_stnk_datavehicle' is clicked on

2022-03-28 13:05:16 - [TEST_STEP][PASSED] - delay(1): Delayed 1 second(s)

2022-03-28 13:05:17 - [MESSAGE][PASSED] - Delayed 1 second(s)

2022-03-28 13:05:17 - [TEST_STEP][PASSED] - uploadFile(findTestObject("MEApp_AppBaru_InisiasiKonsumen/Capture_"), userDir + pathfinder_npwp): File 'C:/Users/elanf/git/BCAF_MEAPP_i3/Assets/npwp-dummy.jpg' sent to object: 'Object Repository/MEApp_AppBaru_InisiasiKonsumen/Capture_'

2022-03-28 13:05:17 - [MESSAGE][PASSED] - File 'C:/Users/elanf/git/BCAF_MEAPP_i3/Assets/npwp-dummy.jpg' sent to object: 'Object Repository/MEApp_AppBaru_InisiasiKonsumen/Capture_'

2022-03-28 13:05:17 - [TEST_STEP][PASSED] - delay(1): Delayed 1 second(s)

2022-03-28 13:05:18 - [MESSAGE][PASSED] - Delayed 1 second(s)

2022-03-28 13:05:18 - [TEST_STEP][PASSED] - setText(findTestObject("ME_CollateralAndLoan_Vehicle/input_Color_text-input (1)"), "hitam"): Text 'hitam' is set on object 'Object Repository/ME_CollateralAndLoan_Vehicle/input_Color_text-input (1)'

2022-03-28 13:05:19 - [MESSAGE][PASSED] - Text 'hitam' is set on object 'Object Repository/ME_CollateralAndLoan_Vehicle/input_Color_text-input (1)'

2022-03-28 13:05:19 - [TEST_STEP][PASSED] - delay(1): Delayed 1 second(s)

2022-03-28 13:05:20 - [MESSAGE][PASSED] - Delayed 1 second(s)

2022-03-28 13:05:20 - [TEST_STEP][PASSED] - setText(findTestObject("ME_CollateralAndLoan_Vehicle/input_BPKB No_text-input"), "1111111111"): Text '1111111111' is set on object 'Object Repository/ME_CollateralAndLoan_Vehicle/input_BPKB No_text-input'

2022-03-28 13:05:21 - [MESSAGE][PASSED] - Text '1111111111' is set on object 'Object Repository/ME_CollateralAndLoan_Vehicle/input_BPKB No_text-input'

2022-03-28 13:05:21 - [TEST_STEP][PASSED] - delay(1): Delayed 1 second(s)

2022-03-28 13:05:22 - [MESSAGE][PASSED] - Delayed 1 second(s)

2022-03-28 13:05:22 - [TEST_STEP][PASSED] - setText(findTestObject("ME_CollateralAndLoan_Vehicle/input_Engine No_text-input"), "1111111111"): Text '1111111111' is set on object 'Object Repository/ME_CollateralAndLoan_Vehicle/input_Engine No_text-input'

2022-03-28 13:05:23 - [MESSAGE][PASSED] - Text '1111111111' is set on object 'Object Repository/ME_CollateralAndLoan_Vehicle/input_Engine No_text-input'

2022-03-28 13:05:23 - [TEST_STEP][PASSED] - delay(1): Delayed 1 second(s)

2022-03-28 13:05:24 - [MESSAGE][PASSED] - Delayed 1 second(s)

2022-03-28 13:05:24 - [TEST_STEP][PASSED] - setText(findTestObject("ME_CollateralAndLoan_Vehicle/input_Police No_text-input"), "B1234AB"): Text 'B1234AB' is set on object 'Object Repository/ME_CollateralAndLoan_Vehicle/input_Police No_text-input'

2022-03-28 13:05:25 - [MESSAGE][PASSED] - Text 'B1234AB' is set on object 'Object Repository/ME_CollateralAndLoan_Vehicle/input_Police No_text-input'

2022-03-28 13:05:25 - [TEST_STEP][PASSED] - delay(1): Delayed 1 second(s)

2022-03-28 13:05:26 - [MESSAGE][PASSED] - Delayed 1 second(s)

2022-03-28 13:05:26 - [TEST_STEP][PASSED] - setText(findTestObject("ME_CollateralAndLoan_Vehicle/input_Body No_text-input"), "1111111111"): Text '1111111111' is set on object 'Object Repository/ME_CollateralAndLoan_Vehicle/input_Body No_text-input'

2022-03-28 13:05:26 - [MESSAGE][PASSED] - Text '1111111111' is set on object 'Object Repository/ME_CollateralAndLoan_Vehicle/input_Body No_text-input'

2022-03-28 13:05:26 - [TEST_STEP][PASSED] - delay(1): Delayed 1 second(s)

2022-03-28 13:05:27 - [MESSAGE][PASSED] - Delayed 1 second(s)

2022-03-28 13:05:27 - [TEST_STEP][PASSED] - click(findTestObject("vehiclekedua/input_purpose_kedua"), OPTIONAL): Object: 'Object Repository/vehiclekedua/input_purpose_kedua' is clicked on

2022-03-28 13:05:28 - [MESSAGE][PASSED] - Object: 'Object Repository/vehiclekedua/input_purpose_kedua' is clicked on

2022-03-28 13:05:28 - [TEST_STEP][PASSED] - delay(1): Delayed 1 second(s)

2022-03-28 13:05:29 - [MESSAGE][PASSED] - Delayed 1 second(s)

2022-03-28 13:05:29 - [TEST_STEP][PASSED] - setText(findTestObject("vehiclekedua/input_purpose_kedua"), "operasional", OPTIONAL): Text 'operasional' is set on object 'Object Repository/vehiclekedua/input_purpose_kedua'

2022-03-28 13:05:30 - [MESSAGE][PASSED] - Text 'operasional' is set on object 'Object Repository/vehiclekedua/input_purpose_kedua'

2022-03-28 13:05:30 - [TEST_STEP][PASSED] - delay(1): Delayed 1 second(s)

2022-03-28 13:05:31 - [MESSAGE][PASSED] - Delayed 1 second(s)

2022-03-28 13:05:31 - [TEST_STEP][PASSED] - click(findTestObject("ME_CollateralAndLoan_Vehicle/div_Operasional"), OPTIONAL): Object: 'Object Repository/ME_CollateralAndLoan_Vehicle/div_Operasional' is clicked on

2022-03-28 13:05:31 - [MESSAGE][PASSED] - Object: 'Object Repository/ME_CollateralAndLoan_Vehicle/div_Operasional' is clicked on

2022-03-28 13:05:31 - [TEST_STEP][PASSED] - delay(1): Delayed 1 second(s)

2022-03-28 13:05:32 - [MESSAGE][PASSED] - Delayed 1 second(s)

2022-03-28 13:05:32 - [TEST_STEP][PASSED] - setText(findTestObject("ME_CollateralAndLoan_Vehicle/input_BPKB Owner_text-input"), "sendiri"): Text 'sendiri' is set on object 'Object Repository/ME_CollateralAndLoan_Vehicle/input_BPKB Owner_text-input'

2022-03-28 13:05:33 - [MESSAGE][PASSED] - Text 'sendiri' is set on object 'Object Repository/ME_CollateralAndLoan_Vehicle/input_BPKB Owner_text-input'

2022-03-28 13:05:33 - [TEST_STEP][PASSED] - delay(1): Delayed 1 second(s)

2022-03-28 13:05:34 - [MESSAGE][PASSED] - Delayed 1 second(s)

2022-03-28 13:05:34 - [TEST_STEP][PASSED] - click(findTestObject("vehiclekedua/input_hubungan_bpkbownerdgdebitur_kedua"), OPTIONAL): Object: 'Object Repository/vehiclekedua/input_hubungan_bpkbownerdgdebitur_kedua' is clicked on

2022-03-28 13:05:34 - [MESSAGE][PASSED] - Object: 'Object Repository/vehiclekedua/input_hubungan_bpkbownerdgdebitur_kedua' is clicked on

2022-03-28 13:05:34 - [TEST_STEP][PASSED] - delay(1): Delayed 1 second(s)

2022-03-28 13:05:35 - [MESSAGE][PASSED] - Delayed 1 second(s)

2022-03-28 13:05:35 - [TEST_STEP][PASSED] - setText(findTestObject("vehiclekedua/input_hubungan_bpkbownerdgdebitur_kedua"), "pasangan", OPTIONAL): Text 'pasangan' is set on object 'Object Repository/vehiclekedua/input_hubungan_bpkbownerdgdebitur_kedua'

2022-03-28 13:05:36 - [MESSAGE][PASSED] - Text 'pasangan' is set on object 'Object Repository/vehiclekedua/input_hubungan_bpkbownerdgdebitur_kedua'

2022-03-28 13:05:36 - [TEST_STEP][PASSED] - delay(1): Delayed 1 second(s)

2022-03-28 13:05:37 - [MESSAGE][PASSED] - Delayed 1 second(s)

2022-03-28 13:05:37 - [TEST_STEP][PASSED] - click(findTestObject("ME_CollateralAndLoan_Vehicle/div_pasangan"), OPTIONAL): Object: 'Object Repository/ME_CollateralAndLoan_Vehicle/div_pasangan' is clicked on

2022-03-28 13:05:37 - [MESSAGE][PASSED] - Object: 'Object Repository/ME_CollateralAndLoan_Vehicle/div_pasangan' is clicked on

2022-03-28 13:05:37 - [TEST_STEP][PASSED] - delay(1): Delayed 1 second(s)

2022-03-28 13:05:38 - [MESSAGE][PASSED] - Delayed 1 second(s)

2022-03-28 13:05:38 - [TEST_STEP][PASSED] - click(findTestObject("ME_CollateralAndLoan_Vehicle/input_Tujuan Penggunaan Kendaraan_nonproduktif"), OPTIONAL): Object: 'Object Repository/ME_CollateralAndLoan_Vehicle/input_Tujuan Penggunaan Kendaraan_nonproduktif' is clicked on

2022-03-28 13:05:39 - [MESSAGE][PASSED] - Object: 'Object Repository/ME_CollateralAndLoan_Vehicle/input_Tujuan Penggunaan Kendaraan_nonproduktif' is clicked on

2022-03-28 13:05:39 - [TEST_STEP][PASSED] - delay(1): Delayed 1 second(s)

2022-03-28 13:05:40 - [MESSAGE][PASSED] - Delayed 1 second(s)

2022-03-28 13:05:40 - [TEST_STEP][PASSED] - click(findTestObject("ME_CollateralAndLoan_Vehicle/input_Tujuan Penggunaan Kendaraan_produktif"), OPTIONAL): Object: 'Object Repository/ME_CollateralAndLoan_Vehicle/input_Tujuan Penggunaan Kendaraan_produktif' is clicked on

2022-03-28 13:05:40 - [MESSAGE][PASSED] - Object: 'Object Repository/ME_CollateralAndLoan_Vehicle/input_Tujuan Penggunaan Kendaraan_produktif' is clicked on

2022-03-28 13:05:40 - [TEST_STEP][PASSED] - delay(1): Delayed 1 second(s)

2022-03-28 13:05:41 - [MESSAGE][PASSED] - Delayed 1 second(s)

2022-03-28 13:05:41 - [TEST_STEP][PASSED] - takeFullPageScreenshotAsCheckpoint(userDir + sprint4WebScreenshootPath + "scenario-1-berhasil-input-data-vehicle.png"): Taking screenshot successfully

2022-03-28 13:05:42 - [MESSAGE][INFO] - 0 hidden object(s)

2022-03-28 13:05:43 - [MESSAGE][PASSED] - Taking screenshot successfully
[[ATTACHMENT|C:\Users\elanf\git\BCAF_MEAPP_i3\Screenshoot\Sprint4\Web\keyes\keyes-scenario-1-berhasil-input-data-vehicle.png]]

2022-03-28 13:05:43 - [TEST_STEP][PASSED] - markPassed("scenario 1 - berhasil input data vehicle"): scenario 1 - berhasil input data vehicle

2022-03-28 13:05:43 - [MESSAGE][PASSED] - scenario 1 - berhasil input data vehicle

2022-03-28 13:05:43 - [TEST_STEP][PASSED] - delay(1): Delayed 1 second(s)

2022-03-28 13:05:44 - [MESSAGE][PASSED] - Delayed 1 second(s)

2022-03-28 13:05:44 - [TEST_STEP][PASSED] - delay(1): Delayed 1 second(s)

2022-03-28 13:05:45 - [MESSAGE][PASSED] - Delayed 1 second(s)

2022-03-28 13:05:45 - [TEST_STEP][PASSED] - click(findTestObject("ME_CollateralAndLoan_Vehicle/button_Loan Data"), OPTIONAL): Object: 'Object Repository/ME_CollateralAndLoan_Vehicle/button_Loan Data' is clicked on

2022-03-28 13:05:45 - [MESSAGE][PASSED] - Object: 'Object Repository/ME_CollateralAndLoan_Vehicle/button_Loan Data' is clicked on

2022-03-28 13:05:45 - [TEST_STEP][PASSED] - delay(1): Delayed 1 second(s)

2022-03-28 13:05:46 - [MESSAGE][PASSED] - Delayed 1 second(s)

2022-03-28 13:05:46 - [TEST_STEP][PASSED] - takeFullPageScreenshotAsCheckpoint(userDir + sprint4WebScreenshootPath + "scenario-1-halaman-input-loan-data.png"): Taking screenshot successfully

2022-03-28 13:05:48 - [MESSAGE][INFO] - 0 hidden object(s)

2022-03-28 13:05:48 - [MESSAGE][PASSED] - Taking screenshot successfully
[[ATTACHMENT|C:\Users\elanf\git\BCAF_MEAPP_i3\Screenshoot\Sprint4\Web\keyes\keyes-scenario-1-halaman-input-loan-data.png]]

2022-03-28 13:05:48 - [TEST_STEP][PASSED] - markPassed("scenario 1 - halaman input loan data"): scenario 1 - halaman input loan data

2022-03-28 13:05:48 - [MESSAGE][PASSED] - scenario 1 - halaman input loan data

2022-03-28 13:05:48 - [TEST_STEP][PASSED] - delay(1): Delayed 1 second(s)

2022-03-28 13:05:49 - [MESSAGE][PASSED] - Delayed 1 second(s)

2022-03-28 13:05:49 - [TEST_STEP][PASSED] - scrollToElement(findTestObject("ME_CollateralAndLoan_Vehicle/button_Loan Data"), 0): Scroll to object 'Object Repository/ME_CollateralAndLoan_Vehicle/button_Loan Data' successfully

2022-03-28 13:05:49 - [MESSAGE][WARNING] - Timeout '0' is invalid. Using default page load timeout: '30'

2022-03-28 13:05:50 - [MESSAGE][PASSED] - Scroll to object 'Object Repository/ME_CollateralAndLoan_Vehicle/button_Loan Data' successfully

2022-03-28 13:05:50 - [TEST_STEP][PASSED] - delay(1): Delayed 1 second(s)

2022-03-28 13:05:51 - [MESSAGE][PASSED] - Delayed 1 second(s)

2022-03-28 13:05:51 - [TEST_STEP][PASSED] - setText(findTestObject("ME_CollateralAndLoan_Vehicle/input_On The Road Price_otr"), "150000000"): Text '150000000' is set on object 'Object Repository/ME_CollateralAndLoan_Vehicle/input_On The Road Price_otr'

2022-03-28 13:05:52 - [MESSAGE][PASSED] - Text '150000000' is set on object 'Object Repository/ME_CollateralAndLoan_Vehicle/input_On The Road Price_otr'

2022-03-28 13:05:52 - [TEST_STEP][PASSED] - delay(1): Delayed 1 second(s)

2022-03-28 13:05:53 - [MESSAGE][PASSED] - Delayed 1 second(s)

2022-03-28 13:05:53 - [TEST_STEP][PASSED] - setText(findTestObject("ME_CollateralAndLoan_Vehicle/input_Down Payment_dpNominal"), "0"): Text '0' is set on object 'Object Repository/ME_CollateralAndLoan_Vehicle/input_Down Payment_dpNominal'

2022-03-28 13:05:53 - [MESSAGE][PASSED] - Text '0' is set on object 'Object Repository/ME_CollateralAndLoan_Vehicle/input_Down Payment_dpNominal'

2022-03-28 13:05:53 - [TEST_STEP][PASSED] - delay(1): Delayed 1 second(s)

2022-03-28 13:05:54 - [MESSAGE][PASSED] - Delayed 1 second(s)

2022-03-28 13:05:54 - [TEST_STEP][PASSED] - setText(findTestObject("ME_CollateralAndLoan_Vehicle/input_DP_dpPercent"), "30"): Text '30' is set on object 'Object Repository/ME_CollateralAndLoan_Vehicle/input_DP_dpPercent'

2022-03-28 13:05:55 - [MESSAGE][PASSED] - Text '30' is set on object 'Object Repository/ME_CollateralAndLoan_Vehicle/input_DP_dpPercent'

2022-03-28 13:05:55 - [TEST_STEP][PASSED] - delay(1): Delayed 1 second(s)

2022-03-28 13:05:56 - [MESSAGE][PASSED] - Delayed 1 second(s)

2022-03-28 13:05:56 - [TEST_STEP][PASSED] - setText(findTestObject("ME_CollateralAndLoan_Vehicle/input_Tenor (bulan)_tenor1"), "48"): Text '48' is set on object 'Object Repository/ME_CollateralAndLoan_Vehicle/input_Tenor (bulan)_tenor1'

2022-03-28 13:05:57 - [MESSAGE][PASSED] - Text '48' is set on object 'Object Repository/ME_CollateralAndLoan_Vehicle/input_Tenor (bulan)_tenor1'

2022-03-28 13:05:57 - [TEST_STEP][PASSED] - delay(1): Delayed 1 second(s)

2022-03-28 13:05:58 - [MESSAGE][PASSED] - Delayed 1 second(s)

2022-03-28 13:05:58 - [TEST_STEP][PASSED] - click(findTestObject("ME_CollateralAndLoan_Vehicle/input_Loan Type_inadvance"), OPTIONAL): Object: 'Object Repository/ME_CollateralAndLoan_Vehicle/input_Loan Type_inadvance' is clicked on

2022-03-28 13:05:58 - [MESSAGE][PASSED] - Object: 'Object Repository/ME_CollateralAndLoan_Vehicle/input_Loan Type_inadvance' is clicked on

2022-03-28 13:05:58 - [TEST_STEP][PASSED] - delay(1): Delayed 1 second(s)

2022-03-28 13:05:59 - [MESSAGE][PASSED] - Delayed 1 second(s)

2022-03-28 13:05:59 - [TEST_STEP][PASSED] - setText(findTestObject("ME_CollateralAndLoan_Vehicle/input_Flat Rate_flatRate"), "7"): Text '7' is set on object 'Object Repository/ME_CollateralAndLoan_Vehicle/input_Flat Rate_flatRate'

2022-03-28 13:06:00 - [MESSAGE][PASSED] - Text '7' is set on object 'Object Repository/ME_CollateralAndLoan_Vehicle/input_Flat Rate_flatRate'

2022-03-28 13:06:00 - [TEST_STEP][PASSED] - delay(1): Delayed 1 second(s)

2022-03-28 13:06:01 - [MESSAGE][PASSED] - Delayed 1 second(s)

2022-03-28 13:06:01 - [TEST_STEP][PASSED] - setText(findTestObject("ME_CollateralAndLoan_Vehicle/input_Flat Rate 2_flatRate2"), "7"): Text '7' is set on object 'Object Repository/ME_CollateralAndLoan_Vehicle/input_Flat Rate 2_flatRate2'

2022-03-28 13:06:01 - [MESSAGE][PASSED] - Text '7' is set on object 'Object Repository/ME_CollateralAndLoan_Vehicle/input_Flat Rate 2_flatRate2'

2022-03-28 13:06:01 - [TEST_STEP][PASSED] - delay(1): Delayed 1 second(s)

2022-03-28 13:06:02 - [MESSAGE][PASSED] - Delayed 1 second(s)

2022-03-28 13:06:02 - [TEST_STEP][PASSED] - click(findTestObject("ME_CollateralAndLoan_Vehicle/input_Effective Rate_effectiveRate"), OPTIONAL): Object: 'Object Repository/ME_CollateralAndLoan_Vehicle/input_Effective Rate_effectiveRate' is clicked on

2022-03-28 13:06:03 - [MESSAGE][PASSED] - Object: 'Object Repository/ME_CollateralAndLoan_Vehicle/input_Effective Rate_effectiveRate' is clicked on

2022-03-28 13:06:03 - [TEST_STEP][PASSED] - delay(1): Delayed 1 second(s)

2022-03-28 13:06:04 - [MESSAGE][PASSED] - Delayed 1 second(s)

2022-03-28 13:06:04 - [TEST_STEP][PASSED] - click(findTestObject("ME_CollateralAndLoan_Vehicle/input_Effective Rate 2_effectiveRate2"), OPTIONAL): Object: 'Object Repository/ME_CollateralAndLoan_Vehicle/input_Effective Rate 2_effectiveRate2' is clicked on

2022-03-28 13:06:04 - [MESSAGE][PASSED] - Object: 'Object Repository/ME_CollateralAndLoan_Vehicle/input_Effective Rate 2_effectiveRate2' is clicked on

2022-03-28 13:06:04 - [TEST_STEP][PASSED] - delay(1): Delayed 1 second(s)

2022-03-28 13:06:05 - [MESSAGE][PASSED] - Delayed 1 second(s)

2022-03-28 13:06:05 - [TEST_STEP][PASSED] - setText(findTestObject("ME_CollateralAndLoan_Vehicle/input_Provisional Percent_provisionPercent"), "2"): Text '2' is set on object 'Object Repository/ME_CollateralAndLoan_Vehicle/input_Provisional Percent_provisionPercent'

2022-03-28 13:06:06 - [MESSAGE][PASSED] - Text '2' is set on object 'Object Repository/ME_CollateralAndLoan_Vehicle/input_Provisional Percent_provisionPercent'

2022-03-28 13:06:06 - [TEST_STEP][PASSED] - delay(1): Delayed 1 second(s)

2022-03-28 13:06:07 - [MESSAGE][PASSED] - Delayed 1 second(s)

2022-03-28 13:06:07 - [TEST_STEP][PASSED] - click(findTestObject("ME_CollateralAndLoan_Vehicle/input_Provisional Payment_prepaid"), OPTIONAL): Object: 'Object Repository/ME_CollateralAndLoan_Vehicle/input_Provisional Payment_prepaid' is clicked on

2022-03-28 13:06:08 - [MESSAGE][PASSED] - Object: 'Object Repository/ME_CollateralAndLoan_Vehicle/input_Provisional Payment_prepaid' is clicked on

2022-03-28 13:06:08 - [TEST_STEP][PASSED] - delay(1): Delayed 1 second(s)

2022-03-28 13:06:09 - [MESSAGE][PASSED] - Delayed 1 second(s)

2022-03-28 13:06:09 - [TEST_STEP][PASSED] - setText(findTestObject("ME_CollateralAndLoan_Vehicle/input_Adm Fee_admFee"), "2000000"): Text '2000000' is set on object 'Object Repository/ME_CollateralAndLoan_Vehicle/input_Adm Fee_admFee'

2022-03-28 13:06:09 - [MESSAGE][PASSED] - Text '2000000' is set on object 'Object Repository/ME_CollateralAndLoan_Vehicle/input_Adm Fee_admFee'

2022-03-28 13:06:09 - [TEST_STEP][PASSED] - delay(1): Delayed 1 second(s)

2022-03-28 13:06:10 - [MESSAGE][PASSED] - Delayed 1 second(s)

2022-03-28 13:06:10 - [TEST_STEP][PASSED] - click(findTestObject("ME_CollateralAndLoan_Vehicle/input_Adm Fee Payment_onloan"), OPTIONAL): Object: 'Object Repository/ME_CollateralAndLoan_Vehicle/input_Adm Fee Payment_onloan' is clicked on

2022-03-28 13:06:11 - [MESSAGE][PASSED] - Object: 'Object Repository/ME_CollateralAndLoan_Vehicle/input_Adm Fee Payment_onloan' is clicked on

2022-03-28 13:06:11 - [TEST_STEP][PASSED] - delay(1): Delayed 1 second(s)

2022-03-28 13:06:12 - [MESSAGE][PASSED] - Delayed 1 second(s)

2022-03-28 13:06:12 - [TEST_STEP][PASSED] - click(findTestObject("ME_CollateralAndLoan_Vehicle/input_Adm Fee Payment_prepaid"), OPTIONAL): Object: 'Object Repository/ME_CollateralAndLoan_Vehicle/input_Adm Fee Payment_prepaid' is clicked on

2022-03-28 13:06:12 - [MESSAGE][PASSED] - Object: 'Object Repository/ME_CollateralAndLoan_Vehicle/input_Adm Fee Payment_prepaid' is clicked on

2022-03-28 13:06:12 - [TEST_STEP][PASSED] - delay(1): Delayed 1 second(s)

2022-03-28 13:06:13 - [MESSAGE][PASSED] - Delayed 1 second(s)

2022-03-28 13:06:13 - [TEST_STEP][PASSED] - click(findTestObject("ME_CollateralAndLoan_Vehicle/input_gabung_jenisUnit20"), OPTIONAL): Object: 'Object Repository/ME_CollateralAndLoan_Vehicle/input_gabung_jenisUnit20' is clicked on

2022-03-28 13:06:14 - [MESSAGE][PASSED] - Object: 'Object Repository/ME_CollateralAndLoan_Vehicle/input_gabung_jenisUnit20' is clicked on

2022-03-28 13:06:14 - [TEST_STEP][PASSED] - takeFullPageScreenshotAsCheckpoint(userDir + sprint4WebScreenshootPath + "scenario-1-berhasil-input-data-loan.png"): Taking screenshot successfully

2022-03-28 13:06:15 - [MESSAGE][INFO] - 0 hidden object(s)

2022-03-28 13:06:15 - [MESSAGE][PASSED] - Taking screenshot successfully
[[ATTACHMENT|C:\Users\elanf\git\BCAF_MEAPP_i3\Screenshoot\Sprint4\Web\keyes\keyes-scenario-1-berhasil-input-data-loan.png]]

2022-03-28 13:06:15 - [TEST_STEP][PASSED] - markPassed("scenario 1 - berhasil input data loan"): scenario 1 - berhasil input data loan

2022-03-28 13:06:15 - [MESSAGE][PASSED] - scenario 1 - berhasil input data loan

2022-03-28 13:06:15 - [TEST_STEP][PASSED] - delay(1): Delayed 1 second(s)

2022-03-28 13:06:16 - [MESSAGE][PASSED] - Delayed 1 second(s)

2022-03-28 13:06:16 - [TEST_STEP][PASSED] - delay(1): Delayed 1 second(s)

2022-03-28 13:06:17 - [MESSAGE][PASSED] - Delayed 1 second(s)

2022-03-28 13:06:17 - [TEST_STEP][PASSED] - click(findTestObject("ME_CollateralAndLoan_Vehicle/button_Insurance"), OPTIONAL): Object: 'Object Repository/ME_CollateralAndLoan_Vehicle/button_Insurance' is clicked on

2022-03-28 13:06:18 - [MESSAGE][PASSED] - Object: 'Object Repository/ME_CollateralAndLoan_Vehicle/button_Insurance' is clicked on

2022-03-28 13:06:18 - [TEST_STEP][PASSED] - delay(1): Delayed 1 second(s)

2022-03-28 13:06:19 - [MESSAGE][PASSED] - Delayed 1 second(s)

2022-03-28 13:06:19 - [TEST_STEP][PASSED] - click(findTestObject("ME_CollateralAndLoan_Vehicle/input_Insurance_inline-checkbox1"), OPTIONAL): Object: 'Object Repository/ME_CollateralAndLoan_Vehicle/input_Insurance_inline-checkbox1' is clicked on

2022-03-28 13:06:19 - [MESSAGE][PASSED] - Object: 'Object Repository/ME_CollateralAndLoan_Vehicle/input_Insurance_inline-checkbox1' is clicked on

2022-03-28 13:06:19 - [TEST_STEP][PASSED] - delay(1): Delayed 1 second(s)

2022-03-28 13:06:20 - [MESSAGE][PASSED] - Delayed 1 second(s)

2022-03-28 13:06:20 - [TEST_STEP][PASSED] - takeFullPageScreenshotAsCheckpoint(userDir + sprint4WebScreenshootPath + "scenario-1-halaman-input-insurance.png"): Taking screenshot successfully

2022-03-28 13:06:21 - [MESSAGE][INFO] - 0 hidden object(s)

2022-03-28 13:06:22 - [MESSAGE][PASSED] - Taking screenshot successfully
[[ATTACHMENT|C:\Users\elanf\git\BCAF_MEAPP_i3\Screenshoot\Sprint4\Web\keyes\keyes-scenario-1-halaman-input-insurance.png]]

2022-03-28 13:06:22 - [TEST_STEP][PASSED] - markPassed("scenario 1 - halaman input insurance"): scenario 1 - halaman input insurance

2022-03-28 13:06:22 - [MESSAGE][PASSED] - scenario 1 - halaman input insurance

2022-03-28 13:06:22 - [TEST_STEP][PASSED] - delay(1): Delayed 1 second(s)

2022-03-28 13:06:23 - [MESSAGE][PASSED] - Delayed 1 second(s)

2022-03-28 13:06:23 - [TEST_STEP][PASSED] - setText(findTestObject("vehiclekedua/input_carinsurance_kedua"), "NO INSURANCE"): Text 'NO INSURANCE' is set on object 'Object Repository/vehiclekedua/input_carinsurance_kedua'

2022-03-28 13:06:24 - [MESSAGE][PASSED] - Text 'NO INSURANCE' is set on object 'Object Repository/vehiclekedua/input_carinsurance_kedua'

2022-03-28 13:06:24 - [TEST_STEP][PASSED] - delay(1): Delayed 1 second(s)

2022-03-28 13:06:25 - [MESSAGE][PASSED] - Delayed 1 second(s)

2022-03-28 13:06:25 - [TEST_STEP][PASSED] - click(findTestObject("vehiclekedua/div_NO INSURANCE_kedua"), OPTIONAL): Object: 'Object Repository/vehiclekedua/div_NO INSURANCE_kedua' is clicked on

2022-03-28 13:06:25 - [MESSAGE][PASSED] - Object: 'Object Repository/vehiclekedua/div_NO INSURANCE_kedua' is clicked on

2022-03-28 13:06:25 - [TEST_STEP][PASSED] - delay(1): Delayed 1 second(s)

2022-03-28 13:06:26 - [MESSAGE][PASSED] - Delayed 1 second(s)

2022-03-28 13:06:26 - [TEST_STEP][PASSED] - click(findTestObject("vehiclekedua/input_carinsurancebranch_kedua"), OPTIONAL): Object: 'Object Repository/vehiclekedua/input_carinsurancebranch_kedua' is clicked on

2022-03-28 13:06:27 - [MESSAGE][PASSED] - Object: 'Object Repository/vehiclekedua/input_carinsurancebranch_kedua' is clicked on

2022-03-28 13:06:27 - [TEST_STEP][PASSED] - delay(1): Delayed 1 second(s)

2022-03-28 13:06:28 - [MESSAGE][PASSED] - Delayed 1 second(s)

2022-03-28 13:06:28 - [TEST_STEP][PASSED] - setText(findTestObject("vehiclekedua/input_carinsurancebranch_kedua"), "NO INSURANCE", OPTIONAL): Text 'NO INSURANCE' is set on object 'Object Repository/vehiclekedua/input_carinsurancebranch_kedua'

2022-03-28 13:06:29 - [MESSAGE][PASSED] - Text 'NO INSURANCE' is set on object 'Object Repository/vehiclekedua/input_carinsurancebranch_kedua'

2022-03-28 13:06:29 - [TEST_STEP][PASSED] - delay(1): Delayed 1 second(s)

2022-03-28 13:06:30 - [MESSAGE][PASSED] - Delayed 1 second(s)

2022-03-28 13:06:30 - [TEST_STEP][PASSED] - click(findTestObject("ME_CollateralAndLoan_Vehicle/div_NO INSURANCE_branch"), OPTIONAL): Object: 'Object Repository/ME_CollateralAndLoan_Vehicle/div_NO INSURANCE_branch' is clicked on

2022-03-28 13:06:30 - [MESSAGE][PASSED] - Object: 'Object Repository/ME_CollateralAndLoan_Vehicle/div_NO INSURANCE_branch' is clicked on

2022-03-28 13:06:30 - [TEST_STEP][PASSED] - delay(1): Delayed 1 second(s)

2022-03-28 13:06:31 - [MESSAGE][PASSED] - Delayed 1 second(s)

2022-03-28 13:06:31 - [TEST_STEP][PASSED] - click(findTestObject("vehiclekedua/input_carinsurancetype_kedua")): Object: 'Object Repository/vehiclekedua/input_carinsurancetype_kedua' is clicked on

2022-03-28 13:06:32 - [MESSAGE][PASSED] - Object: 'Object Repository/vehiclekedua/input_carinsurancetype_kedua' is clicked on

2022-03-28 13:06:32 - [TEST_STEP][PASSED] - delay(1): Delayed 1 second(s)

2022-03-28 13:06:33 - [MESSAGE][PASSED] - Delayed 1 second(s)

2022-03-28 13:06:33 - [TEST_STEP][PASSED] - setText(findTestObject("vehiclekedua/input_carinsurancetype_kedua"), "all risk"): Text 'all risk' is set on object 'Object Repository/vehiclekedua/input_carinsurancetype_kedua'

2022-03-28 13:06:33 - [MESSAGE][PASSED] - Text 'all risk' is set on object 'Object Repository/vehiclekedua/input_carinsurancetype_kedua'

2022-03-28 13:06:33 - [TEST_STEP][PASSED] - delay(1): Delayed 1 second(s)

2022-03-28 13:06:34 - [MESSAGE][PASSED] - Delayed 1 second(s)

2022-03-28 13:06:34 - [TEST_STEP][PASSED] - click(findTestObject("vehiclekedua/div_All Risk_kedua")): Object: 'Object Repository/vehiclekedua/div_All Risk_kedua' is clicked on

2022-03-28 13:06:35 - [MESSAGE][PASSED] - Object: 'Object Repository/vehiclekedua/div_All Risk_kedua' is clicked on

2022-03-28 13:06:35 - [TEST_STEP][PASSED] - delay(1): Delayed 1 second(s)

2022-03-28 13:06:36 - [MESSAGE][PASSED] - Delayed 1 second(s)

2022-03-28 13:06:36 - [TEST_STEP][PASSED] - click(findTestObject("ME_CollateralAndLoan_Vehicle/input_RSCC_carInsuranceRscc0")): Object: 'Object Repository/ME_CollateralAndLoan_Vehicle/input_RSCC_carInsuranceRscc0' is clicked on

2022-03-28 13:06:36 - [MESSAGE][PASSED] - Object: 'Object Repository/ME_CollateralAndLoan_Vehicle/input_RSCC_carInsuranceRscc0' is clicked on

2022-03-28 13:06:36 - [TEST_STEP][PASSED] - delay(1): Delayed 1 second(s)

2022-03-28 13:06:37 - [MESSAGE][PASSED] - Delayed 1 second(s)

2022-03-28 13:06:37 - [TEST_STEP][PASSED] - click(findTestObject("ME_CollateralAndLoan_Vehicle/input_RSMB_carInsuranceRsmb0")): Object: 'Object Repository/ME_CollateralAndLoan_Vehicle/input_RSMB_carInsuranceRsmb0' is clicked on

2022-03-28 13:06:38 - [MESSAGE][PASSED] - Object: 'Object Repository/ME_CollateralAndLoan_Vehicle/input_RSMB_carInsuranceRsmb0' is clicked on

2022-03-28 13:06:38 - [TEST_STEP][PASSED] - delay(1): Delayed 1 second(s)

2022-03-28 13:06:39 - [MESSAGE][PASSED] - Delayed 1 second(s)

2022-03-28 13:06:39 - [TEST_STEP][PASSED] - click(findTestObject("ME_CollateralAndLoan_Vehicle/input_Insurance Payment_prepaid")): Object: 'Object Repository/ME_CollateralAndLoan_Vehicle/input_Insurance Payment_prepaid' is clicked on

2022-03-28 13:06:39 - [MESSAGE][PASSED] - Object: 'Object Repository/ME_CollateralAndLoan_Vehicle/input_Insurance Payment_prepaid' is clicked on

2022-03-28 13:06:39 - [TEST_STEP][PASSED] - delay(1): Delayed 1 second(s)

2022-03-28 13:06:40 - [MESSAGE][PASSED] - Delayed 1 second(s)

2022-03-28 13:06:40 - [TEST_STEP][PASSED] - click(findTestObject("ME_CollateralAndLoan_Vehicle/input_Machine Warranty_lifeInsurance")): Object: 'Object Repository/ME_CollateralAndLoan_Vehicle/input_Machine Warranty_lifeInsurance' is clicked on

2022-03-28 13:06:41 - [MESSAGE][PASSED] - Object: 'Object Repository/ME_CollateralAndLoan_Vehicle/input_Machine Warranty_lifeInsurance' is clicked on

2022-03-28 13:06:41 - [TEST_STEP][PASSED] - delay(1): Delayed 1 second(s)

2022-03-28 13:06:42 - [MESSAGE][PASSED] - Delayed 1 second(s)

2022-03-28 13:06:42 - [TEST_STEP][PASSED] - takeFullPageScreenshotAsCheckpoint(userDir + sprint4WebScreenshootPath + "scenario-1-halaman-input-life-insurance.png"): Taking screenshot successfully

2022-03-28 13:06:43 - [MESSAGE][INFO] - 0 hidden object(s)

2022-03-28 13:06:43 - [MESSAGE][PASSED] - Taking screenshot successfully
[[ATTACHMENT|C:\Users\elanf\git\BCAF_MEAPP_i3\Screenshoot\Sprint4\Web\keyes\keyes-scenario-1-halaman-input-life-insurance.png]]

2022-03-28 13:06:43 - [TEST_STEP][PASSED] - markPassed("scenario 1 - halaman input life insurance"): scenario 1 - halaman input life insurance

2022-03-28 13:06:43 - [MESSAGE][PASSED] - scenario 1 - halaman input life insurance

2022-03-28 13:06:43 - [TEST_STEP][PASSED] - delay(1): Delayed 1 second(s)

2022-03-28 13:06:44 - [MESSAGE][PASSED] - Delayed 1 second(s)

2022-03-28 13:06:44 - [TEST_STEP][PASSED] - scrollToElement(findTestObject("ME_CollateralAndLoan_Vehicle/a_Calculate All Unit (1)"), 0): Scroll to object 'Object Repository/ME_CollateralAndLoan_Vehicle/a_Calculate All Unit (1)' successfully

2022-03-28 13:06:44 - [MESSAGE][WARNING] - Timeout '0' is invalid. Using default page load timeout: '30'

2022-03-28 13:06:44 - [MESSAGE][PASSED] - Scroll to object 'Object Repository/ME_CollateralAndLoan_Vehicle/a_Calculate All Unit (1)' successfully

2022-03-28 13:06:44 - [TEST_STEP][PASSED] - delay(1): Delayed 1 second(s)

2022-03-28 13:06:45 - [MESSAGE][PASSED] - Delayed 1 second(s)

2022-03-28 13:06:45 - [TEST_STEP][PASSED] - click(findTestObject("vehiclekedua/input_lifeinsurancecorp_kedua"), OPTIONAL): Object: 'Object Repository/vehiclekedua/input_lifeinsurancecorp_kedua' is clicked on

2022-03-28 13:06:46 - [MESSAGE][PASSED] - Object: 'Object Repository/vehiclekedua/input_lifeinsurancecorp_kedua' is clicked on

2022-03-28 13:06:46 - [TEST_STEP][PASSED] - delay(1): Delayed 1 second(s)

2022-03-28 13:06:47 - [MESSAGE][PASSED] - Delayed 1 second(s)

2022-03-28 13:06:47 - [TEST_STEP][PASSED] - setText(findTestObject("vehiclekedua/input_lifeinsurancecorp_kedua"), "ASURANSI LAINNYA", OPTIONAL): Text 'ASURANSI LAINNYA' is set on object 'Object Repository/vehiclekedua/input_lifeinsurancecorp_kedua'

2022-03-28 13:06:48 - [MESSAGE][PASSED] - Text 'ASURANSI LAINNYA' is set on object 'Object Repository/vehiclekedua/input_lifeinsurancecorp_kedua'

2022-03-28 13:06:48 - [TEST_STEP][PASSED] - delay(1): Delayed 1 second(s)

2022-03-28 13:06:49 - [MESSAGE][PASSED] - Delayed 1 second(s)

2022-03-28 13:06:49 - [TEST_STEP][PASSED] - click(findTestObject("vehiclekedua/div_ASURANSI LAINNYA_kedua"), OPTIONAL): Object: 'Object Repository/vehiclekedua/div_ASURANSI LAINNYA_kedua' is clicked on

2022-03-28 13:06:49 - [MESSAGE][PASSED] - Object: 'Object Repository/vehiclekedua/div_ASURANSI LAINNYA_kedua' is clicked on

2022-03-28 13:06:49 - [TEST_STEP][PASSED] - delay(1): Delayed 1 second(s)

2022-03-28 13:06:50 - [MESSAGE][PASSED] - Delayed 1 second(s)

2022-03-28 13:06:50 - [TEST_STEP][PASSED] - click(findTestObject("vehiclekedua/input_lifeinsurancebranch_kedua"), OPTIONAL): Object: 'Object Repository/vehiclekedua/input_lifeinsurancebranch_kedua' is clicked on

2022-03-28 13:06:51 - [MESSAGE][PASSED] - Object: 'Object Repository/vehiclekedua/input_lifeinsurancebranch_kedua' is clicked on

2022-03-28 13:06:51 - [TEST_STEP][PASSED] - delay(1): Delayed 1 second(s)

2022-03-28 13:06:52 - [MESSAGE][PASSED] - Delayed 1 second(s)

2022-03-28 13:06:52 - [TEST_STEP][PASSED] - setText(findTestObject("vehiclekedua/input_lifeinsurancebranch_kedua"), "AS. LAINNYA", OPTIONAL): Text 'AS. LAINNYA' is set on object 'Object Repository/vehiclekedua/input_lifeinsurancebranch_kedua'

2022-03-28 13:06:53 - [MESSAGE][PASSED] - Text 'AS. LAINNYA' is set on object 'Object Repository/vehiclekedua/input_lifeinsurancebranch_kedua'

2022-03-28 13:06:53 - [TEST_STEP][PASSED] - delay(1): Delayed 1 second(s)

2022-03-28 13:06:54 - [MESSAGE][PASSED] - Delayed 1 second(s)

2022-03-28 13:06:54 - [TEST_STEP][PASSED] - click(findTestObject("ME_CollateralAndLoan_Vehicle/div_AS. LAINNYA_lifeinsurance"), OPTIONAL): Object: 'Object Repository/ME_CollateralAndLoan_Vehicle/div_AS. LAINNYA_lifeinsurance' is clicked on

2022-03-28 13:06:54 - [MESSAGE][PASSED] - Object: 'Object Repository/ME_CollateralAndLoan_Vehicle/div_AS. LAINNYA_lifeinsurance' is clicked on

2022-03-28 13:06:54 - [TEST_STEP][PASSED] - delay(1): Delayed 1 second(s)

2022-03-28 13:06:55 - [MESSAGE][PASSED] - Delayed 1 second(s)

2022-03-28 13:06:55 - [TEST_STEP][PASSED] - click(findTestObject("ME_CollateralAndLoan_Vehicle/input_Annual_lifeInsurancePayment"), OPTIONAL): Object: 'Object Repository/ME_CollateralAndLoan_Vehicle/input_Annual_lifeInsurancePayment' is clicked on

2022-03-28 13:06:56 - [MESSAGE][PASSED] - Object: 'Object Repository/ME_CollateralAndLoan_Vehicle/input_Annual_lifeInsurancePayment' is clicked on

2022-03-28 13:06:56 - [TEST_STEP][PASSED] - delay(1): Delayed 1 second(s)

2022-03-28 13:06:57 - [MESSAGE][PASSED] - Delayed 1 second(s)

2022-03-28 13:06:57 - [TEST_STEP][PASSED] - takeFullPageScreenshotAsCheckpoint(userDir + sprint4WebScreenshootPath + "scenario-1-berhasil-input-data-insurance.png"): Taking screenshot successfully

2022-03-28 13:06:58 - [MESSAGE][INFO] - 0 hidden object(s)

2022-03-28 13:06:58 - [MESSAGE][PASSED] - Taking screenshot successfully
[[ATTACHMENT|C:\Users\elanf\git\BCAF_MEAPP_i3\Screenshoot\Sprint4\Web\keyes\keyes-scenario-1-berhasil-input-data-insurance.png]]

2022-03-28 13:06:58 - [TEST_STEP][PASSED] - markPassed("scenario 1 - berhasil input data insurance"): scenario 1 - berhasil input data insurance

2022-03-28 13:06:58 - [MESSAGE][PASSED] - scenario 1 - berhasil input data insurance

2022-03-28 13:06:58 - [TEST_STEP][PASSED] - delay(1): Delayed 1 second(s)

2022-03-28 13:06:59 - [MESSAGE][PASSED] - Delayed 1 second(s)

2022-03-28 13:06:59 - [TEST_STEP][PASSED] - click(findTestObject("ME_CollateralAndLoan_Vehicle/button_Note"), OPTIONAL): Object: 'Object Repository/ME_CollateralAndLoan_Vehicle/button_Note' is clicked on

2022-03-28 13:07:00 - [MESSAGE][PASSED] - Object: 'Object Repository/ME_CollateralAndLoan_Vehicle/button_Note' is clicked on

2022-03-28 13:07:00 - [TEST_STEP][PASSED] - delay(1): Delayed 1 second(s)

2022-03-28 13:07:01 - [MESSAGE][PASSED] - Delayed 1 second(s)

2022-03-28 13:07:01 - [TEST_STEP][PASSED] - takeFullPageScreenshotAsCheckpoint(userDir + sprint4WebScreenshootPath + "scenario-1-submenu-notes.png"): Taking screenshot successfully

2022-03-28 13:07:02 - [MESSAGE][INFO] - 0 hidden object(s)

2022-03-28 13:07:02 - [MESSAGE][PASSED] - Taking screenshot successfully
[[ATTACHMENT|C:\Users\elanf\git\BCAF_MEAPP_i3\Screenshoot\Sprint4\Web\keyes\keyes-scenario-1-submenu-notes.png]]

2022-03-28 13:07:02 - [TEST_STEP][PASSED] - markPassed("scenario 1 - submenu notes"): scenario 1 - submenu notes

2022-03-28 13:07:02 - [MESSAGE][PASSED] - scenario 1 - submenu notes

2022-03-28 13:07:02 - [TEST_STEP][PASSED] - delay(1): Delayed 1 second(s)

2022-03-28 13:07:03 - [MESSAGE][PASSED] - Delayed 1 second(s)

2022-03-28 13:07:03 - [TEST_STEP][PASSED] - setText(findTestObject("ME_CollateralAndLoan_Vehicle/textarea_Note CMO_noteCMO"), "notes cmo note cmo"): Text 'notes cmo note cmo' is set on object 'Object Repository/ME_CollateralAndLoan_Vehicle/textarea_Note CMO_noteCMO'

2022-03-28 13:07:04 - [MESSAGE][PASSED] - Text 'notes cmo note cmo' is set on object 'Object Repository/ME_CollateralAndLoan_Vehicle/textarea_Note CMO_noteCMO'

2022-03-28 13:07:04 - [TEST_STEP][PASSED] - delay(1): Delayed 1 second(s)

2022-03-28 13:07:05 - [MESSAGE][PASSED] - Delayed 1 second(s)

2022-03-28 13:07:05 - [TEST_STEP][PASSED] - takeFullPageScreenshotAsCheckpoint(userDir + sprint4WebScreenshootPath + "scenario-1-submenu-notes.png"): Taking screenshot successfully

2022-03-28 13:07:06 - [MESSAGE][INFO] - 0 hidden object(s)

2022-03-28 13:07:06 - [MESSAGE][PASSED] - Taking screenshot successfully
[[ATTACHMENT|C:\Users\elanf\git\BCAF_MEAPP_i3\Screenshoot\Sprint4\Web\keyes\keyes-scenario-1-submenu-notes.png]]

2022-03-28 13:07:06 - [TEST_STEP][PASSED] - markPassed("scenario 1 - berhasil input  notes CMO"): scenario 1 - berhasil input  notes CMO

2022-03-28 13:07:06 - [MESSAGE][PASSED] - scenario 1 - berhasil input  notes CMO

2022-03-28 13:07:06 - [TEST_STEP][PASSED] - delay(1): Delayed 1 second(s)

2022-03-28 13:07:07 - [MESSAGE][PASSED] - Delayed 1 second(s)

2022-03-28 13:07:07 - [TEST_STEP][PASSED] - click(findTestObject("vehiclekedua/a_Add Unit Kendaraan_kedua")): Object: 'Object Repository/vehiclekedua/a_Add Unit Kendaraan_kedua' is clicked on

2022-03-28 13:07:08 - [MESSAGE][PASSED] - Object: 'Object Repository/vehiclekedua/a_Add Unit Kendaraan_kedua' is clicked on

2022-03-28 13:07:08 - [TEST_STEP][PASSED] - delay(1): Delayed 1 second(s)

2022-03-28 13:07:09 - [MESSAGE][PASSED] - Delayed 1 second(s)

2022-03-28 13:07:09 - [TEST_STEP][PASSED] - takeFullPageScreenshotAsCheckpoint(userDir + sprint4WebScreenshootPath + "scenario-1-pop-up-add-kendaraan.png"): Taking screenshot successfully

2022-03-28 13:07:10 - [MESSAGE][INFO] - 0 hidden object(s)

2022-03-28 13:07:10 - [MESSAGE][PASSED] - Taking screenshot successfully
[[ATTACHMENT|C:\Users\elanf\git\BCAF_MEAPP_i3\Screenshoot\Sprint4\Web\keyes\keyes-scenario-1-pop-up-add-kendaraan.png]]

2022-03-28 13:07:10 - [TEST_STEP][PASSED] - markPassed("scenario 1 - Popup add unit kendaraan"): scenario 1 - Popup add unit kendaraan

2022-03-28 13:07:10 - [MESSAGE][PASSED] - scenario 1 - Popup add unit kendaraan

2022-03-28 13:07:10 - [TEST_STEP][PASSED] - delay(1): Delayed 1 second(s)

2022-03-28 13:07:11 - [MESSAGE][PASSED] - Delayed 1 second(s)

2022-03-28 13:07:11 - [TEST_STEP][PASSED] - setText(findTestObject("vehiclekedua/input_Jumlah unit_kedua"), "2"): Text '2' is set on object 'Object Repository/vehiclekedua/input_Jumlah unit_kedua'

2022-03-28 13:07:12 - [MESSAGE][PASSED] - Text '2' is set on object 'Object Repository/vehiclekedua/input_Jumlah unit_kedua'

2022-03-28 13:07:12 - [TEST_STEP][PASSED] - delay(1): Delayed 1 second(s)

2022-03-28 13:07:13 - [MESSAGE][PASSED] - Delayed 1 second(s)

2022-03-28 13:07:13 - [TEST_STEP][PASSED] - click(findTestObject("ME_CollateralAndLoan_Vehicle/input_ya_copy_addunit")): Object: 'Object Repository/ME_CollateralAndLoan_Vehicle/input_ya_copy_addunit' is clicked on

2022-03-28 13:07:13 - [MESSAGE][PASSED] - Object: 'Object Repository/ME_CollateralAndLoan_Vehicle/input_ya_copy_addunit' is clicked on

2022-03-28 13:07:13 - [TEST_STEP][PASSED] - delay(1): Delayed 1 second(s)

2022-03-28 13:07:14 - [MESSAGE][PASSED] - Delayed 1 second(s)

2022-03-28 13:07:14 - [TEST_STEP][PASSED] - click(findTestObject("ME_CollateralAndLoan_Vehicle/span_Pilih Unit")): Object: 'Object Repository/ME_CollateralAndLoan_Vehicle/span_Pilih Unit' is clicked on

2022-03-28 13:07:15 - [MESSAGE][PASSED] - Object: 'Object Repository/ME_CollateralAndLoan_Vehicle/span_Pilih Unit' is clicked on

2022-03-28 13:07:15 - [TEST_STEP][PASSED] - delay(1): Delayed 1 second(s)

2022-03-28 13:07:16 - [MESSAGE][PASSED] - Delayed 1 second(s)

2022-03-28 13:07:16 - [TEST_STEP][PASSED] - setText(findTestObject("vehiclekedua/input_Add_select2-search__field-UNIT_yangakandicopy_kedua"), "Unit 1"): Text 'Unit 1' is set on object 'Object Repository/vehiclekedua/input_Add_select2-search__field-UNIT_yangakandicopy_kedua'

2022-03-28 13:07:16 - [MESSAGE][PASSED] - Text 'Unit 1' is set on object 'Object Repository/vehiclekedua/input_Add_select2-search__field-UNIT_yangakandicopy_kedua'

2022-03-28 13:07:16 - [TEST_STEP][PASSED] - delay(1): Delayed 1 second(s)

2022-03-28 13:07:17 - [MESSAGE][PASSED] - Delayed 1 second(s)

2022-03-28 13:07:17 - [TEST_STEP][PASSED] - sendKeys(findTestObject("vehiclekedua/input_Add_select2-search__field-UNIT_yangakandicopy_kedua"), Keys.chord(ENTER)): Keys 'ENTER + ' sent to object: 'Object Repository/vehiclekedua/input_Add_select2-search__field-UNIT_yangakandicopy_kedua'

2022-03-28 13:07:18 - [MESSAGE][PASSED] - Keys 'ENTER + ' sent to object: 'Object Repository/vehiclekedua/input_Add_select2-search__field-UNIT_yangakandicopy_kedua'

2022-03-28 13:07:18 - [TEST_STEP][PASSED] - delay(1): Delayed 1 second(s)

2022-03-28 13:07:19 - [MESSAGE][PASSED] - Delayed 1 second(s)

2022-03-28 13:07:19 - [TEST_STEP][PASSED] - takeFullPageScreenshotAsCheckpoint(userDir + sprint4WebScreenshootPath + "scenario-1-berhasil-add-kendaraan.png"): Taking screenshot successfully

2022-03-28 13:07:20 - [MESSAGE][INFO] - 0 hidden object(s)

2022-03-28 13:07:20 - [MESSAGE][PASSED] - Taking screenshot successfully
[[ATTACHMENT|C:\Users\elanf\git\BCAF_MEAPP_i3\Screenshoot\Sprint4\Web\keyes\keyes-scenario-1-berhasil-add-kendaraan.png]]

2022-03-28 13:07:20 - [TEST_STEP][PASSED] - markPassed("scenario 1 - berhasil add unit kendaraan"): scenario 1 - berhasil add unit kendaraan

2022-03-28 13:07:20 - [MESSAGE][PASSED] - scenario 1 - berhasil add unit kendaraan

2022-03-28 13:07:20 - [TEST_STEP][PASSED] - delay(1): Delayed 1 second(s)

2022-03-28 13:07:21 - [MESSAGE][PASSED] - Delayed 1 second(s)

2022-03-28 13:07:21 - [TEST_STEP][PASSED] - click(findTestObject("ME_CollateralAndLoan_Vehicle/button_Add_unit")): Object: 'Object Repository/ME_CollateralAndLoan_Vehicle/button_Add_unit' is clicked on

2022-03-28 13:07:21 - [MESSAGE][PASSED] - Object: 'Object Repository/ME_CollateralAndLoan_Vehicle/button_Add_unit' is clicked on

2022-03-28 13:07:21 - [TEST_STEP][PASSED] - delay(1): Delayed 1 second(s)

2022-03-28 13:07:22 - [MESSAGE][PASSED] - Delayed 1 second(s)

2022-03-28 13:07:22 - [TEST_STEP][PASSED] - click(findTestObject("ME_CollateralAndLoan_Vehicle/a_Calculate All Unit")): Object: 'Object Repository/ME_CollateralAndLoan_Vehicle/a_Calculate All Unit' is clicked on

2022-03-28 13:07:24 - [MESSAGE][PASSED] - Object: 'Object Repository/ME_CollateralAndLoan_Vehicle/a_Calculate All Unit' is clicked on

2022-03-28 13:07:24 - [TEST_STEP][PASSED] - delay(1): Delayed 1 second(s)

2022-03-28 13:07:25 - [MESSAGE][PASSED] - Delayed 1 second(s)

2022-03-28 13:07:25 - [TEST_STEP][PASSED] - verifyElementPresent(findTestObject("ME_CollateralAndLoan_Vehicle/label_Summary Total"), 0): Object 'Object Repository/ME_CollateralAndLoan_Vehicle/label_Summary Total' is present

2022-03-28 13:07:25 - [MESSAGE][WARNING] - Timeout '0' is invalid. Using default page load timeout: '30'

2022-03-28 13:07:31 - [MESSAGE][PASSED] - Object 'Object Repository/ME_CollateralAndLoan_Vehicle/label_Summary Total' is present

2022-03-28 13:07:31 - [TEST_STEP][PASSED] - delay(1): Delayed 1 second(s)

2022-03-28 13:07:32 - [MESSAGE][PASSED] - Delayed 1 second(s)

2022-03-28 13:07:32 - [TEST_STEP][PASSED] - takeFullPageScreenshotAsCheckpoint(userDir + sprint4WebScreenshootPath + "scenario-1-pop-up-summary-total.png"): Taking screenshot successfully

2022-03-28 13:07:33 - [MESSAGE][INFO] - 0 hidden object(s)

2022-03-28 13:07:33 - [MESSAGE][PASSED] - Taking screenshot successfully
[[ATTACHMENT|C:\Users\elanf\git\BCAF_MEAPP_i3\Screenshoot\Sprint4\Web\keyes\keyes-scenario-1-pop-up-summary-total.png]]

2022-03-28 13:07:33 - [TEST_STEP][PASSED] - markPassed("scenario 1 - Popup summary total"): scenario 1 - Popup summary total

2022-03-28 13:07:33 - [MESSAGE][PASSED] - scenario 1 - Popup summary total

2022-03-28 13:07:33 - [TEST_STEP][PASSED] - delay(1): Delayed 1 second(s)

2022-03-28 13:07:34 - [MESSAGE][PASSED] - Delayed 1 second(s)

2022-03-28 13:07:34 - [TEST_STEP][PASSED] - verifyElementPresent(findTestObject("ME_CollateralAndLoan_Vehicle/div_Calculating Summary_mx-0 proceed-state state-1_success"), 0): Object 'Object Repository/ME_CollateralAndLoan_Vehicle/div_Calculating Summary_mx-0 proceed-state state-1_success' is present

2022-03-28 13:07:34 - [MESSAGE][WARNING] - Timeout '0' is invalid. Using default page load timeout: '30'

2022-03-28 13:07:34 - [MESSAGE][PASSED] - Object 'Object Repository/ME_CollateralAndLoan_Vehicle/div_Calculating Summary_mx-0 proceed-state state-1_success' is present

2022-03-28 13:07:34 - [TEST_STEP][PASSED] - delay(1): Delayed 1 second(s)

2022-03-28 13:07:35 - [MESSAGE][PASSED] - Delayed 1 second(s)

2022-03-28 13:07:35 - [TEST_STEP][PASSED] - click(findTestObject("ME_CollateralAndLoan_Vehicle/a_Close_calculate")): Object: 'Object Repository/ME_CollateralAndLoan_Vehicle/a_Close_calculate' is clicked on

2022-03-28 13:07:36 - [MESSAGE][PASSED] - Object: 'Object Repository/ME_CollateralAndLoan_Vehicle/a_Close_calculate' is clicked on]]></system-out>
         <system-err><![CDATA[]]></system-err>
      </testcase>
      <testcase name="Test Cases/Sprint 4/Skenario 4/04-04-Transaction-InputPenyimpangan-ProcessBM" time="26.163" classname="Test Cases/Sprint 4/Skenario 4/04-04-Transaction-InputPenyimpangan-ProcessBM" status="PASSED">
         <system-out><![CDATA[2022-03-28 13:07:36 - [TEST_CASE][PASSED] - Test Cases/Sprint 4/Skenario 4/04-04-Transaction-InputPenyimpangan-ProcessBM: Test Cases/Sprint 4/Skenario 4/04-04-Transaction-InputPenyimpangan-ProcessBM

2022-03-28 13:07:36 - [TEST_STEP][PASSED] - userDir = getProjectDir(): null

2022-03-28 13:07:36 - [TEST_STEP][PASSED] - scrollToPosition(0, 0): Browser is scrolled to position x = 0, y = 0

2022-03-28 13:07:36 - [MESSAGE][PASSED] - Browser is scrolled to position x = 0, y = 0

2022-03-28 13:07:36 - [TEST_STEP][PASSED] - click(findTestObject("Object Repository/Penyimpangan/span_Penyimpangan"), OPTIONAL): Object: 'Object Repository/Penyimpangan/span_Penyimpangan' is clicked on

2022-03-28 13:07:37 - [MESSAGE][PASSED] - Object: 'Object Repository/Penyimpangan/span_Penyimpangan' is clicked on

2022-03-28 13:07:37 - [TEST_STEP][PASSED] - delay(1): Delayed 1 second(s)

2022-03-28 13:07:38 - [MESSAGE][PASSED] - Delayed 1 second(s)

2022-03-28 13:07:38 - [TEST_STEP][PASSED] - takeFullPageScreenshotAsCheckpoint(userDir + sprint4WebScreenshootPath + "scenario-1-masuk-menu-penyimpangan.png"): Taking screenshot successfully

2022-03-28 13:07:39 - [MESSAGE][INFO] - 0 hidden object(s)

2022-03-28 13:07:39 - [MESSAGE][PASSED] - Taking screenshot successfully
[[ATTACHMENT|C:\Users\elanf\git\BCAF_MEAPP_i3\Screenshoot\Sprint4\Web\keyes\keyes-scenario-1-masuk-menu-penyimpangan.png]]

2022-03-28 13:07:39 - [TEST_STEP][PASSED] - markPassed("scenario 1 - Masuk menu penyimpangan"): scenario 1 - Masuk menu penyimpangan

2022-03-28 13:07:39 - [MESSAGE][PASSED] - scenario 1 - Masuk menu penyimpangan

2022-03-28 13:07:39 - [TEST_STEP][PASSED] - delay(1): Delayed 1 second(s)

2022-03-28 13:07:40 - [MESSAGE][PASSED] - Delayed 1 second(s)

2022-03-28 13:07:40 - [TEST_STEP][PASSED] - setText(findTestObject("Object Repository/Penyimpangan/input_keyword"), processBM_keyword, OPTIONAL): Text 'BM - (Tidak berlaku lagi) Bukti rumah berupa AJB / PBB / PPJB / HGB / Perjanjian Kredit KPR yang menunjukkan alamat sesuai dengan tempat tinggal konsumen (dapat atas nama pemohon / pasangan / anak / orang tua / mertua) (CS)' is set on object 'Object Repository/Penyimpangan/input_keyword'

2022-03-28 13:07:46 - [MESSAGE][PASSED] - Text 'BM - (Tidak berlaku lagi) Bukti rumah berupa AJB / PBB / PPJB / HGB / Perjanjian Kredit KPR yang menunjukkan alamat sesuai dengan tempat tinggal konsumen (dapat atas nama pemohon / pasangan / anak / orang tua / mertua) (CS)' is set on object 'Object Repository/Penyimpangan/input_keyword'

2022-03-28 13:07:46 - [TEST_STEP][PASSED] - takeFullPageScreenshotAsCheckpoint(userDir + sprint4WebScreenshootPath + "scenario-1-input-penyimpangan.png"): Taking screenshot successfully

2022-03-28 13:07:47 - [MESSAGE][INFO] - 0 hidden object(s)

2022-03-28 13:07:48 - [MESSAGE][PASSED] - Taking screenshot successfully
[[ATTACHMENT|C:\Users\elanf\git\BCAF_MEAPP_i3\Screenshoot\Sprint4\Web\keyes\keyes-scenario-1-input-penyimpangan.png]]

2022-03-28 13:07:48 - [TEST_STEP][PASSED] - markPassed("scenario 1 - Input penyimpangan"): scenario 1 - Input penyimpangan

2022-03-28 13:07:48 - [MESSAGE][PASSED] - scenario 1 - Input penyimpangan

2022-03-28 13:07:48 - [TEST_STEP][PASSED] - delay(1): Delayed 1 second(s)

2022-03-28 13:07:49 - [MESSAGE][PASSED] - Delayed 1 second(s)

2022-03-28 13:07:49 - [TEST_STEP][PASSED] - click(findTestObject("Object Repository/Penyimpangan/span_BM 1"), OPTIONAL): Object: 'Object Repository/Penyimpangan/span_BM 1' is clicked on

2022-03-28 13:07:49 - [MESSAGE][PASSED] - Object: 'Object Repository/Penyimpangan/span_BM 1' is clicked on

2022-03-28 13:07:49 - [TEST_STEP][PASSED] - delay(1): Delayed 1 second(s)

2022-03-28 13:07:50 - [MESSAGE][PASSED] - Delayed 1 second(s)

2022-03-28 13:07:50 - [TEST_STEP][PASSED] - scrollToElement(findTestObject("Object Repository/Penyimpangan/textarea_Catatan_note"), 0, OPTIONAL): Scroll to object 'Object Repository/Penyimpangan/textarea_Catatan_note' successfully

2022-03-28 13:07:50 - [MESSAGE][WARNING] - Timeout '0' is invalid. Using default page load timeout: '30'

2022-03-28 13:07:50 - [MESSAGE][PASSED] - Scroll to object 'Object Repository/Penyimpangan/textarea_Catatan_note' successfully

2022-03-28 13:07:50 - [TEST_STEP][PASSED] - delay(1): Delayed 1 second(s)

2022-03-28 13:07:51 - [MESSAGE][PASSED] - Delayed 1 second(s)

2022-03-28 13:07:51 - [TEST_STEP][PASSED] - setText(findTestObject("Object Repository/Penyimpangan/textarea_Catatan_note"), processBM_catatanNote, OPTIONAL): Text 'Pengajuan 4' is set on object 'Object Repository/Penyimpangan/textarea_Catatan_note'

2022-03-28 13:07:52 - [MESSAGE][PASSED] - Text 'Pengajuan 4' is set on object 'Object Repository/Penyimpangan/textarea_Catatan_note'

2022-03-28 13:07:52 - [TEST_STEP][PASSED] - delay(1): Delayed 1 second(s)

2022-03-28 13:07:53 - [MESSAGE][PASSED] - Delayed 1 second(s)

2022-03-28 13:07:53 - [TEST_STEP][PASSED] - takeFullPageScreenshotAsCheckpoint(userDir + sprint4WebScreenshootPath + "scenario-1-input-penyimpangan-selesai.png"): Taking screenshot successfully

2022-03-28 13:07:54 - [MESSAGE][INFO] - 0 hidden object(s)

2022-03-28 13:07:54 - [MESSAGE][PASSED] - Taking screenshot successfully
[[ATTACHMENT|C:\Users\elanf\git\BCAF_MEAPP_i3\Screenshoot\Sprint4\Web\keyes\keyes-scenario-1-input-penyimpangan-selesai.png]]

2022-03-28 13:07:54 - [TEST_STEP][PASSED] - markPassed("scenario 1 - Input penyimpangan selesai"): scenario 1 - Input penyimpangan selesai

2022-03-28 13:07:54 - [MESSAGE][PASSED] - scenario 1 - Input penyimpangan selesai

2022-03-28 13:07:54 - [TEST_STEP][PASSED] - delay(1): Delayed 1 second(s)

2022-03-28 13:07:55 - [MESSAGE][PASSED] - Delayed 1 second(s)

2022-03-28 13:07:55 - [TEST_STEP][PASSED] - click(findTestObject("Object Repository/Penyimpangan/span_Proceed"), OPTIONAL): Object: 'Object Repository/Penyimpangan/span_Proceed' is clicked on

2022-03-28 13:07:56 - [MESSAGE][PASSED] - Object: 'Object Repository/Penyimpangan/span_Proceed' is clicked on

2022-03-28 13:07:56 - [TEST_STEP][PASSED] - takeFullPageScreenshotAsCheckpoint(userDir + sprint4WebScreenshootPath + "scenario-1-berhasil-proceed.png"): Taking screenshot successfully

2022-03-28 13:07:57 - [MESSAGE][INFO] - 0 hidden object(s)

2022-03-28 13:07:57 - [MESSAGE][PASSED] - Taking screenshot successfully
[[ATTACHMENT|C:\Users\elanf\git\BCAF_MEAPP_i3\Screenshoot\Sprint4\Web\keyes\keyes-scenario-1-berhasil-proceed.png]]

2022-03-28 13:07:57 - [TEST_STEP][PASSED] - markPassed("scenario 1 - berhasil proceed"): scenario 1 - berhasil proceed

2022-03-28 13:07:57 - [MESSAGE][PASSED] - scenario 1 - berhasil proceed

2022-03-28 13:07:57 - [TEST_STEP][PASSED] - delay(5): Delayed 5 second(s)

2022-03-28 13:08:02 - [MESSAGE][PASSED] - Delayed 5 second(s)

2022-03-28 13:08:02 - [TEST_STEP][PASSED] - getSearch4 = getText(findTestObject("Object Repository/Penyimpangan/SetSearch")): Text of object 'Object Repository/Penyimpangan/SetSearch' is: '4003898'

2022-03-28 13:08:02 - [MESSAGE][PASSED] - Text of object 'Object Repository/Penyimpangan/SetSearch' is: '4003898'

2022-03-28 13:08:02 - [TEST_STEP][PASSED] - println(getSearch4): null

2022-03-28 13:08:02 - [TEST_STEP][PASSED] - Search4 = getSearch4: null]]></system-out>
         <system-err><![CDATA[]]></system-err>
      </testcase>
      <testcase name="Test Cases/Sprint 4/Skenario 4/04-05-Transaction-InquiryStatus-SearchPengajuan" time="19.507" classname="Test Cases/Sprint 4/Skenario 4/04-05-Transaction-InquiryStatus-SearchPengajuan" status="PASSED">
         <system-out><![CDATA[2022-03-28 13:08:02 - [TEST_CASE][PASSED] - Test Cases/Sprint 4/Skenario 4/04-05-Transaction-InquiryStatus-SearchPengajuan: Test Cases/Sprint 4/Skenario 4/04-05-Transaction-InquiryStatus-SearchPengajuan

2022-03-28 13:08:02 - [TEST_STEP][PASSED] - userDir = getProjectDir(): null

2022-03-28 13:08:02 - [TEST_STEP][PASSED] - click(findTestObject("Inquiry_Status/a_Close")): Object: 'Object Repository/Inquiry_Status/a_Close' is clicked on

2022-03-28 13:08:03 - [MESSAGE][PASSED] - Object: 'Object Repository/Inquiry_Status/a_Close' is clicked on

2022-03-28 13:08:03 - [TEST_STEP][PASSED] - id4 = Search4: null

2022-03-28 13:08:03 - [TEST_STEP][PASSED] - println(id4): null

2022-03-28 13:08:03 - [TEST_STEP][PASSED] - delay(1): Delayed 1 second(s)

2022-03-28 13:08:04 - [MESSAGE][PASSED] - Delayed 1 second(s)

2022-03-28 13:08:04 - [TEST_STEP][PASSED] - click(findTestObject("Object Repository/Inquiry_Status/span_Inquiry Status Aplikasi")): Object: 'Object Repository/Inquiry_Status/span_Inquiry Status Aplikasi' is clicked on

2022-03-28 13:08:04 - [MESSAGE][PASSED] - Object: 'Object Repository/Inquiry_Status/span_Inquiry Status Aplikasi' is clicked on

2022-03-28 13:08:04 - [TEST_STEP][PASSED] - delay(1): Delayed 1 second(s)

2022-03-28 13:08:05 - [MESSAGE][PASSED] - Delayed 1 second(s)

2022-03-28 13:08:05 - [TEST_STEP][PASSED] - takeFullPageScreenshotAsCheckpoint(userDir + sprint4WebScreenshootPath + "scenario-3-menu-inquiry-status.png"): Taking screenshot successfully

2022-03-28 13:08:06 - [MESSAGE][INFO] - 0 hidden object(s)

2022-03-28 13:08:06 - [MESSAGE][PASSED] - Taking screenshot successfully
[[ATTACHMENT|C:\Users\elanf\git\BCAF_MEAPP_i3\Screenshoot\Sprint4\Web\keyes\keyes-scenario-3-menu-inquiry-status.png]]

2022-03-28 13:08:06 - [TEST_STEP][PASSED] - markPassed("scenario 3 - menu inquiry status"): scenario 3 - menu inquiry status

2022-03-28 13:08:06 - [MESSAGE][PASSED] - scenario 3 - menu inquiry status

2022-03-28 13:08:06 - [TEST_STEP][PASSED] - delay(1): Delayed 1 second(s)

2022-03-28 13:08:07 - [MESSAGE][PASSED] - Delayed 1 second(s)

2022-03-28 13:08:07 - [TEST_STEP][PASSED] - setText(findTestObject("Object Repository/Inquiry_Status/input_Mobile ID  Application ID_form-control ng-untouched ng-pristine ng-valid"), id4): Text '4003898' is set on object 'Object Repository/Inquiry_Status/input_Mobile ID  Application ID_form-control ng-untouched ng-pristine ng-valid'

2022-03-28 13:08:08 - [MESSAGE][PASSED] - Text '4003898' is set on object 'Object Repository/Inquiry_Status/input_Mobile ID  Application ID_form-control ng-untouched ng-pristine ng-valid'

2022-03-28 13:08:08 - [TEST_STEP][PASSED] - delay(2): Delayed 2 second(s)

2022-03-28 13:08:10 - [MESSAGE][PASSED] - Delayed 2 second(s)

2022-03-28 13:08:10 - [TEST_STEP][PASSED] - click(findTestObject("Object Repository/Inquiry_Status/span_Search")): Object: 'Object Repository/Inquiry_Status/span_Search' is clicked on

2022-03-28 13:08:10 - [MESSAGE][PASSED] - Object: 'Object Repository/Inquiry_Status/span_Search' is clicked on

2022-03-28 13:08:10 - [TEST_STEP][PASSED] - takeFullPageScreenshotAsCheckpoint(userDir + sprint4WebScreenshootPath + "scenario-3-input-search-inquiry-status-data-pengajuan-4.png"): Taking screenshot successfully

2022-03-28 13:08:10 - [MESSAGE][INFO] - 0 hidden object(s)

2022-03-28 13:08:11 - [MESSAGE][PASSED] - Taking screenshot successfully
[[ATTACHMENT|C:\Users\elanf\git\BCAF_MEAPP_i3\Screenshoot\Sprint4\Web\keyes\keyes-scenario-3-input-search-inquiry-status-data-pengajuan-4.png]]

2022-03-28 13:08:11 - [TEST_STEP][PASSED] - markPassed("scenario 3 - input search inquiry status data pengajuan 4"): scenario 3 - input search inquiry status data pengajuan 4

2022-03-28 13:08:11 - [MESSAGE][PASSED] - scenario 3 - input search inquiry status data pengajuan 4

2022-03-28 13:08:11 - [TEST_STEP][PASSED] - delay(1): Delayed 1 second(s)

2022-03-28 13:08:12 - [MESSAGE][PASSED] - Delayed 1 second(s)

2022-03-28 13:08:12 - [TEST_STEP][PASSED] - delay(10): Delayed 10 second(s)

2022-03-28 13:08:22 - [MESSAGE][PASSED] - Delayed 10 second(s)]]></system-out>
         <system-err><![CDATA[]]></system-err>
      </testcase>
      <system-out><![CDATA[2022-03-28 12:21:22 - [TEST_SUITE][PASSED] - S1-S4: Test Cases/Sprint 4/Skenario 4/04-05-Transaction-InquiryStatus-SearchPengajuan]]></system-out>
      <system-err><![CDATA[]]></system-err>
   </testsuite>
</testsuites>
