<?xml version="1.0" encoding="UTF-8"?>
<testsuites name="scenario" time="348.338" tests="3" failures="3" errors="0">
   <testsuite name="scenario" tests="3" failures="3" errors="0" time="348.338" skipped="0" timestamp="27-02-2024T09:33:54" hostname="clarien cahyono - LAPTOP-JTB6QV1G" id="Test Suites/DynamicMECorp/scenario">
      <properties>
         <property name="deviceName" value=""/>
         <property name="devicePlatform" value=""/>
         <property name="logFolder" value="D:\\BCAF\\me-corp-add-data\\Reports\\20240227_093348\\DynamicMECorp\\scenario\\20240227_093348"/>
         <property name="logFiles" value="D:\\BCAF\\me-corp-add-data\\Reports\\20240227_093348\\DynamicMECorp\\scenario\\20240227_093348\\execution0.log"/>
         <property name="attachments" value="D:\BCAF\me-corp-add-data\Screenshoot\me1\Web\/0/skenario-login.png, D:\BCAF\me-corp-add-data\Screenshoot\me1\Web\/0/skenario-button-aplikasi-baru.png, D:\BCAF\me-corp-add-data\Screenshoot\me1\Web\/0/skenario-bikin-aplikasi-baru.png, D:\BCAF\me-corp-add-data\Screenshoot\me1\Web\/0/skenario-tab-konsumen.png, D:\BCAF\me-corp-add-data\Screenshoot\me1\Web\/0/skenario-tab-resume.png, D:\BCAF\me-corp-add-data\Screenshoot\me1\Web\/0/skenario-tab-pengurus.png, D:\BCAF\me-corp-add-data\Screenshoot\me1\Web\/0/skenario-tab-saham.png, D:\BCAF\me-corp-add-data\Screenshoot\me1\Web\/0/skenario-tab-penjamin.png, D:\BCAF\me-corp-add-data\Screenshoot\me1\Web\/0/skenario-tab-contactPerson.png, D:\BCAF\me-corp-add-data\Screenshoot\me1\Web\/0/skenario-tab-otherDocument.png, D:\BCAF\me-corp-add-data\Screenshoot\me1\Web\/0/skenario-tab-BO.png, D:\BCAF\me-corp-add-data\Screenshoot\me1\Web\/0/skenario-halaman-matching.png, D:\BCAF\me-corp-add-data\Screenshoot\me1\Web\/0/skenario-halaman-penyimpangan.png, D:\BCAF\me-corp-add-data\Screenshoot\me1\Web\/0/skenario-ke-halaman-collateralLoan.png, D:\BCAF\me-corp-add-data\Screenshoot\me1\Web\/0/skenario-bagian-informasi-merekomendasikan.png, D:\BCAF\me-corp-add-data\Screenshoot\me1\Web\/0/skenario-bagian-payment.png, D:\BCAF\me-corp-add-data\Screenshoot\me1\Web\/0/skenario-bagian-mutasi.png, D:\\BCAF\\me-corp-add-data\\Reports\\20240227_093348\\DynamicMECorp\\scenario\\20240227_093348\\1709001569863.png, D:\BCAF\me-corp-add-data\Screenshoot\me1\Web\/0/skenario-login.png"/>
         <property name="hostName" value="clarien cahyono - LAPTOP-JTB6QV1G"/>
         <property name="os" value="Windows 11 64bit"/>
         <property name="katalonVersion" value="9.3.0.212"/>
         <property name="browser" value="Firefox 123.0"/>
         <property name="hostAddress" value="10.10.13.20"/>
         <property name="sessionId" value="a993c5d0-b512-4e24-8bcb-cf8df65faa7c"/>
         <property name="seleniumVersion" value="3.141.59"/>
         <property name="proxyInformation" value="ProxyInformation { proxyOption=NO_PROXY, proxyServerType=HTTP, username=, password=********, proxyServerAddress=, proxyServerPort=0, executionList=&quot;&quot;, isApplyToDesiredCapabilities=true }"/>
         <property name="platform" value="Windows 11"/>
      </properties>
      <testcase name="Test Cases/me corp - aline/CallAllTestCase" time="334.376" classname="Test Cases/me corp - aline/CallAllTestCase" status="FAILED">
         <failure type="FAILED" message="Test Cases/me corp - aline/CallAllTestCase FAILED.&#xa;Reason:&#xa;com.kms.katalon.core.exception.StepFailedException: Call Test Case 'Test Cases/me corp - aline/Transaction/CollateralLoan-Information' failed&#xa;	at com.kms.katalon.core.keyword.builtin.CallTestCaseKeyword$_callTestCase_closure1.doCall(CallTestCaseKeyword.groovy:63)&#xa;	at com.kms.katalon.core.keyword.builtin.CallTestCaseKeyword$_callTestCase_closure1.call(CallTestCaseKeyword.groovy)&#xa;	at com.kms.katalon.core.keyword.internal.KeywordMain.runKeyword(KeywordMain.groovy:75)&#xa;	at com.kms.katalon.core.keyword.builtin.CallTestCaseKeyword.callTestCase(CallTestCaseKeyword.groovy:81)&#xa;	at com.kms.katalon.core.keyword.builtin.CallTestCaseKeyword.execute(CallTestCaseKeyword.groovy:44)&#xa;	at com.kms.katalon.core.keyword.internal.KeywordExecutor.executeKeywordForPlatform(KeywordExecutor.groovy:74)&#xa;	at com.kms.katalon.core.keyword.BuiltinKeywords.callTestCase(BuiltinKeywords.groovy:310)&#xa;	at java.base/jdk.internal.reflect.NativeMethodAccessorImpl.invoke0(Native Method)&#xa;	at java.base/jdk.internal.reflect.NativeMethodAccessorImpl.invoke(NativeMethodAccessorImpl.java:77)&#xa;	at java.base/jdk.internal.reflect.DelegatingMethodAccessorImpl.invoke(DelegatingMethodAccessorImpl.java:43)&#xa;	at CallAllTestCase.run(CallAllTestCase:26)&#xa;	at com.kms.katalon.core.main.ScriptEngine.run(ScriptEngine.java:194)&#xa;	at com.kms.katalon.core.main.ScriptEngine.runScriptAsRawText(ScriptEngine.java:119)&#xa;	at com.kms.katalon.core.main.TestCaseExecutor.runScript(TestCaseExecutor.java:448)&#xa;	at com.kms.katalon.core.main.TestCaseExecutor.doExecute(TestCaseExecutor.java:439)&#xa;	at com.kms.katalon.core.main.TestCaseExecutor.processExecutionPhase(TestCaseExecutor.java:418)&#xa;	at com.kms.katalon.core.main.TestCaseExecutor.accessMainPhase(TestCaseExecutor.java:410)&#xa;	at com.kms.katalon.core.main.TestCaseExecutor.execute(TestCaseExecutor.java:285)&#xa;	at com.kms.katalon.core.common.CommonExecutor.accessTestCaseMainPhase(CommonExecutor.java:65)&#xa;	at com.kms.katalon.core.main.TestSuiteExecutor.accessTestSuiteMainPhase(TestSuiteExecutor.java:148)&#xa;	at com.kms.katalon.core.main.TestSuiteExecutor.execute(TestSuiteExecutor.java:106)&#xa;	at com.kms.katalon.core.main.TestCaseMain.startTestSuite(TestCaseMain.java:180)&#xa;	at TempTestSuite1709001228373.run(TempTestSuite1709001228373.groovy:36)&#xa;	at java.base/jdk.internal.reflect.NativeMethodAccessorImpl.invoke0(Native Method)&#xa;	at java.base/jdk.internal.reflect.NativeMethodAccessorImpl.invoke(NativeMethodAccessorImpl.java:77)&#xa;	at java.base/jdk.internal.reflect.DelegatingMethodAccessorImpl.invoke(DelegatingMethodAccessorImpl.java:43)&#xa;Caused by: com.kms.katalon.core.exception.StepFailedException: Unable to click on object 'Object Repository/xpath_dynamic'&#xa;	at com.kms.katalon.core.webui.keyword.internal.WebUIKeywordMain.stepFailed(WebUIKeywordMain.groovy:64)&#xa;	at com.kms.katalon.core.webui.keyword.internal.WebUIKeywordMain.runKeyword(WebUIKeywordMain.groovy:26)&#xa;	at com.kms.katalon.core.webui.keyword.builtin.ClickKeyword.click(ClickKeyword.groovy:74)&#xa;	at com.kms.katalon.core.webui.keyword.builtin.ClickKeyword.execute(ClickKeyword.groovy:40)&#xa;	at com.kms.katalon.core.keyword.internal.KeywordExecutor.executeKeywordForPlatform(KeywordExecutor.groovy:74)&#xa;	at com.kms.katalon.core.webui.keyword.WebUiBuiltInKeywords.click(WebUiBuiltInKeywords.groovy:659)&#xa;	at CollateralLoan-Information.run(CollateralLoan-Information:118)&#xa;	at com.kms.katalon.core.main.ScriptEngine.run(ScriptEngine.java:194)&#xa;	at com.kms.katalon.core.main.ScriptEngine.runScriptAsRawText(ScriptEngine.java:119)&#xa;	at com.kms.katalon.core.main.TestCaseExecutor.runScript(TestCaseExecutor.java:448)&#xa;	at com.kms.katalon.core.main.TestCaseExecutor.doExecute(TestCaseExecutor.java:439)&#xa;	at com.kms.katalon.core.main.TestCaseExecutor.processExecutionPhase(TestCaseExecutor.java:418)&#xa;	at com.kms.katalon.core.main.TestCaseExecutor.accessMainPhase(TestCaseExecutor.java:410)&#xa;	at com.kms.katalon.core.main.TestCaseExecutor.execute(TestCaseExecutor.java:285)&#xa;	at com.kms.katalon.core.main.TestCaseMain.runTestCase(TestCaseMain.java:137)&#xa;	at com.kms.katalon.core.keyword.builtin.CallTestCaseKeyword$_callTestCase_closure1.doCall(CallTestCaseKeyword.groovy:59)&#xa;	... 25 more&#xa;Caused by: com.kms.katalon.core.webui.exception.WebElementNotFoundException: Web element with id: 'Object Repository/xpath_dynamic' located by '//*[text()='Vehicle' and @href='#tab-vehicle']' not found&#xa;	at com.kms.katalon.core.webui.common.WebUiCommonHelper.findWebElement(WebUiCommonHelper.java:1379)&#xa;	at com.kms.katalon.core.webui.keyword.internal.WebUIAbstractKeyword.findWebElement(WebUIAbstractKeyword.groovy:27)&#xa;	at com.kms.katalon.core.webui.keyword.builtin.ClickKeyword$_click_closure1.doCall(ClickKeyword.groovy:65)&#xa;	at com.kms.katalon.core.webui.keyword.builtin.ClickKeyword$_click_closure1.call(ClickKeyword.groovy)&#xa;	at com.kms.katalon.core.webui.keyword.internal.WebUIKeywordMain.runKeyword(WebUIKeywordMain.groovy:20)&#xa;	... 39 more&#xa;"/>
         <system-out><![CDATA[27-02-2024T09:33:55 - [TEST_CASE][FAILED] - Test Cases/me corp - aline/CallAllTestCase: Test Cases/me corp - aline/CallAllTestCase FAILED.
Reason:
com.kms.katalon.core.exception.StepFailedException: Call Test Case 'Test Cases/me corp - aline/Transaction/CollateralLoan-Information' failed
	at com.kms.katalon.core.keyword.builtin.CallTestCaseKeyword$_callTestCase_closure1.doCall(CallTestCaseKeyword.groovy:63)
	at com.kms.katalon.core.keyword.builtin.CallTestCaseKeyword$_callTestCase_closure1.call(CallTestCaseKeyword.groovy)
	at com.kms.katalon.core.keyword.internal.KeywordMain.runKeyword(KeywordMain.groovy:75)
	at com.kms.katalon.core.keyword.builtin.CallTestCaseKeyword.callTestCase(CallTestCaseKeyword.groovy:81)
	at com.kms.katalon.core.keyword.builtin.CallTestCaseKeyword.execute(CallTestCaseKeyword.groovy:44)
	at com.kms.katalon.core.keyword.internal.KeywordExecutor.executeKeywordForPlatform(KeywordExecutor.groovy:74)
	at com.kms.katalon.core.keyword.BuiltinKeywords.callTestCase(BuiltinKeywords.groovy:310)
	at java.base/jdk.internal.reflect.NativeMethodAccessorImpl.invoke0(Native Method)
	at java.base/jdk.internal.reflect.NativeMethodAccessorImpl.invoke(NativeMethodAccessorImpl.java:77)
	at java.base/jdk.internal.reflect.DelegatingMethodAccessorImpl.invoke(DelegatingMethodAccessorImpl.java:43)
	at CallAllTestCase.run(CallAllTestCase:26)
	at com.kms.katalon.core.main.ScriptEngine.run(ScriptEngine.java:194)
	at com.kms.katalon.core.main.ScriptEngine.runScriptAsRawText(ScriptEngine.java:119)
	at com.kms.katalon.core.main.TestCaseExecutor.runScript(TestCaseExecutor.java:448)
	at com.kms.katalon.core.main.TestCaseExecutor.doExecute(TestCaseExecutor.java:439)
	at com.kms.katalon.core.main.TestCaseExecutor.processExecutionPhase(TestCaseExecutor.java:418)
	at com.kms.katalon.core.main.TestCaseExecutor.accessMainPhase(TestCaseExecutor.java:410)
	at com.kms.katalon.core.main.TestCaseExecutor.execute(TestCaseExecutor.java:285)
	at com.kms.katalon.core.common.CommonExecutor.accessTestCaseMainPhase(CommonExecutor.java:65)
	at com.kms.katalon.core.main.TestSuiteExecutor.accessTestSuiteMainPhase(TestSuiteExecutor.java:148)
	at com.kms.katalon.core.main.TestSuiteExecutor.execute(TestSuiteExecutor.java:106)
	at com.kms.katalon.core.main.TestCaseMain.startTestSuite(TestCaseMain.java:180)
	at TempTestSuite1709001228373.run(TempTestSuite1709001228373.groovy:36)
	at java.base/jdk.internal.reflect.NativeMethodAccessorImpl.invoke0(Native Method)
	at java.base/jdk.internal.reflect.NativeMethodAccessorImpl.invoke(NativeMethodAccessorImpl.java:77)
	at java.base/jdk.internal.reflect.DelegatingMethodAccessorImpl.invoke(DelegatingMethodAccessorImpl.java:43)
Caused by: com.kms.katalon.core.exception.StepFailedException: Unable to click on object 'Object Repository/xpath_dynamic'
	at com.kms.katalon.core.webui.keyword.internal.WebUIKeywordMain.stepFailed(WebUIKeywordMain.groovy:64)
	at com.kms.katalon.core.webui.keyword.internal.WebUIKeywordMain.runKeyword(WebUIKeywordMain.groovy:26)
	at com.kms.katalon.core.webui.keyword.builtin.ClickKeyword.click(ClickKeyword.groovy:74)
	at com.kms.katalon.core.webui.keyword.builtin.ClickKeyword.execute(ClickKeyword.groovy:40)
	at com.kms.katalon.core.keyword.internal.KeywordExecutor.executeKeywordForPlatform(KeywordExecutor.groovy:74)
	at com.kms.katalon.core.webui.keyword.WebUiBuiltInKeywords.click(WebUiBuiltInKeywords.groovy:659)
	at CollateralLoan-Information.run(CollateralLoan-Information:118)
	at com.kms.katalon.core.main.ScriptEngine.run(ScriptEngine.java:194)
	at com.kms.katalon.core.main.ScriptEngine.runScriptAsRawText(ScriptEngine.java:119)
	at com.kms.katalon.core.main.TestCaseExecutor.runScript(TestCaseExecutor.java:448)
	at com.kms.katalon.core.main.TestCaseExecutor.doExecute(TestCaseExecutor.java:439)
	at com.kms.katalon.core.main.TestCaseExecutor.processExecutionPhase(TestCaseExecutor.java:418)
	at com.kms.katalon.core.main.TestCaseExecutor.accessMainPhase(TestCaseExecutor.java:410)
	at com.kms.katalon.core.main.TestCaseExecutor.execute(TestCaseExecutor.java:285)
	at com.kms.katalon.core.main.TestCaseMain.runTestCase(TestCaseMain.java:137)
	at com.kms.katalon.core.keyword.builtin.CallTestCaseKeyword$_callTestCase_closure1.doCall(CallTestCaseKeyword.groovy:59)
	... 25 more
Caused by: com.kms.katalon.core.webui.exception.WebElementNotFoundException: Web element with id: 'Object Repository/xpath_dynamic' located by '//*[text()='Vehicle' and @href='#tab-vehicle']' not found
	at com.kms.katalon.core.webui.common.WebUiCommonHelper.findWebElement(WebUiCommonHelper.java:1379)
	at com.kms.katalon.core.webui.keyword.internal.WebUIAbstractKeyword.findWebElement(WebUIAbstractKeyword.groovy:27)
	at com.kms.katalon.core.webui.keyword.builtin.ClickKeyword$_click_closure1.doCall(ClickKeyword.groovy:65)
	at com.kms.katalon.core.webui.keyword.builtin.ClickKeyword$_click_closure1.call(ClickKeyword.groovy)
	at com.kms.katalon.core.webui.keyword.internal.WebUIKeywordMain.runKeyword(WebUIKeywordMain.groovy:20)
	... 39 more


27-02-2024T09:33:55 - [TEST_STEP][PASSED] - callTestCase(findTestCase("Test Cases/me corp - aline/Login"), null, STOP_ON_FAILURE): Call Test Case 'Test Cases/me corp - aline/Login' successfully

27-02-2024T09:33:56 - [TEST_CASE][PASSED] - Test Cases/me corp - aline/Login: Test Cases/me corp - aline/Login

27-02-2024T09:33:56 - [TEST_STEP][PASSED] - baseDir = System.getProperty("user.dir"): null

27-02-2024T09:33:56 - [TEST_STEP][PASSED] - switch (login_role): null

27-02-2024T09:33:56 - [TEST_STEP][PASSED] - case "cmo":: null

27-02-2024T09:33:56 - [TEST_STEP][PASSED] - username = CMO: null

27-02-2024T09:33:56 - [TEST_STEP][PASSED] - break: null

27-02-2024T09:33:56 - [TEST_STEP][PASSED] - openBrowser(ME_url): Browser is opened with url: 'https://mecorporate.idofocus.co.id:25443/login'

27-02-2024T09:33:57 - [MESSAGE][INFO] - Starting 'Firefox' driver

27-02-2024T09:33:57 - [MESSAGE][INFO] - Action delay is set to 0 milliseconds

27-02-2024T09:34:02 - [MESSAGE][PASSED] - Browser is opened with url: 'https://mecorporate.idofocus.co.id:25443/login'

27-02-2024T09:34:02 - [TEST_STEP][PASSED] - maximizeWindow(): Current window maximized

27-02-2024T09:34:02 - [MESSAGE][PASSED] - Current window maximized

27-02-2024T09:34:02 - [TEST_STEP][PASSED] - setText(findTestObject("Object Repository/xpath_dynamic", ["xpath":"//form//input[@formcontrolname='username']"]), username): Text '20160535' is set on object 'Object Repository/xpath_dynamic'

27-02-2024T09:34:02 - [MESSAGE][PASSED] - Text '20160535' is set on object 'Object Repository/xpath_dynamic'

27-02-2024T09:34:02 - [TEST_STEP][PASSED] - setText(findTestObject("Object Repository/xpath_dynamic", ["xpath":"//form//input[@formcontrolname='password']"]), password): Text 'Mobile123+' is set on object 'Object Repository/xpath_dynamic'

27-02-2024T09:34:03 - [MESSAGE][PASSED] - Text 'Mobile123+' is set on object 'Object Repository/xpath_dynamic'

27-02-2024T09:34:03 - [TEST_STEP][PASSED] - click(findTestObject("Object Repository/xpath_dynamic", ["xpath":"//form//button[@type='submit']"])): Object: 'Object Repository/xpath_dynamic' is clicked on

27-02-2024T09:34:04 - [MESSAGE][PASSED] - Object: 'Object Repository/xpath_dynamic' is clicked on

27-02-2024T09:34:04 - [TEST_STEP][PASSED] - takeScreenshot(baseDir + me1WebScreenshotPath + "/" + index + "/" + "skenario-login" + ".png", STOP_ON_FAILURE): Taking screenshot successfully

27-02-2024T09:34:05 - [MESSAGE][PASSED] - Taking screenshot successfully
[[ATTACHMENT|D:\BCAF\me-corp-add-data\Screenshoot\me1\Web\/0/skenario-login.png]]

27-02-2024T09:34:05 - [TEST_STEP][PASSED] - click(findTestObject("Object Repository/xpath_dynamic", ["xpath":"//ul/li[@id='menu0']"])): Object: 'Object Repository/xpath_dynamic' is clicked on

27-02-2024T09:34:06 - [MESSAGE][PASSED] - Object: 'Object Repository/xpath_dynamic' is clicked on

27-02-2024T09:34:06 - [TEST_STEP][PASSED] - click(findTestObject("Object Repository/xpath_dynamic", ["xpath":"//*[@id='sidebar']//a[@href='/aplikasi-baru']"])): Object: 'Object Repository/xpath_dynamic' is clicked on

27-02-2024T09:34:06 - [MESSAGE][PASSED] - Object: 'Object Repository/xpath_dynamic' is clicked on

27-02-2024T09:34:06 - [TEST_STEP][PASSED] - takeScreenshot(baseDir + me1WebScreenshotPath + "/" + index + "/" + "skenario-button-aplikasi-baru" + ".png", STOP_ON_FAILURE): Taking screenshot successfully

27-02-2024T09:34:07 - [MESSAGE][PASSED] - Taking screenshot successfully
[[ATTACHMENT|D:\BCAF\me-corp-add-data\Screenshoot\me1\Web\/0/skenario-button-aplikasi-baru.png]]

27-02-2024T09:34:07 - [MESSAGE][PASSED] - Call Test Case 'Test Cases/me corp - aline/Login' successfully

27-02-2024T09:34:07 - [TEST_STEP][PASSED] - callTestCase(findTestCase("Test Cases/me corp - aline/Transaction/AplikasiBaru"), null, STOP_ON_FAILURE): Call Test Case 'Test Cases/me corp - aline/Transaction/AplikasiBaru' successfully

27-02-2024T09:34:07 - [TEST_CASE][PASSED] - Test Cases/me corp - aline/Transaction/AplikasiBaru: Test Cases/me corp - aline/Transaction/AplikasiBaru

27-02-2024T09:34:07 - [TEST_STEP][PASSED] - robot = new java.awt.Robot(): null

27-02-2024T09:34:07 - [TEST_STEP][PASSED] - userDir = getProjectDir(): null

27-02-2024T09:34:07 - [TEST_STEP][PASSED] - driver = getWebDriver(): null

27-02-2024T09:34:07 - [TEST_STEP][PASSED] - baseDir = System.getProperty("user.dir"): null

27-02-2024T09:34:07 - [TEST_STEP][PASSED] - if (aplikasiBaru_tipeKonsumen == "Perorangan"): Object 'Object Repository/xpath_dynamic' is checked

27-02-2024T09:34:07 - [TEST_STEP][PASSED] - check(findTestObject("Object Repository/xpath_dynamic", ["xpath":"//form//input[@value='radio-perorangan']"])): Object 'Object Repository/xpath_dynamic' is checked

27-02-2024T09:34:08 - [MESSAGE][PASSED] - Object 'Object Repository/xpath_dynamic' is checked

27-02-2024T09:34:08 - [TEST_STEP][PASSED] - click(findTestObject("Object Repository/xpath_dynamic", ["xpath":"//form//ng-select[@formcontrolname='businessType']"])): Object: 'Object Repository/xpath_dynamic' is clicked on

27-02-2024T09:34:08 - [MESSAGE][PASSED] - Object: 'Object Repository/xpath_dynamic' is clicked on

27-02-2024T09:34:08 - [TEST_STEP][PASSED] - click(findTestObject("Object Repository/xpath_dynamic", ["xpath"://form//*[text()='$aplikasiBaru_badanUsaha']])): Object: 'Object Repository/xpath_dynamic' is clicked on

27-02-2024T09:34:09 - [MESSAGE][PASSED] - Object: 'Object Repository/xpath_dynamic' is clicked on

27-02-2024T09:34:09 - [TEST_STEP][PASSED] - npwpPath = pathfinder_npwp.replace("/", "\"): null

27-02-2024T09:34:09 - [TEST_STEP][PASSED] - siupPath = pathfinder_siup.replace("/", "\"): null

27-02-2024T09:34:09 - [TEST_STEP][PASSED] - tdpPath = pathfinder_tdp.replace("/", "\"): null

27-02-2024T09:34:09 - [TEST_STEP][PASSED] - uploadFile = [["path":npwpPath], ["path":siupPath], ["path":tdpPath]]: null

27-02-2024T09:34:09 - [TEST_STEP][PASSED] - uploadFile.each({ java.lang.Object key -> ... }): popup.popup.uploadFile is PASSED

27-02-2024T09:34:09 - [MESSAGE][PASSED] - Object: 'Object Repository/xpath_dynamic' is clicked on

27-02-2024T09:34:10 - [MESSAGE][PASSED] - Object: 'Object Repository/xpath_dynamic' is clicked on

27-02-2024T09:34:10 - [MESSAGE][PASSED] - Delayed 0.5 second(s)

27-02-2024T09:34:11 - [MESSAGE][PASSED] - popup.popup.uploadFile is PASSED

27-02-2024T09:34:12 - [MESSAGE][PASSED] - Object: 'Object Repository/xpath_dynamic' is clicked on

27-02-2024T09:34:14 - [MESSAGE][PASSED] - Object: 'Object Repository/xpath_dynamic' is clicked on

27-02-2024T09:34:15 - [MESSAGE][PASSED] - Delayed 0.5 second(s)

27-02-2024T09:34:16 - [MESSAGE][PASSED] - popup.popup.uploadFile is PASSED

27-02-2024T09:34:17 - [MESSAGE][PASSED] - Object: 'Object Repository/xpath_dynamic' is clicked on

27-02-2024T09:34:18 - [MESSAGE][PASSED] - Object: 'Object Repository/xpath_dynamic' is clicked on

27-02-2024T09:34:19 - [MESSAGE][PASSED] - Delayed 0.5 second(s)

27-02-2024T09:34:19 - [MESSAGE][PASSED] - popup.popup.uploadFile is PASSED

27-02-2024T09:34:19 - [TEST_STEP][PASSED] - waitForElementVisible(findTestObject("Object Repository/xpath_dynamic", ["xpath":"//form//input[@formcontrolname='npwpNo']"]), 0): Object 'Object Repository/xpath_dynamic' is visible

27-02-2024T09:34:19 - [MESSAGE][WARNING] - Timeout '0' is invalid. Using default page load timeout: '30'

27-02-2024T09:34:20 - [MESSAGE][PASSED] - Object 'Object Repository/xpath_dynamic' is visible

27-02-2024T09:34:20 - [TEST_STEP][PASSED] - setText(findTestObject("Object Repository/xpath_dynamic", ["xpath":"//form//input[@formcontrolname='npwpNo']"]), aplikasiBaru_npwp): Text '856745874747586' is set on object 'Object Repository/xpath_dynamic'

27-02-2024T09:34:21 - [MESSAGE][PASSED] - Text '856745874747586' is set on object 'Object Repository/xpath_dynamic'

27-02-2024T09:34:21 - [TEST_STEP][PASSED] - setText(findTestObject("Object Repository/xpath_dynamic", ["xpath":"//form//input[@formcontrolname='name']"]), aplikasiBaru_nama): Text 'TESTER' is set on object 'Object Repository/xpath_dynamic'

27-02-2024T09:34:21 - [MESSAGE][PASSED] - Text 'TESTER' is set on object 'Object Repository/xpath_dynamic'

27-02-2024T09:34:21 - [TEST_STEP][PASSED] - try: Object: 'Object Repository/xpath_dynamic' is clicked on

27-02-2024T09:34:21 - [TEST_STEP][PASSED] - if (aplikasiBaru_isPerubahanData == "ya"): null

27-02-2024T09:34:21 - [TEST_STEP][PASSED] - else: Object: 'Object Repository/xpath_dynamic' is clicked on

27-02-2024T09:34:21 - [TEST_STEP][PASSED] - verifyElementPresent(findTestObject("Object Repository/xpath_dynamic", ["xpath":"//*[text()='Ada Perubahan Data?']/following-sibling::div[2]"]), 5, OPTIONAL): Object 'Object Repository/xpath_dynamic' is present

27-02-2024T09:34:22 - [MESSAGE][PASSED] - Object 'Object Repository/xpath_dynamic' is present

27-02-2024T09:34:22 - [TEST_STEP][PASSED] - click(findTestObject("Object Repository/xpath_dynamic", ["xpath":"//*[text()='Ada Perubahan Data?']/following-sibling::div[2]"])): Object: 'Object Repository/xpath_dynamic' is clicked on

27-02-2024T09:34:22 - [MESSAGE][PASSED] - Object: 'Object Repository/xpath_dynamic' is clicked on

27-02-2024T09:34:22 - [TEST_STEP][PASSED] - click(findTestObject("Object Repository/xpath_dynamic", ["xpath":"//*[text()=' Proses ']"])): Object: 'Object Repository/xpath_dynamic' is clicked on

27-02-2024T09:34:23 - [MESSAGE][PASSED] - Object: 'Object Repository/xpath_dynamic' is clicked on

27-02-2024T09:34:23 - [TEST_STEP][PASSED] - delay(1): Delayed 1 second(s)

27-02-2024T09:34:24 - [MESSAGE][PASSED] - Delayed 1 second(s)

27-02-2024T09:34:24 - [TEST_STEP][PASSED] - for ([i = 1, i < 5, (i++)]): Object: 'Object Repository/xpath_dynamic' is clicked on

27-02-2024T09:34:24 - [TEST_STEP][PASSED] - click(findTestObject("Object Repository/xpath_dynamic", ["xpath"://ul[@role='tablist']/li[$i]])): Object: 'Object Repository/xpath_dynamic' is clicked on

27-02-2024T09:34:25 - [MESSAGE][PASSED] - Object: 'Object Repository/xpath_dynamic' is clicked on

27-02-2024T09:34:25 - [TEST_STEP][PASSED] - click(findTestObject("Object Repository/xpath_dynamic", ["xpath"://ul[@role='tablist']/li[$i]])): Object: 'Object Repository/xpath_dynamic' is clicked on

27-02-2024T09:34:26 - [MESSAGE][PASSED] - Object: 'Object Repository/xpath_dynamic' is clicked on

27-02-2024T09:34:26 - [TEST_STEP][PASSED] - click(findTestObject("Object Repository/xpath_dynamic", ["xpath"://ul[@role='tablist']/li[$i]])): Object: 'Object Repository/xpath_dynamic' is clicked on

27-02-2024T09:34:27 - [MESSAGE][PASSED] - Object: 'Object Repository/xpath_dynamic' is clicked on

27-02-2024T09:34:27 - [TEST_STEP][PASSED] - click(findTestObject("Object Repository/xpath_dynamic", ["xpath"://ul[@role='tablist']/li[$i]])): Object: 'Object Repository/xpath_dynamic' is clicked on

27-02-2024T09:34:28 - [MESSAGE][PASSED] - Object: 'Object Repository/xpath_dynamic' is clicked on

27-02-2024T09:34:28 - [TEST_STEP][PASSED] - click(findTestObject("Object Repository/xpath_dynamic", ["xpath":"//div[@class='tab-content']/div[4]//*[text()='OK']"])): Object: 'Object Repository/xpath_dynamic' is clicked on

27-02-2024T09:34:28 - [MESSAGE][PASSED] - Object: 'Object Repository/xpath_dynamic' is clicked on

27-02-2024T09:34:28 - [TEST_STEP][PASSED] - if (verifyElementPresent(findTestObject("Object Repository/xpath_dynamic", ["xpath":"//*[@type='checkbox']"]), 1, OPTIONAL)): null

27-02-2024T09:34:29 - [MESSAGE][PASSED] - Object 'Object Repository/xpath_dynamic' is present

27-02-2024T09:34:29 - [TEST_STEP][PASSED] - click(findTestObject("Object Repository/xpath_dynamic", ["xpath":"//*[@type='checkbox']"]), OPTIONAL): Object: 'Object Repository/xpath_dynamic' is clicked on

27-02-2024T09:34:29 - [MESSAGE][PASSED] - Object: 'Object Repository/xpath_dynamic' is clicked on

27-02-2024T09:34:29 - [TEST_STEP][PASSED] - click(findTestObject("Object Repository/xpath_dynamic", ["xpath":"//*[text()='Ya']"])): Object: 'Object Repository/xpath_dynamic' is clicked on

27-02-2024T09:34:30 - [MESSAGE][PASSED] - Object: 'Object Repository/xpath_dynamic' is clicked on

27-02-2024T09:34:30 - [TEST_STEP][PASSED] - takeScreenshot(baseDir + me1WebScreenshotPath + "/" + index + "/" + "skenario-bikin-aplikasi-baru" + ".png", STOP_ON_FAILURE): Taking screenshot successfully

27-02-2024T09:35:00 - [MESSAGE][PASSED] - Taking screenshot successfully
[[ATTACHMENT|D:\BCAF\me-corp-add-data\Screenshoot\me1\Web\/0/skenario-bikin-aplikasi-baru.png]]

27-02-2024T09:35:00 - [MESSAGE][PASSED] - Call Test Case 'Test Cases/me corp - aline/Transaction/AplikasiBaru' successfully

27-02-2024T09:35:00 - [TEST_STEP][PASSED] - callTestCase(findTestCase("Test Cases/me corp - aline/Transaction/Corporate(DataEntry)"), null, STOP_ON_FAILURE): Call Test Case 'Test Cases/me corp - aline/Transaction/Corporate(DataEntry)' successfully

27-02-2024T09:35:00 - [TEST_CASE][PASSED] - Test Cases/me corp - aline/Transaction/Corporate(DataEntry): Test Cases/me corp - aline/Transaction/Corporate(DataEntry)

27-02-2024T09:35:02 - [TEST_STEP][PASSED] - userDir = getProjectDir(): null

27-02-2024T09:35:02 - [TEST_STEP][PASSED] - filePath = pathfinder_npwp.replace("/", "\"): null

27-02-2024T09:35:02 - [TEST_STEP][PASSED] - ktpPath = cobaKTP.replace("/", "\"): null

27-02-2024T09:35:02 - [TEST_STEP][PASSED] - baseDir = System.getProperty("user.dir"): null

27-02-2024T09:35:02 - [TEST_STEP][PASSED] - setText(findTestObject("Object Repository/xpath_dynamic", ["xpath":"//*[@formcontrolname='sidName']"]), konsumen_SID): Text '223213445' is set on object 'Object Repository/xpath_dynamic'

27-02-2024T09:35:33 - [MESSAGE][PASSED] - Text '223213445' is set on object 'Object Repository/xpath_dynamic'

27-02-2024T09:35:33 - [TEST_STEP][PASSED] - click(findTestObject("Object Repository/xpath_dynamic", ["xpath":"//*[text()='Surat Keterangan Domisili ']"])): Object: 'Object Repository/xpath_dynamic' is clicked on

27-02-2024T09:35:34 - [MESSAGE][PASSED] - Object: 'Object Repository/xpath_dynamic' is clicked on

27-02-2024T09:35:34 - [TEST_STEP][PASSED] - click(findTestObject("Object Repository/xpath_dynamic", ["xpath":"//div[@role='tablist']//div[4]//*[text()=' Capture ' or text()=' Retake ']"])): Object: 'Object Repository/xpath_dynamic' is clicked on

27-02-2024T09:35:35 - [MESSAGE][PASSED] - Object: 'Object Repository/xpath_dynamic' is clicked on

27-02-2024T09:35:35 - [TEST_STEP][PASSED] - popup.popup.uploadFile(findTestObject("Object Repository/xpath_dynamic", ["xpath":"//modal-container//button[2]"]), ktpPath): popup.popup.uploadFile is PASSED

27-02-2024T09:35:35 - [MESSAGE][PASSED] - Object: 'Object Repository/xpath_dynamic' is clicked on

27-02-2024T09:35:36 - [MESSAGE][PASSED] - Delayed 0.5 second(s)

27-02-2024T09:35:36 - [MESSAGE][PASSED] - popup.popup.uploadFile is PASSED

27-02-2024T09:35:36 - [TEST_STEP][PASSED] - click(findTestObject("Object Repository/xpath_dynamic", ["xpath":"//*[text()='FAP ']"])): Object: 'Object Repository/xpath_dynamic' is clicked on

27-02-2024T09:35:38 - [MESSAGE][PASSED] - Object: 'Object Repository/xpath_dynamic' is clicked on

27-02-2024T09:35:38 - [TEST_STEP][PASSED] - click(findTestObject("Object Repository/xpath_dynamic", ["xpath":"//*[text()=' Add Capture']"])): Object: 'Object Repository/xpath_dynamic' is clicked on

27-02-2024T09:35:39 - [MESSAGE][PASSED] - Object: 'Object Repository/xpath_dynamic' is clicked on

27-02-2024T09:35:39 - [TEST_STEP][PASSED] - popup.popup.uploadFile(findTestObject("Object Repository/xpath_dynamic", ["xpath":"//modal-container//button[2]"]), filePath): popup.popup.uploadFile is PASSED

27-02-2024T09:35:39 - [MESSAGE][PASSED] - Object: 'Object Repository/xpath_dynamic' is clicked on

27-02-2024T09:35:40 - [MESSAGE][PASSED] - Delayed 0.5 second(s)

27-02-2024T09:35:40 - [MESSAGE][PASSED] - popup.popup.uploadFile is PASSED

27-02-2024T09:35:40 - [TEST_STEP][PASSED] - fieldData = [["Jenis Usaha", konsumen_jenisUsaha], ["Omzet Usaha per Tahun", konsumen_omzetUsaha], ["Alamat Perusahaan", konsumen_alamatPT], ["Berdiri Sejak Tahun", konsumen_tahunBerdiri], ["No. Rekening BCA", konsumen_noRekBCA]]: null

27-02-2024T09:35:40 - [TEST_STEP][PASSED] - for (def data : fieldData): Text '413514512' is set on object 'Object Repository/xpath_dynamic'

27-02-2024T09:35:40 - [TEST_STEP][PASSED] - setText(findTestObject("Object Repository/xpath_dynamic", ["xpath"://*[text()='$data[0]']/following-sibling::div[1]/*]), data[1]): Text 'Kontruksi' is set on object 'Object Repository/xpath_dynamic'

27-02-2024T09:35:42 - [MESSAGE][PASSED] - Text 'Kontruksi' is set on object 'Object Repository/xpath_dynamic'

27-02-2024T09:35:42 - [TEST_STEP][PASSED] - setText(findTestObject("Object Repository/xpath_dynamic", ["xpath"://*[text()='$data[0]']/following-sibling::div[1]/*]), data[1]): Text '10000000000' is set on object 'Object Repository/xpath_dynamic'

27-02-2024T09:35:43 - [MESSAGE][PASSED] - Text '10000000000' is set on object 'Object Repository/xpath_dynamic'

27-02-2024T09:35:43 - [TEST_STEP][PASSED] - setText(findTestObject("Object Repository/xpath_dynamic", ["xpath"://*[text()='$data[0]']/following-sibling::div[1]/*]), data[1]): Text 'Jakarta, No. 45' is set on object 'Object Repository/xpath_dynamic'

27-02-2024T09:35:43 - [MESSAGE][PASSED] - Text 'Jakarta, No. 45' is set on object 'Object Repository/xpath_dynamic'

27-02-2024T09:35:43 - [TEST_STEP][PASSED] - setText(findTestObject("Object Repository/xpath_dynamic", ["xpath"://*[text()='$data[0]']/following-sibling::div[1]/*]), data[1]): Text '1995' is set on object 'Object Repository/xpath_dynamic'

27-02-2024T09:35:44 - [MESSAGE][PASSED] - Text '1995' is set on object 'Object Repository/xpath_dynamic'

27-02-2024T09:35:44 - [TEST_STEP][PASSED] - setText(findTestObject("Object Repository/xpath_dynamic", ["xpath"://*[text()='$data[0]']/following-sibling::div[1]/*]), data[1]): Text '413514512' is set on object 'Object Repository/xpath_dynamic'

27-02-2024T09:35:45 - [MESSAGE][PASSED] - Text '413514512' is set on object 'Object Repository/xpath_dynamic'

27-02-2024T09:35:45 - [TEST_STEP][PASSED] - fieldSearchData = [["Kode Lokasi Proyek", konsumen_kodeLokasi], ["Kab/Kota", konsumen_kabKota], ["Kelurahan", konsumen_kelurahan], ["Economy Code", konsumen_economyCode], ["Provinsi", konsumen_provinsi], ["Kecamatan", konsumen_kecamantan], ["Kode Pos", konsumen_kodePos]]: null

27-02-2024T09:35:45 - [TEST_STEP][PASSED] - for (def data : fieldSearchData): Object: 'Object Repository/xpath_dynamic' is clicked on

27-02-2024T09:35:45 - [TEST_STEP][PASSED] - setText(findTestObject("Object Repository/xpath_dynamic", ["xpath"://*[text()='$data[0]']/following-sibling::div[1]/bcaf-autocomplete//input]), data[1]): Text '1213' is set on object 'Object Repository/xpath_dynamic'

27-02-2024T09:35:46 - [MESSAGE][PASSED] - Text '1213' is set on object 'Object Repository/xpath_dynamic'

27-02-2024T09:35:46 - [TEST_STEP][PASSED] - waitForElementClickable(findTestObject("Object Repository/xpath_dynamic", ["xpath"://*[text()='$data[0]']/following-sibling::div[1]//ul[1]]), 2): Object 'Object Repository/xpath_dynamic' is clickable

27-02-2024T09:35:46 - [MESSAGE][PASSED] - Object 'Object Repository/xpath_dynamic' is clickable

27-02-2024T09:35:46 - [TEST_STEP][PASSED] - click(findTestObject("Object Repository/xpath_dynamic", ["xpath"://*[text()='$data[0]']/following-sibling::div[1]//ul[1]])): Object: 'Object Repository/xpath_dynamic' is clicked on

27-02-2024T09:35:48 - [MESSAGE][PASSED] - Object: 'Object Repository/xpath_dynamic' is clicked on

27-02-2024T09:35:48 - [TEST_STEP][PASSED] - setText(findTestObject("Object Repository/xpath_dynamic", ["xpath"://*[text()='$data[0]']/following-sibling::div[1]/bcaf-autocomplete//input]), data[1]): Text 'Malang' is set on object 'Object Repository/xpath_dynamic'

27-02-2024T09:35:48 - [MESSAGE][PASSED] - Text 'Malang' is set on object 'Object Repository/xpath_dynamic'

27-02-2024T09:35:48 - [TEST_STEP][PASSED] - waitForElementClickable(findTestObject("Object Repository/xpath_dynamic", ["xpath"://*[text()='$data[0]']/following-sibling::div[1]//ul[1]]), 2): Object 'Object Repository/xpath_dynamic' is clickable

27-02-2024T09:35:49 - [MESSAGE][PASSED] - Object 'Object Repository/xpath_dynamic' is clickable

27-02-2024T09:35:49 - [TEST_STEP][PASSED] - click(findTestObject("Object Repository/xpath_dynamic", ["xpath"://*[text()='$data[0]']/following-sibling::div[1]//ul[1]])): Object: 'Object Repository/xpath_dynamic' is clicked on

27-02-2024T09:35:50 - [MESSAGE][PASSED] - Object: 'Object Repository/xpath_dynamic' is clicked on

27-02-2024T09:35:50 - [TEST_STEP][PASSED] - setText(findTestObject("Object Repository/xpath_dynamic", ["xpath"://*[text()='$data[0]']/following-sibling::div[1]/bcaf-autocomplete//input]), data[1]): Text 'ketawanggede' is set on object 'Object Repository/xpath_dynamic'

27-02-2024T09:35:51 - [MESSAGE][PASSED] - Text 'ketawanggede' is set on object 'Object Repository/xpath_dynamic'

27-02-2024T09:35:51 - [TEST_STEP][PASSED] - waitForElementClickable(findTestObject("Object Repository/xpath_dynamic", ["xpath"://*[text()='$data[0]']/following-sibling::div[1]//ul[1]]), 2): Object 'Object Repository/xpath_dynamic' is clickable

27-02-2024T09:35:51 - [MESSAGE][PASSED] - Object 'Object Repository/xpath_dynamic' is clickable

27-02-2024T09:35:51 - [TEST_STEP][PASSED] - click(findTestObject("Object Repository/xpath_dynamic", ["xpath"://*[text()='$data[0]']/following-sibling::div[1]//ul[1]])): Object: 'Object Repository/xpath_dynamic' is clicked on

27-02-2024T09:35:51 - [MESSAGE][PASSED] - Object: 'Object Repository/xpath_dynamic' is clicked on

27-02-2024T09:35:51 - [TEST_STEP][PASSED] - setText(findTestObject("Object Repository/xpath_dynamic", ["xpath"://*[text()='$data[0]']/following-sibling::div[1]/bcaf-autocomplete//input]), data[1]): Text '010103' is set on object 'Object Repository/xpath_dynamic'

27-02-2024T09:35:52 - [MESSAGE][PASSED] - Text '010103' is set on object 'Object Repository/xpath_dynamic'

27-02-2024T09:35:52 - [TEST_STEP][PASSED] - waitForElementClickable(findTestObject("Object Repository/xpath_dynamic", ["xpath"://*[text()='$data[0]']/following-sibling::div[1]//ul[1]]), 2): Object 'Object Repository/xpath_dynamic' is clickable

27-02-2024T09:35:53 - [MESSAGE][PASSED] - Object 'Object Repository/xpath_dynamic' is clickable

27-02-2024T09:35:53 - [TEST_STEP][PASSED] - click(findTestObject("Object Repository/xpath_dynamic", ["xpath"://*[text()='$data[0]']/following-sibling::div[1]//ul[1]])): Object: 'Object Repository/xpath_dynamic' is clicked on

27-02-2024T09:35:54 - [MESSAGE][PASSED] - Object: 'Object Repository/xpath_dynamic' is clicked on

27-02-2024T09:35:54 - [TEST_STEP][PASSED] - setText(findTestObject("Object Repository/xpath_dynamic", ["xpath"://*[text()='$data[0]']/following-sibling::div[1]/bcaf-autocomplete//input]), data[1]): Text 'JAWA TIMUR' is set on object 'Object Repository/xpath_dynamic'

27-02-2024T09:35:55 - [MESSAGE][PASSED] - Text 'JAWA TIMUR' is set on object 'Object Repository/xpath_dynamic'

27-02-2024T09:35:55 - [TEST_STEP][PASSED] - waitForElementClickable(findTestObject("Object Repository/xpath_dynamic", ["xpath"://*[text()='$data[0]']/following-sibling::div[1]//ul[1]]), 2): Object 'Object Repository/xpath_dynamic' is clickable

27-02-2024T09:35:55 - [MESSAGE][PASSED] - Object 'Object Repository/xpath_dynamic' is clickable

27-02-2024T09:35:55 - [TEST_STEP][PASSED] - click(findTestObject("Object Repository/xpath_dynamic", ["xpath"://*[text()='$data[0]']/following-sibling::div[1]//ul[1]])): Object: 'Object Repository/xpath_dynamic' is clicked on

27-02-2024T09:35:56 - [MESSAGE][PASSED] - Object: 'Object Repository/xpath_dynamic' is clicked on

27-02-2024T09:35:56 - [TEST_STEP][PASSED] - setText(findTestObject("Object Repository/xpath_dynamic", ["xpath"://*[text()='$data[0]']/following-sibling::div[1]/bcaf-autocomplete//input]), data[1]): Text 'lowokwaru' is set on object 'Object Repository/xpath_dynamic'

27-02-2024T09:35:57 - [MESSAGE][PASSED] - Text 'lowokwaru' is set on object 'Object Repository/xpath_dynamic'

27-02-2024T09:35:57 - [TEST_STEP][PASSED] - waitForElementClickable(findTestObject("Object Repository/xpath_dynamic", ["xpath"://*[text()='$data[0]']/following-sibling::div[1]//ul[1]]), 2): Object 'Object Repository/xpath_dynamic' is clickable

27-02-2024T09:35:58 - [MESSAGE][PASSED] - Object 'Object Repository/xpath_dynamic' is clickable

27-02-2024T09:35:58 - [TEST_STEP][PASSED] - click(findTestObject("Object Repository/xpath_dynamic", ["xpath"://*[text()='$data[0]']/following-sibling::div[1]//ul[1]])): Object: 'Object Repository/xpath_dynamic' is clicked on

27-02-2024T09:35:59 - [MESSAGE][PASSED] - Object: 'Object Repository/xpath_dynamic' is clicked on

27-02-2024T09:35:59 - [TEST_STEP][PASSED] - setText(findTestObject("Object Repository/xpath_dynamic", ["xpath"://*[text()='$data[0]']/following-sibling::div[1]/bcaf-autocomplete//input]), data[1]): Text '65145' is set on object 'Object Repository/xpath_dynamic'

27-02-2024T09:36:00 - [MESSAGE][PASSED] - Text '65145' is set on object 'Object Repository/xpath_dynamic'

27-02-2024T09:36:00 - [TEST_STEP][PASSED] - waitForElementClickable(findTestObject("Object Repository/xpath_dynamic", ["xpath"://*[text()='$data[0]']/following-sibling::div[1]//ul[1]]), 2): Object 'Object Repository/xpath_dynamic' is clickable

27-02-2024T09:36:00 - [MESSAGE][PASSED] - Object 'Object Repository/xpath_dynamic' is clickable

27-02-2024T09:36:00 - [TEST_STEP][PASSED] - click(findTestObject("Object Repository/xpath_dynamic", ["xpath"://*[text()='$data[0]']/following-sibling::div[1]//ul[1]])): Object: 'Object Repository/xpath_dynamic' is clicked on

27-02-2024T09:36:02 - [MESSAGE][PASSED] - Object: 'Object Repository/xpath_dynamic' is clicked on

27-02-2024T09:36:02 - [TEST_STEP][PASSED] - click(findTestObject("Object Repository/xpath_dynamic", ["xpath"://input[@formcontrolname='alamatPengirimanSurat' and @value='$konsumen_alamatPengirimanSurat']])): Object: 'Object Repository/xpath_dynamic' is clicked on

27-02-2024T09:36:03 - [MESSAGE][PASSED] - Object: 'Object Repository/xpath_dynamic' is clicked on

27-02-2024T09:36:03 - [TEST_STEP][PASSED] - setText(findTestObject("Object Repository/xpath_dynamic", ["xpath":"//*[@formgroupname='alamatPengirimanSuratLainnya']//input[@formcontrolname='alamat']"]), konsumen_namaAlamatPengirimanSurat): Text 'Cemara Residence' is set on object 'Object Repository/xpath_dynamic'

27-02-2024T09:36:03 - [MESSAGE][PASSED] - Text 'Cemara Residence' is set on object 'Object Repository/xpath_dynamic'

27-02-2024T09:36:03 - [TEST_STEP][PASSED] - alamatLainnyaValue = [["Provinsi", konsumen_provinsi], ["Kab/Kota", konsumen_kabKota], ["Kecamatan", konsumen_kecamantan], ["Kelurahan", konsumen_kelurahan], ["Kode Pos", konsumen_kodePos]]: null

27-02-2024T09:36:03 - [TEST_STEP][PASSED] - for ([i = 0, i <= 4, (i++)]): Object: 'Object Repository/xpath_dynamic' is clicked on

27-02-2024T09:36:03 - [TEST_STEP][PASSED] - setText(findTestObject("Object Repository/xpath_dynamic", ["xpath"://*[@formgroupname='alamatPengirimanSuratLainnya']//div[@class='row']/div[$(i + 2)]//input]), alamatLainnyaValue[i][1]): Text 'JAWA TIMUR' is set on object 'Object Repository/xpath_dynamic'

27-02-2024T09:36:04 - [MESSAGE][PASSED] - Text 'JAWA TIMUR' is set on object 'Object Repository/xpath_dynamic'

27-02-2024T09:36:04 - [TEST_STEP][PASSED] - waitForElementClickable(findTestObject("Object Repository/xpath_dynamic", ["xpath"://*[@formgroupname='alamatPengirimanSuratLainnya']//*[text()='$alamatLainnyaValue[i][0]']/following-sibling::div[1]//ul[1]]), 2): Object 'Object Repository/xpath_dynamic' is clickable

27-02-2024T09:36:04 - [MESSAGE][PASSED] - Object 'Object Repository/xpath_dynamic' is clickable

27-02-2024T09:36:04 - [TEST_STEP][PASSED] - click(findTestObject("Object Repository/xpath_dynamic", ["xpath"://*[@formgroupname='alamatPengirimanSuratLainnya']//*[text()='$alamatLainnyaValue[i][0]']/following-sibling::div[1]//ul[1]])): Object: 'Object Repository/xpath_dynamic' is clicked on

27-02-2024T09:36:05 - [MESSAGE][PASSED] - Object: 'Object Repository/xpath_dynamic' is clicked on

27-02-2024T09:36:05 - [TEST_STEP][PASSED] - setText(findTestObject("Object Repository/xpath_dynamic", ["xpath"://*[@formgroupname='alamatPengirimanSuratLainnya']//div[@class='row']/div[$(i + 2)]//input]), alamatLainnyaValue[i][1]): Text 'Malang' is set on object 'Object Repository/xpath_dynamic'

27-02-2024T09:36:06 - [MESSAGE][PASSED] - Text 'Malang' is set on object 'Object Repository/xpath_dynamic'

27-02-2024T09:36:06 - [TEST_STEP][PASSED] - waitForElementClickable(findTestObject("Object Repository/xpath_dynamic", ["xpath"://*[@formgroupname='alamatPengirimanSuratLainnya']//*[text()='$alamatLainnyaValue[i][0]']/following-sibling::div[1]//ul[1]]), 2): Object 'Object Repository/xpath_dynamic' is clickable

27-02-2024T09:36:07 - [MESSAGE][PASSED] - Object 'Object Repository/xpath_dynamic' is clickable

27-02-2024T09:36:07 - [TEST_STEP][PASSED] - click(findTestObject("Object Repository/xpath_dynamic", ["xpath"://*[@formgroupname='alamatPengirimanSuratLainnya']//*[text()='$alamatLainnyaValue[i][0]']/following-sibling::div[1]//ul[1]])): Object: 'Object Repository/xpath_dynamic' is clicked on

27-02-2024T09:36:08 - [MESSAGE][PASSED] - Object: 'Object Repository/xpath_dynamic' is clicked on

27-02-2024T09:36:08 - [TEST_STEP][PASSED] - setText(findTestObject("Object Repository/xpath_dynamic", ["xpath"://*[@formgroupname='alamatPengirimanSuratLainnya']//div[@class='row']/div[$(i + 2)]//input]), alamatLainnyaValue[i][1]): Text 'lowokwaru' is set on object 'Object Repository/xpath_dynamic'

27-02-2024T09:36:09 - [MESSAGE][PASSED] - Text 'lowokwaru' is set on object 'Object Repository/xpath_dynamic'

27-02-2024T09:36:09 - [TEST_STEP][PASSED] - waitForElementClickable(findTestObject("Object Repository/xpath_dynamic", ["xpath"://*[@formgroupname='alamatPengirimanSuratLainnya']//*[text()='$alamatLainnyaValue[i][0]']/following-sibling::div[1]//ul[1]]), 2): Object 'Object Repository/xpath_dynamic' is clickable

27-02-2024T09:36:09 - [MESSAGE][PASSED] - Object 'Object Repository/xpath_dynamic' is clickable

27-02-2024T09:36:09 - [TEST_STEP][PASSED] - click(findTestObject("Object Repository/xpath_dynamic", ["xpath"://*[@formgroupname='alamatPengirimanSuratLainnya']//*[text()='$alamatLainnyaValue[i][0]']/following-sibling::div[1]//ul[1]])): Object: 'Object Repository/xpath_dynamic' is clicked on

27-02-2024T09:36:10 - [MESSAGE][PASSED] - Object: 'Object Repository/xpath_dynamic' is clicked on

27-02-2024T09:36:10 - [TEST_STEP][PASSED] - setText(findTestObject("Object Repository/xpath_dynamic", ["xpath"://*[@formgroupname='alamatPengirimanSuratLainnya']//div[@class='row']/div[$(i + 2)]//input]), alamatLainnyaValue[i][1]): Text 'ketawanggede' is set on object 'Object Repository/xpath_dynamic'

27-02-2024T09:36:11 - [MESSAGE][PASSED] - Text 'ketawanggede' is set on object 'Object Repository/xpath_dynamic'

27-02-2024T09:36:11 - [TEST_STEP][PASSED] - waitForElementClickable(findTestObject("Object Repository/xpath_dynamic", ["xpath"://*[@formgroupname='alamatPengirimanSuratLainnya']//*[text()='$alamatLainnyaValue[i][0]']/following-sibling::div[1]//ul[1]]), 2): Object 'Object Repository/xpath_dynamic' is clickable

27-02-2024T09:36:11 - [MESSAGE][PASSED] - Object 'Object Repository/xpath_dynamic' is clickable

27-02-2024T09:36:11 - [TEST_STEP][PASSED] - click(findTestObject("Object Repository/xpath_dynamic", ["xpath"://*[@formgroupname='alamatPengirimanSuratLainnya']//*[text()='$alamatLainnyaValue[i][0]']/following-sibling::div[1]//ul[1]])): Object: 'Object Repository/xpath_dynamic' is clicked on

27-02-2024T09:36:12 - [MESSAGE][PASSED] - Object: 'Object Repository/xpath_dynamic' is clicked on

27-02-2024T09:36:12 - [TEST_STEP][PASSED] - setText(findTestObject("Object Repository/xpath_dynamic", ["xpath"://*[@formgroupname='alamatPengirimanSuratLainnya']//div[@class='row']/div[$(i + 2)]//input]), alamatLainnyaValue[i][1]): Text '65145' is set on object 'Object Repository/xpath_dynamic'

27-02-2024T09:36:12 - [MESSAGE][PASSED] - Text '65145' is set on object 'Object Repository/xpath_dynamic'

27-02-2024T09:36:12 - [TEST_STEP][PASSED] - waitForElementClickable(findTestObject("Object Repository/xpath_dynamic", ["xpath"://*[@formgroupname='alamatPengirimanSuratLainnya']//*[text()='$alamatLainnyaValue[i][0]']/following-sibling::div[1]//ul[1]]), 2): Object 'Object Repository/xpath_dynamic' is clickable

27-02-2024T09:36:13 - [MESSAGE][PASSED] - Object 'Object Repository/xpath_dynamic' is clickable

27-02-2024T09:36:13 - [TEST_STEP][PASSED] - click(findTestObject("Object Repository/xpath_dynamic", ["xpath"://*[@formgroupname='alamatPengirimanSuratLainnya']//*[text()='$alamatLainnyaValue[i][0]']/following-sibling::div[1]//ul[1]])): Object: 'Object Repository/xpath_dynamic' is clicked on

27-02-2024T09:36:14 - [MESSAGE][PASSED] - Object: 'Object Repository/xpath_dynamic' is clicked on

27-02-2024T09:36:14 - [TEST_STEP][PASSED] - fieldData2 = [["email", konsumen_email], ["phoneAreaCode2", konsumen_phoneAreaCode], ["telepon2", konsumen_telepon1], ["phoneAreaCode1", konsumen_phoneAreaCode], ["telepon1", konsumen_telepon1], ["faxAreaCode2", konsumen_faxAreaCode], ["fax2", konsumen_fax], ["faxAreaCode1", konsumen_faxAreaCode], ["fax1", konsumen_fax]]: null

27-02-2024T09:36:14 - [TEST_STEP][PASSED] - for (def data : fieldData2): Text '23455' is set on object 'Object Repository/xpath_dynamic'

27-02-2024T09:36:14 - [TEST_STEP][PASSED] - setText(findTestObject("Object Repository/xpath_dynamic", ["xpath"://input[@formcontrolname='$data[0]']]), data[1]): Text 'contoh@gmail.com' is set on object 'Object Repository/xpath_dynamic'

27-02-2024T09:36:15 - [MESSAGE][PASSED] - Text 'contoh@gmail.com' is set on object 'Object Repository/xpath_dynamic'

27-02-2024T09:36:15 - [TEST_STEP][PASSED] - setText(findTestObject("Object Repository/xpath_dynamic", ["xpath"://input[@formcontrolname='$data[0]']]), data[1]): Text '62' is set on object 'Object Repository/xpath_dynamic'

27-02-2024T09:36:15 - [MESSAGE][PASSED] - Text '62' is set on object 'Object Repository/xpath_dynamic'

27-02-2024T09:36:15 - [TEST_STEP][PASSED] - setText(findTestObject("Object Repository/xpath_dynamic", ["xpath"://input[@formcontrolname='$data[0]']]), data[1]): Text '089773662555' is set on object 'Object Repository/xpath_dynamic'

27-02-2024T09:36:16 - [MESSAGE][PASSED] - Text '089773662555' is set on object 'Object Repository/xpath_dynamic'

27-02-2024T09:36:16 - [TEST_STEP][PASSED] - setText(findTestObject("Object Repository/xpath_dynamic", ["xpath"://input[@formcontrolname='$data[0]']]), data[1]): Text '62' is set on object 'Object Repository/xpath_dynamic'

27-02-2024T09:36:17 - [MESSAGE][PASSED] - Text '62' is set on object 'Object Repository/xpath_dynamic'

27-02-2024T09:36:17 - [TEST_STEP][PASSED] - setText(findTestObject("Object Repository/xpath_dynamic", ["xpath"://input[@formcontrolname='$data[0]']]), data[1]): Text '089773662555' is set on object 'Object Repository/xpath_dynamic'

27-02-2024T09:36:18 - [MESSAGE][PASSED] - Text '089773662555' is set on object 'Object Repository/xpath_dynamic'

27-02-2024T09:36:18 - [TEST_STEP][PASSED] - setText(findTestObject("Object Repository/xpath_dynamic", ["xpath"://input[@formcontrolname='$data[0]']]), data[1]): Text '1' is set on object 'Object Repository/xpath_dynamic'

27-02-2024T09:36:18 - [MESSAGE][PASSED] - Text '1' is set on object 'Object Repository/xpath_dynamic'

27-02-2024T09:36:18 - [TEST_STEP][PASSED] - setText(findTestObject("Object Repository/xpath_dynamic", ["xpath"://input[@formcontrolname='$data[0]']]), data[1]): Text '23455' is set on object 'Object Repository/xpath_dynamic'

27-02-2024T09:36:19 - [MESSAGE][PASSED] - Text '23455' is set on object 'Object Repository/xpath_dynamic'

27-02-2024T09:36:19 - [TEST_STEP][PASSED] - setText(findTestObject("Object Repository/xpath_dynamic", ["xpath"://input[@formcontrolname='$data[0]']]), data[1]): Text '1' is set on object 'Object Repository/xpath_dynamic'

27-02-2024T09:36:20 - [MESSAGE][PASSED] - Text '1' is set on object 'Object Repository/xpath_dynamic'

27-02-2024T09:36:20 - [TEST_STEP][PASSED] - setText(findTestObject("Object Repository/xpath_dynamic", ["xpath"://input[@formcontrolname='$data[0]']]), data[1]): Text '23455' is set on object 'Object Repository/xpath_dynamic'

27-02-2024T09:36:21 - [MESSAGE][PASSED] - Text '23455' is set on object 'Object Repository/xpath_dynamic'

27-02-2024T09:36:21 - [TEST_STEP][PASSED] - takeScreenshot(baseDir + me1WebScreenshotPath + "/" + index + "/" + "skenario-tab-konsumen" + ".png", STOP_ON_FAILURE): Taking screenshot successfully

27-02-2024T09:36:21 - [MESSAGE][PASSED] - Taking screenshot successfully
[[ATTACHMENT|D:\BCAF\me-corp-add-data\Screenshoot\me1\Web\/0/skenario-tab-konsumen.png]]

27-02-2024T09:36:21 - [TEST_STEP][PASSED] - scrollToElement(findTestObject("Object Repository/xpath_dynamic", ["xpath":"//*[text()='Resume AHU' and @href='#tab-resumeahu']"]), 0): Scroll to object 'Object Repository/xpath_dynamic' successfully

27-02-2024T09:36:21 - [MESSAGE][WARNING] - Timeout '0' is invalid. Using default page load timeout: '30'

27-02-2024T09:36:21 - [MESSAGE][PASSED] - Scroll to object 'Object Repository/xpath_dynamic' successfully

27-02-2024T09:36:21 - [TEST_STEP][PASSED] - click(findTestObject("Object Repository/xpath_dynamic", ["xpath":"//*[text()='Resume AHU' and @href='#tab-resumeahu']"])): Object: 'Object Repository/xpath_dynamic' is clicked on

27-02-2024T09:36:27 - [MESSAGE][PASSED] - Object: 'Object Repository/xpath_dynamic' is clicked on

27-02-2024T09:36:27 - [TEST_STEP][PASSED] - takeScreenshot(baseDir + me1WebScreenshotPath + "/" + index + "/" + "skenario-tab-resume" + ".png", STOP_ON_FAILURE): Taking screenshot successfully

27-02-2024T09:36:28 - [MESSAGE][PASSED] - Taking screenshot successfully
[[ATTACHMENT|D:\BCAF\me-corp-add-data\Screenshoot\me1\Web\/0/skenario-tab-resume.png]]

27-02-2024T09:36:28 - [TEST_STEP][PASSED] - click(findTestObject("Object Repository/xpath_dynamic", ["xpath":"//*[text()='Pengurus' and @href='#tab-pengurus']"])): Object: 'Object Repository/xpath_dynamic' is clicked on

27-02-2024T09:36:29 - [MESSAGE][PASSED] - Object: 'Object Repository/xpath_dynamic' is clicked on

27-02-2024T09:36:29 - [TEST_STEP][PASSED] - switch (pengurus_isPengurus): null

27-02-2024T09:36:29 - [TEST_STEP][PASSED] - case "no":: null

27-02-2024T09:36:29 - [TEST_STEP][PASSED] - break: null

27-02-2024T09:36:29 - [TEST_STEP][PASSED] - takeScreenshot(baseDir + me1WebScreenshotPath + "/" + index + "/" + "skenario-tab-pengurus" + ".png", STOP_ON_FAILURE): Taking screenshot successfully

27-02-2024T09:36:30 - [MESSAGE][PASSED] - Taking screenshot successfully
[[ATTACHMENT|D:\BCAF\me-corp-add-data\Screenshoot\me1\Web\/0/skenario-tab-pengurus.png]]

27-02-2024T09:36:30 - [TEST_STEP][PASSED] - scrollToElement(findTestObject("Object Repository/xpath_dynamic", ["xpath":"//*[text()='Pemegang Saham' and @href='#tab-pemegangSaham']"]), 0): Scroll to object 'Object Repository/xpath_dynamic' successfully

27-02-2024T09:36:30 - [MESSAGE][WARNING] - Timeout '0' is invalid. Using default page load timeout: '30'

27-02-2024T09:36:30 - [MESSAGE][PASSED] - Scroll to object 'Object Repository/xpath_dynamic' successfully

27-02-2024T09:36:30 - [TEST_STEP][PASSED] - click(findTestObject("Object Repository/xpath_dynamic", ["xpath":"//*[text()='Pemegang Saham' and @href='#tab-pemegangSaham']"])): Object: 'Object Repository/xpath_dynamic' is clicked on

27-02-2024T09:36:31 - [MESSAGE][PASSED] - Object: 'Object Repository/xpath_dynamic' is clicked on

27-02-2024T09:36:31 - [TEST_STEP][PASSED] - switch (saham_isPemegangSaham): null

27-02-2024T09:36:31 - [TEST_STEP][PASSED] - case "yes":: null

27-02-2024T09:36:31 - [TEST_STEP][PASSED] - click(findTestObject("Object Repository/xpath_dynamic", ["xpath":"//*[@id='accordionPemegangSaham']//*[text()=' Add']"])): Object: 'Object Repository/xpath_dynamic' is clicked on

27-02-2024T09:36:33 - [MESSAGE][PASSED] - Object: 'Object Repository/xpath_dynamic' is clicked on

27-02-2024T09:36:33 - [TEST_STEP][PASSED] - jenisSaham = saham_jenisPemegangSaham: null

27-02-2024T09:36:33 - [TEST_STEP][PASSED] - switch (jenisSaham): null

27-02-2024T09:36:33 - [TEST_STEP][PASSED] - case "perorangan":: null

27-02-2024T09:36:33 - [TEST_STEP][PASSED] - check(findTestObject("Object Repository/xpath_dynamic", ["xpath":"//div[@class='form-check']//*[@value='perorangan']"])): Object 'Object Repository/xpath_dynamic' is checked

27-02-2024T09:36:34 - [MESSAGE][PASSED] - Object 'Object Repository/xpath_dynamic' is checked

27-02-2024T09:36:34 - [TEST_STEP][PASSED] - click(findTestObject("Object Repository/xpath_dynamic", ["xpath":"//div[@class='modal-footer']//*[text()='OK']"])): Object: 'Object Repository/xpath_dynamic' is clicked on

27-02-2024T09:36:34 - [MESSAGE][PASSED] - Object: 'Object Repository/xpath_dynamic' is clicked on

27-02-2024T09:36:34 - [TEST_STEP][PASSED] - click(findTestObject("Object Repository/xpath_dynamic", ["xpath":"//*[@formarrayname='pemegangSaham'][1]"])): Object: 'Object Repository/xpath_dynamic' is clicked on

27-02-2024T09:36:35 - [MESSAGE][PASSED] - Object: 'Object Repository/xpath_dynamic' is clicked on

27-02-2024T09:36:35 - [TEST_STEP][PASSED] - click(findTestObject("Object Repository/xpath_dynamic", ["xpath":"//*[@formarrayname='pemegangSaham'][1]//*[text()='Capture File']"])): Object: 'Object Repository/xpath_dynamic' is clicked on

27-02-2024T09:36:36 - [MESSAGE][PASSED] - Object: 'Object Repository/xpath_dynamic' is clicked on

27-02-2024T09:36:36 - [TEST_STEP][PASSED] - popup.popup.uploadFile(findTestObject("Object Repository/xpath_dynamic", ["xpath":"//modal-container//button[2]"]), filePath): popup.popup.uploadFile is PASSED

27-02-2024T09:36:37 - [MESSAGE][PASSED] - Object: 'Object Repository/xpath_dynamic' is clicked on

27-02-2024T09:36:37 - [MESSAGE][PASSED] - Delayed 0.5 second(s)

27-02-2024T09:36:38 - [MESSAGE][PASSED] - popup.popup.uploadFile is PASSED

27-02-2024T09:36:38 - [TEST_STEP][PASSED] - fieldDataPeroranganSaham = [["name", saham_nama], ["identityNo", saham_nik], ["birthPlace", saham_birthPlace], ["alamat", saham_alamat]]: null

27-02-2024T09:36:38 - [TEST_STEP][PASSED] - for (def data : fieldDataPeroranganSaham): Text 'Pondok Indah 1' is set on object 'Object Repository/xpath_dynamic'

27-02-2024T09:36:38 - [TEST_STEP][PASSED] - waitForElementClickable(findTestObject("Object Repository/xpath_dynamic", ["xpath"://*[@formarrayname='pemegangSaham'][1]//*[@formcontrolname='$data[0]']]), 0): Object 'Object Repository/xpath_dynamic' is clickable

27-02-2024T09:36:38 - [MESSAGE][WARNING] - Timeout '0' is invalid. Using default page load timeout: '30'

27-02-2024T09:37:02 - [MESSAGE][PASSED] - Object 'Object Repository/xpath_dynamic' is clickable

27-02-2024T09:37:02 - [TEST_STEP][PASSED] - setText(findTestObject("Object Repository/xpath_dynamic", ["xpath"://*[@formarrayname='pemegangSaham'][1]//*[@formcontrolname='$data[0]']]), data[1]): Text 'JUNAIDI' is set on object 'Object Repository/xpath_dynamic'

27-02-2024T09:37:03 - [MESSAGE][PASSED] - Text 'JUNAIDI' is set on object 'Object Repository/xpath_dynamic'

27-02-2024T09:37:03 - [TEST_STEP][PASSED] - waitForElementClickable(findTestObject("Object Repository/xpath_dynamic", ["xpath"://*[@formarrayname='pemegangSaham'][1]//*[@formcontrolname='$data[0]']]), 0): Object 'Object Repository/xpath_dynamic' is clickable

27-02-2024T09:37:03 - [MESSAGE][WARNING] - Timeout '0' is invalid. Using default page load timeout: '30'

27-02-2024T09:37:03 - [MESSAGE][PASSED] - Object 'Object Repository/xpath_dynamic' is clickable

27-02-2024T09:37:03 - [TEST_STEP][PASSED] - setText(findTestObject("Object Repository/xpath_dynamic", ["xpath"://*[@formarrayname='pemegangSaham'][1]//*[@formcontrolname='$data[0]']]), data[1]): Text '3209089098909890' is set on object 'Object Repository/xpath_dynamic'

27-02-2024T09:37:04 - [MESSAGE][PASSED] - Text '3209089098909890' is set on object 'Object Repository/xpath_dynamic'

27-02-2024T09:37:04 - [TEST_STEP][PASSED] - waitForElementClickable(findTestObject("Object Repository/xpath_dynamic", ["xpath"://*[@formarrayname='pemegangSaham'][1]//*[@formcontrolname='$data[0]']]), 0): Object 'Object Repository/xpath_dynamic' is clickable

27-02-2024T09:37:04 - [MESSAGE][WARNING] - Timeout '0' is invalid. Using default page load timeout: '30'

27-02-2024T09:37:05 - [MESSAGE][PASSED] - Object 'Object Repository/xpath_dynamic' is clickable

27-02-2024T09:37:05 - [TEST_STEP][PASSED] - setText(findTestObject("Object Repository/xpath_dynamic", ["xpath"://*[@formarrayname='pemegangSaham'][1]//*[@formcontrolname='$data[0]']]), data[1]): Text 'Jakarta' is set on object 'Object Repository/xpath_dynamic'

27-02-2024T09:37:05 - [MESSAGE][PASSED] - Text 'Jakarta' is set on object 'Object Repository/xpath_dynamic'

27-02-2024T09:37:05 - [TEST_STEP][PASSED] - waitForElementClickable(findTestObject("Object Repository/xpath_dynamic", ["xpath"://*[@formarrayname='pemegangSaham'][1]//*[@formcontrolname='$data[0]']]), 0): Object 'Object Repository/xpath_dynamic' is clickable

27-02-2024T09:37:05 - [MESSAGE][WARNING] - Timeout '0' is invalid. Using default page load timeout: '30'

27-02-2024T09:37:06 - [MESSAGE][PASSED] - Object 'Object Repository/xpath_dynamic' is clickable

27-02-2024T09:37:06 - [TEST_STEP][PASSED] - setText(findTestObject("Object Repository/xpath_dynamic", ["xpath"://*[@formarrayname='pemegangSaham'][1]//*[@formcontrolname='$data[0]']]), data[1]): Text 'Pondok Indah 1' is set on object 'Object Repository/xpath_dynamic'

27-02-2024T09:37:07 - [MESSAGE][PASSED] - Text 'Pondok Indah 1' is set on object 'Object Repository/xpath_dynamic'

27-02-2024T09:37:07 - [TEST_STEP][PASSED] - fieldSearchPeroranganSaham = [["Provinsi", saham_provinsi], ["Kecamatan", saham_kecamatan], ["Kode Pos", saham_kodepos], ["Kab/Kota", saham_kab], ["Kelurahan", saham_kelurahan]]: null

27-02-2024T09:37:07 - [TEST_STEP][PASSED] - for (def data : fieldSearchPeroranganSaham): Object: 'Object Repository/xpath_dynamic' is clicked on

27-02-2024T09:37:07 - [TEST_STEP][PASSED] - setText(findTestObject("Object Repository/xpath_dynamic", ["xpath"://div[@data-parent='#accordionPemegangSaham']//*[text()='$data[0]']/following-sibling::div[1]//input]), data[1]): Text 'DKI JAKARTA' is set on object 'Object Repository/xpath_dynamic'

27-02-2024T09:37:08 - [MESSAGE][PASSED] - Text 'DKI JAKARTA' is set on object 'Object Repository/xpath_dynamic'

27-02-2024T09:37:08 - [TEST_STEP][PASSED] - waitForElementClickable(findTestObject("Object Repository/xpath_dynamic", ["xpath"://div[@data-parent='#accordionPemegangSaham']//*[text()='$data[0]']/following-sibling::div[1]//ul/li[1]]), 2): Object 'Object Repository/xpath_dynamic' is clickable

27-02-2024T09:37:09 - [MESSAGE][PASSED] - Object 'Object Repository/xpath_dynamic' is clickable

27-02-2024T09:37:09 - [TEST_STEP][PASSED] - click(findTestObject("Object Repository/xpath_dynamic", ["xpath"://div[@data-parent='#accordionPemegangSaham']//*[text()='$data[0]']/following-sibling::div[1]//ul/li[1]])): Object: 'Object Repository/xpath_dynamic' is clicked on

27-02-2024T09:37:09 - [MESSAGE][PASSED] - Object: 'Object Repository/xpath_dynamic' is clicked on

27-02-2024T09:37:09 - [TEST_STEP][PASSED] - setText(findTestObject("Object Repository/xpath_dynamic", ["xpath"://div[@data-parent='#accordionPemegangSaham']//*[text()='$data[0]']/following-sibling::div[1]//input]), data[1]): Text 'KEBON JERUK' is set on object 'Object Repository/xpath_dynamic'

27-02-2024T09:37:10 - [MESSAGE][PASSED] - Text 'KEBON JERUK' is set on object 'Object Repository/xpath_dynamic'

27-02-2024T09:37:10 - [TEST_STEP][PASSED] - waitForElementClickable(findTestObject("Object Repository/xpath_dynamic", ["xpath"://div[@data-parent='#accordionPemegangSaham']//*[text()='$data[0]']/following-sibling::div[1]//ul/li[1]]), 2): Object 'Object Repository/xpath_dynamic' is clickable

27-02-2024T09:37:11 - [MESSAGE][PASSED] - Object 'Object Repository/xpath_dynamic' is clickable

27-02-2024T09:37:11 - [TEST_STEP][PASSED] - click(findTestObject("Object Repository/xpath_dynamic", ["xpath"://div[@data-parent='#accordionPemegangSaham']//*[text()='$data[0]']/following-sibling::div[1]//ul/li[1]])): Object: 'Object Repository/xpath_dynamic' is clicked on

27-02-2024T09:37:12 - [MESSAGE][PASSED] - Object: 'Object Repository/xpath_dynamic' is clicked on

27-02-2024T09:37:12 - [TEST_STEP][PASSED] - setText(findTestObject("Object Repository/xpath_dynamic", ["xpath"://div[@data-parent='#accordionPemegangSaham']//*[text()='$data[0]']/following-sibling::div[1]//input]), data[1]): Text '11530' is set on object 'Object Repository/xpath_dynamic'

27-02-2024T09:37:13 - [MESSAGE][PASSED] - Text '11530' is set on object 'Object Repository/xpath_dynamic'

27-02-2024T09:37:13 - [TEST_STEP][PASSED] - waitForElementClickable(findTestObject("Object Repository/xpath_dynamic", ["xpath"://div[@data-parent='#accordionPemegangSaham']//*[text()='$data[0]']/following-sibling::div[1]//ul/li[1]]), 2): Object 'Object Repository/xpath_dynamic' is clickable

27-02-2024T09:37:14 - [MESSAGE][PASSED] - Object 'Object Repository/xpath_dynamic' is clickable

27-02-2024T09:37:14 - [TEST_STEP][PASSED] - click(findTestObject("Object Repository/xpath_dynamic", ["xpath"://div[@data-parent='#accordionPemegangSaham']//*[text()='$data[0]']/following-sibling::div[1]//ul/li[1]])): Object: 'Object Repository/xpath_dynamic' is clicked on

27-02-2024T09:37:14 - [MESSAGE][PASSED] - Object: 'Object Repository/xpath_dynamic' is clicked on

27-02-2024T09:37:14 - [TEST_STEP][PASSED] - setText(findTestObject("Object Repository/xpath_dynamic", ["xpath"://div[@data-parent='#accordionPemegangSaham']//*[text()='$data[0]']/following-sibling::div[1]//input]), data[1]): Text 'JAKARTA BARAT' is set on object 'Object Repository/xpath_dynamic'

27-02-2024T09:37:15 - [MESSAGE][PASSED] - Text 'JAKARTA BARAT' is set on object 'Object Repository/xpath_dynamic'

27-02-2024T09:37:15 - [TEST_STEP][PASSED] - waitForElementClickable(findTestObject("Object Repository/xpath_dynamic", ["xpath"://div[@data-parent='#accordionPemegangSaham']//*[text()='$data[0]']/following-sibling::div[1]//ul/li[1]]), 2): Object 'Object Repository/xpath_dynamic' is clickable

27-02-2024T09:37:16 - [MESSAGE][PASSED] - Object 'Object Repository/xpath_dynamic' is clickable

27-02-2024T09:37:16 - [TEST_STEP][PASSED] - click(findTestObject("Object Repository/xpath_dynamic", ["xpath"://div[@data-parent='#accordionPemegangSaham']//*[text()='$data[0]']/following-sibling::div[1]//ul/li[1]])): Object: 'Object Repository/xpath_dynamic' is clicked on

27-02-2024T09:37:17 - [MESSAGE][PASSED] - Object: 'Object Repository/xpath_dynamic' is clicked on

27-02-2024T09:37:17 - [TEST_STEP][PASSED] - setText(findTestObject("Object Repository/xpath_dynamic", ["xpath"://div[@data-parent='#accordionPemegangSaham']//*[text()='$data[0]']/following-sibling::div[1]//input]), data[1]): Text 'KEBON JERUK' is set on object 'Object Repository/xpath_dynamic'

27-02-2024T09:37:18 - [MESSAGE][PASSED] - Text 'KEBON JERUK' is set on object 'Object Repository/xpath_dynamic'

27-02-2024T09:37:18 - [TEST_STEP][PASSED] - waitForElementClickable(findTestObject("Object Repository/xpath_dynamic", ["xpath"://div[@data-parent='#accordionPemegangSaham']//*[text()='$data[0]']/following-sibling::div[1]//ul/li[1]]), 2): Object 'Object Repository/xpath_dynamic' is clickable

27-02-2024T09:37:19 - [MESSAGE][PASSED] - Object 'Object Repository/xpath_dynamic' is clickable

27-02-2024T09:37:19 - [TEST_STEP][PASSED] - click(findTestObject("Object Repository/xpath_dynamic", ["xpath"://div[@data-parent='#accordionPemegangSaham']//*[text()='$data[0]']/following-sibling::div[1]//ul/li[1]])): Object: 'Object Repository/xpath_dynamic' is clicked on

27-02-2024T09:37:20 - [MESSAGE][PASSED] - Object: 'Object Repository/xpath_dynamic' is clicked on

27-02-2024T09:37:20 - [TEST_STEP][PASSED] - click(findTestObject("Object Repository/xpath_dynamic", ["xpath":"//*[@formarrayname='pemegangSaham'][1]//*[text()='Birth Date']/following-sibling::div[1]//button"])): Object: 'Object Repository/xpath_dynamic' is clicked on

27-02-2024T09:37:20 - [MESSAGE][PASSED] - Object: 'Object Repository/xpath_dynamic' is clicked on

27-02-2024T09:37:20 - [TEST_STEP][PASSED] - click(findTestObject("Object Repository/xpath_dynamic", ["xpath":"//*[text()='2024']"])): Object: 'Object Repository/xpath_dynamic' is clicked on

27-02-2024T09:37:21 - [MESSAGE][PASSED] - Object: 'Object Repository/xpath_dynamic' is clicked on

27-02-2024T09:37:21 - [TEST_STEP][PASSED] - dobComponents = saham_dob.split("-"): null

27-02-2024T09:37:21 - [TEST_STEP][PASSED] - day = dobComponents[0]: null

27-02-2024T09:37:21 - [TEST_STEP][PASSED] - month = dobComponents[1]: null

27-02-2024T09:37:21 - [TEST_STEP][PASSED] - year = Integer.parseInt(dobComponents[2]): null

27-02-2024T09:37:21 - [TEST_STEP][PASSED] - currentYear = getInstance().get(YEAR): null

27-02-2024T09:37:21 - [TEST_STEP][PASSED] - difference = currentYear - year: null

27-02-2024T09:37:21 - [TEST_STEP][PASSED] - boxesToGoBack = difference / 16: null

27-02-2024T09:37:21 - [TEST_STEP][PASSED] - decimalPart = boxesToGoBack - boxesToGoBack * 10: null

27-02-2024T09:37:21 - [TEST_STEP][PASSED] - if (decimalPart <= 4): null

27-02-2024T09:37:21 - [TEST_STEP][PASSED] - else: null

27-02-2024T09:37:21 - [TEST_STEP][PASSED] - boxesToGoBack = Math.ceil(boxesToGoBack): null

27-02-2024T09:37:21 - [TEST_STEP][PASSED] - for ([i = 0, i < boxesToGoBack, (i++)]): null

27-02-2024T09:37:21 - [TEST_STEP][PASSED] - clickPrevious(): null

27-02-2024T09:37:21 - [TEST_STEP][PASSED] - click(findTestObject("Object Repository/xpath_dynamic", ["xpath":"//*[text()='‹']"])): null

27-02-2024T09:37:21 - [MESSAGE][PASSED] - Object: 'Object Repository/xpath_dynamic' is clicked on

27-02-2024T09:37:21 - [TEST_STEP][PASSED] - clickPrevious(): null

27-02-2024T09:37:21 - [TEST_STEP][PASSED] - click(findTestObject("Object Repository/xpath_dynamic", ["xpath":"//*[text()='‹']"])): null

27-02-2024T09:37:22 - [MESSAGE][PASSED] - Object: 'Object Repository/xpath_dynamic' is clicked on

27-02-2024T09:37:22 - [TEST_STEP][PASSED] - clickPrevious(): null

27-02-2024T09:37:22 - [TEST_STEP][PASSED] - click(findTestObject("Object Repository/xpath_dynamic", ["xpath":"//*[text()='‹']"])): null

27-02-2024T09:37:22 - [MESSAGE][PASSED] - Object: 'Object Repository/xpath_dynamic' is clicked on

27-02-2024T09:37:22 - [TEST_STEP][PASSED] - click(findTestObject("Object Repository/xpath_dynamic", ["xpath":"//*[text()='" + year + "']"])): Object: 'Object Repository/xpath_dynamic' is clicked on

27-02-2024T09:37:23 - [MESSAGE][PASSED] - Object: 'Object Repository/xpath_dynamic' is clicked on

27-02-2024T09:37:23 - [TEST_STEP][PASSED] - click(findTestObject("Object Repository/xpath_dynamic", ["xpath":"//*[text()='" + month + "']"])): Object: 'Object Repository/xpath_dynamic' is clicked on

27-02-2024T09:37:23 - [MESSAGE][PASSED] - Object: 'Object Repository/xpath_dynamic' is clicked on

27-02-2024T09:37:23 - [TEST_STEP][PASSED] - click(findTestObject("Object Repository/xpath_dynamic", ["xpath":"//*[text()='" + day + "']"])): Object: 'Object Repository/xpath_dynamic' is clicked on

27-02-2024T09:37:24 - [MESSAGE][PASSED] - Object: 'Object Repository/xpath_dynamic' is clicked on

27-02-2024T09:37:24 - [TEST_STEP][PASSED] - break: null

27-02-2024T09:37:24 - [TEST_STEP][PASSED] - break: null

27-02-2024T09:37:24 - [TEST_STEP][PASSED] - takeScreenshot(baseDir + me1WebScreenshotPath + "/" + index + "/" + "skenario-tab-saham" + ".png", STOP_ON_FAILURE): Taking screenshot successfully

27-02-2024T09:37:25 - [MESSAGE][PASSED] - Taking screenshot successfully
[[ATTACHMENT|D:\BCAF\me-corp-add-data\Screenshoot\me1\Web\/0/skenario-tab-saham.png]]

27-02-2024T09:37:25 - [TEST_STEP][PASSED] - scrollToElement(findTestObject("Object Repository/xpath_dynamic", ["xpath":"//*[text()='Penjamin' and @href='#tab-penjamin']"]), 0): Scroll to object 'Object Repository/xpath_dynamic' successfully

27-02-2024T09:37:25 - [MESSAGE][WARNING] - Timeout '0' is invalid. Using default page load timeout: '30'

27-02-2024T09:37:25 - [MESSAGE][PASSED] - Scroll to object 'Object Repository/xpath_dynamic' successfully

27-02-2024T09:37:25 - [TEST_STEP][PASSED] - click(findTestObject("Object Repository/xpath_dynamic", ["xpath":"//*[text()='Penjamin' and @href='#tab-penjamin']"])): Object: 'Object Repository/xpath_dynamic' is clicked on

27-02-2024T09:37:34 - [MESSAGE][PASSED] - Object: 'Object Repository/xpath_dynamic' is clicked on

27-02-2024T09:37:34 - [TEST_STEP][PASSED] - switch (penjamin_isPenjamin): null

27-02-2024T09:37:34 - [TEST_STEP][PASSED] - case "no":: null

27-02-2024T09:37:34 - [TEST_STEP][PASSED] - check(findTestObject("Object Repository/xpath_dynamic", ["xpath":"//input[@id='guarantor2']"])): Object 'Object Repository/xpath_dynamic' is checked

27-02-2024T09:37:35 - [MESSAGE][PASSED] - Object 'Object Repository/xpath_dynamic' is checked

27-02-2024T09:37:35 - [TEST_STEP][PASSED] - break: null

27-02-2024T09:37:35 - [TEST_STEP][PASSED] - click(findTestObject("Object Repository/xpath_dynamic", ["xpath":"//*[text()='Financial' and @href='#tab-financial']"])): Object: 'Object Repository/xpath_dynamic' is clicked on

27-02-2024T09:37:35 - [MESSAGE][PASSED] - Object: 'Object Repository/xpath_dynamic' is clicked on

27-02-2024T09:37:35 - [TEST_STEP][PASSED] - switch (financial_haveFinancialDocuments): null

27-02-2024T09:37:35 - [TEST_STEP][PASSED] - case "no":: null

27-02-2024T09:37:35 - [TEST_STEP][PASSED] - break: null

27-02-2024T09:37:35 - [TEST_STEP][PASSED] - takeScreenshot(baseDir + me1WebScreenshotPath + "/" + index + "/" + "skenario-tab-penjamin" + ".png", STOP_ON_FAILURE): Taking screenshot successfully

27-02-2024T09:37:36 - [MESSAGE][PASSED] - Taking screenshot successfully
[[ATTACHMENT|D:\BCAF\me-corp-add-data\Screenshoot\me1\Web\/0/skenario-tab-penjamin.png]]

27-02-2024T09:37:36 - [TEST_STEP][PASSED] - scrollToElement(findTestObject("Object Repository/xpath_dynamic", ["xpath":"//*[text()='Contact Person' and @href='#tab-contact-person']"]), 0): Scroll to object 'Object Repository/xpath_dynamic' successfully

27-02-2024T09:37:36 - [MESSAGE][WARNING] - Timeout '0' is invalid. Using default page load timeout: '30'

27-02-2024T09:37:36 - [MESSAGE][PASSED] - Scroll to object 'Object Repository/xpath_dynamic' successfully

27-02-2024T09:37:36 - [TEST_STEP][PASSED] - click(findTestObject("Object Repository/xpath_dynamic", ["xpath":"//*[text()='Contact Person' and @href='#tab-contact-person']"])): Object: 'Object Repository/xpath_dynamic' is clicked on

27-02-2024T09:37:37 - [MESSAGE][PASSED] - Object: 'Object Repository/xpath_dynamic' is clicked on

27-02-2024T09:37:37 - [TEST_STEP][PASSED] - switch (CP_hasOtherContactPerson): null

27-02-2024T09:37:37 - [TEST_STEP][PASSED] - case "no":: null

27-02-2024T09:37:37 - [TEST_STEP][PASSED] - check(findTestObject("Object Repository/xpath_dynamic", ["xpath":"//*[@id='tab-contact-person'][1]//input[@value='tidak']"])): Object 'Object Repository/xpath_dynamic' is checked

27-02-2024T09:37:38 - [MESSAGE][PASSED] - Object 'Object Repository/xpath_dynamic' is checked

27-02-2024T09:37:38 - [TEST_STEP][PASSED] - break: null

27-02-2024T09:37:38 - [TEST_STEP][PASSED] - takeScreenshot(baseDir + me1WebScreenshotPath + "/" + index + "/" + "skenario-tab-contactPerson" + ".png", STOP_ON_FAILURE): Taking screenshot successfully

27-02-2024T09:37:38 - [MESSAGE][PASSED] - Taking screenshot successfully
[[ATTACHMENT|D:\BCAF\me-corp-add-data\Screenshoot\me1\Web\/0/skenario-tab-contactPerson.png]]

27-02-2024T09:37:38 - [TEST_STEP][PASSED] - scrollToElement(findTestObject("Object Repository/xpath_dynamic", ["xpath":"//*[text()='Other Document' and @href='#tab-other-document']"]), 0): Scroll to object 'Object Repository/xpath_dynamic' successfully

27-02-2024T09:37:38 - [MESSAGE][WARNING] - Timeout '0' is invalid. Using default page load timeout: '30'

27-02-2024T09:37:38 - [MESSAGE][PASSED] - Scroll to object 'Object Repository/xpath_dynamic' successfully

27-02-2024T09:37:38 - [TEST_STEP][PASSED] - click(findTestObject("Object Repository/xpath_dynamic", ["xpath":"//*[text()='Other Document' and @href='#tab-other-document']"])): Object: 'Object Repository/xpath_dynamic' is clicked on

27-02-2024T09:37:39 - [MESSAGE][PASSED] - Object: 'Object Repository/xpath_dynamic' is clicked on

27-02-2024T09:37:39 - [TEST_STEP][PASSED] - switch (OD_isOtherDocument): null

27-02-2024T09:37:39 - [TEST_STEP][PASSED] - case "no":: null

27-02-2024T09:37:39 - [TEST_STEP][PASSED] - break: null

27-02-2024T09:37:39 - [TEST_STEP][PASSED] - takeScreenshot(baseDir + me1WebScreenshotPath + "/" + index + "/" + "skenario-tab-otherDocument" + ".png", STOP_ON_FAILURE): Taking screenshot successfully

27-02-2024T09:37:40 - [MESSAGE][PASSED] - Taking screenshot successfully
[[ATTACHMENT|D:\BCAF\me-corp-add-data\Screenshoot\me1\Web\/0/skenario-tab-otherDocument.png]]

27-02-2024T09:37:40 - [TEST_STEP][PASSED] - scrollToElement(findTestObject("Object Repository/xpath_dynamic", ["xpath":"//*[text()='BO' and @href='#tab-bo']"]), 0): Scroll to object 'Object Repository/xpath_dynamic' successfully

27-02-2024T09:37:40 - [MESSAGE][WARNING] - Timeout '0' is invalid. Using default page load timeout: '30'

27-02-2024T09:37:40 - [MESSAGE][PASSED] - Scroll to object 'Object Repository/xpath_dynamic' successfully

27-02-2024T09:37:40 - [TEST_STEP][PASSED] - click(findTestObject("Object Repository/xpath_dynamic", ["xpath":"//*[text()='BO' and @href='#tab-bo']"])): Object: 'Object Repository/xpath_dynamic' is clicked on

27-02-2024T09:37:41 - [MESSAGE][PASSED] - Object: 'Object Repository/xpath_dynamic' is clicked on

27-02-2024T09:37:41 - [TEST_STEP][PASSED] - switch (BO_isBO): null

27-02-2024T09:37:41 - [TEST_STEP][PASSED] - case "yes":: null

27-02-2024T09:37:41 - [TEST_STEP][PASSED] - click(findTestObject("Object Repository/xpath_dynamic", ["xpath":"//*[@id='accordionBO']//*[@id='isHaveBO1']"])): Object: 'Object Repository/xpath_dynamic' is clicked on

27-02-2024T09:37:42 - [MESSAGE][PASSED] - Object: 'Object Repository/xpath_dynamic' is clicked on

27-02-2024T09:37:42 - [TEST_STEP][PASSED] - click(findTestObject("Object Repository/xpath_dynamic", ["xpath":"//*[@formarrayname='bo']"])): Object: 'Object Repository/xpath_dynamic' is clicked on

27-02-2024T09:37:42 - [MESSAGE][PASSED] - Object: 'Object Repository/xpath_dynamic' is clicked on

27-02-2024T09:37:42 - [TEST_STEP][PASSED] - click(findTestObject("Object Repository/xpath_dynamic", ["xpath":"//*[@id='accordionBO']//*[@formcontrolname='nationality' and @value='WNI']"])): Object: 'Object Repository/xpath_dynamic' is clicked on

27-02-2024T09:37:43 - [MESSAGE][PASSED] - Object: 'Object Repository/xpath_dynamic' is clicked on

27-02-2024T09:37:43 - [TEST_STEP][PASSED] - click(findTestObject("Object Repository/xpath_dynamic", ["xpath":"//*[@id='accordionBO']//*[text()='Capture File']"])): Object: 'Object Repository/xpath_dynamic' is clicked on

27-02-2024T09:37:44 - [MESSAGE][PASSED] - Object: 'Object Repository/xpath_dynamic' is clicked on

27-02-2024T09:37:44 - [TEST_STEP][PASSED] - popup.popup.uploadFile(findTestObject("Object Repository/xpath_dynamic", ["xpath":"//modal-container//button[2]"]), ktpPath): popup.popup.uploadFile is PASSED

27-02-2024T09:37:45 - [MESSAGE][PASSED] - Object: 'Object Repository/xpath_dynamic' is clicked on

27-02-2024T09:37:45 - [MESSAGE][PASSED] - Delayed 0.5 second(s)

27-02-2024T09:37:46 - [MESSAGE][PASSED] - popup.popup.uploadFile is PASSED

27-02-2024T09:37:46 - [TEST_STEP][PASSED] - fieldsBO = [["field":"name", "value":BO_nameBo], ["field":"identityNo", "value":BO_identityNoBo], ["field":"birthPlace", "value":BO_birthPlaceBo]]: null

27-02-2024T09:37:46 - [TEST_STEP][PASSED] - fieldsBO.each({ java.lang.Object field -> ... }): Text 'Jakarta' is set on object 'Object Repository/xpath_dynamic'

27-02-2024T09:37:46 - [MESSAGE][WARNING] - Timeout '0' is invalid. Using default page load timeout: '30'

27-02-2024T09:37:58 - [MESSAGE][PASSED] - Object 'Object Repository/xpath_dynamic' is clickable

27-02-2024T09:37:59 - [MESSAGE][PASSED] - Text 'Joni' is set on object 'Object Repository/xpath_dynamic'

27-02-2024T09:37:59 - [MESSAGE][WARNING] - Timeout '0' is invalid. Using default page load timeout: '30'

27-02-2024T09:37:59 - [MESSAGE][PASSED] - Object 'Object Repository/xpath_dynamic' is clickable

27-02-2024T09:38:00 - [MESSAGE][PASSED] - Text '123454232423452362345326' is set on object 'Object Repository/xpath_dynamic'

27-02-2024T09:38:00 - [MESSAGE][WARNING] - Timeout '0' is invalid. Using default page load timeout: '30'

27-02-2024T09:38:00 - [MESSAGE][PASSED] - Object 'Object Repository/xpath_dynamic' is clickable

27-02-2024T09:38:02 - [MESSAGE][PASSED] - Text 'Jakarta' is set on object 'Object Repository/xpath_dynamic'

27-02-2024T09:38:02 - [TEST_STEP][PASSED] - click(findTestObject("Object Repository/xpath_dynamic", ["xpath":"//*[@id='accordionBO']//*[text()='Birth Date']/following-sibling::div[1]//button"])): Object: 'Object Repository/xpath_dynamic' is clicked on

27-02-2024T09:38:02 - [MESSAGE][PASSED] - Object: 'Object Repository/xpath_dynamic' is clicked on

27-02-2024T09:38:02 - [TEST_STEP][PASSED] - click(findTestObject("Object Repository/xpath_dynamic", ["xpath":"//*[text()='2024']"])): Object: 'Object Repository/xpath_dynamic' is clicked on

27-02-2024T09:38:03 - [MESSAGE][PASSED] - Object: 'Object Repository/xpath_dynamic' is clicked on

27-02-2024T09:38:03 - [TEST_STEP][PASSED] - dobComponents = BO_dob.split("-"): null

27-02-2024T09:38:03 - [TEST_STEP][PASSED] - day = dobComponents[0]: null

27-02-2024T09:38:03 - [TEST_STEP][PASSED] - month = dobComponents[1]: null

27-02-2024T09:38:03 - [TEST_STEP][PASSED] - year = Integer.parseInt(dobComponents[2]): null

27-02-2024T09:38:03 - [TEST_STEP][PASSED] - currentYear = getInstance().get(YEAR): null

27-02-2024T09:38:03 - [TEST_STEP][PASSED] - difference = currentYear - year: null

27-02-2024T09:38:03 - [TEST_STEP][PASSED] - boxesToGoBack = difference / 16: null

27-02-2024T09:38:03 - [TEST_STEP][PASSED] - decimalPart = boxesToGoBack - boxesToGoBack * 10: null

27-02-2024T09:38:03 - [TEST_STEP][PASSED] - if (decimalPart <= 4): null

27-02-2024T09:38:03 - [TEST_STEP][PASSED] - boxesToGoBack = Math.floor(boxesToGoBack): null

27-02-2024T09:38:03 - [TEST_STEP][PASSED] - for ([i = 0, i < boxesToGoBack, (i++)]): null

27-02-2024T09:38:03 - [TEST_STEP][PASSED] - clickPrevious(): null

27-02-2024T09:38:03 - [TEST_STEP][PASSED] - click(findTestObject("Object Repository/xpath_dynamic", ["xpath":"//*[text()='‹']"])): null

27-02-2024T09:38:04 - [MESSAGE][PASSED] - Object: 'Object Repository/xpath_dynamic' is clicked on

27-02-2024T09:38:04 - [TEST_STEP][PASSED] - click(findTestObject("Object Repository/xpath_dynamic", ["xpath":"//*[text()='" + year + "']"])): Object: 'Object Repository/xpath_dynamic' is clicked on

27-02-2024T09:38:04 - [MESSAGE][PASSED] - Object: 'Object Repository/xpath_dynamic' is clicked on

27-02-2024T09:38:04 - [TEST_STEP][PASSED] - click(findTestObject("Object Repository/xpath_dynamic", ["xpath":"//*[text()='" + month + "']"])): Object: 'Object Repository/xpath_dynamic' is clicked on

27-02-2024T09:38:05 - [MESSAGE][PASSED] - Object: 'Object Repository/xpath_dynamic' is clicked on

27-02-2024T09:38:05 - [TEST_STEP][PASSED] - waitForElementVisible(findTestObject("Object Repository/xpath_dynamic", ["xpath":"//span[@class='ng-star-inserted' and text()='" + day + "']"]), 0): Object 'Object Repository/xpath_dynamic' is visible

27-02-2024T09:38:05 - [MESSAGE][WARNING] - Timeout '0' is invalid. Using default page load timeout: '30'

27-02-2024T09:38:05 - [MESSAGE][PASSED] - Object 'Object Repository/xpath_dynamic' is visible

27-02-2024T09:38:05 - [TEST_STEP][PASSED] - click(findTestObject("Object Repository/xpath_dynamic", ["xpath":"//span[@class='ng-star-inserted' and text()='" + day + "']"])): Object: 'Object Repository/xpath_dynamic' is clicked on

27-02-2024T09:38:06 - [MESSAGE][PASSED] - Object: 'Object Repository/xpath_dynamic' is clicked on

27-02-2024T09:38:06 - [TEST_STEP][PASSED] - break: null

27-02-2024T09:38:06 - [TEST_STEP][PASSED] - takeScreenshot(baseDir + me1WebScreenshotPath + "/" + index + "/" + "skenario-tab-BO" + ".png", STOP_ON_FAILURE): Taking screenshot successfully

27-02-2024T09:38:06 - [MESSAGE][PASSED] - Taking screenshot successfully
[[ATTACHMENT|D:\BCAF\me-corp-add-data\Screenshoot\me1\Web\/0/skenario-tab-BO.png]]

27-02-2024T09:38:06 - [TEST_STEP][PASSED] - click(findTestObject("Object Repository/xpath_dynamic", ["xpath":"//div[@class='button-save-draft']"])): Object: 'Object Repository/xpath_dynamic' is clicked on

27-02-2024T09:38:07 - [MESSAGE][PASSED] - Object: 'Object Repository/xpath_dynamic' is clicked on

27-02-2024T09:38:07 - [MESSAGE][PASSED] - Call Test Case 'Test Cases/me corp - aline/Transaction/Corporate(DataEntry)' successfully

27-02-2024T09:38:07 - [TEST_STEP][PASSED] - callTestCase(findTestCase("Test Cases/me corp - aline/Transaction/MatchingPenyimpangan"), null, STOP_ON_FAILURE): Call Test Case 'Test Cases/me corp - aline/Transaction/MatchingPenyimpangan' successfully

27-02-2024T09:38:07 - [TEST_CASE][PASSED] - Test Cases/me corp - aline/Transaction/MatchingPenyimpangan: Test Cases/me corp - aline/Transaction/MatchingPenyimpangan

27-02-2024T09:38:07 - [TEST_STEP][PASSED] - userDir = getProjectDir(): null

27-02-2024T09:38:07 - [TEST_STEP][PASSED] - filePath = pathfinder_npwp.replace("/", "\"): null

27-02-2024T09:38:07 - [TEST_STEP][PASSED] - ktpPath = cobaKTP.replace("/", "\"): null

27-02-2024T09:38:07 - [TEST_STEP][PASSED] - baseDir = System.getProperty("user.dir"): null

27-02-2024T09:38:07 - [TEST_STEP][PASSED] - click(findTestObject("Object Repository/xpath_dynamic", ["xpath":"//div//following-sibling::span[text()='Matching Result']"])): Object: 'Object Repository/xpath_dynamic' is clicked on

27-02-2024T09:38:08 - [MESSAGE][PASSED] - Object: 'Object Repository/xpath_dynamic' is clicked on

27-02-2024T09:38:08 - [TEST_STEP][PASSED] - click(findTestObject("Object Repository/xpath_dynamic", ["xpath":"//bcaf-matching-result//*[text()='Pengurus']"])): Object: 'Object Repository/xpath_dynamic' is clicked on

27-02-2024T09:38:09 - [MESSAGE][PASSED] - Object: 'Object Repository/xpath_dynamic' is clicked on

27-02-2024T09:38:09 - [TEST_STEP][PASSED] - delay(1): Delayed 1 second(s)

27-02-2024T09:38:10 - [MESSAGE][PASSED] - Delayed 1 second(s)

27-02-2024T09:38:10 - [TEST_STEP][PASSED] - if (waitForElementVisible(findTestObject("Object Repository/xpath_dynamic", ["xpath":"//*[@id='pengurus-matching-0']"]), 5, OPTIONAL)): Web element with id: 'Object Repository/xpath_dynamic' located by '//*[@id='pengurus-matching-0']' not found

27-02-2024T09:38:16 - [MESSAGE][INFO] - Unable to find the element located by 'By.xpath: //*[@id='pengurus-matching-0']'. Please recheck the objects properties to make sure the desired element is located. 

27-02-2024T09:38:16 - [MESSAGE][WARNING] - [SELF-HEALING] Failed to find element with id 'Object Repository/xpath_dynamic'. Try using Self-healing.

27-02-2024T09:38:17 - [MESSAGE][INFO] - [SELF-HEALING] No working XPath is found.

27-02-2024T09:38:18 - [MESSAGE][INFO] - Unable to find the element located by 'By.xpath: '. Please recheck the objects properties to make sure the desired element is located. 

27-02-2024T09:38:18 - [MESSAGE][WARNING] - [SELF-HEALING] Cannot find elements when the selector is null

27-02-2024T09:38:18 - [MESSAGE][WARNING] - Web element with id: 'Object Repository/xpath_dynamic' located by '//*[@id='pengurus-matching-0']' not found

27-02-2024T09:38:18 - [TEST_STEP][PASSED] - else: null

27-02-2024T09:38:18 - [TEST_STEP][PASSED] - println("Tidak ada Matching Pengurus"): null

27-02-2024T09:38:18 - [TEST_STEP][PASSED] - click(findTestObject("Object Repository/xpath_dynamic", ["xpath":"//bcaf-matching-result//*[text()='Pemegang Saham']"])): Object: 'Object Repository/xpath_dynamic' is clicked on

27-02-2024T09:38:19 - [MESSAGE][PASSED] - Object: 'Object Repository/xpath_dynamic' is clicked on

27-02-2024T09:38:19 - [TEST_STEP][PASSED] - delay(1): Delayed 1 second(s)

27-02-2024T09:38:20 - [MESSAGE][PASSED] - Delayed 1 second(s)

27-02-2024T09:38:20 - [TEST_STEP][PASSED] - if (waitForElementVisible(findTestObject("Object Repository/xpath_dynamic", ["xpath":"//*[@id='pemegang-saham-matching-0']"]), 5, OPTIONAL)): null

27-02-2024T09:38:20 - [MESSAGE][PASSED] - Object 'Object Repository/xpath_dynamic' is visible

27-02-2024T09:38:20 - [TEST_STEP][PASSED] - click(findTestObject("Object Repository/xpath_dynamic", ["xpath":"//*[@id='pemegang-saham-matching-0']"])): Object: 'Object Repository/xpath_dynamic' is clicked on

27-02-2024T09:38:21 - [MESSAGE][PASSED] - Object: 'Object Repository/xpath_dynamic' is clicked on

27-02-2024T09:38:21 - [TEST_STEP][PASSED] - click(findTestObject("Object Repository/xpath_dynamic", ["xpath":"//*[@id='tab-Pemegang']//*[@id='app-0']"])): Object: 'Object Repository/xpath_dynamic' is clicked on

27-02-2024T09:38:22 - [MESSAGE][PASSED] - Object: 'Object Repository/xpath_dynamic' is clicked on

27-02-2024T09:38:22 - [TEST_STEP][PASSED] - click(findTestObject("Object Repository/xpath_dynamic", ["xpath":"//*[text()='Detail Pemegang Saham']//following-sibling::button[@class='close']"])): Object: 'Object Repository/xpath_dynamic' is clicked on

27-02-2024T09:38:22 - [MESSAGE][PASSED] - Object: 'Object Repository/xpath_dynamic' is clicked on

27-02-2024T09:38:22 - [TEST_STEP][PASSED] - click(findTestObject("Object Repository/xpath_dynamic", ["xpath":"//bcaf-matching-result//*[text()='Watchlist']"])): Object: 'Object Repository/xpath_dynamic' is clicked on

27-02-2024T09:38:23 - [MESSAGE][PASSED] - Object: 'Object Repository/xpath_dynamic' is clicked on

27-02-2024T09:38:23 - [TEST_STEP][PASSED] - click(findTestObject("Object Repository/xpath_dynamic", ["xpath":"//bcaf-matching-result//*[text()='Watchlist Kendaraan']"])): Object: 'Object Repository/xpath_dynamic' is clicked on

27-02-2024T09:38:25 - [MESSAGE][PASSED] - Object: 'Object Repository/xpath_dynamic' is clicked on

27-02-2024T09:38:25 - [TEST_STEP][PASSED] - click(findTestObject("Object Repository/xpath_dynamic", ["xpath":"//bcaf-matching-result//*[text()='Plafond']"])): Object: 'Object Repository/xpath_dynamic' is clicked on

27-02-2024T09:38:25 - [MESSAGE][PASSED] - Object: 'Object Repository/xpath_dynamic' is clicked on

27-02-2024T09:38:25 - [TEST_STEP][PASSED] - click(findTestObject("Object Repository/xpath_dynamic", ["xpath":"//bcaf-matching-result//*[text()='Engine Scoring']"])): Object: 'Object Repository/xpath_dynamic' is clicked on

27-02-2024T09:38:26 - [MESSAGE][PASSED] - Object: 'Object Repository/xpath_dynamic' is clicked on

27-02-2024T09:38:26 - [TEST_STEP][PASSED] - click(findTestObject("Object Repository/xpath_dynamic", ["xpath":"//bcaf-matching-result//*[text()='BO']"])): Object: 'Object Repository/xpath_dynamic' is clicked on

27-02-2024T09:38:27 - [MESSAGE][PASSED] - Object: 'Object Repository/xpath_dynamic' is clicked on

27-02-2024T09:38:27 - [TEST_STEP][PASSED] - takeScreenshot(baseDir + me1WebScreenshotPath + "/" + index + "/" + "skenario-halaman-matching" + ".png", STOP_ON_FAILURE): Taking screenshot successfully

27-02-2024T09:38:27 - [MESSAGE][PASSED] - Taking screenshot successfully
[[ATTACHMENT|D:\BCAF\me-corp-add-data\Screenshoot\me1\Web\/0/skenario-halaman-matching.png]]

27-02-2024T09:38:27 - [TEST_STEP][PASSED] - click(findTestObject("Object Repository/xpath_dynamic", ["xpath":"//div//following-sibling::span[text()='Penyimpangan']"])): Object: 'Object Repository/xpath_dynamic' is clicked on

27-02-2024T09:38:28 - [MESSAGE][PASSED] - Object: 'Object Repository/xpath_dynamic' is clicked on

27-02-2024T09:38:28 - [TEST_STEP][PASSED] - takeScreenshot(baseDir + me1WebScreenshotPath + "/" + index + "/" + "skenario-halaman-penyimpangan" + ".png", STOP_ON_FAILURE): Taking screenshot successfully

27-02-2024T09:38:28 - [MESSAGE][PASSED] - Taking screenshot successfully
[[ATTACHMENT|D:\BCAF\me-corp-add-data\Screenshoot\me1\Web\/0/skenario-halaman-penyimpangan.png]]

27-02-2024T09:38:28 - [TEST_STEP][PASSED] - click(findTestObject("Object Repository/xpath_dynamic", ["xpath":"//div[@class='button-save-draft']"])): Object: 'Object Repository/xpath_dynamic' is clicked on

27-02-2024T09:38:28 - [MESSAGE][PASSED] - Object: 'Object Repository/xpath_dynamic' is clicked on

27-02-2024T09:38:28 - [MESSAGE][PASSED] - Call Test Case 'Test Cases/me corp - aline/Transaction/MatchingPenyimpangan' successfully

27-02-2024T09:38:28 - [TEST_STEP][FAILED] - callTestCase(findTestCase("Test Cases/me corp - aline/Transaction/CollateralLoan-Information"), null, STOP_ON_FAILURE): Unable to call Test Case 'Test Cases/me corp - aline/Transaction/CollateralLoan-Information' (Root cause: com.kms.katalon.core.exception.StepFailedException: Call Test Case 'Test Cases/me corp - aline/Transaction/CollateralLoan-Information' failed
	at com.kms.katalon.core.keyword.builtin.CallTestCaseKeyword$_callTestCase_closure1.doCall(CallTestCaseKeyword.groovy:63)
	at com.kms.katalon.core.keyword.builtin.CallTestCaseKeyword$_callTestCase_closure1.call(CallTestCaseKeyword.groovy)
	at com.kms.katalon.core.keyword.internal.KeywordMain.runKeyword(KeywordMain.groovy:75)
	at com.kms.katalon.core.keyword.builtin.CallTestCaseKeyword.callTestCase(CallTestCaseKeyword.groovy:81)
	at com.kms.katalon.core.keyword.builtin.CallTestCaseKeyword.execute(CallTestCaseKeyword.groovy:44)
	at com.kms.katalon.core.keyword.internal.KeywordExecutor.executeKeywordForPlatform(KeywordExecutor.groovy:74)
	at com.kms.katalon.core.keyword.BuiltinKeywords.callTestCase(BuiltinKeywords.groovy:310)
	at java.base/jdk.internal.reflect.NativeMethodAccessorImpl.invoke0(Native Method)
	at java.base/jdk.internal.reflect.NativeMethodAccessorImpl.invoke(NativeMethodAccessorImpl.java:77)
	at java.base/jdk.internal.reflect.DelegatingMethodAccessorImpl.invoke(DelegatingMethodAccessorImpl.java:43)
	at CallAllTestCase.run(CallAllTestCase:26)
	at com.kms.katalon.core.main.ScriptEngine.run(ScriptEngine.java:194)
	at com.kms.katalon.core.main.ScriptEngine.runScriptAsRawText(ScriptEngine.java:119)
	at com.kms.katalon.core.main.TestCaseExecutor.runScript(TestCaseExecutor.java:448)
	at com.kms.katalon.core.main.TestCaseExecutor.doExecute(TestCaseExecutor.java:439)
	at com.kms.katalon.core.main.TestCaseExecutor.processExecutionPhase(TestCaseExecutor.java:418)
	at com.kms.katalon.core.main.TestCaseExecutor.accessMainPhase(TestCaseExecutor.java:410)
	at com.kms.katalon.core.main.TestCaseExecutor.execute(TestCaseExecutor.java:285)
	at com.kms.katalon.core.common.CommonExecutor.accessTestCaseMainPhase(CommonExecutor.java:65)
	at com.kms.katalon.core.main.TestSuiteExecutor.accessTestSuiteMainPhase(TestSuiteExecutor.java:148)
	at com.kms.katalon.core.main.TestSuiteExecutor.execute(TestSuiteExecutor.java:106)
	at com.kms.katalon.core.main.TestCaseMain.startTestSuite(TestCaseMain.java:180)
	at TempTestSuite1709001228373.run(TempTestSuite1709001228373.groovy:36)
	at java.base/jdk.internal.reflect.NativeMethodAccessorImpl.invoke0(Native Method)
	at java.base/jdk.internal.reflect.NativeMethodAccessorImpl.invoke(NativeMethodAccessorImpl.java:77)
	at java.base/jdk.internal.reflect.DelegatingMethodAccessorImpl.invoke(DelegatingMethodAccessorImpl.java:43)
Caused by: com.kms.katalon.core.exception.StepFailedException: Unable to click on object 'Object Repository/xpath_dynamic'
	at com.kms.katalon.core.webui.keyword.internal.WebUIKeywordMain.stepFailed(WebUIKeywordMain.groovy:64)
	at com.kms.katalon.core.webui.keyword.internal.WebUIKeywordMain.runKeyword(WebUIKeywordMain.groovy:26)
	at com.kms.katalon.core.webui.keyword.builtin.ClickKeyword.click(ClickKeyword.groovy:74)
	at com.kms.katalon.core.webui.keyword.builtin.ClickKeyword.execute(ClickKeyword.groovy:40)
	at com.kms.katalon.core.keyword.internal.KeywordExecutor.executeKeywordForPlatform(KeywordExecutor.groovy:74)
	at com.kms.katalon.core.webui.keyword.WebUiBuiltInKeywords.click(WebUiBuiltInKeywords.groovy:659)
	at CollateralLoan-Information.run(CollateralLoan-Information:118)
	at com.kms.katalon.core.main.ScriptEngine.run(ScriptEngine.java:194)
	at com.kms.katalon.core.main.ScriptEngine.runScriptAsRawText(ScriptEngine.java:119)
	at com.kms.katalon.core.main.TestCaseExecutor.runScript(TestCaseExecutor.java:448)
	at com.kms.katalon.core.main.TestCaseExecutor.doExecute(TestCaseExecutor.java:439)
	at com.kms.katalon.core.main.TestCaseExecutor.processExecutionPhase(TestCaseExecutor.java:418)
	at com.kms.katalon.core.main.TestCaseExecutor.accessMainPhase(TestCaseExecutor.java:410)
	at com.kms.katalon.core.main.TestCaseExecutor.execute(TestCaseExecutor.java:285)
	at com.kms.katalon.core.main.TestCaseMain.runTestCase(TestCaseMain.java:137)
	at com.kms.katalon.core.keyword.builtin.CallTestCaseKeyword$_callTestCase_closure1.doCall(CallTestCaseKeyword.groovy:59)
	... 25 more
Caused by: com.kms.katalon.core.webui.exception.WebElementNotFoundException: Web element with id: 'Object Repository/xpath_dynamic' located by '//*[text()='Vehicle' and @href='#tab-vehicle']' not found
	at com.kms.katalon.core.webui.common.WebUiCommonHelper.findWebElement(WebUiCommonHelper.java:1379)
	at com.kms.katalon.core.webui.keyword.internal.WebUIAbstractKeyword.findWebElement(WebUIAbstractKeyword.groovy:27)
	at com.kms.katalon.core.webui.keyword.builtin.ClickKeyword$_click_closure1.doCall(ClickKeyword.groovy:65)
	at com.kms.katalon.core.webui.keyword.builtin.ClickKeyword$_click_closure1.call(ClickKeyword.groovy)
	at com.kms.katalon.core.webui.keyword.internal.WebUIKeywordMain.runKeyword(WebUIKeywordMain.groovy:20)
	... 39 more
)

27-02-2024T09:38:28 - [TEST_CASE][FAILED] - Test Cases/me corp - aline/Transaction/CollateralLoan-Information: Test Cases/me corp - aline/Transaction/CollateralLoan-Information FAILED.
Reason:
com.kms.katalon.core.exception.StepFailedException: Unable to click on object 'Object Repository/xpath_dynamic'
	at com.kms.katalon.core.webui.keyword.internal.WebUIKeywordMain.stepFailed(WebUIKeywordMain.groovy:64)
	at com.kms.katalon.core.webui.keyword.internal.WebUIKeywordMain.runKeyword(WebUIKeywordMain.groovy:26)
	at com.kms.katalon.core.webui.keyword.builtin.ClickKeyword.click(ClickKeyword.groovy:74)
	at com.kms.katalon.core.webui.keyword.builtin.ClickKeyword.execute(ClickKeyword.groovy:40)
	at com.kms.katalon.core.keyword.internal.KeywordExecutor.executeKeywordForPlatform(KeywordExecutor.groovy:74)
	at com.kms.katalon.core.webui.keyword.WebUiBuiltInKeywords.click(WebUiBuiltInKeywords.groovy:659)
	at CollateralLoan-Information.run(CollateralLoan-Information:118)
	at com.kms.katalon.core.main.ScriptEngine.run(ScriptEngine.java:194)
	at com.kms.katalon.core.main.ScriptEngine.runScriptAsRawText(ScriptEngine.java:119)
	at com.kms.katalon.core.main.TestCaseExecutor.runScript(TestCaseExecutor.java:448)
	at com.kms.katalon.core.main.TestCaseExecutor.doExecute(TestCaseExecutor.java:439)
	at com.kms.katalon.core.main.TestCaseExecutor.processExecutionPhase(TestCaseExecutor.java:418)
	at com.kms.katalon.core.main.TestCaseExecutor.accessMainPhase(TestCaseExecutor.java:410)
	at com.kms.katalon.core.main.TestCaseExecutor.execute(TestCaseExecutor.java:285)
	at com.kms.katalon.core.main.TestCaseMain.runTestCase(TestCaseMain.java:137)
	at com.kms.katalon.core.keyword.builtin.CallTestCaseKeyword$_callTestCase_closure1.doCall(CallTestCaseKeyword.groovy:59)
	at com.kms.katalon.core.keyword.builtin.CallTestCaseKeyword$_callTestCase_closure1.call(CallTestCaseKeyword.groovy)
	at com.kms.katalon.core.keyword.internal.KeywordMain.runKeyword(KeywordMain.groovy:75)
	at com.kms.katalon.core.keyword.builtin.CallTestCaseKeyword.callTestCase(CallTestCaseKeyword.groovy:81)
	at com.kms.katalon.core.keyword.builtin.CallTestCaseKeyword.execute(CallTestCaseKeyword.groovy:44)
	at com.kms.katalon.core.keyword.internal.KeywordExecutor.executeKeywordForPlatform(KeywordExecutor.groovy:74)
	at com.kms.katalon.core.keyword.BuiltinKeywords.callTestCase(BuiltinKeywords.groovy:310)
	at java.base/jdk.internal.reflect.NativeMethodAccessorImpl.invoke0(Native Method)
	at java.base/jdk.internal.reflect.NativeMethodAccessorImpl.invoke(NativeMethodAccessorImpl.java:77)
	at java.base/jdk.internal.reflect.DelegatingMethodAccessorImpl.invoke(DelegatingMethodAccessorImpl.java:43)
	at CallAllTestCase.run(CallAllTestCase:26)
	at com.kms.katalon.core.main.ScriptEngine.run(ScriptEngine.java:194)
	at com.kms.katalon.core.main.ScriptEngine.runScriptAsRawText(ScriptEngine.java:119)
	at com.kms.katalon.core.main.TestCaseExecutor.runScript(TestCaseExecutor.java:448)
	at com.kms.katalon.core.main.TestCaseExecutor.doExecute(TestCaseExecutor.java:439)
	at com.kms.katalon.core.main.TestCaseExecutor.processExecutionPhase(TestCaseExecutor.java:418)
	at com.kms.katalon.core.main.TestCaseExecutor.accessMainPhase(TestCaseExecutor.java:410)
	at com.kms.katalon.core.main.TestCaseExecutor.execute(TestCaseExecutor.java:285)
	at com.kms.katalon.core.common.CommonExecutor.accessTestCaseMainPhase(CommonExecutor.java:65)
	at com.kms.katalon.core.main.TestSuiteExecutor.accessTestSuiteMainPhase(TestSuiteExecutor.java:148)
	at com.kms.katalon.core.main.TestSuiteExecutor.execute(TestSuiteExecutor.java:106)
	at com.kms.katalon.core.main.TestCaseMain.startTestSuite(TestCaseMain.java:180)
	at TempTestSuite1709001228373.run(TempTestSuite1709001228373.groovy:36)
	at java.base/jdk.internal.reflect.NativeMethodAccessorImpl.invoke0(Native Method)
	at java.base/jdk.internal.reflect.NativeMethodAccessorImpl.invoke(NativeMethodAccessorImpl.java:77)
	at java.base/jdk.internal.reflect.DelegatingMethodAccessorImpl.invoke(DelegatingMethodAccessorImpl.java:43)
Caused by: com.kms.katalon.core.webui.exception.WebElementNotFoundException: Web element with id: 'Object Repository/xpath_dynamic' located by '//*[text()='Vehicle' and @href='#tab-vehicle']' not found
	at com.kms.katalon.core.webui.common.WebUiCommonHelper.findWebElement(WebUiCommonHelper.java:1379)
	at com.kms.katalon.core.webui.keyword.internal.WebUIAbstractKeyword.findWebElement(WebUIAbstractKeyword.groovy:27)
	at com.kms.katalon.core.webui.keyword.builtin.ClickKeyword$_click_closure1.doCall(ClickKeyword.groovy:65)
	at com.kms.katalon.core.webui.keyword.builtin.ClickKeyword$_click_closure1.call(ClickKeyword.groovy)
	at com.kms.katalon.core.webui.keyword.internal.WebUIKeywordMain.runKeyword(WebUIKeywordMain.groovy:20)
	... 39 more


27-02-2024T09:38:29 - [TEST_STEP][PASSED] - userDir = getProjectDir(): null

27-02-2024T09:38:29 - [TEST_STEP][PASSED] - filePath = pathfinder_npwp.replace("/", "\"): null

27-02-2024T09:38:29 - [TEST_STEP][PASSED] - ktpPath = cobaKTP.replace("/", "\"): null

27-02-2024T09:38:29 - [TEST_STEP][PASSED] - baseDir = System.getProperty("user.dir"): null

27-02-2024T09:38:29 - [TEST_STEP][PASSED] - click(findTestObject("Object Repository/xpath_dynamic", ["xpath":"//div//following-sibling::span[text()='Collateral dan Loan']"])): Object: 'Object Repository/xpath_dynamic' is clicked on

27-02-2024T09:38:29 - [MESSAGE][PASSED] - Object: 'Object Repository/xpath_dynamic' is clicked on

27-02-2024T09:38:29 - [TEST_STEP][PASSED] - takeScreenshot(baseDir + me1WebScreenshotPath + "/" + index + "/" + "skenario-ke-halaman-collateralLoan" + ".png", STOP_ON_FAILURE): Taking screenshot successfully

27-02-2024T09:38:30 - [MESSAGE][PASSED] - Taking screenshot successfully
[[ATTACHMENT|D:\BCAF\me-corp-add-data\Screenshoot\me1\Web\/0/skenario-ke-halaman-collateralLoan.png]]

27-02-2024T09:38:30 - [TEST_STEP][PASSED] - fieldDataInformation = [["salesOffice", information_salesOffice], ["salesAgent", information_salesAgent], ["jenisPengajuan", information_jenisPengajuan], ["tujuan", information_tujuanKredit]]: null

27-02-2024T09:38:30 - [TEST_STEP][PASSED] - for (def data : fieldDataInformation): Object: 'Object Repository/xpath_dynamic' is clicked on

27-02-2024T09:38:30 - [TEST_STEP][PASSED] - setText(findTestObject("Object Repository/xpath_dynamic", ["xpath"://*[@formcontrolname='$data[0]']//input]), data[1]): Text '0001' is set on object 'Object Repository/xpath_dynamic'

27-02-2024T09:38:30 - [MESSAGE][PASSED] - Text '0001' is set on object 'Object Repository/xpath_dynamic'

27-02-2024T09:38:30 - [TEST_STEP][PASSED] - waitForElementClickable(findTestObject("Object Repository/xpath_dynamic", ["xpath"://*[@formcontrolname='$data[0]']//div[@role='option'][1]]), 1): Object 'Object Repository/xpath_dynamic' is clickable

27-02-2024T09:38:32 - [MESSAGE][PASSED] - Object 'Object Repository/xpath_dynamic' is clickable

27-02-2024T09:38:32 - [TEST_STEP][PASSED] - click(findTestObject("Object Repository/xpath_dynamic", ["xpath"://*[@formcontrolname='$data[0]']//div[@role='option'][1]])): Object: 'Object Repository/xpath_dynamic' is clicked on

27-02-2024T09:38:33 - [MESSAGE][PASSED] - Object: 'Object Repository/xpath_dynamic' is clicked on

27-02-2024T09:38:33 - [TEST_STEP][PASSED] - setText(findTestObject("Object Repository/xpath_dynamic", ["xpath"://*[@formcontrolname='$data[0]']//input]), data[1]): Text '010247' is set on object 'Object Repository/xpath_dynamic'

27-02-2024T09:38:33 - [MESSAGE][PASSED] - Text '010247' is set on object 'Object Repository/xpath_dynamic'

27-02-2024T09:38:33 - [TEST_STEP][PASSED] - waitForElementClickable(findTestObject("Object Repository/xpath_dynamic", ["xpath"://*[@formcontrolname='$data[0]']//div[@role='option'][1]]), 1): Object 'Object Repository/xpath_dynamic' is clickable

27-02-2024T09:38:34 - [MESSAGE][PASSED] - Object 'Object Repository/xpath_dynamic' is clickable

27-02-2024T09:38:34 - [TEST_STEP][PASSED] - click(findTestObject("Object Repository/xpath_dynamic", ["xpath"://*[@formcontrolname='$data[0]']//div[@role='option'][1]])): Object: 'Object Repository/xpath_dynamic' is clicked on

27-02-2024T09:38:35 - [MESSAGE][PASSED] - Object: 'Object Repository/xpath_dynamic' is clicked on

27-02-2024T09:38:35 - [TEST_STEP][PASSED] - setText(findTestObject("Object Repository/xpath_dynamic", ["xpath"://*[@formcontrolname='$data[0]']//input]), data[1]): Text 'Mobil Bekas' is set on object 'Object Repository/xpath_dynamic'

27-02-2024T09:38:36 - [MESSAGE][PASSED] - Text 'Mobil Bekas' is set on object 'Object Repository/xpath_dynamic'

27-02-2024T09:38:36 - [TEST_STEP][PASSED] - waitForElementClickable(findTestObject("Object Repository/xpath_dynamic", ["xpath"://*[@formcontrolname='$data[0]']//div[@role='option'][1]]), 1): Object 'Object Repository/xpath_dynamic' is clickable

27-02-2024T09:38:36 - [MESSAGE][PASSED] - Object 'Object Repository/xpath_dynamic' is clickable

27-02-2024T09:38:36 - [TEST_STEP][PASSED] - click(findTestObject("Object Repository/xpath_dynamic", ["xpath"://*[@formcontrolname='$data[0]']//div[@role='option'][1]])): Object: 'Object Repository/xpath_dynamic' is clicked on

27-02-2024T09:38:37 - [MESSAGE][PASSED] - Object: 'Object Repository/xpath_dynamic' is clicked on

27-02-2024T09:38:37 - [TEST_STEP][PASSED] - setText(findTestObject("Object Repository/xpath_dynamic", ["xpath"://*[@formcontrolname='$data[0]']//input]), data[1]): Text 'pembelian aset' is set on object 'Object Repository/xpath_dynamic'

27-02-2024T09:38:37 - [MESSAGE][PASSED] - Text 'pembelian aset' is set on object 'Object Repository/xpath_dynamic'

27-02-2024T09:38:37 - [TEST_STEP][PASSED] - waitForElementClickable(findTestObject("Object Repository/xpath_dynamic", ["xpath"://*[@formcontrolname='$data[0]']//div[@role='option'][1]]), 1): Object 'Object Repository/xpath_dynamic' is clickable

27-02-2024T09:38:38 - [MESSAGE][PASSED] - Object 'Object Repository/xpath_dynamic' is clickable

27-02-2024T09:38:38 - [TEST_STEP][PASSED] - click(findTestObject("Object Repository/xpath_dynamic", ["xpath"://*[@formcontrolname='$data[0]']//div[@role='option'][1]])): Object: 'Object Repository/xpath_dynamic' is clicked on

27-02-2024T09:38:38 - [MESSAGE][PASSED] - Object: 'Object Repository/xpath_dynamic' is clicked on

27-02-2024T09:38:38 - [TEST_STEP][PASSED] - if (information_jenisPengajuan == "Top Up" || information_jenisPengajuan == "Multiguna" || information_jenisPengajuan == "Restructure" || information_jenisPengajuan == "Overkredit"): null

27-02-2024T09:38:38 - [TEST_STEP][PASSED] - else: null

27-02-2024T09:38:38 - [TEST_STEP][PASSED] - check(findTestObject("Object Repository/xpath_dynamic", ["xpath"://div//input[@name='cluster']/following-sibling::label[text()='$information_cluster']])): Object 'Object Repository/xpath_dynamic' is checked

27-02-2024T09:38:39 - [MESSAGE][PASSED] - Object 'Object Repository/xpath_dynamic' is checked

27-02-2024T09:38:39 - [TEST_STEP][PASSED] - fieldDataReccomendation = [["recommenderName", information_namaPemilikRek], ["recommenderBranch", information_cabang], ["recommenderRole", information_recommenderRole]]: null

27-02-2024T09:38:39 - [TEST_STEP][PASSED] - for (def data : fieldDataReccomendation): Text 'tester
' is set on object 'Object Repository/xpath_dynamic'

27-02-2024T09:38:39 - [TEST_STEP][PASSED] - setText(findTestObject("Object Repository/xpath_dynamic", ["xpath"://*[@formcontrolname='$data[0]']]), data[1]): Text 'Afgan' is set on object 'Object Repository/xpath_dynamic'

27-02-2024T09:38:39 - [MESSAGE][PASSED] - Text 'Afgan' is set on object 'Object Repository/xpath_dynamic'

27-02-2024T09:38:39 - [TEST_STEP][PASSED] - setText(findTestObject("Object Repository/xpath_dynamic", ["xpath"://*[@formcontrolname='$data[0]']]), data[1]): Text 'jakarta selatan' is set on object 'Object Repository/xpath_dynamic'

27-02-2024T09:38:40 - [MESSAGE][PASSED] - Text 'jakarta selatan' is set on object 'Object Repository/xpath_dynamic'

27-02-2024T09:38:40 - [TEST_STEP][PASSED] - setText(findTestObject("Object Repository/xpath_dynamic", ["xpath"://*[@formcontrolname='$data[0]']]), data[1]): Text 'tester
' is set on object 'Object Repository/xpath_dynamic'

27-02-2024T09:38:41 - [MESSAGE][PASSED] - Text 'tester
' is set on object 'Object Repository/xpath_dynamic'

27-02-2024T09:38:41 - [TEST_STEP][PASSED] - takeScreenshot(baseDir + me1WebScreenshotPath + "/" + index + "/" + "skenario-bagian-informasi-merekomendasikan" + ".png", STOP_ON_FAILURE): Taking screenshot successfully

27-02-2024T09:38:41 - [MESSAGE][PASSED] - Taking screenshot successfully
[[ATTACHMENT|D:\BCAF\me-corp-add-data\Screenshoot\me1\Web\/0/skenario-bagian-informasi-merekomendasikan.png]]

27-02-2024T09:38:41 - [TEST_STEP][PASSED] - click(findTestObject("Object Repository/xpath_dynamic", ["xpath":"//div//*[text()='Payment']"])): Object: 'Object Repository/xpath_dynamic' is clicked on

27-02-2024T09:38:42 - [MESSAGE][PASSED] - Object: 'Object Repository/xpath_dynamic' is clicked on

27-02-2024T09:38:42 - [TEST_STEP][PASSED] - click(findTestObject("Object Repository/xpath_dynamic", ["xpath":"//ng-select[@formcontrolname='paymentMethod']"])): Object: 'Object Repository/xpath_dynamic' is clicked on

27-02-2024T09:38:43 - [MESSAGE][PASSED] - Object: 'Object Repository/xpath_dynamic' is clicked on

27-02-2024T09:38:43 - [TEST_STEP][PASSED] - click(findTestObject("Object Repository/xpath_dynamic", ["xpath"://div[@role='option']//*[text()='$information_paymentMethod']])): Object: 'Object Repository/xpath_dynamic' is clicked on

27-02-2024T09:38:43 - [MESSAGE][PASSED] - Object: 'Object Repository/xpath_dynamic' is clicked on

27-02-2024T09:38:43 - [TEST_STEP][PASSED] - setText(findTestObject("Object Repository/xpath_dynamic", ["xpath":"//*[@formcontrolname='bcaAccountNo']"]), information_accountNum): Text '11111111111' is set on object 'Object Repository/xpath_dynamic'

27-02-2024T09:38:44 - [MESSAGE][PASSED] - Text '11111111111' is set on object 'Object Repository/xpath_dynamic'

27-02-2024T09:38:44 - [TEST_STEP][PASSED] - takeScreenshot(baseDir + me1WebScreenshotPath + "/" + index + "/" + "skenario-bagian-payment" + ".png", STOP_ON_FAILURE): Taking screenshot successfully

27-02-2024T09:38:45 - [MESSAGE][PASSED] - Taking screenshot successfully
[[ATTACHMENT|D:\BCAF\me-corp-add-data\Screenshoot\me1\Web\/0/skenario-bagian-payment.png]]

27-02-2024T09:38:45 - [TEST_STEP][PASSED] - switch (information_isAutoDebetRekBeda): null

27-02-2024T09:38:45 - [TEST_STEP][PASSED] - case "no":: null

27-02-2024T09:38:45 - [TEST_STEP][PASSED] - break: null

27-02-2024T09:38:45 - [TEST_STEP][PASSED] - click(findTestObject("Object Repository/xpath_dynamic", ["xpath":"//*[text()='Mutasi Rekening']"])): Object: 'Object Repository/xpath_dynamic' is clicked on

27-02-2024T09:38:45 - [MESSAGE][PASSED] - Object: 'Object Repository/xpath_dynamic' is clicked on

27-02-2024T09:38:45 - [TEST_STEP][PASSED] - click(findTestObject("Object Repository/xpath_dynamic", ["xpath":"//*[text()=' Add Mutasi Rekening']"])): Object: 'Object Repository/xpath_dynamic' is clicked on

27-02-2024T09:38:46 - [MESSAGE][PASSED] - Object: 'Object Repository/xpath_dynamic' is clicked on

27-02-2024T09:38:46 - [TEST_STEP][PASSED] - click(findTestObject("Object Repository/xpath_dynamic", ["xpath":"//div[@class='modal-content']//*[text()='Capture File']"])): Object: 'Object Repository/xpath_dynamic' is clicked on

27-02-2024T09:38:47 - [MESSAGE][PASSED] - Object: 'Object Repository/xpath_dynamic' is clicked on

27-02-2024T09:38:47 - [TEST_STEP][PASSED] - popup.popup.uploadFile(findTestObject("Object Repository/xpath_dynamic", ["xpath":"//modal-container//button[2]"]), filePath): popup.popup.uploadFile is PASSED

27-02-2024T09:38:48 - [MESSAGE][PASSED] - Object: 'Object Repository/xpath_dynamic' is clicked on

27-02-2024T09:38:48 - [MESSAGE][PASSED] - Delayed 0.5 second(s)

27-02-2024T09:38:49 - [MESSAGE][PASSED] - popup.popup.uploadFile is PASSED

27-02-2024T09:38:49 - [TEST_STEP][PASSED] - fieldDataMutasi = [["mutasiDebit", information_mutasiDebit], ["mutasiSaldo", information_mutasiSaldo], ["mutasiKredit", information_mutasiKredit]]: null

27-02-2024T09:38:49 - [TEST_STEP][PASSED] - for (def data : fieldDataMutasi): Text '10000000' is set on object 'Object Repository/xpath_dynamic'

27-02-2024T09:38:49 - [TEST_STEP][PASSED] - waitForElementClickable(findTestObject("Object Repository/xpath_dynamic", ["xpath"://*[@formcontrolname='$data[0]']]), 0): Object 'Object Repository/xpath_dynamic' is clickable

27-02-2024T09:38:49 - [MESSAGE][WARNING] - Timeout '0' is invalid. Using default page load timeout: '30'

27-02-2024T09:38:50 - [MESSAGE][PASSED] - Object 'Object Repository/xpath_dynamic' is clickable

27-02-2024T09:38:50 - [TEST_STEP][PASSED] - setText(findTestObject("Object Repository/xpath_dynamic", ["xpath"://*[@formcontrolname='$data[0]']]), data[1]): Text '10000000' is set on object 'Object Repository/xpath_dynamic'

27-02-2024T09:38:50 - [MESSAGE][PASSED] - Text '10000000' is set on object 'Object Repository/xpath_dynamic'

27-02-2024T09:38:50 - [TEST_STEP][PASSED] - waitForElementClickable(findTestObject("Object Repository/xpath_dynamic", ["xpath"://*[@formcontrolname='$data[0]']]), 0): Object 'Object Repository/xpath_dynamic' is clickable

27-02-2024T09:38:50 - [MESSAGE][WARNING] - Timeout '0' is invalid. Using default page load timeout: '30'

27-02-2024T09:38:51 - [MESSAGE][PASSED] - Object 'Object Repository/xpath_dynamic' is clickable

27-02-2024T09:38:51 - [TEST_STEP][PASSED] - setText(findTestObject("Object Repository/xpath_dynamic", ["xpath"://*[@formcontrolname='$data[0]']]), data[1]): Text '10000000' is set on object 'Object Repository/xpath_dynamic'

27-02-2024T09:38:51 - [MESSAGE][PASSED] - Text '10000000' is set on object 'Object Repository/xpath_dynamic'

27-02-2024T09:38:51 - [TEST_STEP][PASSED] - waitForElementClickable(findTestObject("Object Repository/xpath_dynamic", ["xpath"://*[@formcontrolname='$data[0]']]), 0): Object 'Object Repository/xpath_dynamic' is clickable

27-02-2024T09:38:51 - [MESSAGE][WARNING] - Timeout '0' is invalid. Using default page load timeout: '30'

27-02-2024T09:38:52 - [MESSAGE][PASSED] - Object 'Object Repository/xpath_dynamic' is clickable

27-02-2024T09:38:52 - [TEST_STEP][PASSED] - setText(findTestObject("Object Repository/xpath_dynamic", ["xpath"://*[@formcontrolname='$data[0]']]), data[1]): Text '10000000' is set on object 'Object Repository/xpath_dynamic'

27-02-2024T09:38:52 - [MESSAGE][PASSED] - Text '10000000' is set on object 'Object Repository/xpath_dynamic'

27-02-2024T09:38:52 - [TEST_STEP][PASSED] - click(findTestObject("Object Repository/xpath_dynamic", ["xpath":"//button[text()=' Add']"])): Object: 'Object Repository/xpath_dynamic' is clicked on

27-02-2024T09:38:53 - [MESSAGE][PASSED] - Object: 'Object Repository/xpath_dynamic' is clicked on

27-02-2024T09:38:53 - [TEST_STEP][PASSED] - click(findTestObject("Object Repository/xpath_dynamic", ["xpath":"//*[text()='View Detail']"])): Object: 'Object Repository/xpath_dynamic' is clicked on

27-02-2024T09:38:54 - [MESSAGE][PASSED] - Object: 'Object Repository/xpath_dynamic' is clicked on

27-02-2024T09:38:54 - [TEST_STEP][PASSED] - click(findTestObject("Object Repository/xpath_dynamic", ["xpath":"//*[@class='close']"])): Object: 'Object Repository/xpath_dynamic' is clicked on

27-02-2024T09:38:55 - [MESSAGE][PASSED] - Object: 'Object Repository/xpath_dynamic' is clicked on

27-02-2024T09:38:55 - [TEST_STEP][PASSED] - takeScreenshot(baseDir + me1WebScreenshotPath + "/" + index + "/" + "skenario-bagian-mutasi" + ".png", STOP_ON_FAILURE): Taking screenshot successfully

27-02-2024T09:38:55 - [MESSAGE][PASSED] - Taking screenshot successfully
[[ATTACHMENT|D:\BCAF\me-corp-add-data\Screenshoot\me1\Web\/0/skenario-bagian-mutasi.png]]

27-02-2024T09:38:55 - [TEST_STEP][PASSED] - click(findTestObject("Object Repository/xpath_dynamic", ["xpath":"//div[@class='button-save-draft']"])): Object: 'Object Repository/xpath_dynamic' is clicked on

27-02-2024T09:38:56 - [MESSAGE][PASSED] - Object: 'Object Repository/xpath_dynamic' is clicked on

27-02-2024T09:38:56 - [TEST_STEP][FAILED] - click(findTestObject("Object Repository/xpath_dynamic", ["xpath":"//*[text()='Vehicle' and @href='#tab-vehicle']"])): Unable to click on object 'Object Repository/xpath_dynamic' (Root cause: com.kms.katalon.core.exception.StepFailedException: Unable to click on object 'Object Repository/xpath_dynamic'
	at com.kms.katalon.core.webui.keyword.internal.WebUIKeywordMain.stepFailed(WebUIKeywordMain.groovy:64)
	at com.kms.katalon.core.webui.keyword.internal.WebUIKeywordMain.runKeyword(WebUIKeywordMain.groovy:26)
	at com.kms.katalon.core.webui.keyword.builtin.ClickKeyword.click(ClickKeyword.groovy:74)
	at com.kms.katalon.core.webui.keyword.builtin.ClickKeyword.execute(ClickKeyword.groovy:40)
	at com.kms.katalon.core.keyword.internal.KeywordExecutor.executeKeywordForPlatform(KeywordExecutor.groovy:74)
	at com.kms.katalon.core.webui.keyword.WebUiBuiltInKeywords.click(WebUiBuiltInKeywords.groovy:659)
	at CollateralLoan-Information.run(CollateralLoan-Information:118)
	at com.kms.katalon.core.main.ScriptEngine.run(ScriptEngine.java:194)
	at com.kms.katalon.core.main.ScriptEngine.runScriptAsRawText(ScriptEngine.java:119)
	at com.kms.katalon.core.main.TestCaseExecutor.runScript(TestCaseExecutor.java:448)
	at com.kms.katalon.core.main.TestCaseExecutor.doExecute(TestCaseExecutor.java:439)
	at com.kms.katalon.core.main.TestCaseExecutor.processExecutionPhase(TestCaseExecutor.java:418)
	at com.kms.katalon.core.main.TestCaseExecutor.accessMainPhase(TestCaseExecutor.java:410)
	at com.kms.katalon.core.main.TestCaseExecutor.execute(TestCaseExecutor.java:285)
	at com.kms.katalon.core.main.TestCaseMain.runTestCase(TestCaseMain.java:137)
	at com.kms.katalon.core.keyword.builtin.CallTestCaseKeyword$_callTestCase_closure1.doCall(CallTestCaseKeyword.groovy:59)
	at com.kms.katalon.core.keyword.builtin.CallTestCaseKeyword$_callTestCase_closure1.call(CallTestCaseKeyword.groovy)
	at com.kms.katalon.core.keyword.internal.KeywordMain.runKeyword(KeywordMain.groovy:75)
	at com.kms.katalon.core.keyword.builtin.CallTestCaseKeyword.callTestCase(CallTestCaseKeyword.groovy:81)
	at com.kms.katalon.core.keyword.builtin.CallTestCaseKeyword.execute(CallTestCaseKeyword.groovy:44)
	at com.kms.katalon.core.keyword.internal.KeywordExecutor.executeKeywordForPlatform(KeywordExecutor.groovy:74)
	at com.kms.katalon.core.keyword.BuiltinKeywords.callTestCase(BuiltinKeywords.groovy:310)
	at java.base/jdk.internal.reflect.NativeMethodAccessorImpl.invoke0(Native Method)
	at java.base/jdk.internal.reflect.NativeMethodAccessorImpl.invoke(NativeMethodAccessorImpl.java:77)
	at java.base/jdk.internal.reflect.DelegatingMethodAccessorImpl.invoke(DelegatingMethodAccessorImpl.java:43)
	at CallAllTestCase.run(CallAllTestCase:26)
	at com.kms.katalon.core.main.ScriptEngine.run(ScriptEngine.java:194)
	at com.kms.katalon.core.main.ScriptEngine.runScriptAsRawText(ScriptEngine.java:119)
	at com.kms.katalon.core.main.TestCaseExecutor.runScript(TestCaseExecutor.java:448)
	at com.kms.katalon.core.main.TestCaseExecutor.doExecute(TestCaseExecutor.java:439)
	at com.kms.katalon.core.main.TestCaseExecutor.processExecutionPhase(TestCaseExecutor.java:418)
	at com.kms.katalon.core.main.TestCaseExecutor.accessMainPhase(TestCaseExecutor.java:410)
	at com.kms.katalon.core.main.TestCaseExecutor.execute(TestCaseExecutor.java:285)
	at com.kms.katalon.core.common.CommonExecutor.accessTestCaseMainPhase(CommonExecutor.java:65)
	at com.kms.katalon.core.main.TestSuiteExecutor.accessTestSuiteMainPhase(TestSuiteExecutor.java:148)
	at com.kms.katalon.core.main.TestSuiteExecutor.execute(TestSuiteExecutor.java:106)
	at com.kms.katalon.core.main.TestCaseMain.startTestSuite(TestCaseMain.java:180)
	at TempTestSuite1709001228373.run(TempTestSuite1709001228373.groovy:36)
	at java.base/jdk.internal.reflect.NativeMethodAccessorImpl.invoke0(Native Method)
	at java.base/jdk.internal.reflect.NativeMethodAccessorImpl.invoke(NativeMethodAccessorImpl.java:77)
	at java.base/jdk.internal.reflect.DelegatingMethodAccessorImpl.invoke(DelegatingMethodAccessorImpl.java:43)
Caused by: com.kms.katalon.core.webui.exception.WebElementNotFoundException: Web element with id: 'Object Repository/xpath_dynamic' located by '//*[text()='Vehicle' and @href='#tab-vehicle']' not found
	at com.kms.katalon.core.webui.common.WebUiCommonHelper.findWebElement(WebUiCommonHelper.java:1379)
	at com.kms.katalon.core.webui.keyword.internal.WebUIAbstractKeyword.findWebElement(WebUIAbstractKeyword.groovy:27)
	at com.kms.katalon.core.webui.keyword.builtin.ClickKeyword$_click_closure1.doCall(ClickKeyword.groovy:65)
	at com.kms.katalon.core.webui.keyword.builtin.ClickKeyword$_click_closure1.call(ClickKeyword.groovy)
	at com.kms.katalon.core.webui.keyword.internal.WebUIKeywordMain.runKeyword(WebUIKeywordMain.groovy:20)
	at com.kms.katalon.core.webui.keyword.builtin.ClickKeyword.click(ClickKeyword.groovy:74)
	at com.kms.katalon.core.webui.keyword.builtin.ClickKeyword.execute(ClickKeyword.groovy:40)
	at com.kms.katalon.core.keyword.internal.KeywordExecutor.executeKeywordForPlatform(KeywordExecutor.groovy:74)
	at com.kms.katalon.core.webui.keyword.WebUiBuiltInKeywords.click(WebUiBuiltInKeywords.groovy:659)
	at Script1708567847561.run(Script1708567847561.groovy:118)
	at com.kms.katalon.core.main.ScriptEngine.run(ScriptEngine.java:194)
	at com.kms.katalon.core.main.ScriptEngine.runScriptAsRawText(ScriptEngine.java:119)
	at com.kms.katalon.core.main.TestCaseExecutor.runScript(TestCaseExecutor.java:448)
	at com.kms.katalon.core.main.TestCaseExecutor.doExecute(TestCaseExecutor.java:439)
	at com.kms.katalon.core.main.TestCaseExecutor.processExecutionPhase(TestCaseExecutor.java:418)
	at com.kms.katalon.core.main.TestCaseExecutor.accessMainPhase(TestCaseExecutor.java:410)
	at com.kms.katalon.core.main.TestCaseExecutor.execute(TestCaseExecutor.java:285)
	at com.kms.katalon.core.main.TestCaseMain.runTestCase(TestCaseMain.java:137)
	at com.kms.katalon.core.keyword.builtin.CallTestCaseKeyword$_callTestCase_closure1.doCall(CallTestCaseKeyword.groovy:59)
	at com.kms.katalon.core.keyword.builtin.CallTestCaseKeyword$_callTestCase_closure1.call(CallTestCaseKeyword.groovy)
	at com.kms.katalon.core.keyword.internal.KeywordMain.runKeyword(KeywordMain.groovy:75)
	at com.kms.katalon.core.keyword.builtin.CallTestCaseKeyword.callTestCase(CallTestCaseKeyword.groovy:81)
	at com.kms.katalon.core.keyword.builtin.CallTestCaseKeyword.execute(CallTestCaseKeyword.groovy:44)
	at com.kms.katalon.core.keyword.internal.KeywordExecutor.executeKeywordForPlatform(KeywordExecutor.groovy:74)
	at com.kms.katalon.core.keyword.BuiltinKeywords.callTestCase(BuiltinKeywords.groovy:310)
	at java.base/jdk.internal.reflect.NativeMethodAccessorImpl.invoke0(Native Method)
	at java.base/jdk.internal.reflect.NativeMethodAccessorImpl.invoke(NativeMethodAccessorImpl.java:77)
	at java.base/jdk.internal.reflect.DelegatingMethodAccessorImpl.invoke(DelegatingMethodAccessorImpl.java:43)
	at Script1708921536663.run(Script1708921536663.groovy:26)
	... 15 more
)

27-02-2024T09:39:27 - [MESSAGE][INFO] - Unable to find the element located by 'By.xpath: //*[text()='Vehicle' and @href='#tab-vehicle']'. Please recheck the objects properties to make sure the desired element is located. 

27-02-2024T09:39:27 - [MESSAGE][WARNING] - [SELF-HEALING] Failed to find element with id 'Object Repository/xpath_dynamic'. Try using Self-healing.

27-02-2024T09:39:28 - [MESSAGE][INFO] - [SELF-HEALING] No working XPath is found.

27-02-2024T09:39:29 - [MESSAGE][INFO] - Unable to find the element located by 'By.xpath: '. Please recheck the objects properties to make sure the desired element is located. 

27-02-2024T09:39:29 - [MESSAGE][WARNING] - [SELF-HEALING] Cannot find elements when the selector is null

27-02-2024T09:39:29 - [MESSAGE][FAILED] - Unable to click on object 'Object Repository/xpath_dynamic' (Root cause: com.kms.katalon.core.exception.StepFailedException: Unable to click on object 'Object Repository/xpath_dynamic'
	at com.kms.katalon.core.webui.keyword.internal.WebUIKeywordMain.stepFailed(WebUIKeywordMain.groovy:64)
	at com.kms.katalon.core.webui.keyword.internal.WebUIKeywordMain.runKeyword(WebUIKeywordMain.groovy:26)
	at com.kms.katalon.core.webui.keyword.builtin.ClickKeyword.click(ClickKeyword.groovy:74)
	at com.kms.katalon.core.webui.keyword.builtin.ClickKeyword.execute(ClickKeyword.groovy:40)
	at com.kms.katalon.core.keyword.internal.KeywordExecutor.executeKeywordForPlatform(KeywordExecutor.groovy:74)
	at com.kms.katalon.core.webui.keyword.WebUiBuiltInKeywords.click(WebUiBuiltInKeywords.groovy:659)
	at CollateralLoan-Information.run(CollateralLoan-Information:118)
	at com.kms.katalon.core.main.ScriptEngine.run(ScriptEngine.java:194)
	at com.kms.katalon.core.main.ScriptEngine.runScriptAsRawText(ScriptEngine.java:119)
	at com.kms.katalon.core.main.TestCaseExecutor.runScript(TestCaseExecutor.java:448)
	at com.kms.katalon.core.main.TestCaseExecutor.doExecute(TestCaseExecutor.java:439)
	at com.kms.katalon.core.main.TestCaseExecutor.processExecutionPhase(TestCaseExecutor.java:418)
	at com.kms.katalon.core.main.TestCaseExecutor.accessMainPhase(TestCaseExecutor.java:410)
	at com.kms.katalon.core.main.TestCaseExecutor.execute(TestCaseExecutor.java:285)
	at com.kms.katalon.core.main.TestCaseMain.runTestCase(TestCaseMain.java:137)
	at com.kms.katalon.core.keyword.builtin.CallTestCaseKeyword$_callTestCase_closure1.doCall(CallTestCaseKeyword.groovy:59)
	at com.kms.katalon.core.keyword.builtin.CallTestCaseKeyword$_callTestCase_closure1.call(CallTestCaseKeyword.groovy)
	at com.kms.katalon.core.keyword.internal.KeywordMain.runKeyword(KeywordMain.groovy:75)
	at com.kms.katalon.core.keyword.builtin.CallTestCaseKeyword.callTestCase(CallTestCaseKeyword.groovy:81)
	at com.kms.katalon.core.keyword.builtin.CallTestCaseKeyword.execute(CallTestCaseKeyword.groovy:44)
	at com.kms.katalon.core.keyword.internal.KeywordExecutor.executeKeywordForPlatform(KeywordExecutor.groovy:74)
	at com.kms.katalon.core.keyword.BuiltinKeywords.callTestCase(BuiltinKeywords.groovy:310)
	at java.base/jdk.internal.reflect.NativeMethodAccessorImpl.invoke0(Native Method)
	at java.base/jdk.internal.reflect.NativeMethodAccessorImpl.invoke(NativeMethodAccessorImpl.java:77)
	at java.base/jdk.internal.reflect.DelegatingMethodAccessorImpl.invoke(DelegatingMethodAccessorImpl.java:43)
	at CallAllTestCase.run(CallAllTestCase:26)
	at com.kms.katalon.core.main.ScriptEngine.run(ScriptEngine.java:194)
	at com.kms.katalon.core.main.ScriptEngine.runScriptAsRawText(ScriptEngine.java:119)
	at com.kms.katalon.core.main.TestCaseExecutor.runScript(TestCaseExecutor.java:448)
	at com.kms.katalon.core.main.TestCaseExecutor.doExecute(TestCaseExecutor.java:439)
	at com.kms.katalon.core.main.TestCaseExecutor.processExecutionPhase(TestCaseExecutor.java:418)
	at com.kms.katalon.core.main.TestCaseExecutor.accessMainPhase(TestCaseExecutor.java:410)
	at com.kms.katalon.core.main.TestCaseExecutor.execute(TestCaseExecutor.java:285)
	at com.kms.katalon.core.common.CommonExecutor.accessTestCaseMainPhase(CommonExecutor.java:65)
	at com.kms.katalon.core.main.TestSuiteExecutor.accessTestSuiteMainPhase(TestSuiteExecutor.java:148)
	at com.kms.katalon.core.main.TestSuiteExecutor.execute(TestSuiteExecutor.java:106)
	at com.kms.katalon.core.main.TestCaseMain.startTestSuite(TestCaseMain.java:180)
	at TempTestSuite1709001228373.run(TempTestSuite1709001228373.groovy:36)
	at java.base/jdk.internal.reflect.NativeMethodAccessorImpl.invoke0(Native Method)
	at java.base/jdk.internal.reflect.NativeMethodAccessorImpl.invoke(NativeMethodAccessorImpl.java:77)
	at java.base/jdk.internal.reflect.DelegatingMethodAccessorImpl.invoke(DelegatingMethodAccessorImpl.java:43)
Caused by: com.kms.katalon.core.webui.exception.WebElementNotFoundException: Web element with id: 'Object Repository/xpath_dynamic' located by '//*[text()='Vehicle' and @href='#tab-vehicle']' not found
	at com.kms.katalon.core.webui.common.WebUiCommonHelper.findWebElement(WebUiCommonHelper.java:1379)
	at com.kms.katalon.core.webui.keyword.internal.WebUIAbstractKeyword.findWebElement(WebUIAbstractKeyword.groovy:27)
	at com.kms.katalon.core.webui.keyword.builtin.ClickKeyword$_click_closure1.doCall(ClickKeyword.groovy:65)
	at com.kms.katalon.core.webui.keyword.builtin.ClickKeyword$_click_closure1.call(ClickKeyword.groovy)
	at com.kms.katalon.core.webui.keyword.internal.WebUIKeywordMain.runKeyword(WebUIKeywordMain.groovy:20)
	at com.kms.katalon.core.webui.keyword.builtin.ClickKeyword.click(ClickKeyword.groovy:74)
	at com.kms.katalon.core.webui.keyword.builtin.ClickKeyword.execute(ClickKeyword.groovy:40)
	at com.kms.katalon.core.keyword.internal.KeywordExecutor.executeKeywordForPlatform(KeywordExecutor.groovy:74)
	at com.kms.katalon.core.webui.keyword.WebUiBuiltInKeywords.click(WebUiBuiltInKeywords.groovy:659)
	at Script1708567847561.run(Script1708567847561.groovy:118)
	at com.kms.katalon.core.main.ScriptEngine.run(ScriptEngine.java:194)
	at com.kms.katalon.core.main.ScriptEngine.runScriptAsRawText(ScriptEngine.java:119)
	at com.kms.katalon.core.main.TestCaseExecutor.runScript(TestCaseExecutor.java:448)
	at com.kms.katalon.core.main.TestCaseExecutor.doExecute(TestCaseExecutor.java:439)
	at com.kms.katalon.core.main.TestCaseExecutor.processExecutionPhase(TestCaseExecutor.java:418)
	at com.kms.katalon.core.main.TestCaseExecutor.accessMainPhase(TestCaseExecutor.java:410)
	at com.kms.katalon.core.main.TestCaseExecutor.execute(TestCaseExecutor.java:285)
	at com.kms.katalon.core.main.TestCaseMain.runTestCase(TestCaseMain.java:137)
	at com.kms.katalon.core.keyword.builtin.CallTestCaseKeyword$_callTestCase_closure1.doCall(CallTestCaseKeyword.groovy:59)
	at com.kms.katalon.core.keyword.builtin.CallTestCaseKeyword$_callTestCase_closure1.call(CallTestCaseKeyword.groovy)
	at com.kms.katalon.core.keyword.internal.KeywordMain.runKeyword(KeywordMain.groovy:75)
	at com.kms.katalon.core.keyword.builtin.CallTestCaseKeyword.callTestCase(CallTestCaseKeyword.groovy:81)
	at com.kms.katalon.core.keyword.builtin.CallTestCaseKeyword.execute(CallTestCaseKeyword.groovy:44)
	at com.kms.katalon.core.keyword.internal.KeywordExecutor.executeKeywordForPlatform(KeywordExecutor.groovy:74)
	at com.kms.katalon.core.keyword.BuiltinKeywords.callTestCase(BuiltinKeywords.groovy:310)
	at java.base/jdk.internal.reflect.NativeMethodAccessorImpl.invoke0(Native Method)
	at java.base/jdk.internal.reflect.NativeMethodAccessorImpl.invoke(NativeMethodAccessorImpl.java:77)
	at java.base/jdk.internal.reflect.DelegatingMethodAccessorImpl.invoke(DelegatingMethodAccessorImpl.java:43)
	at Script1708921536663.run(Script1708921536663.groovy:26)
	... 15 more
)
[[ATTACHMENT|D:\\BCAF\\me-corp-add-data\\Reports\\20240227_093348\\DynamicMECorp\\scenario\\20240227_093348\\1709001569863.png]]

27-02-2024T09:39:29 - [MESSAGE][FAILED] - Unable to call Test Case 'Test Cases/me corp - aline/Transaction/CollateralLoan-Information' (Root cause: com.kms.katalon.core.exception.StepFailedException: Call Test Case 'Test Cases/me corp - aline/Transaction/CollateralLoan-Information' failed
	at com.kms.katalon.core.keyword.builtin.CallTestCaseKeyword$_callTestCase_closure1.doCall(CallTestCaseKeyword.groovy:63)
	at com.kms.katalon.core.keyword.builtin.CallTestCaseKeyword$_callTestCase_closure1.call(CallTestCaseKeyword.groovy)
	at com.kms.katalon.core.keyword.internal.KeywordMain.runKeyword(KeywordMain.groovy:75)
	at com.kms.katalon.core.keyword.builtin.CallTestCaseKeyword.callTestCase(CallTestCaseKeyword.groovy:81)
	at com.kms.katalon.core.keyword.builtin.CallTestCaseKeyword.execute(CallTestCaseKeyword.groovy:44)
	at com.kms.katalon.core.keyword.internal.KeywordExecutor.executeKeywordForPlatform(KeywordExecutor.groovy:74)
	at com.kms.katalon.core.keyword.BuiltinKeywords.callTestCase(BuiltinKeywords.groovy:310)
	at java.base/jdk.internal.reflect.NativeMethodAccessorImpl.invoke0(Native Method)
	at java.base/jdk.internal.reflect.NativeMethodAccessorImpl.invoke(NativeMethodAccessorImpl.java:77)
	at java.base/jdk.internal.reflect.DelegatingMethodAccessorImpl.invoke(DelegatingMethodAccessorImpl.java:43)
	at CallAllTestCase.run(CallAllTestCase:26)
	at com.kms.katalon.core.main.ScriptEngine.run(ScriptEngine.java:194)
	at com.kms.katalon.core.main.ScriptEngine.runScriptAsRawText(ScriptEngine.java:119)
	at com.kms.katalon.core.main.TestCaseExecutor.runScript(TestCaseExecutor.java:448)
	at com.kms.katalon.core.main.TestCaseExecutor.doExecute(TestCaseExecutor.java:439)
	at com.kms.katalon.core.main.TestCaseExecutor.processExecutionPhase(TestCaseExecutor.java:418)
	at com.kms.katalon.core.main.TestCaseExecutor.accessMainPhase(TestCaseExecutor.java:410)
	at com.kms.katalon.core.main.TestCaseExecutor.execute(TestCaseExecutor.java:285)
	at com.kms.katalon.core.common.CommonExecutor.accessTestCaseMainPhase(CommonExecutor.java:65)
	at com.kms.katalon.core.main.TestSuiteExecutor.accessTestSuiteMainPhase(TestSuiteExecutor.java:148)
	at com.kms.katalon.core.main.TestSuiteExecutor.execute(TestSuiteExecutor.java:106)
	at com.kms.katalon.core.main.TestCaseMain.startTestSuite(TestCaseMain.java:180)
	at TempTestSuite1709001228373.run(TempTestSuite1709001228373.groovy:36)
	at java.base/jdk.internal.reflect.NativeMethodAccessorImpl.invoke0(Native Method)
	at java.base/jdk.internal.reflect.NativeMethodAccessorImpl.invoke(NativeMethodAccessorImpl.java:77)
	at java.base/jdk.internal.reflect.DelegatingMethodAccessorImpl.invoke(DelegatingMethodAccessorImpl.java:43)
Caused by: com.kms.katalon.core.exception.StepFailedException: Unable to click on object 'Object Repository/xpath_dynamic'
	at com.kms.katalon.core.webui.keyword.internal.WebUIKeywordMain.stepFailed(WebUIKeywordMain.groovy:64)
	at com.kms.katalon.core.webui.keyword.internal.WebUIKeywordMain.runKeyword(WebUIKeywordMain.groovy:26)
	at com.kms.katalon.core.webui.keyword.builtin.ClickKeyword.click(ClickKeyword.groovy:74)
	at com.kms.katalon.core.webui.keyword.builtin.ClickKeyword.execute(ClickKeyword.groovy:40)
	at com.kms.katalon.core.keyword.internal.KeywordExecutor.executeKeywordForPlatform(KeywordExecutor.groovy:74)
	at com.kms.katalon.core.webui.keyword.WebUiBuiltInKeywords.click(WebUiBuiltInKeywords.groovy:659)
	at CollateralLoan-Information.run(CollateralLoan-Information:118)
	at com.kms.katalon.core.main.ScriptEngine.run(ScriptEngine.java:194)
	at com.kms.katalon.core.main.ScriptEngine.runScriptAsRawText(ScriptEngine.java:119)
	at com.kms.katalon.core.main.TestCaseExecutor.runScript(TestCaseExecutor.java:448)
	at com.kms.katalon.core.main.TestCaseExecutor.doExecute(TestCaseExecutor.java:439)
	at com.kms.katalon.core.main.TestCaseExecutor.processExecutionPhase(TestCaseExecutor.java:418)
	at com.kms.katalon.core.main.TestCaseExecutor.accessMainPhase(TestCaseExecutor.java:410)
	at com.kms.katalon.core.main.TestCaseExecutor.execute(TestCaseExecutor.java:285)
	at com.kms.katalon.core.main.TestCaseMain.runTestCase(TestCaseMain.java:137)
	at com.kms.katalon.core.keyword.builtin.CallTestCaseKeyword$_callTestCase_closure1.doCall(CallTestCaseKeyword.groovy:59)
	... 25 more
Caused by: com.kms.katalon.core.webui.exception.WebElementNotFoundException: Web element with id: 'Object Repository/xpath_dynamic' located by '//*[text()='Vehicle' and @href='#tab-vehicle']' not found
	at com.kms.katalon.core.webui.common.WebUiCommonHelper.findWebElement(WebUiCommonHelper.java:1379)
	at com.kms.katalon.core.webui.keyword.internal.WebUIAbstractKeyword.findWebElement(WebUIAbstractKeyword.groovy:27)
	at com.kms.katalon.core.webui.keyword.builtin.ClickKeyword$_click_closure1.doCall(ClickKeyword.groovy:65)
	at com.kms.katalon.core.webui.keyword.builtin.ClickKeyword$_click_closure1.call(ClickKeyword.groovy)
	at com.kms.katalon.core.webui.keyword.internal.WebUIKeywordMain.runKeyword(WebUIKeywordMain.groovy:20)
	... 39 more
)]]></system-out>
         <system-err><![CDATA[27-02-2024T09:33:55 - [TEST_CASE][FAILED] - Test Cases/me corp - aline/CallAllTestCase: Test Cases/me corp - aline/CallAllTestCase FAILED.
Reason:
com.kms.katalon.core.exception.StepFailedException: Call Test Case 'Test Cases/me corp - aline/Transaction/CollateralLoan-Information' failed
	at com.kms.katalon.core.keyword.builtin.CallTestCaseKeyword$_callTestCase_closure1.doCall(CallTestCaseKeyword.groovy:63)
	at com.kms.katalon.core.keyword.builtin.CallTestCaseKeyword$_callTestCase_closure1.call(CallTestCaseKeyword.groovy)
	at com.kms.katalon.core.keyword.internal.KeywordMain.runKeyword(KeywordMain.groovy:75)
	at com.kms.katalon.core.keyword.builtin.CallTestCaseKeyword.callTestCase(CallTestCaseKeyword.groovy:81)
	at com.kms.katalon.core.keyword.builtin.CallTestCaseKeyword.execute(CallTestCaseKeyword.groovy:44)
	at com.kms.katalon.core.keyword.internal.KeywordExecutor.executeKeywordForPlatform(KeywordExecutor.groovy:74)
	at com.kms.katalon.core.keyword.BuiltinKeywords.callTestCase(BuiltinKeywords.groovy:310)
	at java.base/jdk.internal.reflect.NativeMethodAccessorImpl.invoke0(Native Method)
	at java.base/jdk.internal.reflect.NativeMethodAccessorImpl.invoke(NativeMethodAccessorImpl.java:77)
	at java.base/jdk.internal.reflect.DelegatingMethodAccessorImpl.invoke(DelegatingMethodAccessorImpl.java:43)
	at CallAllTestCase.run(CallAllTestCase:26)
	at com.kms.katalon.core.main.ScriptEngine.run(ScriptEngine.java:194)
	at com.kms.katalon.core.main.ScriptEngine.runScriptAsRawText(ScriptEngine.java:119)
	at com.kms.katalon.core.main.TestCaseExecutor.runScript(TestCaseExecutor.java:448)
	at com.kms.katalon.core.main.TestCaseExecutor.doExecute(TestCaseExecutor.java:439)
	at com.kms.katalon.core.main.TestCaseExecutor.processExecutionPhase(TestCaseExecutor.java:418)
	at com.kms.katalon.core.main.TestCaseExecutor.accessMainPhase(TestCaseExecutor.java:410)
	at com.kms.katalon.core.main.TestCaseExecutor.execute(TestCaseExecutor.java:285)
	at com.kms.katalon.core.common.CommonExecutor.accessTestCaseMainPhase(CommonExecutor.java:65)
	at com.kms.katalon.core.main.TestSuiteExecutor.accessTestSuiteMainPhase(TestSuiteExecutor.java:148)
	at com.kms.katalon.core.main.TestSuiteExecutor.execute(TestSuiteExecutor.java:106)
	at com.kms.katalon.core.main.TestCaseMain.startTestSuite(TestCaseMain.java:180)
	at TempTestSuite1709001228373.run(TempTestSuite1709001228373.groovy:36)
	at java.base/jdk.internal.reflect.NativeMethodAccessorImpl.invoke0(Native Method)
	at java.base/jdk.internal.reflect.NativeMethodAccessorImpl.invoke(NativeMethodAccessorImpl.java:77)
	at java.base/jdk.internal.reflect.DelegatingMethodAccessorImpl.invoke(DelegatingMethodAccessorImpl.java:43)
Caused by: com.kms.katalon.core.exception.StepFailedException: Unable to click on object 'Object Repository/xpath_dynamic'
	at com.kms.katalon.core.webui.keyword.internal.WebUIKeywordMain.stepFailed(WebUIKeywordMain.groovy:64)
	at com.kms.katalon.core.webui.keyword.internal.WebUIKeywordMain.runKeyword(WebUIKeywordMain.groovy:26)
	at com.kms.katalon.core.webui.keyword.builtin.ClickKeyword.click(ClickKeyword.groovy:74)
	at com.kms.katalon.core.webui.keyword.builtin.ClickKeyword.execute(ClickKeyword.groovy:40)
	at com.kms.katalon.core.keyword.internal.KeywordExecutor.executeKeywordForPlatform(KeywordExecutor.groovy:74)
	at com.kms.katalon.core.webui.keyword.WebUiBuiltInKeywords.click(WebUiBuiltInKeywords.groovy:659)
	at CollateralLoan-Information.run(CollateralLoan-Information:118)
	at com.kms.katalon.core.main.ScriptEngine.run(ScriptEngine.java:194)
	at com.kms.katalon.core.main.ScriptEngine.runScriptAsRawText(ScriptEngine.java:119)
	at com.kms.katalon.core.main.TestCaseExecutor.runScript(TestCaseExecutor.java:448)
	at com.kms.katalon.core.main.TestCaseExecutor.doExecute(TestCaseExecutor.java:439)
	at com.kms.katalon.core.main.TestCaseExecutor.processExecutionPhase(TestCaseExecutor.java:418)
	at com.kms.katalon.core.main.TestCaseExecutor.accessMainPhase(TestCaseExecutor.java:410)
	at com.kms.katalon.core.main.TestCaseExecutor.execute(TestCaseExecutor.java:285)
	at com.kms.katalon.core.main.TestCaseMain.runTestCase(TestCaseMain.java:137)
	at com.kms.katalon.core.keyword.builtin.CallTestCaseKeyword$_callTestCase_closure1.doCall(CallTestCaseKeyword.groovy:59)
	... 25 more
Caused by: com.kms.katalon.core.webui.exception.WebElementNotFoundException: Web element with id: 'Object Repository/xpath_dynamic' located by '//*[text()='Vehicle' and @href='#tab-vehicle']' not found
	at com.kms.katalon.core.webui.common.WebUiCommonHelper.findWebElement(WebUiCommonHelper.java:1379)
	at com.kms.katalon.core.webui.keyword.internal.WebUIAbstractKeyword.findWebElement(WebUIAbstractKeyword.groovy:27)
	at com.kms.katalon.core.webui.keyword.builtin.ClickKeyword$_click_closure1.doCall(ClickKeyword.groovy:65)
	at com.kms.katalon.core.webui.keyword.builtin.ClickKeyword$_click_closure1.call(ClickKeyword.groovy)
	at com.kms.katalon.core.webui.keyword.internal.WebUIKeywordMain.runKeyword(WebUIKeywordMain.groovy:20)
	... 39 more]]></system-err>
      </testcase>
      <testcase name="Test Cases/me corp - aline/CallAllTestCase" time="11.117" classname="Test Cases/me corp - aline/CallAllTestCase" status="FAILED">
         <failure type="FAILED" message="Test Cases/me corp - aline/CallAllTestCase FAILED.&#xa;Reason:&#xa;com.kms.katalon.core.exception.StepFailedException: Call Test Case 'Test Cases/me corp - aline/Login' failed&#xa;	at com.kms.katalon.core.keyword.builtin.CallTestCaseKeyword$_callTestCase_closure1.doCall(CallTestCaseKeyword.groovy:63)&#xa;	at com.kms.katalon.core.keyword.builtin.CallTestCaseKeyword$_callTestCase_closure1.call(CallTestCaseKeyword.groovy)&#xa;	at com.kms.katalon.core.keyword.internal.KeywordMain.runKeyword(KeywordMain.groovy:75)&#xa;	at com.kms.katalon.core.keyword.builtin.CallTestCaseKeyword.callTestCase(CallTestCaseKeyword.groovy:81)&#xa;	at com.kms.katalon.core.keyword.builtin.CallTestCaseKeyword.execute(CallTestCaseKeyword.groovy:44)&#xa;	at com.kms.katalon.core.keyword.internal.KeywordExecutor.executeKeywordForPlatform(KeywordExecutor.groovy:74)&#xa;	at com.kms.katalon.core.keyword.BuiltinKeywords.callTestCase(BuiltinKeywords.groovy:310)&#xa;	at java.base/jdk.internal.reflect.NativeMethodAccessorImpl.invoke0(Native Method)&#xa;	at java.base/jdk.internal.reflect.NativeMethodAccessorImpl.invoke(NativeMethodAccessorImpl.java:77)&#xa;	at java.base/jdk.internal.reflect.DelegatingMethodAccessorImpl.invoke(DelegatingMethodAccessorImpl.java:43)&#xa;	at CallAllTestCase.run(CallAllTestCase:22)&#xa;	at com.kms.katalon.core.main.ScriptEngine.run(ScriptEngine.java:194)&#xa;	at com.kms.katalon.core.main.ScriptEngine.runScriptAsRawText(ScriptEngine.java:119)&#xa;	at com.kms.katalon.core.main.TestCaseExecutor.runScript(TestCaseExecutor.java:448)&#xa;	at com.kms.katalon.core.main.TestCaseExecutor.doExecute(TestCaseExecutor.java:439)&#xa;	at com.kms.katalon.core.main.TestCaseExecutor.processExecutionPhase(TestCaseExecutor.java:418)&#xa;	at com.kms.katalon.core.main.TestCaseExecutor.accessMainPhase(TestCaseExecutor.java:410)&#xa;	at com.kms.katalon.core.main.TestCaseExecutor.execute(TestCaseExecutor.java:285)&#xa;	at com.kms.katalon.core.common.CommonExecutor.accessTestCaseMainPhase(CommonExecutor.java:65)&#xa;	at com.kms.katalon.core.main.TestSuiteExecutor.accessTestSuiteMainPhase(TestSuiteExecutor.java:148)&#xa;	at com.kms.katalon.core.main.TestSuiteExecutor.execute(TestSuiteExecutor.java:106)&#xa;	at com.kms.katalon.core.main.TestCaseMain.startTestSuite(TestCaseMain.java:180)&#xa;	at TempTestSuite1709001228373.run(TempTestSuite1709001228373.groovy:36)&#xa;	at java.base/jdk.internal.reflect.NativeMethodAccessorImpl.invoke0(Native Method)&#xa;	at java.base/jdk.internal.reflect.NativeMethodAccessorImpl.invoke(NativeMethodAccessorImpl.java:77)&#xa;	at java.base/jdk.internal.reflect.DelegatingMethodAccessorImpl.invoke(DelegatingMethodAccessorImpl.java:43)&#xa;Caused by: com.kms.katalon.core.exception.StepFailedException: Unable to click on object 'Object Repository/xpath_dynamic'&#xa;	at com.kms.katalon.core.webui.keyword.internal.WebUIKeywordMain.stepFailed(WebUIKeywordMain.groovy:64)&#xa;	at com.kms.katalon.core.webui.keyword.internal.WebUIKeywordMain.runKeyword(WebUIKeywordMain.groovy:26)&#xa;	at com.kms.katalon.core.webui.keyword.builtin.ClickKeyword.click(ClickKeyword.groovy:74)&#xa;	at com.kms.katalon.core.webui.keyword.builtin.ClickKeyword.execute(ClickKeyword.groovy:40)&#xa;	at com.kms.katalon.core.keyword.internal.KeywordExecutor.executeKeywordForPlatform(KeywordExecutor.groovy:74)&#xa;	at com.kms.katalon.core.webui.keyword.WebUiBuiltInKeywords.click(WebUiBuiltInKeywords.groovy:659)&#xa;	at Login.run(Login:46)&#xa;	at com.kms.katalon.core.main.ScriptEngine.run(ScriptEngine.java:194)&#xa;	at com.kms.katalon.core.main.ScriptEngine.runScriptAsRawText(ScriptEngine.java:119)&#xa;	at com.kms.katalon.core.main.TestCaseExecutor.runScript(TestCaseExecutor.java:448)&#xa;	at com.kms.katalon.core.main.TestCaseExecutor.doExecute(TestCaseExecutor.java:439)&#xa;	at com.kms.katalon.core.main.TestCaseExecutor.processExecutionPhase(TestCaseExecutor.java:418)&#xa;	at com.kms.katalon.core.main.TestCaseExecutor.accessMainPhase(TestCaseExecutor.java:410)&#xa;	at com.kms.katalon.core.main.TestCaseExecutor.execute(TestCaseExecutor.java:285)&#xa;	at com.kms.katalon.core.main.TestCaseMain.runTestCase(TestCaseMain.java:137)&#xa;	at com.kms.katalon.core.keyword.builtin.CallTestCaseKeyword$_callTestCase_closure1.doCall(CallTestCaseKeyword.groovy:59)&#xa;	... 25 more&#xa;Caused by: org.openqa.selenium.NoSuchWindowException: Browsing context has been discarded&#xa;Build info: version: '3.141.59', revision: 'e82be7d358', time: '2018-11-14T08:25:53'&#xa;System info: host: 'LAPTOP-JTB6QV1G', ip: '10.10.13.20', os.name: 'Windows 11', os.arch: 'amd64', os.version: '10.0', java.version: '17.0.7'&#xa;Driver info: com.kms.katalon.core.webui.driver.firefox.CGeckoDriver&#xa;Capabilities {acceptInsecureCerts: true, browserName: firefox, browserVersion: 123.0, javascriptEnabled: true, moz:accessibilityChecks: false, moz:buildID: 20240213221259, moz:geckodriverVersion: 0.34.0, moz:headless: false, moz:platformVersion: 10.0, moz:processID: 28084, moz:profile: C:\Users\CLARIE~1\AppData\L..., moz:shutdownTimeout: 60000, moz:webdriverClick: true, moz:windowless: false, pageLoadStrategy: normal, platform: WINDOWS, platformName: WINDOWS, proxy: Proxy(direct), setWindowRect: true, strictFileInteractability: false, timeouts: {implicit: 0, pageLoad: 300000, script: 30000}, unhandledPromptBehavior: dismiss and notify}&#xa;Session ID: a993c5d0-b512-4e24-8bcb-cf8df65faa7c&#xa;*** Element info: {Using=xpath, value=//ul/li[@id='menu0']}&#xa;	at java.base/jdk.internal.reflect.NativeConstructorAccessorImpl.newInstance0(Native Method)&#xa;	at java.base/jdk.internal.reflect.NativeConstructorAccessorImpl.newInstance(NativeConstructorAccessorImpl.java:77)&#xa;	at java.base/jdk.internal.reflect.DelegatingConstructorAccessorImpl.newInstance(DelegatingConstructorAccessorImpl.java:45)&#xa;	at org.openqa.selenium.remote.http.W3CHttpResponseCodec.createException(W3CHttpResponseCodec.java:187)&#xa;	at org.openqa.selenium.remote.http.W3CHttpResponseCodec.decode(W3CHttpResponseCodec.java:122)&#xa;	at org.openqa.selenium.remote.http.W3CHttpResponseCodec.decode(W3CHttpResponseCodec.java:49)&#xa;	at org.openqa.selenium.remote.HttpCommandExecutor.execute(HttpCommandExecutor.java:158)&#xa;	at org.openqa.selenium.remote.service.DriverCommandExecutor.execute(DriverCommandExecutor.java:83)&#xa;	at org.openqa.selenium.remote.RemoteWebDriver.execute(RemoteWebDriver.java:552)&#xa;	at com.kms.katalon.selenium.driver.CFirefoxDriver.execute(CFirefoxDriver.java:28)&#xa;	at org.openqa.selenium.remote.RemoteWebDriver.findElements(RemoteWebDriver.java:353)&#xa;	at org.openqa.selenium.remote.RemoteWebDriver.findElementsByXPath(RemoteWebDriver.java:432)&#xa;	at org.openqa.selenium.By$ByXPath.findElements(By.java:348)&#xa;	at org.openqa.selenium.remote.RemoteWebDriver.findElements(RemoteWebDriver.java:311)&#xa;	at jdk.internal.reflect.GeneratedMethodAccessor9.invoke(Unknown Source)&#xa;	at java.base/jdk.internal.reflect.DelegatingMethodAccessorImpl.invoke(DelegatingMethodAccessorImpl.java:43)&#xa;	at org.openqa.selenium.support.events.EventFiringWebDriver.lambda$new$1(EventFiringWebDriver.java:105)&#xa;	at jdk.proxy2/jdk.proxy2.$Proxy23.findElements(Unknown Source)&#xa;	at org.openqa.selenium.support.events.EventFiringWebDriver.findElements(EventFiringWebDriver.java:182)&#xa;	at com.kms.katalon.core.webui.common.WebUiCommonHelper.findElementByNormalMethods(WebUiCommonHelper.java:1025)&#xa;	at com.kms.katalon.core.webui.common.WebUiCommonHelper.findElementsBySelectedMethod(WebUiCommonHelper.java:915)&#xa;	at com.kms.katalon.core.webui.common.WebUiCommonHelper.findElementsBySelectedMethod(WebUiCommonHelper.java:897)&#xa;	at com.kms.katalon.core.webui.common.WebUiCommonHelper.findElementsBySelectedMethod(WebUiCommonHelper.java:892)&#xa;	at com.kms.katalon.core.webui.common.WebUiCommonHelper.findElementsByDefault(WebUiCommonHelper.java:888)&#xa;	at com.kms.katalon.core.webui.common.WebUiCommonHelper.findElementsWithSelfHealing(WebUiCommonHelper.java:734)&#xa;	at com.kms.katalon.core.webui.common.WebUiCommonHelper.findWebElements(WebUiCommonHelper.java:718)&#xa;	at com.kms.katalon.core.webui.common.WebUiCommonHelper.findWebElement(WebUiCommonHelper.java:1374)&#xa;	at com.kms.katalon.core.webui.keyword.internal.WebUIAbstractKeyword.findWebElement(WebUIAbstractKeyword.groovy:27)&#xa;	at com.kms.katalon.core.webui.keyword.builtin.ClickKeyword$_click_closure1.doCall(ClickKeyword.groovy:65)&#xa;	at com.kms.katalon.core.webui.keyword.builtin.ClickKeyword$_click_closure1.call(ClickKeyword.groovy)&#xa;	at com.kms.katalon.core.webui.keyword.internal.WebUIKeywordMain.runKeyword(WebUIKeywordMain.groovy:20)&#xa;	... 39 more&#xa;"/>
         <system-out><![CDATA[27-02-2024T09:39:30 - [TEST_CASE][FAILED] - Test Cases/me corp - aline/CallAllTestCase: Test Cases/me corp - aline/CallAllTestCase FAILED.
Reason:
com.kms.katalon.core.exception.StepFailedException: Call Test Case 'Test Cases/me corp - aline/Login' failed
	at com.kms.katalon.core.keyword.builtin.CallTestCaseKeyword$_callTestCase_closure1.doCall(CallTestCaseKeyword.groovy:63)
	at com.kms.katalon.core.keyword.builtin.CallTestCaseKeyword$_callTestCase_closure1.call(CallTestCaseKeyword.groovy)
	at com.kms.katalon.core.keyword.internal.KeywordMain.runKeyword(KeywordMain.groovy:75)
	at com.kms.katalon.core.keyword.builtin.CallTestCaseKeyword.callTestCase(CallTestCaseKeyword.groovy:81)
	at com.kms.katalon.core.keyword.builtin.CallTestCaseKeyword.execute(CallTestCaseKeyword.groovy:44)
	at com.kms.katalon.core.keyword.internal.KeywordExecutor.executeKeywordForPlatform(KeywordExecutor.groovy:74)
	at com.kms.katalon.core.keyword.BuiltinKeywords.callTestCase(BuiltinKeywords.groovy:310)
	at java.base/jdk.internal.reflect.NativeMethodAccessorImpl.invoke0(Native Method)
	at java.base/jdk.internal.reflect.NativeMethodAccessorImpl.invoke(NativeMethodAccessorImpl.java:77)
	at java.base/jdk.internal.reflect.DelegatingMethodAccessorImpl.invoke(DelegatingMethodAccessorImpl.java:43)
	at CallAllTestCase.run(CallAllTestCase:22)
	at com.kms.katalon.core.main.ScriptEngine.run(ScriptEngine.java:194)
	at com.kms.katalon.core.main.ScriptEngine.runScriptAsRawText(ScriptEngine.java:119)
	at com.kms.katalon.core.main.TestCaseExecutor.runScript(TestCaseExecutor.java:448)
	at com.kms.katalon.core.main.TestCaseExecutor.doExecute(TestCaseExecutor.java:439)
	at com.kms.katalon.core.main.TestCaseExecutor.processExecutionPhase(TestCaseExecutor.java:418)
	at com.kms.katalon.core.main.TestCaseExecutor.accessMainPhase(TestCaseExecutor.java:410)
	at com.kms.katalon.core.main.TestCaseExecutor.execute(TestCaseExecutor.java:285)
	at com.kms.katalon.core.common.CommonExecutor.accessTestCaseMainPhase(CommonExecutor.java:65)
	at com.kms.katalon.core.main.TestSuiteExecutor.accessTestSuiteMainPhase(TestSuiteExecutor.java:148)
	at com.kms.katalon.core.main.TestSuiteExecutor.execute(TestSuiteExecutor.java:106)
	at com.kms.katalon.core.main.TestCaseMain.startTestSuite(TestCaseMain.java:180)
	at TempTestSuite1709001228373.run(TempTestSuite1709001228373.groovy:36)
	at java.base/jdk.internal.reflect.NativeMethodAccessorImpl.invoke0(Native Method)
	at java.base/jdk.internal.reflect.NativeMethodAccessorImpl.invoke(NativeMethodAccessorImpl.java:77)
	at java.base/jdk.internal.reflect.DelegatingMethodAccessorImpl.invoke(DelegatingMethodAccessorImpl.java:43)
Caused by: com.kms.katalon.core.exception.StepFailedException: Unable to click on object 'Object Repository/xpath_dynamic'
	at com.kms.katalon.core.webui.keyword.internal.WebUIKeywordMain.stepFailed(WebUIKeywordMain.groovy:64)
	at com.kms.katalon.core.webui.keyword.internal.WebUIKeywordMain.runKeyword(WebUIKeywordMain.groovy:26)
	at com.kms.katalon.core.webui.keyword.builtin.ClickKeyword.click(ClickKeyword.groovy:74)
	at com.kms.katalon.core.webui.keyword.builtin.ClickKeyword.execute(ClickKeyword.groovy:40)
	at com.kms.katalon.core.keyword.internal.KeywordExecutor.executeKeywordForPlatform(KeywordExecutor.groovy:74)
	at com.kms.katalon.core.webui.keyword.WebUiBuiltInKeywords.click(WebUiBuiltInKeywords.groovy:659)
	at Login.run(Login:46)
	at com.kms.katalon.core.main.ScriptEngine.run(ScriptEngine.java:194)
	at com.kms.katalon.core.main.ScriptEngine.runScriptAsRawText(ScriptEngine.java:119)
	at com.kms.katalon.core.main.TestCaseExecutor.runScript(TestCaseExecutor.java:448)
	at com.kms.katalon.core.main.TestCaseExecutor.doExecute(TestCaseExecutor.java:439)
	at com.kms.katalon.core.main.TestCaseExecutor.processExecutionPhase(TestCaseExecutor.java:418)
	at com.kms.katalon.core.main.TestCaseExecutor.accessMainPhase(TestCaseExecutor.java:410)
	at com.kms.katalon.core.main.TestCaseExecutor.execute(TestCaseExecutor.java:285)
	at com.kms.katalon.core.main.TestCaseMain.runTestCase(TestCaseMain.java:137)
	at com.kms.katalon.core.keyword.builtin.CallTestCaseKeyword$_callTestCase_closure1.doCall(CallTestCaseKeyword.groovy:59)
	... 25 more
Caused by: org.openqa.selenium.NoSuchWindowException: Browsing context has been discarded
Build info: version: '3.141.59', revision: 'e82be7d358', time: '2018-11-14T08:25:53'
System info: host: 'LAPTOP-JTB6QV1G', ip: '10.10.13.20', os.name: 'Windows 11', os.arch: 'amd64', os.version: '10.0', java.version: '17.0.7'
Driver info: com.kms.katalon.core.webui.driver.firefox.CGeckoDriver
Capabilities {acceptInsecureCerts: true, browserName: firefox, browserVersion: 123.0, javascriptEnabled: true, moz:accessibilityChecks: false, moz:buildID: 20240213221259, moz:geckodriverVersion: 0.34.0, moz:headless: false, moz:platformVersion: 10.0, moz:processID: 28084, moz:profile: C:\Users\CLARIE~1\AppData\L..., moz:shutdownTimeout: 60000, moz:webdriverClick: true, moz:windowless: false, pageLoadStrategy: normal, platform: WINDOWS, platformName: WINDOWS, proxy: Proxy(direct), setWindowRect: true, strictFileInteractability: false, timeouts: {implicit: 0, pageLoad: 300000, script: 30000}, unhandledPromptBehavior: dismiss and notify}
Session ID: a993c5d0-b512-4e24-8bcb-cf8df65faa7c
*** Element info: {Using=xpath, value=//ul/li[@id='menu0']}
	at java.base/jdk.internal.reflect.NativeConstructorAccessorImpl.newInstance0(Native Method)
	at java.base/jdk.internal.reflect.NativeConstructorAccessorImpl.newInstance(NativeConstructorAccessorImpl.java:77)
	at java.base/jdk.internal.reflect.DelegatingConstructorAccessorImpl.newInstance(DelegatingConstructorAccessorImpl.java:45)
	at org.openqa.selenium.remote.http.W3CHttpResponseCodec.createException(W3CHttpResponseCodec.java:187)
	at org.openqa.selenium.remote.http.W3CHttpResponseCodec.decode(W3CHttpResponseCodec.java:122)
	at org.openqa.selenium.remote.http.W3CHttpResponseCodec.decode(W3CHttpResponseCodec.java:49)
	at org.openqa.selenium.remote.HttpCommandExecutor.execute(HttpCommandExecutor.java:158)
	at org.openqa.selenium.remote.service.DriverCommandExecutor.execute(DriverCommandExecutor.java:83)
	at org.openqa.selenium.remote.RemoteWebDriver.execute(RemoteWebDriver.java:552)
	at com.kms.katalon.selenium.driver.CFirefoxDriver.execute(CFirefoxDriver.java:28)
	at org.openqa.selenium.remote.RemoteWebDriver.findElements(RemoteWebDriver.java:353)
	at org.openqa.selenium.remote.RemoteWebDriver.findElementsByXPath(RemoteWebDriver.java:432)
	at org.openqa.selenium.By$ByXPath.findElements(By.java:348)
	at org.openqa.selenium.remote.RemoteWebDriver.findElements(RemoteWebDriver.java:311)
	at jdk.internal.reflect.GeneratedMethodAccessor9.invoke(Unknown Source)
	at java.base/jdk.internal.reflect.DelegatingMethodAccessorImpl.invoke(DelegatingMethodAccessorImpl.java:43)
	at org.openqa.selenium.support.events.EventFiringWebDriver.lambda$new$1(EventFiringWebDriver.java:105)
	at jdk.proxy2/jdk.proxy2.$Proxy23.findElements(Unknown Source)
	at org.openqa.selenium.support.events.EventFiringWebDriver.findElements(EventFiringWebDriver.java:182)
	at com.kms.katalon.core.webui.common.WebUiCommonHelper.findElementByNormalMethods(WebUiCommonHelper.java:1025)
	at com.kms.katalon.core.webui.common.WebUiCommonHelper.findElementsBySelectedMethod(WebUiCommonHelper.java:915)
	at com.kms.katalon.core.webui.common.WebUiCommonHelper.findElementsBySelectedMethod(WebUiCommonHelper.java:897)
	at com.kms.katalon.core.webui.common.WebUiCommonHelper.findElementsBySelectedMethod(WebUiCommonHelper.java:892)
	at com.kms.katalon.core.webui.common.WebUiCommonHelper.findElementsByDefault(WebUiCommonHelper.java:888)
	at com.kms.katalon.core.webui.common.WebUiCommonHelper.findElementsWithSelfHealing(WebUiCommonHelper.java:734)
	at com.kms.katalon.core.webui.common.WebUiCommonHelper.findWebElements(WebUiCommonHelper.java:718)
	at com.kms.katalon.core.webui.common.WebUiCommonHelper.findWebElement(WebUiCommonHelper.java:1374)
	at com.kms.katalon.core.webui.keyword.internal.WebUIAbstractKeyword.findWebElement(WebUIAbstractKeyword.groovy:27)
	at com.kms.katalon.core.webui.keyword.builtin.ClickKeyword$_click_closure1.doCall(ClickKeyword.groovy:65)
	at com.kms.katalon.core.webui.keyword.builtin.ClickKeyword$_click_closure1.call(ClickKeyword.groovy)
	at com.kms.katalon.core.webui.keyword.internal.WebUIKeywordMain.runKeyword(WebUIKeywordMain.groovy:20)
	... 39 more


27-02-2024T09:39:30 - [TEST_STEP][FAILED] - callTestCase(findTestCase("Test Cases/me corp - aline/Login"), null, STOP_ON_FAILURE): Unable to call Test Case 'Test Cases/me corp - aline/Login' (Root cause: com.kms.katalon.core.exception.StepFailedException: Call Test Case 'Test Cases/me corp - aline/Login' failed
	at com.kms.katalon.core.keyword.builtin.CallTestCaseKeyword$_callTestCase_closure1.doCall(CallTestCaseKeyword.groovy:63)
	at com.kms.katalon.core.keyword.builtin.CallTestCaseKeyword$_callTestCase_closure1.call(CallTestCaseKeyword.groovy)
	at com.kms.katalon.core.keyword.internal.KeywordMain.runKeyword(KeywordMain.groovy:75)
	at com.kms.katalon.core.keyword.builtin.CallTestCaseKeyword.callTestCase(CallTestCaseKeyword.groovy:81)
	at com.kms.katalon.core.keyword.builtin.CallTestCaseKeyword.execute(CallTestCaseKeyword.groovy:44)
	at com.kms.katalon.core.keyword.internal.KeywordExecutor.executeKeywordForPlatform(KeywordExecutor.groovy:74)
	at com.kms.katalon.core.keyword.BuiltinKeywords.callTestCase(BuiltinKeywords.groovy:310)
	at java.base/jdk.internal.reflect.NativeMethodAccessorImpl.invoke0(Native Method)
	at java.base/jdk.internal.reflect.NativeMethodAccessorImpl.invoke(NativeMethodAccessorImpl.java:77)
	at java.base/jdk.internal.reflect.DelegatingMethodAccessorImpl.invoke(DelegatingMethodAccessorImpl.java:43)
	at CallAllTestCase.run(CallAllTestCase:22)
	at com.kms.katalon.core.main.ScriptEngine.run(ScriptEngine.java:194)
	at com.kms.katalon.core.main.ScriptEngine.runScriptAsRawText(ScriptEngine.java:119)
	at com.kms.katalon.core.main.TestCaseExecutor.runScript(TestCaseExecutor.java:448)
	at com.kms.katalon.core.main.TestCaseExecutor.doExecute(TestCaseExecutor.java:439)
	at com.kms.katalon.core.main.TestCaseExecutor.processExecutionPhase(TestCaseExecutor.java:418)
	at com.kms.katalon.core.main.TestCaseExecutor.accessMainPhase(TestCaseExecutor.java:410)
	at com.kms.katalon.core.main.TestCaseExecutor.execute(TestCaseExecutor.java:285)
	at com.kms.katalon.core.common.CommonExecutor.accessTestCaseMainPhase(CommonExecutor.java:65)
	at com.kms.katalon.core.main.TestSuiteExecutor.accessTestSuiteMainPhase(TestSuiteExecutor.java:148)
	at com.kms.katalon.core.main.TestSuiteExecutor.execute(TestSuiteExecutor.java:106)
	at com.kms.katalon.core.main.TestCaseMain.startTestSuite(TestCaseMain.java:180)
	at TempTestSuite1709001228373.run(TempTestSuite1709001228373.groovy:36)
	at java.base/jdk.internal.reflect.NativeMethodAccessorImpl.invoke0(Native Method)
	at java.base/jdk.internal.reflect.NativeMethodAccessorImpl.invoke(NativeMethodAccessorImpl.java:77)
	at java.base/jdk.internal.reflect.DelegatingMethodAccessorImpl.invoke(DelegatingMethodAccessorImpl.java:43)
Caused by: com.kms.katalon.core.exception.StepFailedException: Unable to click on object 'Object Repository/xpath_dynamic'
	at com.kms.katalon.core.webui.keyword.internal.WebUIKeywordMain.stepFailed(WebUIKeywordMain.groovy:64)
	at com.kms.katalon.core.webui.keyword.internal.WebUIKeywordMain.runKeyword(WebUIKeywordMain.groovy:26)
	at com.kms.katalon.core.webui.keyword.builtin.ClickKeyword.click(ClickKeyword.groovy:74)
	at com.kms.katalon.core.webui.keyword.builtin.ClickKeyword.execute(ClickKeyword.groovy:40)
	at com.kms.katalon.core.keyword.internal.KeywordExecutor.executeKeywordForPlatform(KeywordExecutor.groovy:74)
	at com.kms.katalon.core.webui.keyword.WebUiBuiltInKeywords.click(WebUiBuiltInKeywords.groovy:659)
	at Login.run(Login:46)
	at com.kms.katalon.core.main.ScriptEngine.run(ScriptEngine.java:194)
	at com.kms.katalon.core.main.ScriptEngine.runScriptAsRawText(ScriptEngine.java:119)
	at com.kms.katalon.core.main.TestCaseExecutor.runScript(TestCaseExecutor.java:448)
	at com.kms.katalon.core.main.TestCaseExecutor.doExecute(TestCaseExecutor.java:439)
	at com.kms.katalon.core.main.TestCaseExecutor.processExecutionPhase(TestCaseExecutor.java:418)
	at com.kms.katalon.core.main.TestCaseExecutor.accessMainPhase(TestCaseExecutor.java:410)
	at com.kms.katalon.core.main.TestCaseExecutor.execute(TestCaseExecutor.java:285)
	at com.kms.katalon.core.main.TestCaseMain.runTestCase(TestCaseMain.java:137)
	at com.kms.katalon.core.keyword.builtin.CallTestCaseKeyword$_callTestCase_closure1.doCall(CallTestCaseKeyword.groovy:59)
	... 25 more
Caused by: org.openqa.selenium.NoSuchWindowException: Browsing context has been discarded
Build info: version: '3.141.59', revision: 'e82be7d358', time: '2018-11-14T08:25:53'
System info: host: 'LAPTOP-JTB6QV1G', ip: '10.10.13.20', os.name: 'Windows 11', os.arch: 'amd64', os.version: '10.0', java.version: '17.0.7'
Driver info: com.kms.katalon.core.webui.driver.firefox.CGeckoDriver
Capabilities {acceptInsecureCerts: true, browserName: firefox, browserVersion: 123.0, javascriptEnabled: true, moz:accessibilityChecks: false, moz:buildID: 20240213221259, moz:geckodriverVersion: 0.34.0, moz:headless: false, moz:platformVersion: 10.0, moz:processID: 28084, moz:profile: C:\Users\CLARIE~1\AppData\L..., moz:shutdownTimeout: 60000, moz:webdriverClick: true, moz:windowless: false, pageLoadStrategy: normal, platform: WINDOWS, platformName: WINDOWS, proxy: Proxy(direct), setWindowRect: true, strictFileInteractability: false, timeouts: {implicit: 0, pageLoad: 300000, script: 30000}, unhandledPromptBehavior: dismiss and notify}
Session ID: a993c5d0-b512-4e24-8bcb-cf8df65faa7c
*** Element info: {Using=xpath, value=//ul/li[@id='menu0']}
	at java.base/jdk.internal.reflect.NativeConstructorAccessorImpl.newInstance0(Native Method)
	at java.base/jdk.internal.reflect.NativeConstructorAccessorImpl.newInstance(NativeConstructorAccessorImpl.java:77)
	at java.base/jdk.internal.reflect.DelegatingConstructorAccessorImpl.newInstance(DelegatingConstructorAccessorImpl.java:45)
	at org.openqa.selenium.remote.http.W3CHttpResponseCodec.createException(W3CHttpResponseCodec.java:187)
	at org.openqa.selenium.remote.http.W3CHttpResponseCodec.decode(W3CHttpResponseCodec.java:122)
	at org.openqa.selenium.remote.http.W3CHttpResponseCodec.decode(W3CHttpResponseCodec.java:49)
	at org.openqa.selenium.remote.HttpCommandExecutor.execute(HttpCommandExecutor.java:158)
	at org.openqa.selenium.remote.service.DriverCommandExecutor.execute(DriverCommandExecutor.java:83)
	at org.openqa.selenium.remote.RemoteWebDriver.execute(RemoteWebDriver.java:552)
	at com.kms.katalon.selenium.driver.CFirefoxDriver.execute(CFirefoxDriver.java:28)
	at org.openqa.selenium.remote.RemoteWebDriver.findElements(RemoteWebDriver.java:353)
	at org.openqa.selenium.remote.RemoteWebDriver.findElementsByXPath(RemoteWebDriver.java:432)
	at org.openqa.selenium.By$ByXPath.findElements(By.java:348)
	at org.openqa.selenium.remote.RemoteWebDriver.findElements(RemoteWebDriver.java:311)
	at jdk.internal.reflect.GeneratedMethodAccessor9.invoke(Unknown Source)
	at java.base/jdk.internal.reflect.DelegatingMethodAccessorImpl.invoke(DelegatingMethodAccessorImpl.java:43)
	at org.openqa.selenium.support.events.EventFiringWebDriver.lambda$new$1(EventFiringWebDriver.java:105)
	at jdk.proxy2/jdk.proxy2.$Proxy23.findElements(Unknown Source)
	at org.openqa.selenium.support.events.EventFiringWebDriver.findElements(EventFiringWebDriver.java:182)
	at com.kms.katalon.core.webui.common.WebUiCommonHelper.findElementByNormalMethods(WebUiCommonHelper.java:1025)
	at com.kms.katalon.core.webui.common.WebUiCommonHelper.findElementsBySelectedMethod(WebUiCommonHelper.java:915)
	at com.kms.katalon.core.webui.common.WebUiCommonHelper.findElementsBySelectedMethod(WebUiCommonHelper.java:897)
	at com.kms.katalon.core.webui.common.WebUiCommonHelper.findElementsBySelectedMethod(WebUiCommonHelper.java:892)
	at com.kms.katalon.core.webui.common.WebUiCommonHelper.findElementsByDefault(WebUiCommonHelper.java:888)
	at com.kms.katalon.core.webui.common.WebUiCommonHelper.findElementsWithSelfHealing(WebUiCommonHelper.java:734)
	at com.kms.katalon.core.webui.common.WebUiCommonHelper.findWebElements(WebUiCommonHelper.java:718)
	at com.kms.katalon.core.webui.common.WebUiCommonHelper.findWebElement(WebUiCommonHelper.java:1374)
	at com.kms.katalon.core.webui.keyword.internal.WebUIAbstractKeyword.findWebElement(WebUIAbstractKeyword.groovy:27)
	at com.kms.katalon.core.webui.keyword.builtin.ClickKeyword$_click_closure1.doCall(ClickKeyword.groovy:65)
	at com.kms.katalon.core.webui.keyword.builtin.ClickKeyword$_click_closure1.call(ClickKeyword.groovy)
	at com.kms.katalon.core.webui.keyword.internal.WebUIKeywordMain.runKeyword(WebUIKeywordMain.groovy:20)
	... 39 more
)

27-02-2024T09:39:30 - [TEST_CASE][FAILED] - Test Cases/me corp - aline/Login: Test Cases/me corp - aline/Login FAILED.
Reason:
com.kms.katalon.core.exception.StepFailedException: Unable to click on object 'Object Repository/xpath_dynamic'
	at com.kms.katalon.core.webui.keyword.internal.WebUIKeywordMain.stepFailed(WebUIKeywordMain.groovy:64)
	at com.kms.katalon.core.webui.keyword.internal.WebUIKeywordMain.runKeyword(WebUIKeywordMain.groovy:26)
	at com.kms.katalon.core.webui.keyword.builtin.ClickKeyword.click(ClickKeyword.groovy:74)
	at com.kms.katalon.core.webui.keyword.builtin.ClickKeyword.execute(ClickKeyword.groovy:40)
	at com.kms.katalon.core.keyword.internal.KeywordExecutor.executeKeywordForPlatform(KeywordExecutor.groovy:74)
	at com.kms.katalon.core.webui.keyword.WebUiBuiltInKeywords.click(WebUiBuiltInKeywords.groovy:659)
	at Login.run(Login:46)
	at com.kms.katalon.core.main.ScriptEngine.run(ScriptEngine.java:194)
	at com.kms.katalon.core.main.ScriptEngine.runScriptAsRawText(ScriptEngine.java:119)
	at com.kms.katalon.core.main.TestCaseExecutor.runScript(TestCaseExecutor.java:448)
	at com.kms.katalon.core.main.TestCaseExecutor.doExecute(TestCaseExecutor.java:439)
	at com.kms.katalon.core.main.TestCaseExecutor.processExecutionPhase(TestCaseExecutor.java:418)
	at com.kms.katalon.core.main.TestCaseExecutor.accessMainPhase(TestCaseExecutor.java:410)
	at com.kms.katalon.core.main.TestCaseExecutor.execute(TestCaseExecutor.java:285)
	at com.kms.katalon.core.main.TestCaseMain.runTestCase(TestCaseMain.java:137)
	at com.kms.katalon.core.keyword.builtin.CallTestCaseKeyword$_callTestCase_closure1.doCall(CallTestCaseKeyword.groovy:59)
	at com.kms.katalon.core.keyword.builtin.CallTestCaseKeyword$_callTestCase_closure1.call(CallTestCaseKeyword.groovy)
	at com.kms.katalon.core.keyword.internal.KeywordMain.runKeyword(KeywordMain.groovy:75)
	at com.kms.katalon.core.keyword.builtin.CallTestCaseKeyword.callTestCase(CallTestCaseKeyword.groovy:81)
	at com.kms.katalon.core.keyword.builtin.CallTestCaseKeyword.execute(CallTestCaseKeyword.groovy:44)
	at com.kms.katalon.core.keyword.internal.KeywordExecutor.executeKeywordForPlatform(KeywordExecutor.groovy:74)
	at com.kms.katalon.core.keyword.BuiltinKeywords.callTestCase(BuiltinKeywords.groovy:310)
	at java.base/jdk.internal.reflect.NativeMethodAccessorImpl.invoke0(Native Method)
	at java.base/jdk.internal.reflect.NativeMethodAccessorImpl.invoke(NativeMethodAccessorImpl.java:77)
	at java.base/jdk.internal.reflect.DelegatingMethodAccessorImpl.invoke(DelegatingMethodAccessorImpl.java:43)
	at CallAllTestCase.run(CallAllTestCase:22)
	at com.kms.katalon.core.main.ScriptEngine.run(ScriptEngine.java:194)
	at com.kms.katalon.core.main.ScriptEngine.runScriptAsRawText(ScriptEngine.java:119)
	at com.kms.katalon.core.main.TestCaseExecutor.runScript(TestCaseExecutor.java:448)
	at com.kms.katalon.core.main.TestCaseExecutor.doExecute(TestCaseExecutor.java:439)
	at com.kms.katalon.core.main.TestCaseExecutor.processExecutionPhase(TestCaseExecutor.java:418)
	at com.kms.katalon.core.main.TestCaseExecutor.accessMainPhase(TestCaseExecutor.java:410)
	at com.kms.katalon.core.main.TestCaseExecutor.execute(TestCaseExecutor.java:285)
	at com.kms.katalon.core.common.CommonExecutor.accessTestCaseMainPhase(CommonExecutor.java:65)
	at com.kms.katalon.core.main.TestSuiteExecutor.accessTestSuiteMainPhase(TestSuiteExecutor.java:148)
	at com.kms.katalon.core.main.TestSuiteExecutor.execute(TestSuiteExecutor.java:106)
	at com.kms.katalon.core.main.TestCaseMain.startTestSuite(TestCaseMain.java:180)
	at TempTestSuite1709001228373.run(TempTestSuite1709001228373.groovy:36)
	at java.base/jdk.internal.reflect.NativeMethodAccessorImpl.invoke0(Native Method)
	at java.base/jdk.internal.reflect.NativeMethodAccessorImpl.invoke(NativeMethodAccessorImpl.java:77)
	at java.base/jdk.internal.reflect.DelegatingMethodAccessorImpl.invoke(DelegatingMethodAccessorImpl.java:43)
Caused by: org.openqa.selenium.NoSuchWindowException: Browsing context has been discarded
Build info: version: '3.141.59', revision: 'e82be7d358', time: '2018-11-14T08:25:53'
System info: host: 'LAPTOP-JTB6QV1G', ip: '10.10.13.20', os.name: 'Windows 11', os.arch: 'amd64', os.version: '10.0', java.version: '17.0.7'
Driver info: com.kms.katalon.core.webui.driver.firefox.CGeckoDriver
Capabilities {acceptInsecureCerts: true, browserName: firefox, browserVersion: 123.0, javascriptEnabled: true, moz:accessibilityChecks: false, moz:buildID: 20240213221259, moz:geckodriverVersion: 0.34.0, moz:headless: false, moz:platformVersion: 10.0, moz:processID: 28084, moz:profile: C:\Users\CLARIE~1\AppData\L..., moz:shutdownTimeout: 60000, moz:webdriverClick: true, moz:windowless: false, pageLoadStrategy: normal, platform: WINDOWS, platformName: WINDOWS, proxy: Proxy(direct), setWindowRect: true, strictFileInteractability: false, timeouts: {implicit: 0, pageLoad: 300000, script: 30000}, unhandledPromptBehavior: dismiss and notify}
Session ID: a993c5d0-b512-4e24-8bcb-cf8df65faa7c
*** Element info: {Using=xpath, value=//ul/li[@id='menu0']}
	at java.base/jdk.internal.reflect.NativeConstructorAccessorImpl.newInstance0(Native Method)
	at java.base/jdk.internal.reflect.NativeConstructorAccessorImpl.newInstance(NativeConstructorAccessorImpl.java:77)
	at java.base/jdk.internal.reflect.DelegatingConstructorAccessorImpl.newInstance(DelegatingConstructorAccessorImpl.java:45)
	at org.openqa.selenium.remote.http.W3CHttpResponseCodec.createException(W3CHttpResponseCodec.java:187)
	at org.openqa.selenium.remote.http.W3CHttpResponseCodec.decode(W3CHttpResponseCodec.java:122)
	at org.openqa.selenium.remote.http.W3CHttpResponseCodec.decode(W3CHttpResponseCodec.java:49)
	at org.openqa.selenium.remote.HttpCommandExecutor.execute(HttpCommandExecutor.java:158)
	at org.openqa.selenium.remote.service.DriverCommandExecutor.execute(DriverCommandExecutor.java:83)
	at org.openqa.selenium.remote.RemoteWebDriver.execute(RemoteWebDriver.java:552)
	at com.kms.katalon.selenium.driver.CFirefoxDriver.execute(CFirefoxDriver.java:28)
	at org.openqa.selenium.remote.RemoteWebDriver.findElements(RemoteWebDriver.java:353)
	at org.openqa.selenium.remote.RemoteWebDriver.findElementsByXPath(RemoteWebDriver.java:432)
	at org.openqa.selenium.By$ByXPath.findElements(By.java:348)
	at org.openqa.selenium.remote.RemoteWebDriver.findElements(RemoteWebDriver.java:311)
	at jdk.internal.reflect.GeneratedMethodAccessor9.invoke(Unknown Source)
	at java.base/jdk.internal.reflect.DelegatingMethodAccessorImpl.invoke(DelegatingMethodAccessorImpl.java:43)
	at org.openqa.selenium.support.events.EventFiringWebDriver.lambda$new$1(EventFiringWebDriver.java:105)
	at jdk.proxy2/jdk.proxy2.$Proxy23.findElements(Unknown Source)
	at org.openqa.selenium.support.events.EventFiringWebDriver.findElements(EventFiringWebDriver.java:182)
	at com.kms.katalon.core.webui.common.WebUiCommonHelper.findElementByNormalMethods(WebUiCommonHelper.java:1025)
	at com.kms.katalon.core.webui.common.WebUiCommonHelper.findElementsBySelectedMethod(WebUiCommonHelper.java:915)
	at com.kms.katalon.core.webui.common.WebUiCommonHelper.findElementsBySelectedMethod(WebUiCommonHelper.java:897)
	at com.kms.katalon.core.webui.common.WebUiCommonHelper.findElementsBySelectedMethod(WebUiCommonHelper.java:892)
	at com.kms.katalon.core.webui.common.WebUiCommonHelper.findElementsByDefault(WebUiCommonHelper.java:888)
	at com.kms.katalon.core.webui.common.WebUiCommonHelper.findElementsWithSelfHealing(WebUiCommonHelper.java:734)
	at com.kms.katalon.core.webui.common.WebUiCommonHelper.findWebElements(WebUiCommonHelper.java:718)
	at com.kms.katalon.core.webui.common.WebUiCommonHelper.findWebElement(WebUiCommonHelper.java:1374)
	at com.kms.katalon.core.webui.keyword.internal.WebUIAbstractKeyword.findWebElement(WebUIAbstractKeyword.groovy:27)
	at com.kms.katalon.core.webui.keyword.builtin.ClickKeyword$_click_closure1.doCall(ClickKeyword.groovy:65)
	at com.kms.katalon.core.webui.keyword.builtin.ClickKeyword$_click_closure1.call(ClickKeyword.groovy)
	at com.kms.katalon.core.webui.keyword.internal.WebUIKeywordMain.runKeyword(WebUIKeywordMain.groovy:20)
	... 39 more


27-02-2024T09:39:30 - [TEST_STEP][PASSED] - baseDir = System.getProperty("user.dir"): null

27-02-2024T09:39:30 - [TEST_STEP][PASSED] - switch (login_role): null

27-02-2024T09:39:30 - [TEST_STEP][PASSED] - case "cmo":: null

27-02-2024T09:39:30 - [TEST_STEP][PASSED] - username = CMO: null

27-02-2024T09:39:30 - [TEST_STEP][PASSED] - break: null

27-02-2024T09:39:30 - [TEST_STEP][PASSED] - openBrowser(ME_url): Browser is opened with url: 'https://mecorporate.idofocus.co.id:25443/login'

27-02-2024T09:39:30 - [MESSAGE][WARNING] - A browser is already opened. Closing browser and opening a new one

27-02-2024T09:39:31 - [MESSAGE][INFO] - Starting 'Firefox' driver

27-02-2024T09:39:31 - [MESSAGE][INFO] - Action delay is set to 0 milliseconds

27-02-2024T09:39:35 - [MESSAGE][PASSED] - Browser is opened with url: 'https://mecorporate.idofocus.co.id:25443/login'

27-02-2024T09:39:35 - [TEST_STEP][PASSED] - maximizeWindow(): Current window maximized

27-02-2024T09:39:35 - [MESSAGE][PASSED] - Current window maximized

27-02-2024T09:39:35 - [TEST_STEP][PASSED] - setText(findTestObject("Object Repository/xpath_dynamic", ["xpath":"//form//input[@formcontrolname='username']"]), username): Text '20160535' is set on object 'Object Repository/xpath_dynamic'

27-02-2024T09:39:35 - [MESSAGE][PASSED] - Text '20160535' is set on object 'Object Repository/xpath_dynamic'

27-02-2024T09:39:35 - [TEST_STEP][PASSED] - setText(findTestObject("Object Repository/xpath_dynamic", ["xpath":"//form//input[@formcontrolname='password']"]), password): Text 'Mobile123+' is set on object 'Object Repository/xpath_dynamic'

27-02-2024T09:39:36 - [MESSAGE][PASSED] - Text 'Mobile123+' is set on object 'Object Repository/xpath_dynamic'

27-02-2024T09:39:36 - [TEST_STEP][PASSED] - click(findTestObject("Object Repository/xpath_dynamic", ["xpath":"//form//button[@type='submit']"])): Object: 'Object Repository/xpath_dynamic' is clicked on

27-02-2024T09:39:38 - [MESSAGE][PASSED] - Object: 'Object Repository/xpath_dynamic' is clicked on

27-02-2024T09:39:38 - [TEST_STEP][PASSED] - takeScreenshot(baseDir + me1WebScreenshotPath + "/" + index + "/" + "skenario-login" + ".png", STOP_ON_FAILURE): Taking screenshot successfully

27-02-2024T09:39:38 - [MESSAGE][PASSED] - Taking screenshot successfully
[[ATTACHMENT|D:\BCAF\me-corp-add-data\Screenshoot\me1\Web\/0/skenario-login.png]]

27-02-2024T09:39:38 - [TEST_STEP][FAILED] - click(findTestObject("Object Repository/xpath_dynamic", ["xpath":"//ul/li[@id='menu0']"])): Unable to click on object 'Object Repository/xpath_dynamic' (Root cause: com.kms.katalon.core.exception.StepFailedException: Unable to click on object 'Object Repository/xpath_dynamic'
	at com.kms.katalon.core.webui.keyword.internal.WebUIKeywordMain.stepFailed(WebUIKeywordMain.groovy:64)
	at com.kms.katalon.core.webui.keyword.internal.WebUIKeywordMain.runKeyword(WebUIKeywordMain.groovy:26)
	at com.kms.katalon.core.webui.keyword.builtin.ClickKeyword.click(ClickKeyword.groovy:74)
	at com.kms.katalon.core.webui.keyword.builtin.ClickKeyword.execute(ClickKeyword.groovy:40)
	at com.kms.katalon.core.keyword.internal.KeywordExecutor.executeKeywordForPlatform(KeywordExecutor.groovy:74)
	at com.kms.katalon.core.webui.keyword.WebUiBuiltInKeywords.click(WebUiBuiltInKeywords.groovy:659)
	at Login.run(Login:46)
	at com.kms.katalon.core.main.ScriptEngine.run(ScriptEngine.java:194)
	at com.kms.katalon.core.main.ScriptEngine.runScriptAsRawText(ScriptEngine.java:119)
	at com.kms.katalon.core.main.TestCaseExecutor.runScript(TestCaseExecutor.java:448)
	at com.kms.katalon.core.main.TestCaseExecutor.doExecute(TestCaseExecutor.java:439)
	at com.kms.katalon.core.main.TestCaseExecutor.processExecutionPhase(TestCaseExecutor.java:418)
	at com.kms.katalon.core.main.TestCaseExecutor.accessMainPhase(TestCaseExecutor.java:410)
	at com.kms.katalon.core.main.TestCaseExecutor.execute(TestCaseExecutor.java:285)
	at com.kms.katalon.core.main.TestCaseMain.runTestCase(TestCaseMain.java:137)
	at com.kms.katalon.core.keyword.builtin.CallTestCaseKeyword$_callTestCase_closure1.doCall(CallTestCaseKeyword.groovy:59)
	at com.kms.katalon.core.keyword.builtin.CallTestCaseKeyword$_callTestCase_closure1.call(CallTestCaseKeyword.groovy)
	at com.kms.katalon.core.keyword.internal.KeywordMain.runKeyword(KeywordMain.groovy:75)
	at com.kms.katalon.core.keyword.builtin.CallTestCaseKeyword.callTestCase(CallTestCaseKeyword.groovy:81)
	at com.kms.katalon.core.keyword.builtin.CallTestCaseKeyword.execute(CallTestCaseKeyword.groovy:44)
	at com.kms.katalon.core.keyword.internal.KeywordExecutor.executeKeywordForPlatform(KeywordExecutor.groovy:74)
	at com.kms.katalon.core.keyword.BuiltinKeywords.callTestCase(BuiltinKeywords.groovy:310)
	at java.base/jdk.internal.reflect.NativeMethodAccessorImpl.invoke0(Native Method)
	at java.base/jdk.internal.reflect.NativeMethodAccessorImpl.invoke(NativeMethodAccessorImpl.java:77)
	at java.base/jdk.internal.reflect.DelegatingMethodAccessorImpl.invoke(DelegatingMethodAccessorImpl.java:43)
	at CallAllTestCase.run(CallAllTestCase:22)
	at com.kms.katalon.core.main.ScriptEngine.run(ScriptEngine.java:194)
	at com.kms.katalon.core.main.ScriptEngine.runScriptAsRawText(ScriptEngine.java:119)
	at com.kms.katalon.core.main.TestCaseExecutor.runScript(TestCaseExecutor.java:448)
	at com.kms.katalon.core.main.TestCaseExecutor.doExecute(TestCaseExecutor.java:439)
	at com.kms.katalon.core.main.TestCaseExecutor.processExecutionPhase(TestCaseExecutor.java:418)
	at com.kms.katalon.core.main.TestCaseExecutor.accessMainPhase(TestCaseExecutor.java:410)
	at com.kms.katalon.core.main.TestCaseExecutor.execute(TestCaseExecutor.java:285)
	at com.kms.katalon.core.common.CommonExecutor.accessTestCaseMainPhase(CommonExecutor.java:65)
	at com.kms.katalon.core.main.TestSuiteExecutor.accessTestSuiteMainPhase(TestSuiteExecutor.java:148)
	at com.kms.katalon.core.main.TestSuiteExecutor.execute(TestSuiteExecutor.java:106)
	at com.kms.katalon.core.main.TestCaseMain.startTestSuite(TestCaseMain.java:180)
	at TempTestSuite1709001228373.run(TempTestSuite1709001228373.groovy:36)
	at java.base/jdk.internal.reflect.NativeMethodAccessorImpl.invoke0(Native Method)
	at java.base/jdk.internal.reflect.NativeMethodAccessorImpl.invoke(NativeMethodAccessorImpl.java:77)
	at java.base/jdk.internal.reflect.DelegatingMethodAccessorImpl.invoke(DelegatingMethodAccessorImpl.java:43)
Caused by: org.openqa.selenium.NoSuchWindowException: Browsing context has been discarded
Build info: version: '3.141.59', revision: 'e82be7d358', time: '2018-11-14T08:25:53'
System info: host: 'LAPTOP-JTB6QV1G', ip: '10.10.13.20', os.name: 'Windows 11', os.arch: 'amd64', os.version: '10.0', java.version: '17.0.7'
Driver info: com.kms.katalon.core.webui.driver.firefox.CGeckoDriver
Capabilities {acceptInsecureCerts: true, browserName: firefox, browserVersion: 123.0, javascriptEnabled: true, moz:accessibilityChecks: false, moz:buildID: 20240213221259, moz:geckodriverVersion: 0.34.0, moz:headless: false, moz:platformVersion: 10.0, moz:processID: 28084, moz:profile: C:\Users\CLARIE~1\AppData\L..., moz:shutdownTimeout: 60000, moz:webdriverClick: true, moz:windowless: false, pageLoadStrategy: normal, platform: WINDOWS, platformName: WINDOWS, proxy: Proxy(direct), setWindowRect: true, strictFileInteractability: false, timeouts: {implicit: 0, pageLoad: 300000, script: 30000}, unhandledPromptBehavior: dismiss and notify}
Session ID: a993c5d0-b512-4e24-8bcb-cf8df65faa7c
*** Element info: {Using=xpath, value=//ul/li[@id='menu0']}
	at java.base/jdk.internal.reflect.NativeConstructorAccessorImpl.newInstance0(Native Method)
	at java.base/jdk.internal.reflect.NativeConstructorAccessorImpl.newInstance(NativeConstructorAccessorImpl.java:77)
	at java.base/jdk.internal.reflect.DelegatingConstructorAccessorImpl.newInstance(DelegatingConstructorAccessorImpl.java:45)
	at org.openqa.selenium.remote.http.W3CHttpResponseCodec.createException(W3CHttpResponseCodec.java:187)
	at org.openqa.selenium.remote.http.W3CHttpResponseCodec.decode(W3CHttpResponseCodec.java:122)
	at org.openqa.selenium.remote.http.W3CHttpResponseCodec.decode(W3CHttpResponseCodec.java:49)
	at org.openqa.selenium.remote.HttpCommandExecutor.execute(HttpCommandExecutor.java:158)
	at org.openqa.selenium.remote.service.DriverCommandExecutor.execute(DriverCommandExecutor.java:83)
	at org.openqa.selenium.remote.RemoteWebDriver.execute(RemoteWebDriver.java:552)
	at com.kms.katalon.selenium.driver.CFirefoxDriver.execute(CFirefoxDriver.java:28)
	at org.openqa.selenium.remote.RemoteWebDriver.findElements(RemoteWebDriver.java:353)
	at org.openqa.selenium.remote.RemoteWebDriver.findElementsByXPath(RemoteWebDriver.java:432)
	at org.openqa.selenium.By$ByXPath.findElements(By.java:348)
	at org.openqa.selenium.remote.RemoteWebDriver.findElements(RemoteWebDriver.java:311)
	at jdk.internal.reflect.GeneratedMethodAccessor9.invoke(Unknown Source)
	at java.base/jdk.internal.reflect.DelegatingMethodAccessorImpl.invoke(DelegatingMethodAccessorImpl.java:43)
	at org.openqa.selenium.support.events.EventFiringWebDriver.lambda$new$1(EventFiringWebDriver.java:105)
	at jdk.proxy2/jdk.proxy2.$Proxy23.findElements(Unknown Source)
	at org.openqa.selenium.support.events.EventFiringWebDriver.findElements(EventFiringWebDriver.java:182)
	at com.kms.katalon.core.webui.common.WebUiCommonHelper.findElementByNormalMethods(WebUiCommonHelper.java:1025)
	at com.kms.katalon.core.webui.common.WebUiCommonHelper.findElementsBySelectedMethod(WebUiCommonHelper.java:915)
	at com.kms.katalon.core.webui.common.WebUiCommonHelper.findElementsBySelectedMethod(WebUiCommonHelper.java:897)
	at com.kms.katalon.core.webui.common.WebUiCommonHelper.findElementsBySelectedMethod(WebUiCommonHelper.java:892)
	at com.kms.katalon.core.webui.common.WebUiCommonHelper.findElementsByDefault(WebUiCommonHelper.java:888)
	at com.kms.katalon.core.webui.common.WebUiCommonHelper.findElementsWithSelfHealing(WebUiCommonHelper.java:734)
	at com.kms.katalon.core.webui.common.WebUiCommonHelper.findWebElements(WebUiCommonHelper.java:718)
	at com.kms.katalon.core.webui.common.WebUiCommonHelper.findWebElement(WebUiCommonHelper.java:1374)
	at com.kms.katalon.core.webui.keyword.internal.WebUIAbstractKeyword.findWebElement(WebUIAbstractKeyword.groovy:27)
	at com.kms.katalon.core.webui.keyword.builtin.ClickKeyword$_click_closure1.doCall(ClickKeyword.groovy:65)
	at com.kms.katalon.core.webui.keyword.builtin.ClickKeyword$_click_closure1.call(ClickKeyword.groovy)
	at com.kms.katalon.core.webui.keyword.internal.WebUIKeywordMain.runKeyword(WebUIKeywordMain.groovy:20)
	at com.kms.katalon.core.webui.keyword.builtin.ClickKeyword.click(ClickKeyword.groovy:74)
	at com.kms.katalon.core.webui.keyword.builtin.ClickKeyword.execute(ClickKeyword.groovy:40)
	at com.kms.katalon.core.keyword.internal.KeywordExecutor.executeKeywordForPlatform(KeywordExecutor.groovy:74)
	at com.kms.katalon.core.webui.keyword.WebUiBuiltInKeywords.click(WebUiBuiltInKeywords.groovy:659)
	at Script1708048762648.run(Script1708048762648.groovy:46)
	at com.kms.katalon.core.main.ScriptEngine.run(ScriptEngine.java:194)
	at com.kms.katalon.core.main.ScriptEngine.runScriptAsRawText(ScriptEngine.java:119)
	at com.kms.katalon.core.main.TestCaseExecutor.runScript(TestCaseExecutor.java:448)
	at com.kms.katalon.core.main.TestCaseExecutor.doExecute(TestCaseExecutor.java:439)
	at com.kms.katalon.core.main.TestCaseExecutor.processExecutionPhase(TestCaseExecutor.java:418)
	at com.kms.katalon.core.main.TestCaseExecutor.accessMainPhase(TestCaseExecutor.java:410)
	at com.kms.katalon.core.main.TestCaseExecutor.execute(TestCaseExecutor.java:285)
	at com.kms.katalon.core.main.TestCaseMain.runTestCase(TestCaseMain.java:137)
	at com.kms.katalon.core.keyword.builtin.CallTestCaseKeyword$_callTestCase_closure1.doCall(CallTestCaseKeyword.groovy:59)
	at com.kms.katalon.core.keyword.builtin.CallTestCaseKeyword$_callTestCase_closure1.call(CallTestCaseKeyword.groovy)
	at com.kms.katalon.core.keyword.internal.KeywordMain.runKeyword(KeywordMain.groovy:75)
	at com.kms.katalon.core.keyword.builtin.CallTestCaseKeyword.callTestCase(CallTestCaseKeyword.groovy:81)
	at com.kms.katalon.core.keyword.builtin.CallTestCaseKeyword.execute(CallTestCaseKeyword.groovy:44)
	at com.kms.katalon.core.keyword.internal.KeywordExecutor.executeKeywordForPlatform(KeywordExecutor.groovy:74)
	at com.kms.katalon.core.keyword.BuiltinKeywords.callTestCase(BuiltinKeywords.groovy:310)
	at java.base/jdk.internal.reflect.NativeMethodAccessorImpl.invoke0(Native Method)
	at java.base/jdk.internal.reflect.NativeMethodAccessorImpl.invoke(NativeMethodAccessorImpl.java:77)
	at java.base/jdk.internal.reflect.DelegatingMethodAccessorImpl.invoke(DelegatingMethodAccessorImpl.java:43)
	at Script1708921536663.run(Script1708921536663.groovy:22)
	... 15 more
)

27-02-2024T09:39:40 - [MESSAGE][WARNING] - [SELF-HEALING] Failed to find element with id 'Object Repository/xpath_dynamic'. Try using Self-healing.

27-02-2024T09:39:41 - [MESSAGE][INFO] - [SELF-HEALING] No working XPath is found.

27-02-2024T09:39:41 - [MESSAGE][WARNING] - [SELF-HEALING] Tried to run command without establishing a connection
Build info: version: '3.141.59', revision: 'e82be7d358', time: '2018-11-14T08:25:53'
System info: host: 'LAPTOP-JTB6QV1G', ip: '10.10.13.20', os.name: 'Windows 11', os.arch: 'amd64', os.version: '10.0', java.version: '17.0.7'
Driver info: com.kms.katalon.core.webui.driver.firefox.CGeckoDriver
Capabilities {acceptInsecureCerts: true, browserName: firefox, browserVersion: 123.0, javascriptEnabled: true, moz:accessibilityChecks: false, moz:buildID: 20240213221259, moz:geckodriverVersion: 0.34.0, moz:headless: false, moz:platformVersion: 10.0, moz:processID: 28084, moz:profile: C:\Users\CLARIE~1\AppData\L..., moz:shutdownTimeout: 60000, moz:webdriverClick: true, moz:windowless: false, pageLoadStrategy: normal, platform: WINDOWS, platformName: WINDOWS, proxy: Proxy(direct), setWindowRect: true, strictFileInteractability: false, timeouts: {implicit: 0, pageLoad: 300000, script: 30000}, unhandledPromptBehavior: dismiss and notify}
Session ID: a993c5d0-b512-4e24-8bcb-cf8df65faa7c
*** Element info: {Using=xpath, value=}

27-02-2024T09:39:41 - [MESSAGE][WARNING] - [SELF-HEALING] Cannot find elements when the selector is null

27-02-2024T09:39:41 - [MESSAGE][WARNING] - Cannot take screenshot

27-02-2024T09:39:41 - [MESSAGE][FAILED] - Unable to click on object 'Object Repository/xpath_dynamic' (Root cause: com.kms.katalon.core.exception.StepFailedException: Unable to click on object 'Object Repository/xpath_dynamic'
	at com.kms.katalon.core.webui.keyword.internal.WebUIKeywordMain.stepFailed(WebUIKeywordMain.groovy:64)
	at com.kms.katalon.core.webui.keyword.internal.WebUIKeywordMain.runKeyword(WebUIKeywordMain.groovy:26)
	at com.kms.katalon.core.webui.keyword.builtin.ClickKeyword.click(ClickKeyword.groovy:74)
	at com.kms.katalon.core.webui.keyword.builtin.ClickKeyword.execute(ClickKeyword.groovy:40)
	at com.kms.katalon.core.keyword.internal.KeywordExecutor.executeKeywordForPlatform(KeywordExecutor.groovy:74)
	at com.kms.katalon.core.webui.keyword.WebUiBuiltInKeywords.click(WebUiBuiltInKeywords.groovy:659)
	at Login.run(Login:46)
	at com.kms.katalon.core.main.ScriptEngine.run(ScriptEngine.java:194)
	at com.kms.katalon.core.main.ScriptEngine.runScriptAsRawText(ScriptEngine.java:119)
	at com.kms.katalon.core.main.TestCaseExecutor.runScript(TestCaseExecutor.java:448)
	at com.kms.katalon.core.main.TestCaseExecutor.doExecute(TestCaseExecutor.java:439)
	at com.kms.katalon.core.main.TestCaseExecutor.processExecutionPhase(TestCaseExecutor.java:418)
	at com.kms.katalon.core.main.TestCaseExecutor.accessMainPhase(TestCaseExecutor.java:410)
	at com.kms.katalon.core.main.TestCaseExecutor.execute(TestCaseExecutor.java:285)
	at com.kms.katalon.core.main.TestCaseMain.runTestCase(TestCaseMain.java:137)
	at com.kms.katalon.core.keyword.builtin.CallTestCaseKeyword$_callTestCase_closure1.doCall(CallTestCaseKeyword.groovy:59)
	at com.kms.katalon.core.keyword.builtin.CallTestCaseKeyword$_callTestCase_closure1.call(CallTestCaseKeyword.groovy)
	at com.kms.katalon.core.keyword.internal.KeywordMain.runKeyword(KeywordMain.groovy:75)
	at com.kms.katalon.core.keyword.builtin.CallTestCaseKeyword.callTestCase(CallTestCaseKeyword.groovy:81)
	at com.kms.katalon.core.keyword.builtin.CallTestCaseKeyword.execute(CallTestCaseKeyword.groovy:44)
	at com.kms.katalon.core.keyword.internal.KeywordExecutor.executeKeywordForPlatform(KeywordExecutor.groovy:74)
	at com.kms.katalon.core.keyword.BuiltinKeywords.callTestCase(BuiltinKeywords.groovy:310)
	at java.base/jdk.internal.reflect.NativeMethodAccessorImpl.invoke0(Native Method)
	at java.base/jdk.internal.reflect.NativeMethodAccessorImpl.invoke(NativeMethodAccessorImpl.java:77)
	at java.base/jdk.internal.reflect.DelegatingMethodAccessorImpl.invoke(DelegatingMethodAccessorImpl.java:43)
	at CallAllTestCase.run(CallAllTestCase:22)
	at com.kms.katalon.core.main.ScriptEngine.run(ScriptEngine.java:194)
	at com.kms.katalon.core.main.ScriptEngine.runScriptAsRawText(ScriptEngine.java:119)
	at com.kms.katalon.core.main.TestCaseExecutor.runScript(TestCaseExecutor.java:448)
	at com.kms.katalon.core.main.TestCaseExecutor.doExecute(TestCaseExecutor.java:439)
	at com.kms.katalon.core.main.TestCaseExecutor.processExecutionPhase(TestCaseExecutor.java:418)
	at com.kms.katalon.core.main.TestCaseExecutor.accessMainPhase(TestCaseExecutor.java:410)
	at com.kms.katalon.core.main.TestCaseExecutor.execute(TestCaseExecutor.java:285)
	at com.kms.katalon.core.common.CommonExecutor.accessTestCaseMainPhase(CommonExecutor.java:65)
	at com.kms.katalon.core.main.TestSuiteExecutor.accessTestSuiteMainPhase(TestSuiteExecutor.java:148)
	at com.kms.katalon.core.main.TestSuiteExecutor.execute(TestSuiteExecutor.java:106)
	at com.kms.katalon.core.main.TestCaseMain.startTestSuite(TestCaseMain.java:180)
	at TempTestSuite1709001228373.run(TempTestSuite1709001228373.groovy:36)
	at java.base/jdk.internal.reflect.NativeMethodAccessorImpl.invoke0(Native Method)
	at java.base/jdk.internal.reflect.NativeMethodAccessorImpl.invoke(NativeMethodAccessorImpl.java:77)
	at java.base/jdk.internal.reflect.DelegatingMethodAccessorImpl.invoke(DelegatingMethodAccessorImpl.java:43)
Caused by: org.openqa.selenium.NoSuchWindowException: Browsing context has been discarded
Build info: version: '3.141.59', revision: 'e82be7d358', time: '2018-11-14T08:25:53'
System info: host: 'LAPTOP-JTB6QV1G', ip: '10.10.13.20', os.name: 'Windows 11', os.arch: 'amd64', os.version: '10.0', java.version: '17.0.7'
Driver info: com.kms.katalon.core.webui.driver.firefox.CGeckoDriver
Capabilities {acceptInsecureCerts: true, browserName: firefox, browserVersion: 123.0, javascriptEnabled: true, moz:accessibilityChecks: false, moz:buildID: 20240213221259, moz:geckodriverVersion: 0.34.0, moz:headless: false, moz:platformVersion: 10.0, moz:processID: 28084, moz:profile: C:\Users\CLARIE~1\AppData\L..., moz:shutdownTimeout: 60000, moz:webdriverClick: true, moz:windowless: false, pageLoadStrategy: normal, platform: WINDOWS, platformName: WINDOWS, proxy: Proxy(direct), setWindowRect: true, strictFileInteractability: false, timeouts: {implicit: 0, pageLoad: 300000, script: 30000}, unhandledPromptBehavior: dismiss and notify}
Session ID: a993c5d0-b512-4e24-8bcb-cf8df65faa7c
*** Element info: {Using=xpath, value=//ul/li[@id='menu0']}
	at java.base/jdk.internal.reflect.NativeConstructorAccessorImpl.newInstance0(Native Method)
	at java.base/jdk.internal.reflect.NativeConstructorAccessorImpl.newInstance(NativeConstructorAccessorImpl.java:77)
	at java.base/jdk.internal.reflect.DelegatingConstructorAccessorImpl.newInstance(DelegatingConstructorAccessorImpl.java:45)
	at org.openqa.selenium.remote.http.W3CHttpResponseCodec.createException(W3CHttpResponseCodec.java:187)
	at org.openqa.selenium.remote.http.W3CHttpResponseCodec.decode(W3CHttpResponseCodec.java:122)
	at org.openqa.selenium.remote.http.W3CHttpResponseCodec.decode(W3CHttpResponseCodec.java:49)
	at org.openqa.selenium.remote.HttpCommandExecutor.execute(HttpCommandExecutor.java:158)
	at org.openqa.selenium.remote.service.DriverCommandExecutor.execute(DriverCommandExecutor.java:83)
	at org.openqa.selenium.remote.RemoteWebDriver.execute(RemoteWebDriver.java:552)
	at com.kms.katalon.selenium.driver.CFirefoxDriver.execute(CFirefoxDriver.java:28)
	at org.openqa.selenium.remote.RemoteWebDriver.findElements(RemoteWebDriver.java:353)
	at org.openqa.selenium.remote.RemoteWebDriver.findElementsByXPath(RemoteWebDriver.java:432)
	at org.openqa.selenium.By$ByXPath.findElements(By.java:348)
	at org.openqa.selenium.remote.RemoteWebDriver.findElements(RemoteWebDriver.java:311)
	at jdk.internal.reflect.GeneratedMethodAccessor9.invoke(Unknown Source)
	at java.base/jdk.internal.reflect.DelegatingMethodAccessorImpl.invoke(DelegatingMethodAccessorImpl.java:43)
	at org.openqa.selenium.support.events.EventFiringWebDriver.lambda$new$1(EventFiringWebDriver.java:105)
	at jdk.proxy2/jdk.proxy2.$Proxy23.findElements(Unknown Source)
	at org.openqa.selenium.support.events.EventFiringWebDriver.findElements(EventFiringWebDriver.java:182)
	at com.kms.katalon.core.webui.common.WebUiCommonHelper.findElementByNormalMethods(WebUiCommonHelper.java:1025)
	at com.kms.katalon.core.webui.common.WebUiCommonHelper.findElementsBySelectedMethod(WebUiCommonHelper.java:915)
	at com.kms.katalon.core.webui.common.WebUiCommonHelper.findElementsBySelectedMethod(WebUiCommonHelper.java:897)
	at com.kms.katalon.core.webui.common.WebUiCommonHelper.findElementsBySelectedMethod(WebUiCommonHelper.java:892)
	at com.kms.katalon.core.webui.common.WebUiCommonHelper.findElementsByDefault(WebUiCommonHelper.java:888)
	at com.kms.katalon.core.webui.common.WebUiCommonHelper.findElementsWithSelfHealing(WebUiCommonHelper.java:734)
	at com.kms.katalon.core.webui.common.WebUiCommonHelper.findWebElements(WebUiCommonHelper.java:718)
	at com.kms.katalon.core.webui.common.WebUiCommonHelper.findWebElement(WebUiCommonHelper.java:1374)
	at com.kms.katalon.core.webui.keyword.internal.WebUIAbstractKeyword.findWebElement(WebUIAbstractKeyword.groovy:27)
	at com.kms.katalon.core.webui.keyword.builtin.ClickKeyword$_click_closure1.doCall(ClickKeyword.groovy:65)
	at com.kms.katalon.core.webui.keyword.builtin.ClickKeyword$_click_closure1.call(ClickKeyword.groovy)
	at com.kms.katalon.core.webui.keyword.internal.WebUIKeywordMain.runKeyword(WebUIKeywordMain.groovy:20)
	at com.kms.katalon.core.webui.keyword.builtin.ClickKeyword.click(ClickKeyword.groovy:74)
	at com.kms.katalon.core.webui.keyword.builtin.ClickKeyword.execute(ClickKeyword.groovy:40)
	at com.kms.katalon.core.keyword.internal.KeywordExecutor.executeKeywordForPlatform(KeywordExecutor.groovy:74)
	at com.kms.katalon.core.webui.keyword.WebUiBuiltInKeywords.click(WebUiBuiltInKeywords.groovy:659)
	at Script1708048762648.run(Script1708048762648.groovy:46)
	at com.kms.katalon.core.main.ScriptEngine.run(ScriptEngine.java:194)
	at com.kms.katalon.core.main.ScriptEngine.runScriptAsRawText(ScriptEngine.java:119)
	at com.kms.katalon.core.main.TestCaseExecutor.runScript(TestCaseExecutor.java:448)
	at com.kms.katalon.core.main.TestCaseExecutor.doExecute(TestCaseExecutor.java:439)
	at com.kms.katalon.core.main.TestCaseExecutor.processExecutionPhase(TestCaseExecutor.java:418)
	at com.kms.katalon.core.main.TestCaseExecutor.accessMainPhase(TestCaseExecutor.java:410)
	at com.kms.katalon.core.main.TestCaseExecutor.execute(TestCaseExecutor.java:285)
	at com.kms.katalon.core.main.TestCaseMain.runTestCase(TestCaseMain.java:137)
	at com.kms.katalon.core.keyword.builtin.CallTestCaseKeyword$_callTestCase_closure1.doCall(CallTestCaseKeyword.groovy:59)
	at com.kms.katalon.core.keyword.builtin.CallTestCaseKeyword$_callTestCase_closure1.call(CallTestCaseKeyword.groovy)
	at com.kms.katalon.core.keyword.internal.KeywordMain.runKeyword(KeywordMain.groovy:75)
	at com.kms.katalon.core.keyword.builtin.CallTestCaseKeyword.callTestCase(CallTestCaseKeyword.groovy:81)
	at com.kms.katalon.core.keyword.builtin.CallTestCaseKeyword.execute(CallTestCaseKeyword.groovy:44)
	at com.kms.katalon.core.keyword.internal.KeywordExecutor.executeKeywordForPlatform(KeywordExecutor.groovy:74)
	at com.kms.katalon.core.keyword.BuiltinKeywords.callTestCase(BuiltinKeywords.groovy:310)
	at java.base/jdk.internal.reflect.NativeMethodAccessorImpl.invoke0(Native Method)
	at java.base/jdk.internal.reflect.NativeMethodAccessorImpl.invoke(NativeMethodAccessorImpl.java:77)
	at java.base/jdk.internal.reflect.DelegatingMethodAccessorImpl.invoke(DelegatingMethodAccessorImpl.java:43)
	at Script1708921536663.run(Script1708921536663.groovy:22)
	... 15 more
)

27-02-2024T09:39:41 - [MESSAGE][FAILED] - Unable to call Test Case 'Test Cases/me corp - aline/Login' (Root cause: com.kms.katalon.core.exception.StepFailedException: Call Test Case 'Test Cases/me corp - aline/Login' failed
	at com.kms.katalon.core.keyword.builtin.CallTestCaseKeyword$_callTestCase_closure1.doCall(CallTestCaseKeyword.groovy:63)
	at com.kms.katalon.core.keyword.builtin.CallTestCaseKeyword$_callTestCase_closure1.call(CallTestCaseKeyword.groovy)
	at com.kms.katalon.core.keyword.internal.KeywordMain.runKeyword(KeywordMain.groovy:75)
	at com.kms.katalon.core.keyword.builtin.CallTestCaseKeyword.callTestCase(CallTestCaseKeyword.groovy:81)
	at com.kms.katalon.core.keyword.builtin.CallTestCaseKeyword.execute(CallTestCaseKeyword.groovy:44)
	at com.kms.katalon.core.keyword.internal.KeywordExecutor.executeKeywordForPlatform(KeywordExecutor.groovy:74)
	at com.kms.katalon.core.keyword.BuiltinKeywords.callTestCase(BuiltinKeywords.groovy:310)
	at java.base/jdk.internal.reflect.NativeMethodAccessorImpl.invoke0(Native Method)
	at java.base/jdk.internal.reflect.NativeMethodAccessorImpl.invoke(NativeMethodAccessorImpl.java:77)
	at java.base/jdk.internal.reflect.DelegatingMethodAccessorImpl.invoke(DelegatingMethodAccessorImpl.java:43)
	at CallAllTestCase.run(CallAllTestCase:22)
	at com.kms.katalon.core.main.ScriptEngine.run(ScriptEngine.java:194)
	at com.kms.katalon.core.main.ScriptEngine.runScriptAsRawText(ScriptEngine.java:119)
	at com.kms.katalon.core.main.TestCaseExecutor.runScript(TestCaseExecutor.java:448)
	at com.kms.katalon.core.main.TestCaseExecutor.doExecute(TestCaseExecutor.java:439)
	at com.kms.katalon.core.main.TestCaseExecutor.processExecutionPhase(TestCaseExecutor.java:418)
	at com.kms.katalon.core.main.TestCaseExecutor.accessMainPhase(TestCaseExecutor.java:410)
	at com.kms.katalon.core.main.TestCaseExecutor.execute(TestCaseExecutor.java:285)
	at com.kms.katalon.core.common.CommonExecutor.accessTestCaseMainPhase(CommonExecutor.java:65)
	at com.kms.katalon.core.main.TestSuiteExecutor.accessTestSuiteMainPhase(TestSuiteExecutor.java:148)
	at com.kms.katalon.core.main.TestSuiteExecutor.execute(TestSuiteExecutor.java:106)
	at com.kms.katalon.core.main.TestCaseMain.startTestSuite(TestCaseMain.java:180)
	at TempTestSuite1709001228373.run(TempTestSuite1709001228373.groovy:36)
	at java.base/jdk.internal.reflect.NativeMethodAccessorImpl.invoke0(Native Method)
	at java.base/jdk.internal.reflect.NativeMethodAccessorImpl.invoke(NativeMethodAccessorImpl.java:77)
	at java.base/jdk.internal.reflect.DelegatingMethodAccessorImpl.invoke(DelegatingMethodAccessorImpl.java:43)
Caused by: com.kms.katalon.core.exception.StepFailedException: Unable to click on object 'Object Repository/xpath_dynamic'
	at com.kms.katalon.core.webui.keyword.internal.WebUIKeywordMain.stepFailed(WebUIKeywordMain.groovy:64)
	at com.kms.katalon.core.webui.keyword.internal.WebUIKeywordMain.runKeyword(WebUIKeywordMain.groovy:26)
	at com.kms.katalon.core.webui.keyword.builtin.ClickKeyword.click(ClickKeyword.groovy:74)
	at com.kms.katalon.core.webui.keyword.builtin.ClickKeyword.execute(ClickKeyword.groovy:40)
	at com.kms.katalon.core.keyword.internal.KeywordExecutor.executeKeywordForPlatform(KeywordExecutor.groovy:74)
	at com.kms.katalon.core.webui.keyword.WebUiBuiltInKeywords.click(WebUiBuiltInKeywords.groovy:659)
	at Login.run(Login:46)
	at com.kms.katalon.core.main.ScriptEngine.run(ScriptEngine.java:194)
	at com.kms.katalon.core.main.ScriptEngine.runScriptAsRawText(ScriptEngine.java:119)
	at com.kms.katalon.core.main.TestCaseExecutor.runScript(TestCaseExecutor.java:448)
	at com.kms.katalon.core.main.TestCaseExecutor.doExecute(TestCaseExecutor.java:439)
	at com.kms.katalon.core.main.TestCaseExecutor.processExecutionPhase(TestCaseExecutor.java:418)
	at com.kms.katalon.core.main.TestCaseExecutor.accessMainPhase(TestCaseExecutor.java:410)
	at com.kms.katalon.core.main.TestCaseExecutor.execute(TestCaseExecutor.java:285)
	at com.kms.katalon.core.main.TestCaseMain.runTestCase(TestCaseMain.java:137)
	at com.kms.katalon.core.keyword.builtin.CallTestCaseKeyword$_callTestCase_closure1.doCall(CallTestCaseKeyword.groovy:59)
	... 25 more
Caused by: org.openqa.selenium.NoSuchWindowException: Browsing context has been discarded
Build info: version: '3.141.59', revision: 'e82be7d358', time: '2018-11-14T08:25:53'
System info: host: 'LAPTOP-JTB6QV1G', ip: '10.10.13.20', os.name: 'Windows 11', os.arch: 'amd64', os.version: '10.0', java.version: '17.0.7'
Driver info: com.kms.katalon.core.webui.driver.firefox.CGeckoDriver
Capabilities {acceptInsecureCerts: true, browserName: firefox, browserVersion: 123.0, javascriptEnabled: true, moz:accessibilityChecks: false, moz:buildID: 20240213221259, moz:geckodriverVersion: 0.34.0, moz:headless: false, moz:platformVersion: 10.0, moz:processID: 28084, moz:profile: C:\Users\CLARIE~1\AppData\L..., moz:shutdownTimeout: 60000, moz:webdriverClick: true, moz:windowless: false, pageLoadStrategy: normal, platform: WINDOWS, platformName: WINDOWS, proxy: Proxy(direct), setWindowRect: true, strictFileInteractability: false, timeouts: {implicit: 0, pageLoad: 300000, script: 30000}, unhandledPromptBehavior: dismiss and notify}
Session ID: a993c5d0-b512-4e24-8bcb-cf8df65faa7c
*** Element info: {Using=xpath, value=//ul/li[@id='menu0']}
	at java.base/jdk.internal.reflect.NativeConstructorAccessorImpl.newInstance0(Native Method)
	at java.base/jdk.internal.reflect.NativeConstructorAccessorImpl.newInstance(NativeConstructorAccessorImpl.java:77)
	at java.base/jdk.internal.reflect.DelegatingConstructorAccessorImpl.newInstance(DelegatingConstructorAccessorImpl.java:45)
	at org.openqa.selenium.remote.http.W3CHttpResponseCodec.createException(W3CHttpResponseCodec.java:187)
	at org.openqa.selenium.remote.http.W3CHttpResponseCodec.decode(W3CHttpResponseCodec.java:122)
	at org.openqa.selenium.remote.http.W3CHttpResponseCodec.decode(W3CHttpResponseCodec.java:49)
	at org.openqa.selenium.remote.HttpCommandExecutor.execute(HttpCommandExecutor.java:158)
	at org.openqa.selenium.remote.service.DriverCommandExecutor.execute(DriverCommandExecutor.java:83)
	at org.openqa.selenium.remote.RemoteWebDriver.execute(RemoteWebDriver.java:552)
	at com.kms.katalon.selenium.driver.CFirefoxDriver.execute(CFirefoxDriver.java:28)
	at org.openqa.selenium.remote.RemoteWebDriver.findElements(RemoteWebDriver.java:353)
	at org.openqa.selenium.remote.RemoteWebDriver.findElementsByXPath(RemoteWebDriver.java:432)
	at org.openqa.selenium.By$ByXPath.findElements(By.java:348)
	at org.openqa.selenium.remote.RemoteWebDriver.findElements(RemoteWebDriver.java:311)
	at jdk.internal.reflect.GeneratedMethodAccessor9.invoke(Unknown Source)
	at java.base/jdk.internal.reflect.DelegatingMethodAccessorImpl.invoke(DelegatingMethodAccessorImpl.java:43)
	at org.openqa.selenium.support.events.EventFiringWebDriver.lambda$new$1(EventFiringWebDriver.java:105)
	at jdk.proxy2/jdk.proxy2.$Proxy23.findElements(Unknown Source)
	at org.openqa.selenium.support.events.EventFiringWebDriver.findElements(EventFiringWebDriver.java:182)
	at com.kms.katalon.core.webui.common.WebUiCommonHelper.findElementByNormalMethods(WebUiCommonHelper.java:1025)
	at com.kms.katalon.core.webui.common.WebUiCommonHelper.findElementsBySelectedMethod(WebUiCommonHelper.java:915)
	at com.kms.katalon.core.webui.common.WebUiCommonHelper.findElementsBySelectedMethod(WebUiCommonHelper.java:897)
	at com.kms.katalon.core.webui.common.WebUiCommonHelper.findElementsBySelectedMethod(WebUiCommonHelper.java:892)
	at com.kms.katalon.core.webui.common.WebUiCommonHelper.findElementsByDefault(WebUiCommonHelper.java:888)
	at com.kms.katalon.core.webui.common.WebUiCommonHelper.findElementsWithSelfHealing(WebUiCommonHelper.java:734)
	at com.kms.katalon.core.webui.common.WebUiCommonHelper.findWebElements(WebUiCommonHelper.java:718)
	at com.kms.katalon.core.webui.common.WebUiCommonHelper.findWebElement(WebUiCommonHelper.java:1374)
	at com.kms.katalon.core.webui.keyword.internal.WebUIAbstractKeyword.findWebElement(WebUIAbstractKeyword.groovy:27)
	at com.kms.katalon.core.webui.keyword.builtin.ClickKeyword$_click_closure1.doCall(ClickKeyword.groovy:65)
	at com.kms.katalon.core.webui.keyword.builtin.ClickKeyword$_click_closure1.call(ClickKeyword.groovy)
	at com.kms.katalon.core.webui.keyword.internal.WebUIKeywordMain.runKeyword(WebUIKeywordMain.groovy:20)
	... 39 more
)]]></system-out>
         <system-err><![CDATA[27-02-2024T09:39:30 - [TEST_CASE][FAILED] - Test Cases/me corp - aline/CallAllTestCase: Test Cases/me corp - aline/CallAllTestCase FAILED.
Reason:
com.kms.katalon.core.exception.StepFailedException: Call Test Case 'Test Cases/me corp - aline/Login' failed
	at com.kms.katalon.core.keyword.builtin.CallTestCaseKeyword$_callTestCase_closure1.doCall(CallTestCaseKeyword.groovy:63)
	at com.kms.katalon.core.keyword.builtin.CallTestCaseKeyword$_callTestCase_closure1.call(CallTestCaseKeyword.groovy)
	at com.kms.katalon.core.keyword.internal.KeywordMain.runKeyword(KeywordMain.groovy:75)
	at com.kms.katalon.core.keyword.builtin.CallTestCaseKeyword.callTestCase(CallTestCaseKeyword.groovy:81)
	at com.kms.katalon.core.keyword.builtin.CallTestCaseKeyword.execute(CallTestCaseKeyword.groovy:44)
	at com.kms.katalon.core.keyword.internal.KeywordExecutor.executeKeywordForPlatform(KeywordExecutor.groovy:74)
	at com.kms.katalon.core.keyword.BuiltinKeywords.callTestCase(BuiltinKeywords.groovy:310)
	at java.base/jdk.internal.reflect.NativeMethodAccessorImpl.invoke0(Native Method)
	at java.base/jdk.internal.reflect.NativeMethodAccessorImpl.invoke(NativeMethodAccessorImpl.java:77)
	at java.base/jdk.internal.reflect.DelegatingMethodAccessorImpl.invoke(DelegatingMethodAccessorImpl.java:43)
	at CallAllTestCase.run(CallAllTestCase:22)
	at com.kms.katalon.core.main.ScriptEngine.run(ScriptEngine.java:194)
	at com.kms.katalon.core.main.ScriptEngine.runScriptAsRawText(ScriptEngine.java:119)
	at com.kms.katalon.core.main.TestCaseExecutor.runScript(TestCaseExecutor.java:448)
	at com.kms.katalon.core.main.TestCaseExecutor.doExecute(TestCaseExecutor.java:439)
	at com.kms.katalon.core.main.TestCaseExecutor.processExecutionPhase(TestCaseExecutor.java:418)
	at com.kms.katalon.core.main.TestCaseExecutor.accessMainPhase(TestCaseExecutor.java:410)
	at com.kms.katalon.core.main.TestCaseExecutor.execute(TestCaseExecutor.java:285)
	at com.kms.katalon.core.common.CommonExecutor.accessTestCaseMainPhase(CommonExecutor.java:65)
	at com.kms.katalon.core.main.TestSuiteExecutor.accessTestSuiteMainPhase(TestSuiteExecutor.java:148)
	at com.kms.katalon.core.main.TestSuiteExecutor.execute(TestSuiteExecutor.java:106)
	at com.kms.katalon.core.main.TestCaseMain.startTestSuite(TestCaseMain.java:180)
	at TempTestSuite1709001228373.run(TempTestSuite1709001228373.groovy:36)
	at java.base/jdk.internal.reflect.NativeMethodAccessorImpl.invoke0(Native Method)
	at java.base/jdk.internal.reflect.NativeMethodAccessorImpl.invoke(NativeMethodAccessorImpl.java:77)
	at java.base/jdk.internal.reflect.DelegatingMethodAccessorImpl.invoke(DelegatingMethodAccessorImpl.java:43)
Caused by: com.kms.katalon.core.exception.StepFailedException: Unable to click on object 'Object Repository/xpath_dynamic'
	at com.kms.katalon.core.webui.keyword.internal.WebUIKeywordMain.stepFailed(WebUIKeywordMain.groovy:64)
	at com.kms.katalon.core.webui.keyword.internal.WebUIKeywordMain.runKeyword(WebUIKeywordMain.groovy:26)
	at com.kms.katalon.core.webui.keyword.builtin.ClickKeyword.click(ClickKeyword.groovy:74)
	at com.kms.katalon.core.webui.keyword.builtin.ClickKeyword.execute(ClickKeyword.groovy:40)
	at com.kms.katalon.core.keyword.internal.KeywordExecutor.executeKeywordForPlatform(KeywordExecutor.groovy:74)
	at com.kms.katalon.core.webui.keyword.WebUiBuiltInKeywords.click(WebUiBuiltInKeywords.groovy:659)
	at Login.run(Login:46)
	at com.kms.katalon.core.main.ScriptEngine.run(ScriptEngine.java:194)
	at com.kms.katalon.core.main.ScriptEngine.runScriptAsRawText(ScriptEngine.java:119)
	at com.kms.katalon.core.main.TestCaseExecutor.runScript(TestCaseExecutor.java:448)
	at com.kms.katalon.core.main.TestCaseExecutor.doExecute(TestCaseExecutor.java:439)
	at com.kms.katalon.core.main.TestCaseExecutor.processExecutionPhase(TestCaseExecutor.java:418)
	at com.kms.katalon.core.main.TestCaseExecutor.accessMainPhase(TestCaseExecutor.java:410)
	at com.kms.katalon.core.main.TestCaseExecutor.execute(TestCaseExecutor.java:285)
	at com.kms.katalon.core.main.TestCaseMain.runTestCase(TestCaseMain.java:137)
	at com.kms.katalon.core.keyword.builtin.CallTestCaseKeyword$_callTestCase_closure1.doCall(CallTestCaseKeyword.groovy:59)
	... 25 more
Caused by: org.openqa.selenium.NoSuchWindowException: Browsing context has been discarded
Build info: version: '3.141.59', revision: 'e82be7d358', time: '2018-11-14T08:25:53'
System info: host: 'LAPTOP-JTB6QV1G', ip: '10.10.13.20', os.name: 'Windows 11', os.arch: 'amd64', os.version: '10.0', java.version: '17.0.7'
Driver info: com.kms.katalon.core.webui.driver.firefox.CGeckoDriver
Capabilities {acceptInsecureCerts: true, browserName: firefox, browserVersion: 123.0, javascriptEnabled: true, moz:accessibilityChecks: false, moz:buildID: 20240213221259, moz:geckodriverVersion: 0.34.0, moz:headless: false, moz:platformVersion: 10.0, moz:processID: 28084, moz:profile: C:\Users\CLARIE~1\AppData\L..., moz:shutdownTimeout: 60000, moz:webdriverClick: true, moz:windowless: false, pageLoadStrategy: normal, platform: WINDOWS, platformName: WINDOWS, proxy: Proxy(direct), setWindowRect: true, strictFileInteractability: false, timeouts: {implicit: 0, pageLoad: 300000, script: 30000}, unhandledPromptBehavior: dismiss and notify}
Session ID: a993c5d0-b512-4e24-8bcb-cf8df65faa7c
*** Element info: {Using=xpath, value=//ul/li[@id='menu0']}
	at java.base/jdk.internal.reflect.NativeConstructorAccessorImpl.newInstance0(Native Method)
	at java.base/jdk.internal.reflect.NativeConstructorAccessorImpl.newInstance(NativeConstructorAccessorImpl.java:77)
	at java.base/jdk.internal.reflect.DelegatingConstructorAccessorImpl.newInstance(DelegatingConstructorAccessorImpl.java:45)
	at org.openqa.selenium.remote.http.W3CHttpResponseCodec.createException(W3CHttpResponseCodec.java:187)
	at org.openqa.selenium.remote.http.W3CHttpResponseCodec.decode(W3CHttpResponseCodec.java:122)
	at org.openqa.selenium.remote.http.W3CHttpResponseCodec.decode(W3CHttpResponseCodec.java:49)
	at org.openqa.selenium.remote.HttpCommandExecutor.execute(HttpCommandExecutor.java:158)
	at org.openqa.selenium.remote.service.DriverCommandExecutor.execute(DriverCommandExecutor.java:83)
	at org.openqa.selenium.remote.RemoteWebDriver.execute(RemoteWebDriver.java:552)
	at com.kms.katalon.selenium.driver.CFirefoxDriver.execute(CFirefoxDriver.java:28)
	at org.openqa.selenium.remote.RemoteWebDriver.findElements(RemoteWebDriver.java:353)
	at org.openqa.selenium.remote.RemoteWebDriver.findElementsByXPath(RemoteWebDriver.java:432)
	at org.openqa.selenium.By$ByXPath.findElements(By.java:348)
	at org.openqa.selenium.remote.RemoteWebDriver.findElements(RemoteWebDriver.java:311)
	at jdk.internal.reflect.GeneratedMethodAccessor9.invoke(Unknown Source)
	at java.base/jdk.internal.reflect.DelegatingMethodAccessorImpl.invoke(DelegatingMethodAccessorImpl.java:43)
	at org.openqa.selenium.support.events.EventFiringWebDriver.lambda$new$1(EventFiringWebDriver.java:105)
	at jdk.proxy2/jdk.proxy2.$Proxy23.findElements(Unknown Source)
	at org.openqa.selenium.support.events.EventFiringWebDriver.findElements(EventFiringWebDriver.java:182)
	at com.kms.katalon.core.webui.common.WebUiCommonHelper.findElementByNormalMethods(WebUiCommonHelper.java:1025)
	at com.kms.katalon.core.webui.common.WebUiCommonHelper.findElementsBySelectedMethod(WebUiCommonHelper.java:915)
	at com.kms.katalon.core.webui.common.WebUiCommonHelper.findElementsBySelectedMethod(WebUiCommonHelper.java:897)
	at com.kms.katalon.core.webui.common.WebUiCommonHelper.findElementsBySelectedMethod(WebUiCommonHelper.java:892)
	at com.kms.katalon.core.webui.common.WebUiCommonHelper.findElementsByDefault(WebUiCommonHelper.java:888)
	at com.kms.katalon.core.webui.common.WebUiCommonHelper.findElementsWithSelfHealing(WebUiCommonHelper.java:734)
	at com.kms.katalon.core.webui.common.WebUiCommonHelper.findWebElements(WebUiCommonHelper.java:718)
	at com.kms.katalon.core.webui.common.WebUiCommonHelper.findWebElement(WebUiCommonHelper.java:1374)
	at com.kms.katalon.core.webui.keyword.internal.WebUIAbstractKeyword.findWebElement(WebUIAbstractKeyword.groovy:27)
	at com.kms.katalon.core.webui.keyword.builtin.ClickKeyword$_click_closure1.doCall(ClickKeyword.groovy:65)
	at com.kms.katalon.core.webui.keyword.builtin.ClickKeyword$_click_closure1.call(ClickKeyword.groovy)
	at com.kms.katalon.core.webui.keyword.internal.WebUIKeywordMain.runKeyword(WebUIKeywordMain.groovy:20)
	... 39 more]]></system-err>
      </testcase>
      <testcase name="Test Cases/me corp - aline/CallAllTestCase" time="0.989" classname="Test Cases/me corp - aline/CallAllTestCase" status="FAILED">
         <failure type="FAILED" message="Test Cases/me corp - aline/CallAllTestCase FAILED.&#xa;Reason:&#xa;com.kms.katalon.core.exception.StepFailedException: Call Test Case 'Test Cases/me corp - aline/Login' failed&#xa;	at com.kms.katalon.core.keyword.builtin.CallTestCaseKeyword$_callTestCase_closure1.doCall(CallTestCaseKeyword.groovy:63)&#xa;	at com.kms.katalon.core.keyword.builtin.CallTestCaseKeyword$_callTestCase_closure1.call(CallTestCaseKeyword.groovy)&#xa;	at com.kms.katalon.core.keyword.internal.KeywordMain.runKeyword(KeywordMain.groovy:75)&#xa;	at com.kms.katalon.core.keyword.builtin.CallTestCaseKeyword.callTestCase(CallTestCaseKeyword.groovy:81)&#xa;	at com.kms.katalon.core.keyword.builtin.CallTestCaseKeyword.execute(CallTestCaseKeyword.groovy:44)&#xa;	at com.kms.katalon.core.keyword.internal.KeywordExecutor.executeKeywordForPlatform(KeywordExecutor.groovy:74)&#xa;	at com.kms.katalon.core.keyword.BuiltinKeywords.callTestCase(BuiltinKeywords.groovy:310)&#xa;	at java.base/jdk.internal.reflect.NativeMethodAccessorImpl.invoke0(Native Method)&#xa;	at java.base/jdk.internal.reflect.NativeMethodAccessorImpl.invoke(NativeMethodAccessorImpl.java:77)&#xa;	at java.base/jdk.internal.reflect.DelegatingMethodAccessorImpl.invoke(DelegatingMethodAccessorImpl.java:43)&#xa;	at CallAllTestCase.run(CallAllTestCase:22)&#xa;	at com.kms.katalon.core.main.ScriptEngine.run(ScriptEngine.java:194)&#xa;	at com.kms.katalon.core.main.ScriptEngine.runScriptAsRawText(ScriptEngine.java:119)&#xa;	at com.kms.katalon.core.main.TestCaseExecutor.runScript(TestCaseExecutor.java:448)&#xa;	at com.kms.katalon.core.main.TestCaseExecutor.doExecute(TestCaseExecutor.java:439)&#xa;	at com.kms.katalon.core.main.TestCaseExecutor.processExecutionPhase(TestCaseExecutor.java:418)&#xa;	at com.kms.katalon.core.main.TestCaseExecutor.accessMainPhase(TestCaseExecutor.java:410)&#xa;	at com.kms.katalon.core.main.TestCaseExecutor.execute(TestCaseExecutor.java:285)&#xa;	at com.kms.katalon.core.common.CommonExecutor.accessTestCaseMainPhase(CommonExecutor.java:65)&#xa;	at com.kms.katalon.core.main.TestSuiteExecutor.accessTestSuiteMainPhase(TestSuiteExecutor.java:148)&#xa;	at com.kms.katalon.core.main.TestSuiteExecutor.execute(TestSuiteExecutor.java:106)&#xa;	at com.kms.katalon.core.main.TestCaseMain.startTestSuite(TestCaseMain.java:180)&#xa;	at TempTestSuite1709001228373.run(TempTestSuite1709001228373.groovy:36)&#xa;	at java.base/jdk.internal.reflect.NativeMethodAccessorImpl.invoke0(Native Method)&#xa;	at java.base/jdk.internal.reflect.NativeMethodAccessorImpl.invoke(NativeMethodAccessorImpl.java:77)&#xa;	at java.base/jdk.internal.reflect.DelegatingMethodAccessorImpl.invoke(DelegatingMethodAccessorImpl.java:43)&#xa;Caused by: com.kms.katalon.core.exception.StepFailedException: Unable to open browser with url: 'https://mecorporate.idofocus.co.id:25443/login'&#xa;	at com.kms.katalon.core.webui.keyword.internal.WebUIKeywordMain.stepFailed(WebUIKeywordMain.groovy:64)&#xa;	at com.kms.katalon.core.webui.keyword.internal.WebUIKeywordMain.runKeyword(WebUIKeywordMain.groovy:26)&#xa;	at com.kms.katalon.core.webui.keyword.builtin.OpenBrowserKeyword.openBrowser(OpenBrowserKeyword.groovy:81)&#xa;	at com.kms.katalon.core.webui.keyword.builtin.OpenBrowserKeyword.execute(OpenBrowserKeyword.groovy:67)&#xa;	at com.kms.katalon.core.keyword.internal.KeywordExecutor.executeKeywordForPlatform(KeywordExecutor.groovy:74)&#xa;	at com.kms.katalon.core.webui.keyword.WebUiBuiltInKeywords.openBrowser(WebUiBuiltInKeywords.groovy:64)&#xa;	at Login.run(Login:38)&#xa;	at com.kms.katalon.core.main.ScriptEngine.run(ScriptEngine.java:194)&#xa;	at com.kms.katalon.core.main.ScriptEngine.runScriptAsRawText(ScriptEngine.java:119)&#xa;	at com.kms.katalon.core.main.TestCaseExecutor.runScript(TestCaseExecutor.java:448)&#xa;	at com.kms.katalon.core.main.TestCaseExecutor.doExecute(TestCaseExecutor.java:439)&#xa;	at com.kms.katalon.core.main.TestCaseExecutor.processExecutionPhase(TestCaseExecutor.java:418)&#xa;	at com.kms.katalon.core.main.TestCaseExecutor.accessMainPhase(TestCaseExecutor.java:410)&#xa;	at com.kms.katalon.core.main.TestCaseExecutor.execute(TestCaseExecutor.java:285)&#xa;	at com.kms.katalon.core.main.TestCaseMain.runTestCase(TestCaseMain.java:137)&#xa;	at com.kms.katalon.core.keyword.builtin.CallTestCaseKeyword$_callTestCase_closure1.doCall(CallTestCaseKeyword.groovy:59)&#xa;	... 25 more&#xa;Caused by: org.openqa.selenium.NoSuchSessionException: Tried to run command without establishing a connection&#xa;Build info: version: '3.141.59', revision: 'e82be7d358', time: '2018-11-14T08:25:53'&#xa;System info: host: 'LAPTOP-JTB6QV1G', ip: '10.10.13.20', os.name: 'Windows 11', os.arch: 'amd64', os.version: '10.0', java.version: '17.0.7'&#xa;Driver info: com.kms.katalon.core.webui.driver.firefox.CGeckoDriver&#xa;Capabilities {acceptInsecureCerts: true, browserName: firefox, browserVersion: 123.0, javascriptEnabled: true, moz:accessibilityChecks: false, moz:buildID: 20240213221259, moz:geckodriverVersion: 0.34.0, moz:headless: false, moz:platformVersion: 10.0, moz:processID: 28084, moz:profile: C:\Users\CLARIE~1\AppData\L..., moz:shutdownTimeout: 60000, moz:webdriverClick: true, moz:windowless: false, pageLoadStrategy: normal, platform: WINDOWS, platformName: WINDOWS, proxy: Proxy(direct), setWindowRect: true, strictFileInteractability: false, timeouts: {implicit: 0, pageLoad: 300000, script: 30000}, unhandledPromptBehavior: dismiss and notify}&#xa;Session ID: a993c5d0-b512-4e24-8bcb-cf8df65faa7c&#xa;	at java.base/jdk.internal.reflect.NativeConstructorAccessorImpl.newInstance0(Native Method)&#xa;	at java.base/jdk.internal.reflect.NativeConstructorAccessorImpl.newInstance(NativeConstructorAccessorImpl.java:77)&#xa;	at java.base/jdk.internal.reflect.DelegatingConstructorAccessorImpl.newInstance(DelegatingConstructorAccessorImpl.java:45)&#xa;	at org.openqa.selenium.remote.http.W3CHttpResponseCodec.createException(W3CHttpResponseCodec.java:187)&#xa;	at org.openqa.selenium.remote.http.W3CHttpResponseCodec.decode(W3CHttpResponseCodec.java:122)&#xa;	at org.openqa.selenium.remote.http.W3CHttpResponseCodec.decode(W3CHttpResponseCodec.java:49)&#xa;	at org.openqa.selenium.remote.HttpCommandExecutor.execute(HttpCommandExecutor.java:158)&#xa;	at org.openqa.selenium.remote.service.DriverCommandExecutor.execute(DriverCommandExecutor.java:83)&#xa;	at org.openqa.selenium.remote.RemoteWebDriver.execute(RemoteWebDriver.java:552)&#xa;	at com.kms.katalon.selenium.driver.CFirefoxDriver.execute(CFirefoxDriver.java:28)&#xa;	at org.openqa.selenium.remote.RemoteWebDriver.execute(RemoteWebDriver.java:609)&#xa;	at org.openqa.selenium.remote.RemoteWebDriver.quit(RemoteWebDriver.java:452)&#xa;	at java.base/jdk.internal.reflect.NativeMethodAccessorImpl.invoke0(Native Method)&#xa;	at java.base/jdk.internal.reflect.NativeMethodAccessorImpl.invoke(NativeMethodAccessorImpl.java:77)&#xa;	at java.base/jdk.internal.reflect.DelegatingMethodAccessorImpl.invoke(DelegatingMethodAccessorImpl.java:43)&#xa;	at org.openqa.selenium.support.events.EventFiringWebDriver.lambda$new$1(EventFiringWebDriver.java:105)&#xa;	at jdk.proxy2/jdk.proxy2.$Proxy23.quit(Unknown Source)&#xa;	at org.openqa.selenium.support.events.EventFiringWebDriver.quit(EventFiringWebDriver.java:211)&#xa;	at com.kms.katalon.core.webui.driver.DriverFactory.closeWebDriver(DriverFactory.java:1554)&#xa;	at com.kms.katalon.core.webui.driver.DriverFactory.startNewBrowser(DriverFactory.java:353)&#xa;	at com.kms.katalon.core.webui.driver.DriverFactory.openWebDriver(DriverFactory.java:266)&#xa;	at com.kms.katalon.core.webui.keyword.builtin.OpenBrowserKeyword$_openBrowser_closure1.doCall(OpenBrowserKeyword.groovy:74)&#xa;	at com.kms.katalon.core.webui.keyword.builtin.OpenBrowserKeyword$_openBrowser_closure1.call(OpenBrowserKeyword.groovy)&#xa;	at com.kms.katalon.core.webui.keyword.internal.WebUIKeywordMain.runKeyword(WebUIKeywordMain.groovy:20)&#xa;	... 39 more&#xa;"/>
         <system-out><![CDATA[27-02-2024T09:39:41 - [TEST_CASE][FAILED] - Test Cases/me corp - aline/CallAllTestCase: Test Cases/me corp - aline/CallAllTestCase FAILED.
Reason:
com.kms.katalon.core.exception.StepFailedException: Call Test Case 'Test Cases/me corp - aline/Login' failed
	at com.kms.katalon.core.keyword.builtin.CallTestCaseKeyword$_callTestCase_closure1.doCall(CallTestCaseKeyword.groovy:63)
	at com.kms.katalon.core.keyword.builtin.CallTestCaseKeyword$_callTestCase_closure1.call(CallTestCaseKeyword.groovy)
	at com.kms.katalon.core.keyword.internal.KeywordMain.runKeyword(KeywordMain.groovy:75)
	at com.kms.katalon.core.keyword.builtin.CallTestCaseKeyword.callTestCase(CallTestCaseKeyword.groovy:81)
	at com.kms.katalon.core.keyword.builtin.CallTestCaseKeyword.execute(CallTestCaseKeyword.groovy:44)
	at com.kms.katalon.core.keyword.internal.KeywordExecutor.executeKeywordForPlatform(KeywordExecutor.groovy:74)
	at com.kms.katalon.core.keyword.BuiltinKeywords.callTestCase(BuiltinKeywords.groovy:310)
	at java.base/jdk.internal.reflect.NativeMethodAccessorImpl.invoke0(Native Method)
	at java.base/jdk.internal.reflect.NativeMethodAccessorImpl.invoke(NativeMethodAccessorImpl.java:77)
	at java.base/jdk.internal.reflect.DelegatingMethodAccessorImpl.invoke(DelegatingMethodAccessorImpl.java:43)
	at CallAllTestCase.run(CallAllTestCase:22)
	at com.kms.katalon.core.main.ScriptEngine.run(ScriptEngine.java:194)
	at com.kms.katalon.core.main.ScriptEngine.runScriptAsRawText(ScriptEngine.java:119)
	at com.kms.katalon.core.main.TestCaseExecutor.runScript(TestCaseExecutor.java:448)
	at com.kms.katalon.core.main.TestCaseExecutor.doExecute(TestCaseExecutor.java:439)
	at com.kms.katalon.core.main.TestCaseExecutor.processExecutionPhase(TestCaseExecutor.java:418)
	at com.kms.katalon.core.main.TestCaseExecutor.accessMainPhase(TestCaseExecutor.java:410)
	at com.kms.katalon.core.main.TestCaseExecutor.execute(TestCaseExecutor.java:285)
	at com.kms.katalon.core.common.CommonExecutor.accessTestCaseMainPhase(CommonExecutor.java:65)
	at com.kms.katalon.core.main.TestSuiteExecutor.accessTestSuiteMainPhase(TestSuiteExecutor.java:148)
	at com.kms.katalon.core.main.TestSuiteExecutor.execute(TestSuiteExecutor.java:106)
	at com.kms.katalon.core.main.TestCaseMain.startTestSuite(TestCaseMain.java:180)
	at TempTestSuite1709001228373.run(TempTestSuite1709001228373.groovy:36)
	at java.base/jdk.internal.reflect.NativeMethodAccessorImpl.invoke0(Native Method)
	at java.base/jdk.internal.reflect.NativeMethodAccessorImpl.invoke(NativeMethodAccessorImpl.java:77)
	at java.base/jdk.internal.reflect.DelegatingMethodAccessorImpl.invoke(DelegatingMethodAccessorImpl.java:43)
Caused by: com.kms.katalon.core.exception.StepFailedException: Unable to open browser with url: 'https://mecorporate.idofocus.co.id:25443/login'
	at com.kms.katalon.core.webui.keyword.internal.WebUIKeywordMain.stepFailed(WebUIKeywordMain.groovy:64)
	at com.kms.katalon.core.webui.keyword.internal.WebUIKeywordMain.runKeyword(WebUIKeywordMain.groovy:26)
	at com.kms.katalon.core.webui.keyword.builtin.OpenBrowserKeyword.openBrowser(OpenBrowserKeyword.groovy:81)
	at com.kms.katalon.core.webui.keyword.builtin.OpenBrowserKeyword.execute(OpenBrowserKeyword.groovy:67)
	at com.kms.katalon.core.keyword.internal.KeywordExecutor.executeKeywordForPlatform(KeywordExecutor.groovy:74)
	at com.kms.katalon.core.webui.keyword.WebUiBuiltInKeywords.openBrowser(WebUiBuiltInKeywords.groovy:64)
	at Login.run(Login:38)
	at com.kms.katalon.core.main.ScriptEngine.run(ScriptEngine.java:194)
	at com.kms.katalon.core.main.ScriptEngine.runScriptAsRawText(ScriptEngine.java:119)
	at com.kms.katalon.core.main.TestCaseExecutor.runScript(TestCaseExecutor.java:448)
	at com.kms.katalon.core.main.TestCaseExecutor.doExecute(TestCaseExecutor.java:439)
	at com.kms.katalon.core.main.TestCaseExecutor.processExecutionPhase(TestCaseExecutor.java:418)
	at com.kms.katalon.core.main.TestCaseExecutor.accessMainPhase(TestCaseExecutor.java:410)
	at com.kms.katalon.core.main.TestCaseExecutor.execute(TestCaseExecutor.java:285)
	at com.kms.katalon.core.main.TestCaseMain.runTestCase(TestCaseMain.java:137)
	at com.kms.katalon.core.keyword.builtin.CallTestCaseKeyword$_callTestCase_closure1.doCall(CallTestCaseKeyword.groovy:59)
	... 25 more
Caused by: org.openqa.selenium.NoSuchSessionException: Tried to run command without establishing a connection
Build info: version: '3.141.59', revision: 'e82be7d358', time: '2018-11-14T08:25:53'
System info: host: 'LAPTOP-JTB6QV1G', ip: '10.10.13.20', os.name: 'Windows 11', os.arch: 'amd64', os.version: '10.0', java.version: '17.0.7'
Driver info: com.kms.katalon.core.webui.driver.firefox.CGeckoDriver
Capabilities {acceptInsecureCerts: true, browserName: firefox, browserVersion: 123.0, javascriptEnabled: true, moz:accessibilityChecks: false, moz:buildID: 20240213221259, moz:geckodriverVersion: 0.34.0, moz:headless: false, moz:platformVersion: 10.0, moz:processID: 28084, moz:profile: C:\Users\CLARIE~1\AppData\L..., moz:shutdownTimeout: 60000, moz:webdriverClick: true, moz:windowless: false, pageLoadStrategy: normal, platform: WINDOWS, platformName: WINDOWS, proxy: Proxy(direct), setWindowRect: true, strictFileInteractability: false, timeouts: {implicit: 0, pageLoad: 300000, script: 30000}, unhandledPromptBehavior: dismiss and notify}
Session ID: a993c5d0-b512-4e24-8bcb-cf8df65faa7c
	at java.base/jdk.internal.reflect.NativeConstructorAccessorImpl.newInstance0(Native Method)
	at java.base/jdk.internal.reflect.NativeConstructorAccessorImpl.newInstance(NativeConstructorAccessorImpl.java:77)
	at java.base/jdk.internal.reflect.DelegatingConstructorAccessorImpl.newInstance(DelegatingConstructorAccessorImpl.java:45)
	at org.openqa.selenium.remote.http.W3CHttpResponseCodec.createException(W3CHttpResponseCodec.java:187)
	at org.openqa.selenium.remote.http.W3CHttpResponseCodec.decode(W3CHttpResponseCodec.java:122)
	at org.openqa.selenium.remote.http.W3CHttpResponseCodec.decode(W3CHttpResponseCodec.java:49)
	at org.openqa.selenium.remote.HttpCommandExecutor.execute(HttpCommandExecutor.java:158)
	at org.openqa.selenium.remote.service.DriverCommandExecutor.execute(DriverCommandExecutor.java:83)
	at org.openqa.selenium.remote.RemoteWebDriver.execute(RemoteWebDriver.java:552)
	at com.kms.katalon.selenium.driver.CFirefoxDriver.execute(CFirefoxDriver.java:28)
	at org.openqa.selenium.remote.RemoteWebDriver.execute(RemoteWebDriver.java:609)
	at org.openqa.selenium.remote.RemoteWebDriver.quit(RemoteWebDriver.java:452)
	at java.base/jdk.internal.reflect.NativeMethodAccessorImpl.invoke0(Native Method)
	at java.base/jdk.internal.reflect.NativeMethodAccessorImpl.invoke(NativeMethodAccessorImpl.java:77)
	at java.base/jdk.internal.reflect.DelegatingMethodAccessorImpl.invoke(DelegatingMethodAccessorImpl.java:43)
	at org.openqa.selenium.support.events.EventFiringWebDriver.lambda$new$1(EventFiringWebDriver.java:105)
	at jdk.proxy2/jdk.proxy2.$Proxy23.quit(Unknown Source)
	at org.openqa.selenium.support.events.EventFiringWebDriver.quit(EventFiringWebDriver.java:211)
	at com.kms.katalon.core.webui.driver.DriverFactory.closeWebDriver(DriverFactory.java:1554)
	at com.kms.katalon.core.webui.driver.DriverFactory.startNewBrowser(DriverFactory.java:353)
	at com.kms.katalon.core.webui.driver.DriverFactory.openWebDriver(DriverFactory.java:266)
	at com.kms.katalon.core.webui.keyword.builtin.OpenBrowserKeyword$_openBrowser_closure1.doCall(OpenBrowserKeyword.groovy:74)
	at com.kms.katalon.core.webui.keyword.builtin.OpenBrowserKeyword$_openBrowser_closure1.call(OpenBrowserKeyword.groovy)
	at com.kms.katalon.core.webui.keyword.internal.WebUIKeywordMain.runKeyword(WebUIKeywordMain.groovy:20)
	... 39 more


27-02-2024T09:39:42 - [TEST_STEP][FAILED] - callTestCase(findTestCase("Test Cases/me corp - aline/Login"), null, STOP_ON_FAILURE): Unable to call Test Case 'Test Cases/me corp - aline/Login' (Root cause: com.kms.katalon.core.exception.StepFailedException: Call Test Case 'Test Cases/me corp - aline/Login' failed
	at com.kms.katalon.core.keyword.builtin.CallTestCaseKeyword$_callTestCase_closure1.doCall(CallTestCaseKeyword.groovy:63)
	at com.kms.katalon.core.keyword.builtin.CallTestCaseKeyword$_callTestCase_closure1.call(CallTestCaseKeyword.groovy)
	at com.kms.katalon.core.keyword.internal.KeywordMain.runKeyword(KeywordMain.groovy:75)
	at com.kms.katalon.core.keyword.builtin.CallTestCaseKeyword.callTestCase(CallTestCaseKeyword.groovy:81)
	at com.kms.katalon.core.keyword.builtin.CallTestCaseKeyword.execute(CallTestCaseKeyword.groovy:44)
	at com.kms.katalon.core.keyword.internal.KeywordExecutor.executeKeywordForPlatform(KeywordExecutor.groovy:74)
	at com.kms.katalon.core.keyword.BuiltinKeywords.callTestCase(BuiltinKeywords.groovy:310)
	at java.base/jdk.internal.reflect.NativeMethodAccessorImpl.invoke0(Native Method)
	at java.base/jdk.internal.reflect.NativeMethodAccessorImpl.invoke(NativeMethodAccessorImpl.java:77)
	at java.base/jdk.internal.reflect.DelegatingMethodAccessorImpl.invoke(DelegatingMethodAccessorImpl.java:43)
	at CallAllTestCase.run(CallAllTestCase:22)
	at com.kms.katalon.core.main.ScriptEngine.run(ScriptEngine.java:194)
	at com.kms.katalon.core.main.ScriptEngine.runScriptAsRawText(ScriptEngine.java:119)
	at com.kms.katalon.core.main.TestCaseExecutor.runScript(TestCaseExecutor.java:448)
	at com.kms.katalon.core.main.TestCaseExecutor.doExecute(TestCaseExecutor.java:439)
	at com.kms.katalon.core.main.TestCaseExecutor.processExecutionPhase(TestCaseExecutor.java:418)
	at com.kms.katalon.core.main.TestCaseExecutor.accessMainPhase(TestCaseExecutor.java:410)
	at com.kms.katalon.core.main.TestCaseExecutor.execute(TestCaseExecutor.java:285)
	at com.kms.katalon.core.common.CommonExecutor.accessTestCaseMainPhase(CommonExecutor.java:65)
	at com.kms.katalon.core.main.TestSuiteExecutor.accessTestSuiteMainPhase(TestSuiteExecutor.java:148)
	at com.kms.katalon.core.main.TestSuiteExecutor.execute(TestSuiteExecutor.java:106)
	at com.kms.katalon.core.main.TestCaseMain.startTestSuite(TestCaseMain.java:180)
	at TempTestSuite1709001228373.run(TempTestSuite1709001228373.groovy:36)
	at java.base/jdk.internal.reflect.NativeMethodAccessorImpl.invoke0(Native Method)
	at java.base/jdk.internal.reflect.NativeMethodAccessorImpl.invoke(NativeMethodAccessorImpl.java:77)
	at java.base/jdk.internal.reflect.DelegatingMethodAccessorImpl.invoke(DelegatingMethodAccessorImpl.java:43)
Caused by: com.kms.katalon.core.exception.StepFailedException: Unable to open browser with url: 'https://mecorporate.idofocus.co.id:25443/login'
	at com.kms.katalon.core.webui.keyword.internal.WebUIKeywordMain.stepFailed(WebUIKeywordMain.groovy:64)
	at com.kms.katalon.core.webui.keyword.internal.WebUIKeywordMain.runKeyword(WebUIKeywordMain.groovy:26)
	at com.kms.katalon.core.webui.keyword.builtin.OpenBrowserKeyword.openBrowser(OpenBrowserKeyword.groovy:81)
	at com.kms.katalon.core.webui.keyword.builtin.OpenBrowserKeyword.execute(OpenBrowserKeyword.groovy:67)
	at com.kms.katalon.core.keyword.internal.KeywordExecutor.executeKeywordForPlatform(KeywordExecutor.groovy:74)
	at com.kms.katalon.core.webui.keyword.WebUiBuiltInKeywords.openBrowser(WebUiBuiltInKeywords.groovy:64)
	at Login.run(Login:38)
	at com.kms.katalon.core.main.ScriptEngine.run(ScriptEngine.java:194)
	at com.kms.katalon.core.main.ScriptEngine.runScriptAsRawText(ScriptEngine.java:119)
	at com.kms.katalon.core.main.TestCaseExecutor.runScript(TestCaseExecutor.java:448)
	at com.kms.katalon.core.main.TestCaseExecutor.doExecute(TestCaseExecutor.java:439)
	at com.kms.katalon.core.main.TestCaseExecutor.processExecutionPhase(TestCaseExecutor.java:418)
	at com.kms.katalon.core.main.TestCaseExecutor.accessMainPhase(TestCaseExecutor.java:410)
	at com.kms.katalon.core.main.TestCaseExecutor.execute(TestCaseExecutor.java:285)
	at com.kms.katalon.core.main.TestCaseMain.runTestCase(TestCaseMain.java:137)
	at com.kms.katalon.core.keyword.builtin.CallTestCaseKeyword$_callTestCase_closure1.doCall(CallTestCaseKeyword.groovy:59)
	... 25 more
Caused by: org.openqa.selenium.NoSuchSessionException: Tried to run command without establishing a connection
Build info: version: '3.141.59', revision: 'e82be7d358', time: '2018-11-14T08:25:53'
System info: host: 'LAPTOP-JTB6QV1G', ip: '10.10.13.20', os.name: 'Windows 11', os.arch: 'amd64', os.version: '10.0', java.version: '17.0.7'
Driver info: com.kms.katalon.core.webui.driver.firefox.CGeckoDriver
Capabilities {acceptInsecureCerts: true, browserName: firefox, browserVersion: 123.0, javascriptEnabled: true, moz:accessibilityChecks: false, moz:buildID: 20240213221259, moz:geckodriverVersion: 0.34.0, moz:headless: false, moz:platformVersion: 10.0, moz:processID: 28084, moz:profile: C:\Users\CLARIE~1\AppData\L..., moz:shutdownTimeout: 60000, moz:webdriverClick: true, moz:windowless: false, pageLoadStrategy: normal, platform: WINDOWS, platformName: WINDOWS, proxy: Proxy(direct), setWindowRect: true, strictFileInteractability: false, timeouts: {implicit: 0, pageLoad: 300000, script: 30000}, unhandledPromptBehavior: dismiss and notify}
Session ID: a993c5d0-b512-4e24-8bcb-cf8df65faa7c
	at java.base/jdk.internal.reflect.NativeConstructorAccessorImpl.newInstance0(Native Method)
	at java.base/jdk.internal.reflect.NativeConstructorAccessorImpl.newInstance(NativeConstructorAccessorImpl.java:77)
	at java.base/jdk.internal.reflect.DelegatingConstructorAccessorImpl.newInstance(DelegatingConstructorAccessorImpl.java:45)
	at org.openqa.selenium.remote.http.W3CHttpResponseCodec.createException(W3CHttpResponseCodec.java:187)
	at org.openqa.selenium.remote.http.W3CHttpResponseCodec.decode(W3CHttpResponseCodec.java:122)
	at org.openqa.selenium.remote.http.W3CHttpResponseCodec.decode(W3CHttpResponseCodec.java:49)
	at org.openqa.selenium.remote.HttpCommandExecutor.execute(HttpCommandExecutor.java:158)
	at org.openqa.selenium.remote.service.DriverCommandExecutor.execute(DriverCommandExecutor.java:83)
	at org.openqa.selenium.remote.RemoteWebDriver.execute(RemoteWebDriver.java:552)
	at com.kms.katalon.selenium.driver.CFirefoxDriver.execute(CFirefoxDriver.java:28)
	at org.openqa.selenium.remote.RemoteWebDriver.execute(RemoteWebDriver.java:609)
	at org.openqa.selenium.remote.RemoteWebDriver.quit(RemoteWebDriver.java:452)
	at java.base/jdk.internal.reflect.NativeMethodAccessorImpl.invoke0(Native Method)
	at java.base/jdk.internal.reflect.NativeMethodAccessorImpl.invoke(NativeMethodAccessorImpl.java:77)
	at java.base/jdk.internal.reflect.DelegatingMethodAccessorImpl.invoke(DelegatingMethodAccessorImpl.java:43)
	at org.openqa.selenium.support.events.EventFiringWebDriver.lambda$new$1(EventFiringWebDriver.java:105)
	at jdk.proxy2/jdk.proxy2.$Proxy23.quit(Unknown Source)
	at org.openqa.selenium.support.events.EventFiringWebDriver.quit(EventFiringWebDriver.java:211)
	at com.kms.katalon.core.webui.driver.DriverFactory.closeWebDriver(DriverFactory.java:1554)
	at com.kms.katalon.core.webui.driver.DriverFactory.startNewBrowser(DriverFactory.java:353)
	at com.kms.katalon.core.webui.driver.DriverFactory.openWebDriver(DriverFactory.java:266)
	at com.kms.katalon.core.webui.keyword.builtin.OpenBrowserKeyword$_openBrowser_closure1.doCall(OpenBrowserKeyword.groovy:74)
	at com.kms.katalon.core.webui.keyword.builtin.OpenBrowserKeyword$_openBrowser_closure1.call(OpenBrowserKeyword.groovy)
	at com.kms.katalon.core.webui.keyword.internal.WebUIKeywordMain.runKeyword(WebUIKeywordMain.groovy:20)
	... 39 more
)

27-02-2024T09:39:42 - [TEST_CASE][FAILED] - Test Cases/me corp - aline/Login: Test Cases/me corp - aline/Login FAILED.
Reason:
com.kms.katalon.core.exception.StepFailedException: Unable to open browser with url: 'https://mecorporate.idofocus.co.id:25443/login'
	at com.kms.katalon.core.webui.keyword.internal.WebUIKeywordMain.stepFailed(WebUIKeywordMain.groovy:64)
	at com.kms.katalon.core.webui.keyword.internal.WebUIKeywordMain.runKeyword(WebUIKeywordMain.groovy:26)
	at com.kms.katalon.core.webui.keyword.builtin.OpenBrowserKeyword.openBrowser(OpenBrowserKeyword.groovy:81)
	at com.kms.katalon.core.webui.keyword.builtin.OpenBrowserKeyword.execute(OpenBrowserKeyword.groovy:67)
	at com.kms.katalon.core.keyword.internal.KeywordExecutor.executeKeywordForPlatform(KeywordExecutor.groovy:74)
	at com.kms.katalon.core.webui.keyword.WebUiBuiltInKeywords.openBrowser(WebUiBuiltInKeywords.groovy:64)
	at Login.run(Login:38)
	at com.kms.katalon.core.main.ScriptEngine.run(ScriptEngine.java:194)
	at com.kms.katalon.core.main.ScriptEngine.runScriptAsRawText(ScriptEngine.java:119)
	at com.kms.katalon.core.main.TestCaseExecutor.runScript(TestCaseExecutor.java:448)
	at com.kms.katalon.core.main.TestCaseExecutor.doExecute(TestCaseExecutor.java:439)
	at com.kms.katalon.core.main.TestCaseExecutor.processExecutionPhase(TestCaseExecutor.java:418)
	at com.kms.katalon.core.main.TestCaseExecutor.accessMainPhase(TestCaseExecutor.java:410)
	at com.kms.katalon.core.main.TestCaseExecutor.execute(TestCaseExecutor.java:285)
	at com.kms.katalon.core.main.TestCaseMain.runTestCase(TestCaseMain.java:137)
	at com.kms.katalon.core.keyword.builtin.CallTestCaseKeyword$_callTestCase_closure1.doCall(CallTestCaseKeyword.groovy:59)
	at com.kms.katalon.core.keyword.builtin.CallTestCaseKeyword$_callTestCase_closure1.call(CallTestCaseKeyword.groovy)
	at com.kms.katalon.core.keyword.internal.KeywordMain.runKeyword(KeywordMain.groovy:75)
	at com.kms.katalon.core.keyword.builtin.CallTestCaseKeyword.callTestCase(CallTestCaseKeyword.groovy:81)
	at com.kms.katalon.core.keyword.builtin.CallTestCaseKeyword.execute(CallTestCaseKeyword.groovy:44)
	at com.kms.katalon.core.keyword.internal.KeywordExecutor.executeKeywordForPlatform(KeywordExecutor.groovy:74)
	at com.kms.katalon.core.keyword.BuiltinKeywords.callTestCase(BuiltinKeywords.groovy:310)
	at java.base/jdk.internal.reflect.NativeMethodAccessorImpl.invoke0(Native Method)
	at java.base/jdk.internal.reflect.NativeMethodAccessorImpl.invoke(NativeMethodAccessorImpl.java:77)
	at java.base/jdk.internal.reflect.DelegatingMethodAccessorImpl.invoke(DelegatingMethodAccessorImpl.java:43)
	at CallAllTestCase.run(CallAllTestCase:22)
	at com.kms.katalon.core.main.ScriptEngine.run(ScriptEngine.java:194)
	at com.kms.katalon.core.main.ScriptEngine.runScriptAsRawText(ScriptEngine.java:119)
	at com.kms.katalon.core.main.TestCaseExecutor.runScript(TestCaseExecutor.java:448)
	at com.kms.katalon.core.main.TestCaseExecutor.doExecute(TestCaseExecutor.java:439)
	at com.kms.katalon.core.main.TestCaseExecutor.processExecutionPhase(TestCaseExecutor.java:418)
	at com.kms.katalon.core.main.TestCaseExecutor.accessMainPhase(TestCaseExecutor.java:410)
	at com.kms.katalon.core.main.TestCaseExecutor.execute(TestCaseExecutor.java:285)
	at com.kms.katalon.core.common.CommonExecutor.accessTestCaseMainPhase(CommonExecutor.java:65)
	at com.kms.katalon.core.main.TestSuiteExecutor.accessTestSuiteMainPhase(TestSuiteExecutor.java:148)
	at com.kms.katalon.core.main.TestSuiteExecutor.execute(TestSuiteExecutor.java:106)
	at com.kms.katalon.core.main.TestCaseMain.startTestSuite(TestCaseMain.java:180)
	at TempTestSuite1709001228373.run(TempTestSuite1709001228373.groovy:36)
	at java.base/jdk.internal.reflect.NativeMethodAccessorImpl.invoke0(Native Method)
	at java.base/jdk.internal.reflect.NativeMethodAccessorImpl.invoke(NativeMethodAccessorImpl.java:77)
	at java.base/jdk.internal.reflect.DelegatingMethodAccessorImpl.invoke(DelegatingMethodAccessorImpl.java:43)
Caused by: org.openqa.selenium.NoSuchSessionException: Tried to run command without establishing a connection
Build info: version: '3.141.59', revision: 'e82be7d358', time: '2018-11-14T08:25:53'
System info: host: 'LAPTOP-JTB6QV1G', ip: '10.10.13.20', os.name: 'Windows 11', os.arch: 'amd64', os.version: '10.0', java.version: '17.0.7'
Driver info: com.kms.katalon.core.webui.driver.firefox.CGeckoDriver
Capabilities {acceptInsecureCerts: true, browserName: firefox, browserVersion: 123.0, javascriptEnabled: true, moz:accessibilityChecks: false, moz:buildID: 20240213221259, moz:geckodriverVersion: 0.34.0, moz:headless: false, moz:platformVersion: 10.0, moz:processID: 28084, moz:profile: C:\Users\CLARIE~1\AppData\L..., moz:shutdownTimeout: 60000, moz:webdriverClick: true, moz:windowless: false, pageLoadStrategy: normal, platform: WINDOWS, platformName: WINDOWS, proxy: Proxy(direct), setWindowRect: true, strictFileInteractability: false, timeouts: {implicit: 0, pageLoad: 300000, script: 30000}, unhandledPromptBehavior: dismiss and notify}
Session ID: a993c5d0-b512-4e24-8bcb-cf8df65faa7c
	at java.base/jdk.internal.reflect.NativeConstructorAccessorImpl.newInstance0(Native Method)
	at java.base/jdk.internal.reflect.NativeConstructorAccessorImpl.newInstance(NativeConstructorAccessorImpl.java:77)
	at java.base/jdk.internal.reflect.DelegatingConstructorAccessorImpl.newInstance(DelegatingConstructorAccessorImpl.java:45)
	at org.openqa.selenium.remote.http.W3CHttpResponseCodec.createException(W3CHttpResponseCodec.java:187)
	at org.openqa.selenium.remote.http.W3CHttpResponseCodec.decode(W3CHttpResponseCodec.java:122)
	at org.openqa.selenium.remote.http.W3CHttpResponseCodec.decode(W3CHttpResponseCodec.java:49)
	at org.openqa.selenium.remote.HttpCommandExecutor.execute(HttpCommandExecutor.java:158)
	at org.openqa.selenium.remote.service.DriverCommandExecutor.execute(DriverCommandExecutor.java:83)
	at org.openqa.selenium.remote.RemoteWebDriver.execute(RemoteWebDriver.java:552)
	at com.kms.katalon.selenium.driver.CFirefoxDriver.execute(CFirefoxDriver.java:28)
	at org.openqa.selenium.remote.RemoteWebDriver.execute(RemoteWebDriver.java:609)
	at org.openqa.selenium.remote.RemoteWebDriver.quit(RemoteWebDriver.java:452)
	at java.base/jdk.internal.reflect.NativeMethodAccessorImpl.invoke0(Native Method)
	at java.base/jdk.internal.reflect.NativeMethodAccessorImpl.invoke(NativeMethodAccessorImpl.java:77)
	at java.base/jdk.internal.reflect.DelegatingMethodAccessorImpl.invoke(DelegatingMethodAccessorImpl.java:43)
	at org.openqa.selenium.support.events.EventFiringWebDriver.lambda$new$1(EventFiringWebDriver.java:105)
	at jdk.proxy2/jdk.proxy2.$Proxy23.quit(Unknown Source)
	at org.openqa.selenium.support.events.EventFiringWebDriver.quit(EventFiringWebDriver.java:211)
	at com.kms.katalon.core.webui.driver.DriverFactory.closeWebDriver(DriverFactory.java:1554)
	at com.kms.katalon.core.webui.driver.DriverFactory.startNewBrowser(DriverFactory.java:353)
	at com.kms.katalon.core.webui.driver.DriverFactory.openWebDriver(DriverFactory.java:266)
	at com.kms.katalon.core.webui.keyword.builtin.OpenBrowserKeyword$_openBrowser_closure1.doCall(OpenBrowserKeyword.groovy:74)
	at com.kms.katalon.core.webui.keyword.builtin.OpenBrowserKeyword$_openBrowser_closure1.call(OpenBrowserKeyword.groovy)
	at com.kms.katalon.core.webui.keyword.internal.WebUIKeywordMain.runKeyword(WebUIKeywordMain.groovy:20)
	... 39 more


27-02-2024T09:39:42 - [TEST_STEP][PASSED] - baseDir = System.getProperty("user.dir"): null

27-02-2024T09:39:42 - [TEST_STEP][PASSED] - switch (login_role): null

27-02-2024T09:39:42 - [TEST_STEP][PASSED] - case "cmo":: null

27-02-2024T09:39:42 - [TEST_STEP][PASSED] - username = CMO: null

27-02-2024T09:39:42 - [TEST_STEP][PASSED] - break: null

27-02-2024T09:39:42 - [TEST_STEP][FAILED] - openBrowser(ME_url): Unable to open browser with url: 'https://mecorporate.idofocus.co.id:25443/login' (Root cause: com.kms.katalon.core.exception.StepFailedException: Unable to open browser with url: 'https://mecorporate.idofocus.co.id:25443/login'
	at com.kms.katalon.core.webui.keyword.internal.WebUIKeywordMain.stepFailed(WebUIKeywordMain.groovy:64)
	at com.kms.katalon.core.webui.keyword.internal.WebUIKeywordMain.runKeyword(WebUIKeywordMain.groovy:26)
	at com.kms.katalon.core.webui.keyword.builtin.OpenBrowserKeyword.openBrowser(OpenBrowserKeyword.groovy:81)
	at com.kms.katalon.core.webui.keyword.builtin.OpenBrowserKeyword.execute(OpenBrowserKeyword.groovy:67)
	at com.kms.katalon.core.keyword.internal.KeywordExecutor.executeKeywordForPlatform(KeywordExecutor.groovy:74)
	at com.kms.katalon.core.webui.keyword.WebUiBuiltInKeywords.openBrowser(WebUiBuiltInKeywords.groovy:64)
	at Login.run(Login:38)
	at com.kms.katalon.core.main.ScriptEngine.run(ScriptEngine.java:194)
	at com.kms.katalon.core.main.ScriptEngine.runScriptAsRawText(ScriptEngine.java:119)
	at com.kms.katalon.core.main.TestCaseExecutor.runScript(TestCaseExecutor.java:448)
	at com.kms.katalon.core.main.TestCaseExecutor.doExecute(TestCaseExecutor.java:439)
	at com.kms.katalon.core.main.TestCaseExecutor.processExecutionPhase(TestCaseExecutor.java:418)
	at com.kms.katalon.core.main.TestCaseExecutor.accessMainPhase(TestCaseExecutor.java:410)
	at com.kms.katalon.core.main.TestCaseExecutor.execute(TestCaseExecutor.java:285)
	at com.kms.katalon.core.main.TestCaseMain.runTestCase(TestCaseMain.java:137)
	at com.kms.katalon.core.keyword.builtin.CallTestCaseKeyword$_callTestCase_closure1.doCall(CallTestCaseKeyword.groovy:59)
	at com.kms.katalon.core.keyword.builtin.CallTestCaseKeyword$_callTestCase_closure1.call(CallTestCaseKeyword.groovy)
	at com.kms.katalon.core.keyword.internal.KeywordMain.runKeyword(KeywordMain.groovy:75)
	at com.kms.katalon.core.keyword.builtin.CallTestCaseKeyword.callTestCase(CallTestCaseKeyword.groovy:81)
	at com.kms.katalon.core.keyword.builtin.CallTestCaseKeyword.execute(CallTestCaseKeyword.groovy:44)
	at com.kms.katalon.core.keyword.internal.KeywordExecutor.executeKeywordForPlatform(KeywordExecutor.groovy:74)
	at com.kms.katalon.core.keyword.BuiltinKeywords.callTestCase(BuiltinKeywords.groovy:310)
	at java.base/jdk.internal.reflect.NativeMethodAccessorImpl.invoke0(Native Method)
	at java.base/jdk.internal.reflect.NativeMethodAccessorImpl.invoke(NativeMethodAccessorImpl.java:77)
	at java.base/jdk.internal.reflect.DelegatingMethodAccessorImpl.invoke(DelegatingMethodAccessorImpl.java:43)
	at CallAllTestCase.run(CallAllTestCase:22)
	at com.kms.katalon.core.main.ScriptEngine.run(ScriptEngine.java:194)
	at com.kms.katalon.core.main.ScriptEngine.runScriptAsRawText(ScriptEngine.java:119)
	at com.kms.katalon.core.main.TestCaseExecutor.runScript(TestCaseExecutor.java:448)
	at com.kms.katalon.core.main.TestCaseExecutor.doExecute(TestCaseExecutor.java:439)
	at com.kms.katalon.core.main.TestCaseExecutor.processExecutionPhase(TestCaseExecutor.java:418)
	at com.kms.katalon.core.main.TestCaseExecutor.accessMainPhase(TestCaseExecutor.java:410)
	at com.kms.katalon.core.main.TestCaseExecutor.execute(TestCaseExecutor.java:285)
	at com.kms.katalon.core.common.CommonExecutor.accessTestCaseMainPhase(CommonExecutor.java:65)
	at com.kms.katalon.core.main.TestSuiteExecutor.accessTestSuiteMainPhase(TestSuiteExecutor.java:148)
	at com.kms.katalon.core.main.TestSuiteExecutor.execute(TestSuiteExecutor.java:106)
	at com.kms.katalon.core.main.TestCaseMain.startTestSuite(TestCaseMain.java:180)
	at TempTestSuite1709001228373.run(TempTestSuite1709001228373.groovy:36)
	at java.base/jdk.internal.reflect.NativeMethodAccessorImpl.invoke0(Native Method)
	at java.base/jdk.internal.reflect.NativeMethodAccessorImpl.invoke(NativeMethodAccessorImpl.java:77)
	at java.base/jdk.internal.reflect.DelegatingMethodAccessorImpl.invoke(DelegatingMethodAccessorImpl.java:43)
Caused by: org.openqa.selenium.NoSuchSessionException: Tried to run command without establishing a connection
Build info: version: '3.141.59', revision: 'e82be7d358', time: '2018-11-14T08:25:53'
System info: host: 'LAPTOP-JTB6QV1G', ip: '10.10.13.20', os.name: 'Windows 11', os.arch: 'amd64', os.version: '10.0', java.version: '17.0.7'
Driver info: com.kms.katalon.core.webui.driver.firefox.CGeckoDriver
Capabilities {acceptInsecureCerts: true, browserName: firefox, browserVersion: 123.0, javascriptEnabled: true, moz:accessibilityChecks: false, moz:buildID: 20240213221259, moz:geckodriverVersion: 0.34.0, moz:headless: false, moz:platformVersion: 10.0, moz:processID: 28084, moz:profile: C:\Users\CLARIE~1\AppData\L..., moz:shutdownTimeout: 60000, moz:webdriverClick: true, moz:windowless: false, pageLoadStrategy: normal, platform: WINDOWS, platformName: WINDOWS, proxy: Proxy(direct), setWindowRect: true, strictFileInteractability: false, timeouts: {implicit: 0, pageLoad: 300000, script: 30000}, unhandledPromptBehavior: dismiss and notify}
Session ID: a993c5d0-b512-4e24-8bcb-cf8df65faa7c
	at java.base/jdk.internal.reflect.NativeConstructorAccessorImpl.newInstance0(Native Method)
	at java.base/jdk.internal.reflect.NativeConstructorAccessorImpl.newInstance(NativeConstructorAccessorImpl.java:77)
	at java.base/jdk.internal.reflect.DelegatingConstructorAccessorImpl.newInstance(DelegatingConstructorAccessorImpl.java:45)
	at org.openqa.selenium.remote.http.W3CHttpResponseCodec.createException(W3CHttpResponseCodec.java:187)
	at org.openqa.selenium.remote.http.W3CHttpResponseCodec.decode(W3CHttpResponseCodec.java:122)
	at org.openqa.selenium.remote.http.W3CHttpResponseCodec.decode(W3CHttpResponseCodec.java:49)
	at org.openqa.selenium.remote.HttpCommandExecutor.execute(HttpCommandExecutor.java:158)
	at org.openqa.selenium.remote.service.DriverCommandExecutor.execute(DriverCommandExecutor.java:83)
	at org.openqa.selenium.remote.RemoteWebDriver.execute(RemoteWebDriver.java:552)
	at com.kms.katalon.selenium.driver.CFirefoxDriver.execute(CFirefoxDriver.java:28)
	at org.openqa.selenium.remote.RemoteWebDriver.execute(RemoteWebDriver.java:609)
	at org.openqa.selenium.remote.RemoteWebDriver.quit(RemoteWebDriver.java:452)
	at java.base/jdk.internal.reflect.NativeMethodAccessorImpl.invoke0(Native Method)
	at java.base/jdk.internal.reflect.NativeMethodAccessorImpl.invoke(NativeMethodAccessorImpl.java:77)
	at java.base/jdk.internal.reflect.DelegatingMethodAccessorImpl.invoke(DelegatingMethodAccessorImpl.java:43)
	at org.openqa.selenium.support.events.EventFiringWebDriver.lambda$new$1(EventFiringWebDriver.java:105)
	at jdk.proxy2/jdk.proxy2.$Proxy23.quit(Unknown Source)
	at org.openqa.selenium.support.events.EventFiringWebDriver.quit(EventFiringWebDriver.java:211)
	at com.kms.katalon.core.webui.driver.DriverFactory.closeWebDriver(DriverFactory.java:1554)
	at com.kms.katalon.core.webui.driver.DriverFactory.startNewBrowser(DriverFactory.java:353)
	at com.kms.katalon.core.webui.driver.DriverFactory.openWebDriver(DriverFactory.java:266)
	at com.kms.katalon.core.webui.keyword.builtin.OpenBrowserKeyword$_openBrowser_closure1.doCall(OpenBrowserKeyword.groovy:74)
	at com.kms.katalon.core.webui.keyword.builtin.OpenBrowserKeyword$_openBrowser_closure1.call(OpenBrowserKeyword.groovy)
	at com.kms.katalon.core.webui.keyword.internal.WebUIKeywordMain.runKeyword(WebUIKeywordMain.groovy:20)
	at com.kms.katalon.core.webui.keyword.builtin.OpenBrowserKeyword.openBrowser(OpenBrowserKeyword.groovy:81)
	at com.kms.katalon.core.webui.keyword.builtin.OpenBrowserKeyword.execute(OpenBrowserKeyword.groovy:67)
	at com.kms.katalon.core.keyword.internal.KeywordExecutor.executeKeywordForPlatform(KeywordExecutor.groovy:74)
	at com.kms.katalon.core.webui.keyword.WebUiBuiltInKeywords.openBrowser(WebUiBuiltInKeywords.groovy:64)
	at Script1708048762648.run(Script1708048762648.groovy:38)
	at com.kms.katalon.core.main.ScriptEngine.run(ScriptEngine.java:194)
	at com.kms.katalon.core.main.ScriptEngine.runScriptAsRawText(ScriptEngine.java:119)
	at com.kms.katalon.core.main.TestCaseExecutor.runScript(TestCaseExecutor.java:448)
	at com.kms.katalon.core.main.TestCaseExecutor.doExecute(TestCaseExecutor.java:439)
	at com.kms.katalon.core.main.TestCaseExecutor.processExecutionPhase(TestCaseExecutor.java:418)
	at com.kms.katalon.core.main.TestCaseExecutor.accessMainPhase(TestCaseExecutor.java:410)
	at com.kms.katalon.core.main.TestCaseExecutor.execute(TestCaseExecutor.java:285)
	at com.kms.katalon.core.main.TestCaseMain.runTestCase(TestCaseMain.java:137)
	at com.kms.katalon.core.keyword.builtin.CallTestCaseKeyword$_callTestCase_closure1.doCall(CallTestCaseKeyword.groovy:59)
	at com.kms.katalon.core.keyword.builtin.CallTestCaseKeyword$_callTestCase_closure1.call(CallTestCaseKeyword.groovy)
	at com.kms.katalon.core.keyword.internal.KeywordMain.runKeyword(KeywordMain.groovy:75)
	at com.kms.katalon.core.keyword.builtin.CallTestCaseKeyword.callTestCase(CallTestCaseKeyword.groovy:81)
	at com.kms.katalon.core.keyword.builtin.CallTestCaseKeyword.execute(CallTestCaseKeyword.groovy:44)
	at com.kms.katalon.core.keyword.internal.KeywordExecutor.executeKeywordForPlatform(KeywordExecutor.groovy:74)
	at com.kms.katalon.core.keyword.BuiltinKeywords.callTestCase(BuiltinKeywords.groovy:310)
	at java.base/jdk.internal.reflect.NativeMethodAccessorImpl.invoke0(Native Method)
	at java.base/jdk.internal.reflect.NativeMethodAccessorImpl.invoke(NativeMethodAccessorImpl.java:77)
	at java.base/jdk.internal.reflect.DelegatingMethodAccessorImpl.invoke(DelegatingMethodAccessorImpl.java:43)
	at Script1708921536663.run(Script1708921536663.groovy:22)
	... 15 more
)

27-02-2024T09:39:42 - [MESSAGE][WARNING] - A browser is already opened. Closing browser and opening a new one

27-02-2024T09:39:42 - [MESSAGE][FAILED] - Unable to open browser with url: 'https://mecorporate.idofocus.co.id:25443/login' (Root cause: com.kms.katalon.core.exception.StepFailedException: Unable to open browser with url: 'https://mecorporate.idofocus.co.id:25443/login'
	at com.kms.katalon.core.webui.keyword.internal.WebUIKeywordMain.stepFailed(WebUIKeywordMain.groovy:64)
	at com.kms.katalon.core.webui.keyword.internal.WebUIKeywordMain.runKeyword(WebUIKeywordMain.groovy:26)
	at com.kms.katalon.core.webui.keyword.builtin.OpenBrowserKeyword.openBrowser(OpenBrowserKeyword.groovy:81)
	at com.kms.katalon.core.webui.keyword.builtin.OpenBrowserKeyword.execute(OpenBrowserKeyword.groovy:67)
	at com.kms.katalon.core.keyword.internal.KeywordExecutor.executeKeywordForPlatform(KeywordExecutor.groovy:74)
	at com.kms.katalon.core.webui.keyword.WebUiBuiltInKeywords.openBrowser(WebUiBuiltInKeywords.groovy:64)
	at Login.run(Login:38)
	at com.kms.katalon.core.main.ScriptEngine.run(ScriptEngine.java:194)
	at com.kms.katalon.core.main.ScriptEngine.runScriptAsRawText(ScriptEngine.java:119)
	at com.kms.katalon.core.main.TestCaseExecutor.runScript(TestCaseExecutor.java:448)
	at com.kms.katalon.core.main.TestCaseExecutor.doExecute(TestCaseExecutor.java:439)
	at com.kms.katalon.core.main.TestCaseExecutor.processExecutionPhase(TestCaseExecutor.java:418)
	at com.kms.katalon.core.main.TestCaseExecutor.accessMainPhase(TestCaseExecutor.java:410)
	at com.kms.katalon.core.main.TestCaseExecutor.execute(TestCaseExecutor.java:285)
	at com.kms.katalon.core.main.TestCaseMain.runTestCase(TestCaseMain.java:137)
	at com.kms.katalon.core.keyword.builtin.CallTestCaseKeyword$_callTestCase_closure1.doCall(CallTestCaseKeyword.groovy:59)
	at com.kms.katalon.core.keyword.builtin.CallTestCaseKeyword$_callTestCase_closure1.call(CallTestCaseKeyword.groovy)
	at com.kms.katalon.core.keyword.internal.KeywordMain.runKeyword(KeywordMain.groovy:75)
	at com.kms.katalon.core.keyword.builtin.CallTestCaseKeyword.callTestCase(CallTestCaseKeyword.groovy:81)
	at com.kms.katalon.core.keyword.builtin.CallTestCaseKeyword.execute(CallTestCaseKeyword.groovy:44)
	at com.kms.katalon.core.keyword.internal.KeywordExecutor.executeKeywordForPlatform(KeywordExecutor.groovy:74)
	at com.kms.katalon.core.keyword.BuiltinKeywords.callTestCase(BuiltinKeywords.groovy:310)
	at java.base/jdk.internal.reflect.NativeMethodAccessorImpl.invoke0(Native Method)
	at java.base/jdk.internal.reflect.NativeMethodAccessorImpl.invoke(NativeMethodAccessorImpl.java:77)
	at java.base/jdk.internal.reflect.DelegatingMethodAccessorImpl.invoke(DelegatingMethodAccessorImpl.java:43)
	at CallAllTestCase.run(CallAllTestCase:22)
	at com.kms.katalon.core.main.ScriptEngine.run(ScriptEngine.java:194)
	at com.kms.katalon.core.main.ScriptEngine.runScriptAsRawText(ScriptEngine.java:119)
	at com.kms.katalon.core.main.TestCaseExecutor.runScript(TestCaseExecutor.java:448)
	at com.kms.katalon.core.main.TestCaseExecutor.doExecute(TestCaseExecutor.java:439)
	at com.kms.katalon.core.main.TestCaseExecutor.processExecutionPhase(TestCaseExecutor.java:418)
	at com.kms.katalon.core.main.TestCaseExecutor.accessMainPhase(TestCaseExecutor.java:410)
	at com.kms.katalon.core.main.TestCaseExecutor.execute(TestCaseExecutor.java:285)
	at com.kms.katalon.core.common.CommonExecutor.accessTestCaseMainPhase(CommonExecutor.java:65)
	at com.kms.katalon.core.main.TestSuiteExecutor.accessTestSuiteMainPhase(TestSuiteExecutor.java:148)
	at com.kms.katalon.core.main.TestSuiteExecutor.execute(TestSuiteExecutor.java:106)
	at com.kms.katalon.core.main.TestCaseMain.startTestSuite(TestCaseMain.java:180)
	at TempTestSuite1709001228373.run(TempTestSuite1709001228373.groovy:36)
	at java.base/jdk.internal.reflect.NativeMethodAccessorImpl.invoke0(Native Method)
	at java.base/jdk.internal.reflect.NativeMethodAccessorImpl.invoke(NativeMethodAccessorImpl.java:77)
	at java.base/jdk.internal.reflect.DelegatingMethodAccessorImpl.invoke(DelegatingMethodAccessorImpl.java:43)
Caused by: org.openqa.selenium.NoSuchSessionException: Tried to run command without establishing a connection
Build info: version: '3.141.59', revision: 'e82be7d358', time: '2018-11-14T08:25:53'
System info: host: 'LAPTOP-JTB6QV1G', ip: '10.10.13.20', os.name: 'Windows 11', os.arch: 'amd64', os.version: '10.0', java.version: '17.0.7'
Driver info: com.kms.katalon.core.webui.driver.firefox.CGeckoDriver
Capabilities {acceptInsecureCerts: true, browserName: firefox, browserVersion: 123.0, javascriptEnabled: true, moz:accessibilityChecks: false, moz:buildID: 20240213221259, moz:geckodriverVersion: 0.34.0, moz:headless: false, moz:platformVersion: 10.0, moz:processID: 28084, moz:profile: C:\Users\CLARIE~1\AppData\L..., moz:shutdownTimeout: 60000, moz:webdriverClick: true, moz:windowless: false, pageLoadStrategy: normal, platform: WINDOWS, platformName: WINDOWS, proxy: Proxy(direct), setWindowRect: true, strictFileInteractability: false, timeouts: {implicit: 0, pageLoad: 300000, script: 30000}, unhandledPromptBehavior: dismiss and notify}
Session ID: a993c5d0-b512-4e24-8bcb-cf8df65faa7c
	at java.base/jdk.internal.reflect.NativeConstructorAccessorImpl.newInstance0(Native Method)
	at java.base/jdk.internal.reflect.NativeConstructorAccessorImpl.newInstance(NativeConstructorAccessorImpl.java:77)
	at java.base/jdk.internal.reflect.DelegatingConstructorAccessorImpl.newInstance(DelegatingConstructorAccessorImpl.java:45)
	at org.openqa.selenium.remote.http.W3CHttpResponseCodec.createException(W3CHttpResponseCodec.java:187)
	at org.openqa.selenium.remote.http.W3CHttpResponseCodec.decode(W3CHttpResponseCodec.java:122)
	at org.openqa.selenium.remote.http.W3CHttpResponseCodec.decode(W3CHttpResponseCodec.java:49)
	at org.openqa.selenium.remote.HttpCommandExecutor.execute(HttpCommandExecutor.java:158)
	at org.openqa.selenium.remote.service.DriverCommandExecutor.execute(DriverCommandExecutor.java:83)
	at org.openqa.selenium.remote.RemoteWebDriver.execute(RemoteWebDriver.java:552)
	at com.kms.katalon.selenium.driver.CFirefoxDriver.execute(CFirefoxDriver.java:28)
	at org.openqa.selenium.remote.RemoteWebDriver.execute(RemoteWebDriver.java:609)
	at org.openqa.selenium.remote.RemoteWebDriver.quit(RemoteWebDriver.java:452)
	at java.base/jdk.internal.reflect.NativeMethodAccessorImpl.invoke0(Native Method)
	at java.base/jdk.internal.reflect.NativeMethodAccessorImpl.invoke(NativeMethodAccessorImpl.java:77)
	at java.base/jdk.internal.reflect.DelegatingMethodAccessorImpl.invoke(DelegatingMethodAccessorImpl.java:43)
	at org.openqa.selenium.support.events.EventFiringWebDriver.lambda$new$1(EventFiringWebDriver.java:105)
	at jdk.proxy2/jdk.proxy2.$Proxy23.quit(Unknown Source)
	at org.openqa.selenium.support.events.EventFiringWebDriver.quit(EventFiringWebDriver.java:211)
	at com.kms.katalon.core.webui.driver.DriverFactory.closeWebDriver(DriverFactory.java:1554)
	at com.kms.katalon.core.webui.driver.DriverFactory.startNewBrowser(DriverFactory.java:353)
	at com.kms.katalon.core.webui.driver.DriverFactory.openWebDriver(DriverFactory.java:266)
	at com.kms.katalon.core.webui.keyword.builtin.OpenBrowserKeyword$_openBrowser_closure1.doCall(OpenBrowserKeyword.groovy:74)
	at com.kms.katalon.core.webui.keyword.builtin.OpenBrowserKeyword$_openBrowser_closure1.call(OpenBrowserKeyword.groovy)
	at com.kms.katalon.core.webui.keyword.internal.WebUIKeywordMain.runKeyword(WebUIKeywordMain.groovy:20)
	at com.kms.katalon.core.webui.keyword.builtin.OpenBrowserKeyword.openBrowser(OpenBrowserKeyword.groovy:81)
	at com.kms.katalon.core.webui.keyword.builtin.OpenBrowserKeyword.execute(OpenBrowserKeyword.groovy:67)
	at com.kms.katalon.core.keyword.internal.KeywordExecutor.executeKeywordForPlatform(KeywordExecutor.groovy:74)
	at com.kms.katalon.core.webui.keyword.WebUiBuiltInKeywords.openBrowser(WebUiBuiltInKeywords.groovy:64)
	at Script1708048762648.run(Script1708048762648.groovy:38)
	at com.kms.katalon.core.main.ScriptEngine.run(ScriptEngine.java:194)
	at com.kms.katalon.core.main.ScriptEngine.runScriptAsRawText(ScriptEngine.java:119)
	at com.kms.katalon.core.main.TestCaseExecutor.runScript(TestCaseExecutor.java:448)
	at com.kms.katalon.core.main.TestCaseExecutor.doExecute(TestCaseExecutor.java:439)
	at com.kms.katalon.core.main.TestCaseExecutor.processExecutionPhase(TestCaseExecutor.java:418)
	at com.kms.katalon.core.main.TestCaseExecutor.accessMainPhase(TestCaseExecutor.java:410)
	at com.kms.katalon.core.main.TestCaseExecutor.execute(TestCaseExecutor.java:285)
	at com.kms.katalon.core.main.TestCaseMain.runTestCase(TestCaseMain.java:137)
	at com.kms.katalon.core.keyword.builtin.CallTestCaseKeyword$_callTestCase_closure1.doCall(CallTestCaseKeyword.groovy:59)
	at com.kms.katalon.core.keyword.builtin.CallTestCaseKeyword$_callTestCase_closure1.call(CallTestCaseKeyword.groovy)
	at com.kms.katalon.core.keyword.internal.KeywordMain.runKeyword(KeywordMain.groovy:75)
	at com.kms.katalon.core.keyword.builtin.CallTestCaseKeyword.callTestCase(CallTestCaseKeyword.groovy:81)
	at com.kms.katalon.core.keyword.builtin.CallTestCaseKeyword.execute(CallTestCaseKeyword.groovy:44)
	at com.kms.katalon.core.keyword.internal.KeywordExecutor.executeKeywordForPlatform(KeywordExecutor.groovy:74)
	at com.kms.katalon.core.keyword.BuiltinKeywords.callTestCase(BuiltinKeywords.groovy:310)
	at java.base/jdk.internal.reflect.NativeMethodAccessorImpl.invoke0(Native Method)
	at java.base/jdk.internal.reflect.NativeMethodAccessorImpl.invoke(NativeMethodAccessorImpl.java:77)
	at java.base/jdk.internal.reflect.DelegatingMethodAccessorImpl.invoke(DelegatingMethodAccessorImpl.java:43)
	at Script1708921536663.run(Script1708921536663.groovy:22)
	... 15 more
)

27-02-2024T09:39:42 - [MESSAGE][FAILED] - Unable to call Test Case 'Test Cases/me corp - aline/Login' (Root cause: com.kms.katalon.core.exception.StepFailedException: Call Test Case 'Test Cases/me corp - aline/Login' failed
	at com.kms.katalon.core.keyword.builtin.CallTestCaseKeyword$_callTestCase_closure1.doCall(CallTestCaseKeyword.groovy:63)
	at com.kms.katalon.core.keyword.builtin.CallTestCaseKeyword$_callTestCase_closure1.call(CallTestCaseKeyword.groovy)
	at com.kms.katalon.core.keyword.internal.KeywordMain.runKeyword(KeywordMain.groovy:75)
	at com.kms.katalon.core.keyword.builtin.CallTestCaseKeyword.callTestCase(CallTestCaseKeyword.groovy:81)
	at com.kms.katalon.core.keyword.builtin.CallTestCaseKeyword.execute(CallTestCaseKeyword.groovy:44)
	at com.kms.katalon.core.keyword.internal.KeywordExecutor.executeKeywordForPlatform(KeywordExecutor.groovy:74)
	at com.kms.katalon.core.keyword.BuiltinKeywords.callTestCase(BuiltinKeywords.groovy:310)
	at java.base/jdk.internal.reflect.NativeMethodAccessorImpl.invoke0(Native Method)
	at java.base/jdk.internal.reflect.NativeMethodAccessorImpl.invoke(NativeMethodAccessorImpl.java:77)
	at java.base/jdk.internal.reflect.DelegatingMethodAccessorImpl.invoke(DelegatingMethodAccessorImpl.java:43)
	at CallAllTestCase.run(CallAllTestCase:22)
	at com.kms.katalon.core.main.ScriptEngine.run(ScriptEngine.java:194)
	at com.kms.katalon.core.main.ScriptEngine.runScriptAsRawText(ScriptEngine.java:119)
	at com.kms.katalon.core.main.TestCaseExecutor.runScript(TestCaseExecutor.java:448)
	at com.kms.katalon.core.main.TestCaseExecutor.doExecute(TestCaseExecutor.java:439)
	at com.kms.katalon.core.main.TestCaseExecutor.processExecutionPhase(TestCaseExecutor.java:418)
	at com.kms.katalon.core.main.TestCaseExecutor.accessMainPhase(TestCaseExecutor.java:410)
	at com.kms.katalon.core.main.TestCaseExecutor.execute(TestCaseExecutor.java:285)
	at com.kms.katalon.core.common.CommonExecutor.accessTestCaseMainPhase(CommonExecutor.java:65)
	at com.kms.katalon.core.main.TestSuiteExecutor.accessTestSuiteMainPhase(TestSuiteExecutor.java:148)
	at com.kms.katalon.core.main.TestSuiteExecutor.execute(TestSuiteExecutor.java:106)
	at com.kms.katalon.core.main.TestCaseMain.startTestSuite(TestCaseMain.java:180)
	at TempTestSuite1709001228373.run(TempTestSuite1709001228373.groovy:36)
	at java.base/jdk.internal.reflect.NativeMethodAccessorImpl.invoke0(Native Method)
	at java.base/jdk.internal.reflect.NativeMethodAccessorImpl.invoke(NativeMethodAccessorImpl.java:77)
	at java.base/jdk.internal.reflect.DelegatingMethodAccessorImpl.invoke(DelegatingMethodAccessorImpl.java:43)
Caused by: com.kms.katalon.core.exception.StepFailedException: Unable to open browser with url: 'https://mecorporate.idofocus.co.id:25443/login'
	at com.kms.katalon.core.webui.keyword.internal.WebUIKeywordMain.stepFailed(WebUIKeywordMain.groovy:64)
	at com.kms.katalon.core.webui.keyword.internal.WebUIKeywordMain.runKeyword(WebUIKeywordMain.groovy:26)
	at com.kms.katalon.core.webui.keyword.builtin.OpenBrowserKeyword.openBrowser(OpenBrowserKeyword.groovy:81)
	at com.kms.katalon.core.webui.keyword.builtin.OpenBrowserKeyword.execute(OpenBrowserKeyword.groovy:67)
	at com.kms.katalon.core.keyword.internal.KeywordExecutor.executeKeywordForPlatform(KeywordExecutor.groovy:74)
	at com.kms.katalon.core.webui.keyword.WebUiBuiltInKeywords.openBrowser(WebUiBuiltInKeywords.groovy:64)
	at Login.run(Login:38)
	at com.kms.katalon.core.main.ScriptEngine.run(ScriptEngine.java:194)
	at com.kms.katalon.core.main.ScriptEngine.runScriptAsRawText(ScriptEngine.java:119)
	at com.kms.katalon.core.main.TestCaseExecutor.runScript(TestCaseExecutor.java:448)
	at com.kms.katalon.core.main.TestCaseExecutor.doExecute(TestCaseExecutor.java:439)
	at com.kms.katalon.core.main.TestCaseExecutor.processExecutionPhase(TestCaseExecutor.java:418)
	at com.kms.katalon.core.main.TestCaseExecutor.accessMainPhase(TestCaseExecutor.java:410)
	at com.kms.katalon.core.main.TestCaseExecutor.execute(TestCaseExecutor.java:285)
	at com.kms.katalon.core.main.TestCaseMain.runTestCase(TestCaseMain.java:137)
	at com.kms.katalon.core.keyword.builtin.CallTestCaseKeyword$_callTestCase_closure1.doCall(CallTestCaseKeyword.groovy:59)
	... 25 more
Caused by: org.openqa.selenium.NoSuchSessionException: Tried to run command without establishing a connection
Build info: version: '3.141.59', revision: 'e82be7d358', time: '2018-11-14T08:25:53'
System info: host: 'LAPTOP-JTB6QV1G', ip: '10.10.13.20', os.name: 'Windows 11', os.arch: 'amd64', os.version: '10.0', java.version: '17.0.7'
Driver info: com.kms.katalon.core.webui.driver.firefox.CGeckoDriver
Capabilities {acceptInsecureCerts: true, browserName: firefox, browserVersion: 123.0, javascriptEnabled: true, moz:accessibilityChecks: false, moz:buildID: 20240213221259, moz:geckodriverVersion: 0.34.0, moz:headless: false, moz:platformVersion: 10.0, moz:processID: 28084, moz:profile: C:\Users\CLARIE~1\AppData\L..., moz:shutdownTimeout: 60000, moz:webdriverClick: true, moz:windowless: false, pageLoadStrategy: normal, platform: WINDOWS, platformName: WINDOWS, proxy: Proxy(direct), setWindowRect: true, strictFileInteractability: false, timeouts: {implicit: 0, pageLoad: 300000, script: 30000}, unhandledPromptBehavior: dismiss and notify}
Session ID: a993c5d0-b512-4e24-8bcb-cf8df65faa7c
	at java.base/jdk.internal.reflect.NativeConstructorAccessorImpl.newInstance0(Native Method)
	at java.base/jdk.internal.reflect.NativeConstructorAccessorImpl.newInstance(NativeConstructorAccessorImpl.java:77)
	at java.base/jdk.internal.reflect.DelegatingConstructorAccessorImpl.newInstance(DelegatingConstructorAccessorImpl.java:45)
	at org.openqa.selenium.remote.http.W3CHttpResponseCodec.createException(W3CHttpResponseCodec.java:187)
	at org.openqa.selenium.remote.http.W3CHttpResponseCodec.decode(W3CHttpResponseCodec.java:122)
	at org.openqa.selenium.remote.http.W3CHttpResponseCodec.decode(W3CHttpResponseCodec.java:49)
	at org.openqa.selenium.remote.HttpCommandExecutor.execute(HttpCommandExecutor.java:158)
	at org.openqa.selenium.remote.service.DriverCommandExecutor.execute(DriverCommandExecutor.java:83)
	at org.openqa.selenium.remote.RemoteWebDriver.execute(RemoteWebDriver.java:552)
	at com.kms.katalon.selenium.driver.CFirefoxDriver.execute(CFirefoxDriver.java:28)
	at org.openqa.selenium.remote.RemoteWebDriver.execute(RemoteWebDriver.java:609)
	at org.openqa.selenium.remote.RemoteWebDriver.quit(RemoteWebDriver.java:452)
	at java.base/jdk.internal.reflect.NativeMethodAccessorImpl.invoke0(Native Method)
	at java.base/jdk.internal.reflect.NativeMethodAccessorImpl.invoke(NativeMethodAccessorImpl.java:77)
	at java.base/jdk.internal.reflect.DelegatingMethodAccessorImpl.invoke(DelegatingMethodAccessorImpl.java:43)
	at org.openqa.selenium.support.events.EventFiringWebDriver.lambda$new$1(EventFiringWebDriver.java:105)
	at jdk.proxy2/jdk.proxy2.$Proxy23.quit(Unknown Source)
	at org.openqa.selenium.support.events.EventFiringWebDriver.quit(EventFiringWebDriver.java:211)
	at com.kms.katalon.core.webui.driver.DriverFactory.closeWebDriver(DriverFactory.java:1554)
	at com.kms.katalon.core.webui.driver.DriverFactory.startNewBrowser(DriverFactory.java:353)
	at com.kms.katalon.core.webui.driver.DriverFactory.openWebDriver(DriverFactory.java:266)
	at com.kms.katalon.core.webui.keyword.builtin.OpenBrowserKeyword$_openBrowser_closure1.doCall(OpenBrowserKeyword.groovy:74)
	at com.kms.katalon.core.webui.keyword.builtin.OpenBrowserKeyword$_openBrowser_closure1.call(OpenBrowserKeyword.groovy)
	at com.kms.katalon.core.webui.keyword.internal.WebUIKeywordMain.runKeyword(WebUIKeywordMain.groovy:20)
	... 39 more
)]]></system-out>
         <system-err><![CDATA[27-02-2024T09:39:41 - [TEST_CASE][FAILED] - Test Cases/me corp - aline/CallAllTestCase: Test Cases/me corp - aline/CallAllTestCase FAILED.
Reason:
com.kms.katalon.core.exception.StepFailedException: Call Test Case 'Test Cases/me corp - aline/Login' failed
	at com.kms.katalon.core.keyword.builtin.CallTestCaseKeyword$_callTestCase_closure1.doCall(CallTestCaseKeyword.groovy:63)
	at com.kms.katalon.core.keyword.builtin.CallTestCaseKeyword$_callTestCase_closure1.call(CallTestCaseKeyword.groovy)
	at com.kms.katalon.core.keyword.internal.KeywordMain.runKeyword(KeywordMain.groovy:75)
	at com.kms.katalon.core.keyword.builtin.CallTestCaseKeyword.callTestCase(CallTestCaseKeyword.groovy:81)
	at com.kms.katalon.core.keyword.builtin.CallTestCaseKeyword.execute(CallTestCaseKeyword.groovy:44)
	at com.kms.katalon.core.keyword.internal.KeywordExecutor.executeKeywordForPlatform(KeywordExecutor.groovy:74)
	at com.kms.katalon.core.keyword.BuiltinKeywords.callTestCase(BuiltinKeywords.groovy:310)
	at java.base/jdk.internal.reflect.NativeMethodAccessorImpl.invoke0(Native Method)
	at java.base/jdk.internal.reflect.NativeMethodAccessorImpl.invoke(NativeMethodAccessorImpl.java:77)
	at java.base/jdk.internal.reflect.DelegatingMethodAccessorImpl.invoke(DelegatingMethodAccessorImpl.java:43)
	at CallAllTestCase.run(CallAllTestCase:22)
	at com.kms.katalon.core.main.ScriptEngine.run(ScriptEngine.java:194)
	at com.kms.katalon.core.main.ScriptEngine.runScriptAsRawText(ScriptEngine.java:119)
	at com.kms.katalon.core.main.TestCaseExecutor.runScript(TestCaseExecutor.java:448)
	at com.kms.katalon.core.main.TestCaseExecutor.doExecute(TestCaseExecutor.java:439)
	at com.kms.katalon.core.main.TestCaseExecutor.processExecutionPhase(TestCaseExecutor.java:418)
	at com.kms.katalon.core.main.TestCaseExecutor.accessMainPhase(TestCaseExecutor.java:410)
	at com.kms.katalon.core.main.TestCaseExecutor.execute(TestCaseExecutor.java:285)
	at com.kms.katalon.core.common.CommonExecutor.accessTestCaseMainPhase(CommonExecutor.java:65)
	at com.kms.katalon.core.main.TestSuiteExecutor.accessTestSuiteMainPhase(TestSuiteExecutor.java:148)
	at com.kms.katalon.core.main.TestSuiteExecutor.execute(TestSuiteExecutor.java:106)
	at com.kms.katalon.core.main.TestCaseMain.startTestSuite(TestCaseMain.java:180)
	at TempTestSuite1709001228373.run(TempTestSuite1709001228373.groovy:36)
	at java.base/jdk.internal.reflect.NativeMethodAccessorImpl.invoke0(Native Method)
	at java.base/jdk.internal.reflect.NativeMethodAccessorImpl.invoke(NativeMethodAccessorImpl.java:77)
	at java.base/jdk.internal.reflect.DelegatingMethodAccessorImpl.invoke(DelegatingMethodAccessorImpl.java:43)
Caused by: com.kms.katalon.core.exception.StepFailedException: Unable to open browser with url: 'https://mecorporate.idofocus.co.id:25443/login'
	at com.kms.katalon.core.webui.keyword.internal.WebUIKeywordMain.stepFailed(WebUIKeywordMain.groovy:64)
	at com.kms.katalon.core.webui.keyword.internal.WebUIKeywordMain.runKeyword(WebUIKeywordMain.groovy:26)
	at com.kms.katalon.core.webui.keyword.builtin.OpenBrowserKeyword.openBrowser(OpenBrowserKeyword.groovy:81)
	at com.kms.katalon.core.webui.keyword.builtin.OpenBrowserKeyword.execute(OpenBrowserKeyword.groovy:67)
	at com.kms.katalon.core.keyword.internal.KeywordExecutor.executeKeywordForPlatform(KeywordExecutor.groovy:74)
	at com.kms.katalon.core.webui.keyword.WebUiBuiltInKeywords.openBrowser(WebUiBuiltInKeywords.groovy:64)
	at Login.run(Login:38)
	at com.kms.katalon.core.main.ScriptEngine.run(ScriptEngine.java:194)
	at com.kms.katalon.core.main.ScriptEngine.runScriptAsRawText(ScriptEngine.java:119)
	at com.kms.katalon.core.main.TestCaseExecutor.runScript(TestCaseExecutor.java:448)
	at com.kms.katalon.core.main.TestCaseExecutor.doExecute(TestCaseExecutor.java:439)
	at com.kms.katalon.core.main.TestCaseExecutor.processExecutionPhase(TestCaseExecutor.java:418)
	at com.kms.katalon.core.main.TestCaseExecutor.accessMainPhase(TestCaseExecutor.java:410)
	at com.kms.katalon.core.main.TestCaseExecutor.execute(TestCaseExecutor.java:285)
	at com.kms.katalon.core.main.TestCaseMain.runTestCase(TestCaseMain.java:137)
	at com.kms.katalon.core.keyword.builtin.CallTestCaseKeyword$_callTestCase_closure1.doCall(CallTestCaseKeyword.groovy:59)
	... 25 more
Caused by: org.openqa.selenium.NoSuchSessionException: Tried to run command without establishing a connection
Build info: version: '3.141.59', revision: 'e82be7d358', time: '2018-11-14T08:25:53'
System info: host: 'LAPTOP-JTB6QV1G', ip: '10.10.13.20', os.name: 'Windows 11', os.arch: 'amd64', os.version: '10.0', java.version: '17.0.7'
Driver info: com.kms.katalon.core.webui.driver.firefox.CGeckoDriver
Capabilities {acceptInsecureCerts: true, browserName: firefox, browserVersion: 123.0, javascriptEnabled: true, moz:accessibilityChecks: false, moz:buildID: 20240213221259, moz:geckodriverVersion: 0.34.0, moz:headless: false, moz:platformVersion: 10.0, moz:processID: 28084, moz:profile: C:\Users\CLARIE~1\AppData\L..., moz:shutdownTimeout: 60000, moz:webdriverClick: true, moz:windowless: false, pageLoadStrategy: normal, platform: WINDOWS, platformName: WINDOWS, proxy: Proxy(direct), setWindowRect: true, strictFileInteractability: false, timeouts: {implicit: 0, pageLoad: 300000, script: 30000}, unhandledPromptBehavior: dismiss and notify}
Session ID: a993c5d0-b512-4e24-8bcb-cf8df65faa7c
	at java.base/jdk.internal.reflect.NativeConstructorAccessorImpl.newInstance0(Native Method)
	at java.base/jdk.internal.reflect.NativeConstructorAccessorImpl.newInstance(NativeConstructorAccessorImpl.java:77)
	at java.base/jdk.internal.reflect.DelegatingConstructorAccessorImpl.newInstance(DelegatingConstructorAccessorImpl.java:45)
	at org.openqa.selenium.remote.http.W3CHttpResponseCodec.createException(W3CHttpResponseCodec.java:187)
	at org.openqa.selenium.remote.http.W3CHttpResponseCodec.decode(W3CHttpResponseCodec.java:122)
	at org.openqa.selenium.remote.http.W3CHttpResponseCodec.decode(W3CHttpResponseCodec.java:49)
	at org.openqa.selenium.remote.HttpCommandExecutor.execute(HttpCommandExecutor.java:158)
	at org.openqa.selenium.remote.service.DriverCommandExecutor.execute(DriverCommandExecutor.java:83)
	at org.openqa.selenium.remote.RemoteWebDriver.execute(RemoteWebDriver.java:552)
	at com.kms.katalon.selenium.driver.CFirefoxDriver.execute(CFirefoxDriver.java:28)
	at org.openqa.selenium.remote.RemoteWebDriver.execute(RemoteWebDriver.java:609)
	at org.openqa.selenium.remote.RemoteWebDriver.quit(RemoteWebDriver.java:452)
	at java.base/jdk.internal.reflect.NativeMethodAccessorImpl.invoke0(Native Method)
	at java.base/jdk.internal.reflect.NativeMethodAccessorImpl.invoke(NativeMethodAccessorImpl.java:77)
	at java.base/jdk.internal.reflect.DelegatingMethodAccessorImpl.invoke(DelegatingMethodAccessorImpl.java:43)
	at org.openqa.selenium.support.events.EventFiringWebDriver.lambda$new$1(EventFiringWebDriver.java:105)
	at jdk.proxy2/jdk.proxy2.$Proxy23.quit(Unknown Source)
	at org.openqa.selenium.support.events.EventFiringWebDriver.quit(EventFiringWebDriver.java:211)
	at com.kms.katalon.core.webui.driver.DriverFactory.closeWebDriver(DriverFactory.java:1554)
	at com.kms.katalon.core.webui.driver.DriverFactory.startNewBrowser(DriverFactory.java:353)
	at com.kms.katalon.core.webui.driver.DriverFactory.openWebDriver(DriverFactory.java:266)
	at com.kms.katalon.core.webui.keyword.builtin.OpenBrowserKeyword$_openBrowser_closure1.doCall(OpenBrowserKeyword.groovy:74)
	at com.kms.katalon.core.webui.keyword.builtin.OpenBrowserKeyword$_openBrowser_closure1.call(OpenBrowserKeyword.groovy)
	at com.kms.katalon.core.webui.keyword.internal.WebUIKeywordMain.runKeyword(WebUIKeywordMain.groovy:20)
	... 39 more]]></system-err>
      </testcase>
      <system-out><![CDATA[27-02-2024T09:33:54 - [TEST_SUITE][FAILED] - scenario: Test Cases/me corp - aline/CallAllTestCase FAILED.
Reason:
com.kms.katalon.core.exception.StepFailedException: Call Test Case 'Test Cases/me corp - aline/Transaction/CollateralLoan-Information' failed
	at com.kms.katalon.core.keyword.builtin.CallTestCaseKeyword$_callTestCase_closure1.doCall(CallTestCaseKeyword.groovy:63)
	at com.kms.katalon.core.keyword.builtin.CallTestCaseKeyword$_callTestCase_closure1.call(CallTestCaseKeyword.groovy)
	at com.kms.katalon.core.keyword.internal.KeywordMain.runKeyword(KeywordMain.groovy:75)
	at com.kms.katalon.core.keyword.builtin.CallTestCaseKeyword.callTestCase(CallTestCaseKeyword.groovy:81)
	at com.kms.katalon.core.keyword.builtin.CallTestCaseKeyword.execute(CallTestCaseKeyword.groovy:44)
	at com.kms.katalon.core.keyword.internal.KeywordExecutor.executeKeywordForPlatform(KeywordExecutor.groovy:74)
	at com.kms.katalon.core.keyword.BuiltinKeywords.callTestCase(BuiltinKeywords.groovy:310)
	at java.base/jdk.internal.reflect.NativeMethodAccessorImpl.invoke0(Native Method)
	at java.base/jdk.internal.reflect.NativeMethodAccessorImpl.invoke(NativeMethodAccessorImpl.java:77)
	at java.base/jdk.internal.reflect.DelegatingMethodAccessorImpl.invoke(DelegatingMethodAccessorImpl.java:43)
	at CallAllTestCase.run(CallAllTestCase:26)
	at com.kms.katalon.core.main.ScriptEngine.run(ScriptEngine.java:194)
	at com.kms.katalon.core.main.ScriptEngine.runScriptAsRawText(ScriptEngine.java:119)
	at com.kms.katalon.core.main.TestCaseExecutor.runScript(TestCaseExecutor.java:448)
	at com.kms.katalon.core.main.TestCaseExecutor.doExecute(TestCaseExecutor.java:439)
	at com.kms.katalon.core.main.TestCaseExecutor.processExecutionPhase(TestCaseExecutor.java:418)
	at com.kms.katalon.core.main.TestCaseExecutor.accessMainPhase(TestCaseExecutor.java:410)
	at com.kms.katalon.core.main.TestCaseExecutor.execute(TestCaseExecutor.java:285)
	at com.kms.katalon.core.common.CommonExecutor.accessTestCaseMainPhase(CommonExecutor.java:65)
	at com.kms.katalon.core.main.TestSuiteExecutor.accessTestSuiteMainPhase(TestSuiteExecutor.java:148)
	at com.kms.katalon.core.main.TestSuiteExecutor.execute(TestSuiteExecutor.java:106)
	at com.kms.katalon.core.main.TestCaseMain.startTestSuite(TestCaseMain.java:180)
	at TempTestSuite1709001228373.run(TempTestSuite1709001228373.groovy:36)
	at java.base/jdk.internal.reflect.NativeMethodAccessorImpl.invoke0(Native Method)
	at java.base/jdk.internal.reflect.NativeMethodAccessorImpl.invoke(NativeMethodAccessorImpl.java:77)
	at java.base/jdk.internal.reflect.DelegatingMethodAccessorImpl.invoke(DelegatingMethodAccessorImpl.java:43)
Caused by: com.kms.katalon.core.exception.StepFailedException: Unable to click on object 'Object Repository/xpath_dynamic'
	at com.kms.katalon.core.webui.keyword.internal.WebUIKeywordMain.stepFailed(WebUIKeywordMain.groovy:64)
	at com.kms.katalon.core.webui.keyword.internal.WebUIKeywordMain.runKeyword(WebUIKeywordMain.groovy:26)
	at com.kms.katalon.core.webui.keyword.builtin.ClickKeyword.click(ClickKeyword.groovy:74)
	at com.kms.katalon.core.webui.keyword.builtin.ClickKeyword.execute(ClickKeyword.groovy:40)
	at com.kms.katalon.core.keyword.internal.KeywordExecutor.executeKeywordForPlatform(KeywordExecutor.groovy:74)
	at com.kms.katalon.core.webui.keyword.WebUiBuiltInKeywords.click(WebUiBuiltInKeywords.groovy:659)
	at CollateralLoan-Information.run(CollateralLoan-Information:118)
	at com.kms.katalon.core.main.ScriptEngine.run(ScriptEngine.java:194)
	at com.kms.katalon.core.main.ScriptEngine.runScriptAsRawText(ScriptEngine.java:119)
	at com.kms.katalon.core.main.TestCaseExecutor.runScript(TestCaseExecutor.java:448)
	at com.kms.katalon.core.main.TestCaseExecutor.doExecute(TestCaseExecutor.java:439)
	at com.kms.katalon.core.main.TestCaseExecutor.processExecutionPhase(TestCaseExecutor.java:418)
	at com.kms.katalon.core.main.TestCaseExecutor.accessMainPhase(TestCaseExecutor.java:410)
	at com.kms.katalon.core.main.TestCaseExecutor.execute(TestCaseExecutor.java:285)
	at com.kms.katalon.core.main.TestCaseMain.runTestCase(TestCaseMain.java:137)
	at com.kms.katalon.core.keyword.builtin.CallTestCaseKeyword$_callTestCase_closure1.doCall(CallTestCaseKeyword.groovy:59)
	... 25 more
Caused by: com.kms.katalon.core.webui.exception.WebElementNotFoundException: Web element with id: 'Object Repository/xpath_dynamic' located by '//*[text()='Vehicle' and @href='#tab-vehicle']' not found
	at com.kms.katalon.core.webui.common.WebUiCommonHelper.findWebElement(WebUiCommonHelper.java:1379)
	at com.kms.katalon.core.webui.keyword.internal.WebUIAbstractKeyword.findWebElement(WebUIAbstractKeyword.groovy:27)
	at com.kms.katalon.core.webui.keyword.builtin.ClickKeyword$_click_closure1.doCall(ClickKeyword.groovy:65)
	at com.kms.katalon.core.webui.keyword.builtin.ClickKeyword$_click_closure1.call(ClickKeyword.groovy)
	at com.kms.katalon.core.webui.keyword.internal.WebUIKeywordMain.runKeyword(WebUIKeywordMain.groovy:20)
	... 39 more]]></system-out>
      <system-err><![CDATA[27-02-2024T09:33:54 - [TEST_SUITE][FAILED] - scenario: Test Cases/me corp - aline/CallAllTestCase FAILED.
Reason:
com.kms.katalon.core.exception.StepFailedException: Call Test Case 'Test Cases/me corp - aline/Transaction/CollateralLoan-Information' failed
	at com.kms.katalon.core.keyword.builtin.CallTestCaseKeyword$_callTestCase_closure1.doCall(CallTestCaseKeyword.groovy:63)
	at com.kms.katalon.core.keyword.builtin.CallTestCaseKeyword$_callTestCase_closure1.call(CallTestCaseKeyword.groovy)
	at com.kms.katalon.core.keyword.internal.KeywordMain.runKeyword(KeywordMain.groovy:75)
	at com.kms.katalon.core.keyword.builtin.CallTestCaseKeyword.callTestCase(CallTestCaseKeyword.groovy:81)
	at com.kms.katalon.core.keyword.builtin.CallTestCaseKeyword.execute(CallTestCaseKeyword.groovy:44)
	at com.kms.katalon.core.keyword.internal.KeywordExecutor.executeKeywordForPlatform(KeywordExecutor.groovy:74)
	at com.kms.katalon.core.keyword.BuiltinKeywords.callTestCase(BuiltinKeywords.groovy:310)
	at java.base/jdk.internal.reflect.NativeMethodAccessorImpl.invoke0(Native Method)
	at java.base/jdk.internal.reflect.NativeMethodAccessorImpl.invoke(NativeMethodAccessorImpl.java:77)
	at java.base/jdk.internal.reflect.DelegatingMethodAccessorImpl.invoke(DelegatingMethodAccessorImpl.java:43)
	at CallAllTestCase.run(CallAllTestCase:26)
	at com.kms.katalon.core.main.ScriptEngine.run(ScriptEngine.java:194)
	at com.kms.katalon.core.main.ScriptEngine.runScriptAsRawText(ScriptEngine.java:119)
	at com.kms.katalon.core.main.TestCaseExecutor.runScript(TestCaseExecutor.java:448)
	at com.kms.katalon.core.main.TestCaseExecutor.doExecute(TestCaseExecutor.java:439)
	at com.kms.katalon.core.main.TestCaseExecutor.processExecutionPhase(TestCaseExecutor.java:418)
	at com.kms.katalon.core.main.TestCaseExecutor.accessMainPhase(TestCaseExecutor.java:410)
	at com.kms.katalon.core.main.TestCaseExecutor.execute(TestCaseExecutor.java:285)
	at com.kms.katalon.core.common.CommonExecutor.accessTestCaseMainPhase(CommonExecutor.java:65)
	at com.kms.katalon.core.main.TestSuiteExecutor.accessTestSuiteMainPhase(TestSuiteExecutor.java:148)
	at com.kms.katalon.core.main.TestSuiteExecutor.execute(TestSuiteExecutor.java:106)
	at com.kms.katalon.core.main.TestCaseMain.startTestSuite(TestCaseMain.java:180)
	at TempTestSuite1709001228373.run(TempTestSuite1709001228373.groovy:36)
	at java.base/jdk.internal.reflect.NativeMethodAccessorImpl.invoke0(Native Method)
	at java.base/jdk.internal.reflect.NativeMethodAccessorImpl.invoke(NativeMethodAccessorImpl.java:77)
	at java.base/jdk.internal.reflect.DelegatingMethodAccessorImpl.invoke(DelegatingMethodAccessorImpl.java:43)
Caused by: com.kms.katalon.core.exception.StepFailedException: Unable to click on object 'Object Repository/xpath_dynamic'
	at com.kms.katalon.core.webui.keyword.internal.WebUIKeywordMain.stepFailed(WebUIKeywordMain.groovy:64)
	at com.kms.katalon.core.webui.keyword.internal.WebUIKeywordMain.runKeyword(WebUIKeywordMain.groovy:26)
	at com.kms.katalon.core.webui.keyword.builtin.ClickKeyword.click(ClickKeyword.groovy:74)
	at com.kms.katalon.core.webui.keyword.builtin.ClickKeyword.execute(ClickKeyword.groovy:40)
	at com.kms.katalon.core.keyword.internal.KeywordExecutor.executeKeywordForPlatform(KeywordExecutor.groovy:74)
	at com.kms.katalon.core.webui.keyword.WebUiBuiltInKeywords.click(WebUiBuiltInKeywords.groovy:659)
	at CollateralLoan-Information.run(CollateralLoan-Information:118)
	at com.kms.katalon.core.main.ScriptEngine.run(ScriptEngine.java:194)
	at com.kms.katalon.core.main.ScriptEngine.runScriptAsRawText(ScriptEngine.java:119)
	at com.kms.katalon.core.main.TestCaseExecutor.runScript(TestCaseExecutor.java:448)
	at com.kms.katalon.core.main.TestCaseExecutor.doExecute(TestCaseExecutor.java:439)
	at com.kms.katalon.core.main.TestCaseExecutor.processExecutionPhase(TestCaseExecutor.java:418)
	at com.kms.katalon.core.main.TestCaseExecutor.accessMainPhase(TestCaseExecutor.java:410)
	at com.kms.katalon.core.main.TestCaseExecutor.execute(TestCaseExecutor.java:285)
	at com.kms.katalon.core.main.TestCaseMain.runTestCase(TestCaseMain.java:137)
	at com.kms.katalon.core.keyword.builtin.CallTestCaseKeyword$_callTestCase_closure1.doCall(CallTestCaseKeyword.groovy:59)
	... 25 more
Caused by: com.kms.katalon.core.webui.exception.WebElementNotFoundException: Web element with id: 'Object Repository/xpath_dynamic' located by '//*[text()='Vehicle' and @href='#tab-vehicle']' not found
	at com.kms.katalon.core.webui.common.WebUiCommonHelper.findWebElement(WebUiCommonHelper.java:1379)
	at com.kms.katalon.core.webui.keyword.internal.WebUIAbstractKeyword.findWebElement(WebUIAbstractKeyword.groovy:27)
	at com.kms.katalon.core.webui.keyword.builtin.ClickKeyword$_click_closure1.doCall(ClickKeyword.groovy:65)
	at com.kms.katalon.core.webui.keyword.builtin.ClickKeyword$_click_closure1.call(ClickKeyword.groovy)
	at com.kms.katalon.core.webui.keyword.internal.WebUIKeywordMain.runKeyword(WebUIKeywordMain.groovy:20)
	... 39 more]]></system-err>
   </testsuite>
</testsuites>
