<?xml version="1.0" encoding="UTF-8"?>
<testsuites name="MECORP" time="89.905" tests="2" failures="0" errors="0">
   <testsuite name="MECORP" tests="2" failures="0" errors="0" time="89.905" skipped="0" timestamp="2024-01-09 14:41:02" hostname="Jerry - DESKTOP-R03MSOE" id="Test Suites/MECORP/MECORP">
      <properties>
         <property name="deviceName" value=""/>
         <property name="devicePlatform" value=""/>
         <property name="logFolder" value="C:\\Users\\Jerry\\Katalon Studio\\me-corp-add-data\\Reports\\20240109_144038\\MECORP\\MECORP\\20240109_144039"/>
         <property name="logFiles" value="C:\\Users\\Jerry\\Katalon Studio\\me-corp-add-data\\Reports\\20240109_144038\\MECORP\\MECORP\\20240109_144039\\execution0.log"/>
         <property name="attachments" value="C:\Users\Jerry\Katalon Studio\me-corp-add-data\Screenshoot\Sprint2\Web\keyes\keyes-0-memilih-button-transaksi-dan-aplikasi-baru.png, C:\Users\Jerry\Katalon Studio\me-corp-add-data\Screenshoot\Sprint2\Web\keyes\keyes-0-input-badan-usaha.png, C:\Users\Jerry\Katalon Studio\me-corp-add-data\Screenshoot\Sprint2\Web\keyes\keyes-0-page-sebelum-input-capture.png, C:\Users\Jerry\Katalon Studio\me-corp-add-data\Screenshoot\Sprint2\Web\keyes\keyes-0data-telah-dimasukan-npwp.png, C:\Users\Jerry\Katalon Studio\me-corp-add-data\Screenshoot\Sprint2\Web\keyes\keyes-0-Capture-npwp-siup-tdp.png, C:\Users\Jerry\Katalon Studio\me-corp-add-data\Screenshoot\Sprint2\Web\keyes\keyes-0-Memilih-Radio-Button-Perubahan-Data.png, C:\Users\Jerry\Katalon Studio\me-corp-add-data\Screenshoot\Sprint2\Web\keyes\keyes-0-Masuk-aplikasi-matching.png, C:\Users\Jerry\Katalon Studio\me-corp-add-data\Screenshoot\Sprint4\Web\keyes\keyes-scenario-1-Berhasil-dilakukan-inisiasi-konsumen-baru.png"/>
         <property name="hostName" value="Jerry - DESKTOP-R03MSOE"/>
         <property name="os" value="Windows 10 64bit"/>
         <property name="katalonVersion" value="8.6.6.208"/>
         <property name="browser" value="Firefox 121.0"/>
         <property name="hostAddress" value="192.168.136.1"/>
         <property name="sessionId" value="4b5962b0-da54-486f-b4f7-02158a88c349"/>
         <property name="seleniumVersion" value="3.141.59"/>
         <property name="proxyInformation" value="ProxyInformation { proxyOption=NO_PROXY, proxyServerType=HTTP, username=, password=********, proxyServerAddress=, proxyServerPort=0, executionList=&quot;&quot;, isApplyToDesiredCapabilities=true }"/>
         <property name="platform" value="Windows 10"/>
      </properties>
      <testcase name="Test Cases/me corp/Login" time="10.537" classname="Test Cases/me corp/Login" status="PASSED">
         <system-out><![CDATA[2024-01-09 14:41:03 - [TEST_CASE][PASSED] - Test Cases/me corp/Login: Test Cases/me corp/Login

2024-01-09 14:41:03 - [TEST_STEP][PASSED] - username = <not implemented yet for class: org.codehaus.groovy.ast.expr.EmptyExpression>: null

2024-01-09 14:41:03 - [TEST_STEP][PASSED] - password = "Mobile123+": null

2024-01-09 14:41:03 - [TEST_STEP][PASSED] - switch (role): null

2024-01-09 14:41:03 - [TEST_STEP][PASSED] - case "cmo":: null

2024-01-09 14:41:03 - [TEST_STEP][PASSED] - username = CMO: null

2024-01-09 14:41:04 - [TEST_STEP][PASSED] - break: null

2024-01-09 14:41:04 - [TEST_STEP][PASSED] - openBrowser(""): Browser is opened with url: ''

2024-01-09 14:41:05 - [MESSAGE][INFO] - Starting 'Firefox' driver

2024-01-09 14:41:05 - [MESSAGE][INFO] - Action delay is set to 0 milliseconds

2024-01-09 14:41:10 - [MESSAGE][PASSED] - Browser is opened with url: ''

2024-01-09 14:41:10 - [TEST_STEP][PASSED] - navigateToUrl(ME_url): Navigate to 'https://mecorporate.idofocus.co.id:25443/login' successfully

2024-01-09 14:41:11 - [MESSAGE][PASSED] - Navigate to 'https://mecorporate.idofocus.co.id:25443/login' successfully

2024-01-09 14:41:11 - [TEST_STEP][PASSED] - maximizeWindow(): Current window maximized

2024-01-09 14:41:11 - [MESSAGE][PASSED] - Current window maximized

2024-01-09 14:41:11 - [TEST_STEP][PASSED] - setText(findTestObject("MEApp_AppBaru_InisiasiKonsumen/input_User ID_login"), username): Text '20160535' is set on object 'Object Repository/MEApp_AppBaru_InisiasiKonsumen/input_User ID_login'

2024-01-09 14:41:12 - [MESSAGE][PASSED] - Text '20160535' is set on object 'Object Repository/MEApp_AppBaru_InisiasiKonsumen/input_User ID_login'

2024-01-09 14:41:12 - [TEST_STEP][PASSED] - setText(findTestObject("MEApp_AppBaru_InisiasiKonsumen/input_User Password_login"), password): Text 'Mobile123+' is set on object 'Object Repository/MEApp_AppBaru_InisiasiKonsumen/input_User Password_login'

2024-01-09 14:41:13 - [MESSAGE][PASSED] - Text 'Mobile123+' is set on object 'Object Repository/MEApp_AppBaru_InisiasiKonsumen/input_User Password_login'

2024-01-09 14:41:13 - [TEST_STEP][PASSED] - click(findTestObject("MEApp_AppBaru_InisiasiKonsumen/button_Login")): Object: 'Object Repository/MEApp_AppBaru_InisiasiKonsumen/button_Login' is clicked on

2024-01-09 14:41:13 - [MESSAGE][PASSED] - Object: 'Object Repository/MEApp_AppBaru_InisiasiKonsumen/button_Login' is clicked on]]></system-out>
         <system-err><![CDATA[]]></system-err>
      </testcase>
      <testcase name="Test Cases/me corp/inisiasi" time="78.904" classname="Test Cases/me corp/inisiasi" status="PASSED">
         <system-out><![CDATA[2024-01-09 14:41:13 - [TEST_CASE][PASSED] - Test Cases/me corp/inisiasi: Test Cases/me corp/inisiasi

2024-01-09 14:41:14 - [TEST_STEP][PASSED] - robot = new java.awt.Robot(): null

2024-01-09 14:41:14 - [TEST_STEP][PASSED] - driver = getWebDriver(): null

2024-01-09 14:41:14 - [TEST_STEP][PASSED] - userDir = getProjectDir(): null

2024-01-09 14:41:14 - [TEST_STEP][PASSED] - ssDir = userDir + sprint2WebScreenshotPath: null

2024-01-09 14:41:14 - [TEST_STEP][PASSED] - click(findTestObject("MEApp_AppBaru_InisiasiKonsumen/span_Transaksi")): Object: 'Object Repository/MEApp_AppBaru_InisiasiKonsumen/span_Transaksi' is clicked on

2024-01-09 14:41:15 - [MESSAGE][PASSED] - Object: 'Object Repository/MEApp_AppBaru_InisiasiKonsumen/span_Transaksi' is clicked on

2024-01-09 14:41:15 - [TEST_STEP][PASSED] - click(findTestObject("MEApp_AppBaru_InisiasiKonsumen/span_Aplikasi Baru")): Object: 'Object Repository/MEApp_AppBaru_InisiasiKonsumen/span_Aplikasi Baru' is clicked on

2024-01-09 14:41:16 - [MESSAGE][PASSED] - Object: 'Object Repository/MEApp_AppBaru_InisiasiKonsumen/span_Aplikasi Baru' is clicked on

2024-01-09 14:41:16 - [TEST_STEP][PASSED] - takeFullPageScreenshotAsCheckpoint(ssDir + matrix + "-memilih-button-transaksi-dan-aplikasi-baru.png"): Taking screenshot successfully

2024-01-09 14:41:16 - [MESSAGE][INFO] - 0 hidden object(s)

2024-01-09 14:41:16 - [MESSAGE][PASSED] - Taking screenshot successfully
[[ATTACHMENT|C:\Users\Jerry\Katalon Studio\me-corp-add-data\Screenshoot\Sprint2\Web\keyes\keyes-0-memilih-button-transaksi-dan-aplikasi-baru.png]]

2024-01-09 14:41:16 - [TEST_STEP][PASSED] - if (tipeKonsumen == "Perorangan"): Object: 'Object Repository/MEApp_AppBaru_InisiasiKonsumen/input_perorangan_radios-apptype' is clicked on

2024-01-09 14:41:16 - [TEST_STEP][PASSED] - click(findTestObject("MEApp_AppBaru_InisiasiKonsumen/input_perorangan_radios-apptype")): Object: 'Object Repository/MEApp_AppBaru_InisiasiKonsumen/input_perorangan_radios-apptype' is clicked on

2024-01-09 14:41:17 - [MESSAGE][PASSED] - Object: 'Object Repository/MEApp_AppBaru_InisiasiKonsumen/input_perorangan_radios-apptype' is clicked on

2024-01-09 14:41:17 - [TEST_STEP][PASSED] - click(findTestObject("MEApp_AppBaru_InisiasiKonsumen/input-badanusaha")): Object: 'Object Repository/MEApp_AppBaru_InisiasiKonsumen/input-badanusaha' is clicked on

2024-01-09 14:41:17 - [MESSAGE][PASSED] - Object: 'Object Repository/MEApp_AppBaru_InisiasiKonsumen/input-badanusaha' is clicked on

2024-01-09 14:41:17 - [TEST_STEP][PASSED] - setText(findTestObject("MEApp_AppBaru_InisiasiKonsumen/input-badanusaha"), "Perseroan Terbatas"): Text 'Perseroan Terbatas' is set on object 'Object Repository/MEApp_AppBaru_InisiasiKonsumen/input-badanusaha'

2024-01-09 14:41:18 - [MESSAGE][PASSED] - Text 'Perseroan Terbatas' is set on object 'Object Repository/MEApp_AppBaru_InisiasiKonsumen/input-badanusaha'

2024-01-09 14:41:18 - [TEST_STEP][PASSED] - takeFullPageScreenshotAsCheckpoint(ssDir + matrix + "-input-badan-usaha.png"): Taking screenshot successfully

2024-01-09 14:41:18 - [MESSAGE][INFO] - 0 hidden object(s)

2024-01-09 14:41:19 - [MESSAGE][PASSED] - Taking screenshot successfully
[[ATTACHMENT|C:\Users\Jerry\Katalon Studio\me-corp-add-data\Screenshoot\Sprint2\Web\keyes\keyes-0-input-badan-usaha.png]]

2024-01-09 14:41:19 - [TEST_STEP][PASSED] - click(findTestObject("MEApp_AppBaru_InisiasiKonsumen/span_Perseroan Terbatas ( PT. , NV. , LTD. )")): Object: 'Object Repository/MEApp_AppBaru_InisiasiKonsumen/span_Perseroan Terbatas ( PT. , NV. , LTD. )' is clicked on

2024-01-09 14:41:19 - [MESSAGE][PASSED] - Object: 'Object Repository/MEApp_AppBaru_InisiasiKonsumen/span_Perseroan Terbatas ( PT. , NV. , LTD. )' is clicked on

2024-01-09 14:41:19 - [TEST_STEP][PASSED] - takeFullPageScreenshotAsCheckpoint(ssDir + matrix + "-page-sebelum-input-capture.png"): Taking screenshot successfully

2024-01-09 14:41:20 - [MESSAGE][INFO] - 0 hidden object(s)

2024-01-09 14:41:20 - [MESSAGE][PASSED] - Taking screenshot successfully
[[ATTACHMENT|C:\Users\Jerry\Katalon Studio\me-corp-add-data\Screenshoot\Sprint2\Web\keyes\keyes-0-page-sebelum-input-capture.png]]

2024-01-09 14:41:20 - [TEST_STEP][PASSED] - click(findTestObject("MEApp_AppBaru_InisiasiKonsumen/button_Capture_npwp")): Object: 'Object Repository/MEApp_AppBaru_InisiasiKonsumen/button_Capture_npwp' is clicked on

2024-01-09 14:41:20 - [MESSAGE][PASSED] - Object: 'Object Repository/MEApp_AppBaru_InisiasiKonsumen/button_Capture_npwp' is clicked on

2024-01-09 14:41:20 - [TEST_STEP][PASSED] - npwpPath = userDir + pathNPWP: null

2024-01-09 14:41:20 - [TEST_STEP][PASSED] - siupPath = userDir + pathSIUP: null

2024-01-09 14:41:20 - [TEST_STEP][PASSED] - tdpPath = userDir + pathTDP: null

2024-01-09 14:41:20 - [TEST_STEP][PASSED] - npwpPath = npwpPath.replace("/", "\"): null

2024-01-09 14:41:20 - [TEST_STEP][PASSED] - siupPath = siupPath.replace("/", "\"): null

2024-01-09 14:41:20 - [TEST_STEP][PASSED] - tdpPath = tdpPath.replace("/", "\"): null

2024-01-09 14:41:20 - [TEST_STEP][PASSED] - popup.popup.uploadFile(findTestObject("Object Repository/MEApp_AppBaru_InisiasiKonsumen/Page_Mobile Entry - BCAF/button_Local File"), npwpPath): popup.popup.uploadFile is PASSED

2024-01-09 14:41:22 - [MESSAGE][PASSED] - Object: 'Object Repository/MEApp_AppBaru_InisiasiKonsumen/Page_Mobile Entry - BCAF/button_Local File' is clicked on

2024-01-09 14:41:22 - [MESSAGE][PASSED] - Delayed 0.5 second(s)

2024-01-09 14:41:22 - [MESSAGE][PASSED] - popup.popup.uploadFile is PASSED

2024-01-09 14:41:22 - [TEST_STEP][PASSED] - waitForElementPresent(findTestObject("MEApp_AppBaru_InisiasiKonsumen/button_NPWP"), 0): Object 'Object Repository/MEApp_AppBaru_InisiasiKonsumen/button_NPWP' is present

2024-01-09 14:41:22 - [MESSAGE][WARNING] - Timeout '0' is invalid. Using default page load timeout: '30'

2024-01-09 14:41:46 - [MESSAGE][PASSED] - Object 'Object Repository/MEApp_AppBaru_InisiasiKonsumen/button_NPWP' is present

2024-01-09 14:41:46 - [TEST_STEP][PASSED] - setText(findTestObject("MEApp_AppBaru_InisiasiKonsumen/input_NPWP No fix"), npwp): Text '1222223334556' is set on object 'Object Repository/MEApp_AppBaru_InisiasiKonsumen/input_NPWP No fix'

2024-01-09 14:41:46 - [MESSAGE][PASSED] - Text '1222223334556' is set on object 'Object Repository/MEApp_AppBaru_InisiasiKonsumen/input_NPWP No fix'

2024-01-09 14:41:46 - [TEST_STEP][PASSED] - setText(findTestObject("MEApp_AppBaru_InisiasiKonsumen/input_Name fix"), nama): Text 'Tester1' is set on object 'Object Repository/MEApp_AppBaru_InisiasiKonsumen/input_Name fix'

2024-01-09 14:41:47 - [MESSAGE][PASSED] - Text 'Tester1' is set on object 'Object Repository/MEApp_AppBaru_InisiasiKonsumen/input_Name fix'

2024-01-09 14:41:47 - [TEST_STEP][PASSED] - takeFullPageScreenshotAsCheckpoint(ssDir + matrix + "data-telah-dimasukan-npwp.png"): Taking screenshot successfully

2024-01-09 14:41:47 - [MESSAGE][INFO] - 0 hidden object(s)

2024-01-09 14:41:48 - [MESSAGE][PASSED] - Taking screenshot successfully
[[ATTACHMENT|C:\Users\Jerry\Katalon Studio\me-corp-add-data\Screenshoot\Sprint2\Web\keyes\keyes-0data-telah-dimasukan-npwp.png]]

2024-01-09 14:41:48 - [TEST_STEP][PASSED] - click(findTestObject("MEApp_AppBaru_InisiasiKonsumen/button_Capture_siupfix")): Object: 'Object Repository/MEApp_AppBaru_InisiasiKonsumen/button_Capture_siupfix' is clicked on

2024-01-09 14:41:49 - [MESSAGE][PASSED] - Object: 'Object Repository/MEApp_AppBaru_InisiasiKonsumen/button_Capture_siupfix' is clicked on

2024-01-09 14:41:49 - [TEST_STEP][PASSED] - popup.popup.uploadFile(findTestObject("Object Repository/MEApp_AppBaru_InisiasiKonsumen/Page_Mobile Entry - BCAF/button_Local File"), siupPath): popup.popup.uploadFile is PASSED

2024-01-09 14:41:50 - [MESSAGE][PASSED] - Object: 'Object Repository/MEApp_AppBaru_InisiasiKonsumen/Page_Mobile Entry - BCAF/button_Local File' is clicked on

2024-01-09 14:41:51 - [MESSAGE][PASSED] - Delayed 0.5 second(s)

2024-01-09 14:41:51 - [MESSAGE][PASSED] - popup.popup.uploadFile is PASSED

2024-01-09 14:41:51 - [TEST_STEP][PASSED] - click(findTestObject("MEApp_AppBaru_InisiasiKonsumen/button_Capture_TDP")): Object: 'Object Repository/MEApp_AppBaru_InisiasiKonsumen/button_Capture_TDP' is clicked on

2024-01-09 14:41:51 - [MESSAGE][PASSED] - Object: 'Object Repository/MEApp_AppBaru_InisiasiKonsumen/button_Capture_TDP' is clicked on

2024-01-09 14:41:51 - [TEST_STEP][PASSED] - popup.popup.uploadFile(findTestObject("Object Repository/MEApp_AppBaru_InisiasiKonsumen/Page_Mobile Entry - BCAF/button_Local File"), tdpPath): popup.popup.uploadFile is PASSED

2024-01-09 14:42:20 - [MESSAGE][PASSED] - Object: 'Object Repository/MEApp_AppBaru_InisiasiKonsumen/Page_Mobile Entry - BCAF/button_Local File' is clicked on

2024-01-09 14:42:21 - [MESSAGE][PASSED] - Delayed 0.5 second(s)

2024-01-09 14:42:21 - [MESSAGE][PASSED] - popup.popup.uploadFile is PASSED

2024-01-09 14:42:21 - [TEST_STEP][PASSED] - takeFullPageScreenshotAsCheckpoint(ssDir + matrix + "-Capture-npwp-siup-tdp.png"): Taking screenshot successfully

2024-01-09 14:42:22 - [MESSAGE][INFO] - 0 hidden object(s)

2024-01-09 14:42:22 - [MESSAGE][PASSED] - Taking screenshot successfully
[[ATTACHMENT|C:\Users\Jerry\Katalon Studio\me-corp-add-data\Screenshoot\Sprint2\Web\keyes\keyes-0-Capture-npwp-siup-tdp.png]]

2024-01-09 14:42:22 - [TEST_STEP][PASSED] - if (isPerubahanData == "ya"): null

2024-01-09 14:42:22 - [TEST_STEP][PASSED] - else: Object: 'Object Repository/MEApp_AppBaru_InisiasiKonsumen/input_Ada Perubahan Data Tidak' is clicked on

2024-01-09 14:42:22 - [TEST_STEP][PASSED] - click(findTestObject("MEApp_AppBaru_InisiasiKonsumen/input_Ada Perubahan Data Tidak")): Object: 'Object Repository/MEApp_AppBaru_InisiasiKonsumen/input_Ada Perubahan Data Tidak' is clicked on

2024-01-09 14:42:23 - [MESSAGE][PASSED] - Object: 'Object Repository/MEApp_AppBaru_InisiasiKonsumen/input_Ada Perubahan Data Tidak' is clicked on

2024-01-09 14:42:23 - [TEST_STEP][PASSED] - takeFullPageScreenshotAsCheckpoint(ssDir + matrix + "-Memilih-Radio-Button-Perubahan-Data.png"): Taking screenshot successfully

2024-01-09 14:42:23 - [MESSAGE][INFO] - 0 hidden object(s)

2024-01-09 14:42:23 - [MESSAGE][PASSED] - Taking screenshot successfully
[[ATTACHMENT|C:\Users\Jerry\Katalon Studio\me-corp-add-data\Screenshoot\Sprint2\Web\keyes\keyes-0-Memilih-Radio-Button-Perubahan-Data.png]]

2024-01-09 14:42:23 - [TEST_STEP][PASSED] - click(findTestObject("MEApp_AppBaru_InisiasiKonsumen/button_Prosesfix")): Object: 'Object Repository/MEApp_AppBaru_InisiasiKonsumen/button_Prosesfix' is clicked on

2024-01-09 14:42:24 - [MESSAGE][PASSED] - Object: 'Object Repository/MEApp_AppBaru_InisiasiKonsumen/button_Prosesfix' is clicked on

2024-01-09 14:42:24 - [TEST_STEP][PASSED] - waitForElementPresent(findTestObject("MEApp_AppBaru_InisiasiKonsumen/AplikasiBaruMatching"), 300): Object 'Object Repository/MEApp_AppBaru_InisiasiKonsumen/AplikasiBaruMatching' is present

2024-01-09 14:42:28 - [MESSAGE][PASSED] - Object 'Object Repository/MEApp_AppBaru_InisiasiKonsumen/AplikasiBaruMatching' is present

2024-01-09 14:42:28 - [TEST_STEP][PASSED] - takeFullPageScreenshotAsCheckpoint(ssDir + matrix + "-Masuk-aplikasi-matching.png"): Taking screenshot successfully

2024-01-09 14:42:29 - [MESSAGE][INFO] - 0 hidden object(s)

2024-01-09 14:42:29 - [MESSAGE][PASSED] - Taking screenshot successfully
[[ATTACHMENT|C:\Users\Jerry\Katalon Studio\me-corp-add-data\Screenshoot\Sprint2\Web\keyes\keyes-0-Masuk-aplikasi-matching.png]]

2024-01-09 14:42:29 - [TEST_STEP][PASSED] - delay(3): Delayed 3 second(s)

2024-01-09 14:42:32 - [MESSAGE][PASSED] - Delayed 3 second(s)

2024-01-09 14:42:32 - [TEST_STEP][PASSED] - takeFullPageScreenshotAsCheckpoint(userDir + sprint4WebScreenshootPath + "scenario-1-Berhasil-dilakukan-inisiasi-konsumen-baru.png"): Taking screenshot successfully

2024-01-09 14:42:32 - [MESSAGE][INFO] - 0 hidden object(s)

2024-01-09 14:42:32 - [MESSAGE][PASSED] - Taking screenshot successfully
[[ATTACHMENT|C:\Users\Jerry\Katalon Studio\me-corp-add-data\Screenshoot\Sprint4\Web\keyes\keyes-scenario-1-Berhasil-dilakukan-inisiasi-konsumen-baru.png]]]]></system-out>
         <system-err><![CDATA[]]></system-err>
      </testcase>
      <system-out><![CDATA[2024-01-09 14:41:02 - [TEST_SUITE][PASSED] - MECORP: Test Cases/me corp/inisiasi]]></system-out>
      <system-err><![CDATA[]]></system-err>
   </testsuite>
</testsuites>
